        0.00 - Step 1: parse input

++++++++++++++++++++++++++++ parameter +++++++++++++++++++++++++++++++++

# variables: 128
# guess: 40

 preset guess [40]:  k4 k22 k25 k35 k36 k37 k46 k52 k61 k62 k63 k64 k65 k66 k67 k68 k69 k70 k71 k72 k74 k75 k76 k77 k78 k79 k80 k81 k82 k83 k84 k85 k86 k87 k90 k91 k97 k98 k106 k118

Gurobi threads: 64

Dirname: superpolys

2022-02-21-20:31:37

++++++++++++++++++++++++++++++++++++++++++++++++++++++++++++++++++++++++

        0.00 - Step 2: build model
Set parameter Username
Academic license - for non-commercial use only - expires 2022-06-20
Set parameter Threads to value 64
Set parameter MIPFocus to value 3
eq 0 balanced bits: [k1 k60]
eq 1 balanced bits: [k18 k28 k87]
eq 2 balanced bits: [k11 k38] <== {k36 k37}
eq 3 balanced bits: [k14 k41] <== {k39 k40}
eq 4 balanced bits: [k15 k42] <== {k40 k41}
eq 5 balanced bits: [k16 k43] <== {k41 k42}
eq 6 balanced bits: [k17 k44] <== {k42 k43}
eq 7 balanced bits: [k27 k54] <== {k52 k53}
eq 8 balanced bits: [k28 k55] <== {k53 k54}
eq 9 balanced bits: [k38 k65] <== {k63 k64}
eq 10 balanced bits: [k39 k66] <== {k64 k65}
eq 11 balanced bits: [k40 k67] <== {k65 k66}
eq 12 balanced bits: [k41 k68] <== {k66 k67}
eq 13 balanced bits: [k48 k75] <== {k73 k74}
eq 14 balanced bits: [k53 k80] <== {k78 k79}
eq 15 balanced bits: [k54 k81] <== {k79 k80}
eq 16 balanced bits: [k55 k82] <== {k80 k81}
eq 17 balanced bits: [k56 k83] <== {k81 k82}
eq 18 balanced bits: [k57 k84] <== {k82 k83}
eq 19 balanced bits: [k58 k85] <== {k83 k84}
eq 20 balanced bits: [k59 k86] <== {k84 k85}
eq 21 balanced bits: [k60 k87] <== {k85 k86}
eq 22 balanced bits: [k61 k88] <== {k86 k87}
eq 23 balanced bits: [k21 k63 k122] <== {k19 k20}
eq 24 balanced bits: [k22 k64 k123] <== {k20 k21}
eq 25 balanced bits: [k23 k65 k124] <== {k21 k22}
eq 26 balanced bits: [k24 k66 k125] <== {k22 k23}
eq 27 balanced bits: [k26 k68 k127] <== {k24 k25}
eq 28 balanced bits: [k47 k84 k116] <== {k82 k83}
eq 29 balanced bits: [k31 k58] <== {k56 k57 k59 k84 k85 k86}
eq 30 balanced bits: [k65 k92] <== {k41 k66 k67 k68 k90 k91}
eq 31 balanced bits: [k43 k70] <== {k55 k68 k69 k80 k81 k82}
eq 32 balanced bits: [k43 k70] <== {k59 k68 k69 k84 k85 k86}
eq 33 balanced bits: [k65 k92] <== {k59 k84 k85 k86 k90 k91}
eq 34 balanced bits: [k65 k92] <== {k61 k86 k87 k88 k90 k91}
eq 35 balanced bits: [k29 k56] <== {k24 k25 k26 k54 k55 k68 k127}
eq 36 balanced bits: [k3 k62] <== {k59 k61 k84 k85 k86 k87 k88}
eq 37 balanced bits: [k46 k73] <== {k59 k60 k71 k72 k84 k85 k86 k87}
eq 38 balanced bits: [k45 k55 k114] <== {k16 k40 k41 k42 k43 k65 k66 k67}
eq 39 balanced bits: [k45 k55 k114] <== {k16 k41 k42 k43 k54 k79 k80 k81}
eq 40 balanced bits: [k46 k56 k115] <== {k41 k59 k66 k67 k68 k84 k85 k86}
eq 41 balanced bits: [k43 k70] <== {k11 k36 k37 k38 k60 k68 k69 k85 k86 k87}
eq 42 balanced bits: [k12 k39] <== {k37 k38 k42 k58 k67 k68 k69 k83 k84 k85}
eq 43 balanced bits: [k45 k82 k114] <== {k15 k40 k41 k42 k53 k78 k79 k80 k81}
eq 44 balanced bits: [k29 k56] <== {k53 k54 k55 k65 k78 k79 k80 k90 k91 k92}
eq 45 balanced bits: [k45 k114] <== {k12 k14 k28 k37 k38 k39 k40 k41 k53 k54 k55}
eq 46 balanced bits: [k23 k50] <== {k14 k15 k16 k48 k49 k57 k58 k82 k83 k84 k117}
eq 47 balanced bits: [k45 k72] <== {k15 k40 k41 k42 k59 k60 k70 k71 k84 k85 k86 k87}
eq 48 balanced bits: [k45 k72] <== {k15 k40 k41 k42 k60 k61 k70 k71 k85 k86 k87 k88}
eq 49 balanced bits: [k43 k70] <== {k24 k25 k26 k60 k61 k68 k69 k85 k86 k87 k88 k127}
eq 50 balanced bits: [k24 k34 k83 k93] <== {k15 k17 k40 k41 k42 k43 k44 k59 k84 k85 k86}
eq 51 balanced bits: [k42] <== {k22 k44 k47 k48 k49 k64 k67 k68 k69 k70 k71 k89 k90 k91}
eq 52 balanced bits: [k42 k69] <== {k26 k40 k51 k52 k53 k57 k65 k66 k67 k68 k82 k83 k84}
eq 53 balanced bits: [k30] <== {k16 k41 k42 k43 k55 k56 k57 k58 k59 k81 k82 k83 k84 k85 k86}
eq 54 balanced bits: [k42 k69] <== {k28 k40 k53 k54 k55 k56 k65 k66 k67 k68 k79 k80 k81 k82 k83}
eq 55 balanced bits: [k13] <== {k38 k39 k40 k41 k53 k59 k64 k65 k66 k67 k68 k78 k79 k80 k84 k85 k86}
eq 56 balanced bits: [k29 k56] <== {k39 k54 k55 k59 k61 k64 k65 k66 k80 k81 k82 k84 k85 k86 k87 k88}
eq 57 balanced bits: [k29 k56] <== {k27 k51 k52 k53 k54 k55 k61 k65 k76 k77 k78 k86 k87 k88 k90 k91 k92}
eq 58 balanced bits: [k47 k74] <== {k39 k53 k61 k64 k65 k66 k72 k73 k78 k79 k80 k86 k87 k88 k90 k91 k92}
eq 59 balanced bits: [k42 k69] <== {k40 k50 k54 k60 k65 k66 k67 k68 k75 k76 k77 k79 k80 k81 k85 k86 k87}
eq 60 balanced bits: [k12 k39] <== {k10 k16 k23 k24 k25 k35 k36 k37 k38 k41 k42 k43 k52 k67 k77 k78 k79 k126}
eq 61 balanced bits: [k45 k114] <== {k17 k27 k29 k42 k43 k44 k52 k53 k54 k55 k56 k68 k69 k70 k78 k79 k80 k81 k82}
eq 62 balanced bits: [k70] <== {k17 k39 k41 k42 k43 k44 k53 k63 k64 k65 k66 k67 k68 k69 k78 k79 k80 k88 k89 k90}
eq 63 balanced bits: [k2 k29] <== {k16 k27 k28 k40 k41 k42 k43 k58 k60 k61 k65 k66 k67 k83 k84 k85 k86 k87 k88}
eq 64 balanced bits: [k29 k56] <== {k43 k51 k53 k54 k55 k59 k68 k69 k70 k76 k77 k78 k79 k80 k81 k82 k84 k85 k86}
eq 65 balanced bits: [k45 k72] <== {k31 k39 k56 k57 k58 k59 k60 k64 k65 k66 k70 k71 k81 k82 k83 k84 k85 k86 k87}
eq 66 balanced bits: [k46 k73] <== {k12 k14 k37 k38 k39 k40 k41 k56 k60 k65 k66 k67 k71 k72 k81 k82 k83 k85 k86 k87}
eq 67 balanced bits: [k13] <== {k15 k17 k38 k39 k40 k41 k42 k43 k44 k53 k59 k60 k61 k78 k79 k80 k84 k85 k86 k87 k88}
eq 68 balanced bits: [k29 k56] <== {k15 k17 k27 k40 k41 k42 k43 k44 k52 k53 k54 k55 k66 k67 k68 k78 k79 k80 k81 k82}
eq 69 balanced bits: [k29 k56] <== {k15 k39 k40 k41 k42 k53 k54 k55 k59 k64 k65 k66 k67 k68 k78 k79 k80 k84 k85 k86}
eq 70 balanced bits: [k46 k73] <== {k15 k30 k40 k41 k42 k43 k59 k65 k68 k69 k70 k71 k72 k84 k85 k86 k90 k91 k92 k99}
eq 71 balanced bits: [k69] <== {k16 k40 k41 k42 k43 k46 k52 k56 k65 k66 k67 k68 k71 k72 k73 k77 k78 k79 k81 k82 k83}
eq 72 balanced bits: [k29 k56] <== {k27 k43 k52 k53 k54 k55 k59 k65 k68 k69 k70 k80 k81 k82 k84 k85 k86 k90 k91 k92}
eq 73 balanced bits: [k42 k69] <== {k41 k45 k54 k55 k59 k60 k66 k67 k68 k70 k71 k72 k79 k80 k81 k82 k84 k85 k86 k87}
eq 74 balanced bits: [k47 k57 k116] <== {k15 k40 k41 k42 k53 k55 k59 k61 k66 k67 k68 k78 k79 k80 k81 k82 k84 k85 k86 k87 k88}
eq 75 balanced bits: [k11] <== {k1 k15 k17 k40 k41 k42 k43 k44 k53 k59 k61 k66 k67 k68 k69 k70 k78 k79 k80 k84 k85 k86 k87 k88}
eq 76 balanced bits: [k46 k115] <== {k10 k12 k16 k28 k35 k36 k37 k38 k39 k41 k42 k43 k53 k54 k55 k56 k60 k81 k82 k83 k85 k86 k87}
eq 77 balanced bits: [k5 k14 k37 k47 k56 k64 k106 k115] <== {k1 k3 k4 k12 k13 k18 k28 k60 k61 k62 k63 k65 k86 k87 k88 k90 k91 k92}
eq 78 balanced bits: [k30] <== {k12 k14 k16 k28 k37 k38 k39 k40 k41 k42 k43 k53 k54 k55 k56 k57 k65 k66 k67 k79 k80 k81 k82 k83 k84}
eq 79 balanced bits: [k12] <== {k16 k37 k38 k39 k40 k41 k42 k43 k47 k54 k60 k63 k64 k65 k66 k67 k79 k80 k81 k82 k83 k84 k85 k86 k87 k116}
eq 80 balanced bits: [k24 k34 k93] <== {k15 k28 k40 k41 k42 k43 k53 k54 k55 k57 k59 k66 k67 k68 k69 k70 k78 k79 k80 k81 k82 k83 k84 k85 k86}
eq 81 balanced bits: [k69] <== {k16 k30 k41 k42 k43 k45 k54 k55 k56 k57 k58 k60 k62 k67 k68 k79 k80 k81 k82 k83 k84 k85 k86 k87 k88 k89 k114}
eq 82 balanced bits: [k20 k30 k89] <== {k7 k12 k13 k14 k22 k23 k24 k32 k33 k34 k38 k39 k40 k55 k56 k65 k66 k80 k81 k82 k90 k91 k92 k115 k125}
eq 83 balanced bits: [k31 k58] <== {k1 k3 k8 k9 k10 k18 k20 k21 k22 k23 k24 k28 k51 k52 k56 k57 k60 k62 k64 k66 k86 k87 k88 k111 k120 k123 k125}
eq 84 balanced bits: [k47 k74] <== {k15 k17 k40 k41 k42 k43 k44 k53 k55 k57 k59 k66 k67 k68 k69 k70 k72 k73 k78 k79 k80 k81 k82 k83 k84 k85 k86}
eq 85 balanced bits: [k47 k57 k116] <== {k17 k41 k42 k43 k44 k53 k54 k55 k59 k65 k66 k67 k68 k69 k70 k78 k79 k80 k81 k82 k84 k85 k86 k90 k91 k92}
eq 86 balanced bits: [k44 k71] <== {k24 k25 k26 k29 k41 k53 k54 k55 k56 k57 k58 k59 k66 k67 k68 k69 k70 k78 k79 k80 k81 k82 k83 k84 k85 k86 k127}
eq 87 balanced bits: [k44 k71] <== {k31 k41 k53 k56 k57 k58 k59 k61 k65 k66 k67 k68 k69 k70 k78 k79 k80 k82 k83 k84 k85 k86 k87 k88 k90 k91 k92}
eq 88 balanced bits: [k47 k74] <== {k41 k43 k53 k55 k59 k61 k65 k66 k67 k68 k69 k70 k72 k73 k78 k79 k80 k81 k82 k84 k85 k86 k87 k88 k90 k91 k92}
eq 89 balanced bits: [k43 k70] <== {k1 k12 k13 k14 k20 k21 k22 k23 k48 k49 k50 k56 k60 k61 k63 k64 k65 k68 k69 k86 k87 k88 k89 k90 k91 k92 k115 k123}
eq 90 balanced bits: [k24 k51 k74 k101] <== {k13 k14 k15 k22 k30 k38 k39 k40 k41 k42 k47 k48 k49 k50 k55 k56 k57 k72 k75 k76 k77 k97 k98 k99 k100 k116}
eq 91 balanced bits: [k26 k53] <== {k16 k21 k31 k40 k41 k42 k43 k48 k51 k52 k56 k58 k59 k60 k65 k66 k67 k73 k74 k75 k81 k82 k83 k84 k85 k86 k87 k90}
eq 92 balanced bits: [k44 k47 k71 k74] <== {k31 k41 k43 k56 k57 k58 k59 k61 k65 k66 k67 k68 k69 k70 k72 k73 k82 k83 k84 k85 k86 k87 k88 k90 k91 k92}
eq 93 balanced bits: [k51] <== {k39 k41 k42 k45 k53 k54 k55 k59 k60 k64 k65 k66 k67 k68 k69 k70 k71 k72 k76 k77 k78 k79 k80 k81 k82 k84 k85 k86 k87}
eq 94 balanced bits: [k100] <== {k4 k14 k16 k29 k30 k31 k39 k40 k41 k42 k43 k45 k56 k58 k59 k60 k65 k66 k67 k70 k71 k72 k81 k82 k83 k84 k85 k86 k87}
eq 95 balanced bits: [k29] <== {k1 k3 k4 k5 k12 k13 k14 k20 k21 k22 k23 k24 k37 k47 k54 k55 k56 k60 k62 k63 k64 k65 k66 k90 k91 k92 k106 k115 k123 k125}
eq 96 balanced bits: [k12 k39] <== {k16 k26 k30 k37 k38 k40 k41 k42 k43 k46 k51 k52 k53 k55 k56 k57 k65 k66 k67 k68 k69 k71 k72 k73 k80 k81 k82 k83 k84}
eq 97 balanced bits: [k12 k39] <== {k16 k30 k37 k38 k40 k41 k42 k43 k45 k47 k55 k56 k57 k63 k65 k66 k67 k68 k69 k80 k81 k82 k83 k84 k88 k89 k90 k114 k116}
eq 98 balanced bits: [k30 k89 k116] <== {k15 k39 k40 k41 k42 k46 k55 k56 k57 k59 k61 k64 k65 k66 k71 k72 k73 k80 k81 k82 k83 k84 k85 k86 k87 k88 k114 k115}
eq 99 balanced bits: [k45 k82 k114] <== {k12 k13 k14 k23 k39 k40 k41 k43 k48 k49 k50 k53 k56 k65 k68 k69 k70 k73 k78 k79 k80 k81 k90 k91 k92 k98 k99 k100 k115}
eq 100 balanced bits: [k44 k71] <== {k10 k12 k14 k16 k26 k35 k36 k37 k38 k39 k40 k41 k42 k43 k51 k52 k53 k54 k56 k58 k59 k69 k70 k79 k80 k81 k82 k83 k84 k85 k86}
eq 101 balanced bits: [k45 k114] <== {k12 k13 k14 k23 k31 k33 k41 k48 k49 k50 k55 k56 k57 k58 k59 k60 k65 k66 k67 k68 k80 k81 k82 k83 k84 k85 k86 k90 k91 k92 k115}
eq 102 balanced bits: [k44 k71] <== {k14 k16 k30 k39 k40 k41 k42 k43 k47 k51 k54 k55 k56 k57 k58 k59 k65 k66 k67 k69 k70 k79 k80 k81 k82 k83 k84 k85 k86 k110 k116}
eq 103 balanced bits: [k62 k89] <== {k27 k29 k43 k45 k47 k52 k53 k54 k55 k56 k59 k61 k65 k68 k69 k70 k71 k72 k73 k74 k80 k81 k82 k84 k85 k86 k87 k88 k90 k91 k92}
eq 104 balanced bits: [k12] <== {k10 k14 k16 k30 k35 k36 k37 k38 k39 k40 k41 k42 k43 k54 k55 k56 k57 k58 k60 k63 k64 k65 k66 k67 k79 k80 k81 k82 k83 k84 k85 k86 k87}
eq 105 balanced bits: [k10 k37] <== {k16 k35 k36 k38 k40 k41 k42 k43 k46 k47 k54 k58 k60 k63 k64 k65 k66 k67 k68 k69 k71 k72 k73 k74 k79 k80 k81 k83 k84 k85 k86 k87}
eq 106 balanced bits: [k46 k95 k105] <== {k11 k15 k30 k36 k37 k38 k40 k41 k42 k43 k53 k54 k55 k58 k59 k65 k66 k67 k68 k69 k70 k78 k79 k80 k81 k82 k83 k84 k85 k86 k99}
eq 107 balanced bits: [k50 k77] <== {k4 k14 k16 k29 k30 k31 k38 k39 k40 k41 k42 k43 k48 k54 k56 k58 k63 k64 k65 k66 k67 k73 k74 k75 k76 k79 k80 k81 k82 k83 k84 k85}
eq 108 balanced bits: [k1 k11 k70] <== {k15 k27 k39 k40 k41 k42 k45 k46 k52 k53 k54 k55 k56 k59 k64 k65 k66 k67 k68 k78 k79 k80 k81 k82 k84 k85 k86 k90 k91 k92 k114 k115}
eq 109 balanced bits: [k21 k31 k90] <== {k12 k14 k16 k30 k37 k38 k39 k40 k41 k42 k43 k45 k47 k54 k55 k56 k57 k58 k65 k66 k67 k68 k69 k79 k80 k81 k82 k83 k84 k85 k114 k116}
eq 110 balanced bits: [k32 k59 k118] <== {k13 k14 k15 k23 k31 k38 k39 k40 k41 k42 k48 k49 k50 k56 k57 k58 k65 k66 k67 k68 k73 k82 k83 k84 k90 k91 k92 k98 k99 k100 k116 k117}
eq 111 balanced bits: [k44 k71 k100] <== {k14 k16 k28 k30 k31 k32 k39 k40 k41 k42 k43 k48 k53 k54 k55 k56 k57 k58 k59 k60 k69 k70 k73 k74 k75 k81 k82 k83 k84 k85 k86 k87}
eq 112 balanced bits: [k2 k12 k47 k71 k116] <== {k14 k16 k30 k38 k39 k40 k41 k42 k43 k46 k54 k55 k56 k60 k63 k64 k65 k66 k67 k68 k69 k79 k80 k81 k82 k83 k85 k86 k87 k115}
eq 113 balanced bits: [k12] <== {k4 k16 k28 k29 k30 k31 k37 k38 k39 k40 k41 k42 k52 k53 k54 k55 k60 k64 k65 k66 k67 k68 k69 k70 k77 k78 k79 k80 k81 k82 k85 k86 k87 k111}
eq 114 balanced bits: [k57] <== {k10 k16 k28 k30 k35 k36 k37 k40 k41 k42 k43 k46 k52 k53 k54 k55 k56 k60 k62 k65 k66 k67 k71 k72 k73 k77 k78 k79 k80 k81 k85 k86 k87 k88 k89}
eq 115 balanced bits: [k117] <== {k11 k14 k15 k16 k36 k37 k38 k41 k43 k53 k55 k57 k58 k59 k61 k65 k66 k67 k68 k69 k70 k78 k79 k80 k81 k82 k83 k84 k85 k86 k87 k88 k90 k91 k92}
eq 116 balanced bits: [k20 k30 k35 k45 k89 k104] <== {k15 k28 k38 k39 k40 k41 k42 k43 k47 k48 k59 k60 k61 k64 k65 k66 k67 k68 k69 k70 k72 k73 k74 k75 k84 k85 k86 k87 k88 k97}
eq 117 balanced bits: [k10 k37] <== {k2 k16 k21 k27 k28 k29 k30 k31 k35 k36 k38 k40 k41 k42 k43 k55 k56 k57 k58 k61 k63 k64 k65 k66 k67 k81 k82 k83 k84 k85 k86 k87 k88 k90}
eq 118 balanced bits: [k2] <== {k4 k14 k16 k27 k28 k29 k30 k31 k39 k40 k41 k42 k43 k52 k54 k55 k56 k57 k58 k59 k60 k65 k66 k67 k77 k78 k79 k80 k81 k82 k83 k84 k85 k86 k87}
eq 119 balanced bits: [k82 k99] <== {k30 k40 k41 k43 k45 k46 k47 k53 k56 k57 k59 k60 k65 k66 k67 k68 k69 k70 k71 k72 k78 k79 k80 k81 k84 k85 k86 k87 k90 k91 k92 k114 k115 k116}
eq 120 balanced bits: [k44 k71] <== {k11 k15 k28 k29 k36 k37 k38 k40 k41 k42 k43 k53 k54 k55 k56 k57 k59 k61 k66 k67 k68 k69 k70 k78 k79 k80 k81 k82 k83 k84 k85 k86 k87 k88 k97}
eq 121 balanced bits: [k71] <== {k15 k17 k28 k38 k40 k41 k42 k43 k44 k47 k53 k55 k57 k59 k65 k66 k67 k68 k69 k70 k72 k73 k74 k78 k79 k80 k81 k82 k83 k84 k85 k86 k90 k91 k92 k97}
eq 122 balanced bits: [k33 k102] <== {k36 k39 k40 k41 k42 k43 k45 k47 k52 k53 k54 k55 k59 k64 k65 k66 k67 k68 k69 k70 k71 k72 k73 k74 k78 k79 k80 k81 k82 k84 k85 k86 k95 k105 k111}
eq 123 balanced bits: [k34 k71 k103] <== {k11 k15 k17 k29 k36 k37 k38 k40 k41 k42 k43 k44 k53 k54 k55 k56 k57 k59 k61 k66 k67 k68 k69 k70 k78 k79 k80 k81 k82 k83 k84 k85 k86 k87 k88}
eq 124 balanced bits: [k29] <== {k11 k15 k36 k37 k38 k40 k41 k42 k45 k46 k53 k54 k55 k56 k58 k59 k60 k61 k66 k67 k68 k70 k71 k72 k73 k78 k79 k80 k81 k82 k83 k84 k85 k86 k87 k88 k115}
eq 125 balanced bits: [k32 k59 k118] <== {k12 k13 k14 k21 k23 k31 k38 k39 k40 k41 k46 k47 k48 k49 k50 k51 k56 k57 k58 k65 k66 k67 k68 k73 k76 k77 k78 k90 k91 k92 k98 k99 k100 k115 k116 k117}
eq 126 balanced bits: [k17 k113] <== {k24 k28 k29 k34 k41 k42 k43 k45 k53 k54 k55 k56 k57 k59 k60 k65 k66 k67 k68 k69 k70 k71 k72 k78 k79 k80 k81 k82 k83 k84 k85 k86 k87 k90 k91 k92 k93}
eq 127 balanced bits: [k49 k86 k118] <== {k2 k12 k16 k26 k27 k28 k29 k37 k38 k39 k40 k41 k42 k43 k51 k52 k53 k54 k55 k56 k57 k64 k65 k66 k67 k68 k69 k77 k78 k79 k80 k81 k82 k83 k84 k85}
eq 128 balanced bits: [k38 k97 k112] <== {k1 k11 k28 k29 k33 k41 k43 k45 k53 k54 k55 k56 k58 k59 k60 k61 k65 k66 k67 k68 k69 k70 k71 k72 k78 k79 k80 k83 k84 k85 k86 k87 k88 k90 k91 k92 k102}
eq 129 balanced bits: [k34 k61] <== {k13 k15 k16 k17 k22 k28 k38 k39 k40 k45 k47 k48 k49 k52 k53 k54 k55 k59 k60 k64 k65 k66 k67 k70 k71 k72 k77 k78 k79 k80 k81 k89 k90 k91 k97 k98 k99 k118}
eq 130 balanced bits: [k21] <== {k2 k4 k14 k16 k27 k28 k29 k30 k31 k38 k39 k40 k41 k42 k43 k48 k53 k54 k55 k56 k57 k58 k63 k65 k66 k67 k68 k69 k81 k82 k83 k84 k85 k88 k89 k90 k97 k99 k107}
eq 131 balanced bits: [k38 k97 k112] <== {k28 k31 k39 k41 k43 k45 k46 k47 k53 k55 k56 k57 k58 k59 k64 k65 k66 k67 k68 k69 k70 k71 k72 k73 k74 k78 k79 k80 k81 k82 k84 k85 k86 k90 k91 k92 k115}
eq 132 balanced bits: [k13 k47 k62 k74 k89] <== {k11 k15 k17 k27 k36 k37 k38 k39 k40 k41 k42 k43 k44 k52 k53 k54 k55 k57 k59 k61 k64 k65 k66 k67 k68 k72 k73 k80 k81 k82 k83 k84 k85 k86 k87 k88}
eq 133 balanced bits: [k52] <== {k14 k16 k28 k30 k33 k38 k39 k40 k41 k42 k43 k46 k47 k53 k54 k55 k56 k58 k59 k60 k65 k66 k67 k68 k69 k71 k72 k73 k74 k75 k77 k78 k79 k80 k81 k82 k83 k97 k99 k107}
eq 134 balanced bits: [k36 k46 k95 k105] <== {k15 k17 k24 k28 k29 k33 k34 k40 k41 k42 k43 k44 k45 k52 k53 k54 k55 k56 k60 k61 k66 k67 k68 k69 k70 k78 k79 k80 k83 k85 k86 k87 k88 k93 k102 k111 k114}
eq 135 balanced bits: [k30] <== {k2 k10 k16 k19 k23 k24 k25 k27 k28 k29 k35 k36 k37 k41 k42 k43 k45 k46 k52 k54 k55 k56 k57 k67 k68 k69 k71 k72 k73 k77 k78 k79 k80 k81 k82 k83 k84 k88 k114 k126}
eq 136 balanced bits: [k98] <== {k2 k4 k14 k16 k27 k28 k29 k30 k31 k39 k40 k41 k42 k43 k46 k48 k53 k54 k55 k56 k57 k58 k60 k67 k68 k69 k71 k72 k73 k74 k75 k79 k80 k81 k82 k83 k84 k85 k86 k87}
eq 137 balanced bits: [k24 k34 k83 k93] <== {k27 k30 k39 k40 k41 k43 k47 k49 k52 k53 k54 k59 k61 k64 k65 k66 k67 k68 k69 k70 k72 k73 k74 k75 k76 k78 k79 k80 k84 k85 k86 k87 k88 k90 k91 k92 k99}
eq 138 balanced bits: [k74] <== {k7 k12 k13 k14 k21 k23 k31 k32 k33 k34 k37 k38 k39 k40 k41 k46 k47 k48 k49 k50 k56 k57 k58 k59 k60 k65 k71 k72 k73 k84 k85 k86 k90 k91 k92 k96 k97 k98 k99 k100}
eq 139 balanced bits: [k62] <== {k13 k16 k22 k33 k38 k39 k40 k41 k42 k43 k47 k48 k49 k56 k58 k59 k60 k63 k64 k65 k67 k68 k69 k72 k81 k82 k83 k85 k86 k87 k88 k89 k90 k91 k92 k97 k98 k99 k117 k118 k119}
eq 140 balanced bits: [k3] <== {k15 k27 k28 k29 k30 k31 k38 k40 k41 k42 k43 k52 k53 k54 k55 k56 k57 k58 k59 k61 k65 k66 k67 k68 k69 k70 k78 k79 k80 k81 k82 k83 k84 k85 k86 k87 k88 k90 k91 k92 k97}
eq 141 balanced bits: [k21 k90] <== {k4 k12 k14 k16 k28 k29 k30 k31 k37 k38 k39 k40 k41 k42 k43 k46 k53 k54 k55 k56 k57 k60 k63 k64 k65 k66 k67 k68 k69 k71 k72 k73 k79 k80 k81 k82 k83 k85 k86 k87}
eq 142 balanced bits: [k47 k74] <== {k5 k7 k13 k14 k15 k16 k23 k30 k31 k32 k33 k34 k38 k39 k40 k41 k42 k48 k49 k50 k55 k58 k59 k60 k65 k66 k67 k68 k72 k73 k80 k81 k82 k90 k91 k92 k98 k99 k100 k117}
eq 143 balanced bits: [k3 k12 k35 k45 k54 k62 k63 k104 k113] <== {k0 k1 k7 k8 k9 k10 k11 k17 k20 k23 k30 k33 k42 k48 k52 k58 k60 k65 k67 k68 k76 k77 k78 k86 k87 k88 k89 k90 k91 k101 k111 k117 k126 k127}
eq 144 balanced bits: [k66 k125] <== {k12 k14 k16 k31 k32 k37 k38 k39 k40 k41 k42 k43 k44 k45 k47 k48 k55 k56 k57 k58 k59 k60 k67 k68 k69 k70 k71 k73 k74 k75 k80 k81 k82 k83 k84 k85 k86 k87 k100 k114 k116}
eq 145 balanced bits: [k62 k89] <== {k12 k16 k21 k23 k26 k30 k31 k33 k37 k38 k39 k40 k41 k42 k43 k48 k51 k52 k53 k55 k56 k57 k58 k60 k65 k66 k67 k68 k69 k73 k74 k75 k82 k83 k84 k85 k86 k87 k88 k90 k92}
eq 146 balanced bits: [k2 k52] <== {k4 k12 k16 k21 k27 k28 k29 k30 k31 k37 k38 k39 k41 k42 k43 k48 k53 k54 k55 k56 k57 k58 k60 k67 k68 k69 k73 k74 k75 k77 k78 k79 k80 k81 k82 k83 k84 k85 k86 k87 k90}
eq 147 balanced bits: [k36 k46 k95 k105] <== {k24 k25 k26 k27 k40 k41 k43 k44 k45 k52 k53 k54 k55 k59 k61 k65 k66 k67 k68 k69 k70 k71 k72 k78 k79 k80 k81 k82 k84 k85 k86 k87 k88 k90 k91 k92 k113 k114 k127}
eq 148 balanced bits: [k38 k43 k97 k112] <== {k27 k28 k29 k39 k41 k42 k46 k52 k53 k54 k55 k56 k57 k59 k60 k61 k64 k65 k66 k67 k68 k71 k72 k73 k78 k79 k80 k81 k82 k83 k84 k85 k86 k87 k88 k90 k91 k92 k111}
eq 149 balanced bits: [k125] <== {k4 k10 k12 k14 k16 k28 k29 k30 k31 k35 k36 k37 k38 k39 k40 k41 k42 k43 k45 k53 k54 k55 k56 k57 k58 k60 k65 k66 k67 k68 k69 k70 k71 k72 k81 k82 k83 k84 k85 k86 k87 k114}
eq 150 balanced bits: [k38 k97] <== {k1 k15 k20 k21 k22 k28 k29 k39 k40 k41 k42 k47 k48 k53 k54 k55 k56 k57 k59 k60 k61 k64 k65 k66 k67 k68 k72 k73 k74 k75 k78 k79 k80 k81 k82 k83 k84 k85 k86 k87 k88 k123}
eq 151 balanced bits: [k52 k79] <== {k2 k13 k14 k15 k22 k24 k27 k28 k29 k38 k39 k40 k41 k42 k47 k48 k49 k50 k51 k56 k57 k60 k64 k72 k74 k77 k78 k81 k82 k83 k85 k86 k87 k89 k90 k91 k97 k98 k99 k100 k101 k116}
eq 152 balanced bits: [k3] <== {k15 k24 k27 k28 k29 k30 k34 k39 k40 k41 k42 k43 k46 k47 k52 k53 k54 k55 k56 k57 k60 k64 k65 k66 k67 k68 k69 k70 k72 k73 k74 k78 k79 k80 k81 k82 k83 k84 k85 k86 k87 k93 k111 k115}
eq 153 balanced bits: [k64 k91] <== {k6 k12 k13 k14 k15 k16 k17 k20 k22 k31 k32 k33 k37 k38 k39 k40 k42 k45 k46 k47 k48 k49 k56 k57 k58 k59 k60 k65 k66 k67 k68 k69 k81 k82 k83 k89 k90 k92 k115 k116 k117 k118 k119}
eq 154 balanced bits: [k5 k37 k47 k64 k106 k115] <== {k1 k3 k4 k12 k13 k14 k15 k16 k18 k23 k28 k31 k39 k40 k41 k45 k48 k49 k50 k56 k57 k58 k60 k62 k63 k65 k70 k71 k72 k73 k87 k88 k89 k90 k91 k92 k98 k99 k100 k117}
eq 155 balanced bits: [k25 k126] <== {k10 k12 k14 k16 k23 k24 k30 k35 k36 k37 k38 k39 k40 k41 k42 k43 k45 k51 k54 k55 k56 k57 k58 k60 k61 k65 k66 k67 k68 k69 k70 k71 k72 k79 k80 k81 k82 k83 k84 k85 k86 k87 k88 k110}
eq 156 balanced bits: [k20 k30 k89] <== {k11 k14 k15 k16 k23 k36 k37 k38 k39 k40 k41 k42 k43 k48 k49 k50 k53 k55 k58 k59 k64 k65 k66 k67 k68 k69 k70 k73 k78 k79 k80 k81 k82 k84 k85 k86 k90 k91 k92 k98 k99 k100 k117}
eq 157 balanced bits: [k55 k72 k114] <== {k11 k14 k15 k17 k23 k36 k37 k38 k39 k40 k41 k42 k43 k44 k48 k49 k50 k51 k53 k59 k64 k65 k66 k67 k68 k69 k70 k71 k73 k76 k77 k78 k79 k80 k84 k85 k86 k90 k91 k92 k98 k99 k100}
eq 158 balanced bits: [k25 k126] <== {k14 k23 k24 k28 k30 k33 k39 k40 k41 k42 k45 k46 k47 k53 k54 k55 k56 k57 k58 k60 k62 k65 k66 k67 k68 k69 k70 k71 k72 k73 k74 k79 k80 k81 k82 k83 k84 k85 k86 k87 k88 k89 k92 k114}
eq 159 balanced bits: [k2 k29] <== {k12 k16 k26 k27 k28 k30 k37 k38 k39 k40 k41 k42 k43 k46 k48 k51 k52 k53 k54 k55 k56 k57 k58 k60 k63 k64 k65 k66 k67 k68 k69 k71 k72 k73 k74 k75 k79 k80 k81 k83 k84 k85 k86 k87}
eq 160 balanced bits: [k44 k71] <== {k4 k10 k14 k28 k29 k30 k31 k35 k36 k37 k38 k39 k40 k41 k42 k48 k53 k54 k55 k56 k57 k58 k59 k60 k63 k64 k65 k66 k67 k68 k69 k70 k73 k74 k75 k79 k80 k81 k82 k83 k84 k85 k86 k87}
eq 161 balanced bits: [k28 k97] <== {k11 k15 k17 k29 k30 k34 k36 k37 k38 k40 k41 k42 k43 k44 k46 k47 k54 k55 k56 k57 k59 k60 k61 k66 k67 k68 k69 k70 k71 k72 k73 k74 k79 k80 k81 k82 k83 k84 k85 k86 k87 k88 k99 k103 k115}
eq 162 balanced bits: [k20 k57] <== {k14 k15 k16 k23 k28 k29 k33 k39 k40 k41 k42 k46 k48 k49 k50 k53 k54 k55 k56 k58 k59 k60 k63 k65 k66 k67 k68 k71 k72 k73 k74 k75 k76 k84 k85 k86 k88 k89 k90 k91 k92 k98 k99 k100 k117}
eq 163 balanced bits: [k34 k44 k103] <== {k2 k10 k12 k14 k16 k27 k28 k29 k33 k35 k36 k37 k38 k39 k40 k41 k42 k43 k51 k52 k54 k55 k56 k58 k60 k65 k66 k67 k68 k69 k70 k77 k78 k79 k80 k81 k82 k83 k84 k85 k86 k87 k102 k110}
eq 164 balanced bits: [k2 k12 k44] <== {k13 k14 k15 k16 k22 k24 k28 k30 k40 k41 k42 k43 k45 k46 k47 k48 k49 k50 k51 k53 k54 k55 k56 k57 k58 k59 k60 k65 k66 k67 k68 k69 k70 k80 k81 k82 k83 k84 k85 k86 k87 k114 k115 k116}
eq 165 balanced bits: [k44] <== {k12 k13 k14 k15 k21 k23 k29 k37 k38 k39 k40 k41 k42 k46 k47 k48 k49 k50 k53 k54 k55 k56 k59 k61 k65 k69 k70 k71 k72 k73 k78 k79 k80 k81 k82 k84 k85 k86 k87 k88 k90 k91 k92 k96 k97 k98 k115}
eq 166 balanced bits: [k44 k49 k71 k118] <== {k12 k14 k16 k28 k30 k31 k37 k38 k39 k40 k41 k42 k43 k47 k48 k53 k54 k55 k56 k57 k59 k60 k61 k65 k66 k67 k68 k69 k70 k73 k74 k75 k79 k80 k81 k82 k83 k84 k85 k86 k87 k88 k100 k116}
eq 167 balanced bits: [k57 k125] <== {k11 k12 k13 k14 k16 k22 k24 k30 k38 k39 k40 k41 k42 k43 k47 k48 k49 k50 k51 k52 k54 k55 k56 k60 k63 k64 k65 k66 k67 k68 k69 k72 k77 k78 k79 k80 k81 k85 k86 k87 k89 k90 k91 k97 k98 k99 k114}
eq 168 balanced bits: [k107] <== {k13 k14 k21 k22 k23 k24 k28 k30 k31 k38 k39 k40 k41 k42 k47 k48 k49 k50 k51 k53 k54 k55 k56 k58 k64 k65 k66 k67 k68 k69 k72 k73 k74 k75 k79 k80 k81 k82 k83 k84 k85 k89 k90 k91 k97 k98 k99 k124}
eq 169 balanced bits: [k51] <== {k14 k15 k23 k24 k29 k31 k34 k39 k40 k41 k42 k43 k48 k49 k50 k53 k54 k55 k56 k57 k58 k59 k64 k65 k66 k67 k68 k69 k70 k73 k76 k77 k78 k79 k80 k81 k82 k83 k84 k85 k86 k90 k91 k92 k93 k98 k99 k100}
eq 170 balanced bits: [k20 k89 k98 k125] <== {k17 k27 k30 k39 k41 k42 k43 k44 k45 k46 k47 k48 k52 k53 k54 k55 k56 k57 k59 k60 k64 k65 k66 k67 k68 k73 k74 k75 k78 k79 k80 k81 k82 k84 k85 k86 k87 k90 k91 k92 k114 k115 k116 k123 k124}
eq 171 balanced bits: [k12 k20 k26 k36 k62 k95] <== {k2 k15 k17 k27 k29 k40 k41 k42 k43 k44 k45 k47 k52 k53 k54 k55 k56 k57 k59 k61 k65 k66 k67 k68 k69 k70 k71 k72 k73 k74 k78 k79 k80 k81 k82 k84 k85 k86 k87 k88 k90 k91 k92}
eq 172 balanced bits: [k5 k37 k106] <== {k3 k4 k7 k12 k13 k14 k15 k16 k22 k23 k24 k30 k32 k33 k34 k39 k47 k48 k49 k50 k55 k56 k57 k58 k59 k62 k63 k64 k65 k66 k80 k81 k82 k83 k84 k85 k86 k89 k90 k91 k92 k114 k115 k116 k117 k125}
eq 173 balanced bits: [k5 k37 k64 k106] <== {k3 k4 k7 k12 k13 k14 k21 k23 k31 k32 k33 k34 k38 k39 k40 k41 k46 k47 k48 k49 k50 k51 k55 k56 k57 k58 k62 k63 k65 k73 k76 k77 k78 k80 k81 k82 k83 k84 k90 k91 k92 k98 k99 k100 k115}
eq 174 balanced bits: [k3] <== {k1 k11 k13 k15 k17 k20 k21 k22 k36 k37 k38 k39 k40 k41 k42 k43 k44 k45 k53 k54 k55 k58 k59 k60 k61 k64 k65 k66 k67 k68 k69 k70 k71 k72 k78 k79 k80 k81 k82 k83 k84 k85 k86 k87 k88 k90 k91 k92 k123}
eq 175 balanced bits: [k10 k20] <== {k11 k15 k17 k24 k28 k29 k34 k36 k37 k38 k39 k40 k41 k42 k43 k44 k45 k52 k53 k54 k55 k56 k57 k59 k60 k61 k64 k65 k66 k67 k68 k69 k70 k71 k72 k78 k79 k80 k81 k82 k83 k84 k85 k86 k87 k88 k93 k111}
eq 176 balanced bits: [k25 k126] <== {k12 k16 k23 k24 k26 k28 k30 k33 k37 k38 k39 k40 k41 k42 k43 k48 k51 k52 k53 k54 k55 k56 k57 k58 k60 k62 k65 k66 k67 k68 k69 k73 k74 k75 k77 k78 k79 k80 k81 k82 k83 k84 k85 k86 k87 k88 k89 k92}
eq 177 balanced bits: [k125] <== {k13 k14 k16 k21 k22 k26 k28 k31 k38 k39 k40 k41 k42 k43 k44 k47 k48 k49 k51 k52 k53 k54 k55 k56 k57 k58 k59 k65 k66 k67 k68 k69 k70 k71 k72 k77 k78 k79 k80 k81 k82 k83 k84 k85 k86 k90 k97 k98 k99}
eq 178 balanced bits: [k2 k12 k26 k35 k104] <== {k15 k27 k30 k34 k36 k40 k41 k43 k45 k46 k47 k48 k52 k53 k54 k55 k56 k59 k61 k65 k66 k67 k68 k69 k70 k71 k72 k73 k74 k75 k78 k79 k80 k81 k82 k83 k84 k85 k86 k87 k88 k95 k103 k105 k114}
eq 179 balanced bits: [k47 k74] <== {k5 k12 k13 k14 k15 k16 k23 k25 k30 k31 k32 k33 k38 k39 k40 k41 k42 k43 k48 k49 k50 k51 k52 k56 k57 k58 k59 k60 k65 k72 k73 k75 k77 k78 k79 k82 k83 k84 k90 k91 k92 k98 k99 k100 k101 k102 k115 k117}
eq 180 balanced bits: [k32] <== {k10 k14 k16 k28 k30 k33 k35 k36 k37 k38 k39 k40 k41 k42 k43 k48 k52 k53 k54 k55 k56 k57 k58 k59 k60 k62 k63 k64 k65 k66 k67 k68 k69 k73 k74 k75 k77 k78 k79 k80 k81 k82 k83 k84 k85 k86 k87 k88 k89 k102}
eq 181 balanced bits: [k29 k115] <== {k11 k12 k13 k14 k15 k16 k27 k36 k37 k38 k39 k40 k41 k42 k43 k47 k51 k52 k53 k54 k55 k57 k58 k59 k61 k64 k65 k66 k67 k68 k69 k70 k72 k73 k74 k76 k77 k78 k82 k83 k84 k85 k86 k87 k88 k90 k91 k92 k117}
eq 182 balanced bits: [k21] <== {k12 k13 k14 k15 k16 k22 k24 k28 k30 k31 k37 k38 k39 k40 k41 k42 k43 k47 k48 k49 k50 k51 k53 k54 k55 k56 k57 k58 k64 k67 k68 k69 k72 k74 k79 k80 k81 k82 k83 k84 k85 k89 k90 k91 k97 k98 k99 k100 k101 k116}
eq 183 balanced bits: [k52] <== {k4 k12 k16 k21 k29 k30 k31 k32 k37 k38 k39 k40 k41 k42 k43 k44 k48 k53 k54 k55 k56 k57 k58 k59 k61 k63 k64 k65 k66 k67 k68 k69 k70 k71 k77 k78 k79 k80 k81 k82 k83 k84 k85 k86 k87 k88 k90 k97 k99 k107}
eq 184 balanced bits: [k62] <== {k13 k14 k15 k16 k21 k22 k23 k24 k25 k38 k39 k40 k41 k42 k43 k46 k47 k48 k49 k50 k51 k52 k54 k60 k64 k65 k66 k67 k71 k72 k73 k74 k77 k78 k79 k80 k81 k85 k86 k87 k88 k89 k90 k91 k97 k98 k99 k100 k101 k124 k126}
eq 185 balanced bits: [k24 k51 k74 k101] <== {k13 k14 k15 k16 k22 k28 k38 k39 k40 k41 k42 k43 k47 k48 k49 k50 k52 k53 k54 k55 k56 k58 k59 k62 k63 k64 k65 k66 k67 k72 k77 k78 k79 k81 k82 k83 k84 k85 k86 k87 k88 k89 k90 k91 k97 k98 k99 k100}
eq 186 balanced bits: [k31 k50 k109] <== {k3 k7 k12 k14 k15 k16 k20 k21 k22 k23 k24 k30 k32 k33 k34 k37 k38 k39 k40 k41 k42 k46 k47 k48 k53 k56 k57 k58 k62 k64 k65 k66 k71 k78 k79 k80 k82 k83 k84 k89 k90 k91 k92 k96 k97 k98 k117 k123 k125}
eq 187 balanced bits: [k6 k36 k48 k74 k95 k105 k107] <== {k1 k4 k5 k11 k15 k27 k29 k31 k40 k41 k42 k43 k45 k46 k47 k52 k53 k54 k55 k56 k57 k58 k59 k61 k65 k66 k67 k68 k69 k70 k71 k72 k73 k78 k79 k80 k81 k82 k83 k84 k85 k86 k87 k88 k115 k116}
eq 188 balanced bits: [k105] <== {k2 k11 k12 k15 k26 k27 k30 k34 k35 k36 k37 k38 k40 k41 k43 k45 k46 k47 k48 k52 k53 k54 k55 k56 k59 k61 k65 k66 k67 k68 k69 k70 k71 k72 k73 k74 k75 k78 k79 k80 k81 k82 k83 k84 k85 k86 k87 k88 k95 k103 k104 k114}
eq 189 balanced bits: [k62] <== {k13 k14 k15 k16 k22 k24 k28 k31 k32 k38 k39 k40 k41 k42 k43 k47 k48 k49 k50 k51 k53 k54 k55 k56 k57 k58 k59 k64 k65 k66 k67 k68 k69 k72 k74 k79 k80 k81 k82 k83 k87 k88 k89 k90 k91 k97 k98 k99 k100 k101 k115 k116 k117}
eq 190 balanced bits: [k37 k96 k106] <== {k4 k14 k16 k29 k30 k31 k33 k38 k39 k40 k41 k42 k43 k45 k46 k47 k52 k54 k55 k56 k57 k58 k59 k60 k61 k65 k66 k67 k68 k69 k70 k71 k72 k73 k74 k75 k77 k78 k79 k80 k81 k82 k83 k84 k85 k86 k87 k88 k97 k99 k107}
eq 191 balanced bits: [k47 k74] <== {k5 k7 k10 k11 k12 k13 k14 k15 k16 k23 k24 k25 k30 k31 k32 k33 k34 k35 k36 k37 k38 k39 k40 k41 k42 k48 k49 k50 k51 k52 k53 k56 k57 k58 k65 k72 k73 k78 k79 k80 k82 k83 k84 k90 k91 k92 k93 k98 k99 k100 k115 k117}
eq 192 balanced bits: [k32 k48 k97 k107] <== {k10 k12 k14 k16 k26 k28 k30 k35 k36 k37 k38 k39 k40 k41 k42 k43 k46 k51 k52 k53 k54 k55 k56 k57 k58 k59 k60 k61 k63 k64 k65 k66 k67 k68 k69 k71 k72 k73 k77 k78 k79 k80 k81 k82 k83 k84 k85 k86 k87 k88 k110}
eq 193 balanced bits: [k108] <== {k12 k13 k14 k15 k16 k17 k22 k23 k24 k25 k31 k32 k37 k38 k39 k40 k41 k42 k44 k47 k48 k49 k50 k51 k53 k56 k57 k58 k59 k65 k66 k67 k68 k69 k70 k71 k72 k78 k79 k80 k81 k82 k83 k84 k85 k90 k97 k98 k99 k115 k116 k117 k118 k126}
eq 194 balanced bits: [k37 k47 k64 k106] <== {k3 k4 k5 k7 k12 k13 k14 k15 k16 k23 k30 k31 k32 k33 k34 k38 k39 k40 k41 k42 k48 k49 k50 k51 k55 k56 k57 k58 k62 k63 k65 k66 k67 k68 k73 k76 k77 k78 k80 k81 k82 k83 k84 k90 k91 k92 k98 k99 k100 k115 k117}
eq 195 balanced bits: [k37 k47 k106] <== {k1 k3 k4 k5 k7 k8 k9 k10 k11 k12 k13 k14 k17 k20 k21 k22 k23 k24 k30 k35 k45 k48 k51 k52 k54 k56 k57 k58 k60 k61 k62 k63 k64 k65 k66 k76 k82 k83 k84 k86 k87 k88 k89 k90 k91 k92 k104 k111 k113 k115 k117 k123 k125}
eq 196 balanced bits: [k10] <== {k11 k15 k17 k20 k24 k27 k28 k29 k30 k33 k34 k35 k36 k37 k40 k41 k42 k43 k44 k45 k46 k52 k53 k54 k55 k56 k57 k59 k60 k65 k66 k67 k68 k69 k70 k71 k72 k78 k79 k80 k81 k82 k83 k84 k85 k86 k87 k89 k93 k95 k97 k102 k104 k105 k111}
eq 197 balanced bits: [k46 k95 k105] <== {k11 k13 k15 k20 k27 k28 k29 k30 k35 k36 k37 k38 k39 k40 k41 k42 k43 k45 k47 k48 k52 k53 k54 k55 k56 k57 k59 k60 k61 k65 k66 k67 k68 k69 k70 k72 k73 k74 k75 k78 k79 k80 k81 k82 k83 k84 k85 k86 k87 k88 k89 k97 k104}
eq 198 balanced bits: [k32 k101] <== {k9 k13 k15 k23 k24 k25 k26 k27 k29 k33 k34 k35 k36 k38 k39 k40 k41 k42 k44 k45 k46 k51 k52 k53 k54 k55 k56 k57 k59 k61 k65 k66 k67 k68 k69 k70 k71 k72 k73 k76 k77 k78 k79 k80 k81 k82 k83 k84 k85 k86 k87 k88 k92 k127}
eq 199 balanced bits: [k110] <== {k1 k11 k15 k17 k24 k25 k26 k27 k29 k40 k41 k42 k43 k44 k45 k46 k47 k48 k52 k53 k54 k55 k56 k58 k59 k60 k62 k65 k66 k67 k68 k69 k70 k71 k72 k73 k74 k76 k77 k78 k79 k80 k81 k82 k83 k84 k85 k86 k87 k88 k89 k90 k91 k92 k117 k127}
eq 200 balanced bits: [k22 k32 k91] <== {k11 k13 k15 k17 k24 k25 k26 k27 k28 k29 k36 k37 k38 k39 k40 k41 k42 k43 k44 k45 k46 k52 k53 k54 k55 k56 k57 k59 k60 k61 k64 k65 k66 k67 k68 k69 k70 k71 k72 k73 k78 k79 k80 k81 k82 k83 k84 k85 k86 k87 k88 k97 k115 k127}
eq 201 balanced bits: [k89] <== {k11 k15 k17 k22 k23 k27 k28 k29 k31 k34 k36 k37 k38 k39 k40 k41 k42 k43 k44 k45 k46 k52 k53 k54 k55 k56 k57 k58 k59 k60 k61 k62 k64 k65 k66 k67 k68 k69 k70 k71 k72 k77 k78 k79 k80 k81 k82 k83 k84 k85 k86 k87 k88 k93 k115 k125}
eq 202 balanced bits: [k26 k117] <== {k11 k15 k17 k24 k25 k27 k28 k31 k36 k37 k38 k39 k40 k41 k42 k43 k44 k46 k47 k52 k53 k54 k55 k56 k57 k58 k59 k60 k61 k62 k64 k65 k66 k67 k68 k69 k70 k71 k72 k73 k74 k78 k79 k80 k81 k82 k83 k84 k85 k86 k87 k88 k89 k97 k115}
eq 203 balanced bits: [k20] <== {k13 k15 k17 k22 k23 k24 k25 k26 k27 k29 k30 k31 k38 k39 k40 k41 k42 k43 k44 k45 k46 k47 k52 k53 k54 k55 k56 k57 k58 k59 k61 k64 k65 k66 k67 k68 k69 k70 k71 k72 k73 k74 k78 k79 k80 k81 k82 k83 k84 k85 k86 k87 k88 k89 k125 k127}
eq 204 balanced bits: [k44 k50 k99 k109] <== {k2 k4 k12 k14 k16 k23 k24 k25 k26 k27 k28 k29 k30 k31 k37 k38 k39 k40 k41 k42 k43 k46 k48 k51 k52 k53 k54 k55 k56 k57 k58 k60 k65 k66 k67 k68 k69 k70 k71 k72 k73 k74 k75 k79 k80 k81 k82 k83 k84 k85 k86 k87 k126}
eq 205 balanced bits: [k33 k102] <== {k2 k4 k12 k16 k23 k24 k25 k26 k27 k28 k29 k30 k31 k35 k37 k38 k39 k40 k41 k42 k43 k45 k46 k51 k52 k53 k54 k55 k56 k57 k58 k60 k65 k66 k67 k68 k69 k70 k71 k72 k73 k77 k78 k79 k80 k81 k82 k83 k84 k85 k86 k87 k94 k104 k126}
eq 206 balanced bits: [k35 k45 k94 k104] <== {k1 k11 k15 k17 k30 k34 k36 k37 k38 k39 k40 k41 k42 k43 k44 k46 k47 k52 k53 k54 k55 k56 k57 k58 k59 k61 k64 k65 k66 k67 k68 k69 k70 k77 k78 k79 k80 k81 k82 k83 k84 k85 k86 k87 k88 k90 k91 k92 k95 k99 k103 k105 k115 k116}
eq 207 balanced bits: [k124] <== {k11 k15 k17 k20 k24 k25 k26 k27 k29 k31 k32 k36 k37 k38 k39 k40 k41 k42 k43 k44 k47 k52 k53 k54 k55 k56 k57 k58 k59 k61 k64 k65 k66 k67 k68 k69 k70 k72 k73 k74 k78 k79 k80 k81 k82 k83 k84 k85 k86 k87 k88 k89 k90 k91 k92 k100 k127}
eq 208 balanced bits: [k33 k102] <== {k11 k15 k17 k24 k28 k34 k36 k37 k38 k40 k41 k42 k43 k44 k45 k46 k47 k53 k54 k55 k56 k57 k59 k61 k62 k65 k66 k67 k68 k69 k70 k71 k72 k73 k74 k78 k79 k80 k81 k82 k83 k84 k85 k86 k87 k88 k89 k90 k91 k92 k93 k95 k105 k113 k114 k115}
eq 209 balanced bits: [k3] <== {k11 k14 k15 k16 k17 k24 k25 k26 k27 k28 k29 k30 k31 k36 k37 k38 k39 k40 k41 k42 k43 k44 k51 k52 k53 k54 k55 k56 k57 k58 k59 k61 k64 k65 k66 k67 k68 k69 k70 k76 k77 k78 k79 k80 k81 k82 k83 k84 k85 k86 k87 k88 k90 k91 k92 k117 k127}
eq 210 balanced bits: [k101] <== {k9 k13 k15 k22 k23 k24 k25 k26 k27 k29 k32 k33 k34 k35 k36 k38 k39 k40 k41 k42 k43 k44 k45 k46 k51 k52 k53 k54 k55 k56 k57 k59 k61 k64 k65 k66 k67 k68 k69 k70 k71 k72 k73 k78 k79 k80 k81 k82 k83 k84 k85 k86 k87 k88 k91 k92 k127}
eq 211 balanced bits: [k44] <== {k10 k12 k14 k16 k21 k22 k23 k24 k25 k28 k30 k35 k36 k37 k38 k39 k40 k41 k42 k43 k45 k46 k50 k52 k53 k54 k55 k56 k57 k58 k60 k63 k64 k65 k66 k67 k68 k69 k70 k71 k72 k73 k75 k76 k77 k78 k79 k80 k81 k82 k83 k84 k85 k86 k87 k114 k124 k126}
eq 212 balanced bits: [k35 k104] <== {k11 k15 k17 k20 k24 k27 k28 k29 k30 k33 k34 k36 k37 k38 k39 k40 k41 k42 k43 k44 k45 k46 k52 k53 k54 k55 k56 k59 k60 k61 k64 k65 k66 k67 k68 k69 k70 k71 k72 k78 k79 k80 k81 k82 k83 k84 k85 k86 k87 k88 k89 k93 k95 k97 k102 k105 k111}
eq 213 balanced bits: [k21 k107] <== {k12 k13 k14 k15 k16 k17 k22 k23 k24 k25 k29 k30 k37 k38 k39 k40 k41 k42 k43 k46 k47 k48 k49 k50 k51 k53 k54 k55 k56 k57 k59 k63 k64 k65 k67 k72 k78 k79 k80 k81 k82 k83 k88 k89 k90 k91 k97 k98 k99 k105 k106 k113 k114 k115 k116 k118 k126}
eq 214 balanced bits: [k26 k35 k36 k95 k104] <== {k2 k12 k15 k16 k17 k20 k21 k22 k27 k29 k30 k34 k40 k41 k42 k43 k44 k45 k46 k52 k53 k54 k55 k56 k57 k59 k61 k65 k66 k67 k68 k69 k70 k71 k72 k73 k78 k79 k80 k81 k82 k83 k84 k85 k86 k87 k88 k89 k90 k91 k92 k99 k103 k113}
eq 215 balanced bits: [k57] <== {k2 k3 k4 k11 k12 k13 k14 k16 k18 k21 k22 k23 k29 k30 k31 k36 k38 k39 k40 k41 k42 k43 k44 k45 k46 k50 k53 k54 k55 k56 k60 k61 k62 k63 k64 k65 k66 k67 k75 k76 k77 k78 k79 k80 k81 k82 k83 k85 k86 k87 k88 k89 k90 k91 k105 k108 k114 k124}
eq 216 balanced bits: [k49 k118] <== {k2 k4 k10 k12 k14 k16 k27 k28 k29 k30 k31 k34 k35 k36 k37 k38 k39 k40 k41 k42 k43 k46 k47 k48 k52 k53 k54 k55 k56 k57 k58 k59 k60 k61 k65 k66 k67 k68 k69 k71 k72 k73 k74 k75 k77 k78 k79 k80 k81 k82 k83 k84 k85 k86 k87 k88 k116}
eq 217 balanced bits: [k98 k108] <== {k2 k4 k10 k12 k15 k16 k17 k24 k26 k28 k29 k30 k31 k34 k35 k36 k37 k38 k39 k40 k41 k42 k43 k49 k50 k51 k52 k53 k54 k55 k56 k57 k58 k59 k60 k61 k65 k66 k67 k68 k69 k70 k71 k74 k79 k80 k81 k82 k83 k84 k85 k86 k87 k99 k100 k101 k118}
eq 218 balanced bits: [k3 k21 k46 k90 k95 k105] <== {k11 k13 k15 k24 k25 k26 k27 k28 k29 k30 k31 k36 k37 k38 k39 k40 k41 k42 k43 k44 k45 k52 k53 k54 k55 k56 k57 k58 k59 k61 k64 k65 k66 k67 k68 k69 k70 k71 k72 k77 k78 k79 k80 k81 k82 k83 k84 k85 k86 k87 k88 k98 k113 k127}
eq 219 balanced bits: [k123] <== {k4 k10 k12 k14 k16 k27 k28 k29 k30 k31 k35 k36 k37 k38 k39 k40 k41 k42 k43 k44 k45 k48 k52 k53 k54 k55 k56 k57 k58 k60 k62 k63 k64 k65 k66 k67 k68 k69 k70 k71 k73 k74 k75 k77 k78 k79 k80 k81 k82 k83 k84 k85 k86 k87 k88 k89 k114 k117 k127}
eq 220 balanced bits: [k110] <== {k4 k10 k12 k14 k16 k28 k29 k30 k31 k35 k36 k37 k38 k39 k40 k41 k42 k43 k45 k46 k48 k50 k51 k53 k54 k55 k56 k57 k60 k62 k63 k64 k65 k66 k67 k68 k69 k70 k71 k72 k73 k74 k75 k76 k77 k78 k79 k80 k81 k82 k83 k85 k86 k87 k88 k89 k111 k114 k125}
eq 221 balanced bits: [k73] <== {k4 k5 k6 k21 k27 k31 k33 k36 k39 k40 k41 k43 k47 k48 k49 k52 k53 k54 k55 k57 k59 k60 k61 k64 k65 k66 k67 k68 k69 k70 k71 k72 k74 k75 k76 k78 k79 k80 k81 k82 k83 k84 k85 k86 k87 k88 k90 k91 k92 k95 k99 k102 k105 k107 k116 k117 k124 k125 k126}
eq 222 balanced bits: [k13 k17 k22 k23 k47 k71 k91 k96 k106] <== {k12 k14 k16 k21 k26 k28 k29 k30 k31 k37 k38 k39 k40 k41 k42 k43 k45 k46 k49 k51 k52 k53 k54 k55 k56 k57 k58 k60 k64 k65 k66 k67 k68 k69 k70 k72 k79 k80 k81 k82 k83 k84 k85 k86 k87 k90 k98 k99 k100 k108 k114 k115}
eq 223 balanced bits: [k117] <== {k2 k4 k10 k12 k16 k23 k24 k25 k26 k27 k28 k29 k30 k31 k35 k36 k37 k38 k39 k40 k41 k42 k43 k45 k46 k47 k48 k51 k52 k53 k54 k55 k56 k57 k58 k63 k64 k65 k66 k67 k68 k69 k71 k72 k73 k77 k78 k79 k80 k81 k82 k83 k84 k85 k97 k99 k107 k114 k116 k126}
eq 224 balanced bits: [k20] <== {k3 k11 k13 k15 k17 k24 k25 k26 k27 k28 k29 k31 k34 k36 k37 k38 k39 k40 k41 k42 k43 k44 k46 k47 k52 k53 k54 k55 k56 k57 k58 k59 k60 k61 k64 k65 k66 k67 k68 k69 k70 k71 k72 k73 k74 k78 k79 k80 k81 k82 k83 k84 k85 k86 k87 k88 k89 k93 k97 k127}
eq 225 balanced bits: [k25 k35 k94] <== {k3 k11 k15 k17 k27 k29 k31 k34 k36 k37 k38 k39 k40 k41 k42 k43 k44 k45 k46 k47 k51 k52 k53 k54 k55 k56 k57 k58 k59 k60 k61 k62 k64 k65 k66 k67 k68 k69 k70 k71 k72 k73 k74 k77 k78 k79 k80 k81 k82 k83 k84 k85 k86 k87 k88 k89 k103 k110}
eq 226 balanced bits: [k26] <== {k4 k10 k12 k14 k16 k23 k24 k25 k28 k29 k30 k31 k33 k35 k36 k37 k38 k39 k40 k41 k42 k43 k46 k47 k48 k51 k52 k53 k54 k55 k56 k57 k58 k60 k62 k65 k66 k67 k68 k69 k71 k72 k73 k74 k75 k77 k78 k79 k80 k81 k82 k83 k84 k85 k86 k87 k88 k89 k92 k126}
eq 227 balanced bits: [k22 k72 k91] <== {k10 k12 k13 k14 k16 k17 k21 k23 k24 k25 k26 k28 k29 k30 k35 k36 k37 k38 k39 k40 k41 k42 k43 k48 k51 k52 k53 k54 k55 k56 k57 k58 k59 k60 k64 k65 k66 k67 k68 k69 k70 k71 k73 k74 k75 k77 k78 k79 k80 k81 k82 k83 k84 k85 k86 k87 k90 k98 k126}
eq 228 balanced bits: [k97] <== {k3 k11 k13 k15 k24 k25 k26 k28 k29 k31 k33 k34 k36 k37 k38 k39 k40 k41 k42 k43 k44 k45 k46 k47 k53 k54 k55 k56 k57 k58 k59 k60 k61 k62 k64 k65 k66 k67 k68 k69 k70 k71 k72 k73 k74 k78 k79 k80 k81 k82 k83 k84 k85 k86 k87 k88 k89 k102 k103 k115 k117}
eq 229 balanced bits: [k5 k37 k47 k56 k106 k115] <== {k0 k1 k3 k4 k7 k8 k9 k10 k11 k12 k13 k14 k17 k20 k21 k22 k23 k24 k30 k33 k35 k42 k45 k48 k52 k54 k58 k59 k60 k62 k63 k64 k65 k66 k67 k68 k76 k77 k78 k84 k85 k86 k87 k88 k89 k90 k91 k92 k101 k104 k111 k113 k117 k123 k125 k126 k127}
eq 230 balanced bits: [k20] <== {k1 k11 k13 k15 k17 k27 k29 k30 k31 k36 k37 k38 k39 k40 k41 k42 k43 k44 k45 k46 k47 k48 k51 k52 k53 k54 k55 k56 k57 k58 k59 k61 k64 k65 k66 k67 k68 k69 k70 k72 k73 k74 k76 k77 k78 k79 k80 k81 k82 k83 k84 k85 k86 k87 k88 k89 k90 k91 k92 k114 k115 k117}
eq 231 balanced bits: [k20 k89] <== {k12 k13 k14 k15 k16 k23 k24 k25 k26 k27 k30 k33 k39 k40 k41 k42 k43 k46 k47 k48 k49 k50 k52 k53 k54 k55 k56 k58 k59 k60 k61 k64 k65 k66 k67 k68 k69 k70 k72 k73 k74 k78 k79 k80 k81 k82 k84 k85 k86 k87 k88 k90 k91 k92 k98 k99 k100 k111 k115 k117 k127}
eq 232 balanced bits: [k63] <== {k12 k13 k14 k17 k21 k23 k27 k29 k31 k37 k38 k39 k40 k41 k42 k43 k44 k45 k46 k47 k48 k49 k50 k52 k53 k54 k55 k56 k57 k58 k59 k61 k65 k66 k67 k68 k69 k70 k71 k72 k73 k78 k79 k80 k81 k82 k83 k84 k85 k86 k87 k88 k89 k90 k91 k92 k96 k97 k98 k99 k100 k115}
eq 233 balanced bits: [k26 k35 k36 k95 k104] <== {k1 k3 k11 k15 k16 k17 k18 k21 k24 k27 k28 k29 k31 k34 k40 k41 k42 k43 k44 k45 k46 k47 k52 k53 k54 k55 k56 k58 k59 k61 k62 k65 k66 k67 k68 k69 k70 k71 k72 k73 k74 k78 k79 k80 k81 k82 k83 k84 k85 k86 k87 k88 k89 k90 k91 k92 k93 k103 k115}
eq 234 balanced bits: [k21] <== {k10 k11 k12 k15 k17 k24 k27 k28 k29 k30 k31 k34 k39 k40 k41 k42 k43 k44 k45 k46 k47 k52 k53 k54 k55 k56 k57 k58 k59 k61 k62 k64 k65 k66 k67 k68 k69 k70 k71 k72 k73 k74 k78 k79 k80 k81 k82 k83 k84 k85 k86 k87 k88 k89 k90 k91 k92 k93 k99 k103 k111 k113 k115}
eq 235 balanced bits: [k3] <== {k7 k12 k13 k14 k15 k23 k25 k27 k28 k29 k30 k32 k33 k34 k39 k40 k41 k42 k43 k47 k48 k49 k50 k51 k52 k53 k54 k55 k56 k57 k59 k60 k61 k64 k65 k66 k67 k68 k69 k70 k72 k73 k74 k75 k76 k78 k79 k80 k81 k82 k83 k84 k85 k86 k87 k88 k90 k91 k92 k98 k99 k100 k115}
eq 236 balanced bits: [k97 k107] <== {k4 k10 k12 k14 k16 k23 k24 k25 k26 k28 k29 k30 k31 k35 k36 k37 k38 k39 k40 k41 k42 k43 k45 k47 k48 k51 k52 k53 k54 k55 k56 k57 k58 k60 k64 k65 k66 k67 k68 k69 k70 k71 k72 k73 k74 k75 k77 k78 k79 k80 k81 k82 k83 k84 k85 k86 k87 k98 k114 k116 k125 k126}
eq 237 balanced bits: [k29 k103] <== {k5 k13 k14 k15 k16 k17 k21 k23 k24 k25 k30 k31 k32 k33 k34 k38 k39 k40 k41 k42 k43 k44 k46 k47 k48 k49 k50 k51 k52 k53 k54 k55 k56 k57 k58 k59 k60 k67 k68 k69 k70 k71 k73 k74 k75 k76 k78 k79 k80 k81 k82 k83 k84 k85 k86 k93 k98 k99 k100 k101 k102 k117}
eq 238 balanced bits: [k10 k37 k117] <== {k5 k6 k7 k13 k14 k15 k16 k22 k23 k24 k25 k28 k32 k35 k36 k38 k39 k40 k41 k42 k43 k45 k47 k48 k49 k50 k51 k53 k54 k55 k56 k57 k58 k59 k60 k61 k63 k64 k65 k66 k67 k68 k69 k73 k74 k75 k79 k80 k81 k82 k83 k84 k85 k86 k87 k88 k108 k114 k116 k125 k126}
eq 239 balanced bits: [k71] <== {k6 k12 k13 k14 k15 k16 k17 k22 k24 k28 k31 k32 k33 k34 k37 k38 k39 k40 k41 k42 k44 k47 k48 k49 k50 k51 k53 k54 k55 k56 k57 k58 k59 k60 k61 k64 k67 k68 k69 k70 k72 k74 k75 k76 k77 k81 k82 k83 k84 k85 k89 k90 k91 k92 k97 k98 k99 k100 k101 k116 k117 k118 k119}
eq 240 balanced bits: [k63 k90 k97] <== {k1 k11 k15 k17 k20 k22 k23 k24 k28 k29 k32 k33 k36 k38 k39 k40 k41 k42 k43 k44 k45 k47 k48 k53 k54 k55 k56 k57 k59 k61 k62 k64 k65 k66 k67 k68 k69 k70 k71 k72 k73 k74 k75 k78 k79 k80 k81 k82 k83 k84 k85 k86 k87 k88 k89 k91 k95 k99 k102 k105 k117 k125}
eq 241 balanced bits: [k25 k126] <== {k2 k10 k14 k16 k19 k23 k24 k26 k27 k28 k29 k30 k32 k33 k35 k36 k37 k39 k40 k41 k42 k43 k45 k46 k47 k51 k52 k53 k54 k55 k56 k57 k58 k59 k60 k61 k64 k65 k66 k67 k68 k69 k70 k71 k72 k73 k74 k77 k78 k79 k80 k81 k82 k83 k84 k85 k86 k87 k88 k94 k102 k104 k114}
eq 242 balanced bits: [k4 k36 k46 k55 k63 k105 k108 k114] <== {k2 k3 k11 k12 k13 k14 k15 k21 k22 k23 k24 k32 k37 k38 k39 k40 k41 k42 k47 k48 k49 k50 k51 k53 k54 k57 k58 k59 k61 k62 k64 k65 k66 k67 k68 k69 k72 k74 k78 k79 k80 k81 k83 k84 k85 k87 k88 k89 k90 k91 k97 k98 k99 k100 k101 k116 k124}
eq 243 balanced bits: [k119] <== {k3 k5 k7 k12 k13 k14 k15 k16 k21 k23 k30 k31 k32 k33 k34 k37 k38 k39 k40 k41 k42 k46 k47 k48 k49 k50 k51 k54 k55 k56 k57 k58 k59 k60 k62 k64 k65 k66 k67 k68 k71 k73 k76 k77 k78 k79 k80 k81 k82 k83 k84 k89 k90 k91 k92 k96 k97 k98 k99 k100 k114 k115 k116 k117}
eq 244 balanced bits: [k71] <== {k7 k12 k13 k14 k15 k16 k21 k23 k25 k31 k32 k33 k34 k37 k38 k39 k40 k41 k42 k43 k46 k47 k48 k49 k50 k51 k52 k53 k54 k55 k56 k57 k58 k59 k60 k65 k66 k67 k68 k73 k74 k75 k76 k78 k79 k80 k81 k82 k83 k84 k90 k91 k92 k96 k97 k98 k99 k100 k101 k102 k115 k116 k117 k118}
eq 245 balanced bits: [k113] <== {k1 k10 k11 k12 k13 k15 k17 k20 k21 k22 k24 k27 k29 k30 k31 k34 k36 k37 k38 k39 k40 k41 k42 k43 k44 k45 k46 k47 k52 k53 k54 k55 k56 k57 k58 k59 k60 k61 k64 k65 k66 k67 k68 k69 k70 k71 k72 k73 k74 k78 k79 k80 k81 k82 k83 k84 k85 k86 k87 k88 k89 k93 k95 k105 k123}
eq 246 balanced bits: [k10 k26] <== {k2 k12 k13 k14 k15 k16 k17 k22 k24 k27 k28 k29 k30 k31 k32 k35 k36 k37 k38 k39 k40 k41 k42 k43 k45 k47 k48 k49 k50 k51 k52 k53 k54 k55 k56 k57 k58 k59 k62 k65 k66 k67 k68 k69 k70 k73 k74 k75 k77 k78 k79 k80 k81 k82 k83 k84 k85 k87 k88 k89 k100 k114 k116 k118}
eq 247 balanced bits: [k4 k22 k25 k63 k122 k126] <== {k3 k11 k12 k15 k17 k20 k23 k24 k26 k27 k29 k36 k37 k38 k39 k40 k41 k42 k43 k44 k45 k46 k47 k52 k53 k54 k55 k56 k57 k58 k59 k60 k61 k62 k64 k65 k66 k67 k68 k69 k70 k71 k72 k73 k74 k78 k79 k80 k81 k82 k83 k84 k85 k86 k87 k88 k89 k95 k114 k115}
eq 248 balanced bits: [k4 k22 k25 k63 k122 k126] <== {k11 k12 k13 k15 k16 k17 k20 k21 k23 k24 k26 k27 k28 k29 k34 k36 k37 k38 k39 k40 k41 k42 k43 k44 k45 k46 k52 k53 k54 k55 k56 k57 k58 k59 k60 k64 k65 k66 k67 k68 k69 k70 k71 k72 k78 k79 k80 k81 k82 k83 k84 k85 k86 k87 k89 k90 k93 k95 k105 k111}
eq 249 balanced bits: [k123] <== {k6 k10 k12 k13 k14 k15 k16 k17 k21 k22 k23 k24 k31 k32 k33 k35 k36 k37 k38 k39 k40 k41 k42 k47 k48 k49 k50 k51 k53 k54 k55 k56 k57 k58 k59 k64 k65 k66 k67 k68 k69 k72 k75 k76 k77 k78 k79 k80 k81 k83 k84 k85 k89 k90 k91 k92 k97 k98 k99 k115 k116 k117 k118 k124 k125}
eq 250 balanced bits: [k10 k97] <== {k11 k15 k17 k20 k21 k22 k27 k28 k29 k30 k31 k33 k36 k37 k38 k39 k40 k41 k42 k43 k44 k45 k46 k47 k52 k53 k54 k55 k56 k57 k58 k59 k60 k61 k64 k65 k66 k67 k68 k69 k70 k71 k72 k73 k74 k78 k79 k80 k81 k82 k83 k84 k85 k86 k87 k88 k90 k91 k92 k99 k102 k111 k114 k116 k123}
eq 251 balanced bits: [k6 k107] <== {k2 k3 k4 k5 k11 k12 k13 k14 k15 k16 k18 k19 k20 k21 k22 k23 k24 k25 k28 k36 k38 k39 k40 k41 k42 k43 k46 k47 k48 k49 k50 k51 k55 k56 k58 k59 k60 k61 k62 k63 k64 k65 k67 k72 k81 k82 k83 k85 k86 k87 k88 k89 k90 k91 k97 k98 k99 k105 k106 k114 k117 k118 k122 k124 k126}
eq 252 balanced bits: [k3] <== {k11 k13 k14 k15 k16 k17 k23 k28 k29 k30 k31 k33 k36 k37 k38 k39 k40 k41 k42 k43 k44 k46 k47 k48 k49 k50 k53 k54 k55 k56 k57 k58 k59 k61 k64 k65 k66 k67 k68 k69 k70 k72 k73 k74 k78 k79 k80 k81 k82 k83 k84 k85 k86 k87 k88 k90 k91 k92 k95 k98 k99 k100 k102 k105 k115 k117}
eq 253 balanced bits: [k118] <== {k3 k4 k5 k12 k13 k14 k15 k17 k20 k21 k22 k23 k24 k29 k31 k34 k37 k39 k40 k41 k42 k43 k44 k45 k46 k47 k48 k49 k53 k54 k55 k56 k57 k58 k59 k62 k63 k64 k65 k66 k68 k69 k70 k72 k73 k74 k78 k79 k80 k81 k82 k84 k85 k86 k90 k91 k92 k93 k104 k105 k106 k107 k108 k115 k123 k125}
eq 254 balanced bits: [k22] <== {k11 k12 k15 k16 k17 k20 k21 k29 k31 k33 k36 k37 k38 k39 k40 k41 k42 k43 k44 k45 k46 k47 k48 k49 k53 k54 k55 k56 k57 k58 k59 k60 k61 k64 k65 k66 k67 k68 k69 k70 k71 k72 k74 k75 k76 k78 k79 k80 k81 k82 k83 k84 k85 k86 k87 k88 k89 k90 k95 k99 k102 k105 k116 k117 k124 k125 k126}
eq 255 balanced bits: [k117] <== {k12 k13 k14 k15 k16 k18 k21 k22 k23 k24 k25 k28 k29 k30 k31 k34 k37 k38 k39 k40 k41 k42 k43 k44 k45 k47 k48 k49 k52 k53 k54 k55 k56 k57 k58 k59 k61 k63 k64 k65 k66 k67 k68 k69 k70 k71 k72 k77 k78 k79 k80 k81 k82 k83 k84 k85 k86 k87 k88 k90 k97 k98 k99 k103 k114 k116 k126}
eq 256 balanced bits: [k23 k33 k92] <== {k2 k4 k12 k14 k16 k19 k26 k27 k28 k29 k30 k31 k32 k34 k37 k38 k39 k40 k41 k42 k43 k45 k46 k47 k48 k49 k50 k51 k52 k53 k54 k55 k56 k57 k58 k59 k60 k61 k65 k66 k67 k68 k69 k70 k71 k72 k73 k74 k75 k76 k77 k78 k79 k80 k81 k82 k83 k84 k85 k86 k87 k88 k100 k110 k115}
eq 257 balanced bits: [k113] <== {k1 k10 k11 k12 k15 k17 k20 k21 k22 k24 k25 k26 k29 k30 k31 k33 k35 k36 k37 k38 k39 k40 k41 k42 k43 k44 k45 k46 k47 k53 k54 k55 k56 k57 k58 k59 k60 k61 k64 k65 k66 k67 k68 k69 k70 k71 k72 k73 k74 k78 k79 k80 k81 k82 k83 k84 k85 k86 k87 k88 k89 k95 k102 k104 k105 k115 k123 k127}
eq 258 balanced bits: [k110] <== {k2 k10 k14 k16 k21 k26 k27 k28 k29 k30 k31 k34 k35 k36 k37 k38 k39 k40 k41 k42 k43 k46 k47 k48 k49 k51 k52 k53 k54 k55 k56 k57 k58 k59 k60 k61 k62 k63 k64 k65 k66 k67 k68 k69 k70 k71 k72 k73 k74 k75 k76 k77 k78 k79 k80 k81 k82 k83 k84 k85 k86 k87 k88 k89 k90 k96 k106 k123}
eq 259 balanced bits: [k99 k107] <== {k2 k4 k10 k12 k14 k16 k26 k27 k28 k29 k30 k31 k34 k35 k36 k37 k38 k39 k40 k41 k42 k43 k45 k46 k47 k48 k51 k52 k53 k54 k55 k56 k57 k58 k59 k60 k61 k62 k65 k66 k67 k68 k69 k70 k71 k72 k73 k74 k75 k77 k78 k79 k80 k81 k82 k83 k84 k85 k86 k87 k88 k89 k97 k100 k115 k116 k126}
eq 260 balanced bits: [k48] <== {k3 k11 k15 k17 k20 k22 k23 k24 k27 k28 k29 k30 k31 k36 k37 k38 k39 k40 k41 k42 k43 k44 k45 k46 k47 k51 k52 k53 k54 k55 k56 k57 k58 k59 k61 k64 k65 k66 k67 k68 k69 k70 k71 k72 k73 k74 k76 k77 k78 k79 k80 k81 k82 k83 k84 k85 k86 k87 k88 k89 k90 k91 k92 k98 k114 k115 k117 k125}
eq 261 balanced bits: [k64 k123] <== {k4 k10 k12 k14 k16 k21 k23 k24 k25 k26 k28 k29 k30 k31 k32 k35 k36 k37 k38 k39 k40 k41 k42 k43 k44 k45 k47 k48 k51 k52 k53 k54 k55 k56 k57 k58 k59 k60 k62 k65 k66 k67 k68 k69 k70 k71 k72 k73 k74 k75 k77 k78 k79 k80 k81 k82 k83 k84 k85 k86 k87 k88 k89 k90 k100 k116 k126}
eq 262 balanced bits: [k99 k125] <== {k4 k10 k14 k16 k23 k24 k25 k26 k28 k29 k30 k31 k32 k33 k35 k36 k37 k38 k39 k40 k41 k42 k43 k44 k46 k47 k48 k51 k52 k53 k54 k55 k56 k57 k58 k59 k60 k63 k64 k65 k66 k67 k68 k69 k70 k71 k73 k74 k75 k77 k78 k79 k80 k81 k82 k83 k84 k85 k86 k87 k88 k89 k90 k102 k115 k116 k126}
eq 263 balanced bits: [k38 k63 k97] <== {k4 k5 k6 k15 k17 k28 k29 k30 k33 k36 k40 k41 k42 k43 k44 k45 k46 k47 k48 k52 k53 k54 k55 k56 k57 k58 k59 k60 k61 k62 k65 k66 k67 k68 k69 k70 k71 k72 k73 k74 k75 k78 k79 k80 k81 k82 k83 k84 k85 k86 k87 k88 k89 k90 k91 k92 k95 k99 k102 k105 k107 k111 k113 k115 k116 k117}
eq 264 balanced bits: [k118] <== {k1 k3 k4 k5 k7 k8 k9 k10 k12 k13 k14 k15 k16 k18 k21 k22 k23 k24 k28 k31 k32 k33 k34 k37 k38 k39 k40 k46 k47 k48 k49 k50 k51 k52 k56 k57 k58 k59 k60 k62 k63 k64 k65 k66 k67 k74 k75 k76 k81 k82 k83 k84 k86 k87 k88 k90 k91 k92 k93 k99 k106 k107 k111 k115 k117 k120 k124 k125 k126}
eq 265 balanced bits: [k9] <== {k1 k3 k11 k13 k15 k17 k20 k27 k29 k30 k31 k33 k34 k35 k36 k37 k38 k39 k40 k41 k42 k43 k44 k45 k46 k47 k48 k52 k53 k54 k55 k56 k57 k58 k59 k60 k61 k64 k65 k66 k67 k68 k69 k70 k71 k72 k73 k74 k75 k78 k79 k80 k81 k82 k83 k84 k85 k86 k87 k88 k89 k95 k98 k102 k104 k105 k111 k114 k117}
eq 266 balanced bits: [k20 k89] <== {k2 k4 k10 k12 k14 k16 k21 k26 k27 k28 k29 k30 k31 k32 k35 k36 k37 k38 k39 k40 k41 k42 k43 k44 k45 k47 k48 k51 k52 k53 k54 k55 k56 k57 k58 k59 k60 k63 k64 k65 k66 k67 k68 k69 k70 k71 k72 k73 k74 k75 k77 k78 k79 k80 k81 k82 k83 k84 k85 k86 k87 k90 k96 k98 k100 k106 k115 k123}
eq 267 balanced bits: [k25 k94 k123] <== {k2 k4 k10 k12 k14 k15 k16 k17 k20 k26 k27 k28 k29 k30 k31 k32 k35 k36 k37 k38 k39 k40 k41 k42 k43 k44 k45 k47 k48 k51 k52 k53 k54 k55 k56 k57 k58 k59 k60 k64 k65 k66 k67 k68 k69 k70 k71 k72 k73 k74 k75 k77 k78 k79 k80 k81 k82 k83 k84 k85 k86 k87 k89 k96 k98 k100 k106 k110}
eq 268 balanced bits: [k97] <== {k3 k11 k13 k15 k17 k20 k22 k24 k25 k26 k27 k28 k29 k30 k31 k32 k36 k37 k38 k39 k40 k41 k42 k43 k44 k45 k46 k47 k50 k51 k52 k53 k54 k55 k56 k57 k58 k59 k61 k64 k65 k66 k67 k68 k69 k70 k71 k72 k73 k74 k76 k77 k78 k79 k80 k81 k82 k83 k84 k85 k86 k87 k88 k89 k91 k101 k109 k113 k124 k127}
eq 269 balanced bits: [k21 k90] <== {k4 k13 k14 k15 k16 k22 k23 k24 k25 k28 k29 k30 k31 k33 k34 k38 k39 k40 k41 k42 k43 k46 k47 k48 k49 k50 k51 k53 k54 k55 k56 k57 k58 k59 k60 k61 k62 k64 k65 k66 k67 k68 k69 k71 k72 k73 k74 k75 k78 k79 k80 k81 k82 k83 k84 k85 k86 k87 k88 k89 k92 k97 k98 k99 k100 k101 k112 k123 k126}
eq 270 balanced bits: [k25 k126] <== {k4 k13 k14 k15 k16 k22 k23 k24 k28 k29 k30 k31 k33 k38 k39 k40 k41 k42 k43 k47 k48 k49 k50 k51 k52 k53 k54 k55 k56 k57 k58 k59 k60 k63 k64 k65 k66 k67 k68 k69 k72 k73 k74 k75 k76 k77 k78 k79 k80 k81 k82 k83 k84 k85 k86 k87 k89 k90 k91 k92 k97 k98 k99 k100 k101 k116 k117 k118 k119}
eq 271 balanced bits: [k109] <== {k12 k13 k14 k15 k16 k17 k21 k23 k25 k31 k33 k37 k38 k39 k40 k41 k42 k43 k44 k46 k47 k48 k49 k50 k51 k52 k53 k55 k56 k57 k58 k59 k60 k61 k63 k64 k65 k66 k67 k68 k69 k70 k71 k72 k73 k74 k75 k76 k77 k78 k79 k80 k81 k82 k83 k84 k85 k86 k87 k88 k89 k90 k91 k92 k96 k97 k98 k99 k100 k115 k117}
eq 272 balanced bits: [k32] <== {k2 k4 k10 k12 k14 k16 k23 k24 k25 k26 k27 k28 k29 k30 k31 k33 k35 k36 k37 k38 k39 k40 k41 k42 k43 k44 k45 k46 k48 k51 k52 k53 k54 k55 k56 k57 k58 k59 k60 k61 k62 k63 k64 k65 k66 k67 k68 k69 k70 k71 k72 k73 k74 k75 k77 k78 k79 k80 k81 k82 k83 k84 k85 k86 k87 k88 k89 k92 k98 k110 k126}
eq 273 balanced bits: [k33] <== {k2 k4 k10 k12 k14 k16 k26 k27 k28 k29 k30 k31 k35 k36 k37 k38 k39 k40 k41 k42 k43 k44 k46 k47 k48 k49 k50 k51 k52 k53 k54 k55 k56 k57 k58 k59 k60 k61 k62 k63 k64 k65 k66 k67 k68 k69 k70 k71 k72 k73 k74 k75 k76 k77 k78 k79 k80 k81 k82 k83 k84 k85 k86 k87 k88 k89 k97 k99 k107 k116 k118}
eq 274 balanced bits: [k96 k106] <== {k2 k4 k14 k16 k21 k23 k24 k25 k26 k27 k28 k29 k30 k31 k34 k37 k38 k39 k40 k41 k42 k43 k44 k46 k47 k48 k51 k52 k53 k54 k55 k56 k57 k58 k59 k60 k61 k63 k64 k65 k66 k67 k68 k69 k70 k71 k72 k73 k74 k75 k76 k77 k78 k79 k80 k81 k82 k83 k84 k85 k86 k87 k88 k90 k97 k98 k100 k107 k108 k126}
eq 275 balanced bits: [k32 k101] <== {k1 k3 k11 k15 k17 k20 k21 k22 k27 k28 k29 k31 k36 k37 k38 k39 k40 k41 k42 k43 k44 k45 k46 k47 k48 k51 k52 k53 k54 k55 k56 k57 k58 k59 k60 k61 k62 k64 k65 k66 k67 k68 k69 k70 k71 k72 k73 k74 k76 k77 k78 k79 k80 k81 k82 k83 k84 k85 k86 k87 k88 k89 k90 k91 k92 k97 k114 k115 k116 k117 k123}
eq 276 balanced bits: [k125] <== {k2 k10 k12 k14 k15 k16 k17 k22 k24 k27 k28 k29 k30 k34 k35 k36 k37 k38 k39 k40 k41 k42 k43 k44 k45 k46 k47 k48 k49 k50 k51 k52 k53 k54 k55 k56 k57 k58 k59 k60 k61 k64 k65 k66 k67 k68 k69 k70 k71 k72 k73 k74 k75 k77 k78 k79 k80 k81 k82 k83 k84 k85 k86 k87 k88 k98 k99 k100 k101 k110 k116 k118}
eq 277 balanced bits: [k19] <== {k2 k4 k10 k14 k16 k23 k24 k25 k26 k27 k28 k29 k30 k31 k33 k35 k36 k37 k38 k39 k40 k41 k42 k43 k44 k46 k47 k48 k51 k52 k53 k54 k55 k56 k57 k58 k59 k60 k61 k62 k63 k64 k65 k66 k67 k68 k69 k70 k71 k72 k73 k74 k75 k77 k78 k79 k80 k81 k82 k83 k84 k85 k86 k87 k88 k89 k94 k102 k111 k114 k116 k126}
eq 278 balanced bits: [k37 k47 k106 k108 k126] <== {k3 k5 k7 k10 k11 k12 k13 k14 k15 k16 k20 k22 k23 k24 k30 k31 k32 k33 k34 k38 k39 k40 k41 k43 k48 k49 k50 k53 k54 k55 k56 k57 k58 k59 k60 k62 k63 k65 k66 k67 k68 k69 k70 k73 k74 k75 k76 k78 k79 k80 k81 k82 k83 k84 k88 k89 k90 k91 k92 k93 k98 k99 k100 k113 k115 k117 k124 k125}
eq 279 balanced bits: [k124] <== {k3 k9 k11 k13 k15 k17 k20 k24 k25 k26 k27 k28 k29 k30 k31 k32 k34 k35 k36 k37 k38 k39 k40 k41 k42 k43 k44 k45 k46 k47 k48 k52 k53 k54 k55 k56 k57 k58 k59 k60 k61 k62 k64 k65 k66 k67 k68 k69 k70 k71 k72 k73 k74 k75 k78 k79 k80 k81 k82 k83 k84 k85 k86 k87 k88 k89 k99 k100 k101 k116 k117 k127}
eq 280 balanced bits: [k98 k125] <== {k3 k9 k11 k15 k17 k20 k24 k27 k28 k29 k30 k31 k33 k34 k35 k36 k37 k38 k39 k40 k41 k42 k43 k44 k45 k46 k47 k48 k52 k53 k54 k55 k56 k57 k58 k59 k61 k64 k65 k66 k67 k68 k69 k70 k71 k72 k73 k74 k75 k77 k78 k79 k80 k81 k82 k83 k84 k85 k86 k87 k88 k89 k93 k95 k102 k104 k105 k115 k116 k123 k124}
eq 281 balanced bits: [k20 k98 k125] <== {k3 k9 k11 k15 k17 k24 k27 k28 k29 k30 k31 k33 k34 k35 k36 k37 k38 k39 k40 k41 k42 k43 k44 k45 k46 k47 k48 k52 k53 k54 k55 k56 k57 k58 k59 k61 k64 k65 k66 k67 k68 k69 k70 k71 k72 k73 k74 k75 k77 k78 k79 k80 k81 k82 k83 k84 k85 k86 k87 k88 k89 k93 k95 k102 k105 k111 k115 k116 k123 k124}
eq 282 balanced bits: [k126] <== {k4 k10 k13 k14 k16 k18 k22 k23 k24 k25 k28 k29 k30 k31 k32 k33 k35 k36 k37 k38 k39 k40 k41 k42 k43 k44 k45 k46 k47 k48 k49 k50 k52 k53 k54 k55 k56 k57 k58 k59 k60 k61 k62 k65 k66 k67 k68 k69 k70 k71 k72 k73 k75 k76 k77 k78 k79 k80 k81 k82 k83 k84 k85 k86 k87 k88 k89 k94 k97 k98 k99 k113}
eq 283 balanced bits: [k33 k102] <== {k1 k11 k13 k15 k17 k20 k22 k23 k24 k26 k27 k29 k31 k32 k36 k37 k38 k39 k40 k41 k42 k43 k44 k45 k46 k48 k51 k52 k53 k54 k55 k56 k57 k58 k59 k60 k61 k63 k64 k65 k66 k67 k68 k69 k70 k71 k72 k73 k74 k75 k76 k77 k78 k79 k80 k81 k82 k83 k84 k85 k86 k87 k88 k89 k90 k98 k111 k114 k115 k117 k125 k127}
eq 284 balanced bits: [k25 k126] <== {k2 k4 k12 k13 k14 k16 k18 k22 k23 k24 k26 k27 k28 k29 k30 k31 k32 k37 k38 k39 k40 k41 k42 k43 k44 k45 k46 k47 k48 k49 k50 k51 k52 k53 k54 k55 k56 k57 k58 k59 k60 k61 k62 k63 k64 k65 k66 k67 k68 k69 k70 k71 k72 k73 k75 k76 k77 k78 k79 k80 k81 k82 k83 k84 k85 k86 k87 k88 k89 k97 k98 k99}
eq 285 balanced bits: [k49 k118] <== {k3 k4 k5 k11 k12 k13 k14 k15 k17 k20 k21 k22 k23 k24 k27 k30 k36 k37 k38 k39 k40 k41 k42 k43 k44 k45 k47 k51 k52 k53 k54 k55 k56 k57 k59 k61 k62 k63 k64 k65 k66 k67 k68 k69 k70 k71 k72 k73 k74 k76 k77 k78 k79 k80 k81 k82 k83 k84 k85 k86 k87 k88 k89 k90 k91 k92 k106 k114 k115 k116 k123 k125}
eq 286 balanced bits: [k118] <== {k1 k3 k4 k5 k10 k11 k12 k13 k14 k15 k16 k20 k21 k22 k23 k24 k30 k32 k35 k36 k37 k39 k40 k41 k42 k45 k46 k47 k49 k51 k53 k54 k55 k56 k58 k59 k60 k62 k63 k64 k65 k66 k67 k74 k75 k76 k77 k78 k79 k80 k81 k82 k84 k85 k86 k87 k88 k89 k90 k91 k92 k99 k104 k105 k106 k108 k113 k114 k115 k117 k123 k124 k125 k126}
eq 287 balanced bits: [k113] <== {k3 k10 k11 k12 k13 k15 k17 k24 k25 k27 k28 k29 k30 k33 k34 k36 k37 k38 k39 k40 k41 k42 k43 k44 k45 k46 k47 k49 k50 k51 k52 k53 k54 k55 k56 k57 k58 k59 k60 k61 k62 k64 k65 k66 k67 k68 k69 k70 k71 k72 k73 k74 k75 k76 k77 k78 k79 k80 k81 k82 k83 k84 k85 k86 k87 k88 k89 k93 k95 k97 k102 k105 k111 k112}
eq 288 balanced bits: [k63] <== {k3 k11 k13 k15 k17 k24 k25 k26 k27 k28 k29 k30 k31 k34 k35 k36 k37 k38 k39 k40 k41 k42 k43 k44 k45 k46 k47 k48 k52 k53 k54 k55 k56 k57 k58 k59 k61 k64 k65 k66 k67 k68 k69 k70 k71 k72 k73 k74 k75 k78 k79 k80 k81 k82 k83 k84 k85 k86 k87 k88 k89 k90 k91 k92 k93 k94 k97 k99 k103 k111 k114 k115 k116 k117}
eq 289 balanced bits: [k97 k112 k113] <== {k3 k11 k15 k17 k20 k22 k23 k24 k25 k26 k27 k28 k29 k30 k31 k33 k36 k37 k38 k39 k40 k41 k42 k43 k44 k45 k46 k48 k51 k52 k53 k54 k55 k56 k57 k58 k59 k60 k61 k63 k64 k65 k66 k67 k68 k69 k70 k71 k72 k73 k76 k77 k78 k79 k80 k81 k82 k83 k84 k85 k86 k87 k88 k89 k102 k111 k114 k115 k117 k122 k125 k127}
eq 290 balanced bits: [k34 k103] <== {k15 k17 k20 k24 k25 k26 k27 k28 k29 k30 k31 k32 k33 k35 k38 k39 k40 k41 k42 k43 k44 k45 k46 k47 k48 k52 k53 k54 k55 k56 k57 k58 k59 k60 k61 k62 k64 k65 k66 k67 k68 k69 k70 k71 k72 k73 k74 k75 k78 k79 k80 k81 k82 k83 k84 k85 k86 k87 k88 k89 k90 k91 k92 k97 k98 k101 k102 k104 k115 k116 k123 k124 k125 k127}
eq 291 balanced bits: [k108] <== {k2 k4 k10 k12 k13 k14 k16 k22 k23 k24 k25 k26 k27 k28 k29 k30 k31 k32 k34 k35 k36 k37 k38 k39 k40 k41 k42 k43 k44 k46 k47 k48 k49 k50 k51 k52 k53 k54 k55 k56 k57 k58 k59 k60 k61 k64 k65 k66 k67 k68 k69 k70 k71 k72 k73 k74 k75 k79 k80 k81 k82 k83 k84 k85 k86 k87 k88 k91 k93 k97 k98 k99 k116 k124 k126}
eq 292 balanced bits: [k23 k33 k92 k110] <== {k2 k4 k10 k12 k14 k16 k21 k26 k27 k28 k29 k30 k31 k32 k34 k35 k36 k37 k38 k39 k40 k41 k42 k43 k44 k45 k46 k47 k48 k49 k51 k52 k53 k54 k55 k56 k57 k58 k59 k60 k61 k63 k64 k65 k66 k67 k68 k69 k70 k71 k72 k73 k74 k75 k76 k77 k78 k79 k80 k81 k82 k83 k84 k85 k86 k87 k88 k90 k98 k100 k116 k123}
eq 293 balanced bits: [k109 k111] <== {k4 k5 k6 k10 k11 k15 k20 k23 k24 k25 k26 k27 k28 k30 k31 k32 k34 k36 k37 k38 k39 k40 k41 k42 k43 k44 k45 k46 k47 k48 k49 k50 k52 k53 k54 k55 k56 k57 k58 k59 k60 k61 k64 k65 k66 k67 k68 k69 k70 k71 k72 k73 k78 k79 k80 k81 k82 k83 k84 k85 k86 k87 k88 k90 k91 k92 k93 k99 k100 k107 k108 k115 k116 k127}
eq 294 balanced bits: [k89] <== {k7 k11 k12 k13 k14 k15 k16 k21 k23 k25 k30 k31 k32 k33 k34 k36 k37 k38 k39 k40 k41 k42 k43 k46 k47 k48 k49 k50 k51 k52 k53 k55 k56 k57 k58 k59 k60 k61 k64 k65 k66 k67 k68 k69 k70 k73 k74 k75 k76 k77 k78 k79 k80 k81 k82 k83 k84 k85 k86 k87 k88 k90 k91 k92 k93 k98 k99 k100 k114 k115 k116 k117 k118 k119 k120}
eq 295 balanced bits: [k101] <== {k12 k13 k14 k15 k16 k17 k21 k23 k25 k27 k29 k31 k32 k33 k37 k38 k39 k40 k41 k42 k43 k44 k45 k46 k47 k48 k49 k50 k51 k52 k53 k54 k55 k56 k57 k58 k59 k60 k61 k62 k63 k64 k65 k66 k67 k68 k69 k70 k71 k73 k76 k77 k78 k79 k80 k81 k82 k83 k84 k85 k86 k87 k88 k89 k90 k91 k92 k94 k96 k97 k98 k99 k100 k114 k115 k117}
eq 296 balanced bits: [k22 k23 k32] <== {k2 k3 k11 k12 k15 k16 k17 k18 k21 k24 k27 k28 k29 k30 k31 k33 k36 k37 k38 k39 k40 k41 k42 k43 k44 k45 k46 k47 k48 k49 k51 k52 k53 k54 k55 k56 k57 k58 k59 k60 k61 k62 k64 k65 k66 k67 k68 k69 k70 k71 k72 k73 k74 k75 k76 k77 k78 k79 k80 k81 k82 k83 k84 k85 k86 k87 k88 k89 k90 k91 k92 k93 k97 k102}
eq 297 balanced bits: [k113] <== {k2 k4 k10 k12 k14 k16 k23 k24 k25 k26 k27 k28 k29 k30 k31 k33 k35 k36 k37 k38 k39 k40 k41 k42 k43 k44 k45 k46 k47 k48 k51 k52 k53 k54 k55 k56 k57 k58 k59 k60 k62 k63 k64 k65 k66 k67 k68 k69 k70 k71 k72 k73 k74 k75 k77 k78 k79 k80 k81 k82 k83 k84 k85 k86 k87 k88 k89 k90 k94 k98 k102 k104 k114 k116 k124 k126}
eq 298 balanced bits: [k123] <== {k2 k4 k9 k10 k11 k12 k16 k21 k28 k29 k30 k31 k33 k34 k35 k36 k37 k38 k39 k40 k41 k42 k43 k44 k46 k47 k48 k49 k52 k53 k54 k55 k56 k57 k58 k59 k60 k61 k62 k63 k64 k65 k66 k67 k68 k69 k70 k71 k72 k73 k74 k75 k76 k77 k78 k79 k80 k81 k82 k83 k84 k85 k86 k87 k88 k89 k90 k94 k96 k98 k100 k103 k104 k106 k112 k116}
eq 299 balanced bits: [k113] <== {k3 k11 k13 k15 k17 k20 k22 k24 k25 k26 k27 k28 k29 k30 k31 k32 k33 k34 k36 k37 k38 k39 k40 k41 k42 k43 k44 k45 k46 k47 k48 k51 k52 k53 k54 k55 k56 k57 k58 k59 k60 k61 k64 k65 k66 k67 k68 k69 k70 k71 k72 k73 k76 k77 k78 k79 k80 k81 k82 k83 k84 k85 k86 k87 k88 k89 k91 k93 k102 k111 k114 k115 k116 k117 k124 k127}
eq 300 balanced bits: [k32 k49 k117 k126] <== {k4 k10 k12 k14 k16 k18 k21 k26 k28 k29 k30 k31 k35 k36 k37 k38 k39 k40 k41 k42 k43 k44 k45 k46 k47 k48 k50 k51 k52 k53 k54 k55 k56 k57 k58 k59 k60 k61 k62 k65 k66 k67 k68 k69 k70 k71 k72 k73 k74 k75 k76 k77 k78 k79 k80 k81 k82 k83 k84 k85 k86 k87 k88 k89 k90 k98 k99 k100 k109 k115 k116 k124 k125}
eq 301 balanced bits: [k32 k94 k101] <== {k1 k11 k15 k17 k19 k20 k27 k28 k29 k35 k38 k39 k40 k41 k42 k43 k44 k45 k46 k47 k48 k51 k52 k53 k54 k55 k56 k57 k58 k59 k60 k61 k62 k63 k64 k65 k66 k67 k68 k69 k70 k71 k72 k73 k74 k75 k76 k77 k78 k79 k80 k81 k82 k83 k84 k85 k86 k87 k88 k89 k90 k91 k92 k97 k98 k104 k112 k113 k114 k115 k116 k122 k123 k124 k125}
eq 302 balanced bits: [k51 k110] <== {k1 k2 k3 k9 k10 k14 k15 k16 k19 k20 k21 k22 k23 k24 k28 k29 k30 k31 k33 k34 k35 k36 k37 k38 k39 k40 k41 k42 k43 k45 k46 k47 k52 k53 k54 k55 k56 k57 k58 k59 k60 k61 k62 k63 k64 k65 k66 k67 k68 k69 k70 k71 k72 k73 k74 k78 k79 k80 k81 k82 k83 k84 k85 k86 k87 k88 k89 k90 k96 k98 k102 k103 k106 k112 k121 k125}
eq 303 balanced bits: [k33] <== {k2 k11 k12 k15 k17 k22 k23 k24 k25 k26 k27 k28 k29 k30 k31 k32 k36 k37 k38 k39 k40 k41 k42 k43 k44 k45 k47 k48 k51 k52 k53 k54 k55 k56 k57 k58 k59 k61 k62 k63 k64 k65 k66 k67 k68 k69 k70 k71 k72 k73 k74 k75 k76 k77 k78 k79 k80 k81 k82 k83 k84 k85 k86 k87 k88 k90 k91 k92 k95 k97 k99 k112 k113 k120 k121 k122 k127}
eq 304 balanced bits: [k26] <== {k2 k4 k10 k12 k14 k16 k18 k22 k23 k24 k25 k27 k28 k29 k30 k31 k33 k34 k35 k36 k37 k38 k39 k40 k41 k42 k43 k44 k45 k46 k47 k48 k51 k52 k53 k54 k55 k56 k57 k58 k59 k60 k61 k63 k64 k65 k66 k67 k68 k69 k70 k71 k72 k73 k74 k75 k77 k78 k79 k80 k81 k82 k83 k84 k85 k86 k87 k88 k94 k97 k98 k99 k103 k104 k107 k116 k126}
eq 305 balanced bits: [k3 k4 k25 k63 k122] <== {k11 k12 k15 k20 k21 k23 k24 k26 k27 k28 k29 k30 k31 k33 k35 k36 k37 k38 k39 k40 k41 k42 k43 k45 k46 k47 k48 k49 k52 k53 k54 k55 k56 k57 k58 k59 k60 k61 k65 k66 k67 k68 k69 k70 k71 k72 k74 k75 k76 k78 k79 k80 k81 k82 k83 k84 k85 k86 k87 k88 k89 k90 k95 k97 k99 k102 k104 k105 k116 k117 k124 k125 k126}
eq 306 balanced bits: [k110] <== {k6 k10 k13 k14 k15 k16 k17 k22 k23 k24 k25 k26 k28 k30 k31 k32 k33 k35 k36 k37 k38 k39 k40 k41 k42 k43 k47 k48 k49 k50 k51 k52 k53 k54 k55 k56 k57 k58 k59 k60 k63 k64 k65 k66 k67 k68 k69 k72 k74 k75 k76 k77 k78 k79 k80 k81 k82 k83 k84 k85 k86 k87 k89 k90 k91 k92 k97 k98 k99 k100 k101 k115 k116 k117 k118 k119 k126}
eq 307 balanced bits: [k23 k92] <== {k4 k10 k12 k14 k16 k18 k21 k26 k28 k29 k30 k31 k33 k34 k35 k36 k37 k38 k39 k40 k41 k42 k43 k44 k45 k46 k47 k48 k49 k51 k52 k53 k54 k55 k56 k57 k58 k59 k60 k61 k63 k64 k65 k66 k67 k68 k69 k70 k71 k72 k73 k74 k75 k76 k77 k78 k79 k80 k81 k82 k83 k84 k85 k86 k87 k88 k90 k94 k95 k97 k99 k100 k104 k105 k107 k114 k116}
eq 308 balanced bits: [k88] <== {k3 k4 k5 k6 k7 k12 k13 k14 k15 k16 k17 k22 k23 k24 k25 k29 k30 k31 k32 k33 k37 k38 k39 k40 k41 k42 k43 k47 k48 k49 k50 k51 k52 k53 k54 k55 k56 k57 k58 k59 k60 k63 k64 k65 k66 k67 k68 k69 k72 k75 k76 k77 k78 k79 k80 k81 k82 k83 k84 k85 k89 k90 k91 k92 k97 k98 k99 k106 k108 k113 k114 k115 k116 k117 k118 k119 k124 k125 k126}
eq 309 balanced bits: [k102] <== {k4 k6 k7 k8 k10 k12 k14 k16 k18 k21 k23 k26 k28 k29 k30 k31 k32 k33 k35 k36 k37 k38 k39 k40 k41 k42 k43 k44 k45 k46 k47 k48 k50 k51 k52 k53 k54 k55 k56 k57 k58 k59 k60 k61 k62 k63 k65 k66 k67 k68 k69 k70 k71 k72 k73 k74 k75 k77 k78 k79 k80 k81 k82 k83 k84 k85 k86 k87 k88 k89 k90 k92 k97 k100 k107 k109 k112 k114 k125}
eq 310 balanced bits: [k36] <== {k5 k12 k13 k14 k15 k16 k17 k18 k21 k23 k25 k27 k28 k30 k31 k32 k33 k37 k38 k39 k40 k41 k42 k43 k44 k45 k46 k47 k48 k49 k50 k51 k52 k53 k54 k55 k56 k57 k58 k59 k60 k64 k65 k66 k67 k68 k69 k70 k71 k72 k73 k74 k75 k78 k79 k80 k81 k82 k83 k84 k85 k86 k87 k90 k91 k92 k95 k96 k97 k98 k99 k100 k101 k102 k105 k111 k112 k115 k119}
eq 311 balanced bits: [k36 k95 k105 k111] <== {k2 k12 k14 k16 k18 k21 k23 k24 k25 k26 k27 k28 k29 k30 k31 k32 k33 k35 k37 k38 k39 k40 k41 k42 k43 k44 k45 k46 k47 k48 k51 k52 k53 k54 k55 k56 k57 k58 k59 k60 k61 k63 k64 k65 k66 k67 k68 k69 k70 k71 k72 k73 k74 k75 k77 k78 k79 k80 k81 k82 k83 k84 k85 k86 k87 k88 k90 k94 k100 k101 k102 k104 k110 k114 k115 k116 k126}
eq 312 balanced bits: [k49 k64 k76] <== {k2 k4 k12 k14 k16 k18 k21 k22 k23 k24 k25 k27 k28 k29 k30 k31 k32 k34 k37 k38 k39 k40 k41 k42 k43 k44 k45 k46 k47 k48 k51 k52 k53 k54 k55 k56 k57 k58 k59 k60 k61 k62 k63 k65 k66 k67 k68 k69 k70 k71 k72 k73 k74 k75 k77 k78 k79 k80 k81 k82 k83 k84 k85 k86 k87 k88 k89 k90 k91 k96 k97 k98 k100 k106 k107 k110 k123 k124 k125 k126}
eq 313 balanced bits: [k21] <== {k2 k4 k5 k6 k10 k11 k12 k15 k20 k23 k24 k26 k27 k28 k29 k30 k31 k32 k33 k34 k36 k38 k39 k40 k41 k42 k43 k44 k45 k47 k48 k49 k50 k51 k52 k53 k54 k55 k56 k57 k58 k59 k61 k62 k64 k65 k66 k67 k68 k69 k70 k71 k72 k73 k74 k78 k79 k80 k81 k82 k83 k84 k85 k86 k87 k88 k89 k90 k91 k92 k93 k95 k97 k98 k99 k100 k102 k107 k108 k109 k111 k114}
eq 314 balanced bits: [k22 k91] <== {k2 k5 k11 k12 k14 k15 k16 k17 k21 k23 k24 k28 k29 k30 k31 k32 k33 k34 k36 k37 k38 k39 k40 k41 k42 k43 k44 k45 k46 k47 k48 k49 k50 k52 k53 k54 k55 k56 k57 k58 k59 k60 k61 k64 k65 k66 k67 k68 k69 k70 k71 k72 k73 k74 k75 k76 k78 k79 k80 k81 k82 k83 k84 k85 k86 k87 k88 k93 k95 k96 k97 k98 k99 k100 k102 k105 k111 k114 k115 k116 k117}
eq 315 balanced bits: [k110] <== {k5 k6 k7 k10 k12 k13 k14 k15 k16 k17 k21 k22 k23 k24 k25 k28 k30 k31 k32 k33 k35 k36 k37 k38 k39 k40 k41 k42 k43 k44 k47 k48 k49 k50 k51 k52 k53 k54 k55 k56 k57 k58 k59 k60 k63 k64 k65 k66 k67 k68 k69 k70 k71 k72 k73 k74 k75 k76 k77 k78 k79 k80 k81 k82 k83 k84 k85 k86 k87 k89 k90 k91 k97 k98 k99 k100 k101 k108 k116 k118 k124 k126}
eq 316 balanced bits: [k25] <== {k1 k11 k12 k15 k20 k21 k22 k23 k24 k26 k27 k29 k30 k32 k35 k36 k37 k38 k39 k40 k41 k42 k43 k44 k45 k46 k47 k48 k49 k50 k51 k52 k53 k54 k55 k56 k57 k58 k59 k60 k61 k64 k65 k66 k67 k68 k69 k70 k71 k72 k73 k74 k76 k77 k78 k79 k80 k81 k82 k83 k84 k85 k86 k87 k88 k90 k91 k92 k94 k95 k96 k97 k98 k101 k112 k113 k114 k115 k116 k117 k123 k125 k127}
eq 317 balanced bits: [k98] <== {k0 k1 k2 k10 k11 k12 k13 k14 k15 k16 k22 k23 k24 k25 k26 k27 k28 k29 k30 k31 k32 k33 k34 k35 k36 k37 k38 k39 k40 k41 k42 k43 k44 k46 k47 k48 k49 k50 k51 k52 k53 k54 k55 k56 k57 k58 k59 k60 k61 k62 k65 k66 k67 k68 k69 k70 k71 k73 k74 k75 k77 k78 k79 k80 k81 k82 k83 k84 k85 k86 k87 k88 k89 k90 k92 k99 k100 k101 k103 k109 k110 k115 k116 k117}
eq 318 balanced bits: [k7 k25 k49 k108 k126] <== {k2 k3 k4 k5 k6 k10 k12 k14 k16 k21 k22 k23 k24 k28 k29 k30 k31 k33 k34 k35 k36 k37 k38 k39 k40 k41 k42 k43 k44 k45 k46 k47 k48 k52 k53 k54 k55 k56 k57 k58 k60 k61 k64 k65 k66 k67 k68 k69 k70 k71 k72 k73 k74 k75 k77 k78 k79 k80 k81 k82 k83 k84 k85 k86 k87 k88 k90 k94 k96 k97 k102 k103 k104 k106 k112 k114 k115 k116 k123 k124}
eq 319 balanced bits: [k108] <== {k11 k12 k13 k14 k15 k17 k22 k23 k27 k28 k29 k30 k31 k32 k35 k36 k37 k38 k39 k40 k41 k42 k43 k44 k45 k46 k47 k48 k49 k50 k52 k53 k54 k55 k56 k57 k58 k59 k60 k61 k62 k64 k65 k66 k67 k68 k69 k70 k71 k72 k73 k74 k75 k76 k78 k79 k80 k81 k82 k83 k84 k85 k86 k87 k88 k89 k90 k91 k92 k94 k96 k97 k98 k99 k100 k104 k105 k106 k112 k115 k116 k117 k118 k124 k125}
eq 320 balanced bits: [k110] <== {k9 k11 k13 k14 k15 k16 k17 k20 k22 k23 k24 k25 k26 k27 k28 k29 k30 k31 k32 k33 k34 k35 k36 k37 k38 k39 k40 k41 k42 k43 k44 k45 k46 k47 k48 k51 k52 k53 k54 k55 k56 k57 k58 k59 k60 k61 k62 k64 k65 k66 k67 k68 k69 k70 k71 k72 k73 k74 k75 k76 k77 k78 k79 k80 k81 k82 k83 k84 k85 k86 k87 k88 k89 k91 k93 k95 k97 k102 k105 k112 k113 k114 k117 k125 k127}
eq 321 balanced bits: [k96 k106] <== {k2 k4 k10 k12 k14 k16 k18 k21 k22 k23 k24 k25 k26 k27 k28 k29 k30 k31 k32 k34 k35 k36 k37 k38 k39 k40 k41 k42 k43 k44 k45 k46 k47 k48 k51 k52 k53 k54 k55 k56 k57 k58 k59 k60 k61 k62 k63 k64 k65 k66 k67 k68 k69 k70 k71 k72 k73 k74 k75 k77 k78 k79 k80 k81 k82 k83 k84 k85 k86 k87 k88 k89 k90 k94 k97 k98 k103 k107 k110 k114 k116 k123 k124 k125 k126}
eq 322 balanced bits: [k107] <== {k3 k9 k11 k13 k15 k17 k20 k22 k23 k24 k25 k26 k27 k28 k29 k30 k31 k32 k34 k35 k36 k37 k38 k39 k40 k41 k42 k43 k44 k45 k46 k47 k48 k49 k50 k51 k52 k53 k54 k55 k56 k57 k58 k59 k60 k61 k64 k65 k66 k67 k68 k69 k70 k71 k72 k73 k74 k75 k76 k77 k78 k79 k80 k81 k82 k83 k84 k85 k86 k87 k88 k89 k95 k97 k99 k101 k103 k104 k105 k109 k111 k113 k114 k115 k124 k125 k127}
eq 323 balanced bits: [k49] <== {k4 k5 k6 k11 k15 k17 k19 k20 k21 k24 k25 k26 k27 k28 k29 k30 k31 k36 k37 k38 k39 k40 k41 k42 k43 k44 k45 k46 k47 k48 k52 k53 k54 k55 k56 k57 k58 k59 k61 k62 k63 k64 k65 k66 k67 k68 k69 k70 k71 k72 k73 k74 k75 k76 k77 k78 k79 k80 k81 k82 k83 k84 k85 k86 k87 k88 k89 k90 k91 k92 k95 k97 k98 k99 k105 k107 k110 k111 k112 k113 k114 k115 k116 k122 k123 k124 k125 k126 k127}
eq 324 balanced bits: [k118] <== {k1 k2 k4 k10 k11 k12 k14 k16 k19 k21 k22 k23 k24 k25 k26 k27 k28 k29 k30 k31 k32 k33 k34 k35 k36 k37 k38 k39 k40 k41 k42 k43 k44 k45 k46 k47 k48 k51 k52 k53 k54 k55 k56 k57 k58 k59 k60 k61 k62 k63 k64 k65 k66 k67 k68 k69 k70 k71 k72 k73 k74 k75 k77 k78 k79 k80 k81 k82 k83 k84 k85 k86 k87 k88 k89 k90 k91 k94 k96 k98 k102 k106 k111 k112 k113 k114 k115 k116 k123 k126}
eq 325 balanced bits: [k98] <== {k1 k2 k7 k8 k11 k12 k13 k15 k17 k20 k22 k23 k24 k26 k27 k28 k29 k30 k33 k34 k35 k36 k37 k38 k39 k40 k41 k42 k43 k44 k45 k46 k47 k51 k52 k53 k54 k55 k56 k57 k58 k59 k60 k61 k62 k63 k64 k65 k66 k67 k68 k69 k70 k71 k72 k73 k74 k76 k78 k79 k80 k81 k82 k83 k84 k85 k86 k87 k88 k89 k90 k91 k92 k93 k94 k95 k99 k102 k110 k111 k112 k113 k114 k115 k116 k119 k120 k121 k125 k126}
eq 326 balanced bits: [k19] <== {k1 k4 k5 k6 k11 k15 k17 k20 k21 k22 k24 k25 k26 k27 k28 k29 k30 k31 k32 k36 k37 k38 k39 k40 k41 k42 k43 k44 k45 k46 k47 k48 k49 k51 k52 k53 k54 k55 k56 k57 k58 k59 k60 k61 k62 k63 k64 k65 k66 k67 k68 k69 k70 k71 k72 k73 k74 k75 k76 k77 k78 k79 k80 k81 k82 k83 k84 k85 k86 k87 k88 k89 k90 k91 k92 k95 k97 k98 k105 k107 k110 k111 k112 k114 k115 k116 k117 k122 k123 k124 k127}
eq 327 balanced bits: [k91] <== {k2 k3 k4 k11 k12 k13 k14 k15 k16 k17 k20 k21 k22 k23 k24 k26 k27 k28 k29 k30 k31 k32 k33 k34 k36 k37 k38 k39 k40 k41 k42 k43 k44 k45 k46 k47 k48 k49 k50 k51 k52 k53 k54 k55 k56 k57 k58 k59 k60 k61 k63 k64 k65 k66 k67 k68 k69 k70 k71 k72 k73 k74 k75 k76 k77 k78 k79 k80 k81 k82 k83 k84 k85 k86 k87 k88 k89 k90 k92 k97 k98 k99 k100 k101 k108 k110 k115 k116 k117 k118 k119 k122 k125}
eq 328 balanced bits: [k22 k63 k122 k126] <== {k2 k3 k4 k5 k10 k11 k12 k14 k15 k16 k17 k20 k21 k23 k24 k25 k26 k27 k28 k29 k30 k31 k34 k35 k36 k37 k38 k39 k40 k41 k42 k43 k44 k45 k46 k47 k48 k49 k50 k51 k52 k53 k54 k55 k56 k57 k58 k59 k60 k61 k62 k65 k66 k67 k68 k69 k70 k71 k72 k73 k74 k75 k76 k77 k78 k79 k80 k81 k82 k83 k84 k85 k86 k87 k88 k89 k90 k94 k96 k98 k99 k100 k106 k108 k114 k115 k116 k117 k118 k125}
eq 329 balanced bits: [k91] <== {k2 k4 k10 k12 k13 k14 k16 k17 k18 k20 k21 k22 k23 k24 k26 k27 k28 k29 k30 k31 k32 k33 k34 k35 k36 k37 k38 k39 k40 k41 k42 k43 k44 k45 k46 k47 k48 k49 k50 k51 k52 k53 k54 k55 k56 k57 k58 k59 k60 k61 k62 k63 k64 k65 k66 k67 k68 k69 k70 k71 k72 k73 k74 k75 k76 k77 k78 k79 k80 k81 k82 k83 k84 k85 k86 k87 k88 k89 k90 k92 k93 k96 k97 k98 k100 k101 k102 k106 k107 k114 k115 k116 k125}
eq 330 balanced bits: [k118] <== {k2 k3 k4 k9 k10 k11 k12 k14 k16 k18 k19 k21 k22 k23 k24 k25 k26 k27 k28 k29 k30 k31 k32 k33 k35 k36 k37 k38 k39 k40 k41 k42 k43 k44 k45 k46 k47 k48 k51 k52 k53 k54 k55 k56 k57 k58 k59 k60 k61 k62 k63 k64 k65 k66 k67 k68 k69 k70 k71 k72 k73 k74 k75 k77 k78 k79 k80 k81 k82 k83 k84 k85 k86 k87 k88 k89 k90 k92 k94 k96 k100 k101 k102 k104 k106 k110 k112 k113 k114 k115 k116 k121 k125 k126}
eq 331 balanced bits: [k49 k126] <== {k1 k2 k3 k10 k11 k12 k13 k15 k16 k17 k18 k19 k20 k21 k22 k23 k24 k25 k26 k27 k28 k29 k30 k31 k32 k36 k37 k38 k39 k40 k41 k42 k43 k44 k45 k46 k47 k48 k50 k51 k52 k53 k54 k55 k56 k57 k58 k59 k60 k61 k63 k64 k65 k66 k67 k68 k69 k70 k71 k72 k73 k74 k75 k76 k77 k78 k79 k80 k81 k82 k83 k84 k85 k86 k87 k88 k89 k90 k91 k92 k97 k98 k99 k101 k107 k111 k113 k114 k115 k116 k122 k123 k124 k125}
eq 332 balanced bits: [k101 k109 k119] <== {k3 k10 k11 k12 k13 k15 k16 k17 k20 k21 k22 k23 k24 k25 k26 k27 k28 k29 k30 k34 k35 k36 k37 k38 k39 k40 k41 k42 k43 k44 k45 k46 k47 k48 k49 k50 k52 k53 k54 k55 k56 k57 k58 k59 k61 k64 k65 k66 k67 k68 k69 k70 k71 k72 k73 k74 k75 k76 k78 k79 k80 k81 k82 k83 k84 k85 k86 k87 k88 k89 k90 k91 k92 k93 k94 k95 k97 k98 k99 k103 k105 k111 k113 k114 k115 k116 k117 k118 k123 k124 k125 k126 k127}
eq 333 balanced bits: [k101] <== {k3 k7 k9 k11 k12 k13 k14 k15 k17 k20 k21 k22 k23 k24 k25 k26 k27 k28 k29 k30 k31 k32 k33 k34 k35 k36 k37 k38 k39 k40 k41 k42 k43 k44 k45 k46 k47 k48 k49 k50 k52 k53 k54 k55 k56 k57 k58 k59 k60 k61 k62 k64 k65 k66 k67 k68 k69 k70 k71 k72 k73 k74 k75 k77 k78 k79 k80 k81 k82 k83 k84 k85 k86 k87 k88 k89 k90 k91 k92 k93 k96 k97 k98 k99 k100 k103 k106 k107 k114 k115 k116 k123 k124 k125 k127}
eq 334 balanced bits: [k10] <== {k1 k2 k4 k5 k6 k11 k12 k15 k17 k20 k21 k23 k24 k26 k27 k28 k29 k30 k31 k32 k33 k34 k36 k37 k38 k39 k40 k41 k42 k43 k44 k45 k46 k47 k48 k49 k50 k52 k53 k54 k55 k56 k57 k58 k59 k60 k61 k62 k64 k65 k66 k67 k68 k69 k70 k71 k72 k73 k74 k75 k76 k77 k78 k79 k80 k81 k82 k83 k84 k85 k86 k87 k88 k89 k90 k91 k92 k93 k95 k97 k98 k99 k100 k102 k103 k107 k108 k109 k112 k114 k115 k116 k117 k124 k125 k126 k127}
eq 335 balanced bits: [k34 k102] <== {k1 k2 k4 k5 k6 k10 k12 k14 k15 k16 k20 k21 k23 k24 k25 k26 k27 k28 k29 k30 k31 k32 k35 k36 k37 k38 k39 k40 k41 k42 k43 k44 k45 k46 k47 k48 k50 k51 k52 k53 k54 k55 k56 k57 k58 k59 k60 k61 k62 k63 k64 k65 k66 k67 k68 k69 k70 k71 k72 k73 k74 k75 k77 k78 k79 k80 k81 k82 k83 k84 k85 k86 k87 k88 k89 k90 k92 k94 k96 k97 k98 k99 k100 k101 k106 k109 k110 k111 k114 k115 k117 k123 k124 k125 k126 k127}
eq 336 balanced bits: [k21 k50 k96 k106 k109] <== {k1 k2 k11 k12 k13 k15 k17 k20 k22 k23 k24 k25 k26 k27 k28 k29 k30 k31 k32 k33 k34 k35 k36 k37 k38 k39 k40 k41 k42 k43 k44 k45 k46 k47 k48 k51 k52 k53 k54 k55 k56 k57 k58 k59 k60 k61 k64 k65 k66 k67 k68 k69 k70 k71 k72 k73 k74 k75 k76 k77 k78 k79 k80 k81 k82 k83 k84 k85 k86 k87 k88 k89 k91 k92 k93 k95 k97 k98 k101 k102 k104 k105 k107 k110 k111 k112 k114 k115 k116 k117 k123 k124 k125 k127}
eq 337 balanced bits: [k92] <== {k0 k2 k3 k4 k8 k9 k12 k14 k16 k17 k18 k19 k21 k23 k24 k25 k26 k27 k28 k29 k30 k31 k32 k33 k34 k35 k37 k38 k39 k40 k41 k42 k43 k44 k45 k46 k47 k48 k49 k50 k51 k52 k53 k54 k55 k56 k57 k58 k59 k60 k61 k62 k63 k64 k65 k66 k67 k68 k69 k70 k71 k72 k73 k74 k75 k76 k77 k78 k79 k80 k81 k82 k83 k84 k85 k86 k87 k88 k89 k90 k94 k95 k96 k98 k100 k102 k103 k104 k106 k111 k112 k113 k114 k115 k118 k123 k125 k126 k127}
eq 338 balanced bits: [k121] <== {k1 k11 k12 k14 k15 k17 k19 k20 k21 k22 k23 k24 k25 k26 k27 k28 k29 k30 k31 k32 k34 k35 k36 k37 k38 k39 k40 k41 k42 k43 k44 k45 k46 k47 k48 k49 k51 k52 k53 k54 k55 k56 k57 k58 k59 k60 k61 k62 k63 k64 k65 k66 k67 k68 k69 k70 k71 k72 k73 k74 k75 k76 k77 k78 k79 k80 k81 k82 k83 k84 k85 k86 k87 k88 k89 k90 k91 k92 k94 k95 k97 k99 k101 k103 k105 k111 k113 k114 k115 k116 k117 k119 k120 k122 k123 k124 k125 k126 k127}
eq 339 balanced bits: [k4 k49 k76 k96] <== {k0 k1 k2 k3 k6 k7 k9 k10 k11 k12 k15 k17 k18 k20 k21 k22 k24 k25 k26 k27 k28 k29 k30 k31 k32 k33 k34 k35 k36 k37 k38 k39 k40 k41 k42 k43 k44 k45 k46 k47 k48 k52 k53 k54 k55 k56 k57 k58 k59 k60 k61 k62 k63 k64 k65 k66 k67 k68 k69 k70 k71 k72 k73 k74 k75 k78 k79 k80 k81 k82 k83 k84 k85 k86 k87 k88 k89 k90 k93 k95 k97 k98 k99 k101 k102 k103 k104 k105 k112 k113 k115 k116 k117 k123 k124 k125 k127}
eq 340 balanced bits: [k76] <== {k2 k3 k4 k10 k11 k12 k13 k14 k15 k16 k19 k20 k21 k22 k23 k24 k25 k27 k28 k29 k30 k31 k32 k33 k34 k35 k36 k37 k38 k39 k40 k41 k42 k43 k44 k45 k46 k47 k48 k49 k50 k51 k52 k53 k54 k55 k56 k57 k58 k59 k60 k61 k62 k63 k64 k65 k66 k67 k68 k69 k70 k71 k72 k73 k74 k75 k77 k78 k79 k80 k81 k82 k83 k84 k85 k86 k87 k88 k89 k90 k92 k94 k97 k99 k100 k101 k102 k104 k105 k110 k112 k113 k114 k115 k116 k121 k122 k123 k124 k125 k126}
eq 341 balanced bits: [k120] <== {k1 k3 k4 k11 k12 k13 k14 k15 k16 k17 k19 k20 k23 k24 k25 k27 k28 k29 k30 k31 k32 k33 k34 k35 k36 k37 k38 k39 k40 k41 k42 k43 k44 k45 k46 k47 k48 k49 k50 k51 k52 k53 k54 k55 k56 k57 k58 k59 k60 k61 k62 k63 k64 k65 k66 k67 k68 k69 k70 k71 k72 k73 k74 k75 k76 k77 k78 k79 k80 k81 k82 k83 k84 k85 k86 k87 k88 k89 k90 k91 k92 k93 k94 k95 k97 k98 k99 k100 k101 k104 k105 k107 k108 k109 k111 k114 k115 k116 k117 k118 k119 k122 k123 k124}
eq 342 balanced bits: [k49] <== {k3 k4 k10 k11 k12 k13 k15 k16 k17 k18 k20 k21 k22 k23 k24 k25 k26 k27 k28 k29 k30 k31 k32 k33 k34 k35 k36 k37 k38 k39 k40 k41 k42 k43 k44 k45 k46 k47 k48 k50 k51 k52 k53 k54 k55 k56 k57 k58 k59 k60 k61 k62 k63 k64 k65 k66 k67 k68 k69 k70 k71 k72 k73 k74 k75 k78 k79 k80 k81 k82 k83 k84 k85 k86 k87 k88 k89 k90 k91 k93 k94 k95 k97 k98 k99 k102 k103 k105 k107 k108 k109 k110 k112 k114 k115 k116 k117 k119 k120 k121 k122 k125 k126 k127}
eq 343 balanced bits: [k0] <== {k2 k3 k4 k10 k11 k12 k14 k16 k18 k19 k21 k22 k23 k24 k25 k26 k27 k28 k29 k30 k31 k32 k33 k34 k35 k36 k37 k38 k39 k40 k41 k42 k43 k44 k45 k46 k47 k48 k49 k50 k51 k52 k53 k54 k55 k56 k57 k58 k59 k60 k61 k62 k63 k64 k65 k66 k67 k68 k69 k70 k71 k72 k73 k74 k75 k76 k77 k78 k79 k80 k81 k82 k83 k84 k85 k86 k87 k88 k89 k90 k91 k93 k94 k96 k97 k98 k99 k100 k101 k102 k103 k104 k106 k107 k108 k109 k110 k113 k114 k116 k118 k121 k122 k123 k124 k125 k126}
eq 344 balanced bits: [k49 k76 k121] <== {k1 k2 k4 k5 k6 k9 k11 k12 k13 k14 k15 k16 k17 k20 k22 k23 k24 k25 k26 k27 k28 k29 k30 k31 k32 k33 k34 k35 k36 k37 k38 k39 k40 k41 k42 k43 k44 k45 k46 k47 k48 k51 k52 k53 k54 k55 k56 k57 k58 k59 k60 k61 k62 k64 k65 k66 k67 k68 k69 k70 k71 k72 k73 k74 k75 k77 k78 k79 k80 k81 k82 k83 k84 k85 k86 k87 k88 k89 k91 k93 k94 k95 k97 k98 k99 k101 k102 k103 k104 k105 k107 k110 k111 k112 k114 k115 k116 k117 k119 k120 k123 k124 k125 k126 k127}
eq 345 balanced bits: [k8] <== {k1 k2 k4 k9 k10 k11 k12 k13 k15 k16 k17 k19 k20 k21 k22 k23 k24 k25 k26 k27 k28 k29 k30 k31 k32 k33 k34 k35 k36 k37 k38 k39 k40 k41 k42 k43 k44 k45 k46 k47 k48 k49 k50 k51 k52 k53 k54 k55 k56 k57 k58 k59 k60 k61 k62 k63 k64 k65 k66 k67 k68 k69 k70 k71 k72 k73 k74 k75 k76 k77 k78 k79 k80 k81 k82 k83 k84 k85 k86 k87 k88 k89 k90 k91 k92 k93 k94 k95 k97 k98 k99 k101 k102 k104 k105 k109 k111 k112 k113 k114 k115 k116 k117 k122 k123 k124 k125 k126 k127}
deduce limit: 88

        0.09 - Step 3: optimize
Gurobi Optimizer version 9.5.0 build v9.5.0rc5 (linux64)
Thread count: 32 physical cores, 64 logical processors, using up to 64 threads
Optimize a model with 35844 rows, 1132 columns and 142100 nonzeros
Model fingerprint: 0x15e90113
Variable types: 0 continuous, 1132 integer (1004 binary)
Coefficient statistics:
  Matrix range     [1e+00, 9e+01]
  Objective range  [1e+00, 1e+00]
  Bounds range     [1e+00, 9e+01]
  RHS range        [1e+00, 2e+02]
Presolve removed 31850 rows and 782 columns
Presolve time: 0.29s
Presolved: 3994 rows, 350 columns, 12119 nonzeros
Variable types: 0 continuous, 350 integer (295 binary)
Root relaxation presolved: 3994 rows, 350 columns, 12119 nonzeros


Root relaxation: objective 8.800000e+01, 117 iterations, 0.01 seconds (0.01 work units)

    Nodes    |    Current Node    |     Objective Bounds      |     Work
 Expl Unexpl |  Obj  Depth IntInf | Incumbent    BestBd   Gap | It/Node Time

H    0     0                      88.0000000   88.00000  0.00%     -    0s
     0     0   88.00000    0   26   88.00000   88.00000  0.00%     -    0s

Explored 1 nodes (288 simplex iterations) in 0.41 seconds (0.74 work units)
Thread count was 64 (of 64 available processors)

Solution count 1: 88 

Optimal solution found (tolerance 1.00e-04)
Best objective 8.800000000000e+01, best bound 8.800000000000e+01, gap 0.0000%
        0.50 - Step 4: output information
Guessed index [40]:  k4 k22 k25 k35 k36 k37 k46 k52 k61 k62 k63 k64 k65 k66 k67 k68 k69 k70 k71 k72 k74 k75 k76 k77 k78 k79 k80 k81 k82 k83 k84 k85 k86 k87 k90 k91 k97 k98 k106 k118



Guessed level [40]:  k4[6] k22[44] k25[47] k35[6] k36[2] k37[2] k46[2] k52[2] k61[1] k62[2] k63[1] k64[1] k65[1] k66[1] k67[1] k68[1] k69[2] k70[2] k71[2] k72[2] k74[3] k75[3] k76[6] k77[6] k78[1] k79[1] k80[1] k81[1] k82[1] k83[1] k84[1] k85[1] k86[1] k87[1] k90[2] k91[2] k97[4] k98[44] k106[7] k118[42]

Deduced index: 0,1,2,3,5,6,7,8,9,10,11,12,13,14,15,16,17,18,19,20,21,23,24,26,27,28,29,30,31,32,33,34,38,39,40,41,42,43,44,45,47,48,49,50,51,53,54,55,56,57,58,59,60,73,88,89,92,93,94,95,96,99,100,101,102,103,104,105,107,108,109,110,111,112,113,114,115,116,117,119,120,121,122,123,124,125,126,127,[88]

Deduced level:  k0[88] k1[2] k2[40] k3[2] k5[7] k6[82] k7[85] k8[88] k9[87] k10[6] k11[2] k12[6] k13[2] k14[2] k15[4] k16[4] k17[7] k18[3] k19[84] k20[45] k21[7] k23[43] k24[44] k26[8] k27[2] k28[2] k29[2] k30[5] k31[2] k32[44] k33[82] k34[45] k38[1] k39[1] k40[1] k41[1] k42[3] k43[2] k44[3] k45[3] k47[3] k48[3] k49[42] k50[6] k51[6] k53[1] k54[1] k55[1] k56[1] k57[1] k58[1] k59[1] k60[1] k73[2] k88[1] k89[44] k92[2] k93[47] k94[83] k95[80] k96[81] k99[43] k100[7] k101[45] k102[83] k103[84] k104[46] k105[81] k107[80] k108[80] k109[80] k110[48] k111[83] k112[4] k113[48] k114[42] k115[2] k116[41] k117[42] k119[85] k120[86] k121[87] k122[85] k123[82] k124[80] k125[43] k126[49] k127[47]

Main deduced [eq index]: 0[k1] 1[k18] 2[k11] 3[k14] 4[k15] 5[k16] 6[k17] 7[k27] 8[k28] 9[k38] 10[k39] 11[k40] 12[k41] 13[k48] 14[k53] 15[k54] 16[k55] 17[k56] 18[k57] 19[k58] 20[k59] 21[k60] 22[k88] 23[k122] 25[k124] 26[k24] 27[k127] 29[k31] 32[k43] 34[k92] 36[k3] 37[k73] 39[k114] 40[k115] 42[k12] 46[k23] 53[k30] 54[k42] 55[k13] 56[k29] 65[k45] 74[k116] 77[k5] 80[k93] 87[k44] 88[k47] 90[k101] 91[k26] 93[k51] 94[k100] 98[k89] 105[k10] 107[k50] 110[k32] 115[k117] 116[k104] 119[k99] 123[k103] 126[k113] 129[k34] 131[k112] 141[k21] 146[k2] 149[k125] 155[k126] 166[k49] 171[k95] 187[k6] 199[k110] 204[k109] 208[k102] 217[k108] 230[k20] 242[k105] 259[k107] 261[k123] 265[k9] 267[k94] 273[k33] 274[k96] 277[k19] 293[k111] 318[k7] 332[k119] 338[k121] 341[k120] 343[k0] 345[k8]

        0.50 - Expect limit: 88, real obj val: 88.000000

        0.50 - All done

2022-02-21-20:31:37
