step 1: load relation and remove duplicated ones
100 / 1424, # all_relations 265
200 / 1424, # all_relations 508
300 / 1424, # all_relations 737
400 / 1424, # all_relations 986
500 / 1424, # all_relations 1239
600 / 1424, # all_relations 1480
700 / 1424, # all_relations 1722
800 / 1424, # all_relations 1960
900 / 1424, # all_relations 2195
1000 / 1424, # all_relations 2439
1100 / 1424, # all_relations 2689
1200 / 1424, # all_relations 2970
1300 / 1424, # all_relations 3204
1400 / 1424, # all_relations 3434
Got 3490 raw relations from 1424 files

step 2: remove cover ralations
100 / 3490, # sim_relations 24
200 / 3490, # sim_relations 41
300 / 3490, # sim_relations 62
400 / 3490, # sim_relations 79
500 / 3490, # sim_relations 98
600 / 3490, # sim_relations 127
700 / 3490, # sim_relations 149
800 / 3490, # sim_relations 183
900 / 3490, # sim_relations 211
1000 / 3490, # sim_relations 224
1100 / 3490, # sim_relations 242
1200 / 3490, # sim_relations 256
1300 / 3490, # sim_relations 280
1400 / 3490, # sim_relations 289
1500 / 3490, # sim_relations 306
1600 / 3490, # sim_relations 328
1700 / 3490, # sim_relations 344
1800 / 3490, # sim_relations 360
1900 / 3490, # sim_relations 383
2000 / 3490, # sim_relations 396
2100 / 3490, # sim_relations 419
2200 / 3490, # sim_relations 452
2300 / 3490, # sim_relations 477
2400 / 3490, # sim_relations 494
2500 / 3490, # sim_relations 522
2600 / 3490, # sim_relations 540
2700 / 3490, # sim_relations 569
2800 / 3490, # sim_relations 594
2900 / 3490, # sim_relations 610
3000 / 3490, # sim_relations 633
3100 / 3490, # sim_relations 660
3200 / 3490, # sim_relations 688
3300 / 3490, # sim_relations 710
3400 / 3490, # sim_relations 736
Got 748 simplified relations from 3490 raw relations

step 3: merge ralations
100 / 748, new_relations 54
200 / 748, new_relations 89
300 / 748, new_relations 137
400 / 748, new_relations 182
500 / 748, new_relations 228
600 / 748, new_relations 277
700 / 748, new_relations 324
================================================================
1 : ('002 1 60', [60, 1])
2 : ('003 18 28 87', [87, 28, 18])
3 : ('004 11 36 37 38', [38, 11])
4 : ('004 14 39 40 41', [41, 14])
5 : ('004 15 40 41 42', [42, 15])
6 : ('004 16 41 42 43', [43, 16])
7 : ('004 17 42 43 44', [44, 17])
8 : ('004 27 52 53 54', [54, 27])
9 : ('004 28 53 54 55', [55, 28])
10 : ('004 38 63 64 65', [65, 38])
11 : ('004 39 64 65 66', [66, 39])
12 : ('004 40 65 66 67', [67, 40])
13 : ('004 41 66 67 68', [68, 41])
14 : ('004 48 73 74 75', [75, 48])
15 : ('004 53 78 79 80', [80, 53])
16 : ('004 54 79 80 81', [81, 54])
17 : ('004 55 80 81 82', [82, 55])
18 : ('004 56 81 82 83', [83, 56])
19 : ('004 57 82 83 84', [84, 57])
20 : ('004 58 83 84 85', [85, 58])
21 : ('004 59 84 85 86', [86, 59])
22 : ('004 60 85 86 87', [87, 60])
23 : ('004 61 86 87 88', [88, 61])
24 : ('005 19 20 21 63 122', [122, 63, 21])
25 : ('005 20 21 22 64 123', [123, 64, 22])
26 : ('005 21 22 23 65 124', [124, 65, 23])
27 : ('005 22 23 24 66 125', [125, 66, 24])
28 : ('005 24 25 26 68 127', [127, 68, 26])
29 : ('005 47 82 83 84 116', [116, 84, 47])
30 : ('008 31 56 57 58 59 84 85 86', [58, 31])
31 : ('008 41 65 66 67 68 90 91 92', [92, 65])
32 : ('008 43 55 68 69 70 80 81 82', [70, 43])
33 : ('008 43 59 68 69 70 84 85 86', [70, 43])
34 : ('008 59 65 84 85 86 90 91 92', [92, 65])
35 : ('008 61 65 86 87 88 90 91 92', [92, 65])
36 : ('009 24 25 26 29 54 55 56 68 127', [56, 29])
37 : ('009 3 59 61 62 84 85 86 87 88', [62, 3])
38 : ('010 46 59 60 71 72 73 84 85 86 87', [73, 46])
39 : ('011 16 40 41 42 43 45 55 65 66 67 114', [114, 55, 45])
40 : ('011 16 41 42 43 45 54 55 79 80 81 114', [114, 55, 45])
41 : ('011 41 46 56 59 66 67 68 84 85 86 115', [115, 56, 46])
42 : ('012 11 36 37 38 43 60 68 69 70 85 86 87', [70, 43])
43 : ('012 12 37 38 39 42 58 67 68 69 83 84 85', [39, 12])
44 : ('012 15 40 41 42 45 53 78 79 80 81 82 114', [114, 82, 45])
45 : ('012 29 53 54 55 56 65 78 79 80 90 91 92', [56, 29])
46 : ('013 12 14 28 37 38 39 40 41 45 53 54 55 114', [114, 45])
47 : ('013 14 15 16 23 48 49 50 57 58 82 83 84 117', [50, 23])
48 : ('014 15 40 41 42 45 59 60 70 71 72 84 85 86 87', [72, 45])
49 : ('014 15 40 41 42 45 60 61 70 71 72 85 86 87 88', [72, 45])
50 : ('014 24 25 26 43 60 61 68 69 70 85 86 87 88 127', [70, 43])
51 : ('015 15 17 24 34 40 41 42 43 44 59 83 84 85 86 93', [93, 83, 34, 24])
52 : ('015 22 42 44 47 48 49 64 67 68 69 70 71 89 90 91', [42])
53 : ('015 26 40 42 51 52 53 57 65 66 67 68 69 82 83 84', [69, 42])
54 : ('016 16 30 41 42 43 55 56 57 58 59 81 82 83 84 85 86', [30])
55 : ('017 28 40 42 53 54 55 56 65 66 67 68 69 79 80 81 82 83', [69, 42])
56 : ('018 13 38 39 40 41 53 59 64 65 66 67 68 78 79 80 84 85 86', [13])
57 : ('018 29 39 54 55 56 59 61 64 65 66 80 81 82 84 85 86 87 88', [56, 29])
58 : ('019 27 29 51 52 53 54 55 56 61 65 76 77 78 86 87 88 90 91 92', [56, 29])
59 : ('019 39 47 53 61 64 65 66 72 73 74 78 79 80 86 87 88 90 91 92', [74, 47])
60 : ('019 40 42 50 54 60 65 66 67 68 69 75 76 77 79 80 81 85 86 87', [69, 42])
61 : ('020 10 12 16 23 24 25 35 36 37 38 39 41 42 43 52 67 77 78 79 126', [39, 12])
62 : ('021 17 27 29 42 43 44 45 52 53 54 55 56 68 69 70 78 79 80 81 82 114', [114, 45])
63 : ('021 17 39 41 42 43 44 53 63 64 65 66 67 68 69 70 78 79 80 88 89 90', [70])
64 : ('021 2 16 27 28 29 40 41 42 43 58 60 61 65 66 67 83 84 85 86 87 88', [29, 2])
65 : ('021 29 43 51 53 54 55 56 59 68 69 70 76 77 78 79 80 81 82 84 85 86', [56, 29])
66 : ('021 31 39 45 56 57 58 59 60 64 65 66 70 71 72 81 82 83 84 85 86 87', [72, 45])
67 : ('022 12 14 37 38 39 40 41 46 56 60 65 66 67 71 72 73 81 82 83 85 86 87', [73, 46])
68 : ('022 13 15 17 38 39 40 41 42 43 44 53 59 60 61 78 79 80 84 85 86 87 88', [13])
69 : ('022 15 17 27 29 40 41 42 43 44 52 53 54 55 56 66 67 68 78 79 80 81 82', [56, 29])
70 : ('022 15 29 39 40 41 42 53 54 55 56 59 64 65 66 67 68 78 79 80 84 85 86', [56, 29])
71 : ('022 15 30 40 41 42 43 46 59 65 68 69 70 71 72 73 84 85 86 90 91 92 99', [73, 46])
72 : ('022 16 40 41 42 43 46 52 56 65 66 67 68 69 71 72 73 77 78 79 81 82 83', [69])
73 : ('022 27 29 43 52 53 54 55 56 59 65 68 69 70 80 81 82 84 85 86 90 91 92', [56, 29])
74 : ('022 41 42 45 54 55 59 60 66 67 68 69 70 71 72 79 80 81 82 84 85 86 87', [69, 42])
75 : ('024 15 40 41 42 47 53 55 57 59 61 66 67 68 78 79 80 81 82 84 85 86 87 88 116', [116, 57, 47])
76 : ('025 1 11 15 17 40 41 42 43 44 53 59 61 66 67 68 69 70 78 79 80 84 85 86 87 88', [11])
77 : ('025 10 12 16 28 35 36 37 38 39 41 42 43 46 53 54 55 56 60 81 82 83 85 86 87 115', [115, 46])
78 : ('026 1 3 4 5 12 13 14 18 28 37 47 56 60 61 62 63 64 65 86 87 88 90 91 92 106 115', [115, 106, 64, 56, 47, 37, 14, 5])
79 : ('026 12 14 16 28 30 37 38 39 40 41 42 43 53 54 55 56 57 65 66 67 79 80 81 82 83 84', [30])
80 : ('027 12 16 37 38 39 40 41 42 43 47 54 60 63 64 65 66 67 79 80 81 82 83 84 85 86 87 116', [12])
81 : ('028 15 24 28 34 40 41 42 43 53 54 55 57 59 66 67 68 69 70 78 79 80 81 82 83 84 85 86 93', [93, 34, 24])
82 : ('028 16 30 41 42 43 45 54 55 56 57 58 60 62 67 68 69 79 80 81 82 83 84 85 86 87 88 89 114', [69])
83 : ('028 7 12 13 14 20 22 23 24 30 32 33 34 38 39 40 55 56 65 66 80 81 82 89 90 91 92 115 125', [89, 30, 20])
84 : ('029 1 3 8 9 10 18 20 21 22 23 24 28 31 51 52 56 57 58 60 62 64 66 86 87 88 111 120 123 125', [58, 31])
85 : ('029 15 17 40 41 42 43 44 47 53 55 57 59 66 67 68 69 70 72 73 74 78 79 80 81 82 83 84 85 86', [74, 47])
86 : ('029 17 41 42 43 44 47 53 54 55 57 59 65 66 67 68 69 70 78 79 80 81 82 84 85 86 90 91 92 116', [116, 57, 47])
87 : ('029 24 25 26 29 41 44 53 54 55 56 57 58 59 66 67 68 69 70 71 78 79 80 81 82 83 84 85 86 127', [71, 44])
88 : ('029 31 41 44 53 56 57 58 59 61 65 66 67 68 69 70 71 78 79 80 82 83 84 85 86 87 88 90 91 92', [71, 44])
89 : ('029 41 43 47 53 55 59 61 65 66 67 68 69 70 72 73 74 78 79 80 81 82 84 85 86 87 88 90 91 92', [74, 47])
90 : ('030 1 12 13 14 20 21 22 23 43 48 49 50 56 60 61 63 64 65 68 69 70 86 87 88 89 90 91 92 115 123', [70, 43])
91 : ('030 13 14 15 22 24 30 38 39 40 41 42 47 48 49 50 51 55 56 57 72 74 75 76 77 97 98 99 100 101 116', [101, 74, 51, 24])
92 : ('030 16 21 26 31 40 41 42 43 48 51 52 53 56 58 59 60 65 66 67 73 74 75 81 82 83 84 85 86 87 90', [53, 26])
93 : ('030 31 41 43 44 47 56 57 58 59 61 65 66 67 68 69 70 71 72 73 74 82 83 84 85 86 87 88 90 91 92', [74, 71, 47, 44])
94 : ('030 39 41 42 45 51 53 54 55 59 60 64 65 66 67 68 69 70 71 72 76 77 78 79 80 81 82 84 85 86 87', [51])
95 : ('030 4 14 16 29 30 31 39 40 41 42 43 45 56 58 59 60 65 66 67 70 71 72 81 82 83 84 85 86 87 100', [100])
96 : ('031 1 3 4 5 12 13 14 20 21 22 23 24 29 37 47 54 55 56 60 62 63 64 65 66 90 91 92 106 115 123 125', [29])
97 : ('031 12 16 26 30 37 38 39 40 41 42 43 46 51 52 53 55 56 57 65 66 67 68 69 71 72 73 80 81 82 83 84', [39, 12])
98 : ('031 12 16 30 37 38 39 40 41 42 43 45 47 55 56 57 63 65 66 67 68 69 80 81 82 83 84 88 89 90 114 116', [39, 12])
99 : ('031 15 30 39 40 41 42 46 55 56 57 59 61 64 65 66 71 72 73 80 81 82 83 84 85 86 87 88 89 114 115 116', [116, 89, 30])
100 : ('032 12 13 14 23 39 40 41 43 45 48 49 50 53 56 65 68 69 70 73 78 79 80 81 82 90 91 92 98 99 100 114 115', [114, 82, 45])
101 : ('033 10 12 14 16 26 35 36 37 38 39 40 41 42 43 44 51 52 53 54 56 58 59 69 70 71 79 80 81 82 83 84 85 86', [71, 44])
102 : ('033 12 13 14 23 31 33 41 45 48 49 50 55 56 57 58 59 60 65 66 67 68 80 81 82 83 84 85 86 90 91 92 114 115', [114, 45])
103 : ('033 14 16 30 39 40 41 42 43 44 47 51 54 55 56 57 58 59 65 66 67 69 70 71 79 80 81 82 83 84 85 86 110 116', [71, 44])
104 : ('033 27 29 43 45 47 52 53 54 55 56 59 61 62 65 68 69 70 71 72 73 74 80 81 82 84 85 86 87 88 89 90 91 92', [89, 62])
105 : ('034 10 12 14 16 30 35 36 37 38 39 40 41 42 43 54 55 56 57 58 60 63 64 65 66 67 79 80 81 82 83 84 85 86 87', [12])
106 : ('034 10 16 35 36 37 38 40 41 42 43 46 47 54 58 60 63 64 65 66 67 68 69 71 72 73 74 79 80 81 83 84 85 86 87', [37, 10])
107 : ('034 11 15 30 36 37 38 40 41 42 43 46 53 54 55 58 59 65 66 67 68 69 70 78 79 80 81 82 83 84 85 86 95 99 105', [105, 95, 46])
108 : ('034 4 14 16 29 30 31 38 39 40 41 42 43 48 50 54 56 58 63 64 65 66 67 73 74 75 76 77 79 80 81 82 83 84 85', [77, 50])
109 : ('035 1 11 15 27 39 40 41 42 45 46 52 53 54 55 56 59 64 65 66 67 68 70 78 79 80 81 82 84 85 86 90 91 92 114 115', [70, 11, 1])
110 : ('035 12 14 16 21 30 31 37 38 39 40 41 42 43 45 47 54 55 56 57 58 65 66 67 68 69 79 80 81 82 83 84 85 90 114 116', [90, 31, 21])
111 : ('035 13 14 15 23 31 32 38 39 40 41 42 48 49 50 56 57 58 59 65 66 67 68 73 82 83 84 90 91 92 98 99 100 116 117 118', [118, 59, 32])
112 : ('035 14 16 28 30 31 32 39 40 41 42 43 44 48 53 54 55 56 57 58 59 60 69 70 71 73 74 75 81 82 83 84 85 86 87 100', [100, 71, 44])
113 : ('035 2 12 14 16 30 38 39 40 41 42 43 46 47 54 55 56 60 63 64 65 66 67 68 69 71 79 80 81 82 83 85 86 87 115 116', [116, 71, 47, 12, 2])
114 : ('035 4 12 16 28 29 30 31 37 38 39 40 41 42 52 53 54 55 60 64 65 66 67 68 69 70 77 78 79 80 81 82 85 86 87 111', [12])
115 : ('036 10 16 28 30 35 36 37 40 41 42 43 46 52 53 54 55 56 57 60 62 65 66 67 71 72 73 77 78 79 80 81 85 86 87 88 89', [57])
116 : ('036 11 14 15 16 36 37 38 41 43 53 55 57 58 59 61 65 66 67 68 69 70 78 79 80 81 82 83 84 85 86 87 88 90 91 92 117', [117])
117 : ('036 15 20 28 30 35 38 39 40 41 42 43 45 47 48 59 60 61 64 65 66 67 68 69 70 72 73 74 75 84 85 86 87 88 89 97 104', [104, 89, 45, 35, 30, 20])
118 : ('036 2 10 16 21 27 28 29 30 31 35 36 37 38 40 41 42 43 55 56 57 58 61 63 64 65 66 67 81 82 83 84 85 86 87 88 90', [37, 10])
119 : ('036 2 4 14 16 27 28 29 30 31 39 40 41 42 43 52 54 55 56 57 58 59 60 65 66 67 77 78 79 80 81 82 83 84 85 86 87', [2])
120 : ('036 30 40 41 43 45 46 47 53 56 57 59 60 65 66 67 68 69 70 71 72 78 79 80 81 82 84 85 86 87 90 91 92 99 114 115 116', [99, 82])
121 : ('037 11 15 28 29 36 37 38 40 41 42 43 44 53 54 55 56 57 59 61 66 67 68 69 70 71 78 79 80 81 82 83 84 85 86 87 88 97', [71, 44])
122 : ('037 15 17 28 38 40 41 42 43 44 47 53 55 57 59 65 66 67 68 69 70 71 72 73 74 78 79 80 81 82 83 84 85 86 90 91 92 97', [71])
123 : ('037 33 36 39 40 41 42 43 45 47 52 53 54 55 59 64 65 66 67 68 69 70 71 72 73 74 78 79 80 81 82 84 85 86 95 102 105 111', [102, 33])
124 : ('038 11 15 17 29 34 36 37 38 40 41 42 43 44 53 54 55 56 57 59 61 66 67 68 69 70 71 78 79 80 81 82 83 84 85 86 87 88 103', [103, 71, 34])
125 : ('038 11 15 29 36 37 38 40 41 42 45 46 53 54 55 56 58 59 60 61 66 67 68 70 71 72 73 78 79 80 81 82 83 84 85 86 87 88 115', [29])
126 : ('039 12 13 14 21 23 31 32 38 39 40 41 46 47 48 49 50 51 56 57 58 59 65 66 67 68 73 76 77 78 90 91 92 98 99 100 115 116 117 118', [118, 59, 32])
127 : ('039 17 24 28 29 34 41 42 43 45 53 54 55 56 57 59 60 65 66 67 68 69 70 71 72 78 79 80 81 82 83 84 85 86 87 90 91 92 93 113', [113, 17])
128 : ('039 2 12 16 26 27 28 29 37 38 39 40 41 42 43 49 51 52 53 54 55 56 57 64 65 66 67 68 69 77 78 79 80 81 82 83 84 85 86 118', [118, 86, 49])
129 : ('040 1 11 28 29 33 38 41 43 45 53 54 55 56 58 59 60 61 65 66 67 68 69 70 71 72 78 79 80 83 84 85 86 87 88 90 91 92 97 102 112', [112, 97, 38])
130 : ('040 13 15 16 17 22 28 34 38 39 40 45 47 48 49 52 53 54 55 59 60 61 64 65 66 67 70 71 72 77 78 79 80 81 89 90 91 97 98 99 118', [61, 34])
131 : ('040 2 4 14 16 21 27 28 29 30 31 38 39 40 41 42 43 48 53 54 55 56 57 58 63 65 66 67 68 69 81 82 83 84 85 88 89 90 97 99 107', [21])
132 : ('040 28 31 38 39 41 43 45 46 47 53 55 56 57 58 59 64 65 66 67 68 69 70 71 72 73 74 78 79 80 81 82 84 85 86 90 91 92 97 112 115', [112, 97, 38])
133 : ('041 11 13 15 17 27 36 37 38 39 40 41 42 43 44 47 52 53 54 55 57 59 61 62 64 65 66 67 68 72 73 74 80 81 82 83 84 85 86 87 88 89', [89, 74, 62, 47, 13])
134 : ('041 14 16 28 30 33 38 39 40 41 42 43 46 47 52 53 54 55 56 58 59 60 65 66 67 68 69 71 72 73 74 75 77 78 79 80 81 82 83 97 99 107', [52])
135 : ('041 15 17 24 28 29 33 34 36 40 41 42 43 44 45 46 52 53 54 55 56 60 61 66 67 68 69 70 78 79 80 83 85 86 87 88 93 95 102 105 111 114', [105, 95, 46, 36])
136 : ('041 2 10 16 19 23 24 25 27 28 29 30 35 36 37 41 42 43 45 46 52 54 55 56 57 67 68 69 71 72 73 77 78 79 80 81 82 83 84 88 114 126', [30])
137 : ('041 2 4 14 16 27 28 29 30 31 39 40 41 42 43 46 48 53 54 55 56 57 58 60 67 68 69 71 72 73 74 75 79 80 81 82 83 84 85 86 87 98', [98])
138 : ('041 24 27 30 34 39 40 41 43 47 49 52 53 54 59 61 64 65 66 67 68 69 70 72 73 74 75 76 78 79 80 83 84 85 86 87 88 90 91 92 93 99', [93, 83, 34, 24])
139 : ('041 7 12 13 14 21 23 31 32 33 34 37 38 39 40 41 46 47 48 49 50 56 57 58 59 60 65 71 72 73 74 84 85 86 90 91 92 96 97 98 99 100', [74])
140 : ('042 13 16 22 33 38 39 40 41 42 43 47 48 49 56 58 59 60 62 63 64 65 67 68 69 72 81 82 83 85 86 87 88 89 90 91 92 97 98 99 117 118 119', [62])
141 : ('042 3 15 27 28 29 30 31 38 40 41 42 43 52 53 54 55 56 57 58 59 61 65 66 67 68 69 70 78 79 80 81 82 83 84 85 86 87 88 90 91 92 97', [3])
142 : ('042 4 12 14 16 21 28 29 30 31 37 38 39 40 41 42 43 46 53 54 55 56 57 60 63 64 65 66 67 68 69 71 72 73 79 80 81 82 83 85 86 87 90', [90, 21])
143 : ('042 5 7 13 14 15 16 23 30 31 32 33 34 38 39 40 41 42 47 48 49 50 55 58 59 60 65 66 67 68 72 73 74 80 81 82 90 91 92 98 99 100 117', [74, 47])
144 : ('043 0 1 3 7 8 9 10 11 12 17 20 23 30 33 35 42 45 48 52 54 58 60 62 63 65 67 68 76 77 78 86 87 88 89 90 91 101 104 111 113 117 126 127', [113, 104, 63, 62, 54, 45, 35, 12, 3])
145 : ('043 12 14 16 31 32 37 38 39 40 41 42 43 44 45 47 48 55 56 57 58 59 60 66 67 68 69 70 71 73 74 75 80 81 82 83 84 85 86 87 100 114 116 125', [125, 66])
146 : ('043 12 16 21 23 26 30 31 33 37 38 39 40 41 42 43 48 51 52 53 55 56 57 58 60 62 65 66 67 68 69 73 74 75 82 83 84 85 86 87 88 89 90 92', [89, 62])
147 : ('043 2 4 12 16 21 27 28 29 30 31 37 38 39 41 42 43 48 52 53 54 55 56 57 58 60 67 68 69 73 74 75 77 78 79 80 81 82 83 84 85 86 87 90', [52, 2])
148 : ('043 24 25 26 27 36 40 41 43 44 45 46 52 53 54 55 59 61 65 66 67 68 69 70 71 72 78 79 80 81 82 84 85 86 87 88 90 91 92 95 105 113 114 127', [105, 95, 46, 36])
149 : ('043 27 28 29 38 39 41 42 43 46 52 53 54 55 56 57 59 60 61 64 65 66 67 68 71 72 73 78 79 80 81 82 83 84 85 86 87 88 90 91 92 97 111 112', [112, 97, 43, 38])
150 : ('043 4 10 12 14 16 28 29 30 31 35 36 37 38 39 40 41 42 43 45 53 54 55 56 57 58 60 65 66 67 68 69 70 71 72 81 82 83 84 85 86 87 114 125', [125])
151 : ('044 1 15 20 21 22 28 29 38 39 40 41 42 47 48 53 54 55 56 57 59 60 61 64 65 66 67 68 72 73 74 75 78 79 80 81 82 83 84 85 86 87 88 97 123', [97, 38])
152 : ('044 2 13 14 15 22 24 27 28 29 38 39 40 41 42 47 48 49 50 51 52 56 57 60 64 72 74 77 78 79 81 82 83 85 86 87 89 90 91 97 98 99 100 101 116', [79, 52])
153 : ('045 3 15 24 27 28 29 30 34 39 40 41 42 43 46 47 52 53 54 55 56 57 60 64 65 66 67 68 69 70 72 73 74 78 79 80 81 82 83 84 85 86 87 93 111 115', [3])
154 : ('045 6 12 13 14 15 16 17 20 22 31 32 33 37 38 39 40 42 45 46 47 48 49 56 57 58 59 60 64 65 66 67 68 69 81 82 83 89 90 91 92 115 116 117 118 119', [91, 64])
155 : ('046 1 3 4 5 12 13 14 15 16 18 23 28 31 37 39 40 41 45 47 48 49 50 56 57 58 60 62 63 64 65 70 71 72 73 87 88 89 90 91 92 98 99 100 106 115 117', [115, 106, 64, 47, 37, 5])
156 : ('046 10 12 14 16 23 24 25 30 35 36 37 38 39 40 41 42 43 45 51 54 55 56 57 58 60 61 65 66 67 68 69 70 71 72 79 80 81 82 83 84 85 86 87 88 110 126', [126, 25])
157 : ('046 11 14 15 16 20 23 30 36 37 38 39 40 41 42 43 48 49 50 53 55 58 59 64 65 66 67 68 69 70 73 78 79 80 81 82 84 85 86 89 90 91 92 98 99 100 117', [89, 30, 20])
158 : ('046 11 14 15 17 23 36 37 38 39 40 41 42 43 44 48 49 50 51 53 55 59 64 65 66 67 68 69 70 71 72 73 76 77 78 79 80 84 85 86 90 91 92 98 99 100 114', [114, 72, 55])
159 : ('046 14 23 24 25 28 30 33 39 40 41 42 45 46 47 53 54 55 56 57 58 60 62 65 66 67 68 69 70 71 72 73 74 79 80 81 82 83 84 85 86 87 88 89 92 114 126', [126, 25])
160 : ('046 2 12 16 26 27 28 29 30 37 38 39 40 41 42 43 46 48 51 52 53 54 55 56 57 58 60 63 64 65 66 67 68 69 71 72 73 74 75 79 80 81 83 84 85 86 87', [29, 2])
161 : ('046 4 10 14 28 29 30 31 35 36 37 38 39 40 41 42 44 48 53 54 55 56 57 58 59 60 63 64 65 66 67 68 69 70 71 73 74 75 79 80 81 82 83 84 85 86 87', [71, 44])
162 : ('047 11 15 17 28 29 30 34 36 37 38 40 41 42 43 44 46 47 54 55 56 57 59 60 61 66 67 68 69 70 71 72 73 74 79 80 81 82 83 84 85 86 87 88 97 99 103 115', [97, 28])
163 : ('047 14 15 16 20 23 28 29 33 39 40 41 42 46 48 49 50 53 54 55 56 57 58 59 60 63 65 66 67 68 71 72 73 74 75 76 84 85 86 88 89 90 91 92 98 99 100 117', [57, 20])
164 : ('047 2 10 12 14 16 27 28 29 33 34 35 36 37 38 39 40 41 42 43 44 51 52 54 55 56 58 60 65 66 67 68 69 70 77 78 79 80 81 82 83 84 85 86 87 102 103 110', [103, 44, 34])
165 : ('047 2 12 13 14 15 16 22 24 28 30 40 41 42 43 44 45 46 47 48 49 50 51 53 54 55 56 57 58 59 60 65 66 67 68 69 70 80 81 82 83 84 85 86 87 114 115 116', [44, 12, 2])
166 : ('048 12 13 14 15 21 23 29 37 38 39 40 41 42 44 46 47 48 49 50 53 54 55 56 59 61 65 69 70 71 72 73 78 79 80 81 82 84 85 86 87 88 90 91 92 96 97 98 115', [44])
167 : ('048 12 14 16 28 30 31 37 38 39 40 41 42 43 44 47 48 49 53 54 55 56 57 59 60 61 65 66 67 68 69 70 71 73 74 75 79 80 81 82 83 84 85 86 87 88 100 116 118', [118, 71, 49, 44])
168 : ('049 11 12 13 14 16 22 24 30 38 39 40 41 42 43 47 48 49 50 51 52 54 55 56 57 60 63 64 65 66 67 68 69 72 77 78 79 80 81 85 86 87 89 90 91 97 98 99 114 125', [125, 57])
169 : ('049 13 14 21 22 23 24 28 30 31 38 39 40 41 42 47 48 49 50 51 53 54 55 56 58 64 65 66 67 68 69 72 73 74 75 79 80 81 82 83 84 85 89 90 91 97 98 99 107 124', [107])
170 : ('049 14 15 23 24 29 31 34 39 40 41 42 43 48 49 50 51 53 54 55 56 57 58 59 64 65 66 67 68 69 70 73 76 77 78 79 80 81 82 83 84 85 86 90 91 92 93 98 99 100', [51])
171 : ('049 17 20 27 30 39 41 42 43 44 45 46 47 48 52 53 54 55 56 57 59 60 64 65 66 67 68 73 74 75 78 79 80 81 82 84 85 86 87 89 90 91 92 98 114 115 116 123 124 125', [125, 98, 89, 20])
172 : ('049 2 12 15 17 20 26 27 29 36 40 41 42 43 44 45 47 52 53 54 55 56 57 59 61 62 65 66 67 68 69 70 71 72 73 74 78 79 80 81 82 84 85 86 87 88 90 91 92 95', [95, 62, 36, 26, 20, 12])
173 : ('049 3 4 5 7 12 13 14 15 16 22 23 24 30 32 33 34 37 39 47 48 49 50 55 56 57 58 59 62 63 64 65 66 80 81 82 83 84 85 86 89 90 91 92 106 114 115 116 117 125', [106, 37, 5])
174 : ('049 3 4 5 7 12 13 14 21 23 31 32 33 34 37 38 39 40 41 46 47 48 49 50 51 55 56 57 58 62 63 64 65 73 76 77 78 80 81 82 83 84 90 91 92 98 99 100 106 115', [106, 64, 37, 5])
175 : ('050 1 3 11 13 15 17 20 21 22 36 37 38 39 40 41 42 43 44 45 53 54 55 58 59 60 61 64 65 66 67 68 69 70 71 72 78 79 80 81 82 83 84 85 86 87 88 90 91 92 123', [3])
176 : ('050 10 11 15 17 20 24 28 29 34 36 37 38 39 40 41 42 43 44 45 52 53 54 55 56 57 59 60 61 64 65 66 67 68 69 70 71 72 78 79 80 81 82 83 84 85 86 87 88 93 111', [20, 10])
177 : ('050 12 16 23 24 25 26 28 30 33 37 38 39 40 41 42 43 48 51 52 53 54 55 56 57 58 60 62 65 66 67 68 69 73 74 75 77 78 79 80 81 82 83 84 85 86 87 88 89 92 126', [126, 25])
178 : ('050 13 14 16 21 22 26 28 31 38 39 40 41 42 43 44 47 48 49 51 52 53 54 55 56 57 58 59 65 66 67 68 69 70 71 72 77 78 79 80 81 82 83 84 85 86 90 97 98 99 125', [125])
179 : ('050 2 12 15 26 27 30 34 35 36 40 41 43 45 46 47 48 52 53 54 55 56 59 61 65 66 67 68 69 70 71 72 73 74 75 78 79 80 81 82 83 84 85 86 87 88 95 103 104 105 114', [104, 35, 26, 12, 2])
180 : ('050 5 12 13 14 15 16 23 25 30 31 32 33 38 39 40 41 42 43 47 48 49 50 51 52 56 57 58 59 60 65 72 73 74 75 77 78 79 82 83 84 90 91 92 98 99 100 101 102 115 117', [74, 47])
181 : ('051 10 14 16 28 30 32 33 35 36 37 38 39 40 41 42 43 48 52 53 54 55 56 57 58 59 60 62 63 64 65 66 67 68 69 73 74 75 77 78 79 80 81 82 83 84 85 86 87 88 89 102', [32])
182 : ('051 11 12 13 14 15 16 27 29 36 37 38 39 40 41 42 43 47 51 52 53 54 55 57 58 59 61 64 65 66 67 68 69 70 72 73 74 76 77 78 82 83 84 85 86 87 88 90 91 92 115 117', [115, 29])
183 : ('051 12 13 14 15 16 21 22 24 28 30 31 37 38 39 40 41 42 43 47 48 49 50 51 53 54 55 56 57 58 64 67 68 69 72 74 79 80 81 82 83 84 85 89 90 91 97 98 99 100 101 116', [21])
184 : ('051 4 12 16 21 29 30 31 32 37 38 39 40 41 42 43 44 48 52 53 54 55 56 57 58 59 61 63 64 65 66 67 68 69 70 71 77 78 79 80 81 82 83 84 85 86 87 88 90 97 99 107', [52])
185 : ('052 13 14 15 16 21 22 23 24 25 38 39 40 41 42 43 46 47 48 49 50 51 52 54 60 62 64 65 66 67 71 72 73 74 77 78 79 80 81 85 86 87 88 89 90 91 97 98 99 100 101 124 126', [62])
186 : ('052 13 14 15 16 22 24 28 38 39 40 41 42 43 47 48 49 50 51 52 53 54 55 56 58 59 62 63 64 65 66 67 72 74 77 78 79 81 82 83 84 85 86 87 88 89 90 91 97 98 99 100 101', [101, 74, 51, 24])
187 : ('052 3 7 12 14 15 16 20 21 22 23 24 30 31 32 33 34 37 38 39 40 41 42 46 47 48 50 53 56 57 58 62 64 65 66 71 78 79 80 82 83 84 89 90 91 92 96 97 98 109 117 123 125', [109, 50, 31])
188 : ('053 1 4 5 6 11 15 27 29 31 36 40 41 42 43 45 46 47 48 52 53 54 55 56 57 58 59 61 65 66 67 68 69 70 71 72 73 74 78 79 80 81 82 83 84 85 86 87 88 95 105 107 115 116', [107, 105, 95, 74, 48, 36, 6])
189 : ('053 2 11 12 15 26 27 30 34 35 36 37 38 40 41 43 45 46 47 48 52 53 54 55 56 59 61 65 66 67 68 69 70 71 72 73 74 75 78 79 80 81 82 83 84 85 86 87 88 95 103 104 105 114', [105])
190 : ('054 13 14 15 16 22 24 28 31 32 38 39 40 41 42 43 47 48 49 50 51 53 54 55 56 57 58 59 62 64 65 66 67 68 69 72 74 79 80 81 82 83 87 88 89 90 91 97 98 99 100 101 115 116 117', [62])
191 : ('054 4 14 16 29 30 31 33 37 38 39 40 41 42 43 45 46 47 52 54 55 56 57 58 59 60 61 65 66 67 68 69 70 71 72 73 74 75 77 78 79 80 81 82 83 84 85 86 87 88 96 97 99 106 107', [106, 96, 37])
192 : ('054 5 7 10 11 12 13 14 15 16 23 24 25 30 31 32 33 34 35 36 37 38 39 40 41 42 47 48 49 50 51 52 53 56 57 58 65 72 73 74 78 79 80 82 83 84 90 91 92 93 98 99 100 115 117', [74, 47])
193 : ('055 10 12 14 16 26 28 30 32 35 36 37 38 39 40 41 42 43 46 48 51 52 53 54 55 56 57 58 59 60 61 63 64 65 66 67 68 69 71 72 73 77 78 79 80 81 82 83 84 85 86 87 88 97 107 110', [107, 97, 48, 32])
194 : ('055 12 13 14 15 16 17 22 23 24 25 31 32 37 38 39 40 41 42 44 47 48 49 50 51 53 56 57 58 59 65 66 67 68 69 70 71 72 78 79 80 81 82 83 84 85 90 97 98 99 108 115 116 117 118 126', [108])
195 : ('055 3 4 5 7 12 13 14 15 16 23 30 31 32 33 34 37 38 39 40 41 42 47 48 49 50 51 55 56 57 58 62 63 64 65 66 67 68 73 76 77 78 80 81 82 83 84 90 91 92 98 99 100 106 115 117', [106, 64, 47, 37])
196 : ('056 1 3 4 5 7 8 9 10 11 12 13 14 17 20 21 22 23 24 30 35 37 45 47 48 51 52 54 56 57 58 60 61 62 63 64 65 66 76 82 83 84 86 87 88 89 90 91 92 104 106 111 113 115 117 123 125', [106, 47, 37])
197 : ('056 10 11 15 17 20 24 27 28 29 30 33 34 35 36 37 40 41 42 43 44 45 46 52 53 54 55 56 57 59 60 65 66 67 68 69 70 71 72 78 79 80 81 82 83 84 85 86 87 89 93 95 97 102 104 105 111', [10])
198 : ('056 11 13 15 20 27 28 29 30 35 36 37 38 39 40 41 42 43 45 46 47 48 52 53 54 55 56 57 59 60 61 65 66 67 68 69 70 72 73 74 75 78 79 80 81 82 83 84 85 86 87 88 89 95 97 104 105', [105, 95, 46])
199 : ('056 9 13 15 23 24 25 26 27 29 32 33 34 35 36 38 39 40 41 42 44 45 46 51 52 53 54 55 56 57 59 61 65 66 67 68 69 70 71 72 73 76 77 78 79 80 81 82 83 84 85 86 87 88 92 101 127', [101, 32])
200 : ('057 1 11 15 17 24 25 26 27 29 40 41 42 43 44 45 46 47 48 52 53 54 55 56 58 59 60 62 65 66 67 68 69 70 71 72 73 74 76 77 78 79 80 81 82 83 84 85 86 87 88 89 90 91 92 110 117 127', [110])
201 : ('057 11 13 15 17 22 24 25 26 27 28 29 32 36 37 38 39 40 41 42 43 44 45 46 52 53 54 55 56 57 59 60 61 64 65 66 67 68 69 70 71 72 73 78 79 80 81 82 83 84 85 86 87 88 91 97 115 127', [91, 32, 22])
202 : ('057 11 15 17 22 23 27 28 29 31 34 36 37 38 39 40 41 42 43 44 45 46 52 53 54 55 56 57 58 59 60 61 62 64 65 66 67 68 69 70 71 72 77 78 79 80 81 82 83 84 85 86 87 88 89 93 115 125', [89])
203 : ('057 11 15 17 24 25 26 27 28 31 36 37 38 39 40 41 42 43 44 46 47 52 53 54 55 56 57 58 59 60 61 62 64 65 66 67 68 69 70 71 72 73 74 78 79 80 81 82 83 84 85 86 87 88 89 97 115 117', [117, 26])
204 : ('057 13 15 17 20 22 23 24 25 26 27 29 30 31 38 39 40 41 42 43 44 45 46 47 52 53 54 55 56 57 58 59 61 64 65 66 67 68 69 70 71 72 73 74 78 79 80 81 82 83 84 85 86 87 88 89 125 127', [20])
205 : ('057 2 4 12 14 16 23 24 25 26 27 28 29 30 31 37 38 39 40 41 42 43 44 46 48 50 51 52 53 54 55 56 57 58 60 65 66 67 68 69 70 71 72 73 74 75 79 80 81 82 83 84 85 86 87 99 109 126', [109, 99, 50, 44])
206 : ('057 2 4 12 16 23 24 25 26 27 28 29 30 31 33 35 37 38 39 40 41 42 43 45 46 51 52 53 54 55 56 57 58 60 65 66 67 68 69 70 71 72 73 77 78 79 80 81 82 83 84 85 86 87 94 102 104 126', [102, 33])
207 : ('058 1 11 15 17 30 34 35 36 37 38 39 40 41 42 43 44 45 46 47 52 53 54 55 56 57 58 59 61 64 65 66 67 68 69 70 77 78 79 80 81 82 83 84 85 86 87 88 90 91 92 94 95 99 103 104 105 115 116', [104, 94, 45, 35])
208 : ('058 11 15 17 20 24 25 26 27 29 31 32 36 37 38 39 40 41 42 43 44 47 52 53 54 55 56 57 58 59 61 64 65 66 67 68 69 70 72 73 74 78 79 80 81 82 83 84 85 86 87 88 89 90 91 92 100 124 127', [124])
209 : ('058 11 15 17 24 28 33 34 36 37 38 40 41 42 43 44 45 46 47 53 54 55 56 57 59 61 62 65 66 67 68 69 70 71 72 73 74 78 79 80 81 82 83 84 85 86 87 88 89 90 91 92 93 95 102 105 113 114 115', [102, 33])
210 : ('058 3 11 14 15 16 17 24 25 26 27 28 29 30 31 36 37 38 39 40 41 42 43 44 51 52 53 54 55 56 57 58 59 61 64 65 66 67 68 69 70 76 77 78 79 80 81 82 83 84 85 86 87 88 90 91 92 117 127', [3])
211 : ('058 9 13 15 22 23 24 25 26 27 29 32 33 34 35 36 38 39 40 41 42 43 44 45 46 51 52 53 54 55 56 57 59 61 64 65 66 67 68 69 70 71 72 73 78 79 80 81 82 83 84 85 86 87 88 91 92 101 127', [101])
212 : ('059 10 12 14 16 21 22 23 24 25 28 30 35 36 37 38 39 40 41 42 43 44 45 46 50 52 53 54 55 56 57 58 60 63 64 65 66 67 68 69 70 71 72 73 75 76 77 78 79 80 81 82 83 84 85 86 87 114 124 126', [44])
213 : ('059 11 15 17 20 24 27 28 29 30 33 34 35 36 37 38 39 40 41 42 43 44 45 46 52 53 54 55 56 59 60 61 64 65 66 67 68 69 70 71 72 78 79 80 81 82 83 84 85 86 87 88 89 93 95 97 102 104 105 111', [104, 35])
214 : ('059 12 13 14 15 16 17 21 22 23 24 25 29 30 37 38 39 40 41 42 43 46 47 48 49 50 51 53 54 55 56 57 59 63 64 65 67 72 78 79 80 81 82 83 88 89 90 91 97 98 99 105 106 107 113 114 115 116 118 126', [107, 21])
215 : ('059 2 12 15 16 17 20 21 22 26 27 29 30 34 35 36 40 41 42 43 44 45 46 52 53 54 55 56 57 59 61 65 66 67 68 69 70 71 72 73 78 79 80 81 82 83 84 85 86 87 88 89 90 91 92 95 99 103 104 113', [104, 95, 36, 35, 26])
216 : ('059 2 3 4 11 12 13 14 16 18 21 22 23 29 30 31 36 38 39 40 41 42 43 44 45 46 50 53 54 55 56 57 60 61 62 63 64 65 66 67 75 76 77 78 79 80 81 82 83 85 86 87 88 89 90 91 105 108 114 124', [57])
217 : ('059 2 4 10 12 14 16 27 28 29 30 31 34 35 36 37 38 39 40 41 42 43 46 47 48 49 52 53 54 55 56 57 58 59 60 61 65 66 67 68 69 71 72 73 74 75 77 78 79 80 81 82 83 84 85 86 87 88 116 118', [118, 49])
218 : ('059 2 4 10 12 15 16 17 24 26 28 29 30 31 34 35 36 37 38 39 40 41 42 43 49 50 51 52 53 54 55 56 57 58 59 60 61 65 66 67 68 69 70 71 74 79 80 81 82 83 84 85 86 87 98 99 100 101 108 118', [108, 98])
219 : ('060 3 11 13 15 21 24 25 26 27 28 29 30 31 36 37 38 39 40 41 42 43 44 45 46 52 53 54 55 56 57 58 59 61 64 65 66 67 68 69 70 71 72 77 78 79 80 81 82 83 84 85 86 87 88 90 95 98 105 113 127', [105, 95, 90, 46, 21, 3])
220 : ('060 4 10 12 14 16 27 28 29 30 31 35 36 37 38 39 40 41 42 43 44 45 48 52 53 54 55 56 57 58 60 62 63 64 65 66 67 68 69 70 71 73 74 75 77 78 79 80 81 82 83 84 85 86 87 88 89 114 117 123 127', [123])
221 : ('060 4 10 12 14 16 28 29 30 31 35 36 37 38 39 40 41 42 43 45 46 48 50 51 53 54 55 56 57 60 62 63 64 65 66 67 68 69 70 71 72 73 74 75 76 77 78 79 80 81 82 83 85 86 87 88 89 110 111 114 125', [110])
222 : ('060 4 5 6 21 27 31 33 36 39 40 41 43 47 48 49 52 53 54 55 57 59 60 61 64 65 66 67 68 69 70 71 72 73 74 75 76 78 79 80 81 82 83 84 85 86 87 88 90 91 92 95 99 102 105 107 116 117 124 125 126', [73])
223 : ('061 12 13 14 16 17 21 22 23 26 28 29 30 31 37 38 39 40 41 42 43 45 46 47 49 51 52 53 54 55 56 57 58 60 64 65 66 67 68 69 70 71 72 79 80 81 82 83 84 85 86 87 90 91 96 98 99 100 106 108 114 115', [106, 96, 91, 71, 47, 23, 22, 17, 13])
224 : ('061 2 4 10 12 16 23 24 25 26 27 28 29 30 31 35 36 37 38 39 40 41 42 43 45 46 47 48 51 52 53 54 55 56 57 58 63 64 65 66 67 68 69 71 72 73 77 78 79 80 81 82 83 84 85 97 99 107 114 116 117 126', [117])
225 : ('061 3 11 13 15 17 20 24 25 26 27 28 29 31 34 36 37 38 39 40 41 42 43 44 46 47 52 53 54 55 56 57 58 59 60 61 64 65 66 67 68 69 70 71 72 73 74 78 79 80 81 82 83 84 85 86 87 88 89 93 97 127', [20])
226 : ('061 3 11 15 17 25 27 29 31 34 35 36 37 38 39 40 41 42 43 44 45 46 47 51 52 53 54 55 56 57 58 59 60 61 62 64 65 66 67 68 69 70 71 72 73 74 77 78 79 80 81 82 83 84 85 86 87 88 89 94 103 110', [94, 35, 25])
227 : ('061 4 10 12 14 16 23 24 25 26 28 29 30 31 33 35 36 37 38 39 40 41 42 43 46 47 48 51 52 53 54 55 56 57 58 60 62 65 66 67 68 69 71 72 73 74 75 77 78 79 80 81 82 83 84 85 86 87 88 89 92 126', [26])
228 : ('062 10 12 13 14 16 17 21 22 23 24 25 26 28 29 30 35 36 37 38 39 40 41 42 43 48 51 52 53 54 55 56 57 58 59 60 64 65 66 67 68 69 70 71 72 73 74 75 77 78 79 80 81 82 83 84 85 86 87 90 91 98 126', [91, 72, 22])
229 : ('062 3 11 13 15 24 25 26 28 29 31 33 34 36 37 38 39 40 41 42 43 44 45 46 47 53 54 55 56 57 58 59 60 61 62 64 65 66 67 68 69 70 71 72 73 74 78 79 80 81 82 83 84 85 86 87 88 89 97 102 103 115 117', [97])
230 : ('063 0 1 3 4 5 7 8 9 10 11 12 13 14 17 20 21 22 23 24 30 33 35 37 42 45 47 48 52 54 56 58 59 60 62 63 64 65 66 67 68 76 77 78 84 85 86 87 88 89 90 91 92 101 104 106 111 113 115 117 123 125 126 127', [115, 106, 56, 47, 37, 5])
231 : ('063 1 11 13 15 17 20 27 29 30 31 36 37 38 39 40 41 42 43 44 45 46 47 48 51 52 53 54 55 56 57 58 59 61 64 65 66 67 68 69 70 72 73 74 76 77 78 79 80 81 82 83 84 85 86 87 88 89 90 91 92 114 115 117', [20])
232 : ('063 12 13 14 15 16 20 23 24 25 26 27 30 33 39 40 41 42 43 46 47 48 49 50 52 53 54 55 56 58 59 60 61 64 65 66 67 68 69 70 72 73 74 78 79 80 81 82 84 85 86 87 88 89 90 91 92 98 99 100 111 115 117 127', [89, 20])
233 : ('063 12 13 14 17 21 23 27 29 31 37 38 39 40 41 42 43 44 45 46 47 48 49 50 52 53 54 55 56 57 58 59 61 63 65 66 67 68 69 70 71 72 73 78 79 80 81 82 83 84 85 86 87 88 89 90 91 92 96 97 98 99 100 115', [63])
234 : ('064 1 3 11 15 16 17 18 21 24 26 27 28 29 31 34 35 36 40 41 42 43 44 45 46 47 52 53 54 55 56 58 59 61 62 65 66 67 68 69 70 71 72 73 74 78 79 80 81 82 83 84 85 86 87 88 89 90 91 92 93 95 103 104 115', [104, 95, 36, 35, 26])
235 : ('064 10 11 12 15 17 21 24 27 28 29 30 31 34 39 40 41 42 43 44 45 46 47 52 53 54 55 56 57 58 59 61 62 64 65 66 67 68 69 70 71 72 73 74 78 79 80 81 82 83 84 85 86 87 88 89 90 91 92 93 99 103 111 113 115', [21])
236 : ('064 3 7 12 13 14 15 23 25 27 28 29 30 32 33 34 39 40 41 42 43 47 48 49 50 51 52 53 54 55 56 57 59 60 61 64 65 66 67 68 69 70 72 73 74 75 76 78 79 80 81 82 83 84 85 86 87 88 90 91 92 98 99 100 115', [3])
237 : ('064 4 10 12 14 16 23 24 25 26 28 29 30 31 35 36 37 38 39 40 41 42 43 45 47 48 51 52 53 54 55 56 57 58 60 64 65 66 67 68 69 70 71 72 73 74 75 77 78 79 80 81 82 83 84 85 86 87 97 98 107 114 116 125 126', [107, 97])
238 : ('064 5 13 14 15 16 17 21 23 24 25 29 30 31 32 33 34 38 39 40 41 42 43 44 46 47 48 49 50 51 52 53 54 55 56 57 58 59 60 67 68 69 70 71 73 74 75 76 78 79 80 81 82 83 84 85 86 93 98 99 100 101 102 103 117', [103, 29])
239 : ('064 5 6 7 10 13 14 15 16 22 23 24 25 28 32 35 36 37 38 39 40 41 42 43 45 47 48 49 50 51 53 54 55 56 57 58 59 60 61 63 64 65 66 67 68 69 73 74 75 79 80 81 82 83 84 85 86 87 88 108 114 116 117 125 126', [117, 37, 10])
240 : ('064 6 12 13 14 15 16 17 22 24 28 31 32 33 34 37 38 39 40 41 42 44 47 48 49 50 51 53 54 55 56 57 58 59 60 61 64 67 68 69 70 71 72 74 75 76 77 81 82 83 84 85 89 90 91 92 97 98 99 100 101 116 117 118 119', [71])
241 : ('065 1 11 15 17 20 22 23 24 28 29 32 33 36 38 39 40 41 42 43 44 45 47 48 53 54 55 56 57 59 61 62 63 64 65 66 67 68 69 70 71 72 73 74 75 78 79 80 81 82 83 84 85 86 87 88 89 90 91 95 97 99 102 105 117 125', [97, 90, 63])
242 : ('065 2 10 14 16 19 23 24 25 26 27 28 29 30 32 33 35 36 37 39 40 41 42 43 45 46 47 51 52 53 54 55 56 57 58 59 60 61 64 65 66 67 68 69 70 71 72 73 74 77 78 79 80 81 82 83 84 85 86 87 88 94 102 104 114 126', [126, 25])
243 : ('065 2 3 4 11 12 13 14 15 21 22 23 24 32 36 37 38 39 40 41 42 46 47 48 49 50 51 53 54 55 57 58 59 61 62 63 64 65 66 67 68 69 72 74 78 79 80 81 83 84 85 87 88 89 90 91 97 98 99 100 101 105 108 114 116 124', [114, 108, 105, 63, 55, 46, 36, 4])
244 : ('065 3 5 7 12 13 14 15 16 21 23 30 31 32 33 34 37 38 39 40 41 42 46 47 48 49 50 51 54 55 56 57 58 59 60 62 64 65 66 67 68 71 73 76 77 78 79 80 81 82 83 84 89 90 91 92 96 97 98 99 100 114 115 116 117 119', [119])
245 : ('065 7 12 13 14 15 16 21 23 25 31 32 33 34 37 38 39 40 41 42 43 46 47 48 49 50 51 52 53 54 55 56 57 58 59 60 65 66 67 68 71 73 74 75 76 78 79 80 81 82 83 84 90 91 92 96 97 98 99 100 101 102 115 116 117 118', [71])
246 : ('066 1 10 11 12 13 15 17 20 21 22 24 27 29 30 31 34 36 37 38 39 40 41 42 43 44 45 46 47 52 53 54 55 56 57 58 59 60 61 64 65 66 67 68 69 70 71 72 73 74 78 79 80 81 82 83 84 85 86 87 88 89 93 95 105 113 123', [113])
247 : ('066 2 10 12 13 14 15 16 17 22 24 26 27 28 29 30 31 32 35 36 37 38 39 40 41 42 43 45 47 48 49 50 51 52 53 54 55 56 57 58 59 62 65 66 67 68 69 70 73 74 75 77 78 79 80 81 82 83 84 85 87 88 89 100 114 116 118', [26, 10])
248 : ('066 3 4 11 12 15 17 20 22 23 24 25 26 27 29 36 37 38 39 40 41 42 43 44 45 46 47 52 53 54 55 56 57 58 59 60 61 62 63 64 65 66 67 68 69 70 71 72 73 74 78 79 80 81 82 83 84 85 86 87 88 89 95 114 115 122 126', [126, 122, 63, 25, 22, 4])
249 : ('066 4 11 12 13 15 16 17 20 21 22 23 24 25 26 27 28 29 34 36 37 38 39 40 41 42 43 44 45 46 52 53 54 55 56 57 58 59 60 63 64 65 66 67 68 69 70 71 72 78 79 80 81 82 83 84 85 86 87 89 90 93 95 105 111 122 126', [126, 122, 63, 25, 22, 4])
250 : ('066 6 10 12 13 14 15 16 17 21 22 23 24 31 32 33 35 36 37 38 39 40 41 42 47 48 49 50 51 53 54 55 56 57 58 59 64 65 66 67 68 69 72 75 76 77 78 79 80 81 83 84 85 89 90 91 92 97 98 99 115 116 117 118 123 124 125', [123])
251 : ('067 10 11 15 17 20 21 22 27 28 29 30 31 33 36 37 38 39 40 41 42 43 44 45 46 47 52 53 54 55 56 57 58 59 60 61 64 65 66 67 68 69 70 71 72 73 74 78 79 80 81 82 83 84 85 86 87 88 90 91 92 97 99 102 111 114 116 123', [97, 10])
252 : ('067 2 3 4 5 6 11 12 13 14 15 16 18 19 20 21 22 23 24 25 28 36 38 39 40 41 42 43 46 47 48 49 50 51 55 56 58 59 60 61 62 63 64 65 67 72 81 82 83 85 86 87 88 89 90 91 97 98 99 105 106 107 114 117 118 122 124 126', [107, 6])
253 : ('067 3 11 13 14 15 16 17 23 28 29 30 31 33 36 37 38 39 40 41 42 43 44 46 47 48 49 50 53 54 55 56 57 58 59 61 64 65 66 67 68 69 70 72 73 74 78 79 80 81 82 83 84 85 86 87 88 90 91 92 95 98 99 100 102 105 115 117', [3])
254 : ('067 3 4 5 12 13 14 15 17 20 21 22 23 24 29 31 34 37 39 40 41 42 43 44 45 46 47 48 49 53 54 55 56 57 58 59 62 63 64 65 66 68 69 70 72 73 74 78 79 80 81 82 84 85 86 90 91 92 93 104 105 106 107 108 115 118 123 125', [118])
255 : ('068 11 12 15 16 17 20 21 22 29 31 33 36 37 38 39 40 41 42 43 44 45 46 47 48 49 53 54 55 56 57 58 59 60 61 64 65 66 67 68 69 70 71 72 74 75 76 78 79 80 81 82 83 84 85 86 87 88 89 90 95 99 102 105 116 117 124 125 126', [22])
256 : ('068 12 13 14 15 16 18 21 22 23 24 25 28 29 30 31 34 37 38 39 40 41 42 43 44 45 47 48 49 52 53 54 55 56 57 58 59 61 63 64 65 66 67 68 69 70 71 72 77 78 79 80 81 82 83 84 85 86 87 88 90 97 98 99 103 114 116 117 126', [117])
257 : ('068 2 4 12 14 16 19 23 26 27 28 29 30 31 32 33 34 37 38 39 40 41 42 43 45 46 47 48 49 50 51 52 53 54 55 56 57 58 59 60 61 65 66 67 68 69 70 71 72 73 74 75 76 77 78 79 80 81 82 83 84 85 86 87 88 92 100 110 115', [92, 33, 23])
258 : ('069 1 10 11 12 15 17 20 21 22 24 25 26 29 30 31 33 35 36 37 38 39 40 41 42 43 44 45 46 47 53 54 55 56 57 58 59 60 61 64 65 66 67 68 69 70 71 72 73 74 78 79 80 81 82 83 84 85 86 87 88 89 95 102 104 105 113 115 123 127', [113])
259 : ('069 2 10 14 16 21 26 27 28 29 30 31 34 35 36 37 38 39 40 41 42 43 46 47 48 49 51 52 53 54 55 56 57 58 59 60 61 62 63 64 65 66 67 68 69 70 71 72 73 74 75 76 77 78 79 80 81 82 83 84 85 86 87 88 89 90 96 106 110 123', [110])
260 : ('069 2 4 10 12 14 16 26 27 28 29 30 31 34 35 36 37 38 39 40 41 42 43 45 46 47 48 51 52 53 54 55 56 57 58 59 60 61 62 65 66 67 68 69 70 71 72 73 74 75 77 78 79 80 81 82 83 84 85 86 87 88 89 97 99 100 107 115 116 126', [107, 99])
261 : ('069 3 11 15 17 20 22 23 24 27 28 29 30 31 36 37 38 39 40 41 42 43 44 45 46 47 48 51 52 53 54 55 56 57 58 59 61 64 65 66 67 68 69 70 71 72 73 74 76 77 78 79 80 81 82 83 84 85 86 87 88 89 90 91 92 98 114 115 117 125', [48])
262 : ('069 4 10 12 14 16 21 23 24 25 26 28 29 30 31 32 35 36 37 38 39 40 41 42 43 44 45 47 48 51 52 53 54 55 56 57 58 59 60 62 64 65 66 67 68 69 70 71 72 73 74 75 77 78 79 80 81 82 83 84 85 86 87 88 89 90 100 116 123 126', [123, 64])
263 : ('069 4 10 14 16 23 24 25 26 28 29 30 31 32 33 35 36 37 38 39 40 41 42 43 44 46 47 48 51 52 53 54 55 56 57 58 59 60 63 64 65 66 67 68 69 70 71 73 74 75 77 78 79 80 81 82 83 84 85 86 87 88 89 90 99 102 115 116 125 126', [125, 99])
264 : ('069 4 5 6 15 17 28 29 30 33 36 38 40 41 42 43 44 45 46 47 48 52 53 54 55 56 57 58 59 60 61 62 63 65 66 67 68 69 70 71 72 73 74 75 78 79 80 81 82 83 84 85 86 87 88 89 90 91 92 95 97 99 102 105 107 111 113 115 116 117', [97, 63, 38])
265 : ('070 1 3 4 5 7 8 9 10 12 13 14 15 16 18 21 22 23 24 28 31 32 33 34 37 38 39 40 46 47 48 49 50 51 52 56 57 58 59 60 62 63 64 65 66 67 74 75 76 81 82 83 84 86 87 88 90 91 92 93 99 106 107 111 115 117 118 120 124 125 126', [118])
266 : ('070 1 3 9 11 13 15 17 20 27 29 30 31 33 34 35 36 37 38 39 40 41 42 43 44 45 46 47 48 52 53 54 55 56 57 58 59 60 61 64 65 66 67 68 69 70 71 72 73 74 75 78 79 80 81 82 83 84 85 86 87 88 89 95 98 102 104 105 111 114 117', [9])
267 : ('070 2 4 10 12 14 16 20 21 26 27 28 29 30 31 32 35 36 37 38 39 40 41 42 43 44 45 47 48 51 52 53 54 55 56 57 58 59 60 63 64 65 66 67 68 69 70 71 72 73 74 75 77 78 79 80 81 82 83 84 85 86 87 89 90 96 98 100 106 115 123', [89, 20])
268 : ('071 2 4 10 12 14 15 16 17 20 25 26 27 28 29 30 31 32 35 36 37 38 39 40 41 42 43 44 45 47 48 51 52 53 54 55 56 57 58 59 60 64 65 66 67 68 69 70 71 72 73 74 75 77 78 79 80 81 82 83 84 85 86 87 89 94 96 98 100 106 110 123', [123, 94, 25])
269 : ('071 3 11 13 15 17 20 22 24 25 26 27 28 29 30 31 32 36 37 38 39 40 41 42 43 44 45 46 47 50 51 52 53 54 55 56 57 58 59 61 64 65 66 67 68 69 70 71 72 73 74 76 77 78 79 80 81 82 83 84 85 86 87 88 89 91 97 101 109 113 124 127', [97])
270 : ('071 4 13 14 15 16 21 22 23 24 25 28 29 30 31 33 34 38 39 40 41 42 43 46 47 48 49 50 51 53 54 55 56 57 58 59 60 61 62 64 65 66 67 68 69 71 72 73 74 75 78 79 80 81 82 83 84 85 86 87 88 89 90 92 97 98 99 100 101 112 123 126', [90, 21])
271 : ('071 4 13 14 15 16 22 23 24 25 28 29 30 31 33 38 39 40 41 42 43 47 48 49 50 51 52 53 54 55 56 57 58 59 60 63 64 65 66 67 68 69 72 73 74 75 76 77 78 79 80 81 82 83 84 85 86 87 89 90 91 92 97 98 99 100 101 116 117 118 119 126', [126, 25])
272 : ('072 12 13 14 15 16 17 21 23 25 31 33 37 38 39 40 41 42 43 44 46 47 48 49 50 51 52 53 55 56 57 58 59 60 61 63 64 65 66 67 68 69 70 71 72 73 74 75 76 77 78 79 80 81 82 83 84 85 86 87 88 89 90 91 92 96 97 98 99 100 109 115 117', [109])
273 : ('072 2 4 10 12 14 16 23 24 25 26 27 28 29 30 31 32 33 35 36 37 38 39 40 41 42 43 44 45 46 48 51 52 53 54 55 56 57 58 59 60 61 62 63 64 65 66 67 68 69 70 71 72 73 74 75 77 78 79 80 81 82 83 84 85 86 87 88 89 92 98 110 126', [32])
274 : ('072 2 4 10 12 14 16 26 27 28 29 30 31 33 35 36 37 38 39 40 41 42 43 44 46 47 48 49 50 51 52 53 54 55 56 57 58 59 60 61 62 63 64 65 66 67 68 69 70 71 72 73 74 75 76 77 78 79 80 81 82 83 84 85 86 87 88 89 97 99 107 116 118', [33])
275 : ('072 2 4 14 16 21 23 24 25 26 27 28 29 30 31 34 37 38 39 40 41 42 43 44 46 47 48 51 52 53 54 55 56 57 58 59 60 61 63 64 65 66 67 68 69 70 71 72 73 74 75 76 77 78 79 80 81 82 83 84 85 86 87 88 90 96 97 98 100 106 107 108 126', [106, 96])
276 : ('073 1 3 11 15 17 20 21 22 27 28 29 31 32 36 37 38 39 40 41 42 43 44 45 46 47 48 51 52 53 54 55 56 57 58 59 60 61 62 64 65 66 67 68 69 70 71 72 73 74 76 77 78 79 80 81 82 83 84 85 86 87 88 89 90 91 92 97 101 114 115 116 117 123', [101, 32])
277 : ('073 2 10 12 14 15 16 17 22 24 27 28 29 30 34 35 36 37 38 39 40 41 42 43 44 45 46 47 48 49 50 51 52 53 54 55 56 57 58 59 60 61 64 65 66 67 68 69 70 71 72 73 74 75 77 78 79 80 81 82 83 84 85 86 87 88 98 99 100 101 110 116 118 125', [125])
278 : ('073 2 4 10 14 16 19 23 24 25 26 27 28 29 30 31 33 35 36 37 38 39 40 41 42 43 44 46 47 48 51 52 53 54 55 56 57 58 59 60 61 62 63 64 65 66 67 68 69 70 71 72 73 74 75 77 78 79 80 81 82 83 84 85 86 87 88 89 94 102 111 114 116 126', [19])
279 : ('073 3 5 7 10 11 12 13 14 15 16 20 22 23 24 30 31 32 33 34 37 38 39 40 41 43 47 48 49 50 53 54 55 56 57 58 59 60 62 63 65 66 67 68 69 70 73 74 75 76 78 79 80 81 82 83 84 88 89 90 91 92 93 98 99 100 106 108 113 115 117 124 125 126', [126, 108, 106, 47, 37])
280 : ('073 3 9 11 13 15 17 20 24 25 26 27 28 29 30 31 32 34 35 36 37 38 39 40 41 42 43 44 45 46 47 48 52 53 54 55 56 57 58 59 60 61 62 64 65 66 67 68 69 70 71 72 73 74 75 78 79 80 81 82 83 84 85 86 87 88 89 99 100 101 116 117 124 127', [124])
281 : ('073 3 9 11 15 17 20 24 27 28 29 30 31 33 34 35 36 37 38 39 40 41 42 43 44 45 46 47 48 52 53 54 55 56 57 58 59 61 64 65 66 67 68 69 70 71 72 73 74 75 77 78 79 80 81 82 83 84 85 86 87 88 89 93 95 98 102 104 105 115 116 123 124 125', [125, 98])
282 : ('073 3 9 11 15 17 20 24 27 28 29 30 31 33 34 35 36 37 38 39 40 41 42 43 44 45 46 47 48 52 53 54 55 56 57 58 59 61 64 65 66 67 68 69 70 71 72 73 74 75 77 78 79 80 81 82 83 84 85 86 87 88 89 93 95 98 102 105 111 115 116 123 124 125', [125, 98, 20])
283 : ('073 4 10 13 14 16 18 22 23 24 25 28 29 30 31 32 33 35 36 37 38 39 40 41 42 43 44 45 46 47 48 49 50 52 53 54 55 56 57 58 59 60 61 62 65 66 67 68 69 70 71 72 73 75 76 77 78 79 80 81 82 83 84 85 86 87 88 89 94 97 98 99 113 126', [126])
284 : ('074 1 11 13 15 17 20 22 23 24 26 27 29 31 32 33 36 37 38 39 40 41 42 43 44 45 46 48 51 52 53 54 55 56 57 58 59 60 61 63 64 65 66 67 68 69 70 71 72 73 74 75 76 77 78 79 80 81 82 83 84 85 86 87 88 89 90 98 102 111 114 115 117 125 127', [102, 33])
285 : ('074 2 4 12 13 14 16 18 22 23 24 25 26 27 28 29 30 31 32 37 38 39 40 41 42 43 44 45 46 47 48 49 50 51 52 53 54 55 56 57 58 59 60 61 62 63 64 65 66 67 68 69 70 71 72 73 75 76 77 78 79 80 81 82 83 84 85 86 87 88 89 97 98 99 126', [126, 25])
286 : ('074 3 4 5 11 12 13 14 15 17 20 21 22 23 24 27 30 36 37 38 39 40 41 42 43 44 45 47 49 51 52 53 54 55 56 57 59 61 62 63 64 65 66 67 68 69 70 71 72 73 74 76 77 78 79 80 81 82 83 84 85 86 87 88 89 90 91 92 106 114 115 116 118 123 125', [118, 49])
287 : ('075 1 3 4 5 10 11 12 13 14 15 16 20 21 22 23 24 30 32 35 36 37 39 40 41 42 45 46 47 49 51 53 54 55 56 58 59 60 62 63 64 65 66 67 74 75 76 77 78 79 80 81 82 84 85 86 87 88 89 90 91 92 99 104 105 106 108 113 114 115 117 118 123 124 125 126', [118])
288 : ('075 3 10 11 12 13 15 17 24 25 27 28 29 30 33 34 36 37 38 39 40 41 42 43 44 45 46 47 49 50 51 52 53 54 55 56 57 58 59 60 61 62 64 65 66 67 68 69 70 71 72 73 74 75 76 77 78 79 80 81 82 83 84 85 86 87 88 89 93 95 97 102 105 111 112 113', [113])
289 : ('075 3 11 13 15 17 24 25 26 27 28 29 30 31 34 35 36 37 38 39 40 41 42 43 44 45 46 47 48 52 53 54 55 56 57 58 59 61 63 64 65 66 67 68 69 70 71 72 73 74 75 78 79 80 81 82 83 84 85 86 87 88 89 90 91 92 93 94 97 99 103 111 114 115 116 117', [63])
290 : ('075 3 11 15 17 20 22 23 24 25 26 27 28 29 30 31 33 36 37 38 39 40 41 42 43 44 45 46 48 51 52 53 54 55 56 57 58 59 60 61 63 64 65 66 67 68 69 70 71 72 73 76 77 78 79 80 81 82 83 84 85 86 87 88 89 97 102 111 112 113 114 115 117 122 125 127', [113, 112, 97])
291 : ('076 15 17 20 24 25 26 27 28 29 30 31 32 33 34 35 38 39 40 41 42 43 44 45 46 47 48 52 53 54 55 56 57 58 59 60 61 62 64 65 66 67 68 69 70 71 72 73 74 75 78 79 80 81 82 83 84 85 86 87 88 89 90 91 92 97 98 101 102 103 104 115 116 123 124 125 127', [103, 34])
292 : ('076 2 4 10 12 13 14 16 22 23 24 25 26 27 28 29 30 31 32 34 35 36 37 38 39 40 41 42 43 44 46 47 48 49 50 51 52 53 54 55 56 57 58 59 60 61 64 65 66 67 68 69 70 71 72 73 74 75 79 80 81 82 83 84 85 86 87 88 91 93 97 98 99 108 116 124 126', [108])
293 : ('076 2 4 10 12 14 16 21 23 26 27 28 29 30 31 32 33 34 35 36 37 38 39 40 41 42 43 44 45 46 47 48 49 51 52 53 54 55 56 57 58 59 60 61 63 64 65 66 67 68 69 70 71 72 73 74 75 76 77 78 79 80 81 82 83 84 85 86 87 88 90 92 98 100 110 116 123', [110, 92, 33, 23])
294 : ('076 4 5 6 10 11 15 20 23 24 25 26 27 28 30 31 32 34 36 37 38 39 40 41 42 43 44 45 46 47 48 49 50 52 53 54 55 56 57 58 59 60 61 64 65 66 67 68 69 70 71 72 73 78 79 80 81 82 83 84 85 86 87 88 90 91 92 93 99 100 107 108 109 111 115 116 127', [111, 109])
295 : ('076 7 11 12 13 14 15 16 21 23 25 30 31 32 33 34 36 37 38 39 40 41 42 43 46 47 48 49 50 51 52 53 55 56 57 58 59 60 61 64 65 66 67 68 69 70 73 74 75 76 77 78 79 80 81 82 83 84 85 86 87 88 89 90 91 92 93 98 99 100 114 115 116 117 118 119 120', [89])
296 : ('077 12 13 14 15 16 17 21 23 25 27 29 31 32 33 37 38 39 40 41 42 43 44 45 46 47 48 49 50 51 52 53 54 55 56 57 58 59 60 61 62 63 64 65 66 67 68 69 70 71 73 76 77 78 79 80 81 82 83 84 85 86 87 88 89 90 91 92 94 96 97 98 99 100 101 114 115 117', [101])
297 : ('077 2 3 11 12 15 16 17 18 21 22 23 24 27 28 29 30 31 32 33 36 37 38 39 40 41 42 43 44 45 46 47 48 49 51 52 53 54 55 56 57 58 59 60 61 62 64 65 66 67 68 69 70 71 72 73 74 75 76 77 78 79 80 81 82 83 84 85 86 87 88 89 90 91 92 93 97 102', [32, 23, 22])
298 : ('077 2 4 10 12 14 16 23 24 25 26 27 28 29 30 31 33 35 36 37 38 39 40 41 42 43 44 45 46 47 48 51 52 53 54 55 56 57 58 59 60 62 63 64 65 66 67 68 69 70 71 72 73 74 75 77 78 79 80 81 82 83 84 85 86 87 88 89 90 94 98 102 104 113 114 116 124 126', [113])
299 : ('077 2 4 9 10 11 12 16 21 28 29 30 31 33 34 35 36 37 38 39 40 41 42 43 44 46 47 48 49 52 53 54 55 56 57 58 59 60 61 62 63 64 65 66 67 68 69 70 71 72 73 74 75 76 77 78 79 80 81 82 83 84 85 86 87 88 89 90 94 96 98 100 103 104 106 112 116 123', [123])
300 : ('077 3 11 13 15 17 20 22 24 25 26 27 28 29 30 31 32 33 34 36 37 38 39 40 41 42 43 44 45 46 47 48 51 52 53 54 55 56 57 58 59 60 61 64 65 66 67 68 69 70 71 72 73 76 77 78 79 80 81 82 83 84 85 86 87 88 89 91 93 102 111 113 114 115 116 117 124 127', [113])
301 : ('077 4 10 12 14 16 18 21 26 28 29 30 31 32 35 36 37 38 39 40 41 42 43 44 45 46 47 48 49 50 51 52 53 54 55 56 57 58 59 60 61 62 65 66 67 68 69 70 71 72 73 74 75 76 77 78 79 80 81 82 83 84 85 86 87 88 89 90 98 99 100 109 115 116 117 124 125 126', [126, 117, 49, 32])
302 : ('078 1 11 15 17 19 20 27 28 29 32 35 38 39 40 41 42 43 44 45 46 47 48 51 52 53 54 55 56 57 58 59 60 61 62 63 64 65 66 67 68 69 70 71 72 73 74 75 76 77 78 79 80 81 82 83 84 85 86 87 88 89 90 91 92 94 97 98 101 104 112 113 114 115 116 122 123 124 125', [101, 94, 32])
303 : ('078 1 2 3 9 10 14 15 16 19 20 21 22 23 24 28 29 30 31 33 34 35 36 37 38 39 40 41 42 43 45 46 47 51 52 53 54 55 56 57 58 59 60 61 62 63 64 65 66 67 68 69 70 71 72 73 74 78 79 80 81 82 83 84 85 86 87 88 89 90 96 98 102 103 106 110 112 121 125', [110, 51])
304 : ('078 2 11 12 15 17 22 23 24 25 26 27 28 29 30 31 32 33 36 37 38 39 40 41 42 43 44 45 47 48 51 52 53 54 55 56 57 58 59 61 62 63 64 65 66 67 68 69 70 71 72 73 74 75 76 77 78 79 80 81 82 83 84 85 86 87 88 90 91 92 95 97 99 112 113 120 121 122 127', [33])
305 : ('078 2 4 10 12 14 16 18 22 23 24 25 26 27 28 29 30 31 33 34 35 36 37 38 39 40 41 42 43 44 45 46 47 48 51 52 53 54 55 56 57 58 59 60 61 63 64 65 66 67 68 69 70 71 72 73 74 75 77 78 79 80 81 82 83 84 85 86 87 88 94 97 98 99 103 104 107 116 126', [26])
306 : ('078 3 4 11 12 15 20 21 23 24 25 26 27 28 29 30 31 33 35 36 37 38 39 40 41 42 43 45 46 47 48 49 52 53 54 55 56 57 58 59 60 61 63 65 66 67 68 69 70 71 72 74 75 76 78 79 80 81 82 83 84 85 86 87 88 89 90 95 97 99 102 104 105 116 117 122 124 125 126', [122, 63, 25, 4, 3])
307 : ('078 6 10 13 14 15 16 17 22 23 24 25 26 28 30 31 32 33 35 36 37 38 39 40 41 42 43 47 48 49 50 51 52 53 54 55 56 57 58 59 60 63 64 65 66 67 68 69 72 74 75 76 77 78 79 80 81 82 83 84 85 86 87 89 90 91 92 97 98 99 100 101 110 115 116 117 118 119 126', [110])
308 : ('079 4 10 12 14 16 18 21 23 26 28 29 30 31 33 34 35 36 37 38 39 40 41 42 43 44 45 46 47 48 49 51 52 53 54 55 56 57 58 59 60 61 63 64 65 66 67 68 69 70 71 72 73 74 75 76 77 78 79 80 81 82 83 84 85 86 87 88 90 92 94 95 97 99 100 104 105 107 114 116', [92, 23])
309 : ('080 3 4 5 6 7 12 13 14 15 16 17 22 23 24 25 29 30 31 32 33 37 38 39 40 41 42 43 47 48 49 50 51 52 53 54 55 56 57 58 59 60 63 64 65 66 67 68 69 72 75 76 77 78 79 80 81 82 83 84 85 88 89 90 91 92 97 98 99 106 108 113 114 115 116 117 118 119 124 125 126', [88])
310 : ('080 4 6 7 8 10 12 14 16 18 21 23 26 28 29 30 31 32 33 35 36 37 38 39 40 41 42 43 44 45 46 47 48 50 51 52 53 54 55 56 57 58 59 60 61 62 63 65 66 67 68 69 70 71 72 73 74 75 77 78 79 80 81 82 83 84 85 86 87 88 89 90 92 97 100 102 107 109 112 114 125', [102])
311 : ('080 5 12 13 14 15 16 17 18 21 23 25 27 28 30 31 32 33 36 37 38 39 40 41 42 43 44 45 46 47 48 49 50 51 52 53 54 55 56 57 58 59 60 64 65 66 67 68 69 70 71 72 73 74 75 78 79 80 81 82 83 84 85 86 87 90 91 92 95 96 97 98 99 100 101 102 105 111 112 115 119', [36])
312 : ('081 2 12 14 16 18 21 23 24 25 26 27 28 29 30 31 32 33 35 36 37 38 39 40 41 42 43 44 45 46 47 48 51 52 53 54 55 56 57 58 59 60 61 63 64 65 66 67 68 69 70 71 72 73 74 75 77 78 79 80 81 82 83 84 85 86 87 88 90 94 95 100 101 102 104 105 110 111 114 115 116 126', [111, 105, 95, 36])
313 : ('083 2 4 12 14 16 18 21 22 23 24 25 27 28 29 30 31 32 34 37 38 39 40 41 42 43 44 45 46 47 48 49 51 52 53 54 55 56 57 58 59 60 61 62 63 64 65 66 67 68 69 70 71 72 73 74 75 76 77 78 79 80 81 82 83 84 85 86 87 88 89 90 91 96 97 98 100 106 107 110 123 124 125 126', [76, 64, 49])
314 : ('083 2 4 5 6 10 11 12 15 20 21 23 24 26 27 28 29 30 31 32 33 34 36 38 39 40 41 42 43 44 45 47 48 49 50 51 52 53 54 55 56 57 58 59 61 62 64 65 66 67 68 69 70 71 72 73 74 78 79 80 81 82 83 84 85 86 87 88 89 90 91 92 93 95 97 98 99 100 102 107 108 109 111 114', [21])
315 : ('083 2 5 11 12 14 15 16 17 21 22 23 24 28 29 30 31 32 33 34 36 37 38 39 40 41 42 43 44 45 46 47 48 49 50 52 53 54 55 56 57 58 59 60 61 64 65 66 67 68 69 70 71 72 73 74 75 76 78 79 80 81 82 83 84 85 86 87 88 91 93 95 96 97 98 99 100 102 105 111 114 115 116 117', [91, 22])
316 : ('083 5 6 7 10 12 13 14 15 16 17 21 22 23 24 25 28 30 31 32 33 35 36 37 38 39 40 41 42 43 44 47 48 49 50 51 52 53 54 55 56 57 58 59 60 63 64 65 66 67 68 69 70 71 72 73 74 75 76 77 78 79 80 81 82 83 84 85 86 87 89 90 91 97 98 99 100 101 108 110 116 118 124 126', [110])
317 : ('084 1 11 12 15 20 21 22 23 24 25 26 27 29 30 32 35 36 37 38 39 40 41 42 43 44 45 46 47 48 49 50 51 52 53 54 55 56 57 58 59 60 61 64 65 66 67 68 69 70 71 72 73 74 76 77 78 79 80 81 82 83 84 85 86 87 88 90 91 92 94 95 96 97 98 101 112 113 114 115 116 117 123 125 127', [25])
318 : ('085 0 1 2 10 11 12 13 14 15 16 22 23 24 25 26 27 28 29 30 31 32 33 34 35 36 37 38 39 40 41 42 43 44 46 47 48 49 50 51 52 53 54 55 56 57 58 59 60 61 62 65 66 67 68 69 70 71 73 74 75 77 78 79 80 81 82 83 84 85 86 87 88 89 90 92 98 99 100 101 103 109 110 115 116 117', [98])
319 : ('085 2 3 4 5 6 7 10 12 14 16 21 22 23 24 25 28 29 30 31 33 34 35 36 37 38 39 40 41 42 43 44 45 46 47 48 49 52 53 54 55 56 57 58 60 61 64 65 66 67 68 69 70 71 72 73 74 75 77 78 79 80 81 82 83 84 85 86 87 88 90 94 96 97 102 103 104 106 108 112 114 115 116 123 124 126', [126, 108, 49, 25, 7])
320 : ('086 11 12 13 14 15 17 22 23 27 28 29 30 31 32 35 36 37 38 39 40 41 42 43 44 45 46 47 48 49 50 52 53 54 55 56 57 58 59 60 61 62 64 65 66 67 68 69 70 71 72 73 74 75 76 78 79 80 81 82 83 84 85 86 87 88 89 90 91 92 94 96 97 98 99 100 104 105 106 108 112 115 116 117 118 124 125', [108])
321 : ('086 9 11 13 14 15 16 17 20 22 23 24 25 26 27 28 29 30 31 32 33 34 35 36 37 38 39 40 41 42 43 44 45 46 47 48 51 52 53 54 55 56 57 58 59 60 61 62 64 65 66 67 68 69 70 71 72 73 74 75 76 77 78 79 80 81 82 83 84 85 86 87 88 89 91 93 95 97 102 105 110 112 113 114 117 125 127', [110])
322 : ('087 2 4 10 12 14 16 18 21 22 23 24 25 26 27 28 29 30 31 32 34 35 36 37 38 39 40 41 42 43 44 45 46 47 48 51 52 53 54 55 56 57 58 59 60 61 62 63 64 65 66 67 68 69 70 71 72 73 74 75 77 78 79 80 81 82 83 84 85 86 87 88 89 90 94 96 97 98 103 106 107 110 114 116 123 124 125 126', [106, 96])
323 : ('088 3 9 11 13 15 17 20 22 23 24 25 26 27 28 29 30 31 32 34 35 36 37 38 39 40 41 42 43 44 45 46 47 48 49 50 51 52 53 54 55 56 57 58 59 60 61 64 65 66 67 68 69 70 71 72 73 74 75 76 77 78 79 80 81 82 83 84 85 86 87 88 89 95 97 99 101 103 104 105 107 109 111 113 114 115 124 125 127', [107])
324 : ('090 4 5 6 11 15 17 19 20 21 24 25 26 27 28 29 30 31 36 37 38 39 40 41 42 43 44 45 46 47 48 49 52 53 54 55 56 57 58 59 61 62 63 64 65 66 67 68 69 70 71 72 73 74 75 76 77 78 79 80 81 82 83 84 85 86 87 88 89 90 91 92 95 97 98 99 105 107 110 111 112 113 114 115 116 122 123 124 125 126 127', [49])
325 : ('091 1 2 4 10 11 12 14 16 19 21 22 23 24 25 26 27 28 29 30 31 32 33 34 35 36 37 38 39 40 41 42 43 44 45 46 47 48 51 52 53 54 55 56 57 58 59 60 61 62 63 64 65 66 67 68 69 70 71 72 73 74 75 77 78 79 80 81 82 83 84 85 86 87 88 89 90 91 94 96 98 102 106 111 112 113 114 115 116 118 123 126', [118])
326 : ('091 1 2 7 8 11 12 13 15 17 20 22 23 24 26 27 28 29 30 33 34 35 36 37 38 39 40 41 42 43 44 45 46 47 51 52 53 54 55 56 57 58 59 60 61 62 63 64 65 66 67 68 69 70 71 72 73 74 76 78 79 80 81 82 83 84 85 86 87 88 89 90 91 92 93 94 95 98 99 102 110 111 112 113 114 115 116 119 120 121 125 126', [98])
327 : ('092 1 4 5 6 11 15 17 19 20 21 22 24 25 26 27 28 29 30 31 32 36 37 38 39 40 41 42 43 44 45 46 47 48 49 51 52 53 54 55 56 57 58 59 60 61 62 63 64 65 66 67 68 69 70 71 72 73 74 75 76 77 78 79 80 81 82 83 84 85 86 87 88 89 90 91 92 95 97 98 105 107 110 111 112 114 115 116 117 122 123 124 127', [19])
328 : ('094 2 3 4 11 12 13 14 15 16 17 20 21 22 23 24 26 27 28 29 30 31 32 33 34 36 37 38 39 40 41 42 43 44 45 46 47 48 49 50 51 52 53 54 55 56 57 58 59 60 61 63 64 65 66 67 68 69 70 71 72 73 74 75 76 77 78 79 80 81 82 83 84 85 86 87 88 89 90 91 92 97 98 99 100 101 108 110 115 116 117 118 119 122 125', [91])
329 : ('094 2 3 4 5 10 11 12 14 15 16 17 20 21 22 23 24 25 26 27 28 29 30 31 34 35 36 37 38 39 40 41 42 43 44 45 46 47 48 49 50 51 52 53 54 55 56 57 58 59 60 61 62 63 65 66 67 68 69 70 71 72 73 74 75 76 77 78 79 80 81 82 83 84 85 86 87 88 89 90 94 96 98 99 100 106 108 114 115 116 117 118 122 125 126', [126, 122, 63, 22])
330 : ('094 2 4 10 12 13 14 16 17 18 20 21 22 23 24 26 27 28 29 30 31 32 33 34 35 36 37 38 39 40 41 42 43 44 45 46 47 48 49 50 51 52 53 54 55 56 57 58 59 60 61 62 63 64 65 66 67 68 69 70 71 72 73 74 75 76 77 78 79 80 81 82 83 84 85 86 87 88 89 90 91 92 93 96 97 98 100 101 102 106 107 114 115 116 125', [91])
331 : ('095 2 3 4 9 10 11 12 14 16 18 19 21 22 23 24 25 26 27 28 29 30 31 32 33 35 36 37 38 39 40 41 42 43 44 45 46 47 48 51 52 53 54 55 56 57 58 59 60 61 62 63 64 65 66 67 68 69 70 71 72 73 74 75 77 78 79 80 81 82 83 84 85 86 87 88 89 90 92 94 96 100 101 102 104 106 110 112 113 114 115 116 118 121 125 126', [118])
332 : ('096 1 2 3 10 11 12 13 15 16 17 18 19 20 21 22 23 24 25 26 27 28 29 30 31 32 36 37 38 39 40 41 42 43 44 45 46 47 48 49 50 51 52 53 54 55 56 57 58 59 60 61 63 64 65 66 67 68 69 70 71 72 73 74 75 76 77 78 79 80 81 82 83 84 85 86 87 88 89 90 91 92 97 98 99 101 107 111 113 114 115 116 122 123 124 125 126', [126, 49])
333 : ('096 3 10 11 12 13 15 16 17 20 21 22 23 24 25 26 27 28 29 30 34 35 36 37 38 39 40 41 42 43 44 45 46 47 48 49 50 52 53 54 55 56 57 58 59 61 64 65 66 67 68 69 70 71 72 73 74 75 76 78 79 80 81 82 83 84 85 86 87 88 89 90 91 92 93 94 95 97 98 99 101 103 105 109 111 113 114 115 116 117 118 119 123 124 125 126 127', [119, 109, 101])
334 : ('096 3 7 9 11 12 13 14 15 17 20 21 22 23 24 25 26 27 28 29 30 31 32 33 34 35 36 37 38 39 40 41 42 43 44 45 46 47 48 49 50 52 53 54 55 56 57 58 59 60 61 62 64 65 66 67 68 69 70 71 72 73 74 75 77 78 79 80 81 82 83 84 85 86 87 88 89 90 91 92 93 96 97 98 99 100 101 103 106 107 114 115 116 123 124 125 127', [101])
335 : ('098 1 2 4 5 6 10 11 12 15 17 20 21 23 24 26 27 28 29 30 31 32 33 34 36 37 38 39 40 41 42 43 44 45 46 47 48 49 50 52 53 54 55 56 57 58 59 60 61 62 64 65 66 67 68 69 70 71 72 73 74 75 76 77 78 79 80 81 82 83 84 85 86 87 88 89 90 91 92 93 95 97 98 99 100 102 103 107 108 109 112 114 115 116 117 124 125 126 127', [10])
336 : ('098 1 2 4 5 6 10 12 14 15 16 20 21 23 24 25 26 27 28 29 30 31 32 34 35 36 37 38 39 40 41 42 43 44 45 46 47 48 50 51 52 53 54 55 56 57 58 59 60 61 62 63 64 65 66 67 68 69 70 71 72 73 74 75 77 78 79 80 81 82 83 84 85 86 87 88 89 90 92 94 96 97 98 99 100 101 102 106 109 110 111 114 115 117 123 124 125 126 127', [102, 34])
337 : ('099 1 2 11 12 13 15 17 20 21 22 23 24 25 26 27 28 29 30 31 32 33 34 35 36 37 38 39 40 41 42 43 44 45 46 47 48 50 51 52 53 54 55 56 57 58 59 60 61 64 65 66 67 68 69 70 71 72 73 74 75 76 77 78 79 80 81 82 83 84 85 86 87 88 89 91 92 93 95 96 97 98 101 102 104 105 106 107 109 110 111 112 114 115 116 117 123 124 125 127', [109, 106, 96, 50, 21])
338 : ('100 0 2 3 4 8 9 12 14 16 17 18 19 21 23 24 25 26 27 28 29 30 31 32 33 34 35 37 38 39 40 41 42 43 44 45 46 47 48 49 50 51 52 53 54 55 56 57 58 59 60 61 62 63 64 65 66 67 68 69 70 71 72 73 74 75 76 77 78 79 80 81 82 83 84 85 86 87 88 89 90 92 94 95 96 98 100 102 103 104 106 111 112 113 114 115 118 123 125 126 127', [92])
339 : ('100 1 11 12 14 15 17 19 20 21 22 23 24 25 26 27 28 29 30 31 32 34 35 36 37 38 39 40 41 42 43 44 45 46 47 48 49 51 52 53 54 55 56 57 58 59 60 61 62 63 64 65 66 67 68 69 70 71 72 73 74 75 76 77 78 79 80 81 82 83 84 85 86 87 88 89 90 91 92 94 95 97 99 101 103 105 111 113 114 115 116 117 119 120 121 122 123 124 125 126 127', [121])
340 : ('101 0 1 2 3 4 6 7 9 10 11 12 15 17 18 20 21 22 24 25 26 27 28 29 30 31 32 33 34 35 36 37 38 39 40 41 42 43 44 45 46 47 48 49 52 53 54 55 56 57 58 59 60 61 62 63 64 65 66 67 68 69 70 71 72 73 74 75 76 78 79 80 81 82 83 84 85 86 87 88 89 90 93 95 96 97 98 99 101 102 103 104 105 112 113 115 116 117 123 124 125 127', [96, 76, 49, 4])
341 : ('102 2 3 4 10 11 12 13 14 15 16 19 20 21 22 23 24 25 27 28 29 30 31 32 33 34 35 36 37 38 39 40 41 42 43 44 45 46 47 48 49 50 51 52 53 54 55 56 57 58 59 60 61 62 63 64 65 66 67 68 69 70 71 72 73 74 75 76 77 78 79 80 81 82 83 84 85 86 87 88 89 90 92 94 97 99 100 101 102 104 105 110 112 113 114 115 116 121 122 123 124 125 126', [76])
342 : ('105 1 3 4 11 12 13 14 15 16 17 19 20 23 24 25 27 28 29 30 31 32 33 34 35 36 37 38 39 40 41 42 43 44 45 46 47 48 49 50 51 52 53 54 55 56 57 58 59 60 61 62 63 64 65 66 67 68 69 70 71 72 73 74 75 76 77 78 79 80 81 82 83 84 85 86 87 88 89 90 91 92 93 94 95 97 98 99 100 101 104 105 107 108 109 111 114 115 116 117 118 119 120 122 123 124', [120])
343 : ('105 3 4 10 11 12 13 15 16 17 18 20 21 22 23 24 25 26 27 28 29 30 31 32 33 34 35 36 37 38 39 40 41 42 43 44 45 46 47 48 49 50 51 52 53 54 55 56 57 58 59 60 61 62 63 64 65 66 67 68 69 70 71 72 73 74 75 78 79 80 81 82 83 84 85 86 87 88 89 90 91 93 94 95 97 98 99 102 103 105 107 108 109 110 112 114 115 116 117 119 120 121 122 125 126 127', [49])
344 : ('108 0 2 3 4 10 11 12 14 16 18 19 21 22 23 24 25 26 27 28 29 30 31 32 33 34 35 36 37 38 39 40 41 42 43 44 45 46 47 48 49 50 51 52 53 54 55 56 57 58 59 60 61 62 63 64 65 66 67 68 69 70 71 72 73 74 75 76 77 78 79 80 81 82 83 84 85 86 87 88 89 90 91 93 94 96 97 98 99 100 101 102 103 104 106 107 108 109 110 113 114 116 118 121 122 123 124 125 126', [0])
345 : ('108 1 2 4 5 6 9 11 12 13 14 15 16 17 20 22 23 24 25 26 27 28 29 30 31 32 33 34 35 36 37 38 39 40 41 42 43 44 45 46 47 48 49 51 52 53 54 55 56 57 58 59 60 61 62 64 65 66 67 68 69 70 71 72 73 74 75 76 77 78 79 80 81 82 83 84 85 86 87 88 89 91 93 94 95 97 98 99 101 102 103 104 105 107 110 111 112 114 115 116 117 119 120 121 123 124 125 126 127', [121, 76, 49])
346 : ('110 1 2 4 8 9 10 11 12 13 15 16 17 19 20 21 22 23 24 25 26 27 28 29 30 31 32 33 34 35 36 37 38 39 40 41 42 43 44 45 46 47 48 49 50 51 52 53 54 55 56 57 58 59 60 61 62 63 64 65 66 67 68 69 70 71 72 73 74 75 76 77 78 79 80 81 82 83 84 85 86 87 88 89 90 91 92 93 94 95 97 98 99 101 102 104 105 109 111 112 113 114 115 116 117 122 123 124 125 126 127', [8])
