  130507
 45  2351
 38  9527
 23  6965
 16  67081
 16 42  4997
 16 38  5835
 11 42  119
 11 38  157
 9  11387
 9 16  6991
 9 11  157
 8  11075
 8 16  6139
 8 11  119
 6 11 16  71
 5 16  7953
 5 11  191
 3 11 16  137
 1 16  10967
 1 11  253
 1 11 16  135
 16 36  5133
 11 36  119
 2 16  6391
 2 11  153
 78  2351
 75  7425
 56  1989
 34  4303
 24  4539
 21  15873
 16 41  4951
 7  18665
 7 16  9539
 73  2351
 15  4315
 12  6979
 16 75  4081
 16 21  7843
 13  2381
 13 75  119
 13 42  119
 13 41  119
 13 38  157
 13 36  119
 13 21  273
 9 13  157
 8 13  119
 7 13  135
 7 13 16  69
 5 13  191
 3 13 16  137
 2 13  153
 1 13  253
 1 13 16  135
 27  6965
 3 15  551
 17  2019
 17 36  151
 2 17  185
 11 21  273
 7 11  135
 11 75  119
 11 41  119
 7 11 16  69
 17 42  147
 9 17  155
 8 17  181
 5 17  181
 17 41  149
 7 17  287
 17 75  123
 17 38  123
 17 21  123
 1 17  227
 6 13 16  71
 7 16 17  11
 16 17 40  5
 6 16 17  5
 3 16 17  9
 1 16 17  7
 48  3
 28  3
 115  1
 82  1
 81  1
 76  1
 61  1
 57  1
 50 75  1
 49  1
 47  1
 42 50  1
 41 50  1
 38 50  1
 37  1
 36 50  1
 21 50  1
 18  1
 16 40 50  1
 15 57  1
 13 16 40  1
 11 16 40  1
 9 50  1
 8 50  1
 7 50  3
 7 16 50  1
 6 16 50  1
 5 50  1
 3 16 50  1
 2 50  1
 1 50  3
 1 16 50  1
