  221
 120  1
 119  1
 116  1
 114  1
 104  1
 99  1
 95  5
 94  1
 87  1
 86  1
 85  1
 83  1
 80  1
 79  1
 77  1
 75  1
 66  1
 65  1
 58  1
 57  1
 55  1
 54  1
 53 95  1
 52  1
 51  1
 46  3
 45  5
 41 53  1
 40  3
 38  1
 36 53  1
 35  1
 33  1
 32  1
 31  1
 29  1
 28  3
 27  3
 25  1
 24  1
 20  13
 20 104  1
 20 95  1
 20 62  1
 20 50  1
 20 46  1
 20 45  1
 20 41  1
 20 36  1
 19  9
 19 95  1
 19 61  1
 19 41  1
 19 36  1
 17  3
 16 95  1
 16 58  1
 16 41  1
 16 36  1
 15  7
 14  13
 14 95  1
 14 56  1
 14 41  1
 14 36  1
 13  3
 12  5
 8  9
 8 20  1
 7  7
 7 20  1
 7 19  1
 4 46  1
 4 20  1
 4 20 46  1
 4 16  1
 3 20  1
 2 19  1
 2 14  1
 0  1
