 68  1783
 54 68  293
 53  2899
 53 54  483
 40 68  277
 34  3531
 31 54  293
 31 40  277
 20  18957
 20 68  393
 20 54  961
 20 53  483
 20 31  393
 19 54  627
 19 54 68  13
 19 31  83
 19 31 54  13
 19 20  627
 19 20 68  13
 19 20 31  13
 17 68  323
 17 53  583
 17 31  323
 17 19  757
 17 19 68  13
 17 19 31  13
 16 54 68  13
 16 31 54  13
 16 20 68  13
 16 20 31  13
 16 17 68  13
 16 17 31  13
 14  6357
 14 68  61
 14 34  121
 14 31  67
 14 19  157
 9 54  295
 9 40  277
 9 20  395
 9 19 54  13
 9 19 20  13
 9 17  325
 9 17 19  13
 9 16 54  13
 9 16 20  13
 9 16 17  13
 7 31  277
 7 19 54  107
 7 19 20  107
 7 17 19  127
 7 16 54  107
 7 16 20  107
 7 16 17  127
 7 14  1155
 7 9  279
 6 54  2455
 6 31  277
 6 20  3495
 6 19 54  107
 6 19 20  107
 6 17  2947
 6 17 19  127
 6 16 54  107
 6 16 20  107
 6 16 17  127
 6 14  1155
 6 9  279
 3  14783
 3 68  277
 3 54  2455
 3 31  277
 3 20  3495
 3 19 54  107
 3 19 20  107
 3 17  2947
 3 17 19  127
 3 16 54  107
 3 16 20  107
 3 16 17  127
 3 9  277
 1 68  343
 1 54 68  57
 1 31  343
 1 31 54  57
 1 20 68  77
 1 20 31  77
 1 17 68  57
 1 17 31  57
 1 9  343
 1 9 54  57
 1 9 20  77
 1 9 17  57
 0  25077
 0 68  343
 0 53  783
 0 31  343
 0 20  3619
 0 19  1017
 0 19 68  13
 0 19 31  13
 0 17  3269
 0 16 68  13
 0 16 31  13
 0 14  1451
 0 9  345
 0 9 19  13
 0 9 16  13
 0 7 19  167
 0 7 16  167
 0 6  4301
 0 6 19  167
 0 6 16  167
 0 3  4301
 0 3 19  167
 0 3 16  167
 0 1 68  67
 0 1 31  67
 0 1 9  67
 72  1769
 54 72  293
 40 72  277
 38  4583
 38 54  763
 38 40  841
 35  2609
 35 40  277
 25  2899
 22 54 72  13
 22 38 54  13
 22 35 54  13
 20 72  393
 20 38  863
 20 22 72  13
 20 22 38  13
 20 22 35  13
 18  7959
 18 54  1323
 18 20  1523
 17 72  323
 17 38  893
 17 22 72  13
 17 22 38  13
 17 22 35  13
 17 18  1543
 13  2689
 13 40  277
 13 25  61
 13 22  81
 13 22 54  13
 13 20 22  13
 13 17 22  13
 6 72  277
 6 38  889
 6 35  295
 6 35 54  49
 6 25  625
 6 22  645
 6 22 54  107
 6 20 35  69
 6 20 22  107
 6 17 35  49
 6 17 22  127
 6 13  295
 6 13 54  49
 6 13 20  69
 6 13 17  49
 5  6311
 5 54  1047
 5 20  1247
 5 17  1207
 5 13  97
 5 6  1155
 4 54  763
 4 40  841
 4 25  61
 4 22  81
 4 22 54  13
 4 20  863
 4 20 22  13
 4 17  893
 4 17 22  13
 4 5  181
 3 72  277
 3 38  889
 3 35  295
 3 35 54  49
 3 22 54  107
 3 20 35  69
 3 20 22  107
 3 17 35  49
 3 17 22  127
 3 13  295
 3 13 54  49
 3 13 20  69
 3 13 17  49
 3 4  889
 1 6  1437
 1 6 54  239
 1 6 20  299
 1 6 17  259
 1 3  1437
 1 3 54  239
 1 3 20  299
 1 3 17  259
 0 72  343
 0 38  1113
 0 22 72  13
 0 22 38  13
 0 22 35  13
 0 18  1903
 0 13  583
 0 13 22  13
 0 6 35  59
 0 6 22  167
 0 6 13  59
 0 5  1447
 0 4  1113
 0 4 22  13
 0 3 35  59
 0 3 22  167
 0 3 13  59
 0 1 6  329
 0 1 3  329
 39  1763
 39 54  293
 39 40  277
 20 39  393
 17 39  323
 7 39  277
 6 40  277
 6 39  277
 5 26  121
 5 7  1155
 3 39  277
 2 40  277
 2 7  295
 2 7 54  49
 2 7 20  69
 2 7 17  49
 2 6  295
 2 6 54  49
 2 6 20  69
 2 6 17  49
 2 3  295
 2 3 54  49
 2 3 20  69
 2 3 17  49
 1 39  343
 1 39 54  57
 1 20 39  77
 1 17 39  57
 1 2  379
 1 2 54  63
 1 2 20  83
 1 2 17  63
 0 39  343
 0 2 7  59
 0 2 6  59
 0 2 3  59
 0 1 39  67
 0 1 2  73
 105  1763
 71  1763
 54 105  293
 54 71  293
 50  907
 50 54  151
 50 54 105  3
 50 54 71  3
 50 54 68  3
 47 50 54  3
 46  1775
 46 54  293
 46 50 54  3
 37  1763
 37 54  293
 37 50 54  3
 31 50 54  3
 21 68  409
 21 50  151
 21 50 105  3
 21 50 71  3
 21 50 68  3
 21 47  409
 21 47 50  3
 21 46 50  3
 21 37 50  3
 21 31 50  3
 20 105  393
 20 71  393
 20 50  151
 20 50 105  3
 20 50 71  3
 20 50 68  3
 20 47 50  3
 20 46  393
 20 46 50  3
 20 37  393
 20 37 50  3
 20 31 50  3
 17 105  323
 17 71  323
 17 54  867
 17 50  181
 17 50 105  3
 17 50 71  3
 17 50 68  3
 17 47 50  3
 17 46  323
 17 46 50  3
 17 37  323
 17 37 50  3
 17 31 50  3
 17 21  2155
 17 21 105  29
 17 21 71  29
 17 21 68  29
 17 21 47  29
 17 21 46  29
 17 21 37  29
 17 21 31  29
 16 54 105  13
 16 54 71  13
 16 47 54  13
 16 46 54  13
 16 37 54  13
 16 21 105  13
 16 21 71  13
 16 21 68  13
 16 21 47  13
 16 21 46  13
 16 21 37  13
 16 21 31  13
 16 20 105  13
 16 20 71  13
 16 20 47  13
 16 20 46  13
 16 20 37  13
 16 17 105  13
 16 17 71  13
 16 17 47  13
 16 17 46  13
 16 17 37  13
 15 50  151
 15 50 105  3
 15 50 71  3
 15 50 68  3
 15 47  309
 15 47 50  3
 15 46 50  3
 15 37 50  3
 15 31 50  3
 15 17  1039
 15 17 105  9
 15 17 71  9
 15 17 68  9
 15 17 47  9
 15 17 46  9
 15 17 37  9
 15 17 31  9
 15 16 105  13
 15 16 71  13
 15 16 68  13
 15 16 47  13
 15 16 46  13
 15 16 37  13
 15 16 31  13
 14 21  1281
 13 68  19
 13 54 105  3
 13 54 71  3
 13 54 68  3
 13 47  19
 13 47 54  3
 13 46 54  3
 13 37 54  3
 13 34  37
 13 31  21
 13 31 54  3
 13 21  557
 13 21 105  3
 13 21 71  3
 13 21 68  3
 13 21 47  3
 13 21 46  3
 13 21 37  3
 13 21 31  3
 13 20 105  3
 13 20 71  3
 13 20 68  3
 13 20 47  3
 13 20 46  3
 13 20 37  3
 13 20 31  3
 13 17 105  3
 13 17 71  3
 13 17 68  3
 13 17 47  3
 13 17 46  3
 13 17 37  3
 13 17 31  3
 13 17 21  35
 13 15  457
 13 15 105  3
 13 15 71  3
 13 15 68  3
 13 15 47  3
 13 15 46  3
 13 15 37  3
 13 15 31  3
 13 15 17  15
 13 14  99
 12 50 54  9
 12 21  1225
 12 21 50  9
 12 20 50  9
 12 17 50  9
 12 17 21  87
 12 16 54  39
 12 16 21  39
 12 16 20  39
 12 16 17  39
 12 15  925
 12 15 50  9
 12 15 17  27
 12 15 16  39
 12 13 54  9
 12 13 21  9
 12 13 20  9
 12 13 17  9
 12 13 15  9
 11 54 105  3
 11 54 71  3
 11 54 68  3
 11 47 54  3
 11 46 54  3
 11 37 54  3
 11 31 54  3
 11 21 105  3
 11 21 71  3
 11 21 68  3
 11 21 47  3
 11 21 46  3
 11 21 37  3
 11 21 31  3
 11 20 105  3
 11 20 71  3
 11 20 68  3
 11 20 47  3
 11 20 46  3
 11 20 37  3
 11 20 31  3
 11 17 105  3
 11 17 71  3
 11 17 68  3
 11 17 47  3
 11 17 46  3
 11 17 37  3
 11 17 31  3
 11 15 105  3
 11 15 71  3
 11 15 68  3
 11 15 47  3
 11 15 46  3
 11 15 37  3
 11 15 31  3
 11 12 54  9
 11 12 21  9
 11 12 20  9
 11 12 17  9
 11 12 15  9
 9 50 54  3
 9 21  413
 9 21 50  3
 9 20 50  3
 9 17 50  3
 9 17 21  29
 9 16 21  13
 9 15 50  3
 9 15 17  9
 9 15 16  13
 9 13 54  3
 9 13 21  3
 9 13 20  3
 9 13 17  3
 9 13 15  3
 9 11 54  3
 9 11 21  3
 9 11 20  3
 9 11 17  3
 9 11 15  3
 8  1807
 8 50 54  3
 8 21  409
 8 21 50  3
 8 20 50  3
 8 17 50  3
 8 17 21  29
 8 16 54  13
 8 16 21  13
 8 16 20  13
 8 16 17  13
 8 15  309
 8 15 50  3
 8 15 17  9
 8 15 16  13
 8 13  19
 8 13 54  3
 8 13 21  3
 8 13 20  3
 8 13 17  3
 8 13 15  3
 8 11 54  3
 8 11 21  3
 8 11 20  3
 8 11 17  3
 8 11 15  3
 5 47 54  293
 5 47 50 54  3
 5 21 47 50  3
 5 20 47  393
 5 20 47 50  3
 5 17 47  323
 5 17 47 50  3
 5 17 21 47  29
 5 16 47 54  13
 5 16 21 47  13
 5 16 20 47  13
 5 16 17 47  13
 5 15  1077
 5 15 47 50  3
 5 15 17 47  9
 5 15 16 47  13
 5 13 47 54  3
 5 13 21 47  3
 5 13 20 47  3
 5 13 17 47  3
 5 13 15 47  3
 5 11 47 54  3
 5 11 21 47  3
 5 11 20 47  3
 5 11 17 47  3
 5 11 15 47  3
 3 50 54  3
 3 21 50  3
 3 20 50  3
 3 17 50  3
 3 17 21  341
 3 16 21  107
 3 15 50  3
 3 15 17  101
 3 15 16  107
 3 13 21  69
 3 13 15  49
 3 11 54  3
 3 11 21  3
 3 11 20  3
 3 11 17  3
 3 11 15  3
 0 105  343
 0 71  343
 0 50  241
 0 50 105  3
 0 50 71  3
 0 50 68  3
 0 47  345
 0 47 50  3
 0 46  343
 0 46 50  3
 0 37  343
 0 37 50  3
 0 31 50  3
 0 16 105  13
 0 16 71  13
 0 16 47  13
 0 16 46  13
 0 16 37  13
 0 13 105  3
 0 13 71  3
 0 13 68  3
 0 13 47  3
 0 13 46  3
 0 13 37  3
 0 13 31  3
 0 13 21  51
 0 13 15  31
 0 12 50  9
 0 12 16  39
 0 12 13  9
 0 11 105  3
 0 11 71  3
 0 11 68  3
 0 11 47  3
 0 11 46  3
 0 11 37  3
 0 11 31  3
 0 11 12  9
 0 9 50  3
 0 9 13  3
 0 9 11  3
 0 8  345
 0 8 50  3
 0 8 16  13
 0 8 13  3
 0 8 11  3
 0 5 47  343
 0 5 47 50  3
 0 5 16 47  13
 0 5 13 47  3
 0 5 11 47  3
 0 3 50  3
 0 3 11  3
 40 71  277
 37 40  277
 21 54 71  23
 21 37 54  23
 20 21  2065
 20 21 71  43
 20 21 37  43
 12 40  831
 12 21 54  69
 12 20 21  129
 7 71  277
 7 37  277
 7 21  3511
 7 21 54  211
 7 20 21  419
 7 17 21  341
 7 12  831
 6 71  277
 6 37  277
 6 21 54  211
 6 20 21  419
 6 17 21  341
 6 12  831
 4 12  181
 3 71  277
 3 40  277
 3 37  277
 3 21 54  211
 3 20 21  419
 3 12  831
 1 71  343
 1 54 71  57
 1 37  343
 1 37 54  57
 1 21 71  77
 1 21 37  77
 1 20 71  77
 1 20 37  77
 1 17 71  57
 1 17 37  57
 1 12  1029
 1 12 54  171
 1 12 21  231
 1 12 20  231
 1 12 17  171
 1 4  1003
 1 4 54  167
 1 4 20  187
 1 4 17  187
 1 3 21  299
 0 21 71  33
 0 21 37  33
 0 12 21  99
 0 7 21  675
 0 6 21  675
 0 3 21  675
 0 1 71  67
 0 1 37  67
 0 1 12  201
 0 1 4  237
 40 105  277
 40 47  277
 40 46  277
 8 40  277
 7 105  277
 7 47  277
 7 46  277
 7 8  277
 6 105  277
 6 47  277
 6 46  277
 6 8  277
 5 40 47  277
 5 7 47  277
 5 6 47  277
 3 105  277
 3 47  277
 3 46  277
 3 8  277
 3 5 47  277
 1 105  343
 1 47  343
 1 46  343
 1 21 105  77
 1 21 47  77
 1 21 46  77
 1 8  343
 1 8 21  77
 1 5 47  343
 1 5 21 47  77
 19 39 54  13
 19 20 39  13
 17 19 39  13
 16 39 54  13
 16 20 39  13
 16 17 39  13
 5 14  241
 2 19 54  13
 2 19 20  13
 2 17 19  13
 2 16 54  13
 2 16 20  13
 2 16 17  13
 2 14  97
 0 19 39  13
 0 16 39  13
 0 2 19  13
 0 2 16  13
 27  1769
 27 40  277
 22 27 54  13
 21 27  409
 21 25  481
 21 22  627
 21 22 27  13
 20 22 27  13
 20 21 27  43
 17 22 27  13
 15 27  309
 15 22 27  13
 15 20  1109
 15 20 27  23
 7 27  277
 7 25  625
 7 22  645
 7 22 54  107
 7 21 22  107
 7 20 22  107
 7 17 22  127
 7 15  2471
 7 15 22  107
 7 15 20  211
 6 27  277
 6 21 22  107
 6 15 22  107
 6 15 20  211
 3 27  277
 3 21 22  107
 3 15 22  107
 3 15 20  211
 1 27  343
 1 27 54  57
 1 21 27  77
 1 20 27  77
 1 17 27  57
 1 15 27  57
 0 22 27  13
 0 21 27  33
 0 15 27  13
 0 7 22  167
 0 7 15  371
 0 6 15  371
 0 3 15  371
 0 1 27  67
 66  1763
 40 66  277
 32  1769
 32 40  277
 29  1765
 29 40  277
 15 32  309
 7 66  277
 7 40  277
 7 32  277
 7 29  277
 6 66  277
 6 32  277
 6 29  277
 3 66  277
 3 32  277
 3 29  277
 1 66  343
 1 32  343
 1 29  343
 1 15 66  57
 1 15 32  57
 1 15 29  57
 1 12 15  171
 1 7  1437
 1 7 15  239
 33  6299
 7 38  889
 1 54 105  57
 1 47 54  57
 1 46 54  57
 1 38  1003
 1 38 54  167
 1 21 38  187
 1 20 105  77
 1 20 47  77
 1 20 46  77
 1 20 38  187
 1 17 105  57
 1 17 47  57
 1 17 46  57
 1 17 38  187
 1 15 105  57
 1 15 47  57
 1 15 46  57
 1 15 38  167
 1 8 54  57
 1 8 20  77
 1 8 17  57
 1 8 15  57
 1 5 47 54  57
 1 5 20 47  77
 1 5 17 47  57
 1 5 15 47  57
 0 1 105  67
 0 1 47  67
 0 1 46  67
 0 1 38  237
 0 1 8  67
 0 1 5 47  67
 18 21  1553
 21 53  483
 19 21  627
 19 21 71  13
 19 21 37  13
 12 19 21  39
 12 14  181
 7 19 21  107
 7 16 21  107
 6 19 21  107
 6 16 21  107
 3 19 21  107
 25 47  61
 25 46  61
 22 54 105  13
 22 47  81
 22 47 54  13
 22 46  81
 22 46 54  13
 20 22 105  13
 20 22 47  13
 20 22 46  13
 17 22 105  13
 17 22 47  13
 17 22 46  13
 8 22 54  13
 8 20 22  13
 8 17 22  13
 5 46  61
 5 22  175
 5 22 47  79
 5 22 47 54  13
 5 20 22 47  13
 5 17 22 47  13
 5 6 22  25
 0 22 105  13
 0 22 47  13
 0 22 46  13
 0 8 22  13
 0 5 22 47  13
 35 38 54  13
 20 35 38  13
 17 35 38  13
 13 38 54  13
 13 20 38  13
 13 17 38  13
 7 72  277
 7 35  295
 7 35 54  49
 7 20 35  69
 7 17 35  49
 7 13  295
 7 13 54  49
 7 13 20  69
 7 13 17  49
 1 72  343
 1 54 72  57
 1 35  379
 1 35 54  63
 1 20 72  77
 1 20 35  83
 1 17 72  57
 1 17 35  63
 1 13  379
 1 13 54  63
 1 13 20  83
 1 13 17  63
 1 7 54  239
 1 7 20  299
 1 7 17  259
 0 35 38  13
 0 13 38  13
 0 7 35  59
 0 7 13  59
 0 1 72  67
 0 1 35  73
 0 1 13  73
 0 1 7  329
 56  865
 54 56 105  3
 54 56 71  3
 54 56 68  3
 47 54 56  3
 46 54 56  3
 37 54 56  3
 31 54 56  3
 23 54 105  3
 23 54 71  3
 23 54 68  3
 23 47  19
 23 47 54  3
 23 46 54  3
 23 37 54  3
 23 31 54  3
 22 54 71  13
 22 54 68  13
 22 37 54  13
 22 31 54  13
 21 56 105  3
 21 56 71  3
 21 56 68  3
 21 47 56  3
 21 46 56  3
 21 37 56  3
 21 31 56  3
 21 23 105  3
 21 23 71  3
 21 23 68  3
 21 23 47  3
 21 23 46  3
 21 23 37  3
 21 23 31  3
 21 22 105  13
 21 22 71  13
 21 22 68  13
 21 22 47  13
 21 22 46  13
 21 22 37  13
 21 22 31  13
 20 56 105  3
 20 56 71  3
 20 56 68  3
 20 47 56  3
 20 46 56  3
 20 37 56  3
 20 31 56  3
 20 23 105  3
 20 23 71  3
 20 23 68  3
 20 23 47  3
 20 23 46  3
 20 23 37  3
 20 23 31  3
 20 22 71  13
 20 22 68  13
 20 22 37  13
 20 22 31  13
 19 54 105  13
 19 54 71  13
 19 47  79
 19 47 54  13
 19 46 54  13
 19 37 54  13
 19 21 105  13
 19 21 68  13
 19 21 47  13
 19 21 46  13
 19 21 31  13
 19 20 105  13
 19 20 71  13
 19 20 47  13
 19 20 46  13
 19 20 37  13
 17 56 105  3
 17 56 71  3
 17 56 68  3
 17 47 56  3
 17 46 56  3
 17 37 56  3
 17 31 56  3
 17 23 105  3
 17 23 71  3
 17 23 68  3
 17 23 47  3
 17 23 46  3
 17 23 37  3
 17 23 31  3
 17 22 71  13
 17 22 68  13
 17 22 37  13
 17 22 31  13
 17 19 105  13
 17 19 71  13
 17 19 47  13
 17 19 46  13
 17 19 37  13
 15 56 105  3
 15 56 71  3
 15 56 68  3
 15 47 56  3
 15 46 56  3
 15 37 56  3
 15 31 56  3
 15 23 105  3
 15 23 71  3
 15 23 68  3
 15 23 47  3
 15 23 46  3
 15 23 37  3
 15 23 31  3
 15 22 105  13
 15 22 71  13
 15 22 68  13
 15 22 47  13
 15 22 46  13
 15 22 37  13
 15 22 31  13
 15 19  627
 15 19 105  13
 15 19 71  13
 15 19 68  13
 15 19 47  13
 15 19 46  13
 15 19 37  13
 15 19 31  13
 14 23  37
 14 22  159
 12 54 56  9
 12 23 54  9
 12 22  237
 12 22 54  39
 12 21 56  9
 12 21 23  9
 12 21 22  39
 12 20 56  9
 12 20 23  9
 12 20 22  39
 12 19 54  39
 12 19 20  39
 12 17 56  9
 12 17 23  9
 12 17 22  39
 12 17 19  39
 12 15 56  9
 12 15 23  9
 12 15 22  39
 12 15 19  39
 9 54 56  3
 9 23 54  3
 9 22 54  13
 9 21 56  3
 9 21 23  3
 9 21 22  13
 9 20 56  3
 9 20 23  3
 9 20 22  13
 9 19 21  13
 9 17 56  3
 9 17 23  3
 9 17 22  13
 9 15 56  3
 9 15 23  3
 9 15 22  13
 9 15 19  13
 8 54 56  3
 8 23  19
 8 23 54  3
 8 21 56  3
 8 21 23  3
 8 21 22  13
 8 20 56  3
 8 20 23  3
 8 19  79
 8 19 54  13
 8 19 21  13
 8 19 20  13
 8 17 56  3
 8 17 23  3
 8 17 19  13
 8 15 56  3
 8 15 23  3
 8 15 22  13
 8 15 19  13
 5 47 54 56  3
 5 23 47 54  3
 5 21 47 56  3
 5 21 23 47  3
 5 21 22  27
 5 21 22 47  13
 5 20 47 56  3
 5 20 23 47  3
 5 19 47 54  13
 5 19 21 47  13
 5 19 20 47  13
 5 17 47 56  3
 5 17 23 47  3
 5 17 19 47  13
 5 15 47 56  3
 5 15 23 47  3
 5 15 22 47  13
 5 15 19 47  13
 3 54 56  3
 3 23 54  3
 3 21 56  3
 3 21 23  3
 3 20 56  3
 3 20 23  3
 3 17 56  3
 3 17 23  3
 3 15 56  3
 3 15 23  3
 3 15 19  107
 2 68  19
 2 54 105  3
 2 54 71  3
 2 54 68  3
 2 47 54  3
 2 46 54  3
 2 37 54  3
 2 31 54  3
 2 21  549
 2 21 105  3
 2 21 71  3
 2 21 68  3
 2 21 47  3
 2 21 46  3
 2 21 37  3
 2 21 31  3
 2 20 105  3
 2 20 71  3
 2 20 68  3
 2 20 47  3
 2 20 46  3
 2 20 37  3
 2 20 31  3
 2 17 105  3
 2 17 71  3
 2 17 68  3
 2 17 47  3
 2 17 46  3
 2 17 37  3
 2 17 31  3
 2 17 21  35
 2 15  449
 2 15 105  3
 2 15 71  3
 2 15 68  3
 2 15 47  3
 2 15 46  3
 2 15 37  3
 2 15 31  3
 2 15 17  15
 2 12 54  9
 2 12 21  9
 2 12 20  9
 2 12 17  9
 2 12 15  9
 2 9 54  3
 2 9 21  3
 2 9 20  3
 2 9 17  3
 2 9 15  3
 2 8 54  3
 2 8 21  3
 2 8 20  3
 2 8 17  3
 2 8 15  3
 2 5  97
 2 5 47 54  3
 2 5 21 47  3
 2 5 20 47  3
 2 5 17 47  3
 2 5 15 47  3
 2 3 21  69
 2 3 15  49
 0 56 105  3
 0 56 71  3
 0 56 68  3
 0 47 56  3
 0 46 56  3
 0 37 56  3
 0 31 56  3
 0 23 105  3
 0 23 71  3
 0 23 68  3
 0 23 47  3
 0 23 46  3
 0 23 37  3
 0 23 31  3
 0 22 71  13
 0 22 68  13
 0 22 37  13
 0 22 31  13
 0 19 105  13
 0 19 71  13
 0 19 47  13
 0 19 46  13
 0 19 37  13
 0 12 56  9
 0 12 23  9
 0 12 22  39
 0 12 19  39
 0 9 56  3
 0 9 23  3
 0 9 22  13
 0 8 56  3
 0 8 23  3
 0 8 19  13
 0 5 47 56  3
 0 5 23 47  3
 0 5 19 47  13
 0 3 56  3
 0 3 23  3
 0 2 105  3
 0 2 71  3
 0 2 68  3
 0 2 47  3
 0 2 46  3
 0 2 37  3
 0 2 31  3
 0 2 21  51
 0 2 15  31
 0 2 12  9
 0 2 9  3
 0 2 8  3
 0 2 5 47  3
 21 35  549
 21 22 72  13
 21 22 38  13
 21 22 35  13
 13 21 22  13
 7 21 35  69
 7 13 21  69
 6 21 35  69
 6 13 21  69
 4 21 22  13
 3 21 35  69
 1 21 72  77
 1 21 35  83
 1 13 21  83
 1 7 21  299
 1 6 21  299
 1 4 21  187
 0 21 72  33
 0 21 38  93
 0 21 35  51
 0 4 21  93
 15 53  483
 15 35  449
 15 20 72  23
 15 20 38  23
 15 20 35  23
 15 19 72  13
 15 19 38  13
 15 19 35  13
 15 18  1353
 15 16 72  13
 15 16 38  13
 15 16 35  13
 14 72  61
 13 19  79
 13 15 20  23
 13 15 19  13
 13 15 16  13
 7 15 35  49
 7 15 19  107
 7 15 16  107
 7 13 15  49
 6 15 35  49
 6 15 19  107
 6 15 16  107
 6 13 15  49
 4 15 20  23
 4 15 19  13
 4 15 16  13
 3 15 35  49
 1 15 72  57
 1 15 35  63
 1 13 15  63
 1 6 15  239
 1 4 15  167
 1 3 15  239
 15 20 105  23
 15 20 47  23
 15 20 46  23
 14 46  61
 8 15 20  23
 8 14  63
 5 15 20 47  23
 21 32  409
 21 22 66  13
 21 22 32  13
 21 22 29  13
 12 25  181
 5 12  181
 1 21 66  77
 1 21 32  77
 1 21 29  77
 0 66  343
 0 29  343
 0 21 66  33
 0 21 32  33
 0 21 29  33
 0 1 66  67
 0 1 32  67
 0 1 29  67
 4 68  61
 1 21 68  77
 1 21 31  77
 1 9 21  77
 12 54 55  39
 12 21 55  39
 12 20 55  39
 12 17 55  39
 12 15 55  39
 7 54 55  107
 7 21 55  107
 7 20 55  107
 7 17 55  127
 7 15 55  107
 7 15 17  101
 6 54 55  107
 6 21 55  107
 6 20 55  107
 6 17 55  127
 6 15 55  107
 6 15 17  101
 3 54 55  107
 3 21 55  107
 3 20 55  107
 3 17 55  127
 3 15 55  107
 0 12 55  39
 0 7 55  167
 0 6 55  167
 0 3 55  167
 15 22 72  13
 15 22 38  13
 15 22 35  13
 13 15 22  13
 4 15 22  13
 0 15 72  13
 0 15 38  73
 0 15 35  31
 0 4 15  73
 22 39 54  13
 20 22 39  13
 17 22 39  13
 5 7 22  25
 2 25  61
 2 22  81
 2 22 54  13
 2 20 22  13
 2 17 22  13
 0 22 39  13
 0 2 22  13
 4 47  61
 4 46  61
 52 54  145
 21 52  145
 20 52  145
 17 52  175
 15 52  145
 0 52  235
 15 22 39  13
 2 15 22  13
 2 7 15  49
 2 6 15  49
 1 15 39  57
 1 2 15  63
 0 15 39  13
 14 25  121
 15 55 71  13
 15 37 55  13
 1 15 71  57
 1 15 37  57
 20 21 72  43
 20 21 38  43
 20 21 35  43
 19 21 72  13
 19 21 38  13
 19 21 35  13
 16 21 72  13
 16 21 38  13
 16 21 35  13
 13 20 21  43
 13 19 21  13
 13 16 21  13
 4 20 21  43
 4 19 21  13
 4 16 21  13
 17 21 38  49
 15 20 68  23
 15 20 31  23
 9 15 20  23
 1 15 68  57
 1 15 31  57
 1 9 15  57
 20 21 68  43
 20 21 31  43
 9 20 21  43
 21 54 72  23
 21 38 54  23
 21 35 54  23
 17 21 72  29
 17 21 35  35
 13 21 54  23
 4 35 54  13
 4 21 54  23
 4 20 35  13
 4 17 35  13
 4 17 21  49
 4 13  79
 4 13 54  13
 4 13 20  13
 4 13 17  13
 0 4 35  13
 0 4 13  13
 54 66  293
 29 54  293
 20 66  393
 20 29  393
 17 66  323
 17 29  323
 1 54 66  57
 1 32 54  57
 1 29 54  57
 1 20 66  77
 1 20 32  77
 1 20 29  77
 1 17 66  57
 1 17 32  57
 1 17 29  57
 0 21 105  33
 0 21 47  33
 0 21 46  33
 0 8 21  33
 0 5 21 47  33
 15 22 66  13
 15 22 32  13
 15 22 29  13
 0 15 66  13
 0 15 32  13
 0 15 29  13
 0 12 15  39
 54 55 71  13
 37 54 55  13
 20 55 71  13
 20 37 55  13
 17 55 71  13
 17 37 55  13
 0 55 71  13
 0 37 55  13
 15 17 38  29
 2 38 54  13
 2 21 38  13
 2 20 38  13
 2 17 38  13
 2 15 38  13
 2 7 21  69
 2 6 21  69
 1 21 39  77
 1 2 21  83
 0 2 38  13
 22 54 66  13
 22 32 54  13
 22 29 54  13
 20 22 66  13
 20 22 32  13
 20 22 29  13
 17 22 66  13
 17 22 32  13
 17 22 29  13
 0 22 66  13
 0 22 32  13
 0 22 29  13
 15 55 68  13
 15 31 55  13
 9 15 55  13
 21 35 38  13
 13 21 38  13
 15 20 66  23
 15 20 32  23
 15 20 29  23
 12 15 20  69
 39 54 55  13
 21 39 55  13
 21 39 54  23
 20 39 55  13
 20 21 39  43
 17 39 55  13
 17 21 39  29
 15 39 55  13
 2 54 55  13
 2 21 55  13
 2 21 54  23
 2 20 55  13
 2 20 21  43
 2 17 55  13
 2 15 55  13
 0 39 55  13
 0 21 39  33
 0 2 55  13
 54 55 72  13
 38 54 55  13
 35 54 55  13
 20 55 72  13
 20 38 55  13
 20 35 55  13
 17 55 72  13
 17 38 55  13
 17 35 55  13
 13 54 55  13
 13 20 55  13
 13 17 55  13
 4 54 55  13
 4 20 55  13
 4 17 55  13
 0 55 72  13
 0 38 55  13
 0 35 55  13
 0 13 55  13
 0 4 55  13
 15 19 66  13
 15 19 32  13
 15 19 29  13
 15 16 66  13
 15 16 32  13
 15 16 29  13
 15 55 72  13
 15 38 55  13
 15 35 55  13
 13 15 55  13
 4 15 55  13
 21 54 68  23
 21 31 54  23
 9 21 54  23
 0 21 68  33
 0 21 31  33
 0 9 21  33
 9 26  63
 0 15 68  13
 0 15 31  13
 0 9 15  13
 20 21 66  43
 20 21 32  43
 20 21 29  43
 19 21 66  13
 19 21 32  13
 19 21 29  13
 16 21 66  13
 16 21 32  13
 16 21 29  13
 15 20 71  23
 15 20 37  23
 54 55 66  13
 32 54 55  13
 29 54 55  13
 21 55 66  13
 21 54 66  23
 21 32 55  13
 21 32 54  23
 21 29 55  13
 21 29 54  23
 20 55 66  13
 20 32 55  13
 20 29 55  13
 17 55 66  13
 17 32 55  13
 17 29 55  13
 17 21 66  29
 17 21 32  29
 17 21 29  29
 15 55 66  13
 15 32 55  13
 15 29 55  13
 0 55 66  13
 0 32 55  13
 0 29 55  13
 21 55 72  13
 21 38 55  13
 21 35 55  13
 13 21 55  13
 4 21 55  13
 15 20 39  23
 15 19 39  13
 15 16 39  13
 2 15 20  23
 2 15 19  13
 2 15 16  13
 54 55 105  13
 47 54 55  13
 46 54 55  13
 21 54 105  23
 21 47 54  23
 21 46 54  23
 20 55 105  13
 20 47 55  13
 20 46 55  13
 20 21 105  43
 20 21 47  43
 20 21 46  43
 17 55 105  13
 17 47 55  13
 17 46 55  13
 8 54 55  13
 8 21 54  23
 8 20 55  13
 8 20 21  43
 8 17 55  13
 5 47 54 55  13
 5 21 47 54  23
 5 20 47 55  13
 5 20 21 47  43
 5 17 47 55  13
 0 55 105  13
 0 47 55  13
 0 46 55  13
 0 8 55  13
 0 5 47 55  13
 4 26  61
 19 27 54  13
 19 21 27  13
 19 20 27  13
 17 19 27  13
 16 27 54  13
 16 21 27  13
 16 20 27  13
 16 17 27  13
 15 19 27  13
 15 16 27  13
 0 19 27  13
 0 16 27  13
 4 15 17  29
 19 54 66  13
 19 32 54  13
 19 29 54  13
 19 20 66  13
 19 20 32  13
 19 20 29  13
 17 19 66  13
 17 19 32  13
 17 19 29  13
 16 54 66  13
 16 32 54  13
 16 29 54  13
 16 20 66  13
 16 20 32  13
 16 20 29  13
 16 17 66  13
 16 17 32  13
 16 17 29  13
 0 19 66  13
 0 19 32  13
 0 19 29  13
 0 16 66  13
 0 16 32  13
 0 16 29  13
 54 55 68  13
 31 54 55  13
 20 55 68  13
 20 31 55  13
 17 55 68  13
 17 31 55  13
 9 54 55  13
 9 20 55  13
 9 17 55  13
 0 55 68  13
 0 31 55  13
 0 9 55  13
 0 15 105  13
 0 15 47  13
 0 15 46  13
 0 8 15  13
 0 5 15 47  13
 54 72 89  3
 54 56 72  3
 52 54 72  3
 50 54 72  3
 39 54 89  3
 39 54 56  3
 39 52 54  3
 39 50 54  3
 38 54 89  3
 38 54 56  3
 38 52 54  3
 38 50 54  3
 35 54 89  3
 35 54 72  3
 35 54 56  3
 35 52 54  3
 35 50 54  3
 35 39 54  3
 30 54 72  3
 30 39 54  3
 30 38 54  3
 30 35 54  3
 23 54 72  3
 23 39 54  3
 23 38 54  3
 23 35 54  3
 21 72 89  3
 21 56 72  3
 21 52 72  3
 21 50 72  3
 21 39 89  3
 21 39 56  3
 21 39 52  3
 21 39 50  3
 21 38 89  3
 21 38 56  3
 21 38 52  3
 21 38 50  3
 21 35 89  3
 21 35 72  3
 21 35 56  3
 21 35 52  3
 21 35 50  3
 21 35 39  3
 21 30 72  3
 21 30 39  3
 21 30 38  3
 21 30 35  3
 21 23 72  3
 21 23 39  3
 21 23 38  3
 21 23 35  3
 21 22 39  13
 20 72 89  3
 20 56 72  3
 20 52 72  3
 20 50 72  3
 20 39 89  3
 20 39 56  3
 20 39 52  3
 20 39 50  3
 20 38 89  3
 20 38 56  3
 20 38 52  3
 20 38 50  3
 20 35 89  3
 20 35 72  3
 20 35 56  3
 20 35 52  3
 20 35 50  3
 20 35 39  3
 20 30 72  3
 20 30 39  3
 20 30 38  3
 20 30 35  3
 20 23 72  3
 20 23 39  3
 20 23 38  3
 20 23 35  3
 19 54 72  13
 19 38 54  13
 19 35 54  13
 19 21 39  13
 19 20 72  13
 19 20 38  13
 19 20 35  13
 17 72 89  3
 17 56 72  3
 17 52 72  3
 17 50 72  3
 17 39 89  3
 17 39 56  3
 17 39 52  3
 17 39 50  3
 17 38 89  3
 17 38 56  3
 17 38 52  3
 17 38 50  3
 17 35 89  3
 17 35 72  3
 17 35 56  3
 17 35 52  3
 17 35 50  3
 17 35 39  3
 17 30 72  3
 17 30 39  3
 17 30 38  3
 17 30 35  3
 17 23 72  3
 17 23 39  3
 17 23 38  3
 17 23 35  3
 17 19 72  13
 17 19 38  13
 17 19 35  13
 16 54 72  13
 16 38 54  13
 16 35 54  13
 16 21 39  13
 16 20 72  13
 16 20 38  13
 16 20 35  13
 16 17 72  13
 16 17 38  13
 16 17 35  13
 15 72 89  3
 15 56 72  3
 15 54 72  3
 15 52 72  3
 15 50 72  3
 15 39 89  3
 15 39 56  3
 15 39 54  3
 15 39 52  3
 15 39 50  3
 15 38 89  3
 15 38 56  3
 15 38 54  3
 15 38 52  3
 15 38 50  3
 15 35 89  3
 15 35 72  3
 15 35 56  3
 15 35 54  3
 15 35 52  3
 15 35 50  3
 15 35 39  3
 15 35 38  13
 15 30 72  3
 15 30 39  3
 15 30 38  3
 15 30 35  3
 15 23 72  3
 15 23 39  3
 15 23 38  3
 15 23 35  3
 15 17 72  9
 15 17 39  9
 15 17 35  15
 13 72  19
 13 54 89  3
 13 54 72  3
 13 54 56  3
 13 52 54  3
 13 50 54  3
 13 39 54  3
 13 30 54  3
 13 23  19
 13 23 54  3
 13 21 89  3
 13 21 72  3
 13 21 56  3
 13 21 52  3
 13 21 50  3
 13 21 39  3
 13 21 30  3
 13 21 23  3
 13 20 89  3
 13 20 72  3
 13 20 56  3
 13 20 52  3
 13 20 50  3
 13 20 39  3
 13 20 30  3
 13 20 23  3
 13 19 54  13
 13 19 20  13
 13 17 89  3
 13 17 72  3
 13 17 56  3
 13 17 52  3
 13 17 50  3
 13 17 39  3
 13 17 30  3
 13 17 23  3
 13 17 19  13
 13 16 54  13
 13 16 20  13
 13 16 17  13
 13 15 89  3
 13 15 72  3
 13 15 56  3
 13 15 54  3
 13 15 52  3
 13 15 50  3
 13 15 39  3
 13 15 38  13
 13 15 30  3
 13 15 23  3
 11 54 72  3
 11 39 54  3
 11 38 54  3
 11 35 54  3
 11 21 72  3
 11 21 39  3
 11 21 38  3
 11 21 35  3
 11 20 72  3
 11 20 39  3
 11 20 38  3
 11 20 35  3
 11 17 72  3
 11 17 39  3
 11 17 38  3
 11 17 35  3
 11 15 72  3
 11 15 39  3
 11 15 38  3
 11 15 35  3
 11 13 54  3
 11 13 21  3
 11 13 20  3
 11 13 17  3
 11 13 15  3
 6 54 89  3
 6 54 56  3
 6 52 54  3
 6 50 54  3
 6 30 54  3
 6 23 54  3
 6 21 89  3
 6 21 56  3
 6 21 52  3
 6 21 50  3
 6 21 30  3
 6 21 23  3
 6 20 89  3
 6 20 56  3
 6 20 52  3
 6 20 50  3
 6 20 30  3
 6 20 23  3
 6 17 89  3
 6 17 56  3
 6 17 52  3
 6 17 50  3
 6 17 30  3
 6 17 23  3
 6 15 89  3
 6 15 56  3
 6 15 54  3
 6 15 52  3
 6 15 50  3
 6 15 30  3
 6 15 23  3
 6 11 54  3
 6 11 21  3
 6 11 20  3
 6 11 17  3
 6 11 15  3
 4 54 89  3
 4 54 56  3
 4 52 54  3
 4 50 54  3
 4 30 54  3
 4 23 54  3
 4 21 89  3
 4 21 56  3
 4 21 52  3
 4 21 50  3
 4 21 35  13
 4 21 30  3
 4 21 23  3
 4 20 89  3
 4 20 56  3
 4 20 52  3
 4 20 50  3
 4 20 30  3
 4 20 23  3
 4 19 54  13
 4 19 20  13
 4 17 89  3
 4 17 56  3
 4 17 52  3
 4 17 50  3
 4 17 30  3
 4 17 23  3
 4 17 19  13
 4 16 54  13
 4 16 20  13
 4 16 17  13
 4 15 89  3
 4 15 56  3
 4 15 54  3
 4 15 52  3
 4 15 50  3
 4 15 35  13
 4 15 30  3
 4 15 23  3
 4 13 21  13
 4 13 15  13
 4 11 54  3
 4 11 21  3
 4 11 20  3
 4 11 17  3
 4 11 15  3
 2 54 89  3
 2 54 72  3
 2 54 56  3
 2 52 54  3
 2 50 54  3
 2 39 54  3
 2 30 54  3
 2 23 54  3
 2 21 89  3
 2 21 72  3
 2 21 56  3
 2 21 52  3
 2 21 50  3
 2 21 39  3
 2 21 30  3
 2 21 23  3
 2 21 22  13
 2 20 89  3
 2 20 72  3
 2 20 56  3
 2 20 52  3
 2 20 50  3
 2 20 39  3
 2 20 30  3
 2 20 23  3
 2 19 21  13
 2 17 89  3
 2 17 72  3
 2 17 56  3
 2 17 52  3
 2 17 50  3
 2 17 39  3
 2 17 30  3
 2 17 23  3
 2 16 21  13
 2 15 89  3
 2 15 72  3
 2 15 56  3
 2 15 54  3
 2 15 52  3
 2 15 50  3
 2 15 39  3
 2 15 30  3
 2 15 23  3
 2 11 54  3
 2 11 21  3
 2 11 20  3
 2 11 17  3
 2 11 15  3
 2 4  79
 2 4 54  13
 2 4 21  13
 2 4 20  13
 2 4 17  13
 2 4 15  13
 0 72 89  3
 0 56 72  3
 0 52 72  3
 0 50 72  3
 0 39 89  3
 0 39 56  3
 0 39 52  3
 0 39 50  3
 0 38 89  3
 0 38 56  3
 0 38 52  3
 0 38 50  3
 0 35 89  3
 0 35 72  3
 0 35 56  3
 0 35 52  3
 0 35 50  3
 0 35 39  3
 0 30 72  3
 0 30 39  3
 0 30 38  3
 0 30 35  3
 0 23 72  3
 0 23 39  3
 0 23 38  3
 0 23 35  3
 0 19 72  13
 0 19 38  13
 0 19 35  13
 0 16 72  13
 0 16 38  13
 0 16 35  13
 0 13 89  3
 0 13 72  3
 0 13 56  3
 0 13 52  3
 0 13 50  3
 0 13 39  3
 0 13 30  3
 0 13 23  3
 0 13 19  13
 0 13 16  13
 0 11 72  3
 0 11 39  3
 0 11 38  3
 0 11 35  3
 0 11 13  3
 0 6 89  3
 0 6 56  3
 0 6 52  3
 0 6 50  3
 0 6 30  3
 0 6 23  3
 0 6 11  3
 0 4 89  3
 0 4 56  3
 0 4 52  3
 0 4 50  3
 0 4 30  3
 0 4 23  3
 0 4 19  13
 0 4 16  13
 0 4 11  3
 0 2 89  3
 0 2 72  3
 0 2 56  3
 0 2 52  3
 0 2 50  3
 0 2 39  3
 0 2 30  3
 0 2 23  3
 0 2 11  3
 0 2 4  13
 54 89 105  3
 54 71 89  3
 54 68 89  3
 52 54 105  3
 52 54 71  3
 52 54 68  3
 47 54 89  3
 47 52 54  3
 46 54 89  3
 46 52 54  3
 37 54 89  3
 37 52 54  3
 35 54 105  3
 35 54 71  3
 35 54 68  3
 35 47 54  3
 35 46 54  3
 35 37 54  3
 31 54 89  3
 31 52 54  3
 31 35 54  3
 30 54 105  3
 30 54 71  3
 30 54 68  3
 30 47 54  3
 30 46 54  3
 30 37 54  3
 30 31 54  3
 21 89 105  3
 21 71 89  3
 21 68 89  3
 21 55 105  13
 21 55 71  13
 21 55 68  13
 21 52 105  3
 21 52 71  3
 21 52 68  3
 21 47 89  3
 21 47 55  13
 21 47 52  3
 21 46 89  3
 21 46 55  13
 21 46 52  3
 21 37 89  3
 21 37 55  13
 21 37 52  3
 21 35 105  3
 21 35 71  3
 21 35 68  3
 21 35 47  3
 21 35 46  3
 21 35 37  3
 21 31 89  3
 21 31 55  13
 21 31 52  3
 21 31 35  3
 21 30 105  3
 21 30 71  3
 21 30 68  3
 21 30 47  3
 21 30 46  3
 21 30 37  3
 21 30 31  3
 20 89 105  3
 20 71 89  3
 20 68 89  3
 20 52 105  3
 20 52 71  3
 20 52 68  3
 20 47 89  3
 20 47 52  3
 20 46 89  3
 20 46 52  3
 20 37 89  3
 20 37 52  3
 20 35 105  3
 20 35 71  3
 20 35 68  3
 20 35 47  3
 20 35 46  3
 20 35 37  3
 20 31 89  3
 20 31 52  3
 20 31 35  3
 20 30 105  3
 20 30 71  3
 20 30 68  3
 20 30 47  3
 20 30 46  3
 20 30 37  3
 20 30 31  3
 17 89 105  3
 17 71 89  3
 17 68 89  3
 17 52 105  3
 17 52 71  3
 17 52 68  3
 17 47 89  3
 17 47 52  3
 17 46 89  3
 17 46 52  3
 17 37 89  3
 17 37 52  3
 17 35 105  3
 17 35 71  3
 17 35 68  3
 17 35 47  3
 17 35 46  3
 17 35 37  3
 17 31 89  3
 17 31 52  3
 17 31 35  3
 17 30 105  3
 17 30 71  3
 17 30 68  3
 17 30 47  3
 17 30 46  3
 17 30 37  3
 17 30 31  3
 15 89 105  3
 15 71 89  3
 15 68 89  3
 15 55 105  13
 15 54 105  3
 15 54 71  3
 15 54 68  3
 15 52 105  3
 15 52 71  3
 15 52 68  3
 15 47 89  3
 15 47 55  13
 15 47 54  3
 15 47 52  3
 15 46 89  3
 15 46 55  13
 15 46 54  3
 15 46 52  3
 15 37 89  3
 15 37 54  3
 15 37 52  3
 15 35 105  3
 15 35 71  3
 15 35 68  3
 15 35 47  3
 15 35 46  3
 15 35 37  3
 15 31 89  3
 15 31 54  3
 15 31 52  3
 15 31 35  3
 15 30 105  3
 15 30 71  3
 15 30 68  3
 15 30 47  3
 15 30 46  3
 15 30 37  3
 15 30 31  3
 12 54 89  9
 12 52 54  9
 12 35 54  9
 12 30 54  9
 12 21 89  9
 12 21 52  9
 12 21 35  9
 12 21 30  9
 12 20 89  9
 12 20 52  9
 12 20 35  9
 12 20 30  9
 12 17 89  9
 12 17 52  9
 12 17 35  9
 12 17 30  9
 12 15 89  9
 12 15 54  9
 12 15 52  9
 12 15 35  9
 12 15 30  9
 9 54 89  3
 9 52 54  3
 9 35 54  3
 9 30 54  3
 9 21 89  3
 9 21 55  13
 9 21 52  3
 9 21 35  3
 9 21 30  3
 9 20 89  3
 9 20 52  3
 9 20 35  3
 9 20 30  3
 9 17 89  3
 9 17 52  3
 9 17 35  3
 9 17 30  3
 9 15 89  3
 9 15 54  3
 9 15 52  3
 9 15 35  3
 9 15 30  3
 8 54 89  3
 8 52 54  3
 8 35 54  3
 8 30 54  3
 8 21 89  3
 8 21 55  13
 8 21 52  3
 8 21 35  3
 8 21 30  3
 8 20 89  3
 8 20 52  3
 8 20 35  3
 8 20 30  3
 8 17 89  3
 8 17 52  3
 8 17 35  3
 8 17 30  3
 8 15 89  3
 8 15 55  13
 8 15 54  3
 8 15 52  3
 8 15 35  3
 8 15 30  3
 5 47 54 89  3
 5 47 52 54  3
 5 35 47 54  3
 5 30 47 54  3
 5 21 47 89  3
 5 21 47 55  13
 5 21 47 52  3
 5 21 35 47  3
 5 21 30 47  3
 5 20 47 89  3
 5 20 47 52  3
 5 20 35 47  3
 5 20 30 47  3
 5 17 47 89  3
 5 17 47 52  3
 5 17 35 47  3
 5 17 30 47  3
 5 15 47 89  3
 5 15 47 55  13
 5 15 47 54  3
 5 15 47 52  3
 5 15 35 47  3
 5 15 30 47  3
 3 54 89  3
 3 52 54  3
 3 30 54  3
 3 21 89  3
 3 21 52  3
 3 21 30  3
 3 20 89  3
 3 20 52  3
 3 20 30  3
 3 17 89  3
 3 17 52  3
 3 17 30  3
 3 15 89  3
 3 15 54  3
 3 15 52  3
 3 15 30  3
 0 89 105  3
 0 71 89  3
 0 68 89  3
 0 52 105  3
 0 52 71  3
 0 52 68  3
 0 47 89  3
 0 47 52  3
 0 46 89  3
 0 46 52  3
 0 37 89  3
 0 37 52  3
 0 35 105  3
 0 35 71  3
 0 35 68  3
 0 35 47  3
 0 35 46  3
 0 35 37  3
 0 31 89  3
 0 31 52  3
 0 31 35  3
 0 30 105  3
 0 30 71  3
 0 30 68  3
 0 30 47  3
 0 30 46  3
 0 30 37  3
 0 30 31  3
 0 15 71  13
 0 15 37  13
 0 12 89  9
 0 12 52  9
 0 12 35  9
 0 12 30  9
 0 9 89  3
 0 9 52  3
 0 9 35  3
 0 9 30  3
 0 8 89  3
 0 8 52  3
 0 8 35  3
 0 8 30  3
 0 5 47 89  3
 0 5 47 52  3
 0 5 35 47  3
 0 5 30 47  3
 0 3 89  3
 0 3 52  3
 0 3 30  3
 87  13
 48  13
 28  13
 27 54 55  13
 21 27 55  13
 21 27 54  23
 20 27 55  13
 17 27 55  13
 17 21 27  29
 15 27 55  13
 0 27 55  13
 126  1
 122  19
 121  1
 83  1
 80  11
 80 122  1
 77  5
 73  5
 68 80  1
 64  19
 64 80  1
 63 80  1
 62  1
 49  7
 47 122  1
 47 77  1
 47 73  1
 47 72  1
 47 68  1
 47 64  1
 47 63  1
 46 122  1
 46 68  1
 46 64  1
 46 63  1
 43  11
 43 122  1
 43 68  1
 43 64  1
 43 63  1
 41 122  1
 41 68  1
 41 64  1
 41 63  1
 34 47  1
 31 73  5
 31 47  3
 31 47 73  1
 26 122  1
 26 64  1
 26 63  1
 25 80  1
 25 43  1
 25 41  1
 25 26  1
 22 80  3
 22 64  19
 22 64 80  1
 22 47 64  1
 22 46 64  1
 22 43  3
 22 43 64  1
 22 41  3
 22 41 64  1
 22 26  3
 22 26 64  1
 21 122  1
 21 64  1
 21 22 64  1
 19 31 47  1
 14 122  1
 14 80  1
 14 77  1
 14 73  1
 14 64  1
 14 63  1
 14 43  1
 14 41  1
 14 31 73  1
 14 31 47  1
 14 22 64  1
 14 19 31  1
 13 122  1
 13 77  1
 13 73  1
 13 64  1
 13 63  1
 13 31 73  1
 13 22 64  1
 13 19 31  1
 13 14 31  1
 12 122  1
 12 68  1
 12 64  1
 12 63  1
 12 22 64  1
 10  53
 10 122  1
 10 80  1
 10 77  1
 10 73  1
 10 72  1
 10 68  1
 10 64  1
 10 63  1
 10 47  1
 10 46  1
 10 43  1
 10 41  1
 10 34  1
 10 31  3
 10 31 73  1
 10 26  1
 10 25  1
 10 23  1
 10 22  21
 10 22 80  1
 10 22 64  1
 10 22 47  1
 10 22 46  1
 10 22 43  1
 10 22 41  1
 10 22 26  1
 10 21  3
 10 21 22  1
 10 19  1
 10 19 31  1
 10 14  3
 10 14 31  1
 10 14 22  1
 10 13 22  1
 10 12  1
 10 12 22  1
 8 77  1
 8 73  1
 8 72  1
 8 34  1
 8 31  3
 8 31 73  1
 8 19 31  1
 8 14 31  1
 7 122  1
 7 64  1
 7 63  1
 7 22 64  1
 7 10  1
 7 10 22  1
 6 122  1
 6 64  1
 6 63  1
 6 22 64  1
 6 10  1
 6 10 22  1
 5 80  1
 5 43  1
 5 41  1
 5 22 80  1
 5 22 46  1
 5 22 43  1
 5 22 41  1
 5 22 26  1
 5 14 22  1
 5 13 22  1
 5 12 22  1
 5 10  1
 5 10 22  1
 4 122  1
 4 80  1
 4 64  1
 4 63  1
 4 43  1
 4 41  1
 4 22 64  1
 4 10 22  1
 4 5 22  1
 2 122  1
 2 64  1
 2 63  1
 2 22 64  1
 2 10  1
 2 10 22  1
 2 5 22  1
 0 10  3
 54 66 89  3
 54 56 66  3
 52 54 66  3
 50 54 66  3
 35 54 66  3
 32 54 89  3
 32 54 56  3
 32 52 54  3
 32 50 54  3
 32 35 54  3
 30 54 66  3
 30 32 54  3
 29 54 89  3
 29 54 56  3
 29 52 54  3
 29 50 54  3
 29 35 54  3
 29 30 54  3
 27 54 89  3
 27 54 56  3
 27 52 54  3
 27 50 54  3
 27 35 54  3
 27 30 54  3
 23 54 66  3
 23 32 54  3
 23 29 54  3
 23 27 54  3
 21 66 89  3
 21 56 66  3
 21 52 66  3
 21 50 66  3
 21 35 66  3
 21 32 89  3
 21 32 56  3
 21 32 52  3
 21 32 50  3
 21 32 35  3
 21 30 66  3
 21 30 32  3
 21 29 89  3
 21 29 56  3
 21 29 52  3
 21 29 50  3
 21 29 35  3
 21 29 30  3
 21 27 89  3
 21 27 56  3
 21 27 52  3
 21 27 50  3
 21 27 35  3
 21 27 30  3
 21 23 66  3
 21 23 32  3
 21 23 29  3
 21 23 27  3
 20 66 89  3
 20 56 66  3
 20 52 66  3
 20 50 66  3
 20 35 66  3
 20 32 89  3
 20 32 56  3
 20 32 52  3
 20 32 50  3
 20 32 35  3
 20 30 66  3
 20 30 32  3
 20 29 89  3
 20 29 56  3
 20 29 52  3
 20 29 50  3
 20 29 35  3
 20 29 30  3
 20 27 89  3
 20 27 56  3
 20 27 52  3
 20 27 50  3
 20 27 35  3
 20 27 30  3
 20 23 66  3
 20 23 32  3
 20 23 29  3
 20 23 27  3
 17 66 89  3
 17 56 66  3
 17 52 66  3
 17 50 66  3
 17 35 66  3
 17 32 89  3
 17 32 56  3
 17 32 52  3
 17 32 50  3
 17 32 35  3
 17 30 66  3
 17 30 32  3
 17 29 89  3
 17 29 56  3
 17 29 52  3
 17 29 50  3
 17 29 35  3
 17 29 30  3
 17 27 89  3
 17 27 56  3
 17 27 52  3
 17 27 50  3
 17 27 35  3
 17 27 30  3
 17 23 66  3
 17 23 32  3
 17 23 29  3
 17 23 27  3
 15 66 89  3
 15 56 66  3
 15 54 66  3
 15 52 66  3
 15 50 66  3
 15 35 66  3
 15 32 89  3
 15 32 56  3
 15 32 54  3
 15 32 52  3
 15 32 50  3
 15 32 35  3
 15 30 66  3
 15 30 32  3
 15 29 89  3
 15 29 56  3
 15 29 54  3
 15 29 52  3
 15 29 50  3
 15 29 35  3
 15 29 30  3
 15 27 89  3
 15 27 56  3
 15 27 54  3
 15 27 52  3
 15 27 50  3
 15 27 35  3
 15 27 30  3
 15 23 66  3
 15 23 32  3
 15 23 29  3
 15 23 27  3
 15 17 66  9
 15 17 32  9
 15 17 29  9
 15 17 27  9
 13 54 66  3
 13 32 54  3
 13 29 54  3
 13 27 54  3
 13 21 66  3
 13 21 32  3
 13 21 29  3
 13 21 27  3
 13 20 66  3
 13 20 32  3
 13 20 29  3
 13 20 27  3
 13 17 66  3
 13 17 32  3
 13 17 29  3
 13 17 27  3
 13 15 66  3
 13 15 32  3
 13 15 29  3
 13 15 27  3
 11 54 66  3
 11 32 54  3
 11 29 54  3
 11 27 54  3
 11 21 66  3
 11 21 32  3
 11 21 29  3
 11 21 27  3
 11 20 66  3
 11 20 32  3
 11 20 29  3
 11 20 27  3
 11 17 66  3
 11 17 32  3
 11 17 29  3
 11 17 27  3
 11 15 66  3
 11 15 32  3
 11 15 29  3
 11 15 27  3
 7 54 89  3
 7 54 56  3
 7 52 54  3
 7 50 54  3
 7 30 54  3
 7 23 54  3
 7 21 89  3
 7 21 56  3
 7 21 52  3
 7 21 50  3
 7 21 30  3
 7 21 23  3
 7 20 89  3
 7 20 56  3
 7 20 52  3
 7 20 50  3
 7 20 30  3
 7 20 23  3
 7 17 89  3
 7 17 56  3
 7 17 52  3
 7 17 50  3
 7 17 30  3
 7 17 23  3
 7 15 89  3
 7 15 56  3
 7 15 54  3
 7 15 52  3
 7 15 50  3
 7 15 30  3
 7 15 23  3
 7 11 54  3
 7 11 21  3
 7 11 20  3
 7 11 17  3
 7 11 15  3
 2 54 66  3
 2 32 54  3
 2 29 54  3
 2 27 54  3
 2 21 66  3
 2 21 32  3
 2 21 29  3
 2 21 27  3
 2 20 66  3
 2 20 32  3
 2 20 29  3
 2 20 27  3
 2 17 66  3
 2 17 32  3
 2 17 29  3
 2 17 27  3
 2 15 66  3
 2 15 32  3
 2 15 29  3
 2 15 27  3
 0 66 89  3
 0 56 66  3
 0 52 66  3
 0 50 66  3
 0 35 66  3
 0 32 89  3
 0 32 56  3
 0 32 52  3
 0 32 50  3
 0 32 35  3
 0 30 66  3
 0 30 32  3
 0 29 89  3
 0 29 56  3
 0 29 52  3
 0 29 50  3
 0 29 35  3
 0 29 30  3
 0 27 89  3
 0 27 56  3
 0 27 52  3
 0 27 50  3
 0 27 35  3
 0 27 30  3
 0 23 66  3
 0 23 32  3
 0 23 29  3
 0 23 27  3
 0 13 66  3
 0 13 32  3
 0 13 29  3
 0 13 27  3
 0 11 66  3
 0 11 32  3
 0 11 29  3
 0 11 27  3
 0 7 89  3
 0 7 56  3
 0 7 52  3
 0 7 50  3
 0 7 30  3
 0 7 23  3
 0 7 11  3
 0 2 66  3
 0 2 32  3
 0 2 29  3
 0 2 27  3
 54 86  1
 49 54  1
 44 54  1
 21 86  1
 21 49  1
 21 44  1
 20 86  1
 20 49  1
 20 44  1
 17 86  1
 17 49  1
 17 44  1
 15 86  1
 15 49  1
 15 44  1
 0 86  1
 0 49  1
 0 44  1
