 122  3
 121  3
 118  3
 116  3
 106  3
 101  3
 96  3
 89  3
 88  3
 87  3
 85  3
 82  3
 81  3
 79  3
 77  3
 68  3
 67  3
 60  3
 59  3
 57  3
 56  3
 55  15
 55 97  3
 54  3
 53  3
 48  9
 47  15
 43 55  3
 42  9
 40  3
 38  21
 38 55  3
 37  3
 35  3
 34  3
 33  3
 31  3
 30  9
 29  9
 27  3
 26  3
 23  9
 22 106  3
 22 97  3
 22 64  3
 22 52  3
 22 48  3
 22 47  3
 22 43  3
 22 38  3
 21 97  3
 21 63  3
 21 43  3
 21 38  3
 19  9
 18  33
 18 97  3
 18 60  3
 18 43  3
 18 38  3
 17  21
 16 97  3
 16 58  3
 16 43  3
 16 38  3
 15  9
 14  15
 10  27
 10 22  3
 9  21
 9 22  3
 9 21  3
 6 48  3
 6 22  3
 6 22 48  3
 6 18  3
 5 22  3
 4 21  3
 4 16  3
 2  3
 1 97  3
 1 38  3
 1 18  3
 0 55  3
 0 22  3
 0 21  3
 0 18  3
 0 16  3
 0 1  3
