  48021
 115  751
 113  129
 110  129
 98  129
 93  129
 89  1023
 79  129
 78  751
 73  131
 56  1369
 55  649
 54  517
 52  521
 50  907
 47  1205
 47 89  135
 45  871
 44  1931
 39  1317
 35 47  137
 34 115  11
 34 81  11
 34 78  11
 34 61  11
 34 57  11
 34 56  11
 34 47  11
 34 41  11
 30  1155
 30 47  137
 29  649
 27 34  11
 25  389
 24  1071
 24 76  9
 24 56  15
 24 47  13
 24 45  7
 24 42  17
 24 39  15
 24 34  11
 20  521
 19 34  11
 19 24  13
 18  1651
 18 34  11
 17 115  37
 17 81  39
 17 78  37
 17 61  37
 17 57  37
 17 56  47
 17 47  45
 17 41  41
 17 27  39
 17 19  45
 17 18  51
 16 24  23
 15  3235
 15 57  751
 15 45  23
 15 36  25
 15 34  33
 15 34 57  11
 15 17  127
 15 17 57  37
 14  3151
 14 98  129
 14 89  143
 14 44  207
 14 39  173
 14 35  145
 14 30  145
 14 24  43
 13 89  135
 13 55  137
 13 35  137
 13 34  11
 13 30  137
 13 24  31
 13 17  63
 10 89  205
 10 52  165
 10 35  217
 10 30  217
 10 22  411
 8  2903
 8 89  157
 8 35  161
 8 30  161
 5  3163
 5 115  29
 5 81  33
 5 78  29
 5 61  29
 5 57  29
 5 56  49
 5 47  45
 5 41  37
 5 27  33
 5 24  39
 5 22  333
 5 19  45
 5 18  57
 5 15  119
 5 15 57  29
 5 13  81
 4  3785
 4 76  29
 4 56  53
 4 47  45
 4 45  21
 4 42  61
 4 39  53
 4 19  45
 4 17  161
 4 16  85
 4 14  165
 4 13  117
 3 76  33
 3 56  45
 3 47  41
 3 45  29
 3 42  49
 3 39  45
 3 19  41
 3 17  99
 3 16  61
 3 15  817
 3 15 34  11
 3 15 17  37
 3 14  101
 3 13  77
 3 5 15  29
 2 34  33
 2 24  39
 2 17  127
 2 15  121
 2 5  115
 2 4  135
 2 3  123
 1 115  25
 1 81  25
 1 78  25
 1 61  25
 1 57  25
 1 56  25
 1 47  25
 1 41  25
 1 27  25
 1 24  25
 1 19  25
 1 18  25
 1 15  75
 1 15 57  25
 1 3 15  25
 1 2  75
 0 24  23
 0 4  85
 0 3  51
 122  259
 85  259
 83  259
 68  259
 64  259
 49  1117
 31  265
 26  455
 22 64  259
 21  779
 82  751
 77  131
 75  259
 40  523
 38 115  5
 38 82  5
 38 81  5
 38 78  5
 38 76  5
 38 61  5
 38 57  5
 38 56  5
 38 49  5
 38 48  5
 38 47  5
 38 45  5
 38 42  5
 38 41  5
 38 39  5
 37  1051
 37 81  7
 37 56  15
 37 48  11
 37 47  13
 37 42  17
 37 41  9
 37 38  5
 36 48  9
 28  817
 28 81  3
 28 56  11
 28 48  7
 28 47  9
 28 42  13
 28 41  5
 28 38  5
 27 38  5
 27 37  7
 27 28  3
 26 115  7
 26 82  7
 26 81  7
 26 78  7
 26 76  7
 26 61  7
 26 57  7
 26 56  7
 26 49  7
 26 48  7
 26 47  7
 26 45  7
 26 42  7
 26 41  7
 26 39  7
 26 37  7
 26 28  7
 26 27  7
 24 81  7
 24 48  11
 24 41  9
 24 38  5
 24 27  7
 24 26  7
 23 38  5
 23 37  13
 23 28  9
 23 26  7
 23 24  13
 19 38  5
 19 26  7
 18 38  5
 18 37  19
 18 28  15
 18 26  7
 18 24  19
 17 82  37
 17 76  33
 17 49  43
 17 48  43
 17 45  39
 17 42  41
 17 39  39
 17 38  5
 17 26  7
 17 23  45
 16 38  5
 16 37  23
 16 28  19
 16 26  7
 16 17  55
 15 40  25
 15 38  15
 15 38 57  5
 15 37  31
 15 28  19
 15 26  21
 15 26 57  7
 15 24  31
 14 38  5
 14 37  43
 14 36  9
 14 28  39
 14 26  7
 14 17  75
 13 38  5
 13 37  31
 13 28  27
 13 26  7
 12 115  13
 12 82  13
 12 81  15
 12 78  13
 12 76  17
 12 61  13
 12 57  13
 12 56  23
 12 49  11
 12 48  19
 12 47  21
 12 45  15
 12 42  25
 12 41  17
 12 39  23
 12 38  5
 12 27  15
 12 26  7
 12 23  21
 12 19  21
 12 18  27
 12 16  31
 12 15  47
 12 15 57  13
 12 14  51
 12 13  39
 11 36  17
 9 36  17
 6  2357
 5 82  29
 5 76  21
 5 49  41
 5 48  41
 5 45  33
 5 42  21
 5 39  29
 5 37  39
 5 28  31
 5 23  45
 5 17  87
 5 16  65
 5 14  105
 5 12  55
 4 115  13
 4 82  13
 4 81  21
 4 78  13
 4 61  13
 4 57  13
 4 49  37
 4 48  37
 4 41  21
 4 37  33
 4 28  17
 4 27  21
 4 24  33
 4 23  45
 4 18  69
 4 15  103
 4 15 57  13
 4 12  65
 3 115  25
 3 82  25
 3 81  29
 3 78  25
 3 61  25
 3 57  25
 3 49  37
 3 48  37
 3 41  33
 3 37  25
 3 28  27
 3 27  29
 3 24  35
 3 23  41
 3 18  53
 3 15 57  25
 3 15 38  5
 3 15 26  7
 3 12  51
 3 12 15  13
 3 4 15  13
 2 38  15
 2 37  39
 2 28  27
 2 26  21
 2 12  63
 1 82  25
 1 76  25
 1 49  25
 1 48  25
 1 45  25
 1 42  25
 1 39  25
 1 37  25
 1 28  25
 1 23  25
 1 17  25
 1 16  25
 1 12  25
 0 38  5
 0 26  7
 0 17  55
 0 12  31
 0 5  65
 0 1  25
 108  129
 71  193
 71 115  3
 71 82  3
 71 81  3
 71 78  3
 71 76  3
 69  131
 61 71  3
 57 71  3
 56 71  3
 49 71  3
 48 71  3
 47 71  3
 45 71  3
 42 71  3
 41 71  3
 39 71  3
 37 115  5
 37 82  5
 37 78  5
 37 76  9
 37 71  3
 37 61  5
 37 57  5
 37 49  11
 37 45  7
 37 39  15
 34 82  11
 34 76  11
 34 49  11
 34 48  11
 34 45  11
 34 42  11
 34 39  11
 34 37  11
 32 115  3
 32 82  3
 32 81  3
 32 78  3
 32 76  3
 32 61  3
 32 57  3
 32 56  3
 32 49  3
 32 48  3
 32 47  3
 32 45  3
 32 42  3
 32 41  3
 32 39  3
 32 37  3
 28 71  3
 28 49  7
 28 34  11
 28 32  3
 27 71  3
 27 32  3
 24 71  3
 24 49  11
 24 32  3
 23 71  3
 23 34  11
 23 32  3
 19 71  3
 19 37  13
 19 32  3
 18 71  3
 18 32  3
 17 71  3
 17 34  11
 17 32  3
 16 71  3
 16 34  11
 16 32  3
 15 71  9
 15 57 71  3
 15 37 57  5
 15 32  9
 15 32 57  3
 14 71  3
 14 34  11
 14 32  3
 13 71  3
 13 32  3
 12 71  3
 12 34  11
 12 32  3
 8 50  153
 3 15 71  3
 3 15 37  5
 3 15 32  3
 2 71  9
 2 32  9
 0 71  3
 0 37  13
 0 34  11
 0 32  3
 0 28  19
 31 48  5
 15 31  13
 14 31  5
 11 31  9
 9 51  21
 9 31  9
 19 28  9
 28 76  5
 28 45  3
 28 39  11
 24 115  5
 24 82  5
 24 78  5
 24 61  5
 24 57  5
 15 24 57  5
 3 15 24  5
 111  1
 109  1
 99  1
 94  1
 90  5
 72  3
 70  1
 66  1
 53  1
 48 90  1
 28 115  1
 28 82  1
 28 78  1
 28 61  1
 28 57  1
 15 99  1
 15 90  1
 15 28 57  1
 14 90  1
 11 90  1
 11 53  1
 9 90  1
 3 15 28  1
