  8617
 81  73
 61  95
 56  73
 48  107
 41  75
 40  1181
 39  89
 23  175
 21  1541
 21 49  25
 17  383
 16  463
 16 21  27
 15  317
 15 21  69
 14  231
 12  207
 12 21  27
 11  579
 10  517
 10 21  127
 9  245
 8  229
 6  1357
 4  281
 2  309
 1  1241
 0  157
 98  33
 66  23
 65  55
 64  43
 60  45
 59  33
 55  23
 50  301
 36  23
 33  19
 32  83
 30  43
 29  13
 25  63
 20  147
 114  13
 105  3
 80  25
 77  13
 75  13
 68  3
 49 50  5
 34  9
 17 49  5
 16 50  13
 16 49  5
 16 17  15
 15 50  9
 15 17  9
 15 16  9
 14 56  13
 13 49  5
 13 16  19
 13 15  9
 12 50  7
 12 17  7
 12 16  7
 12 13  7
 11 49  5
 11 16  27
 11 15  9
 11 12  7
 10 50  11
 10 17  11
 10 16  13
 10 13  11
 10 11  15
 5 47  3
 2 14  13
