  389
 123  1
 122  1
 119  1
 117  1
 107  1
 102  1
 97  1
 90  1
 89  1
 88  3
 86  3
 83  1
 82  1
 80  1
 78  1
 69  1
 68  1
 61  1
 60  1
 58  3
 57  3
 56  5
 56 98  1
 55  3
 54  5
 49  5
 48  5
 44 56  1
 43  3
 41  1
 39  7
 39 56  1
 38  3
 36  1
 35  1
 34  3
 32  5
 31  3
 30  3
 28  3
 27  3
 23 107  1
 23 98  1
 23 65  1
 23 53  1
 23 49  1
 23 48  1
 23 44  1
 23 39  1
 22 98  1
 22 64  1
 22 44  1
 22 39  1
 20  15
 19 98  1
 19 61  1
 19 44  1
 19 39  1
 18  11
 17  23
 17 98  1
 17 59  1
 17 44  1
 17 39  1
 16  7
 15  9
 11  9
 11 23  1
 10  9
 10 23  1
 10 22  1
 7 49  1
 7 23  1
 7 23 49  1
 7 19  1
 6 23  1
 5 22  1
 5 17  1
 3  3
 2 98  1
 2 39  1
 2 19  1
 1 56  1
 1 23  1
 1 22  1
 1 19  1
 1 17  1
 1 2  1
 0  11
 0 17  1
