 114  63
 113  63
 110  63
 108  63
 98  63
 93  63
 89  275
 88  63
 81  63
 80  417
 79  63
 77  63
 74  63
 73  63
 71  63
 69  63
 60  63
 59  63
 52  63
 51  63
 49  63
 48  63
 47 89  55
 46  417
 45  63
 39  315
 35 47  63
 34  189
 32  63
 30 47  57
 29  63
 27  63
 26  417
 25  63
 23  63
 22  189
 21  539
 19  63
 18  63
 15  189
 14  1011
 14 98  63
 14 89  55
 14 56  65
 14 44  65
 14 39  71
 14 35  77
 14 30  57
 13 89  55
 13 55  65
 13 35  71
 13 30  57
 11  189
 10 89  55
 10 52  63
 10 35  71
 10 30  57
 9  1121
 8 89  63
 8 50  67
 8 35  89
 8 30  67
 7  555
 6  653
 2  1307
 2 14  119
 1  811
 1 14  95
 1 13  89
