 113  3
 112  3
 109  3
 97  3
 92  3
 88  15
 87  3
 80  3
 79  3
 78  3
 76  3
 74  9
 72  3
 64  3
 59  3
 58  3
 53  9
 51  3
 50  19
 49  9
 47  3
 46 88  3
 45  3
 44  3
 41  21
 40  9
 39  9
 38  15
 37  9
 34  21
 34 46  3
 31  9
 30  25
 29  21
 29 46  3
 28  3
 27  3
 26  3
 25  9
 24  3
 22  35
 18  35
 16  31
 15  31
 13  49
 13 97  3
 13 88  3
 13 55  3
 13 43  3
 13 38  3
 13 34  3
 13 29  3
 12 88  3
 12 54  3
 12 34  3
 12 29  3
 11  25
 10  15
 9 88  3
 9 51  3
 9 34  3
 9 29  3
 7 88  3
 7 34  3
 7 29  3
 5  21
 4  33
 1  49
 1 13  3
 0  27
 0 13  3
 0 12  3
