  229
 90  9
 57  9
 56  9
 53  9
 51  9
 50  21
 50 90  1
 50 57  1
 50 56  1
 50 53  1
 50 51  1
 48  3
 37  1
 36  9
 36 50  1
 31  9
 31 50  1
 24  9
 24 50  1
 23  9
 23 50  1
 22  9
 22 50  1
 21  21
 21 44  1
 21 37  1
 20  9
 20 50  1
 17  29
 17 90  1
 17 57  1
 17 56  1
 17 53  1
 17 51  1
 17 50  1
 17 36  1
 17 31  1
 17 24  1
 17 23  1
 17 22  1
 17 20  1
 16  29
 16 90  1
 16 57  1
 16 56  1
 16 53  1
 16 51  1
 16 50  1
 16 36  1
 16 31  1
 16 24  1
 16 23  1
 16 22  1
 16 20  1
 15  3
 14 50  1
 14 17  1
 14 16  1
 13  39
 13 90  1
 13 57  1
 13 56  1
 13 53  1
 13 51  1
 13 37  1
 13 36  1
 13 31  1
 13 24  1
 13 23  1
 13 22  1
 13 21  9
 13 21 44  1
 13 21 37  1
 13 20  1
 13 17  1
 13 16  1
 13 14  1
 12  9
 12 50  1
 12 17  1
 12 16  1
 12 13  1
 11 90  1
 11 57  1
 11 56  1
 11 53  1
 11 51  1
 11 36  1
 11 31  1
 11 24  1
 11 23  1
 11 22  1
 11 21  3
 11 20  1
 11 17  1
 11 16  1
 11 14  1
 11 13 21  1
 11 12  1
 10 21  1
 10 13 21  1
 9  3
 7  23
 7 90  1
 7 57  1
 7 56  1
 7 53  1
 7 51  1
 7 36  1
 7 31  1
 7 24  1
 7 23  1
 7 22  1
 7 21  1
 7 20  1
 7 17  1
 7 16  1
 7 14  1
 7 13 21  1
 7 12  1
 5  23
 5 90  1
 5 57  1
 5 56  1
 5 53  1
 5 51  1
 5 36  1
 5 31  1
 5 24  1
 5 23  1
 5 22  1
 5 21  1
 5 20  1
 5 17  1
 5 16  1
 5 14  1
 5 13 21  1
 5 12  1
 4  1
 4 21  1
 4 13  1
 4 13 21  1
 3 90  1
 3 57  1
 3 56  1
 3 53  1
 3 51  1
 3 50  1
 3 36  1
 3 31  1
 3 24  1
 3 23  1
 3 22  1
 3 21  1
 3 20  1
 3 14  1
 3 13 21  1
 3 12  1
 3 11  1
 3 7  1
 3 5  1
 2  9
 2 50  1
 2 17  1
 2 16  1
 2 13  1
 2 11  1
 2 7  1
 2 5  1
 2 3  1
 0  1
 0 21  1
 0 13  1
 0 13 21  1
