 105  117
 85  79
 72  117
 71  117
 66  117
 65  237
 63  79
 61  237
 52  79
 51  335
 44  311
 38  117
 37  117
 31  435
 27 39  9
 26  549
 24  311
 22 39  21
 21  775
 19  415
 18  335
 17  967
 15  155
 14  493
 13  275
 11  533
 10  377
 7  429
 6  373
 6 48  5
 6 31  9
 6 27  9
 6 22  21
 5  845
 5 47  117
 5 27  23
 5 22  105
 3  123
 2 44  9
 2 27  21
 2 22  23
 1  553
 0 27  33
 0 22  73
 106  3
 102  3
 100  3
 90  3
 81  15
 80  3
 73  3
 69  3
 43  3
 41  3
 40  3
 39 81  3
 6 90  3
 6 81  3
 6 36  3
 5 81  3
 2 81  3
 0 81  3
 0 42  3
