 120  329
 83  419
 66  435
 62  1027
 52  747
 37  2085
 37 120  11
 37 83  11
 37 66  11
 37 62  31
 37 61  23
 37 49  29
 37 46  21
 29 37  27
 23  2493
 23 37  49
 20  2881
 20 37  135
 18  1921
 16 66  77
 16 61  173
 16 49  163
 16 46  327
 16 37 62  13
 16 37 61  9
 16 32  95
 16 29 37  13
 16 27  267
 16 27 37  11
 16 18  111
 12 37  79
 12 16  539
 9  5211
 8 16 37  15
 7 16 37  13
 4  5937
 4 61  59
 4 49  71
 4 46  133
 4 20 62  25
 4 18  85
 4 16 46  25
 4 15  229
 4 12 16  17
 4 9  187
 4 8  209
 4 8 20  25
 4 7 16  27
 3  6263
 3 120  15
 3 66  21
 3 49  67
 3 46  75
 3 37  63
 3 29  49
 3 24  173
 3 16 62  19
 3 16 61  13
 3 16 46  9
 3 16 37  15
 3 16 29  25
 3 16 27  15
 3 15  507
 3 15 16  23
 3 12  177
 3 12 16  21
 3 9  201
 3 8 16  45
 3 7  251
 3 4  255
 3 4 16  61
 2  5625
 2 16  841
 2 3  267
 0 62  55
 0 61  47
 0 46  51
 0 29  71
 0 20 62  25
 0 8 20  25
 0 7  183
 0 3  167
 0 3 20  25
 0 2  167
 109  39
 62 109  3
 62 72  3
 51 62  3
 50 62  11
 41  2103
 38  457
 38 62  9
 29 109  3
 29 72  3
 29 51  3
 29 50  11
 29 41  39
 29 38  9
 28 109  3
 28 75  9
 28 72  3
 28 50  11
 28 41  39
 25 109  21
 25 72  3
 23 109  3
 23 72  3
 23 50  11
 23 38  13
 21  2865
 21 62  21
 21 25  31
 18 62  3
 18 29  3
 18 28  11
 18 25  13
 16 50  123
 16 41 62  15
 16 35 62  11
 16 29 41  21
 16 29 35  11
 16 28 41  15
 16 28 35  11
 16 25 41  31
 16 25 35  9
 16 21 62  9
 16 21 29  13
 16 21 28  9
 16 21 25  15
 13  3149
 13 28  35
 13 25  59
 13 16 62  11
 13 16 29  11
 13 16 28  11
 13 16 25  17
 12 25  45
 12 23  45
 12 16 62  11
 12 16 29  11
 12 16 28  15
 12 16 25  19
 9 51 62  3
 9 29 51  3
 9 28 51  3
 9 25 51  21
 9 23  73
 9 23 51  3
 8 109  3
 8 72  3
 8 50  63
 8 21  89
 8 18  67
 8 16 41  19
 8 16 35  13
 8 16 21  17
 8 13 16  21
 8 12 16  29
 8 9  211
 8 9 51  3
 7 29  57
 7 28  67
 7 25  81
 7 23  141
 7 16 62  19
 7 16 29  25
 7 16 28  19
 7 16 25  25
 7 8 16  35
 3 109  3
 3 75  11
 3 72  3
 3 51  19
 3 35  47
 3 21  139
 3 16 35  13
 3 13  149
 3 13 16  17
 3 9 51  3
 1 62  43
 1 16 62  21
 1 16 29  21
 1 16 28  21
 1 16 25  29
 1 8 16  23
 1 3  141
 1 3 16  23
 112  93
 78  485
 62 112  3
 58  397
 58 62  3
 44 62  3
 29 112  3
 29 58  9
 29 44  3
 28 54  11
 25 78  9
 25 58  17
 24 62  9
 24 29  21
 23 78  19
 23 54  9
 19 62  9
 19 29  17
 19 28  19
 19 23  33
 16 78  77
 16 58  167
 16 53  157
 15 62  9
 15 29  11
 15 25  25
 12 54 62  3
 12 29 54  3
 10 62  21
 10 29  21
 10 28  41
 10 25  29
 10 23  87
 10 16 62  9
 10 16 29  9
 10 16 28  9
 10 16 25  7
 8 112  3
 8 54  37
 8 44  53
 8 24  91
 8 19  87
 8 15  213
 8 12 54  3
 8 10  167
 8 10 16  19
 3 112  7
 3 54  41
 3 16 58  21
 3 16 19  29
 3 12 54  7
 3 10  205
 3 10 16  15
 0 12 62  3
 0 12 29  3
 0 8 12  3
 0 3 12  7
 93  251
 60  469
 60 74  3
 41 60  9
 41 56  17
 40  1719
 40 60  13
 40 56  19
 39  783
 37 60  7
 37 56  21
 37 54  19
 35 60  3
 35 56  3
 35 54  13
 34 41  13
 31  591
 31 60  3
 31 56  5
 31 39  5
 29 60  3
 29 59  13
 27 74  3
 27 60  7
 27 56  15
 27 54  5
 27 35  37
 27 34  9
 27 29  9
 26 74  3
 26 41  19
 26 40  21
 26 37  23
 26 35  11
 26 31  5
 26 27  41
 25 40  29
 25 37  95
 25 29  27
 25 27  19
 23 74  9
 23 31  9
 22  2273
 22 40  33
 22 29  13
 22 27  19
 21 74  5
 21 41  49
 21 37  55
 21 35  17
 21 31  9
 21 27  49
 20 93  3
 20 59  3
 20 40  61
 20 35  55
 20 34  5
 20 29  23
 20 27  23
 20 26  57
 20 21  75
 19 40  43
 19 35  21
 19 31  9
 19 27  21
 17 41  33
 17 40  27
 17 31  5
 17 29  19
 17 27  15
 15 93  9
 15 59  9
 15 39  15
 15 34  11
 15 31  15
 15 27  25
 15 22  47
 15 20  21
 15 19  39
 8 60  13
 8 59  15
 8 56  35
 8 26  63
 8 25  91
 8 23  81
 8 17  69
 7 60  33
 7 34  23
 7 22  97
 7 20  135
 7 19  129
 6  4639
 6 93  9
 6 74  3
 6 59  15
 6 56  53
 6 54  29
 6 40  61
 6 39  37
 6 37  37
 6 35  9
 6 34  15
 6 31  23
 6 29  31
 6 27  93
 6 25  43
 6 19  99
 6 15  197
 5  2123
 5 41  33
 5 35  21
 5 29  25
 5 8  81
 5 7  85
 4 60  23
 4 56  77
 4 39  31
 4 34  97
 4 21  141
 4 17  109
 4 6  123
 4 5  95
 3 59  19
 3 39  37
 3 25  159
 3 6  173
 3 5  99
 2 93  13
 2 60  21
 2 59  17
 2 56  33
 2 54  41
 2 39  33
 2 35  17
 2 34  29
 2 31  17
 2 29  71
 2 26  53
 2 19  125
 2 8  183
 2 6  165
 2 5  95
 1 74  3
 1 60  17
 1 54  29
 1 40  45
 1 35  13
 1 31  23
 1 27  75
 1 22  69
 1 21  49
 1 20  107
 1 19  77
 1 7  145
 1 4  81
 1 2  115
 0 60  11
 0 41  57
 0 37  43
 0 35  29
 0 31  15
 0 19  95
 0 5  77
 0 1  85
 113  29
 79  371
 76  369
 62 113  3
 62 80  15
 62 79  15
 62 76  3
 59 62  3
 47 62  15
 46 62  23
 45 62  11
 43 62  15
 42  1167
 40 62  13
 29 113  11
 29 80  15
 29 79  15
 29 76  3
 29 47  15
 29 46  23
 29 45  11
 29 43  15
 29 40  13
 28 113  3
 28 80  23
 28 79  15
 28 76  3
 28 59  5
 28 46  31
 28 45  17
 28 42  11
 28 40  19
 28 37  33
 26 62  15
 26 28  25
 25 113  3
 25 76  5
 25 62  15
 25 59  5
 25 46  33
 25 45  15
 25 39  11
 25 26  9
 23 113  3
 23 59  5
 23 46  27
 23 45  45
 23 43  41
 23 42  21
 23 39  19
 23 25  35
 22 62  3
 22 25  23
 17 62  3
 17 23  21
 16 76  19
 16 62 80  5
 16 59  27
 16 47 62  5
 16 46 62  5
 16 43  227
 16 43 62  5
 16 42  157
 16 40  115
 16 29 80  5
 16 29 47  5
 16 29 46  5
 16 29 43  5
 16 28 80  5
 16 28 47  5
 16 28 46  5
 16 28 43  5
 16 28 37  13
 16 26 62  5
 16 26 29  5
 16 26 28  5
 16 25 80  3
 16 25 47  3
 16 25 46  13
 16 25 43  3
 16 25 37  59
 16 25 26  3
 16 17  209
 14 23  47
 14 16  455
 14 16 62  11
 14 16 29  11
 14 16 28  11
 14 16 25  9
 13 55  31
 13 55 62  3
 13 29 55  11
 13 28 55  3
 13 25 55  3
 13 23 55  3
 11 28  11
 11 25  13
 8 113  3
 8 80  37
 8 79  15
 8 76  13
 8 62  45
 8 47  75
 8 45  21
 8 43  67
 8 40  37
 8 29  57
 8 16 80  7
 8 16 47  11
 8 16 46  11
 8 16 43  7
 8 16 26  7
 8 14 16  21
 8 13 55  3
 8 11  195
 6 28  57
 6 16  381
 6 16 62  11
 6 16 29  11
 6 16 28  13
 6 16 25  9
 6 8 16  13
 5 62  15
 5 23  43
 5 16  167
 3 113  3
 3 79  91
 3 47  85
 3 45  127
 3 42  45
 3 28  73
 3 16 80  7
 3 16 47  9
 3 16 43  7
 3 16 28  23
 3 16 26  7
 3 16 25  83
 3 16 22  15
 3 16 17  13
 3 14 16  17
 3 13 55  3
 3 11  143
 3 6 16  13
 2 28  81
 1 13  127
 1 13 62  3
 1 13 29  11
 1 13 28  3
 1 13 25  3
 1 13 23  3
 1 8 13  3
 1 3 13  3
 87  399
 48  1227
 37 87  11
 37 53  25
 37 50  11
 33 37  19
 16 87  83
 16 33  295
 16 21 37  9
 16 19 37  9
 16 17 37  9
 4 48  67
 4 33  37
 4 16 33  5
 4 16 21  29
 4 14 16  9
 4 13  115
 4 13 16  11
 3 16 33  11
 0 53  45
 0 33  51
 0 14  121
 0 11  157
 33 87  11
 33 54  15
 33 50  11
 28 33  21
 20 33  53
 19 33  19
 16 28 33  5
 16 21 33  5
 16 19 33  3
 16 17 33  3
 14 33  47
 11 33  63
 9 33  67
 124  59
 90  271
 75 124  1
 75 91  1
 75 90  1
 75 87  1
 75 85  1
 70 75  1
 66 75  1
 65 75  1
 58 75  1
 57 75  3
 51 75  1
 50 75  1
 48 75  3
 46 75  1
 42 124  1
 42 91  1
 42 87  1
 42 85  1
 42 70  1
 42 66  1
 42 65  1
 42 58  19
 42 56  15
 42 53  5
 42 50  1
 42 48  7
 41 124  1
 41 91  1
 41 85  1
 41 70  1
 41 65  3
 41 53  23
 41 48  27
 41 46  15
 38 124  1
 38 91  1
 38 90  1
 38 87  1
 38 85  1
 38 70  1
 38 66  1
 38 65  1
 38 58  1
 38 57  3
 38 51  1
 38 50  1
 38 48  3
 38 46  5
 37 75  3
 37 41  21
 37 38  7
 36 124  1
 36 91  1
 36 90  1
 36 87  1
 36 85  1
 36 75  1
 36 70  1
 36 66  1
 36 65  1
 36 58  5
 36 56  7
 36 51  1
 36 50  1
 36 41  7
 36 38  1
 33 75  5
 33 41  13
 33 38  5
 32 75  1
 32 42  1
 32 41  25
 32 38  1
 32 36  1
 31 42  5
 31 41  7
 27 36  7
 26 42  17
 26 36  3
 25 36  21
 24 66  59
 24 66 75  1
 24 42  29
 24 42 66  1
 24 41  55
 24 41 66  1
 24 38 66  1
 24 36 66  1
 23 36  13
 22 75  7
 22 38  7
 22 36  13
 21 124  1
 21 91  1
 21 90  1
 21 85  1
 21 75  3
 21 70  1
 21 65  3
 21 57  9
 21 56  11
 21 54  15
 21 51  1
 21 48  31
 21 38  7
 21 36  5
 21 32  25
 21 24  39
 21 24 66  1
 21 22  33
 20 75  3
 20 38  3
 20 36  15
 19 75  9
 19 42  39
 19 38  9
 19 21  41
 18 36  7
 17 75  5
 17 38  5
 17 21  27
 16 124  13
 16 91  9
 16 85  9
 16 70  27
 16 65  21
 16 57  17
 16 31  41
 16 24 66  13
 15 75  9
 15 42  19
 15 38  9
 14 42  29
 14 41  53
 13 36  13
 12 42  25
 12 24  89
 12 24 75  1
 12 24 42  1
 12 24 41  1
 12 24 38  1
 12 24 36  1
 12 21  83
 12 21 24  1
 12 16 24  17
 11 75  7
 11 41  75
 11 38  7
 11 36  13
 9 124  1
 9 91  1
 9 90  7
 9 87  23
 9 85  1
 9 75  5
 9 70  1
 9 66  23
 9 65  5
 9 58  3
 9 56  37
 9 50  23
 9 46  49
 9 38  13
 9 32  49
 9 27  93
 9 24  63
 9 24 66  1
 9 22  83
 9 20  119
 9 18  69
 9 14  157
 9 13  131
 9 12  165
 9 12 24  1
 9 11  169
 8 124  1
 8 91  1
 8 90  7
 8 87  23
 8 85  1
 8 66  23
 8 65  5
 8 57  17
 8 36  19
 8 33  59
 8 32  53
 8 31  15
 8 24 66  1
 8 12 24  1
 7 124  5
 7 91  5
 7 90  17
 7 85  9
 7 70  5
 7 65  15
 7 57  41
 7 51  21
 7 48  47
 7 42  41
 7 41  51
 7 32  41
 7 24 75  1
 7 24 66  5
 7 24 42  1
 7 24 41  1
 7 24 38  1
 7 24 36  1
 7 21 24  1
 7 16 24  23
 7 13  139
 7 12  169
 7 12 24  5
 7 9  211
 7 9 24  1
 7 8 24  5
 6 42  45
 5 124  1
 5 91  1
 5 90  7
 5 87  1
 5 85  1
 5 70  1
 5 66  1
 5 65  1
 5 57  13
 5 54  9
 5 53  9
 5 51  7
 5 50  1
 5 48  11
 5 46  25
 5 32  1
 5 26  31
 5 24  17
 5 24 66  1
 5 22  41
 5 21  43
 5 19  37
 5 17  29
 5 13  43
 5 12 24  1
 5 7 24  1
 4 75  9
 4 57  27
 4 41  65
 4 38  17
 4 37  49
 4 36  47
 3 70  9
 3 57  37
 3 31  27
 2 124  1
 2 91  1
 2 87  23
 2 85  1
 2 70  1
 2 66  23
 2 65  5
 2 57  45
 2 50  23
 2 48  65
 2 46  45
 2 32  49
 2 24  109
 2 24 66  1
 2 18  97
 2 13  113
 2 12 24  1
 2 11  173
 2 7 24  5
 1 124  5
 1 91  5
 1 90  5
 1 85  13
 1 70  5
 1 65  11
 1 58  7
 1 57  33
 1 53  29
 1 51  9
 1 48  43
 1 46  35
 1 36  7
 1 32  37
 1 24 66  5
 1 18  109
 1 14  73
 1 12 24  5
 1 11  119
 1 7 24  5
 0 75  9
 0 42  151
 0 38  13
 0 36  23
 81  759
 37 81  13
 37 47  31
 37 44  15
 16 81  63
 16 22 37  9
 10 37  49
 4 81  43
 4 16 47  5
 4 10  177
 4 10 16  9
 0 10  159
 62 107  3
 62 73  3
 62 70  3
 62 68  3
 49 62  3
 48 62  3
 33 62  15
 31 62  3
 29 107  3
 29 73  3
 29 70  3
 29 68  3
 29 62  9
 29 49  3
 29 48  3
 29 33  15
 29 31  3
 28 107  7
 28 73  3
 28 70  3
 28 68  3
 28 48  9
 28 29  9
 25 107  3
 25 70  3
 25 68  3
 25 49  7
 25 48  5
 25 33  7
 23 107  3
 23 70  3
 23 68  3
 23 34  13
 16 34  77
 16 33 62  5
 16 29 33  5
 16 25 33  3
 8 107  3
 8 73  3
 8 68  3
 8 49  71
 8 16 33  13
 7 49 62  3
 7 29 49  3
 7 28 49  7
 7 25 49  3
 7 23 49  3
 7 8 49  3
 3 107  3
 3 73  3
 3 68  3
 3 16 36  13
 3 7 49  3
 88  113
 88 95  3
 83 95  3
 78 95  3
 64  125
 62 88  3
 62 83  3
 61 88  3
 61 83  3
 61 78  3
 58 88  3
 58 83  3
 58 78  3
 56 88  3
 56 83  3
 56 79  13
 56 78  13
 41 88  3
 41 83  17
 41 78  5
 40 95  3
 40 61  13
 40 58  7
 40 41  9
 37 79  75
 37 79 95  3
 37 62 79  3
 37 61 79  3
 37 58 79  3
 37 56 79  3
 37 41 79  3
 36 88  3
 36 83  3
 36 78  15
 36 40  7
 36 37 79  3
 34 95  3
 34 61  5
 34 56  7
 32 74  7
 30  199
 29 88  3
 29 83  3
 29 37 79  3
 28 88  3
 28 83  3
 28 37 79  3
 27 88  3
 27 83  3
 27 79  13
 27 37 79  3
 25 83  3
 25 37 95  3
 25 37 79  3
 25 37 62  3
 25 37 61  3
 25 37 58  3
 25 37 56  3
 25 37 41  3
 25 36 37  3
 25 29 37  3
 25 28 37  3
 25 27 37  3
 24 78  9
 24 61  9
 24 56  19
 24 40  89
 24 34  9
 22 88  3
 22 83  3
 22 37 79  3
 22 34  15
 22 25 37  3
 22 24  25
 21 88  3
 21 78  13
 21 37 79  3
 21 25 37  3
 20 61  17
 20 58  13
 20 37 95  3
 20 37 61  3
 20 37 58  3
 20 37 56  3
 20 37 41  3
 20 36 37  3
 20 32  7
 20 29 37  3
 20 28 37  3
 20 27 37  3
 20 25 37  3
 20 22 37  3
 20 21 37  3
 19 95  3
 19 88  3
 19 83  3
 19 79  13
 19 37 79  3
 19 34  9
 19 25 37  3
 19 20 37  3
 17 88  3
 17 83  3
 17 79  13
 17 78  13
 17 37 79  3
 17 34  11
 17 25 37  3
 17 24  19
 17 20 37  3
 16 37 95  7
 16 37 58  7
 16 37 56  7
 16 37 41  7
 16 36 37  7
 16 19 41  15
 16 19 21  5
 15 32  7
 13 98  5
 13 74  3
 13 73  3
 13 64  5
 13 61  25
 13 39  13
 13 32  33
 13 32 74  3
 13 30  5
 13 27  49
 13 24  39
 13 20 32  3
 13 19  41
 13 16 95  3
 13 16 61  7
 13 16 58  3
 13 16 41  7
 13 16 36  3
 13 16 27  11
 13 16 21  9
 13 16 19  7
 13 15  103
 13 15 32  3
 13 14  71
 10 13  53
 8 88  3
 8 37 79  3
 8 25 37  3
 7 88  3
 7 83  21
 7 78  11
 7 40  79
 7 37 79  3
 7 25 37  3
 7 20 37  3
 7 16 19  13
 7 13 16  15
 6 58  9
 6 24  115
 6 16 95  3
 6 16 61  7
 6 16 58  3
 6 16 56  3
 6 16 41  3
 6 16 36  3
 6 16 27  9
 6 16 22  7
 6 16 21  5
 6 16 19  5
 6 16 17  5
 6 7 16  11
 4 88  75
 4 88 95  3
 4 79 95  3
 4 62 88  3
 4 62 79  3
 4 61 88  3
 4 61 79  3
 4 58 88  3
 4 58 79  3
 4 56 88  3
 4 56 79  3
 4 41 88  3
 4 41 79  3
 4 40  31
 4 37 79  3
 4 36 88  3
 4 36 79  3
 4 34 95  3
 4 34 62  3
 4 34 61  3
 4 34 58  3
 4 34 56  3
 4 34 41  3
 4 34 36  3
 4 29 95  3
 4 29 88  3
 4 29 79  3
 4 29 62  3
 4 29 61  3
 4 29 58  3
 4 29 56  3
 4 29 41  3
 4 29 36  3
 4 29 34  3
 4 28 88  3
 4 28 79  3
 4 28 34  3
 4 28 29  3
 4 27 88  3
 4 27 79  3
 4 27 34  3
 4 27 29  3
 4 25 95  3
 4 25 88  3
 4 25 79  3
 4 25 62  3
 4 25 61  3
 4 25 58  3
 4 25 56  3
 4 25 41  3
 4 25 37  3
 4 25 36  3
 4 25 34  3
 4 25 28  3
 4 25 27  3
 4 22 88  3
 4 22 79  3
 4 22 34  3
 4 22 29  3
 4 22 25  3
 4 21 88  3
 4 21 79  3
 4 21 34  3
 4 21 29  3
 4 21 25  3
 4 20 95  3
 4 20 61  3
 4 20 58  3
 4 20 56  3
 4 20 41  3
 4 20 37  3
 4 20 36  3
 4 20 29  3
 4 20 28  3
 4 20 27  3
 4 20 25  3
 4 20 22  3
 4 20 21  3
 4 19 88  3
 4 19 79  3
 4 19 34  3
 4 19 29  3
 4 19 25  3
 4 19 20  3
 4 17 88  3
 4 17 79  3
 4 17 34  3
 4 17 29  3
 4 17 25  3
 4 17 20  3
 4 16 41  25
 4 16 37  7
 4 8 88  3
 4 8 79  3
 4 8 34  3
 4 8 29  3
 4 8 25  3
 4 7 88  3
 4 7 79  3
 4 7 34  3
 4 7 29  3
 4 7 25  3
 4 7 20  3
 4 6 16  3
 3 95  13
 3 88  3
 3 79 95  3
 3 62 79  3
 3 61 79  3
 3 58 79  3
 3 56 79  3
 3 41 79  3
 3 37 79  3
 3 36 79  3
 3 29 79  3
 3 28 79  3
 3 27 79  3
 3 25 95  3
 3 25 79  3
 3 25 62  3
 3 25 61  3
 3 25 58  3
 3 25 56  3
 3 25 41  3
 3 25 37  3
 3 25 36  3
 3 25 29  3
 3 25 28  3
 3 25 27  3
 3 22 79  3
 3 22 25  3
 3 21 79  3
 3 21 25  3
 3 20 95  3
 3 20 61  3
 3 20 58  3
 3 20 56  3
 3 20 36  3
 3 20 29  3
 3 20 28  3
 3 20 27  3
 3 20 25  3
 3 20 22  3
 3 19 79  3
 3 19 25  3
 3 19 20  3
 3 17 79  3
 3 17 25  3
 3 17 20  3
 3 16 95  9
 3 16 56  9
 3 8 79  3
 3 8 25  3
 3 7 79  3
 3 7 25  3
 3 4 88  3
 3 4 34  3
 3 4 29  3
 2 83  31
 2 79  25
 0 95  11
 0 79  77
 0 79 95  3
 0 62 79  3
 0 61 79  3
 0 58  35
 0 58 79  3
 0 56 79  3
 0 41 79  3
 0 36 79  3
 0 29 79  3
 0 28 79  3
 0 27 79  3
 0 25 95  3
 0 25 79  3
 0 25 62  3
 0 25 61  3
 0 25 58  3
 0 25 56  3
 0 25 41  3
 0 25 36  3
 0 25 29  3
 0 25 28  3
 0 25 27  3
 0 22 79  3
 0 22 25  3
 0 21 79  3
 0 21 25  3
 0 20 95  3
 0 20 61  3
 0 20 58  3
 0 20 56  3
 0 20 41  3
 0 20 36  3
 0 20 29  3
 0 20 28  3
 0 20 27  3
 0 20 25  3
 0 20 22  3
 0 20 21  3
 0 19 79  3
 0 19 25  3
 0 19 20  3
 0 17 79  3
 0 17 25  3
 0 17 20  3
 0 8 79  3
 0 8 25  3
 0 7 79  3
 0 7 25  3
 0 7 20  3
 0 4 79  3
 0 4 25  3
 0 4 20  3
 0 3 79  3
 0 3 25  3
 119  15
 92  45
 82  361
 71  159
 46 58  19
 24 46  39
 16 82  17
 16 60  13
 16 46 58  11
 16 41 58  11
 16 21 46  15
 16 19 46  13
 33 120  11
 33 83  11
 33 66  11
 33 49  29
 24 33  19
 20 33 62  11
 16 33 61  3
 16 27 33  5
 8 20 33  11
 7 16 33  9
 3 20 33  11
 8 92  3
 127  3
 61 103  3
 49 61  3
 44 61  5
 28 103  3
 27 103  3
 27 69  3
 27 49  7
 27 45  11
 24 103  3
 24 49  27
 24 44  11
 22 103  3
 22 44  27
 16 93  5
 10 16 27  7
 7 103  7
 7 45  55
 3 45 61  3
 3 28 45  3
 3 27 45  3
 3 24 45  7
 3 22 45  3
 3 7 45  11
 2 103  3
 2 49  75
 2 45  27
 2 3 45  3
 118  21
 108  29
 90 115  3
 82 90  3
 81 90  3
 78 93  3
 78 90  3
 76 90  3
 61 90  3
 60 78  5
 59 78  3
 57 115  3
 57 99  21
 57 90  3
 57 82  3
 57 81  5
 57 78  3
 57 76  3
 57 61  3
 56 115  9
 56 90  3
 56 82  9
 56 81  11
 56 76  9
 56 61  9
 54 78  3
 54 56  3
 53 115  3
 53 82  3
 53 81  3
 53 78  3
 53 76  3
 53 61  3
 53 57  3
 51 115  3
 51 82  3
 51 81  3
 51 78  3
 51 76  3
 51 61  3
 51 57  3
 51 56  3
 49 90  3
 49 80  31
 49 57  3
 49 56  9
 49 53  3
 49 51  3
 48 90  3
 48 57  5
 48 56  11
 48 53  3
 48 51  3
 47 115  5
 47 90  3
 47 82  5
 47 78  5
 47 76  5
 47 61  19
 47 56  15
 47 54  13
 47 53  21
 47 51  3
 47 48  29
 46 49  31
 46 47  31
 45 115  3
 45 93  3
 45 90  3
 45 82  3
 45 81  5
 45 78  3
 45 76  3
 45 60  5
 45 59  3
 45 57  27
 45 56  13
 45 54  3
 45 53  3
 45 51  3
 45 49  3
 45 48  5
 44 93  5
 44 60  9
 44 59  5
 44 56  21
 44 54  5
 44 47  21
 43 115  7
 43 82  7
 43 78  7
 43 76  7
 43 61  21
 43 57  13
 43 54  15
 43 48  33
 43 47  35
 43 45  13
 43 44  31
 42 93  3
 42 60  5
 42 59  3
 42 45  7
 41 49  31
 41 45  5
 40 57  43
 39 90  3
 39 78  3
 39 57  5
 39 56  13
 39 54  5
 39 51  3
 39 47  9
 39 44  7
 39 43  13
 39 42  7
 37 90  3
 37 57  3
 37 51  3
 37 45  3
 37 43  15
 36 115  5
 36 82  5
 36 81  5
 36 76  5
 36 61  5
 36 49  5
 36 45  5
 36 43  11
 35 49  29
 34 78  3
 34 45  3
 34 44  5
 34 42  3
 33 47  29
 31 115  3
 31 82  3
 31 81  3
 31 78  3
 31 76  3
 31 61  3
 31 57  3
 31 49  7
 31 48  7
 31 47  5
 31 45  3
 31 37  5
 28 90  3
 28 57  3
 28 56  9
 27 90  3
 27 57  7
 27 51  3
 27 47  39
 27 46  37
 27 43  49
 26 81  15
 26 78  5
 26 56  5
 26 53  23
 26 49  37
 26 45  5
 24 115  3
 24 108  21
 24 99  21
 24 93  3
 24 90  3
 24 82  3
 24 81  5
 24 76  3
 24 60  5
 24 59  3
 24 53  3
 24 51  3
 24 50  21
 24 48  5
 24 47  27
 24 31  3
 23 115  9
 23 99  21
 23 90  3
 23 82  9
 23 81  11
 23 61  9
 23 28  9
 22 115  11
 22 82  11
 22 81  11
 22 76  11
 22 61  11
 22 57  17
 22 56  29
 22 48  15
 22 47  31
 22 39  19
 21 81  19
 21 49  37
 21 44  31
 21 39  15
 20 115  5
 20 99  21
 20 82  5
 20 81  5
 20 80  53
 20 76  5
 20 57  5
 20 49  5
 20 48  5
 20 45  27
 20 44  11
 20 43  63
 19 90  3
 19 80  21
 19 57  13
 19 54  5
 19 51  3
 19 44  23
 19 26  25
 18 99  21
 18 90  3
 18 60  25
 18 57  11
 18 56  17
 18 53  3
 18 51  3
 18 47  31
 18 43  41
 18 40  83
 18 31  3
 18 24  11
 18 22  27
 18 20  5
 17 115  9
 17 90  3
 17 82  9
 17 81  11
 17 76  9
 17 61  9
 17 54  3
 17 51  3
 17 49  9
 17 48  11
 17 45  13
 17 44  21
 17 43  41
 17 39  13
 17 22  29
 17 18  17
 16 115  5
 15 90  9
 15 78  5
 15 57 90  3
 15 56 57  9
 15 53 57  3
 15 51  9
 15 51 57  3
 15 47  99
 15 47 57  5
 15 46  87
 15 45 57  3
 15 44  15
 15 43  109
 15 43 57  7
 15 36 57  5
 15 31 57  3
 15 24 57  3
 15 23 57  9
 15 22 57  11
 15 20 57  5
 15 17 57  9
 15 16 57  5
 14 93  3
 14 90  3
 14 81  25
 14 60  5
 14 59  5
 14 57  15
 14 56  143
 14 53  21
 14 51  3
 14 49  41
 14 47  57
 14 46  49
 14 45  15
 14 44  39
 14 43  67
 14 39  17
 14 34  7
 14 31  9
 14 27  51
 14 26  53
 14 22  51
 14 20  59
 14 15  121
 13 115  5
 13 93  3
 13 90  3
 13 82  5
 13 80  31
 13 76  5
 13 60  5
 13 59  5
 13 53  21
 13 51  3
 13 48  29
 13 34  7
 13 31  5
 13 22  33
 13 18  31
 13 17  31
 13 15 57  5
 12 93  5
 12 90  3
 12 81  21
 12 80  57
 12 60  7
 12 59  7
 12 57  11
 12 56  21
 12 53  21
 12 51  3
 12 49  37
 12 45  11
 12 44  31
 12 39  15
 12 35  55
 12 34  9
 12 31  13
 12 27  49
 12 22  47
 12 20  61
 12 15  111
 12 14  111
 12 13  97
 11 115  5
 11 93  5
 11 82  5
 11 81  9
 11 80  67
 11 78  5
 11 76  5
 11 61  5
 11 60  9
 11 59  5
 11 57  11
 11 54  9
 11 49  65
 11 48  9
 11 46  67
 11 45  5
 11 43  87
 11 35  63
 11 34  5
 11 20  67
 11 18  77
 11 15 57  5
 10 93  13
 10 81  25
 10 80  43
 10 60  25
 10 59  15
 10 49  39
 10 47  39
 10 44  33
 10 43  81
 10 42  45
 10 39  25
 10 36  31
 10 35  31
 10 34  17
 10 24  47
 10 21  93
 10 17  81
 10 15  135
 10 14  135
 10 11  155
 9 115  15
 9 93  5
 9 82  15
 9 81  41
 9 78  15
 9 76  15
 9 61  43
 9 60  9
 9 59  9
 9 49  73
 9 47  105
 9 45  21
 9 34  13
 9 15 57  15
 8 24 50  21
 7 120  15
 7 81  27
 7 20 62  15
 7 10  167
 7 8 20  15
 6 120  15
 6 87  15
 6 83  15
 6 81  39
 6 79  5
 6 78  21
 6 66  19
 6 53  37
 6 50  23
 6 49  73
 6 45  59
 6 33  17
 6 20 62  15
 6 18  131
 6 14  99
 6 8 20  15
 5 93  7
 5 78  7
 5 60  11
 5 59  7
 5 45  13
 5 44  17
 5 43  45
 5 42  7
 5 39  15
 5 34  9
 4 115  13
 4 82  13
 4 76  13
 4 45  25
 4 43  51
 4 15 57  13
 3 115  15
 3 99  41
 3 82  15
 3 15 90  3
 3 15 56  9
 3 15 53  3
 3 15 51  3
 3 15 47  5
 3 15 45  3
 3 15 43  7
 3 15 36  5
 3 15 31  3
 3 15 24  3
 3 15 23  9
 3 15 22  11
 3 15 20  5
 3 15 17  9
 3 13 15  5
 3 11 15  9
 3 9 15  15
 3 6 20  15
 3 4 15  13
 1 120  15
 1 83  15
 1 81  27
 1 79  5
 1 78  13
 1 49  61
 1 45  45
 1 20 62  15
 1 8 20  15
 1 3 20  15
 0 90  3
 0 57  13
 0 51  3
 0 45  15
 80 120  11
 80 83  11
 66 80  11
 47 120  11
 47 83  11
 47 66  11
 46 120  11
 46 83  11
 46 80  11
 46 66  11
 43 120  11
 43 83  11
 43 66  11
 43 46  15
 41 120  11
 26 120  11
 26 83  11
 26 66  11
 24 80  21
 21 120  11
 20 62 80  11
 20 47 62  11
 20 46 62  11
 20 43 62  11
 20 41 62  11
 20 26 62  11
 20 21 62  11
 16 61 80  3
 16 47 61  3
 16 46 61  3
 16 43 61  3
 16 41 61  3
 16 41 46  3
 16 27 80  5
 16 27 47  5
 16 27 46  5
 16 27 43  5
 16 27 41  5
 16 26 61  3
 16 26 27  5
 16 21 61  3
 16 21 27  5
 14 120  11
 14 83  11
 14 66  11
 14 20 62  11
 14 16 61  3
 14 16 27  5
 13 120  11
 13 83  11
 13 66  11
 13 20 62  11
 12 120  11
 12 83  11
 12 66  11
 12 20 62  11
 12 16 61  3
 12 16 41  9
 12 16 27  5
 12 16 21  11
 10 120  11
 10 83  11
 10 66  11
 10 20 62  11
 10 16 61  3
 8 20 80  11
 8 20 47  11
 8 20 46  11
 8 20 43  11
 8 20 41  11
 8 20 26  11
 8 20 21  11
 8 14 20  11
 8 13 20  11
 8 12 20  11
 8 10 20  11
 7 16 80  7
 7 16 61  3
 7 16 47  9
 7 16 46  9
 7 16 43  7
 7 16 27  5
 7 16 26  7
 7 14 16  11
 7 12 16  15
 7 10 16  11
 3 20 80  11
 3 20 47  11
 3 20 46  11
 3 20 43  11
 3 20 26  11
 3 14 20  11
 3 13 20  11
 3 12 20  11
 3 10 20  11
 2 80  21
 35 120  11
 35 87  11
 35 83  11
 35 81  11
 35 66  11
 35 50  11
 35 46  11
 35 44  13
 35 42  11
 33 35  11
 24 35  19
 20 35 62  11
 16 35 61  3
 16 27 35  5
 16 22 35  3
 16 21 35  3
 16 19 35  3
 16 17 35  3
 8 20 35  11
 7 16 35  7
 3 20 35  11
 1 16 61  3
 1 16 27  5
 1 16 22  3
 1 16 21  3
 1 16 19  3
 1 16 17  3
 1 7 16  7
 80 87  11
 54 80  11
 50 80  11
 47 87  11
 47 50  11
 46 87  11
 46 50  11
 43 87  11
 43 50  11
 33 80  11
 33 43  11
 26 87  11
 26 50  11
 26 33  19
 17 46  19
 16 33 41  3
 16 21 80  3
 16 21 47  5
 16 21 43  3
 16 21 26  3
 16 19 80  3
 16 19 47  3
 16 19 43  3
 16 19 26  3
 16 17 80  3
 16 17 47  3
 16 17 46  3
 16 17 43  3
 16 17 41  3
 16 17 26  3
 16 17 21  3
 14 87  11
 14 50  11
 14 16 41  5
 14 16 21  7
 14 16 19  3
 14 16 17  3
 13 87  11
 13 50  11
 13 47  11
 13 16 17  3
 12 87  11
 12 50  11
 12 16 19  3
 12 16 17  3
 10 87  11
 10 50  11
 10 16 21  7
 10 16 19  3
 10 16 17  3
 7 16 17  3
 0 80  27
 105  1
 4 80  17
 4 35  9
 80 81  13
 77  139
 56 80  3
 46 81  13
 44 80  17
 44 46  17
 42 80  13
 41 81  15
 41 80  3
 41 44  19
 41 42  17
 39 75  3
 39 46  5
 38 39  3
 14 16 56  3
 5 80  23
 5 75  5
 5 38  5
 80 95  1
 58 80  1
 47 95  1
 47 58  1
 46 95  1
 43 95  1
 43 58  1
 41 95  1
 36 80  1
 35 95  1
 35 58  1
 35 41  1
 35 36  1
 33 95  1
 33 58  5
 33 56  1
 26 95  1
 21 95  1
 16 80 95  1
 16 58 80  1
 16 56 80  1
 16 47 95  1
 16 47 58  1
 16 47 56  1
 16 46 95  1
 16 46 56  1
 16 43 95  1
 16 43 58  1
 16 43 56  1
 16 41 95  1
 16 41 80  1
 16 41 56  1
 16 41 47  3
 16 41 43  1
 16 36 80  1
 16 36 47  1
 16 36 46  1
 16 36 43  1
 16 36 41  1
 16 35 95  1
 16 35 58  1
 16 35 56  1
 16 35 41  1
 16 35 36  1
 16 33 95  1
 16 33 58  1
 16 33 56  1
 16 33 36  1
 16 26 95  1
 16 26 58  1
 16 26 56  1
 16 26 41  1
 16 26 36  1
 16 22 80  3
 16 22 47  3
 16 22 46  3
 16 22 43  3
 16 22 41  3
 16 22 33  3
 16 22 26  3
 16 21 95  1
 16 21 58  1
 16 21 56  1
 16 21 36  1
 16 21 22  3
 14 95  1
 14 58  1
 14 16 95  1
 14 16 58  1
 14 16 36  1
 14 16 22  3
 13 16 56  1
 13 16 22  3
 12 95  1
 12 58  1
 12 16 95  1
 12 16 58  1
 12 16 56  1
 12 16 36  1
 12 16 22  3
 10 95  1
 10 58  1
 10 16 95  1
 10 16 58  1
 10 16 56  1
 10 16 41  5
 10 16 36  1
 10 16 22  3
 7 95  1
 7 16 95  1
 7 16 58  1
 7 16 56  1
 7 16 36  1
 7 16 22  3
 4 16 80  1
 4 16 43  1
 4 16 35  1
 4 16 26  1
 1 95  1
 1 16 95  1
 1 16 58  1
 1 16 56  1
 1 16 41  1
 1 16 36  1
 1 4 16  1
 46 59  3
 33 44  13
 21 59  3
 33 81  11
 25 123  1
 25 90  1
 25 89  1
 25 84  1
 25 69  1
 25 65  1
 25 64  1
 25 52  3
 25 32  3
 23 25 65  1
 11 23 25  1
 6 23 25  1
 93 112  1
 79 93  1
 75 93  1
 73 93  1
 60 112  1
 60 79  1
 60 75  1
 60 73  1
 59 112  1
 59 79  1
 59 75  1
 59 73  1
 58 93  1
 58 60  1
 58 59  1
 56 112  1
 56 73  1
 56 58  1
 54 112  1
 54 93  1
 54 79  1
 54 73  1
 54 60  1
 54 59  1
 54 58  1
 53 93  1
 53 60  1
 53 59  1
 53 54  1
 46 93  1
 46 60  1
 39 112  1
 39 79  1
 39 73  1
 39 58  1
 38 93  1
 38 60  1
 38 59  1
 36 93  1
 36 60  1
 36 59  1
 34 112  1
 34 79  1
 34 75  1
 34 73  1
 34 54  3
 34 53  1
 34 46  5
 34 38  1
 27 112  1
 27 73  1
 27 58  1
 26 112  1
 26 79  1
 26 73  1
 25 125  1
 25 93  1
 25 92  1
 25 91  1
 25 71  1
 25 66  1
 25 60  1
 21 93  1
 21 60  1
 20 112  1
 20 79  1
 20 73  1
 20 53  1
 19 112  1
 19 73  1
 17 112  1
 17 73  1
 17 58  1
 15 112  1
 15 79  1
 15 73  1
 15 58  1
 12 54 93  1
 12 54 60  1
 12 54 59  1
 12 54 56  1
 12 39 54  1
 12 34 54  1
 12 27 54  1
 12 26 54  1
 12 20 54  1
 12 19 54  1
 12 17 54  1
 12 15 54  1
 6 112  1
 6 73  1
 6 12 54  1
 5 112  1
 5 79  1
 5 73  1
 5 12 54  1
 2 112  5
 2 73  1
 2 12 54  5
 1 112  1
 1 75  1
 1 73  1
 1 38  5
 1 12 54  1
 0 12 93  1
 0 12 60  1
 0 12 59  1
 0 12 56  1
 0 12 54  5
 0 12 39  1
 0 12 34  1
 0 12 27  1
 0 12 26  1
 0 12 20  1
 0 12 19  1
 0 12 17  1
 0 12 15  1
 0 6 12  1
 0 5 12  1
 0 2 12  5
 0 1 12  1
