  219
 113  1
 104  1
 103  1
 100  1
 98  1
 88  1
 87  1
 83  1
 80  1
 79  5
 78  1
 76  1
 74  1
 71  1
 70  1
 69  1
 67  1
 64  1
 63  1
 61  1
 53  1
 49  1
 48  1
 47  1
 46  3
 45  3
 43  1
 42  3
 41  3
 38  1
 37  5
 37 79  1
 36  1
 33  3
 29  5
 28  3
 26  5
 25 37  1
 24  3
 22  3
 21  5
 20 37  1
 18  1
 17  3
 16  5
 13  5
 13 55  1
 12  5
 11  5
 4  11
 4 88  1
 4 79  1
 4 46  1
 4 34  1
 4 29  1
 4 25  1
 4 20  1
 3  9
 3 79  1
 3 45  1
 3 25  1
 3 20  1
 1 13  1
 0  11
 0 79  1
 0 42  1
 0 25  1
 0 20  1
