  549
 117  1
 113  13
 112  1
 105  1
 104  1
 103  1
 101  1
 98  1
 97  1
 95  1
 93  1
 89  1
 88  1
 85  1
 84  1
 83  1
 79  5
 76  3
 75  1
 73  1
 72  1
 71 113  1
 70  1
 69  1
 68  5
 59  15
 59 71  1
 58  3
 56  1
 55  13
 55 71  1
 54  15
 54 71  1
 53  1
 51  1
 50  1
 49  1
 47  3
 46  5
 43  3
 42  3
 41  5
 38  25
 38 122  1
 38 113  1
 38 80  1
 38 68  1
 38 64  1
 38 63  1
 38 59  1
 38 55  1
 38 54  1
 37 113  1
 37 79  1
 37 59  1
 37 55  1
 37 54  1
 35  5
 34 113  1
 34 76  1
 34 59  1
 34 55  1
 34 54  1
 32 113  1
 32 74  1
 32 59  1
 32 55  1
 32 54  1
 29  11
 26 38  1
 25  13
 25 38  1
 25 37  1
 22  17
 22 38  3
 22 38 64  1
 22 34  1
 21 38  1
 20  9
 20 37  1
 20 32  1
 18  1
 17  17
 17 113  1
 17 55  1
 17 54  1
 17 34  1
 16  15
 16 71  1
 16 38  1
 16 37  1
 16 34  1
 16 32  1
 16 17  1
 15  5
 15 32  1
 14  7
 14 38  1
 13 55  13
 13 55 71  1
 13 38 55  1
 13 37 55  1
 13 34 55  1
 13 32 55  1
 13 17 55  1
 12  19
 12 113  1
 12 59  1
 12 55  1
 12 16  1
 12 13 55  1
 11  3
 10 38  1
 10 22 38  1
 9  15
 8  7
 7  11
 5 122  1
 5 113  1
 5 89  1
 5 80  1
 5 71  1
 5 68  1
 5 64  1
 5 63  1
 5 59  1
 5 55  1
 5 54  1
 5 47  1
 5 37  1
 5 35  1
 5 34  1
 5 32  1
 5 30  1
 5 26  1
 5 25  1
 5 22 64  1
 5 22 38  1
 5 21  1
 5 16  1
 5 14  1
 5 13 55  1
 5 12  1
 5 10  1
 5 10 22  1
 4  45
 4 122  1
 4 113  1
 4 88  1
 4 80  1
 4 79  1
 4 68  1
 4 64  1
 4 63  1
 4 59  1
 4 55  1
 4 54  1
 4 46  1
 4 38  1
 4 34  1
 4 29  1
 4 26  1
 4 22  3
 4 22 64  1
 4 21  1
 4 20  1
 4 16  1
 4 14  1
 4 13 55  1
 4 10  1
 4 10 22  1
 4 5  3
 4 5 22  1
 3  23
 3 113  1
 3 79  1
 3 59  1
 3 55  1
 3 54  1
 3 45  1
 3 25  1
 3 20  1
 3 16  1
 3 13 55  1
 3 5  1
 1  53
 1 122  1
 1 113  1
 1 85  1
 1 80  1
 1 76  1
 1 71  1
 1 68  1
 1 64  1
 1 63  1
 1 59  1
 1 55  1
 1 54  1
 1 43  1
 1 38  1
 1 37  1
 1 34  1
 1 32  1
 1 31  1
 1 25  1
 1 22 64  1
 1 21  1
 1 16  1
 1 14  1
 1 13 71  1
 1 13 55  1
 1 13 38  1
 1 13 37  1
 1 13 34  1
 1 13 32  1
 1 13 17  1
 1 12  1
 1 12 13  1
 1 10  1
 1 10 22  1
 1 5  3
 1 5 22  1
 1 5 13  1
 1 4 13  1
 1 3  1
 1 3 13  1
 0 79  1
 0 76  1
 0 25  1
 0 22  1
 0 20  1
 0 12  3
