step 1: load relation and remove duplicated ones
100 / 2543, # all_relations 1604
200 / 2543, # all_relations 2654
300 / 2543, # all_relations 3675
400 / 2543, # all_relations 4586
500 / 2543, # all_relations 5601
600 / 2543, # all_relations 6314
700 / 2543, # all_relations 7208
800 / 2543, # all_relations 8090
900 / 2543, # all_relations 8695
1000 / 2543, # all_relations 9298
1100 / 2543, # all_relations 9950
1200 / 2543, # all_relations 10588
1300 / 2543, # all_relations 11367
1400 / 2543, # all_relations 11751
1500 / 2543, # all_relations 12571
1600 / 2543, # all_relations 13249
1700 / 2543, # all_relations 13759
1800 / 2543, # all_relations 14466
1900 / 2543, # all_relations 15024
2000 / 2543, # all_relations 15462
2100 / 2543, # all_relations 16105
2200 / 2543, # all_relations 16513
2300 / 2543, # all_relations 17155
2400 / 2543, # all_relations 17715
2500 / 2543, # all_relations 18232
Got 18380 raw relations from 2543 files

step 2: remove cover ralations
100 / 18380, # sim_relations 0
200 / 18380, # sim_relations 24
300 / 18380, # sim_relations 24
400 / 18380, # sim_relations 53
500 / 18380, # sim_relations 53
600 / 18380, # sim_relations 61
700 / 18380, # sim_relations 131
800 / 18380, # sim_relations 134
900 / 18380, # sim_relations 155
1000 / 18380, # sim_relations 177
1100 / 18380, # sim_relations 179
1200 / 18380, # sim_relations 184
1300 / 18380, # sim_relations 187
1400 / 18380, # sim_relations 211
1500 / 18380, # sim_relations 215
1600 / 18380, # sim_relations 220
1700 / 18380, # sim_relations 251
1800 / 18380, # sim_relations 270
1900 / 18380, # sim_relations 270
2000 / 18380, # sim_relations 270
2100 / 18380, # sim_relations 296
2200 / 18380, # sim_relations 314
2300 / 18380, # sim_relations 318
2400 / 18380, # sim_relations 318
2500 / 18380, # sim_relations 322
2600 / 18380, # sim_relations 322
2700 / 18380, # sim_relations 322
2800 / 18380, # sim_relations 353
2900 / 18380, # sim_relations 353
3000 / 18380, # sim_relations 357
3100 / 18380, # sim_relations 371
3200 / 18380, # sim_relations 408
3300 / 18380, # sim_relations 416
3400 / 18380, # sim_relations 438
3500 / 18380, # sim_relations 440
3600 / 18380, # sim_relations 448
3700 / 18380, # sim_relations 448
3800 / 18380, # sim_relations 448
3900 / 18380, # sim_relations 483
4000 / 18380, # sim_relations 483
4100 / 18380, # sim_relations 503
4200 / 18380, # sim_relations 532
4300 / 18380, # sim_relations 567
4400 / 18380, # sim_relations 583
4500 / 18380, # sim_relations 602
4600 / 18380, # sim_relations 642
4700 / 18380, # sim_relations 653
4800 / 18380, # sim_relations 680
4900 / 18380, # sim_relations 681
5000 / 18380, # sim_relations 724
5100 / 18380, # sim_relations 740
5200 / 18380, # sim_relations 764
5300 / 18380, # sim_relations 806
5400 / 18380, # sim_relations 815
5500 / 18380, # sim_relations 852
5600 / 18380, # sim_relations 906
5700 / 18380, # sim_relations 934
5800 / 18380, # sim_relations 963
5900 / 18380, # sim_relations 963
6000 / 18380, # sim_relations 978
6100 / 18380, # sim_relations 979
6200 / 18380, # sim_relations 979
6300 / 18380, # sim_relations 983
6400 / 18380, # sim_relations 983
6500 / 18380, # sim_relations 983
6600 / 18380, # sim_relations 1036
6700 / 18380, # sim_relations 1049
6800 / 18380, # sim_relations 1058
6900 / 18380, # sim_relations 1063
7000 / 18380, # sim_relations 1063
7100 / 18380, # sim_relations 1110
7200 / 18380, # sim_relations 1110
7300 / 18380, # sim_relations 1110
7400 / 18380, # sim_relations 1142
7500 / 18380, # sim_relations 1183
7600 / 18380, # sim_relations 1183
7700 / 18380, # sim_relations 1227
7800 / 18380, # sim_relations 1261
7900 / 18380, # sim_relations 1300
8000 / 18380, # sim_relations 1331
8100 / 18380, # sim_relations 1334
8200 / 18380, # sim_relations 1334
8300 / 18380, # sim_relations 1334
8400 / 18380, # sim_relations 1354
8500 / 18380, # sim_relations 1371
8600 / 18380, # sim_relations 1423
8700 / 18380, # sim_relations 1423
8800 / 18380, # sim_relations 1460
8900 / 18380, # sim_relations 1473
9000 / 18380, # sim_relations 1482
9100 / 18380, # sim_relations 1485
9200 / 18380, # sim_relations 1531
9300 / 18380, # sim_relations 1535
9400 / 18380, # sim_relations 1538
9500 / 18380, # sim_relations 1572
9600 / 18380, # sim_relations 1579
9700 / 18380, # sim_relations 1585
9800 / 18380, # sim_relations 1609
9900 / 18380, # sim_relations 1634
10000 / 18380, # sim_relations 1636
10100 / 18380, # sim_relations 1638
10200 / 18380, # sim_relations 1643
10300 / 18380, # sim_relations 1644
10400 / 18380, # sim_relations 1671
10500 / 18380, # sim_relations 1671
10600 / 18380, # sim_relations 1671
10700 / 18380, # sim_relations 1686
10800 / 18380, # sim_relations 1716
10900 / 18380, # sim_relations 1724
11000 / 18380, # sim_relations 1747
11100 / 18380, # sim_relations 1747
11200 / 18380, # sim_relations 1747
11300 / 18380, # sim_relations 1758
11400 / 18380, # sim_relations 1781
11500 / 18380, # sim_relations 1813
11600 / 18380, # sim_relations 1813
11700 / 18380, # sim_relations 1834
11800 / 18380, # sim_relations 1876
11900 / 18380, # sim_relations 1886
12000 / 18380, # sim_relations 1913
12100 / 18380, # sim_relations 1919
12200 / 18380, # sim_relations 1946
12300 / 18380, # sim_relations 1962
12400 / 18380, # sim_relations 1983
12500 / 18380, # sim_relations 2011
12600 / 18380, # sim_relations 2043
12700 / 18380, # sim_relations 2101
12800 / 18380, # sim_relations 2108
12900 / 18380, # sim_relations 2108
13000 / 18380, # sim_relations 2108
13100 / 18380, # sim_relations 2120
13200 / 18380, # sim_relations 2121
13300 / 18380, # sim_relations 2165
13400 / 18380, # sim_relations 2229
13500 / 18380, # sim_relations 2243
13600 / 18380, # sim_relations 2261
13700 / 18380, # sim_relations 2287
13800 / 18380, # sim_relations 2287
13900 / 18380, # sim_relations 2287
14000 / 18380, # sim_relations 2287
14100 / 18380, # sim_relations 2287
14200 / 18380, # sim_relations 2315
14300 / 18380, # sim_relations 2320
14400 / 18380, # sim_relations 2320
14500 / 18380, # sim_relations 2327
14600 / 18380, # sim_relations 2387
14700 / 18380, # sim_relations 2397
14800 / 18380, # sim_relations 2409
14900 / 18380, # sim_relations 2437
15000 / 18380, # sim_relations 2437
15100 / 18380, # sim_relations 2462
15200 / 18380, # sim_relations 2507
15300 / 18380, # sim_relations 2553
15400 / 18380, # sim_relations 2553
15500 / 18380, # sim_relations 2586
15600 / 18380, # sim_relations 2593
15700 / 18380, # sim_relations 2639
15800 / 18380, # sim_relations 2669
15900 / 18380, # sim_relations 2698
16000 / 18380, # sim_relations 2712
16100 / 18380, # sim_relations 2744
16200 / 18380, # sim_relations 2789
16300 / 18380, # sim_relations 2817
16400 / 18380, # sim_relations 2829
16500 / 18380, # sim_relations 2846
16600 / 18380, # sim_relations 2862
16700 / 18380, # sim_relations 2893
16800 / 18380, # sim_relations 2917
16900 / 18380, # sim_relations 2917
17000 / 18380, # sim_relations 2947
17100 / 18380, # sim_relations 2973
17200 / 18380, # sim_relations 3046
17300 / 18380, # sim_relations 3069
17400 / 18380, # sim_relations 3118
17500 / 18380, # sim_relations 3118
17600 / 18380, # sim_relations 3121
17700 / 18380, # sim_relations 3137
17800 / 18380, # sim_relations 3163
17900 / 18380, # sim_relations 3193
18000 / 18380, # sim_relations 3226
18100 / 18380, # sim_relations 3226
18200 / 18380, # sim_relations 3271
18300 / 18380, # sim_relations 3329
Got 3371 simplified relations from 18380 raw relations

step 3: merge ralations
100 / 3371, new_relations 5
200 / 3371, new_relations 14
300 / 3371, new_relations 20
400 / 3371, new_relations 28
500 / 3371, new_relations 34
600 / 3371, new_relations 44
700 / 3371, new_relations 51
800 / 3371, new_relations 56
900 / 3371, new_relations 62
1000 / 3371, new_relations 70
1100 / 3371, new_relations 78
1200 / 3371, new_relations 82
1300 / 3371, new_relations 88
1400 / 3371, new_relations 94
1500 / 3371, new_relations 99
1600 / 3371, new_relations 108
1700 / 3371, new_relations 120
1800 / 3371, new_relations 127
1900 / 3371, new_relations 131
2000 / 3371, new_relations 137
2100 / 3371, new_relations 142
2200 / 3371, new_relations 150
2300 / 3371, new_relations 157
2400 / 3371, new_relations 166
2500 / 3371, new_relations 172
2600 / 3371, new_relations 178
2700 / 3371, new_relations 183
2800 / 3371, new_relations 188
2900 / 3371, new_relations 195
3000 / 3371, new_relations 200
3100 / 3371, new_relations 204
3200 / 3371, new_relations 211
3300 / 3371, new_relations 215
================================================================
1 : ('001 10', [10])
2 : ('001 11', [11])
3 : ('001 27', [27])
4 : ('003 2 3 36', [36, 3, 2])
5 : ('005 10 12 15 16 49', [49, 16, 15, 12])
6 : ('005 11 13 16 17 50', [50, 17, 16, 13])
7 : ('005 14 16 19 20 53', [53, 20, 19, 16, 14])
8 : ('005 6 8 11 12 45', [45, 12, 8, 6])
9 : ('005 9 11 14 15 48', [48, 15, 14, 9])
10 : ('006 0 4 6 9 10 43', [43, 9, 6, 4, 0])
11 : ('006 1 16 18 21 22 55', [55, 22, 21, 18, 16, 1])
12 : ('006 4 19 21 24 25 58', [58, 25, 24, 21, 19, 4])
13 : ('007 0 5 20 22 25 26 59', [59, 26, 25, 22, 20, 5, 0])
14 : ('007 1 6 21 23 26 27 60', [60, 26, 23, 21, 6, 1])
15 : ('007 5 10 25 27 30 31 64', [64, 31, 30, 25, 5])
16 : ('008 2 3 13 15 18 19 36 52', [52, 19, 18, 15, 13])
17 : ('008 2 3 5 7 10 11 36 44', [44, 7, 5])
18 : ('008 6 8 10 14 16 19 20 53', [8, 6])
19 : ('009 0 1 8 13 28 30 33 34 67', [67, 34, 33, 30, 28, 13, 8, 1, 0])
20 : ('010 3 8 15 17 19 23 25 28 29 62', [62, 29, 28, 25, 23, 19, 17, 15, 8, 3])
21 : ('011 0 4 11 16 23 25 27 31 33 37 70', [70, 37, 33, 31, 25, 23, 16, 4, 0])
22 : ('011 1 3 4 5 12 17 32 34 37 38 71', [71, 38, 37, 34, 32, 17, 12, 5, 4, 3, 1])
23 : ('011 2 4 5 6 13 18 33 35 38 39 72', [72, 39, 38, 35, 33, 18, 13, 6, 5, 4, 2])
24 : ('013 1 2 3 10 15 22 24 26 30 32 35 36 69', [69, 35, 32, 30, 26, 24, 22, 15, 1])
25 : ('014 0 2 3 6 8 9 10 17 22 37 39 42 43 76', [76, 43, 42, 39, 37, 22, 17, 9, 8, 6, 3, 2, 0])
26 : ('014 1 3 4 5 12 17 24 26 28 32 34 37 38 71', [28, 26, 24])
27 : ('014 1 3 4 7 13 15 32 34 37 38 44 49 50 71', [71, 50, 49, 44, 38, 37, 34, 32, 15, 13, 7, 4, 3, 1])
28 : ('014 1 3 4 7 9 10 11 18 23 38 40 43 44 77', [77, 44, 43, 40, 38, 23, 18, 9, 7, 4, 3, 1])
29 : ('015 1 3 5 6 9 11 12 13 20 25 40 42 45 46 79', [79, 46, 45, 42, 40, 25, 20, 13, 12, 9, 6, 5, 3, 1])
30 : ('015 3 5 7 8 11 13 14 15 22 27 42 44 47 48 81', [81, 48, 47, 44, 42, 22, 15, 14, 13, 8, 7, 5, 3])
31 : ('015 6 8 10 11 14 16 17 18 25 30 45 47 50 51 84', [84, 51, 50, 47, 45, 30, 25, 18, 17, 16, 14, 8, 6])
32 : ('015 7 9 11 12 15 17 18 19 26 31 46 48 51 52 85', [85, 52, 51, 48, 46, 31, 26, 19, 18, 17, 15, 12, 9, 7])
33 : ('016 1 2 5 7 8 9 16 21 28 30 32 36 38 41 42 75', [75, 42, 41, 38, 36, 32, 30, 28, 21, 16, 9, 8, 7, 5, 2, 1])
34 : ('017 0 3 5 6 9 11 12 13 20 25 32 34 40 42 45 46 79', [79, 46, 45, 42, 40, 34, 32, 25, 20, 13, 12, 9, 6, 5, 3, 0])
35 : ('017 1 4 5 8 10 11 12 19 24 31 33 35 39 41 44 45 78', [78, 45, 44, 41, 39, 35, 33, 31, 24, 19, 12, 8, 5, 4, 1])
36 : ('017 2 3 12 14 16 17 20 22 23 24 31 36 51 53 56 57 90', [90, 57, 56, 53, 51, 31, 24, 23, 22, 20, 17, 16, 14, 12])
37 : ('018 0 2 6 9 10 15 19 22 23 25 28 29 37 39 42 43 62 76', [76, 62, 43, 42, 39, 37, 29, 28, 25, 23, 22, 19, 15, 9, 6, 2, 0])
38 : ('018 0 3 4 13 15 17 18 21 23 24 25 32 37 52 54 57 58 91', [91, 58, 57, 54, 52, 37, 32, 25, 24, 23, 21, 18, 17, 15, 13, 4, 3, 0])
39 : ('018 1 5 8 10 11 12 19 21 25 31 33 35 39 41 44 45 58 78', [78, 58, 45, 44, 41, 39, 35, 33, 31, 25, 21, 19, 12, 8, 5, 1])
40 : ('019 0 1 4 5 14 16 18 19 22 24 25 26 33 38 53 55 58 59 92', [92, 38, 33])
41 : ('019 0 1 6 8 9 15 17 24 26 30 32 35 36 37 39 42 43 69 76', [76, 69, 43, 42, 39, 37, 36, 35, 32, 30, 26, 24, 17, 15, 9, 8, 6, 1, 0])
42 : ('019 1 2 5 6 15 17 19 20 23 25 26 27 34 39 54 56 59 60 93', [93, 60, 59, 56, 54, 39, 34, 26, 25, 23, 20, 19, 17, 15, 6, 5, 2, 1])
43 : ('019 4 6 8 11 12 15 17 18 19 26 31 38 40 42 46 48 51 52 85', [85, 52, 51, 48, 46, 42, 40, 38, 31, 26, 19, 18, 17, 15, 12, 8, 6, 4])
44 : ('020 1 2 7 9 11 14 15 18 20 21 22 34 41 43 45 49 51 54 55 88', [88, 55, 54, 51, 49, 45, 43, 41, 34, 22, 21, 20, 18, 15, 14, 9, 7, 2, 1])
45 : ('021 0 2 5 6 7 9 10 11 13 14 15 17 27 37 39 43 44 47 48 76 81', [81, 76, 47, 44, 43, 39, 37, 17, 13, 7, 6, 5, 2, 0])
46 : ('021 1 2 7 9 11 14 15 18 20 21 22 29 34 41 43 45 49 51 54 55 88', [29])
47 : ('021 5 6 11 13 15 18 19 22 24 25 26 33 38 45 47 49 53 55 58 59 92', [92, 59, 58, 55, 53, 49, 47, 45, 38, 33, 26, 25, 24, 22, 19, 18, 15, 13, 6, 5])
48 : ('021 6 7 12 14 16 19 20 23 25 26 27 34 39 46 48 50 54 56 59 60 93', [93, 60, 59, 56, 54, 50, 48, 46, 39, 34, 26, 25, 23, 20, 19, 16, 14, 12, 7, 6])
49 : ('022 0 1 6 7 12 14 16 19 20 23 25 26 27 39 46 48 50 54 56 59 60 93', [93, 60, 59, 56, 54, 50, 48, 46, 39, 26, 25, 23, 20, 19, 16, 14, 12, 7, 6, 1, 0])
50 : ('023 1 2 3 5 11 14 18 19 22 23 24 26 27 31 36 37 38 53 55 58 59 70 92', [92, 70, 59, 58, 55, 53, 38, 37, 31, 26, 24, 23, 22, 19, 18, 14, 5, 1])
51 : ('023 2 4 5 6 9 12 13 16 20 23 27 31 32 33 34 36 37 40 42 45 46 70 79', [79, 70, 46, 45, 42, 40, 37, 36, 34, 33, 32, 31, 23, 20, 16, 13, 12, 9, 6, 5, 4, 2])
52 : ('024 1 2 4 6 7 8 10 13 15 16 22 24 28 31 35 36 45 46 50 65 67 69 70 104', [104, 70, 69, 67, 65, 50, 45, 36, 35, 31, 28, 24, 22, 16, 15, 13, 8, 7, 6, 2, 1])
53 : ('024 1 3 4 6 7 8 9 11 12 15 20 21 30 35 37 40 41 42 50 54 69 74 75 108', [108, 75, 74, 69, 54, 42, 41, 40, 37, 35, 30, 21, 20, 15, 12, 9, 7, 6, 4, 3, 1])
54 : ('025 0 1 2 3 4 5 6 9 11 12 17 19 22 24 31 33 35 37 41 42 43 44 45 76 78', [45, 12])
55 : ('025 0 1 2 3 4 8 9 12 13 22 24 26 27 30 32 33 34 41 42 46 61 63 66 67 100', [100, 67, 66, 63, 61, 46, 41, 34, 33, 32, 30, 26, 24, 22, 13, 12, 9, 8, 4, 3, 2, 1])
56 : ('025 0 1 3 5 6 9 10 11 12 13 15 20 22 24 25 26 30 34 35 40 42 45 46 69 79', [69, 35, 34, 30, 26, 24, 22, 15, 0])
57 : ('025 0 8 10 11 12 14 16 18 19 22 25 26 31 35 38 39 41 44 45 53 55 58 59 78 92', [92, 78, 59, 58, 55, 53, 44, 41, 39, 38, 35, 31, 26, 25, 22, 19, 18, 16, 14, 8, 0])
58 : ('026 2 4 6 8 15 16 21 23 25 28 29 32 34 35 36 43 44 48 55 57 59 63 65 68 69 102', [102, 69, 68, 65, 63, 59, 57, 55, 48, 43, 36, 35, 34, 32, 29, 28, 25, 23, 21, 16, 15, 8, 6, 4])
59 : ('026 3 4 6 7 8 9 11 12 15 16 18 20 22 30 35 37 40 41 42 50 54 55 69 74 75 108', [108, 75, 74, 69, 55, 54, 42, 41, 40, 37, 35, 30, 22, 20, 18, 16, 15, 12, 9, 7, 6, 4, 3])
60 : ('026 3 8 9 10 11 12 13 14 15 18 19 33 35 37 38 41 43 44 45 52 53 72 74 77 78 111', [111, 78, 77, 74, 72, 52, 45, 44, 43, 41, 38, 37, 35, 33, 19, 18, 15, 14, 13, 12, 9, 8, 3])
61 : ('027 0 1 2 3 4 5 6 10 11 14 15 24 26 28 29 32 34 35 36 43 44 48 63 65 68 69 102', [102, 69, 68, 65, 63, 35, 34, 32, 29, 28, 26, 24, 5, 1])
62 : ('028 0 1 4 6 8 10 17 18 23 25 27 30 31 34 36 37 38 45 46 50 57 59 61 65 67 70 71 104', [104, 71, 70, 67, 65, 61, 59, 57, 50, 45, 38, 37, 36, 34, 31, 30, 25, 23, 18, 17, 8, 6, 1, 0])
63 : ('028 0 2 3 4 6 7 8 9 10 11 12 13 16 17 21 22 32 34 36 37 39 41 42 43 50 71 75 76', [75, 71, 41, 34, 32, 21, 12, 7])
64 : ('028 0 2 5 6 7 8 10 14 18 19 20 22 23 25 37 43 44 45 46 51 52 56 71 73 76 77 79 110', [110, 79, 77, 76, 73, 71, 56, 51, 46, 45, 44, 43, 37, 25, 23, 22, 20, 19, 18, 14, 8, 7, 6, 5, 2, 0])
65 : ('028 1 3 6 15 16 17 18 19 21 25 27 30 31 40 42 44 45 48 50 51 52 60 64 79 81 84 85 118', [118, 85, 84, 81, 79, 64, 52, 51, 50, 48, 45, 44, 42, 40, 31, 30, 25, 21, 19, 17, 16, 15, 3])
66 : ('028 2 3 4 5 6 7 8 9 13 14 17 18 27 29 31 32 35 37 38 39 46 47 51 66 68 71 72 105', [105, 72, 71, 68, 66, 51, 46, 39, 38, 37, 35, 32, 31, 29, 18, 17, 14, 13, 9, 8, 7, 6, 4, 3, 2])
67 : ('028 2 3 4 5 6 9 11 12 15 17 18 20 21 23 24 34 36 37 40 42 45 46 52 54 57 58 79 91', [91, 79, 58, 57, 54, 52, 46, 45, 42, 40, 37, 34, 24, 23, 21, 20, 18, 17, 15, 12, 9, 6, 5, 4])
68 : ('028 6 7 8 9 10 11 12 13 17 18 21 22 31 33 35 36 39 41 42 43 50 51 55 70 72 75 76 109', [109, 76, 75, 72, 70, 55, 50, 43, 42, 41, 39, 36, 35, 33, 31, 22, 21, 18, 17, 13, 12, 8, 7, 6])
69 : ('028 7 8 9 10 11 12 13 14 18 19 22 23 32 34 36 37 40 42 43 44 51 52 56 71 73 76 77 110', [110, 77, 76, 73, 71, 56, 51, 44, 43, 42, 40, 37, 36, 34, 32, 23, 22, 19, 18, 14, 13, 12, 9, 8, 7])
70 : ('028 8 9 10 11 12 13 14 15 19 20 23 24 33 35 37 38 41 43 44 45 52 53 57 72 74 77 78 111', [111, 78, 77, 74, 72, 57, 52, 44, 43, 41, 38, 37, 35, 33, 24, 23, 20, 19, 15, 14, 13, 9, 8])
71 : ('029 0 1 2 3 6 7 8 9 11 13 15 16 21 22 23 35 38 39 43 50 51 55 62 64 66 70 72 76 109', [109, 76, 72, 70, 66, 64, 62, 55, 50, 43, 39, 38, 35, 23, 22, 21, 16, 15, 13, 8, 7, 6, 3, 2, 1, 0])
72 : ('029 1 2 3 4 5 6 8 9 10 14 16 17 18 19 24 25 26 33 37 38 39 42 43 53 55 58 59 76 92', [4])
73 : ('029 3 4 7 8 10 13 15 18 21 22 25 26 27 28 29 33 37 47 49 51 54 55 59 66 67 86 88 92 125', [125, 92, 88, 86, 66, 59, 55, 54, 51, 49, 47, 37, 33, 29, 28, 26, 22, 21, 18, 15, 7, 4, 3])
74 : ('030 0 1 3 6 10 15 16 17 18 19 20 21 22 25 26 40 42 44 45 48 50 51 52 59 60 79 81 84 85 118', [118, 85, 84, 81, 79, 59, 52, 51, 50, 48, 45, 44, 42, 40, 26, 25, 22, 21, 20, 19, 17, 16, 15, 3, 0])
75 : ('030 0 3 5 6 9 11 13 15 22 23 28 30 32 35 36 39 41 42 43 50 51 55 62 64 66 70 72 75 76 109', [109, 76, 75, 72, 70, 66, 64, 62, 55, 50, 43, 42, 41, 39, 36, 35, 32, 30, 28, 23, 22, 15, 13, 6, 5, 3, 0])
76 : ('030 1 2 11 12 13 14 15 16 17 18 22 23 26 27 36 38 40 41 44 46 47 48 55 56 60 75 77 80 81 114', [114, 81, 80, 77, 75, 60, 55, 48, 47, 46, 44, 41, 40, 38, 36, 26, 23, 22, 18, 17, 16, 15, 13, 12, 1])
77 : ('030 1 2 3 4 5 6 8 9 10 11 13 14 18 19 24 25 26 33 37 38 39 42 43 50 53 55 58 59 76 92', [92, 76, 59, 58, 55, 53, 50, 43, 42, 39, 38, 37, 33, 26, 25, 24, 19, 18, 14, 13, 9, 8, 6, 5, 4, 3, 2, 1])
78 : ('031 0 7 8 10 13 17 22 23 24 25 26 27 28 29 32 33 47 49 51 52 55 57 58 59 66 67 86 88 91 92 125', [125, 92, 91, 88, 86, 66, 59, 58, 57, 55, 52, 51, 49, 47, 33, 32, 29, 28, 26, 24, 23, 22, 17, 7, 0])
79 : ('031 1 2 5 7 8 11 13 15 17 24 25 30 32 34 37 38 41 43 44 45 52 53 57 64 66 68 72 74 77 78 111', [111, 78, 77, 74, 72, 68, 66, 64, 57, 52, 45, 44, 43, 41, 38, 37, 34, 32, 30, 25, 24, 17, 15, 13, 8, 7, 5, 2, 1])
80 : ('032 0 2 4 5 6 8 9 11 12 13 16 17 18 19 20 25 27 32 34 36 40 42 43 45 46 47 49 50 52 53 79 86', [86, 53, 47])
81 : ('033 0 1 2 9 10 12 15 19 24 25 26 27 28 29 30 31 34 35 49 51 53 54 57 59 60 61 68 69 88 90 93 94 127', [127, 94, 93, 90, 88, 68, 61, 60, 59, 57, 54, 53, 51, 49, 35, 34, 31, 30, 29, 28, 26, 25, 24, 19, 12, 9, 2, 1, 0])
82 : ('033 1 2 4 6 7 16 17 18 19 20 21 22 23 27 28 31 32 41 43 45 46 49 51 52 53 60 61 65 80 82 85 86 119', [119, 86, 85, 82, 80, 65, 60, 53, 52, 51, 49, 46, 45, 43, 41, 32, 31, 28, 23, 22, 21, 20, 18, 17, 16, 6, 4, 1])
83 : ('033 2 3 6 8 9 10 13 15 18 27 28 29 30 31 33 37 39 42 43 52 54 56 57 60 62 63 64 72 76 91 93 96 97', [97, 96, 93, 91, 76, 64, 63, 62, 60, 57, 56, 54, 52, 43, 42, 39, 37, 33, 31, 29, 28, 15, 9, 8, 6, 3, 2])
84 : ('033 4 6 7 8 10 12 13 16 17 18 19 20 22 23 24 25 26 28 29 33 43 51 53 55 57 58 59 66 67 88 91 92 125', [125, 92, 91, 88, 66, 59, 58, 57, 55, 53, 51, 43, 33, 29, 28, 26, 24, 23, 22, 20, 19, 18, 17, 16, 12, 7, 4])
85 : ('034 0 1 2 3 7 8 13 15 17 23 25 27 28 29 30 33 35 36 47 49 51 52 55 57 58 59 66 67 69 86 88 91 92 125', [125, 92, 91, 88, 86, 69, 66, 59, 58, 57, 55, 52, 51, 49, 47, 35, 33, 30, 29, 28, 23, 17, 15, 7, 1, 0])
86 : ('034 1 2 4 5 8 9 11 13 15 16 17 18 20 23 27 30 31 32 37 38 40 42 46 49 50 57 59 61 65 67 70 71 79 104', [104, 79, 71, 70, 67, 65, 61, 59, 57, 49, 42, 40, 38, 37, 32, 31, 30, 23, 20, 18, 15, 9, 8, 5, 2, 1])
87 : ('034 1 2 4 6 7 8 9 11 14 16 18 20 22 23 25 28 32 35 36 41 44 45 48 49 51 54 57 59 63 65 68 69 88 102', [102, 88, 69, 68, 65, 63, 59, 57, 54, 51, 41, 36, 35, 32, 28, 25, 23, 22, 20, 18, 7, 4, 1])
88 : ('034 1 5 7 8 10 12 13 15 17 18 21 22 25 26 27 28 29 32 33 34 38 47 49 51 54 55 59 66 67 71 86 88 92 125', [125, 92, 88, 86, 71, 66, 59, 54, 51, 47, 38, 34, 33, 32, 29, 28, 26, 17, 7, 5])
89 : ('035 0 1 2 3 4 5 6 7 8 9 10 11 12 13 17 20 22 26 28 30 33 34 37 38 39 42 43 45 46 50 65 67 71 76 104', [104, 71, 65, 50, 38, 26, 7, 5])
90 : ('036 0 2 3 4 5 6 7 8 9 10 11 12 13 14 17 19 20 21 22 25 26 32 34 36 37 39 40 41 42 43 45 46 47 76 79 80', [80, 47, 41, 26, 21, 19, 14, 7])
91 : ('036 1 2 3 5 6 8 10 11 20 21 22 23 24 25 26 27 31 32 35 36 45 47 49 50 53 55 56 57 64 65 69 84 86 89 90 123', [123, 90, 89, 86, 84, 69, 64, 57, 56, 55, 53, 50, 49, 47, 45, 35, 32, 31, 26, 25, 24, 22, 21, 20, 8, 5, 1])
92 : ('036 1 2 4 6 8 9 10 12 13 14 15 18 25 26 31 33 38 39 40 41 42 43 44 46 47 48 55 56 60 70 75 76 77 80 81 114', [114, 81, 80, 77, 76, 75, 70, 60, 55, 47, 46, 44, 43, 42, 41, 40, 39, 38, 33, 31, 26, 25, 18, 13, 12, 8, 6, 4, 1])
93 : ('036 1 2 5 6 8 9 10 15 16 18 19 20 21 26 27 30 31 37 39 40 43 44 45 48 50 51 52 59 60 64 76 79 81 84 85 118', [118, 85, 84, 81, 79, 76, 64, 59, 52, 51, 50, 48, 45, 44, 43, 40, 39, 37, 31, 30, 26, 21, 20, 19, 16, 15, 9, 5, 2])
94 : ('036 2 3 4 7 8 10 11 13 16 17 22 24 25 26 28 29 31 32 36 37 47 49 51 52 55 57 58 59 66 67 70 86 88 91 92 125', [125, 92, 91, 88, 86, 70, 66, 59, 58, 57, 55, 52, 51, 49, 47, 37, 32, 31, 29, 28, 26, 24, 22, 17, 16, 7, 4])
95 : ('036 3 4 5 6 8 10 11 14 16 17 20 22 24 26 33 34 39 41 43 46 47 50 52 53 54 61 62 66 73 75 77 81 83 86 87 120', [120, 87, 86, 83, 81, 77, 75, 73, 66, 61, 54, 53, 52, 50, 47, 46, 43, 41, 39, 34, 33, 26, 24, 22, 17, 16, 14, 5, 4])
96 : ('037 0 1 4 5 6 14 17 18 22 25 27 29 31 36 39 40 41 42 43 45 47 48 49 52 58 59 60 63 64 78 79 80 81 83 85 117 118', [118, 117, 85, 83, 81, 80, 79, 78, 64, 63, 58, 52, 49, 48, 47, 45, 43, 42, 41, 40, 39, 36, 31, 29, 25, 22, 14, 4])
97 : ('037 0 1 4 5 6 8 9 10 14 17 18 25 27 29 31 37 40 41 45 47 48 49 52 58 59 60 63 64 76 78 79 80 81 83 85 117 118', [118, 117, 85, 83, 81, 80, 79, 78, 76, 64, 63, 58, 52, 49, 48, 47, 45, 41, 40, 37, 31, 29, 25, 14, 9, 8, 4])
98 : ('037 0 2 4 5 6 8 9 10 14 15 18 23 26 27 32 34 36 39 40 41 42 43 44 46 47 48 50 55 56 60 71 75 76 77 80 81 114', [114, 81, 80, 77, 76, 75, 71, 60, 55, 50, 47, 46, 44, 42, 41, 40, 39, 36, 34, 32, 26, 23, 18, 8, 5])
99 : ('038 0 1 3 4 5 7 8 10 12 13 22 23 24 25 26 27 28 29 33 34 37 38 47 49 51 52 55 57 58 59 66 67 71 86 88 91 92 125', [125, 92, 91, 88, 86, 71, 66, 59, 58, 57, 55, 52, 51, 49, 47, 38, 37, 34, 33, 29, 28, 26, 24, 23, 22, 12, 7, 5, 4, 3, 1, 0])
100 : ('038 0 1 4 5 7 8 9 16 17 19 22 26 31 32 33 34 35 36 37 38 41 42 43 56 58 60 61 64 66 67 68 75 76 85 95 97 100 101', [101, 100, 97, 95, 75, 68, 67, 66, 64, 61, 60, 58, 56, 41, 38, 37, 36, 35, 33, 32, 19, 16, 9, 8, 7, 5, 4])
101 : ('038 0 1 5 6 7 8 9 13 14 15 20 22 25 26 30 32 34 37 38 39 41 42 43 45 46 47 49 50 55 59 69 71 75 76 79 80 108 113', [113, 108, 80, 79, 76, 75, 71, 69, 49, 47, 46, 45, 43, 42, 41, 39, 38, 37, 34, 32, 30, 15, 14, 9, 7, 6])
102 : ('038 0 4 8 9 10 11 13 15 16 19 21 22 25 27 29 31 38 39 44 46 48 51 52 55 57 58 59 66 67 71 78 80 82 86 88 91 92 125', [125, 92, 91, 88, 86, 82, 80, 78, 71, 66, 59, 58, 57, 55, 52, 51, 48, 46, 44, 39, 38, 31, 29, 22, 21, 19, 16, 15, 9, 4, 0])
103 : ('038 1 2 6 7 10 11 13 14 15 20 21 23 24 25 26 31 32 35 36 42 44 45 48 49 50 53 55 56 57 64 65 69 81 84 86 89 90 123', [123, 90, 89, 86, 84, 81, 69, 64, 57, 56, 55, 53, 50, 49, 48, 45, 44, 42, 36, 35, 32, 31, 26, 25, 24, 21, 20, 15, 14, 13, 7, 2, 1])
104 : ('039 0 1 2 3 4 5 10 11 12 13 14 15 16 17 20 21 22 25 26 32 34 35 36 37 39 40 42 43 45 46 47 54 55 59 74 76 79 80 113', [42, 34, 32, 4])
105 : ('039 0 1 2 6 8 9 12 13 14 17 18 20 21 22 23 25 31 39 41 44 45 48 50 51 54 57 58 59 60 64 71 73 75 79 81 84 85 91 118', [118, 91, 85, 84, 81, 79, 75, 73, 71, 64, 59, 58, 57, 54, 51, 50, 48, 44, 41, 39, 31, 25, 23, 22, 21, 20, 17, 14, 13, 9, 2, 0])
106 : ('039 0 1 3 7 11 12 13 14 16 18 19 22 24 25 28 30 32 34 41 42 47 49 51 54 55 58 60 61 62 69 70 74 81 83 85 89 91 94 95', [95, 94, 91, 89, 85, 83, 81, 74, 69, 62, 61, 60, 58, 55, 54, 51, 49, 47, 42, 41, 34, 32, 30, 25, 24, 22, 19, 18, 14, 13, 12, 7, 3, 1, 0])
107 : ('039 1 2 3 5 6 7 9 10 12 14 15 24 25 26 27 28 29 30 31 35 36 39 40 49 51 53 54 57 59 60 61 68 69 73 88 90 93 94 127', [127, 94, 93, 90, 88, 73, 68, 61, 60, 59, 57, 54, 53, 51, 49, 40, 39, 35, 31, 30, 29, 28, 26, 25, 24, 14, 12, 9, 7, 6, 5, 1])
108 : ('040 0 1 3 4 6 8 10 11 12 15 16 17 18 19 20 21 22 24 26 27 30 33 35 39 40 41 42 48 50 51 52 59 60 64 78 79 81 84 85 118', [118, 85, 84, 81, 79, 78, 64, 59, 52, 51, 50, 48, 42, 41, 40, 39, 35, 33, 30, 26, 24, 22, 21, 20, 19, 17, 16, 15, 12, 8, 4, 3, 0])
109 : ('041 0 3 4 7 8 9 10 12 13 17 18 20 25 26 27 28 32 33 36 39 40 41 42 43 45 47 50 52 53 54 62 66 73 75 77 79 81 83 86 87 120', [120, 87, 86, 83, 81, 79, 77, 75, 73, 66, 54, 53, 52, 50, 47, 42, 41, 40, 39, 36, 33, 32, 28, 26, 25, 18, 17, 13, 7])
110 : ('042 0 1 2 3 4 9 10 13 15 16 17 20 22 25 29 34 35 36 37 38 40 42 44 45 46 49 50 59 61 63 64 67 69 70 71 79 83 88 98 100 103 104', [104, 103, 100, 98, 83, 71, 70, 69, 67, 64, 63, 61, 59, 49, 44, 40, 38, 35, 22, 15, 9, 1])
111 : ('042 3 5 6 7 8 9 10 11 12 13 17 20 22 23 24 25 26 27 28 29 33 34 40 42 45 46 47 49 51 52 55 57 58 59 66 67 79 86 88 91 92 125', [59, 26, 22, 20, 5])
112 : ('043 0 1 2 3 4 5 6 7 9 10 11 12 13 15 16 17 19 20 25 26 27 32 34 36 39 40 42 43 45 46 47 49 54 55 59 66 68 70 74 76 79 80 113', [113, 80, 76, 74, 70, 68, 66, 59, 54, 47, 39, 26, 19, 17, 7])
113 : ('044 0 3 4 5 6 7 8 9 10 12 13 16 17 20 22 24 25 26 28 29 31 34 37 40 42 45 46 47 49 51 52 55 57 58 59 66 67 70 79 86 88 91 92 125', [125, 92, 91, 88, 86, 79, 70, 66, 58, 57, 55, 52, 51, 49, 47, 46, 42, 40, 37, 34, 31, 29, 28, 24, 17, 16, 9, 7, 4, 3])
114 : ('044 1 2 6 7 9 10 11 13 14 15 17 18 20 22 23 27 32 33 34 35 36 37 38 39 43 44 47 48 57 59 61 62 65 67 68 69 76 77 81 86 96 98 101 102', [102, 101, 98, 96, 81, 76, 69, 68, 67, 65, 62, 61, 59, 57, 47, 39, 38, 37, 36, 34, 33, 22, 20, 17, 13, 7, 6])
115 : ('044 1 3 4 5 8 9 10 11 13 15 17 18 22 25 27 28 31 32 34 35 37 38 39 41 42 43 45 46 51 55 57 59 61 62 64 65 66 67 71 72 75 76 104 109', [109, 104, 75, 71, 66, 65, 62, 61, 59, 57, 55, 45, 43, 41, 39, 38, 37, 34, 32, 17, 15, 13, 8, 5, 3, 1])
116 : ('044 1 7 8 11 12 13 14 15 16 21 23 24 25 27 28 29 32 33 35 37 39 40 43 45 46 49 51 52 54 55 57 58 66 67 74 76 79 80 86 88 91 92 113 125', [125, 113, 92, 91, 88, 86, 80, 79, 76, 74, 66, 58, 57, 54, 52, 51, 46, 45, 43, 40, 39, 37, 35, 33, 32, 29, 28, 24, 23, 21, 14, 7])
117 : ('045 0 1 2 3 4 5 6 12 13 15 16 18 19 22 24 27 31 36 37 38 39 40 42 44 46 47 48 50 51 52 61 63 65 66 69 71 72 73 81 85 90 100 102 105 106', [106, 105, 102, 100, 85, 73, 72, 71, 69, 66, 65, 63, 61, 51, 50, 46, 40, 38, 37, 24, 16, 12, 4, 1])
118 : ('045 0 1 2 3 4 7 11 12 13 14 18 19 22 23 24 25 27 28 30 31 32 33 34 36 37 41 42 47 49 51 54 55 58 60 61 62 69 74 81 83 85 89 91 94 95', [58, 55, 24, 22, 19, 18, 1])
119 : ('045 0 1 2 3 6 7 8 9 10 11 12 13 14 15 17 18 20 21 22 23 24 25 26 27 28 32 33 34 37 39 42 43 47 52 54 57 58 59 66 67 76 86 91 92 125', [125, 92, 86, 66, 59, 47, 34, 33, 28, 26, 20, 14, 12, 7, 1])
120 : ('045 0 1 2 5 6 8 9 10 12 13 14 16 17 19 21 22 26 31 32 33 34 35 36 37 38 42 43 46 47 56 58 60 61 64 66 67 68 75 76 80 85 95 97 100 101', [101, 100, 97, 95, 80, 75, 68, 67, 66, 64, 61, 60, 58, 56, 47, 46, 38, 37, 36, 35, 33, 32, 21, 19, 16, 14, 13, 12, 9, 8, 6, 5, 2])
121 : ('045 0 1 6 7 9 13 17 18 19 20 22 24 25 26 28 30 31 34 36 38 40 42 43 47 48 53 55 57 60 61 64 66 67 68 75 76 80 85 87 89 91 95 97 100 101', [101, 100, 97, 95, 91, 89, 87, 80, 75, 68, 67, 66, 64, 61, 60, 57, 55, 53, 48, 47, 40, 38, 36, 30, 28, 25, 24, 20, 19, 18, 13, 9, 7, 6])
122 : ('045 0 2 3 4 5 6 8 9 12 13 15 16 17 24 25 27 30 34 39 40 41 42 43 44 45 46 47 49 50 51 64 66 68 69 72 74 75 76 83 84 93 103 105 108 109', [109, 108, 105, 103, 83, 76, 75, 74, 72, 69, 68, 66, 64, 46, 44, 41, 40, 24, 2])
123 : ('047 0 1 2 3 6 9 10 12 15 16 17 18 21 24 26 27 28 29 34 35 40 42 44 45 48 49 50 52 53 54 57 59 60 61 64 68 69 79 81 84 85 88 90 93 94 118 127', [127, 118, 94, 93, 90, 88, 85, 84, 81, 79, 68, 64, 61, 59, 57, 54, 53, 52, 50, 48, 44, 42, 40, 35, 34, 29, 28, 26, 24, 21, 17, 9, 3, 2, 0])
124 : ('048 0 1 3 4 5 8 9 11 12 13 15 16 17 19 20 22 24 25 29 34 35 36 37 38 39 40 41 42 45 46 49 50 59 61 63 64 67 69 70 71 78 79 83 88 98 100 103 104', [69, 67, 64, 59, 36, 35, 24, 22])
125 : ('048 0 2 3 4 5 6 7 8 11 12 13 15 16 17 18 19 20 21 22 23 24 26 28 29 31 32 33 38 40 42 44 46 47 48 50 51 52 53 54 61 62 66 81 83 85 86 87 120', [120, 87, 86, 83, 66, 61, 54, 33, 32, 29, 28, 24, 23, 21, 2, 0])
126 : ('048 0 2 4 6 7 8 9 10 11 12 13 15 16 17 18 21 22 25 26 27 28 29 31 33 35 36 39 41 42 43 47 49 50 51 54 55 59 66 67 70 72 75 76 86 88 92 109 125', [2])
127 : ('048 1 3 5 6 7 8 10 13 15 16 18 19 20 21 23 24 25 28 29 30 31 32 33 40 42 44 45 47 48 49 50 55 57 58 60 64 66 67 79 81 84 85 86 88 91 92 118 125', [92, 85, 84, 81, 79, 58, 55, 50, 48, 47, 44, 42, 40, 33, 24, 21, 19, 7, 3])
128 : ('049 0 1 2 3 4 5 6 10 11 13 18 21 22 23 24 26 27 29 30 31 32 33 34 35 36 37 38 40 41 46 48 50 53 54 57 59 60 61 68 71 73 80 82 84 88 90 93 94 127', [127, 94, 93, 90, 88, 84, 82, 80, 73, 71, 68, 61, 59, 57, 54, 53, 50, 48, 46, 41, 40, 38, 37, 34, 33, 31, 29, 18, 13, 5, 4, 0])
129 : ('049 0 1 2 3 5 6 8 9 10 11 12 13 14 17 18 19 20 21 22 23 30 31 36 37 38 39 41 42 43 45 46 47 50 51 52 55 56 59 60 64 75 76 77 79 80 84 85 114 118', [52, 46, 19])
130 : ('049 0 1 2 4 5 8 11 14 15 16 17 18 19 20 21 22 26 29 31 32 33 34 35 36 37 38 42 43 45 49 51 54 55 56 58 60 61 64 66 67 68 75 76 85 88 95 97 100 101', [101, 100, 97, 95, 88, 75, 68, 67, 66, 64, 61, 60, 58, 56, 54, 51, 38, 37, 36, 35, 33, 32, 29, 20, 19, 14, 8, 5, 4, 2])
131 : ('049 0 2 4 7 8 9 13 15 16 19 20 21 23 24 26 28 29 32 33 34 37 38 39 40 41 42 43 44 45 46 49 50 53 54 63 65 67 68 73 74 75 82 83 87 92 102 104 107 108', [108, 107, 104, 102, 87, 82, 75, 74, 73, 68, 67, 65, 63, 54, 53, 42, 40, 39, 37, 34, 32, 28, 26, 23, 21, 20, 19, 13])
132 : ('050 0 1 2 3 5 6 7 10 11 13 14 15 17 18 19 21 22 24 26 27 31 36 37 38 39 40 41 42 43 44 47 48 51 52 61 63 65 66 69 71 72 73 80 81 85 90 100 102 105 106', [106, 105, 102, 100, 85, 80, 73, 72, 71, 69, 66, 65, 63, 61, 51, 43, 41, 40, 38, 37, 26, 24, 21, 17, 14, 1])
133 : ('051 0 1 2 3 6 7 9 10 11 12 13 15 16 17 18 20 22 23 24 26 29 31 33 35 36 37 38 40 41 42 43 44 45 48 50 51 52 58 59 60 63 70 72 75 79 81 84 85 97 109 118', [97, 63, 29])
134 : ('051 0 1 2 5 6 9 11 12 13 14 15 17 18 21 22 24 25 26 33 34 36 39 43 44 48 49 50 51 52 53 54 55 56 58 59 60 73 75 77 78 81 83 84 85 92 93 102 112 114 117 118', [117, 114, 112, 92, 83, 78, 75, 73, 36, 33])
135 : ('051 2 4 5 8 10 11 13 14 15 18 24 25 27 28 29 30 31 32 35 38 39 40 41 42 43 46 48 50 52 53 56 59 61 62 63 64 69 71 72 73 76 80 82 84 88 90 91 94 96 97 127', [127, 97, 96, 94, 91, 90, 88, 84, 82, 80, 76, 73, 71, 63, 62, 61, 59, 56, 53, 52, 50, 48, 46, 43, 42, 41, 40, 39, 38, 35, 32, 29, 28, 24, 14, 8, 4, 2])
136 : ('051 2 5 7 9 10 11 12 13 14 15 16 17 19 20 22 23 24 26 27 32 35 36 37 38 39 41 42 43 44 45 47 48 49 51 52 53 56 57 70 72 74 76 77 78 85 86 90 95 107 110 111', [111, 110, 107, 90, 85, 78, 77, 76, 74, 72, 70, 57, 56, 51, 47, 45, 43, 42, 39, 38, 37, 35, 26, 24, 23, 22, 17, 13, 2])
137 : ('052 0 1 2 3 4 5 6 9 11 12 13 14 16 17 18 19 20 21 23 25 27 30 31 32 33 34 36 37 38 40 41 42 45 46 47 50 51 52 55 56 59 60 64 70 75 77 79 80 84 85 114 118', [52, 19])
138 : ('052 0 1 2 3 4 5 7 8 9 12 13 15 16 17 19 20 21 23 24 26 28 29 33 38 39 40 41 42 43 44 45 46 49 50 53 54 63 65 67 68 71 73 74 75 82 83 87 92 102 104 107 108', [108, 107, 104, 102, 87, 82, 75, 74, 73, 71, 68, 67, 65, 63, 54, 53, 42, 40, 39, 28, 26, 23, 21, 20, 19, 3, 1])
139 : ('052 0 1 2 3 4 7 8 9 10 11 12 14 15 18 19 20 21 22 25 29 34 35 36 37 38 39 40 41 42 43 44 45 46 49 51 54 55 59 61 63 64 67 69 70 71 78 79 88 98 100 103 104', [104, 103, 100, 98, 78, 71, 70, 69, 67, 64, 63, 61, 59, 44, 40, 39, 38, 35, 19])
140 : ('052 0 1 2 3 5 6 8 9 10 11 12 13 14 17 18 19 22 24 25 26 27 30 31 34 35 36 37 38 39 40 42 43 46 48 50 51 52 53 54 58 59 60 64 73 75 76 78 81 84 85 112 118', [78, 75, 35, 34])
141 : ('052 0 1 2 5 7 8 10 11 14 16 18 19 20 22 23 27 28 31 32 34 35 36 41 42 44 45 46 47 49 52 53 56 57 63 65 66 69 70 71 74 76 77 78 85 86 90 95 102 105 107 110 111', [111, 110, 107, 105, 102, 90, 85, 78, 77, 76, 74, 71, 70, 69, 66, 65, 63, 57, 56, 46, 45, 42, 35, 34, 31, 28, 23, 22, 18, 8, 1, 0])
142 : ('052 0 2 3 5 6 10 11 12 13 14 16 17 18 19 20 21 23 25 29 33 34 36 38 39 40 42 43 44 45 48 49 51 53 54 55 56 59 60 63 73 75 77 78 79 83 92 93 97 102 112 114 117', [117, 114, 112, 97, 92, 83, 78, 77, 75, 73, 63, 49, 40, 38, 33, 29, 23, 13, 6])
143 : ('052 1 2 3 4 5 6 8 9 10 13 14 16 17 18 20 21 22 24 25 27 29 30 34 39 40 41 42 43 44 45 46 47 50 51 54 55 64 66 68 69 72 74 75 76 83 84 88 93 103 105 108 109', [105, 76, 75, 72, 69, 68, 66, 64, 46, 44, 43, 41, 40, 29, 20, 4, 2])
144 : ('054 0 1 2 3 4 5 6 7 9 11 12 13 14 15 20 22 23 24 25 28 30 31 32 34 35 36 37 39 40 41 42 43 44 45 46 48 50 51 52 54 55 57 58 62 64 66 67 70 72 75 76 79 91 109', [91, 58, 57, 54, 52, 37, 24])
145 : ('055 0 1 2 3 4 5 6 11 12 13 14 16 17 18 19 22 23 26 27 29 31 32 34 35 39 43 44 48 49 50 51 52 54 56 58 59 60 63 64 69 73 75 77 78 81 83 84 85 93 97 102 112 114 117 118', [118, 117, 114, 112, 97, 85, 84, 83, 81, 78, 77, 75, 73, 69, 64, 63, 58, 35, 32, 31, 29, 26, 23, 22, 3])
146 : ('055 0 1 4 5 7 8 9 10 11 12 13 20 22 23 24 27 28 29 30 33 34 36 37 38 41 43 44 45 46 48 49 51 54 55 57 58 61 65 67 68 71 72 73 76 78 79 87 88 92 97 104 107 109 112 113', [113, 112, 109, 107, 104, 92, 87, 79, 78, 76, 73, 72, 71, 68, 65, 61, 58, 57, 48, 44, 41, 37, 36, 24, 23, 22, 20, 5])
147 : ('056 0 1 2 4 5 8 9 10 13 14 17 19 21 22 26 29 30 31 32 35 36 37 38 39 44 46 47 48 49 50 51 52 55 56 57 60 61 65 67 69 70 73 74 77 79 80 81 88 89 93 98 104 108 110 113 114', [114, 113, 110, 108, 104, 93, 88, 81, 80, 79, 77, 74, 73, 70, 69, 67, 65, 61, 60, 57, 51, 49, 38, 37, 36, 32, 31, 29, 26, 5, 0])
148 : ('056 0 1 2 5 6 7 9 10 11 12 14 16 17 20 21 22 23 24 25 26 31 34 36 37 41 42 43 44 47 48 51 52 53 55 56 57 60 61 64 66 67 68 71 73 76 77 80 85 87 89 91 95 97 100 101 110', [110, 77, 73, 71, 56, 55, 53, 51, 48, 37, 36, 25, 20, 16, 14, 12, 9, 2])
149 : ('056 1 2 3 4 5 6 7 9 11 13 14 15 18 19 20 24 26 28 30 33 35 39 40 42 44 45 46 49 50 51 52 53 54 55 56 57 60 61 64 65 70 74 76 78 82 84 85 86 93 94 98 103 113 115 118 119', [119, 118, 115, 113, 98, 93, 86, 85, 84, 82, 78, 76, 74, 70, 65, 64, 56, 54, 53, 51, 50, 46, 42, 39, 33, 30, 28, 26, 24, 20, 14, 9, 4])
150 : ('057 0 1 2 3 4 5 7 9 10 12 13 20 21 22 24 25 26 27 28 29 32 33 34 35 37 38 39 43 44 45 46 47 48 49 50 51 54 55 58 59 66 70 71 73 76 78 79 80 87 88 92 97 105 107 109 112 113', [113, 107, 87, 76, 71, 50, 39, 37, 35, 32, 21, 4, 3, 2])
151 : ('057 0 1 2 3 4 6 7 12 13 14 15 18 19 24 25 26 28 30 32 33 34 35 36 39 40 44 45 49 50 51 52 53 54 55 56 57 60 61 64 65 70 74 76 78 79 82 84 85 86 93 94 98 103 113 115 118 119', [119, 118, 115, 113, 98, 93, 86, 85, 84, 82, 79, 78, 76, 74, 70, 65, 64, 56, 54, 53, 51, 50, 39, 34, 33, 32, 30, 28, 26, 25, 24, 14, 12, 4, 0])
152 : ('057 0 1 2 5 6 10 11 12 13 14 15 17 18 22 23 25 26 27 29 30 31 33 34 36 38 39 43 44 48 49 50 51 52 53 54 55 56 59 60 63 64 73 75 77 78 81 83 84 85 92 93 97 102 112 114 117 118', [38, 36])
153 : ('057 1 2 3 6 7 11 12 13 14 15 16 18 19 23 24 26 27 28 30 31 32 34 35 37 39 40 44 45 49 50 51 52 53 54 55 56 57 60 61 64 65 74 76 78 79 82 84 85 86 93 94 98 103 113 115 118 119', [119, 118, 115, 113, 98, 93, 86, 85, 84, 82, 79, 78, 76, 74, 65, 64, 56, 54, 53, 51, 50, 39, 37, 34, 32, 31, 30, 28, 26, 24, 23, 14])
154 : ('058 0 1 2 3 4 6 7 9 13 14 15 18 19 20 22 23 24 26 32 33 35 36 40 41 43 44 45 46 49 51 52 53 54 55 56 57 60 61 62 65 66 72 74 75 78 82 84 85 86 93 94 98 103 109 113 115 118 119', [119, 118, 115, 113, 109, 98, 93, 86, 85, 84, 82, 78, 75, 74, 72, 66, 65, 62, 56, 54, 46, 41, 33, 32, 24])
155 : ('058 0 1 3 4 5 7 8 9 10 11 12 13 14 15 16 17 22 23 24 25 26 27 28 29 30 31 32 33 37 38 41 42 47 49 51 52 53 55 56 57 58 59 61 62 63 66 67 70 71 75 86 88 90 91 92 95 96 125', [96, 95, 63, 61, 41])
156 : ('058 0 1 3 4 5 7 8 9 10 13 14 15 16 17 18 20 21 22 23 24 25 27 30 34 36 37 39 41 42 46 47 49 51 53 54 56 57 59 62 63 67 76 78 80 81 84 87 91 92 95 96 100 105 115 117 120 121 125', [125, 92, 91, 53, 41, 24, 23, 16, 14, 1])
157 : ('059 0 1 3 4 5 8 9 13 14 15 16 17 18 20 21 25 26 28 29 30 32 33 34 36 37 39 41 42 46 47 51 52 53 54 55 56 57 58 59 62 63 66 67 76 78 80 81 84 86 87 88 95 96 100 105 115 117 120 121', [121, 120, 117, 115, 100, 95, 87, 86, 84, 80, 78, 66, 58, 56, 32])
158 : ('059 0 2 3 4 5 6 7 10 11 12 13 14 15 16 17 18 20 21 23 24 25 28 34 35 36 38 39 41 42 46 47 48 49 50 52 53 54 57 58 61 62 66 68 72 73 75 76 79 81 82 83 90 95 100 105 110 112 115 116', [116, 115, 112, 110, 105, 95, 90, 83, 82, 81, 79, 76, 75, 73, 72, 68, 66, 62, 61, 48, 39, 38, 35, 34, 28, 7, 6])
159 : ('059 1 2 3 4 5 6 7 8 10 11 13 17 18 21 22 24 25 26 27 28 30 31 32 34 35 36 37 38 40 41 46 47 48 49 50 51 52 53 54 55 58 60 61 66 67 68 71 73 80 82 84 86 90 91 92 93 94 125 127', [84, 60, 54, 53, 51, 48, 47, 46, 40, 31, 7, 6, 4])
160 : ('060 0 1 2 3 4 5 6 7 8 9 10 11 12 13 14 15 16 17 18 19 20 22 23 25 27 28 29 30 32 33 34 36 37 38 39 40 42 43 45 46 47 49 50 51 52 53 57 59 61 65 66 67 71 76 79 86 88 91 104 125', [125, 91, 88, 66, 51, 29, 23])
161 : ('060 0 1 2 3 5 6 7 9 13 14 15 16 18 19 20 23 24 25 26 27 28 30 31 35 36 37 39 40 42 44 45 46 49 50 51 52 53 54 55 56 57 60 61 64 65 74 76 78 82 84 85 86 93 94 98 103 113 115 118 119', [42, 23, 0])
162 : ('060 0 1 3 4 5 8 10 11 12 13 16 17 18 20 21 22 23 24 25 26 27 29 31 32 34 35 36 38 39 41 42 43 44 46 47 48 52 53 55 56 57 60 61 64 67 72 73 76 77 80 85 87 89 91 95 97 100 101 105 110', [60, 36, 23, 4, 3])
163 : ('061 0 1 2 4 5 6 9 10 11 12 13 16 17 18 20 21 22 23 24 25 26 27 29 31 32 34 35 36 37 38 41 42 43 44 46 47 48 52 53 55 56 57 60 61 64 67 72 73 76 77 80 85 87 89 91 95 97 100 101 105 110', [110, 105, 101, 100, 97, 95, 91, 89, 87, 80, 77, 73, 72, 67, 64, 61, 57, 56, 53, 48, 46, 44, 41, 38, 37, 36, 35, 32, 29, 25, 24, 20, 13, 12, 2])
164 : ('061 1 5 7 9 10 12 13 14 15 16 19 20 21 22 23 24 25 26 27 28 29 30 32 33 34 35 36 44 45 47 49 52 53 55 57 59 60 63 64 65 66 67 68 70 71 72 73 75 76 78 81 83 88 90 91 92 93 110 122 124 126', [126, 124, 122, 110, 93, 92, 91, 90, 88, 83, 81, 78, 76, 75, 73, 72, 71, 70, 65, 63, 57, 55, 47, 44, 36, 35, 32, 29, 1])
165 : ('062 0 1 2 3 4 5 6 7 11 12 13 15 18 19 22 23 25 27 28 30 31 32 33 34 35 37 38 39 40 44 45 49 50 51 52 54 55 56 57 58 59 60 61 64 65 74 76 78 79 82 84 85 86 92 93 94 98 103 113 115 118 119', [119, 118, 115, 113, 98, 92, 86, 85, 84, 82, 79, 78, 76, 74, 65, 59, 51, 38, 37, 33, 32, 22, 12, 4])
166 : ('062 0 1 2 3 4 5 6 7 8 10 11 13 15 16 17 18 21 22 23 24 25 26 27 28 31 32 34 37 38 40 41 46 47 48 49 50 51 52 53 54 55 57 58 60 61 66 67 68 69 71 73 80 82 84 86 90 91 92 93 94 125 127', [127, 125, 94, 93, 92, 90, 86, 84, 82, 80, 73, 68, 66, 61, 53, 51, 48, 47, 46, 41, 40, 31, 7, 2])
167 : ('062 0 1 2 3 6 7 8 9 12 13 14 15 18 19 21 22 24 26 27 28 30 31 32 34 35 37 38 40 43 44 45 49 51 52 53 54 55 56 57 60 61 62 65 66 70 72 74 78 79 82 84 85 86 93 94 98 103 109 113 115 118 119', [119, 118, 115, 113, 109, 98, 93, 86, 85, 84, 82, 79, 78, 74, 72, 70, 66, 65, 62, 56, 54, 53, 43, 38, 37, 34, 32, 31, 30, 28, 26, 24, 14, 0])
168 : ('062 0 1 5 6 7 8 9 10 11 12 13 14 15 16 17 19 21 22 23 24 25 26 27 28 29 30 31 32 33 35 36 38 39 41 42 43 47 48 49 50 51 52 55 57 58 59 60 63 64 66 67 70 72 75 76 86 88 91 92 97 109 125', [97, 63])
169 : ('062 0 2 3 4 5 6 7 8 9 10 11 12 13 14 16 18 19 22 23 24 25 26 27 28 31 32 33 34 35 36 37 38 39 40 42 43 44 46 47 49 51 52 55 56 57 58 59 67 68 70 71 72 73 76 77 86 88 91 92 105 110 125', [91, 59, 57])
170 : ('062 1 2 3 4 6 7 8 10 12 13 14 15 17 18 19 23 24 26 27 28 31 32 33 35 37 38 39 40 44 45 46 49 51 52 53 54 55 56 57 59 60 61 64 67 71 74 76 78 79 82 84 85 86 93 94 98 103 104 113 115 118 119', [93, 71, 59, 56, 54, 53, 39, 38, 37, 32, 23, 17, 14])
171 : ('064 0 1 2 3 4 5 7 8 9 12 13 17 18 19 20 21 22 24 25 29 30 32 33 34 36 37 38 40 41 42 43 45 46 50 51 55 56 57 58 59 60 61 62 63 66 67 70 71 80 82 84 85 88 90 91 92 99 100 104 109 119 121 124 125', [124, 121, 99, 62, 60, 29])
172 : ('064 0 1 2 3 5 6 7 9 10 11 12 13 14 15 17 18 19 20 24 25 27 28 30 32 33 34 35 36 40 42 43 44 45 46 47 49 50 51 52 53 55 56 57 59 60 61 64 65 66 68 78 79 80 82 84 85 86 93 94 98 103 115 118 119', [119, 115, 98, 93, 85, 82, 80, 78, 68, 66, 65, 64, 59, 56, 43, 33, 28, 24])
173 : ('064 0 1 2 3 6 7 8 10 11 12 13 15 17 18 19 20 22 25 29 30 31 33 34 35 37 39 40 44 45 47 49 50 52 54 55 56 57 58 59 60 61 64 65 66 67 74 76 78 79 82 84 85 88 91 92 93 94 98 103 113 115 118 119 125', [125, 119, 118, 115, 113, 98, 92, 91, 88, 85, 84, 82, 79, 78, 76, 74, 66, 65, 59, 58, 47, 37, 33, 29, 22, 20, 0])
174 : ('065 0 1 2 3 4 5 6 7 8 9 10 11 12 13 14 16 17 18 19 20 21 22 24 25 26 27 28 29 32 34 36 37 38 39 40 41 42 43 44 45 46 47 51 53 54 57 58 59 63 66 67 68 71 72 75 76 78 79 86 88 116 117 121 125 126', [125, 88, 86, 66, 54, 47])
175 : ('065 0 1 2 3 6 7 8 9 10 13 14 15 18 19 24 28 30 31 32 34 35 36 38 40 41 42 43 44 45 46 47 48 49 50 51 52 53 54 55 56 57 60 61 64 65 74 75 77 78 79 80 81 82 84 85 86 93 94 98 103 113 114 115 118 119', [115, 113, 98, 93, 78, 74, 54, 24, 8])
176 : ('065 1 2 3 4 5 6 7 9 11 13 14 15 16 17 18 19 20 21 24 26 27 28 30 31 32 33 35 36 39 40 42 44 45 46 49 50 51 52 53 54 55 56 57 58 60 61 64 65 70 74 76 78 82 84 85 86 91 93 94 98 103 113 115 118 119', [91, 32])
177 : ('065 1 2 3 4 6 7 8 10 12 13 14 15 17 18 19 22 23 25 27 29 30 34 35 36 39 40 44 45 47 49 50 52 53 54 55 56 57 58 59 60 61 64 65 66 67 70 74 76 78 79 82 84 85 88 91 92 93 94 98 103 113 115 118 119 125', [125, 119, 118, 115, 113, 98, 92, 91, 88, 85, 84, 82, 79, 78, 76, 74, 70, 66, 65, 64, 58, 47, 30, 29, 23, 4])
178 : ('066 0 1 2 3 5 6 7 8 9 10 11 12 13 14 15 17 18 19 21 22 24 25 26 27 28 29 30 31 32 33 34 35 36 38 39 40 46 47 48 49 50 51 52 53 54 55 58 59 60 64 66 67 69 71 73 75 78 81 84 85 86 88 92 112 118 125', [112, 73])
179 : ('066 1 2 3 6 7 8 9 10 13 14 15 16 17 18 19 21 22 23 24 26 27 28 30 32 33 34 35 36 37 40 41 42 43 44 45 49 51 52 53 54 55 56 57 60 61 64 65 70 72 74 75 78 79 82 84 85 86 93 94 98 103 109 113 115 118 119', [119, 118, 115, 113, 109, 98, 93, 86, 85, 84, 82, 79, 78, 75, 74, 72, 70, 65, 64, 56, 54, 53, 43, 42, 41, 37, 34, 33, 32, 30, 28, 24, 17, 14])
180 : ('067 0 1 2 3 4 5 6 7 8 9 10 12 13 14 17 18 22 23 24 25 26 27 29 30 34 35 37 38 39 41 42 43 45 46 47 48 50 51 55 56 60 61 62 63 64 65 66 67 68 71 72 75 76 85 87 89 90 93 95 96 97 104 105 109 114 124 126', [126, 124, 97, 96, 95, 93, 90, 89, 87, 61])
181 : ('067 0 1 2 3 4 5 6 7 9 10 11 12 13 14 15 16 17 19 20 21 22 24 25 26 27 28 29 30 31 32 33 34 35 36 37 39 40 41 42 43 44 45 46 47 48 50 51 53 56 63 65 68 69 71 78 80 81 84 85 86 90 94 95 99 102 104 105', [25])
182 : ('067 0 1 2 3 4 5 6 8 9 10 12 13 14 15 16 17 18 19 20 21 22 24 25 26 27 30 31 32 34 35 36 39 40 41 42 43 44 45 48 49 50 51 52 53 54 55 56 58 59 60 64 69 73 75 77 79 81 83 84 85 92 93 102 112 114 117 118', [92])
183 : ('067 1 2 3 4 6 8 10 11 12 13 14 15 18 19 20 22 23 24 25 27 28 29 30 32 33 34 35 36 37 41 42 43 44 45 47 48 49 52 53 54 57 61 62 66 67 68 69 72 74 76 77 78 81 82 86 87 91 93 95 96 99 101 102 103 111 115 120', [76, 42, 41, 37, 29, 25, 22])
184 : ('068 0 1 2 3 4 5 7 8 9 10 11 12 13 14 16 17 20 21 23 24 25 27 28 30 31 32 33 34 35 36 37 39 43 44 45 46 47 48 49 50 52 53 55 56 57 58 60 66 67 69 70 71 73 74 77 79 80 81 89 91 92 93 98 108 110 113 114 125', [110, 80, 73])
185 : ('068 0 1 2 3 6 8 10 11 12 13 14 15 16 18 19 20 22 23 24 27 28 29 30 31 32 33 34 35 36 41 42 43 44 45 47 48 49 52 53 54 57 61 62 66 67 68 69 70 72 74 76 77 78 81 82 86 87 91 93 95 96 99 101 102 103 111 115 120', [115, 103, 102, 101, 99, 96, 95, 93, 91, 82, 81, 76, 70, 68, 54, 48, 47, 42, 41, 31, 29, 22])
186 : ('068 0 2 3 4 6 7 8 9 10 11 12 13 14 15 16 17 19 20 22 24 25 27 28 29 31 32 33 35 36 37 38 39 40 41 42 43 45 46 50 51 52 53 54 55 56 57 58 61 62 65 66 75 76 77 79 80 83 85 86 87 94 95 99 104 114 116 119 120', [116, 99, 94, 55, 52, 25, 24, 15])
187 : ('068 1 2 3 5 6 7 8 9 10 13 14 15 16 17 18 19 20 22 25 29 30 31 32 33 35 36 37 39 40 42 44 45 46 47 49 50 52 53 54 55 56 57 58 59 60 61 64 65 66 67 74 76 78 82 84 85 88 91 92 93 94 98 103 113 115 118 119 125', [84, 59, 47, 22, 9])
188 : ('069 0 1 2 3 5 6 7 9 10 11 12 13 14 15 16 17 18 19 20 21 22 24 25 26 27 29 30 31 32 34 35 36 39 40 42 43 44 45 48 49 50 51 52 53 54 55 56 58 59 60 64 66 69 73 75 77 78 79 81 83 84 85 92 93 102 112 114 117 118', [92, 66])
189 : ('070 0 1 2 3 4 5 6 7 8 9 10 12 14 15 16 17 18 19 20 21 22 23 25 26 27 30 31 34 36 37 38 39 40 41 42 43 45 46 47 48 49 50 51 54 55 56 57 59 60 61 64 65 66 67 68 69 70 71 72 74 75 76 84 88 93 103 104 105 108 109', [103])
190 : ('070 1 2 3 5 6 7 8 9 10 11 12 13 14 15 16 17 18 19 20 21 22 23 24 25 26 27 28 29 30 31 32 33 34 35 36 37 38 40 41 43 44 45 47 50 51 52 53 57 60 61 62 64 65 67 68 69 72 74 77 78 79 84 85 86 96 98 101 102 111 118', [85])
191 : ('071 0 1 2 3 4 5 6 7 8 9 10 11 12 13 14 15 16 17 19 20 21 22 24 25 26 27 32 34 36 37 39 40 42 43 45 46 47 49 50 51 52 53 54 55 57 58 59 62 63 64 66 67 68 70 73 74 75 76 77 79 80 83 85 87 88 89 91 101 110 113 122', [122, 87, 83, 63])
192 : ('071 0 2 3 4 5 9 11 12 13 14 15 16 17 18 19 20 21 22 23 24 25 28 29 30 31 32 33 34 35 36 37 38 41 42 44 45 46 48 50 51 53 54 58 62 63 67 68 69 70 71 73 75 77 78 79 82 83 84 87 88 92 94 96 97 100 102 103 104 112 116 121', [116, 103, 96, 94])
193 : ('071 0 2 3 4 6 7 8 9 10 11 12 13 15 16 17 18 21 22 23 24 25 26 27 28 29 30 31 32 33 35 36 37 39 40 41 42 43 46 48 50 51 52 53 54 55 57 58 59 60 61 62 68 69 70 72 73 74 75 76 80 82 84 88 89 90 91 93 94 95 109 127', [95, 89, 74])
194 : ('072 0 1 2 3 4 5 6 7 8 9 10 11 12 13 14 15 16 17 18 19 21 25 26 27 28 29 30 31 32 33 34 36 37 38 40 41 42 43 46 47 48 49 50 51 52 55 56 58 59 60 61 64 65 67 69 70 71 72 74 75 80 84 85 89 91 93 94 95 99 108 109 118', [69])
195 : ('073 0 1 2 3 4 5 6 7 8 9 10 11 12 13 14 15 16 17 18 19 22 23 25 26 27 28 30 31 32 33 34 35 36 37 39 40 42 43 44 48 49 50 51 52 54 56 57 58 59 60 62 69 70 71 72 73 75 76 77 78 81 83 84 85 91 93 96 102 110 112 114 117 118', [26])
196 : ('074 0 1 2 3 5 6 7 10 11 12 13 14 15 16 17 18 19 20 21 22 23 24 26 27 28 29 30 31 32 33 34 35 36 38 39 40 42 43 44 45 48 50 51 52 54 55 56 57 59 60 61 63 64 69 75 77 78 79 81 83 84 85 88 90 92 93 94 97 102 112 114 117 118 127', [127, 94, 61])
197 : ('074 0 1 2 3 6 7 8 9 10 11 13 14 15 16 17 18 19 20 23 27 28 29 30 31 32 33 35 36 37 39 40 41 42 43 44 45 47 48 49 51 52 53 54 56 57 62 66 67 68 69 70 71 72 73 74 76 77 78 81 82 86 87 91 93 95 96 99 101 102 103 110 111 115 120', [93, 54])
198 : ('074 0 2 3 4 5 7 8 9 10 11 12 13 14 15 16 17 19 20 21 24 25 28 29 30 31 32 33 34 36 37 41 42 44 45 46 48 49 50 52 53 54 55 57 58 62 63 67 68 69 70 71 72 73 74 75 78 79 82 83 84 87 88 92 94 96 97 100 102 103 104 111 112 116 121', [52])
199 : ('076 0 1 2 3 4 5 6 8 9 10 11 12 13 14 15 16 17 18 19 20 21 23 24 25 26 27 28 29 30 31 32 33 34 35 37 38 39 40 41 43 44 45 47 48 49 50 51 52 53 55 57 59 60 62 64 65 68 69 70 72 74 76 77 78 79 81 83 84 85 86 88 89 111 118 123 127', [127])
200 : ('076 0 1 3 4 5 6 8 9 10 11 12 13 15 16 17 18 19 21 23 24 25 26 28 30 31 32 33 34 35 36 37 38 39 40 41 42 45 46 47 48 50 51 52 54 55 56 57 59 60 61 64 65 66 67 69 70 71 72 75 76 79 84 85 86 88 89 92 93 94 95 99 108 109 113 118 125', [99, 65])
201 : ('077 0 1 2 3 4 5 6 7 8 9 10 12 13 14 15 16 17 19 21 22 23 24 25 26 27 28 29 31 32 33 34 37 38 39 41 42 43 46 47 48 49 50 51 52 55 56 57 58 59 60 61 62 63 65 66 67 71 76 77 79 80 83 84 85 86 88 90 91 92 99 100 109 116 119 121 124 125', [119, 116, 83, 65])
202 : ('077 0 1 2 3 4 5 6 7 9 10 11 14 15 16 17 18 19 20 21 22 23 24 26 27 30 31 32 34 35 36 38 39 40 42 43 44 45 47 48 50 51 52 53 55 57 58 59 60 61 62 63 64 65 68 69 72 73 79 81 82 84 85 86 87 90 92 93 94 101 102 106 111 118 121 123 126 127', [127, 126, 123, 121, 106, 101, 94, 93, 90, 87, 82, 73, 62, 61])
203 : ('078 0 1 2 3 4 5 6 7 8 9 10 13 15 17 18 19 20 21 22 23 25 26 27 29 30 31 34 35 36 37 38 39 40 41 42 43 44 45 48 49 50 51 52 54 55 56 59 60 61 64 68 69 73 74 75 76 77 79 81 83 84 85 88 89 90 93 94 98 100 102 103 106 108 109 110 118 122 127', [122, 109, 106, 103, 102, 100, 98, 89, 83])
204 : ('079 0 1 2 3 4 5 6 8 9 10 13 14 15 16 17 18 19 20 21 22 24 25 26 27 29 30 31 34 35 36 37 38 39 40 42 43 44 45 46 47 48 49 50 51 52 58 59 60 61 64 68 69 73 74 75 76 77 78 79 80 81 83 84 85 88 90 93 94 98 100 102 103 106 108 109 110 117 118 127', [78])
205 : ('080 0 1 2 3 5 6 7 8 9 10 11 12 13 14 15 18 19 20 21 22 23 24 25 26 27 28 30 31 32 33 35 36 41 42 43 44 45 48 52 53 54 55 57 59 60 61 62 63 64 65 66 68 69 71 72 73 74 75 77 78 82 83 86 87 88 90 92 95 96 99 101 102 103 110 111 115 120 122 124 126', [102, 88, 65, 63, 54])
206 : ('081 0 1 2 3 4 5 6 7 8 9 11 12 13 14 15 16 17 18 19 20 21 22 23 24 25 26 27 28 29 30 32 33 35 36 37 38 39 40 41 42 43 44 45 46 48 49 50 51 52 53 54 55 62 63 64 65 66 67 68 70 71 72 73 74 75 76 81 82 83 86 87 91 92 101 102 103 104 106 107 108 109', [106, 103, 101])
207 : ('082 0 1 2 3 4 5 6 7 8 9 10 11 12 13 14 15 16 17 18 19 20 22 23 24 25 26 27 28 29 30 31 32 33 34 35 36 37 38 39 40 41 42 43 44 45 46 48 50 51 52 53 54 55 56 59 61 62 63 64 65 66 67 68 70 71 72 73 75 76 77 79 81 85 89 90 92 109 110 120 122 124 125', [124, 68, 65, 63, 54])
208 : ('083 0 1 2 3 4 5 7 8 9 10 11 12 13 14 15 16 17 18 19 20 21 22 23 24 25 26 27 28 30 31 32 33 34 35 36 39 42 43 44 45 46 47 48 50 52 53 55 57 59 60 61 62 63 64 65 66 68 69 71 72 74 77 78 81 82 86 87 88 90 92 95 96 99 101 102 103 110 111 115 120 122 124 126', [126, 124, 122, 115, 110, 103, 101, 99, 96, 95, 90, 88, 82, 46])
209 : ('084 0 1 2 3 4 5 6 7 8 9 10 11 12 13 14 15 16 17 18 19 20 21 22 23 24 25 27 28 29 30 32 33 34 35 36 37 38 39 40 41 42 43 44 45 46 47 48 49 52 53 55 56 57 59 60 61 62 63 64 65 66 67 68 69 70 71 72 74 77 78 79 81 82 86 87 95 97 99 101 102 103 111 115 120', [115, 101, 99, 97, 95, 82, 56])
210 : ('084 0 1 2 3 4 5 6 7 8 9 10 11 12 13 15 16 17 18 19 20 21 22 23 24 25 26 27 28 29 30 31 32 33 34 35 36 39 40 41 42 43 44 45 46 47 48 49 50 51 52 53 54 55 57 58 59 60 62 63 64 66 67 68 69 70 72 74 75 76 82 83 84 86 87 88 91 92 93 103 105 108 109 121 125', [121, 87])
211 : ('084 0 1 2 3 4 5 6 7 8 9 10 11 12 14 15 16 17 18 19 20 21 22 23 24 25 26 27 28 29 30 31 33 34 35 36 39 40 41 42 43 44 45 48 49 50 51 52 53 54 55 57 58 59 60 61 62 63 64 65 67 68 69 73 78 79 81 82 84 85 86 87 88 90 92 93 94 101 102 111 118 121 123 126 127', [126, 123, 121, 101, 87, 82])
212 : ('085 0 1 2 3 4 5 6 7 8 9 10 11 12 13 14 15 16 17 18 19 20 21 22 23 24 25 26 27 29 30 31 32 33 34 36 37 38 39 40 41 42 43 44 45 46 47 49 50 51 52 53 54 55 56 57 58 60 61 63 64 66 67 68 73 75 76 78 79 81 85 88 90 91 94 95 96 97 100 101 104 105 109 112 114 115', [94])
213 : ('085 0 1 2 3 4 5 6 7 8 9 10 11 12 13 14 15 16 17 18 19 20 21 22 24 25 28 29 30 31 32 33 34 35 36 37 38 39 40 41 42 43 44 45 46 49 50 51 52 53 54 55 58 59 61 62 63 64 67 68 69 70 71 72 73 74 75 77 78 79 83 84 87 88 92 94 96 97 98 100 102 103 104 111 112 121', [96, 94])
214 : ('089 0 1 2 3 4 5 6 7 8 9 10 11 12 13 14 15 16 17 18 19 21 22 23 24 25 27 28 29 30 31 32 33 34 35 36 37 38 39 40 41 42 43 44 45 46 47 48 49 50 51 52 53 54 55 56 57 60 61 62 64 66 67 69 70 72 73 75 76 77 78 80 81 82 84 85 86 88 89 94 98 103 104 108 109 110 114 115 118 119', [108])
215 : ('096 0 1 2 3 4 5 6 7 8 9 10 11 12 13 14 15 16 17 18 19 20 21 22 23 24 25 26 27 28 29 30 31 32 33 34 36 37 38 40 41 42 43 44 45 46 47 48 49 50 51 52 53 54 55 56 57 58 59 60 61 62 63 64 65 66 67 68 70 71 80 81 82 83 84 85 86 87 88 91 92 95 96 97 100 101 105 107 109 110 113 115 116 117 120 124 125', [124, 117, 116, 115, 113, 110, 109, 107, 105, 82, 65])
216 : ('096 0 1 2 3 4 5 6 7 8 9 11 12 13 14 15 16 17 18 19 20 21 22 23 24 25 26 27 28 29 30 32 33 34 35 36 37 38 39 40 41 42 43 44 45 46 48 49 50 51 52 53 54 55 56 57 58 59 61 62 63 64 65 66 67 68 70 71 72 73 74 75 76 77 78 79 82 83 86 87 88 91 92 96 98 100 101 102 104 106 107 108 109 115 116 120 125', [56])
217 : ('098 0 1 2 3 4 5 6 7 8 9 10 11 12 13 14 15 16 17 18 19 20 21 22 23 24 25 26 27 28 29 30 31 32 33 34 35 36 37 38 39 40 41 42 43 44 45 46 47 48 49 50 51 52 53 54 55 56 57 58 59 60 61 62 63 64 65 66 68 69 71 73 75 77 78 80 81 83 84 85 86 92 93 95 96 97 99 100 101 102 105 109 110 112 114 117 118 119 120', [99])
218 : ('098 0 1 2 3 4 5 6 7 8 9 10 11 12 13 14 15 16 17 18 19 20 21 22 23 24 25 26 27 28 29 30 31 32 33 34 36 37 38 40 41 42 43 44 45 46 47 48 49 50 51 52 53 54 55 56 57 58 59 60 61 62 64 65 66 67 68 70 71 79 80 81 82 83 84 85 86 87 88 89 91 92 95 96 97 100 101 105 107 109 110 113 115 116 117 120 122 124 125', [122, 89])
