step 1: load relation and remove duplicated ones
100 / 3938, # all_relations 1273
200 / 3938, # all_relations 2172
300 / 3938, # all_relations 3187
400 / 3938, # all_relations 4081
500 / 3938, # all_relations 4855
600 / 3938, # all_relations 5660
700 / 3938, # all_relations 6320
800 / 3938, # all_relations 6811
900 / 3938, # all_relations 7490
1000 / 3938, # all_relations 7993
1100 / 3938, # all_relations 8841
1200 / 3938, # all_relations 9357
1300 / 3938, # all_relations 9950
1400 / 3938, # all_relations 10445
1500 / 3938, # all_relations 11028
1600 / 3938, # all_relations 11633
1700 / 3938, # all_relations 12239
1800 / 3938, # all_relations 12634
1900 / 3938, # all_relations 13137
2000 / 3938, # all_relations 13575
2100 / 3938, # all_relations 14106
2200 / 3938, # all_relations 14437
2300 / 3938, # all_relations 14831
2400 / 3938, # all_relations 15294
2500 / 3938, # all_relations 15785
2600 / 3938, # all_relations 16154
2700 / 3938, # all_relations 16555
2800 / 3938, # all_relations 17054
2900 / 3938, # all_relations 17285
3000 / 3938, # all_relations 17503
3100 / 3938, # all_relations 17732
3200 / 3938, # all_relations 18111
3300 / 3938, # all_relations 18406
3400 / 3938, # all_relations 18720
3500 / 3938, # all_relations 19070
3600 / 3938, # all_relations 19363
3700 / 3938, # all_relations 19739
3800 / 3938, # all_relations 20156
3900 / 3938, # all_relations 20482
Got 20699 raw relations from 3938 files

step 2: remove cover ralations
100 / 20699, # sim_relations 34
200 / 20699, # sim_relations 37
300 / 20699, # sim_relations 37
400 / 20699, # sim_relations 97
500 / 20699, # sim_relations 97
600 / 20699, # sim_relations 114
700 / 20699, # sim_relations 141
800 / 20699, # sim_relations 203
900 / 20699, # sim_relations 206
1000 / 20699, # sim_relations 207
1100 / 20699, # sim_relations 254
1200 / 20699, # sim_relations 279
1300 / 20699, # sim_relations 281
1400 / 20699, # sim_relations 286
1500 / 20699, # sim_relations 317
1600 / 20699, # sim_relations 317
1700 / 20699, # sim_relations 317
1800 / 20699, # sim_relations 346
1900 / 20699, # sim_relations 363
2000 / 20699, # sim_relations 363
2100 / 20699, # sim_relations 397
2200 / 20699, # sim_relations 400
2300 / 20699, # sim_relations 406
2400 / 20699, # sim_relations 483
2500 / 20699, # sim_relations 504
2600 / 20699, # sim_relations 530
2700 / 20699, # sim_relations 551
2800 / 20699, # sim_relations 612
2900 / 20699, # sim_relations 642
3000 / 20699, # sim_relations 660
3100 / 20699, # sim_relations 682
3200 / 20699, # sim_relations 703
3300 / 20699, # sim_relations 703
3400 / 20699, # sim_relations 725
3500 / 20699, # sim_relations 753
3600 / 20699, # sim_relations 766
3700 / 20699, # sim_relations 785
3800 / 20699, # sim_relations 785
3900 / 20699, # sim_relations 788
4000 / 20699, # sim_relations 820
4100 / 20699, # sim_relations 830
4200 / 20699, # sim_relations 831
4300 / 20699, # sim_relations 849
4400 / 20699, # sim_relations 893
4500 / 20699, # sim_relations 911
4600 / 20699, # sim_relations 911
4700 / 20699, # sim_relations 916
4800 / 20699, # sim_relations 939
4900 / 20699, # sim_relations 947
5000 / 20699, # sim_relations 991
5100 / 20699, # sim_relations 993
5200 / 20699, # sim_relations 1024
5300 / 20699, # sim_relations 1034
5400 / 20699, # sim_relations 1055
5500 / 20699, # sim_relations 1064
5600 / 20699, # sim_relations 1086
5700 / 20699, # sim_relations 1089
5800 / 20699, # sim_relations 1089
5900 / 20699, # sim_relations 1109
6000 / 20699, # sim_relations 1110
6100 / 20699, # sim_relations 1138
6200 / 20699, # sim_relations 1138
6300 / 20699, # sim_relations 1138
6400 / 20699, # sim_relations 1138
6500 / 20699, # sim_relations 1176
6600 / 20699, # sim_relations 1188
6700 / 20699, # sim_relations 1210
6800 / 20699, # sim_relations 1237
6900 / 20699, # sim_relations 1262
7000 / 20699, # sim_relations 1262
7100 / 20699, # sim_relations 1265
7200 / 20699, # sim_relations 1291
7300 / 20699, # sim_relations 1341
7400 / 20699, # sim_relations 1393
7500 / 20699, # sim_relations 1398
7600 / 20699, # sim_relations 1428
7700 / 20699, # sim_relations 1436
7800 / 20699, # sim_relations 1436
7900 / 20699, # sim_relations 1436
8000 / 20699, # sim_relations 1436
8100 / 20699, # sim_relations 1449
8200 / 20699, # sim_relations 1462
8300 / 20699, # sim_relations 1479
8400 / 20699, # sim_relations 1535
8500 / 20699, # sim_relations 1566
8600 / 20699, # sim_relations 1566
8700 / 20699, # sim_relations 1586
8800 / 20699, # sim_relations 1651
8900 / 20699, # sim_relations 1656
9000 / 20699, # sim_relations 1657
9100 / 20699, # sim_relations 1657
9200 / 20699, # sim_relations 1657
9300 / 20699, # sim_relations 1668
9400 / 20699, # sim_relations 1673
9500 / 20699, # sim_relations 1678
9600 / 20699, # sim_relations 1678
9700 / 20699, # sim_relations 1696
9800 / 20699, # sim_relations 1719
9900 / 20699, # sim_relations 1719
10000 / 20699, # sim_relations 1725
10100 / 20699, # sim_relations 1754
10200 / 20699, # sim_relations 1816
10300 / 20699, # sim_relations 1834
10400 / 20699, # sim_relations 1853
10500 / 20699, # sim_relations 1882
10600 / 20699, # sim_relations 1906
10700 / 20699, # sim_relations 1933
10800 / 20699, # sim_relations 1934
10900 / 20699, # sim_relations 1947
11000 / 20699, # sim_relations 1962
11100 / 20699, # sim_relations 1982
11200 / 20699, # sim_relations 1999
11300 / 20699, # sim_relations 2027
11400 / 20699, # sim_relations 2033
11500 / 20699, # sim_relations 2044
11600 / 20699, # sim_relations 2045
11700 / 20699, # sim_relations 2065
11800 / 20699, # sim_relations 2096
11900 / 20699, # sim_relations 2166
12000 / 20699, # sim_relations 2180
12100 / 20699, # sim_relations 2201
12200 / 20699, # sim_relations 2230
12300 / 20699, # sim_relations 2230
12400 / 20699, # sim_relations 2241
12500 / 20699, # sim_relations 2261
12600 / 20699, # sim_relations 2261
12700 / 20699, # sim_relations 2289
12800 / 20699, # sim_relations 2347
12900 / 20699, # sim_relations 2414
13000 / 20699, # sim_relations 2438
13100 / 20699, # sim_relations 2464
13200 / 20699, # sim_relations 2508
13300 / 20699, # sim_relations 2536
13400 / 20699, # sim_relations 2569
13500 / 20699, # sim_relations 2585
13600 / 20699, # sim_relations 2626
13700 / 20699, # sim_relations 2657
13800 / 20699, # sim_relations 2699
13900 / 20699, # sim_relations 2723
14000 / 20699, # sim_relations 2752
14100 / 20699, # sim_relations 2795
14200 / 20699, # sim_relations 2795
14300 / 20699, # sim_relations 2795
14400 / 20699, # sim_relations 2811
14500 / 20699, # sim_relations 2819
14600 / 20699, # sim_relations 2822
14700 / 20699, # sim_relations 2875
14800 / 20699, # sim_relations 2898
14900 / 20699, # sim_relations 2956
15000 / 20699, # sim_relations 2982
15100 / 20699, # sim_relations 3012
15200 / 20699, # sim_relations 3037
15300 / 20699, # sim_relations 3072
15400 / 20699, # sim_relations 3099
15500 / 20699, # sim_relations 3099
15600 / 20699, # sim_relations 3129
15700 / 20699, # sim_relations 3174
15800 / 20699, # sim_relations 3191
15900 / 20699, # sim_relations 3242
16000 / 20699, # sim_relations 3242
16100 / 20699, # sim_relations 3312
16200 / 20699, # sim_relations 3337
16300 / 20699, # sim_relations 3358
16400 / 20699, # sim_relations 3397
16500 / 20699, # sim_relations 3400
16600 / 20699, # sim_relations 3416
16700 / 20699, # sim_relations 3430
16800 / 20699, # sim_relations 3433
16900 / 20699, # sim_relations 3435
17000 / 20699, # sim_relations 3449
17100 / 20699, # sim_relations 3496
17200 / 20699, # sim_relations 3526
17300 / 20699, # sim_relations 3532
17400 / 20699, # sim_relations 3533
17500 / 20699, # sim_relations 3541
17600 / 20699, # sim_relations 3541
17700 / 20699, # sim_relations 3586
17800 / 20699, # sim_relations 3613
17900 / 20699, # sim_relations 3675
18000 / 20699, # sim_relations 3715
18100 / 20699, # sim_relations 3735
18200 / 20699, # sim_relations 3735
18300 / 20699, # sim_relations 3774
18400 / 20699, # sim_relations 3821
18500 / 20699, # sim_relations 3821
18600 / 20699, # sim_relations 3852
18700 / 20699, # sim_relations 3875
18800 / 20699, # sim_relations 3905
18900 / 20699, # sim_relations 3958
19000 / 20699, # sim_relations 3964
19100 / 20699, # sim_relations 4010
19200 / 20699, # sim_relations 4073
19300 / 20699, # sim_relations 4091
19400 / 20699, # sim_relations 4091
19500 / 20699, # sim_relations 4119
19600 / 20699, # sim_relations 4193
19700 / 20699, # sim_relations 4195
19800 / 20699, # sim_relations 4232
19900 / 20699, # sim_relations 4285
20000 / 20699, # sim_relations 4285
20100 / 20699, # sim_relations 4297
20200 / 20699, # sim_relations 4303
20300 / 20699, # sim_relations 4329
20400 / 20699, # sim_relations 4355
20500 / 20699, # sim_relations 4378
20600 / 20699, # sim_relations 4392
Got 4394 simplified relations from 20699 raw relations

step 3: merge ralations
100 / 4394, new_relations 6
200 / 4394, new_relations 9
300 / 4394, new_relations 18
400 / 4394, new_relations 24
500 / 4394, new_relations 30
600 / 4394, new_relations 35
700 / 4394, new_relations 42
800 / 4394, new_relations 48
900 / 4394, new_relations 53
1000 / 4394, new_relations 59
1100 / 4394, new_relations 67
1200 / 4394, new_relations 73
1300 / 4394, new_relations 79
1400 / 4394, new_relations 86
1500 / 4394, new_relations 94
1600 / 4394, new_relations 98
1700 / 4394, new_relations 109
1800 / 4394, new_relations 115
1900 / 4394, new_relations 122
2000 / 4394, new_relations 131
2100 / 4394, new_relations 139
2200 / 4394, new_relations 145
2300 / 4394, new_relations 152
2400 / 4394, new_relations 156
2500 / 4394, new_relations 161
2600 / 4394, new_relations 166
2700 / 4394, new_relations 170
2800 / 4394, new_relations 175
2900 / 4394, new_relations 183
3000 / 4394, new_relations 187
3100 / 4394, new_relations 191
3200 / 4394, new_relations 196
3300 / 4394, new_relations 200
3400 / 4394, new_relations 207
3500 / 4394, new_relations 219
3600 / 4394, new_relations 230
3700 / 4394, new_relations 236
3800 / 4394, new_relations 242
3900 / 4394, new_relations 246
4000 / 4394, new_relations 254
4100 / 4394, new_relations 260
4200 / 4394, new_relations 267
4300 / 4394, new_relations 274
================================================================
1 : ('001 16', [16])
2 : ('002 16 21', [21])
3 : ('004 0 3 4 37', [37, 4, 3, 0])
4 : ('005 1 3 6 7 40', [40, 7, 6, 3, 1])
5 : ('005 10 12 15 16 49', [49, 15, 12, 10])
6 : ('005 11 13 16 17 50', [50, 17, 13, 11])
7 : ('005 12 14 17 18 51', [51, 18, 17, 14, 12])
8 : ('005 13 15 18 19 52', [52, 19, 18, 15, 13])
9 : ('005 3 5 8 9 42', [42, 9, 8, 5, 3])
10 : ('005 5 7 10 11 44', [44, 11, 10, 7, 5])
11 : ('005 7 9 12 13 46', [46, 13, 12, 9, 7])
12 : ('006 0 15 17 20 21 54', [54, 20, 17, 15, 0])
13 : ('006 1 16 18 21 22 55', [55, 22, 18, 1])
14 : ('006 12 14 17 18 25 51', [25])
15 : ('006 13 15 18 19 22 52', [22])
16 : ('007 0 5 20 22 25 26 59', [59, 26, 25, 22, 20, 5, 0])
17 : ('007 2 7 22 24 27 28 61', [61, 28, 27, 24, 22, 7, 2])
18 : ('007 3 8 23 25 28 29 62', [62, 29, 28, 25, 23, 8, 3])
19 : ('008 3 5 7 11 13 16 17 50', [7, 5, 3])
20 : ('008 6 11 16 26 28 31 32 65', [65, 32, 31, 28, 26, 11, 6])
21 : ('009 2 9 11 13 17 19 22 23 56', [56, 23, 22, 19, 17, 13, 11, 9, 2])
22 : ('010 1 3 4 5 12 17 34 37 38 71', [71, 38, 37, 34, 17, 12, 5, 4, 3, 1])
23 : ('010 6 11 16 25 26 28 30 31 32 65', [30, 25])
24 : ('011 0 2 3 4 11 16 31 33 36 37 70', [70, 36, 33, 31, 11, 2])
25 : ('011 0 7 12 19 21 23 27 29 32 33 66', [66, 33, 32, 29, 27, 23, 19, 12, 7, 0])
26 : ('011 1 3 4 5 12 17 32 34 37 38 71', [32])
27 : ('012 8 10 12 13 14 18 27 32 47 49 52 86', [86, 52, 49, 47, 32, 27, 18, 14, 13, 12, 10, 8])
28 : ('012 8 10 12 15 16 20 27 32 47 49 53 86', [86, 53, 47, 32, 27, 20, 8])
29 : ('012 8 13 15 18 19 20 27 32 47 52 53 86', [86, 53, 47, 32, 27, 20, 8])
30 : ('012 9 11 13 14 15 19 28 33 48 50 53 87', [87, 53, 50, 48, 33, 28, 19, 15, 14, 13, 11, 9])
31 : ('013 0 1 4 6 7 8 15 20 35 37 40 41 74', [74, 41, 35, 20, 15, 8])
32 : ('013 1 11 13 15 16 17 21 30 35 50 52 55 89', [89, 55, 52, 35, 30, 15, 1])
33 : ('014 1 3 4 5 12 17 24 26 28 32 34 37 38 71', [28, 26, 24])
34 : ('014 2 5 15 17 19 20 21 25 34 39 54 56 59 93', [93, 59, 56, 54, 39, 34, 25, 20, 19, 17, 15, 5, 2])
35 : ('015 1 3 5 6 9 11 12 13 20 25 40 42 45 46 79', [79, 45, 42, 25, 20, 11, 5])
36 : ('015 2 4 6 7 10 12 13 14 21 26 41 43 46 47 80', [80, 47, 46, 43, 41, 26, 14, 13, 12, 10, 7, 6, 4, 2])
37 : ('015 3 5 7 8 11 13 14 15 22 27 42 44 47 48 81', [81, 48, 47, 44, 42, 27, 22, 15, 14, 13, 11, 8, 7, 5, 3])
38 : ('015 5 7 9 10 13 15 16 17 24 29 44 46 49 50 83', [83, 29, 24])
39 : ('015 7 9 11 12 15 17 18 19 26 31 46 48 51 52 85', [85, 51, 48, 31, 26, 17, 11])
40 : ('016 0 1 4 6 7 8 15 20 27 29 31 35 37 40 41 74', [31, 29, 27])
41 : ('016 1 3 5 6 9 11 12 13 20 25 32 40 42 45 46 79', [32])
42 : ('017 0 1 10 12 14 15 18 20 21 22 29 34 49 51 54 55 88', [88, 34, 29])
43 : ('017 1 2 11 13 15 16 19 21 22 23 30 35 50 52 55 56 89', [56, 50, 23, 11, 2])
44 : ('017 2 3 12 14 16 17 20 22 23 24 31 36 51 53 56 57 90', [90, 57, 56, 53, 51, 36, 31, 24, 23, 22, 20, 17, 14, 12, 3, 2])
45 : ('018 0 3 4 13 15 17 18 21 23 24 25 32 37 52 54 57 58 91', [91, 58, 57, 54, 52, 32, 25, 24, 23, 18, 17, 15, 13])
46 : ('018 1 3 6 7 10 12 13 14 21 26 33 35 37 41 43 46 47 80', [80, 47, 46, 43, 41, 37, 35, 33, 26, 14, 13, 12, 10, 7, 6, 3, 1])
47 : ('018 1 5 6 8 9 11 12 13 20 23 28 29 40 42 45 46 62 79', [9])
48 : ('018 5 7 8 11 12 13 18 19 20 25 27 32 44 47 49 52 53 86', [25])
49 : ('019 0 1 2 7 10 16 20 21 22 24 25 26 30 39 44 59 61 64 98', [98, 64, 61, 59, 44, 39, 30, 26, 25, 24, 22, 20, 10, 7, 2, 1, 0])
50 : ('019 0 1 4 5 14 16 18 19 22 24 25 26 33 38 53 55 58 59 92', [92, 59, 58, 53, 38, 33, 26, 25, 24, 19, 14, 5, 4, 0])
51 : ('019 1 2 3 4 6 8 10 12 13 14 21 26 33 35 37 43 46 47 80', [80, 47, 46, 43, 37, 35, 33, 26, 14, 13, 12, 10, 8, 6, 4, 3, 2, 1])
52 : ('019 1 2 5 6 15 17 19 20 23 25 26 27 34 39 54 56 59 60 93', [60, 27, 26, 23, 6, 1])
53 : ('019 3 4 7 8 17 19 21 22 25 27 28 29 36 41 56 58 61 62 95', [95, 62, 61, 58, 56, 41, 36, 29, 28, 27, 25, 22, 19, 17, 8, 7, 4, 3])
54 : ('020 1 3 5 6 7 9 10 13 15 16 17 24 25 29 40 44 46 49 50 83', [25])
55 : ('021 0 1 5 6 9 10 19 21 23 24 27 29 30 31 38 43 58 60 63 64 97', [97, 64, 63, 60, 58, 43, 38, 31, 30, 29, 27, 24, 23, 19, 10, 9, 6, 5, 1, 0])
56 : ('021 2 6 7 10 13 17 18 20 24 26 27 28 35 40 44 50 55 57 60 61 94', [94, 60, 57, 50, 35, 26, 20, 17, 13, 7])
57 : ('021 3 4 9 11 13 16 17 20 22 23 24 31 36 43 45 47 51 53 56 57 90', [90, 57, 56, 53, 51, 47, 45, 43, 36, 31, 24, 23, 22, 20, 17, 13, 11, 9, 4, 3])
58 : ('021 4 5 10 12 14 17 18 21 23 24 25 32 37 44 46 48 52 54 57 58 91', [91, 58, 57, 54, 52, 48, 46, 44, 37, 32, 24, 23, 18, 17, 14, 12, 10, 5, 4])
59 : ('022 2 5 6 7 8 11 13 15 16 17 23 26 27 28 30 32 36 38 41 42 60 75', [75, 60, 42, 41, 38, 36, 32, 30, 28, 27, 26, 23, 17, 15, 13, 11, 8, 7, 6, 5, 2])
60 : ('023 0 1 3 4 5 6 7 8 12 13 14 27 32 34 37 38 39 46 47 66 71 72 105', [105, 72, 71, 66, 46, 39, 38, 34, 27, 14, 13, 12, 8, 7, 6, 1])
61 : ('023 1 2 3 6 11 12 13 16 17 18 24 25 26 28 32 33 34 35 37 39 50 71 72', [72, 71, 39, 37, 35, 34, 33, 32, 28, 26, 24, 18, 12, 6, 3, 2, 1])
62 : ('023 1 4 5 7 8 9 12 14 24 26 27 28 29 31 33 34 38 46 47 51 66 68 105', [105, 68, 66, 51, 46, 38, 34, 33, 31, 29, 28, 27, 26, 24, 14, 12, 9, 8, 7, 4, 1])
63 : ('024 0 1 2 5 6 7 12 15 17 20 21 25 26 29 32 33 34 39 54 56 59 60 66 93', [93, 66, 60, 59, 56, 39, 34, 33, 32, 29, 26, 25, 12, 7, 6, 5, 2, 1])
64 : ('024 0 1 3 5 7 8 9 17 18 24 26 27 28 29 31 33 34 37 38 46 47 66 68 105', [105, 68, 66, 46, 38, 37, 34, 33, 31, 29, 28, 27, 26, 24, 18, 17, 9, 8, 7, 3, 1, 0])
65 : ('024 0 1 4 6 8 10 11 20 21 22 24 25 28 30 31 32 39 41 44 59 61 64 65 98', [98, 65, 64, 61, 59, 44, 41, 39, 32, 31, 28, 24, 22, 20, 11, 10, 8, 6, 4, 1, 0])
66 : ('024 0 7 10 11 13 15 19 20 23 24 25 26 35 39 44 50 52 55 56 59 61 64 89 98', [89, 55, 52, 50, 35, 19, 15, 13])
67 : ('024 1 2 6 7 10 11 15 17 21 22 24 25 28 30 31 32 39 44 54 59 61 64 65 98', [98, 65, 64, 61, 59, 54, 44, 39, 32, 31, 28, 24, 22, 17, 15, 11, 10, 7, 6, 2, 1])
68 : ('024 1 3 5 6 8 9 10 11 16 18 19 25 27 32 40 42 45 46 47 49 52 53 79 86', [86, 79, 53, 52, 49, 47, 46, 45, 40, 32, 27, 25, 19, 18, 11, 10, 6, 1])
69 : ('024 2 3 4 5 6 7 8 9 12 13 27 29 31 35 37 38 39 46 47 66 68 71 72 105', [105, 72, 71, 68, 66, 39, 38, 37, 35, 31, 29, 27, 8, 6, 4, 3, 2])
70 : ('024 5 7 8 9 10 15 20 23 25 27 29 30 31 35 37 38 40 41 43 60 63 64 74 97', [97, 74, 64, 63, 60, 43, 41, 40, 38, 37, 35, 31, 30, 29, 27, 25, 23, 20, 15, 10, 9, 8, 7, 5])
71 : ('025 0 1 2 3 4 8 9 12 13 22 24 26 27 30 32 33 34 41 42 46 61 63 66 67 100', [100, 67, 66, 63, 61, 46, 41, 34, 33, 32, 30, 27, 26, 24, 22, 13, 12, 9, 8, 4, 3, 2, 1])
72 : ('025 0 1 2 4 5 6 7 10 11 12 13 16 17 18 24 26 28 32 33 34 35 39 44 71 72', [72, 71, 39, 35, 34, 33, 18, 17, 13, 12, 6, 4, 2, 1, 0])
73 : ('025 0 1 6 7 9 10 13 17 19 20 23 24 25 28 30 31 32 39 44 56 59 61 64 65 98', [98, 65, 64, 61, 59, 56, 44, 39, 32, 31, 30, 28, 25, 24, 23, 20, 19, 17, 13, 10, 9, 7, 6, 1, 0])
74 : ('025 6 7 9 10 11 14 20 21 22 24 25 28 29 30 32 34 35 39 44 59 61 64 65 68 98', [98, 68, 65, 64, 61, 59, 44, 39, 35, 34, 32, 30, 29, 28, 25, 24, 22, 20, 14, 11, 10, 9, 7, 6])
75 : ('026 0 1 2 3 5 6 7 9 10 11 17 22 23 24 26 29 30 31 38 40 43 56 58 63 64 97', [97, 64, 63, 58, 56, 43, 38, 31, 30, 29, 26, 24, 23, 22, 17, 11, 10, 9, 5, 2, 0])
76 : ('026 0 1 2 4 6 7 11 13 15 16 17 22 25 35 37 39 40 41 45 54 55 59 74 76 79 113', [113, 79, 76, 74, 59, 54, 45, 41, 39, 35, 25, 22, 17, 15, 11, 2])
77 : ('026 0 2 3 6 13 16 18 25 29 33 36 38 39 40 48 49 53 59 61 63 67 69 72 73 86 106', [106, 86, 73, 72, 69, 67, 63, 61, 59, 53, 49, 40, 39, 38, 36, 33, 29, 25, 18, 13, 3, 2, 0])
78 : ('026 0 3 4 5 7 9 10 11 13 14 20 21 25 27 28 30 31 33 37 44 48 50 53 54 64 87', [87, 64, 54, 53, 50, 48, 33, 31, 30, 28, 27, 25, 20, 14, 13, 9])
79 : ('026 1 10 11 12 13 14 16 20 22 25 26 35 37 39 40 43 45 46 47 55 59 74 76 79 80 113', [113, 80, 79, 76, 74, 59, 47, 46, 45, 43, 40, 39, 37, 35, 26, 25, 22, 20, 14, 12, 11, 10])
80 : ('026 2 3 4 5 6 7 8 9 11 12 13 27 29 31 32 35 37 38 39 46 47 66 68 71 72 105', [11])
81 : ('026 2 3 4 5 6 7 8 9 12 13 16 27 29 31 32 35 37 38 39 46 47 66 68 71 72 105', [32])
82 : ('027 0 1 2 3 4 5 9 10 13 14 21 23 25 27 28 31 33 34 35 42 43 47 62 64 67 68 101', [101, 68, 67, 64, 62, 47, 42, 35, 34, 33, 31, 28, 27, 25, 23, 14, 13, 10, 9, 5, 4, 3, 2, 0])
83 : ('027 0 3 7 10 11 12 13 17 18 20 22 25 26 30 31 33 34 35 37 44 59 61 64 65 71 72 98', [98, 72, 71, 65, 64, 61, 37, 35, 34, 33, 31, 30, 18, 17, 13, 12])
84 : ('027 0 5 8 9 12 13 16 18 20 24 26 27 29 30 31 32 38 43 47 49 52 53 58 63 64 86 97', [97, 86, 64, 63, 58, 53, 52, 49, 47, 43, 38, 32, 31, 30, 29, 27, 26, 24, 20, 18, 13, 12, 9, 8, 5, 0])
85 : ('027 1 2 3 4 9 10 13 14 20 22 23 26 27 28 31 33 34 35 42 43 47 59 62 64 67 68 101', [101, 68, 67, 64, 62, 59, 47, 42, 35, 34, 33, 31, 28, 27, 26, 23, 22, 20, 14, 13, 10, 9, 4, 3, 2])
86 : ('028 0 1 2 3 4 5 6 7 11 12 15 16 25 27 29 30 33 35 36 37 44 45 49 64 66 69 70 103', [103, 70, 69, 66, 64, 36, 35, 33, 30, 29, 27, 25, 6, 2, 1])
87 : ('028 0 2 3 6 8 10 12 19 20 27 29 32 33 36 38 39 40 47 48 52 59 61 63 67 69 72 73 106', [106, 73, 72, 69, 67, 63, 61, 59, 52, 47, 40, 39, 38, 36, 33, 32, 29, 27, 20, 19, 10, 8, 3, 2, 0])
88 : ('028 0 2 3 6 8 10 19 20 25 27 29 32 33 36 38 39 40 47 48 52 59 61 63 67 69 72 73 106', [106, 73, 72, 69, 67, 63, 61, 59, 52, 47, 40, 39, 38, 36, 33, 32, 29, 27, 25, 20, 19, 10, 8, 3, 2, 0])
89 : ('028 0 2 6 7 10 13 15 17 20 21 22 24 25 28 31 32 35 39 44 50 52 55 59 61 64 65 89 98', [50, 17, 13])
90 : ('028 0 6 7 10 13 15 19 20 21 23 24 25 28 31 32 35 39 44 50 52 55 56 59 61 64 65 89 98', [98, 89, 65, 64, 61, 59, 56, 55, 52, 50, 44, 39, 35, 32, 31, 28, 25, 24, 23, 20, 19, 15, 13, 10, 7, 6, 0])
91 : ('028 1 2 3 4 5 6 7 8 12 13 16 17 26 28 30 31 34 36 37 38 45 46 50 65 67 70 71 104', [30])
92 : ('028 4 5 7 8 9 10 15 19 20 21 23 24 27 29 30 31 35 37 38 40 41 43 58 60 63 64 74 97', [97, 74, 64, 63, 60, 58, 43, 41, 40, 38, 37, 35, 31, 30, 29, 27, 24, 23, 20, 19, 15, 10, 9, 8, 7, 5, 4])
93 : ('029 0 1 2 4 6 8 9 15 17 18 19 22 25 27 28 29 30 34 37 39 42 54 56 57 60 62 63 93 96', [96, 93, 63, 57, 56, 54, 42, 39, 37, 34, 30, 25, 19, 18, 17, 15, 9, 8, 4, 2, 0])
94 : ('029 0 2 3 6 8 10 12 19 20 25 27 29 32 33 36 38 39 40 47 48 52 59 61 63 67 69 72 73 106', [12])
95 : ('029 1 2 10 11 13 14 17 18 22 23 26 27 36 38 40 41 44 46 47 48 49 55 56 60 75 77 80 81 114', [114, 81, 80, 77, 75, 60, 49, 48, 47, 46, 44, 41, 40, 38, 36, 27, 26, 23, 17, 13, 11, 10])
96 : ('029 1 2 3 4 5 6 7 8 12 13 16 17 25 26 28 30 31 34 36 37 38 45 46 50 65 67 70 71 104', [104, 70, 67, 45, 36, 8, 2])
97 : ('029 1 2 4 5 6 7 12 13 16 17 23 25 26 29 30 31 34 36 37 38 45 46 50 62 65 67 70 71 104', [65, 50, 31, 26, 17, 13, 6, 5])
98 : ('029 1 2 4 6 7 8 10 12 13 17 19 21 22 23 28 31 41 43 45 46 47 51 60 61 65 80 82 85 119', [119, 85, 82, 80, 65, 60, 51, 47, 46, 45, 43, 41, 31, 28, 23, 22, 17, 13, 12, 10, 8, 6, 4, 1])
99 : ('029 1 3 6 8 9 10 11 12 13 14 18 19 22 23 32 34 36 37 42 43 44 51 52 56 71 73 76 77 110', [110, 77, 76, 73, 71, 56, 51, 43, 42, 37, 36, 34, 32, 23, 19, 18, 14, 13, 12, 11, 9, 8, 6, 3, 1])
100 : ('029 4 5 6 7 13 14 15 17 18 19 21 23 24 25 26 28 30 32 34 36 37 39 40 52 54 57 58 73 91', [91, 73, 58, 57, 54, 40, 39, 37, 36, 34, 32, 30, 28, 26, 25, 24, 23, 17, 14, 7, 6, 5, 4])
101 : ('030 0 2 3 6 8 10 12 13 15 18 20 25 27 29 32 33 36 38 39 40 47 48 59 61 63 67 69 72 73 106', [106, 73, 72, 69, 67, 63, 61, 59, 47, 40, 39, 38, 36, 33, 32, 29, 27, 25, 20, 18, 15, 13, 12, 10, 8, 3, 2, 0])
102 : ('030 0 2 5 6 7 8 9 14 15 16 19 20 21 23 26 27 30 32 33 36 38 41 42 48 50 53 54 60 75 87', [87, 75, 60, 54, 53, 50, 48, 42, 41, 38, 36, 33, 32, 30, 27, 26, 23, 20, 19, 15, 14, 9, 8, 7, 6, 5, 2, 0])
103 : ('030 0 4 5 7 9 10 11 13 15 16 20 22 24 25 26 31 34 44 46 48 49 50 54 63 64 68 83 85 88 122', [122, 88, 85, 83, 68, 63, 48, 34, 31, 26, 25, 24, 4])
104 : ('030 1 10 12 13 14 15 17 20 21 22 25 26 30 37 39 40 43 45 46 47 50 52 55 59 74 76 79 80 89 113', [50, 17])
105 : ('030 1 2 11 12 13 14 15 16 17 18 22 23 26 27 36 38 40 41 44 46 47 48 55 56 60 75 77 80 81 114', [114, 81, 80, 77, 75, 60, 48, 47, 46, 44, 41, 40, 38, 36, 27, 26, 23, 17, 15, 13, 12, 11])
106 : ('030 1 2 3 4 6 7 8 11 12 15 16 22 24 25 27 28 30 31 37 39 44 47 49 53 59 61 64 65 86 98', [98, 86, 65, 64, 59, 53, 49, 47, 44, 39, 37, 31, 30, 25, 15, 12, 11, 8, 6, 4, 3, 1])
107 : ('031 0 1 2 4 6 8 10 12 13 16 17 18 19 20 21 24 26 27 28 32 33 34 35 39 47 49 52 53 71 72 86', [72, 71, 39, 35, 34, 33, 28, 26, 24, 17, 6, 4, 2, 1, 0])
108 : ('031 0 2 3 12 13 14 15 16 17 18 19 23 24 27 28 37 39 41 42 45 47 48 49 56 57 61 76 78 81 82 115', [115, 82, 81, 78, 76, 61, 56, 49, 48, 47, 45, 42, 41, 39, 37, 28, 27, 24, 23, 19, 18, 17, 14, 13, 12, 2, 0])
109 : ('031 0 2 3 4 5 7 9 10 11 12 13 14 15 16 17 20 21 22 23 24 31 36 37 44 48 50 51 53 56 57 90', [48, 15, 9])
110 : ('031 0 2 3 6 8 10 12 13 15 18 20 22 25 27 29 32 33 36 38 39 40 47 48 59 61 63 67 69 72 73 106', [22])
111 : ('031 0 4 5 6 7 9 16 17 22 24 27 28 31 32 33 36 37 38 41 42 45 46 50 61 63 65 66 70 71 100 104', [104, 100, 71, 70, 66, 65, 63, 61, 50, 45, 41, 38, 37, 36, 33, 32, 31, 28, 27, 24, 22, 17, 9, 7, 6])
112 : ('031 1 2 11 12 13 14 15 16 17 18 22 23 26 27 32 36 38 40 41 44 46 47 48 55 56 60 75 77 80 81 114', [32])
113 : ('031 1 3 7 11 12 14 16 17 18 20 22 23 27 29 31 32 33 38 41 51 53 55 56 57 61 70 71 75 90 92 95', [95, 92, 90, 75, 70, 61, 57, 56, 53, 41, 38, 33, 32, 31, 27, 23, 20, 11, 7, 3])
114 : ('032 0 1 2 6 7 12 13 14 24 26 28 30 31 32 35 37 40 43 44 45 46 47 55 61 64 65 74 76 79 80 98 113', [113, 98, 80, 79, 76, 74, 65, 64, 61, 47, 46, 45, 44, 43, 40, 37, 35, 32, 31, 30, 28, 26, 24, 14, 12, 7, 6, 2, 0])
115 : ('032 1 2 10 12 13 14 15 19 20 21 23 25 26 30 37 39 40 43 45 46 47 50 52 55 56 59 74 76 79 80 89 113', [113, 89, 80, 79, 76, 74, 59, 52, 50, 47, 46, 45, 43, 40, 39, 37, 30, 26, 25, 20, 19, 15, 14, 12, 10])
116 : ('032 1 3 6 7 8 11 12 19 21 22 27 28 29 30 31 33 36 38 40 44 47 48 52 63 64 65 67 69 72 73 98 106', [106, 98, 73, 72, 69, 67, 65, 64, 63, 52, 47, 44, 38, 36, 33, 31, 30, 29, 28, 27, 22, 19, 12, 11, 8])
117 : ('032 1 5 11 12 13 14 16 17 19 20 21 22 26 27 30 31 35 37 39 40 43 45 46 47 55 59 64 74 76 79 80 113', [113, 80, 79, 76, 74, 64, 59, 47, 46, 45, 43, 40, 39, 37, 35, 31, 30, 27, 26, 22, 20, 19, 17, 14, 12, 11, 5])
118 : ('032 2 3 5 6 9 14 15 16 17 18 20 23 25 26 27 36 38 41 42 44 45 47 48 55 56 60 75 77 79 80 81 114', [114, 81, 80, 79, 77, 75, 60, 55, 48, 47, 45, 44, 42, 41, 38, 36, 27, 26, 25, 23, 20, 18, 17, 15, 9, 6, 5, 3])
119 : ('033 0 1 3 5 6 8 10 12 15 17 23 26 29 32 33 34 36 38 40 47 48 52 54 56 60 61 63 67 69 72 73 93 106', [106, 93, 73, 72, 69, 67, 63, 61, 60, 56, 54, 52, 47, 40, 38, 36, 34, 33, 32, 29, 26, 23, 17, 15, 12, 10, 8, 5, 3, 1, 0])
120 : ('033 0 1 6 10 12 13 14 15 16 17 21 22 25 28 31 32 35 37 39 40 43 45 46 47 54 55 59 65 74 76 79 80 113', [113, 80, 79, 76, 74, 65, 59, 54, 47, 46, 45, 43, 40, 39, 37, 35, 32, 31, 28, 22, 17, 15, 14, 12, 10, 6, 0])
121 : ('033 1 2 3 4 6 7 10 12 15 19 25 27 29 32 33 35 36 37 38 39 41 47 48 52 59 61 63 67 69 72 73 74 106', [106, 74, 73, 72, 69, 67, 63, 61, 59, 52, 47, 41, 39, 38, 37, 36, 35, 33, 32, 29, 27, 25, 19, 15, 12, 10, 7, 4, 3, 2, 1])
122 : ('033 1 2 4 6 7 16 17 18 19 20 21 22 23 27 28 31 32 41 43 45 46 49 51 52 53 60 61 65 80 82 85 86 119', [119, 86, 85, 82, 80, 65, 60, 53, 52, 51, 49, 46, 45, 43, 41, 32, 31, 28, 27, 23, 22, 20, 18, 17, 6, 4, 1])
123 : ('033 1 2 6 12 13 14 15 16 17 18 22 23 27 28 31 32 36 38 40 41 44 46 47 48 55 56 60 65 75 77 80 81 114', [114, 81, 80, 77, 75, 65, 60, 48, 47, 46, 44, 41, 40, 38, 36, 32, 31, 28, 27, 23, 17, 15, 13, 12, 6])
124 : ('033 1 2 8 10 11 14 15 17 19 20 22 23 26 32 36 38 40 41 44 46 48 49 52 53 55 56 60 75 77 80 81 86 114', [55, 52, 49, 22, 19, 17, 15, 11, 10, 1])
125 : ('033 1 3 6 7 8 11 12 16 19 22 24 27 28 29 30 31 33 36 38 40 44 47 48 52 63 64 65 67 69 72 73 98 106', [24])
126 : ('033 1 9 10 12 13 15 16 19 20 22 25 26 28 33 35 37 39 40 43 45 46 47 48 50 53 55 59 74 76 79 80 87 113', [113, 87, 80, 79, 76, 74, 59, 53, 50, 48, 47, 46, 45, 43, 40, 39, 37, 35, 33, 28, 26, 25, 22, 20, 19, 15, 12, 10, 9])
127 : ('033 2 3 4 5 11 13 14 15 16 18 22 23 26 27 32 34 36 37 40 41 44 46 47 48 55 56 60 71 75 77 80 81 114', [114, 81, 80, 77, 75, 71, 60, 55, 48, 47, 46, 44, 41, 40, 37, 36, 34, 32, 27, 26, 23, 22, 18, 15, 13, 11, 5, 4, 3])
128 : ('033 2 3 4 5 7 10 16 19 21 22 23 26 30 34 36 37 38 41 43 46 47 50 51 60 61 67 70 71 80 82 85 104 119', [119, 104, 85, 82, 80, 71, 70, 67, 60, 51, 50, 47, 43, 41, 38, 37, 36, 34, 30, 26, 23, 22, 10, 5, 3])
129 : ('033 2 3 5 6 9 14 15 16 17 18 20 22 23 25 26 27 36 38 41 42 44 45 47 48 55 56 60 75 77 79 80 81 114', [22])
130 : ('033 2 4 5 6 7 10 11 13 14 16 17 18 19 20 21 26 28 30 31 32 33 38 39 44 50 53 55 58 61 64 65 92 98', [98, 92, 64, 61, 58, 55, 53, 39, 38, 33, 30, 20, 19, 18, 14, 4, 2])
131 : ('033 2 4 5 6 7 8 11 12 13 15 18 20 25 27 29 32 33 36 37 38 39 40 44 47 48 59 61 63 67 69 72 73 106', [106, 73, 72, 69, 67, 63, 61, 59, 47, 44, 40, 39, 38, 37, 36, 33, 32, 29, 27, 25, 20, 18, 15, 13, 12, 11, 8, 7, 5, 4, 2])
132 : ('033 4 5 6 7 8 9 13 14 17 20 22 23 24 27 29 32 35 36 37 38 39 46 47 51 53 56 57 66 68 71 72 90 105', [105, 90, 72, 71, 68, 66, 57, 56, 53, 51, 46, 39, 38, 37, 36, 35, 32, 29, 27, 24, 23, 22, 20, 17, 14, 13, 9, 8, 7, 6, 4])
133 : ('034 0 1 2 6 7 8 10 11 12 13 15 16 18 19 21 22 24 25 27 28 30 31 39 44 47 49 52 53 59 61 64 65 86 98', [98, 86, 65, 64, 59, 53, 47, 44, 39, 31, 30, 25, 11, 8, 6, 1, 0])
134 : ('034 0 2 3 5 7 8 17 18 19 20 21 22 23 24 28 29 32 33 42 44 46 47 50 52 53 54 61 62 66 81 83 86 87 120', [120, 50, 44, 19, 0])
135 : ('034 0 4 5 6 7 9 10 12 13 16 19 20 25 31 33 35 36 37 40 46 47 48 52 59 61 63 66 67 68 69 71 73 105 106', [106, 105, 73, 71, 69, 68, 67, 66, 63, 61, 59, 52, 40, 37, 36, 35, 33, 31, 25, 20, 19, 10, 4, 0])
136 : ('034 1 2 3 4 9 12 14 15 18 20 24 26 27 31 38 40 41 43 44 45 46 48 51 53 55 56 57 60 75 77 80 81 90 114', [114, 90, 81, 80, 77, 75, 60, 57, 55, 53, 51, 48, 46, 45, 44, 43, 41, 40, 38, 31, 27, 26, 24, 20, 18, 15, 12, 9, 4, 3, 1])
137 : ('034 2 3 4 5 11 13 14 15 16 18 22 23 24 27 28 32 34 36 37 40 41 44 46 47 48 55 56 60 71 75 77 80 81 114', [114, 81, 80, 77, 75, 71, 60, 55, 48, 47, 46, 44, 41, 40, 37, 36, 34, 32, 28, 27, 24, 23, 22, 18, 15, 13, 11, 5, 4, 3])
138 : ('034 2 4 6 7 8 9 12 14 17 18 19 20 25 27 29 32 33 36 38 39 40 46 47 48 51 52 59 61 63 67 69 72 73 106', [106, 73, 72, 69, 67, 63, 61, 59, 52, 47, 46, 40, 39, 38, 36, 33, 32, 29, 27, 20, 19, 9, 8, 7, 4, 2])
139 : ('035 0 1 3 4 6 8 9 18 19 20 21 22 23 24 25 29 30 33 34 43 45 47 48 51 53 54 55 62 63 67 82 84 87 88 121', [121, 88, 87, 84, 82, 67, 62, 54, 53, 51, 48, 47, 45, 43, 34, 33, 30, 29, 25, 24, 23, 20, 19, 8, 6, 3, 0])
140 : ('036 0 1 2 4 5 7 9 10 19 20 21 22 23 24 25 26 30 31 34 35 44 46 48 49 52 54 55 56 63 64 68 83 85 88 89 122', [122, 89, 88, 85, 83, 68, 63, 56, 55, 54, 52, 49, 48, 46, 44, 35, 34, 31, 30, 26, 25, 24, 23, 20, 19, 9, 7, 4, 2, 1, 0])
141 : ('036 0 1 2 9 12 14 15 18 19 20 21 22 23 26 27 28 33 36 38 40 41 44 46 47 50 53 54 55 56 60 75 77 80 81 87 114', [114, 87, 81, 80, 77, 75, 60, 54, 53, 50, 47, 46, 44, 41, 40, 38, 36, 33, 28, 27, 26, 23, 20, 19, 15, 12, 9, 0])
142 : ('036 0 1 3 4 5 8 9 10 11 12 13 16 20 22 24 25 27 28 29 30 35 37 38 44 46 47 59 61 64 65 66 68 71 72 98 105', [105, 98, 72, 71, 68, 66, 65, 64, 61, 59, 38, 35, 30, 29, 28, 27, 25, 24, 22, 20, 8, 1])
143 : ('036 0 1 3 5 7 8 12 14 16 17 18 21 24 26 27 28 29 32 33 36 38 41 44 47 49 50 52 53 55 56 59 61 62 86 92 95', [95, 92, 62, 61, 59, 56, 55, 53, 41, 38, 36, 33, 29, 28, 26, 24, 3, 1, 0])
144 : ('036 1 2 3 5 6 8 10 11 20 21 22 23 24 25 26 27 31 32 35 36 45 47 49 50 53 55 56 57 64 65 69 84 86 89 90 123', [123, 90, 89, 86, 84, 69, 64, 57, 56, 55, 53, 50, 49, 47, 45, 36, 35, 32, 31, 27, 26, 25, 24, 22, 20, 10, 8, 5, 3, 2, 1])
145 : ('036 1 2 3 8 11 12 13 14 15 16 17 18 22 25 26 27 28 29 30 36 38 40 41 44 46 47 48 55 56 60 62 75 77 80 81 114', [30])
146 : ('036 1 2 6 7 11 12 13 14 16 17 18 21 22 24 25 27 28 37 39 43 44 45 46 47 50 55 57 59 60 61 74 76 79 80 94 113', [113, 94, 80, 79, 76, 74, 60, 59, 57, 47, 46, 45, 44, 43, 39, 37, 14, 12, 6])
147 : ('036 1 2 7 9 10 12 13 15 16 19 20 24 25 26 27 33 35 37 39 40 43 45 46 47 48 50 53 55 59 61 74 76 79 80 87 113', [113, 87, 80, 79, 76, 74, 61, 59, 53, 50, 48, 47, 45, 43, 40, 39, 37, 35, 33, 27, 26, 25, 24, 20, 19, 15, 10, 2])
148 : ('036 1 3 4 5 7 8 9 12 13 15 16 17 19 20 23 25 26 29 31 32 34 35 37 38 46 47 54 56 59 60 66 68 71 72 93 105', [105, 93, 72, 68, 66, 60, 59, 56, 35, 31, 29, 26, 25, 23, 19, 8])
149 : ('036 2 3 6 11 14 15 16 22 23 24 27 28 32 33 34 35 36 37 38 39 40 41 44 46 47 48 55 56 60 71 72 75 77 80 81 114', [114, 81, 80, 77, 75, 72, 71, 60, 55, 48, 47, 46, 44, 41, 40, 39, 38, 37, 36, 35, 34, 33, 32, 28, 27, 24, 23, 22, 15, 11, 6, 3])
150 : ('037 0 1 2 3 4 5 6 7 9 10 11 13 14 15 17 18 23 26 33 35 38 39 41 48 54 55 56 60 64 65 69 72 75 113 114 118 123', [118, 113, 75, 54, 48, 41, 10, 9])
151 : ('037 0 1 2 3 5 6 7 8 9 13 16 17 19 22 24 26 27 29 31 32 33 35 37 39 46 47 51 53 55 58 59 66 68 71 72 92 105', [46, 37, 17, 13, 9, 7, 3, 1, 0])
152 : ('037 0 1 2 3 5 7 9 10 11 12 13 20 21 22 24 25 27 28 29 30 35 37 38 41 44 46 47 59 61 64 65 66 68 71 72 98 105', [105, 98, 72, 71, 68, 66, 65, 64, 59, 41, 38, 37, 35, 30, 29, 25, 20, 3, 1, 0])
153 : ('037 0 2 3 4 5 6 9 10 19 20 21 22 23 24 25 26 30 31 34 35 40 44 46 48 49 52 54 55 56 63 64 68 83 85 88 89 122', [122, 89, 88, 85, 83, 68, 63, 56, 55, 54, 52, 49, 48, 46, 44, 40, 35, 34, 31, 30, 26, 25, 24, 23, 20, 19, 9, 6, 4, 3, 2, 0])
154 : ('037 0 2 3 4 6 7 9 11 12 21 22 23 24 25 26 27 28 32 33 36 37 46 48 50 51 54 56 57 58 65 66 70 85 87 90 91 124', [124, 91, 90, 87, 85, 58, 57, 56, 54, 51, 50, 48, 46, 27, 25, 23, 22, 11, 9])
155 : ('037 0 2 4 7 10 11 16 17 18 19 22 23 24 25 27 30 39 41 43 44 45 46 49 51 52 53 56 59 60 61 64 80 82 85 86 98 119', [119, 98, 86, 85, 82, 80, 64, 60, 59, 53, 52, 51, 49, 46, 45, 44, 43, 41, 39, 30, 27, 25, 24, 18, 11, 10, 4, 0])
156 : ('037 0 4 5 8 9 11 12 13 18 19 21 22 23 24 29 30 33 34 40 42 43 46 47 48 51 53 54 55 62 63 67 79 82 84 87 88 121', [121, 88, 87, 84, 82, 79, 67, 62, 55, 54, 53, 51, 48, 47, 46, 43, 42, 40, 34, 33, 30, 29, 24, 23, 22, 19, 18, 13, 12, 11, 8, 5, 0])
157 : ('038 0 1 2 3 4 5 6 7 8 10 11 12 14 15 16 18 19 24 27 34 36 39 40 42 49 55 56 57 61 65 66 70 73 76 114 115 119 124', [119, 114, 76, 55, 42, 11, 8, 4])
158 : ('038 0 1 2 3 4 5 6 7 8 15 16 17 18 19 20 21 22 26 27 30 31 40 41 42 44 45 48 50 51 52 59 60 64 79 81 84 85 118', [118, 85, 84, 81, 79, 64, 59, 52, 51, 50, 48, 45, 44, 42, 41, 31, 30, 27, 26, 20, 19, 17, 15, 8, 4, 2, 0])
159 : ('038 0 1 2 3 4 5 6 8 9 11 14 15 16 18 19 20 22 24 25 31 33 36 38 40 44 47 48 52 59 61 64 65 67 69 72 73 98 106', [106, 98, 73, 72, 69, 67, 65, 64, 61, 59, 52, 47, 44, 40, 38, 36, 33, 31, 25, 24, 20, 19, 18, 15, 14, 11, 9, 8, 5, 4, 3, 2, 1, 0])
160 : ('038 0 1 3 4 5 7 8 10 12 13 22 23 24 25 26 27 28 29 33 34 37 38 47 49 51 52 55 57 58 59 66 67 71 86 88 91 92 125', [125, 12, 1])
161 : ('038 0 2 4 5 6 7 8 11 12 21 22 23 24 25 26 27 28 32 33 36 37 42 46 48 50 51 54 56 57 58 65 66 70 85 87 90 91 124', [37, 4, 0])
162 : ('038 0 6 10 11 12 13 14 15 16 21 22 23 26 28 30 35 36 39 42 45 48 49 50 53 55 56 57 59 61 65 69 81 84 86 89 90 98 123', [123, 98, 90, 89, 86, 84, 81, 69, 61, 59, 57, 56, 55, 53, 50, 48, 45, 42, 39, 36, 35, 30, 28, 26, 22, 14, 13, 0])
163 : ('038 1 2 3 5 6 9 11 14 15 17 18 22 23 26 29 31 32 35 36 37 39 40 44 47 48 55 56 60 66 68 71 72 75 77 80 81 105 114', [114, 105, 81, 80, 77, 75, 72, 71, 68, 66, 60, 48, 44, 40, 39, 37, 36, 35, 32, 31, 29, 26, 23, 17, 15, 11, 9, 6, 3])
164 : ('038 1 2 6 7 10 11 13 14 15 20 21 23 24 25 26 31 32 35 36 42 44 45 48 49 50 53 55 56 57 64 65 69 81 84 86 89 90 123', [123, 90, 89, 86, 84, 81, 69, 64, 57, 56, 55, 53, 50, 49, 48, 45, 44, 42, 36, 35, 32, 31, 26, 25, 24, 20, 15, 14, 13, 10, 7, 2, 1])
165 : ('038 1 2 8 10 11 12 13 14 15 16 17 19 20 22 23 25 26 32 36 38 40 41 44 46 48 49 50 52 53 55 56 60 75 77 80 81 86 114', [114, 86, 81, 80, 77, 75, 60, 53, 48, 46, 44, 41, 40, 38, 36, 32, 26, 23, 20, 8])
166 : ('038 2 3 4 5 7 8 9 10 12 13 15 16 20 21 22 24 27 28 29 31 32 33 35 36 37 39 41 45 46 49 59 61 65 66 69 70 98 103', [103, 98, 70, 69, 66, 65, 59, 39, 37, 36, 35, 33, 32, 31, 29, 20, 5])
167 : ('038 2 3 5 7 10 11 13 14 15 16 17 18 19 20 25 27 32 33 34 35 38 40 41 46 47 48 49 50 51 53 66 70 71 72 73 74 105 107', [107, 105, 74, 73, 72, 71, 70, 66, 53, 48, 46, 41, 40, 38, 35, 34, 33, 32, 27, 20, 19, 2])
168 : ('039 0 2 3 7 8 11 12 14 15 16 21 22 24 25 26 27 32 33 36 37 43 45 46 49 50 51 54 56 57 58 65 66 70 82 85 87 90 91 124', [124, 91, 90, 87, 85, 82, 70, 65, 58, 57, 56, 54, 51, 50, 49, 46, 45, 43, 37, 36, 33, 32, 27, 26, 25, 22, 15, 14, 11, 8, 3, 2, 0])
169 : ('039 1 2 3 4 5 6 8 11 12 14 15 16 17 22 25 26 27 28 29 33 35 36 39 40 41 44 46 47 48 55 56 60 62 72 75 77 80 81 114', [114, 81, 80, 77, 75, 72, 62, 60, 55, 48, 47, 46, 44, 41, 40, 39, 36, 35, 33, 29, 28, 27, 26, 22, 17, 15, 12, 11, 8, 6, 5, 4, 3, 1])
170 : ('039 1 2 3 4 5 7 8 9 10 11 12 13 15 16 17 18 19 20 24 25 26 28 29 31 32 35 40 41 48 49 50 53 68 70 71 72 73 74 107', [107, 74, 73, 72, 71, 70, 68, 53, 48, 41, 40, 35, 32, 31, 29, 28, 26, 24, 20, 19, 18, 9, 8, 4, 2, 1])
171 : ('039 1 2 5 6 7 9 10 12 14 17 19 21 24 29 33 34 36 40 43 45 46 47 48 49 51 55 56 61 65 66 68 75 77 81 82 85 105 114 119', [119, 114, 105, 85, 82, 81, 77, 75, 68, 66, 65, 51, 49, 48, 46, 45, 43, 40, 36, 34, 33, 29, 24, 17, 12, 10, 9, 6])
172 : ('039 2 3 5 8 9 12 14 15 17 18 19 21 23 24 25 26 27 28 29 30 31 34 35 36 38 40 46 47 52 54 57 58 66 68 71 72 73 91 105', [105, 91, 73, 72, 71, 68, 66, 58, 57, 54, 52, 46, 40, 38, 36, 35, 34, 31, 30, 29, 28, 27, 26, 24, 23, 19, 18, 17, 15, 14, 12, 9, 8, 3, 2])
173 : ('039 2 4 5 7 8 9 11 13 14 15 16 17 18 22 23 24 28 29 31 33 34 36 40 41 44 47 48 51 55 56 60 66 68 75 77 80 81 105 114', [114, 105, 81, 80, 77, 75, 68, 66, 60, 55, 51, 48, 44, 41, 40, 36, 34, 33, 31, 29, 28, 24, 23, 22, 18, 17, 15, 13, 11, 9, 8, 7, 4])
174 : ('040 0 1 3 4 5 7 8 9 11 12 14 16 17 26 27 28 29 30 31 32 33 37 38 41 42 51 53 55 56 59 61 62 63 70 71 75 90 92 95 96', [96, 90, 70, 63, 62, 61, 59, 56, 55, 53, 51, 38, 33, 31, 30, 28, 27, 26, 14, 11, 7, 1])
175 : ('040 0 1 3 5 6 7 8 10 11 12 13 14 16 17 18 21 24 26 27 28 29 33 35 36 37 38 41 43 46 47 50 53 55 56 59 61 62 80 92 95', [62, 56, 29])
176 : ('040 0 2 3 4 5 6 7 10 11 12 13 19 21 22 23 24 26 30 31 34 35 40 42 44 45 48 49 52 54 55 56 63 64 68 79 83 85 88 89 122', [89, 56, 35, 30, 23, 2])
177 : ('040 1 2 3 4 5 6 8 9 10 14 15 17 18 22 23 26 29 31 32 35 36 37 39 40 41 47 48 55 56 60 66 68 71 72 75 77 80 81 105 114', [114, 105, 81, 80, 77, 75, 72, 71, 68, 66, 60, 48, 41, 40, 39, 37, 36, 35, 32, 31, 29, 26, 23, 17, 15, 10, 9, 8, 6, 4, 3])
178 : ('040 2 3 5 6 7 9 10 11 13 14 16 18 19 28 29 30 31 32 33 34 35 39 40 43 44 53 55 57 58 61 63 64 65 72 73 77 92 94 97 98', [98, 97, 94, 92, 77, 72, 65, 64, 63, 61, 58, 57, 55, 53, 43, 40, 39, 35, 34, 33, 32, 30, 29, 28, 18, 13, 9, 6, 3, 2])
179 : ('040 2 4 6 8 9 12 13 14 16 17 18 19 20 22 23 24 27 29 30 31 35 36 37 43 46 47 48 55 56 58 60 63 64 74 75 77 80 81 97 114', [114, 97, 81, 80, 77, 75, 74, 64, 63, 60, 58, 55, 48, 47, 46, 43, 37, 36, 35, 31, 30, 29, 27, 24, 23, 22, 20, 19, 18, 17, 13, 12, 9, 8, 6, 4])
180 : ('041 0 1 2 4 6 7 10 11 12 13 15 16 18 19 20 21 22 24 25 29 30 35 37 39 42 43 46 48 49 50 57 58 62 69 71 73 77 79 82 83 116', [116, 82, 79, 77, 73, 71, 69, 62, 58, 57, 50, 48, 46, 43, 42, 39, 37, 35, 30, 20, 18, 7, 6, 4, 2, 1, 0])
181 : ('041 1 3 5 6 8 10 11 12 15 16 17 18 19 20 21 23 25 29 30 31 33 39 42 46 47 49 50 52 53 54 59 62 64 65 66 81 83 86 87 98 120', [120, 98, 83, 65, 64, 59, 54, 39, 31, 29, 23, 6, 5, 1])
182 : ('041 2 4 5 6 7 8 9 13 14 15 16 17 18 21 22 23 24 26 29 32 33 34 36 40 41 44 47 48 51 55 56 60 65 66 68 75 77 80 81 105 114', [114, 105, 81, 80, 77, 75, 68, 66, 65, 60, 55, 51, 48, 44, 41, 40, 36, 34, 33, 32, 29, 26, 24, 23, 22, 18, 17, 15, 13, 9, 8, 7, 6, 4])
183 : ('042 0 1 2 3 4 8 9 10 11 13 14 16 20 21 24 25 27 30 32 33 34 35 37 39 40 41 42 43 45 47 55 59 61 63 66 67 74 76 79 80 100 113', [113, 100, 80, 79, 76, 74, 67, 66, 63, 61, 59, 47, 45, 43, 41, 40, 39, 35, 34, 33, 32, 30, 27, 25, 24, 20, 14, 11, 10, 9, 8, 2])
184 : ('042 0 1 4 5 6 7 10 13 16 17 19 20 25 26 27 28 29 30 31 32 33 34 37 39 40 45 46 47 48 50 52 59 61 63 65 69 70 71 72 73 104 106', [106, 104, 73, 72, 71, 70, 69, 63, 61, 59, 52, 47, 45, 39, 34, 33, 29, 27, 20, 19, 10])
185 : ('042 1 2 3 5 6 7 8 9 11 12 13 15 16 17 18 21 23 24 27 28 34 36 37 38 40 41 42 45 47 48 49 50 56 57 61 73 75 76 78 81 82 115', [115, 82, 81, 78, 76, 73, 61, 56, 49, 48, 47, 45, 37, 34, 28, 27, 24, 23, 18, 12])
186 : ('042 2 3 4 5 7 8 10 11 12 15 16 18 19 21 22 23 24 26 31 32 33 34 35 37 39 41 43 44 45 46 47 49 51 60 61 65 71 72 80 82 85 119', [119, 85, 82, 80, 72, 71, 65, 60, 51, 47, 46, 45, 43, 41, 39, 37, 35, 34, 33, 32, 31, 26, 24, 23, 22, 18, 8, 4, 3])
187 : ('042 3 5 6 7 8 10 12 17 18 20 21 22 23 24 25 27 28 36 38 39 40 42 44 46 48 50 53 54 59 62 63 66 67 69 72 73 81 83 86 87 106 120', [120, 106, 87, 86, 83, 81, 73, 72, 69, 67, 66, 63, 59, 54, 53, 40, 39, 38, 36, 28, 27, 25, 24, 23, 22, 18, 7, 5])
188 : ('042 3 6 8 10 13 14 15 16 17 18 20 23 24 25 28 29 32 33 36 37 38 40 41 42 45 48 49 52 56 57 59 63 67 69 72 73 76 78 81 82 106 115', [115, 106, 82, 81, 78, 76, 73, 72, 69, 67, 63, 59, 56, 52, 49, 45, 42, 41, 40, 38, 37, 36, 33, 32, 29, 28, 24, 23, 20, 18, 17, 14, 13, 10, 8])
189 : ('043 0 1 2 3 6 7 9 11 12 13 14 16 17 18 19 20 21 22 24 25 26 28 30 31 32 33 34 35 37 39 44 48 50 53 54 59 61 64 65 71 72 87 98', [44])
190 : ('043 0 1 3 4 5 6 7 8 10 13 16 17 19 20 23 26 27 30 31 32 33 34 37 39 40 45 46 47 48 50 52 59 61 62 63 65 69 70 71 72 73 104 106', [65, 50, 32, 31, 30, 26, 17, 13])
191 : ('043 0 1 5 7 9 10 11 12 13 14 16 20 21 22 25 26 27 28 30 31 33 35 37 39 40 43 44 45 46 47 48 50 53 54 55 59 64 74 76 79 80 87 113', [50])
192 : ('043 0 2 3 4 5 6 7 13 14 17 18 21 22 23 25 26 29 30 32 33 35 37 38 40 41 45 46 47 48 49 55 56 60 64 66 69 70 75 77 80 81 103 114', [114, 103, 81, 80, 77, 75, 70, 69, 66, 64, 60, 49, 48, 47, 46, 41, 38, 35, 33, 30, 29, 26, 25, 23, 17, 13, 5])
193 : ('043 0 2 6 7 10 12 13 14 15 16 17 18 20 23 24 25 26 27 28 30 31 32 36 38 39 40 41 46 47 48 55 56 59 60 61 64 65 75 77 80 81 98 114', [7])
194 : ('043 1 3 4 6 7 10 11 12 13 14 16 17 21 23 24 25 26 28 29 32 33 34 35 36 37 38 39 41 43 44 45 46 47 50 61 62 64 67 70 71 80 98 104', [98, 70, 64, 61, 39, 36])
195 : ('043 2 3 6 7 8 13 14 15 16 17 18 19 23 24 25 26 28 29 30 31 33 41 46 48 52 55 56 60 62 63 64 65 67 69 72 73 75 77 80 81 98 106 114', [114, 106, 98, 81, 80, 77, 75, 73, 72, 69, 67, 65, 64, 63, 60, 55, 46, 41, 33, 31, 30, 26, 24, 17, 7])
196 : ('044 0 1 2 3 6 8 10 11 13 14 15 17 18 19 20 22 23 25 26 29 32 33 39 41 44 46 48 52 55 56 59 60 61 63 67 69 72 73 75 77 80 81 106 114', [114, 106, 81, 80, 77, 75, 73, 72, 69, 67, 63, 61, 60, 59, 46, 41, 39, 33, 32, 29, 26, 25, 23, 20, 17, 11, 8, 0])
197 : ('044 0 1 2 3 7 10 12 14 15 16 20 21 23 25 27 30 31 33 34 35 36 37 38 40 41 46 47 48 49 55 56 59 60 61 64 65 71 72 75 77 80 81 98 114', [114, 98, 81, 80, 77, 75, 72, 71, 65, 64, 61, 60, 59, 55, 48, 47, 46, 41, 40, 38, 37, 36, 35, 34, 33, 31, 30, 27, 25, 23, 20, 7, 3, 1, 0])
198 : ('044 0 2 3 4 5 6 7 8 10 11 15 17 20 21 22 26 27 31 32 33 34 35 37 39 40 45 46 47 48 55 56 59 61 62 63 65 69 70 71 72 73 89 104 106', [106, 104, 89, 73, 72, 71, 70, 69, 65, 63, 62, 61, 59, 56, 55, 47, 45, 40, 39, 35, 34, 33, 32, 31, 27, 26, 22, 20, 17, 15, 11, 10, 8, 7, 5, 2])
199 : ('044 0 2 3 4 6 7 10 11 13 14 15 16 17 18 19 21 22 29 30 31 32 38 39 40 42 43 44 46 48 49 50 57 58 59 61 62 64 65 77 79 82 83 98 116', [116, 98, 83, 82, 79, 77, 65, 64, 62, 61, 59, 57, 49, 48, 46, 43, 42, 40, 39, 38, 32, 31, 30, 29, 19, 18, 15, 14, 7, 6, 2, 0])
200 : ('044 2 3 4 5 6 8 9 10 11 12 13 16 17 18 20 22 24 25 26 27 29 33 37 38 39 41 42 44 50 53 55 56 62 63 64 65 70 71 75 90 92 95 96 98', [95, 92, 70, 65, 62, 56, 55, 53, 38, 37, 33, 26, 24, 22, 20, 18, 6, 4])
201 : ('045 0 1 2 4 5 6 8 9 10 13 14 15 17 18 20 23 25 29 30 32 33 34 36 39 40 41 47 48 51 55 56 59 60 61 64 65 66 68 75 77 80 81 98 105 114', [114, 105, 98, 81, 80, 77, 75, 68, 66, 65, 64, 61, 60, 59, 55, 51, 48, 41, 40, 39, 36, 34, 33, 32, 30, 29, 23, 20, 18, 17, 15, 13, 10, 9, 8, 6, 4, 1, 0])
202 : ('045 0 1 2 5 6 8 9 10 12 13 14 16 17 19 21 22 26 31 32 33 34 35 36 37 38 42 43 46 47 56 58 60 61 64 66 67 68 75 76 80 85 95 97 100 101', [101, 100, 97, 95, 75, 68, 67, 66, 64, 61, 60, 58, 56, 38, 37, 36, 19, 9, 8, 5])
203 : ('045 0 2 3 4 5 6 7 8 9 13 17 19 20 21 22 24 25 27 29 30 33 34 37 38 39 40 41 42 44 45 46 50 59 61 63 66 67 71 78 79 83 88 98 100 104', [104, 98, 83, 78, 44, 39, 22, 19])
204 : ('045 0 2 3 4 5 8 9 11 13 14 15 16 19 20 21 31 32 34 36 40 41 42 46 47 48 50 51 52 53 54 55 56 60 61 62 68 75 77 80 83 86 87 105 114 120', [120, 114, 105, 87, 86, 83, 80, 77, 75, 68, 61, 60, 55, 53, 48, 41, 40, 36, 34, 32, 31, 4])
205 : ('045 0 2 6 7 9 10 12 13 14 15 16 17 18 20 21 23 24 25 26 27 28 30 31 32 36 38 39 40 41 46 47 48 55 56 59 60 61 64 65 75 77 80 81 98 114', [61, 28, 27, 24])
206 : ('045 0 3 4 10 14 17 18 20 24 25 28 29 33 34 35 36 37 38 39 40 41 42 45 46 48 49 53 55 59 61 63 64 67 69 70 71 78 79 83 87 88 98 100 103 104', [104, 103, 100, 98, 87, 83, 78, 71, 70, 69, 67, 64, 63, 61, 59, 55, 53, 49, 48, 41, 40, 39, 38, 36, 35, 33, 28, 24, 18, 17, 14, 10])
207 : ('046 0 1 3 4 5 6 7 10 11 12 13 14 16 17 20 21 23 24 26 28 29 32 33 34 35 36 37 38 39 41 43 44 45 46 47 50 59 61 62 64 67 70 71 80 98 104', [59, 20])
208 : ('046 0 2 3 4 6 7 8 9 11 12 14 15 16 17 19 20 23 25 28 29 30 31 32 33 34 37 38 39 41 42 51 53 54 55 60 61 62 63 70 71 75 90 92 93 95 96', [96, 95, 93, 92, 90, 75, 70, 63, 61, 60, 55, 53, 51, 42, 41, 39, 38, 34, 33, 31, 30, 19, 14, 11, 9, 7, 6, 2])
209 : ('046 0 3 4 9 10 11 13 15 17 18 19 20 21 24 25 29 34 35 36 37 38 39 40 41 42 45 46 49 50 55 59 61 63 64 67 69 70 71 78 79 83 88 98 100 103 104', [49, 15, 10])
210 : ('047 0 1 2 3 4 6 9 10 11 13 15 16 17 20 22 24 25 27 29 32 33 34 35 37 41 42 45 46 47 48 49 50 52 64 70 71 72 73 78 79 83 88 98 100 103 104 106', [106, 104, 103, 100, 98, 78, 73, 72, 71, 70, 64, 52, 49, 47, 41, 35, 33, 27, 22, 15, 10, 9, 2, 1])
211 : ('047 0 1 3 4 8 9 11 12 13 15 16 17 19 20 22 24 25 29 34 35 36 37 38 39 40 41 42 45 46 49 50 59 61 63 64 67 69 70 71 78 79 83 88 98 100 103 104', [104, 103, 100, 98, 78, 70, 69, 67, 64, 63, 61, 59, 49, 41, 40, 39, 36, 35, 22, 19, 15])
212 : ('047 0 2 3 4 5 6 10 11 12 13 14 15 16 19 22 23 26 30 31 35 36 38 39 40 42 45 48 49 52 53 54 55 56 58 63 64 68 73 75 78 79 83 85 88 89 112 122', [122, 112, 89, 88, 83, 78, 75, 73, 68, 63, 58, 56, 55, 53, 52, 39, 38, 36, 35, 30, 23, 19, 13, 11, 4, 3, 2])
213 : ('047 0 2 3 4 6 8 9 11 12 13 15 17 18 20 24 25 27 29 32 33 34 35 37 41 42 45 46 47 48 49 50 52 55 64 70 71 72 73 78 79 83 88 98 100 103 104 106', [52, 49, 18, 15])
214 : ('047 0 2 4 5 6 7 8 12 16 19 20 21 22 23 25 26 27 29 30 32 33 34 37 39 40 41 43 46 48 50 51 52 59 60 61 63 69 70 71 72 73 80 82 85 104 106 119', [119, 106, 104, 85, 82, 80, 73, 72, 71, 70, 69, 63, 60, 52, 51, 50, 43, 41, 40, 39, 37, 34, 33, 32, 30, 29, 27, 23, 12, 8])
215 : ('047 1 2 3 5 6 7 8 10 11 12 13 14 16 17 18 20 21 22 25 26 27 29 30 31 32 33 35 36 37 38 39 41 43 44 46 47 50 53 55 56 62 64 65 80 92 95 98', [98, 95, 92, 65, 64, 62, 56, 53, 39, 38, 36, 32, 31, 29, 27, 20, 2])
216 : ('048 0 1 2 4 5 9 10 12 13 14 16 17 18 20 21 23 25 26 30 35 36 37 38 39 40 41 42 43 46 47 50 51 60 62 64 65 68 70 71 72 79 80 84 89 99 101 104 105', [105, 104, 101, 99, 84, 79, 71, 70, 68, 65, 64, 62, 60, 50, 36, 23, 20, 13])
217 : ('048 0 1 3 4 5 6 7 8 11 13 14 15 16 17 18 19 20 22 24 25 26 28 29 33 35 37 38 40 41 42 43 46 48 49 50 53 55 57 58 59 62 74 77 79 82 83 92 116', [116, 82, 79, 77, 62, 57, 49, 46, 43, 42, 28])
218 : ('049 0 1 2 3 4 6 7 9 13 15 17 18 19 20 21 22 25 28 29 30 31 32 34 35 36 37 38 40 41 42 44 45 46 49 50 55 63 65 67 69 70 71 78 79 83 88 100 103 104', [103, 100, 78, 69, 63, 41, 35, 28, 19, 17, 13])
219 : ('049 0 1 2 3 4 9 10 11 12 14 16 17 18 20 21 22 23 24 25 26 27 31 32 33 34 36 37 39 40 41 42 45 47 48 53 54 55 56 58 60 70 73 77 78 79 80 81 112 114', [114, 112, 81, 80, 79, 78, 77, 73, 60, 58, 53, 48, 47, 45, 42, 41, 40, 39, 34, 32, 27, 26, 24, 23, 20, 17, 10, 9])
220 : ('049 0 1 2 3 5 6 8 10 11 12 13 15 16 17 18 20 21 23 27 30 31 32 36 38 40 42 46 48 49 50 53 54 61 62 63 64 65 66 67 69 72 73 81 83 86 87 98 106 120', [120, 106, 98, 87, 86, 83, 81, 73, 72, 69, 67, 66, 65, 64, 63, 61, 53, 38, 36, 32, 31, 30, 27, 23, 18, 2])
221 : ('049 0 1 2 4 5 6 7 8 9 11 14 18 19 20 21 23 27 29 30 32 35 36 37 39 41 42 45 47 50 51 52 55 56 59 60 64 66 68 71 72 75 77 79 80 84 85 105 114 118', [118, 114, 105, 85, 84, 80, 79, 77, 75, 72, 71, 68, 66, 64, 59, 55, 52, 51, 50, 45, 41, 39, 36, 35, 32, 30, 29, 27, 23, 20, 19, 11, 7])
222 : ('049 0 1 2 4 5 6 8 9 10 11 12 13 14 15 16 17 20 21 23 25 29 30 32 33 34 36 39 40 41 47 48 49 50 55 56 59 60 61 64 65 66 68 75 77 80 81 98 105 114', [114, 105, 98, 81, 80, 77, 75, 68, 66, 65, 64, 61, 60, 59, 55, 48, 41, 40, 39, 36, 34, 33, 32, 30, 29, 25, 23, 20, 9, 8, 6, 4, 1, 0])
223 : ('049 0 1 5 6 8 10 12 14 17 18 21 22 23 24 26 27 29 30 31 32 33 34 35 36 38 39 40 44 47 48 49 51 54 55 56 59 61 64 67 68 69 72 73 83 85 88 89 106 122', [122, 106, 89, 85, 83, 73, 72, 69, 68, 67, 61, 56, 47, 44, 40, 39, 38, 36, 35, 33, 32, 31, 30, 27, 24, 23, 8, 0])
224 : ('049 1 2 6 7 8 9 10 13 14 16 18 25 26 27 29 30 32 34 35 39 44 45 46 47 48 49 50 51 52 55 56 59 60 69 71 73 74 77 79 80 81 88 89 93 98 108 110 113 114', [51, 46, 18, 9, 7])
225 : ('049 1 3 4 5 6 7 8 9 10 12 21 22 23 24 26 27 29 30 31 32 33 34 35 36 38 39 40 44 46 47 48 49 54 55 56 59 61 64 67 68 69 72 73 83 85 88 89 106 122', [122, 106, 89, 88, 85, 83, 73, 72, 69, 68, 67, 61, 59, 56, 55, 54, 49, 47, 46, 44, 39, 38, 36, 35, 34, 33, 32, 31, 30, 29, 27, 26, 24, 23, 12, 9, 8, 4])
226 : ('049 2 3 4 5 6 7 8 9 10 11 12 13 15 16 19 22 24 26 27 29 31 32 33 34 36 38 39 40 44 46 47 48 49 50 52 54 59 61 64 67 68 69 72 73 83 85 88 106 122', [106, 85, 73, 72, 69, 67, 61, 59, 54, 52, 50, 47, 40, 39, 38, 36, 33, 32, 31, 27, 26, 19, 8, 4, 2])
227 : ('050 0 1 2 3 5 6 7 10 11 13 14 15 17 18 19 21 22 24 26 27 31 36 37 38 39 40 41 42 43 44 47 48 51 52 61 63 65 66 69 71 72 73 80 81 85 90 100 102 105 106', [106, 102, 100, 73, 71, 69, 63, 51, 38, 17, 14])
228 : ('050 0 1 2 3 5 6 7 8 9 10 11 12 13 17 19 20 22 24 25 28 30 31 32 33 36 39 40 42 43 44 45 46 47 48 52 56 58 59 60 61 64 65 67 69 72 73 79 97 98 106', [106, 97, 73, 72, 69, 67, 60, 58, 56, 52, 47, 43, 36, 33, 19, 17])
229 : ('050 0 1 2 3 5 6 8 9 10 12 13 16 17 18 19 20 21 22 24 25 27 29 30 31 32 33 36 38 39 40 43 47 48 49 52 53 56 58 59 60 61 63 64 67 69 72 73 86 97 106', [60, 56, 17, 5, 1])
230 : ('050 1 2 3 4 5 6 7 8 9 12 13 14 15 16 17 18 19 20 24 25 27 28 29 31 32 35 37 38 39 40 42 43 46 47 48 49 50 57 58 62 66 68 71 72 77 79 82 83 105 116', [49, 28, 20, 15])
231 : ('051 0 1 2 4 5 6 7 9 10 11 12 14 15 17 18 19 20 22 23 25 26 27 31 33 35 37 38 41 44 47 48 52 55 56 59 60 61 63 66 67 68 69 71 73 75 77 80 81 105 106 114', [19, 12])
232 : ('051 0 1 3 4 9 12 13 14 15 16 17 18 19 20 22 24 25 26 29 34 36 37 38 41 42 43 45 46 47 49 50 55 61 63 64 67 69 70 71 74 76 78 79 80 83 88 98 100 103 104 113', [113, 104, 103, 100, 98, 80, 78, 76, 74, 70, 69, 67, 64, 63, 61, 50, 49, 47, 43, 41, 36, 26, 19, 17, 15, 14, 12])
233 : ('051 0 1 4 5 6 7 9 10 12 13 15 18 22 24 27 29 32 34 37 38 39 40 41 43 44 45 46 47 49 50 51 53 54 55 58 59 64 65 72 74 76 78 79 80 87 88 92 97 109 112 113', [59, 50, 44, 5])
234 : ('052 0 1 2 3 4 5 6 8 10 11 12 13 14 16 20 21 22 23 24 25 26 27 29 30 31 32 33 35 36 37 42 45 47 48 49 50 53 55 56 57 64 65 66 69 70 81 84 86 89 90 103 123', [13])
235 : ('052 0 1 6 7 8 9 12 13 18 19 20 22 24 25 26 27 28 29 30 33 34 38 43 44 45 46 47 48 49 50 51 54 55 58 59 64 68 70 72 73 76 78 79 80 87 88 92 97 107 109 112 113', [113, 112, 109, 107, 92, 87, 80, 79, 78, 76, 73, 72, 70, 68, 64, 59, 58, 50, 48, 47, 45, 44, 33, 30, 28, 27, 26, 25, 24, 20, 19, 8, 6])
236 : ('052 0 2 3 4 5 8 9 10 11 12 13 14 15 16 17 20 21 23 24 25 26 28 29 30 35 36 37 40 41 47 48 49 50 51 55 56 59 60 61 64 65 66 68 71 72 75 77 80 81 98 105 114', [59, 55, 51, 26, 20])
237 : ('052 1 4 5 6 7 9 11 12 13 14 16 17 18 21 22 23 24 26 28 30 31 32 35 36 37 38 40 41 42 43 44 46 47 50 51 59 60 61 62 68 70 71 72 79 80 84 89 98 99 101 104 105', [71, 59, 44, 41, 37, 22])
238 : ('053 0 1 3 4 11 12 13 16 17 18 20 21 22 24 25 26 28 29 33 34 36 37 38 41 42 43 45 46 47 48 49 53 55 61 63 64 67 69 70 71 74 76 78 79 80 83 87 88 98 100 103 104 113', [113, 104, 103, 100, 98, 87, 83, 80, 78, 76, 74, 71, 70, 69, 67, 64, 63, 61, 53, 49, 48, 47, 43, 41, 38, 36, 33, 17, 12, 11])
239 : ('053 0 1 3 4 5 6 7 9 10 11 12 13 14 15 16 17 18 20 22 24 25 27 28 29 30 31 32 35 36 39 40 44 45 46 47 48 49 50 51 54 63 64 65 66 67 70 72 83 85 88 104 105 122', [122, 105, 104, 88, 85, 72, 70, 67, 66, 65, 63, 48, 45, 39, 36, 35, 32, 31, 28, 27])
240 : ('053 0 1 5 6 7 8 9 10 12 13 17 18 20 21 22 24 25 26 28 29 31 33 34 38 43 44 45 46 47 48 49 50 51 54 55 58 59 68 70 72 73 76 78 79 80 87 88 92 97 107 109 112 113', [113, 112, 109, 107, 92, 87, 80, 78, 76, 73, 72, 70, 68, 58, 48, 47, 33, 31, 28, 24, 6])
241 : ('053 0 1 7 8 9 11 12 13 16 18 19 20 22 24 27 29 30 31 32 33 34 38 43 44 45 46 47 48 49 50 51 54 55 58 59 64 65 68 70 72 73 76 78 79 80 87 88 92 97 107 109 112 113', [59, 50, 47, 44, 33, 32, 27, 20, 19, 11, 8])
242 : ('053 1 2 5 6 8 10 11 13 14 16 17 18 19 21 22 23 24 25 26 27 30 32 34 35 39 44 45 47 48 50 51 52 55 56 59 60 69 71 73 74 77 79 80 81 83 88 89 93 98 108 110 113 114', [51, 5])
243 : ('054 0 1 3 6 7 8 9 11 12 13 15 16 19 20 21 22 23 24 25 26 27 28 29 31 32 38 39 40 41 47 48 49 51 52 53 55 57 58 59 62 65 66 67 68 70 71 73 74 86 88 91 92 107 125', [92, 66, 58, 51, 39, 38, 24, 12])
244 : ('054 0 3 5 6 8 10 11 12 13 15 16 17 20 21 23 24 25 26 27 28 30 31 33 34 35 36 37 38 39 40 42 46 48 49 50 53 54 61 62 63 64 65 66 67 69 71 73 81 83 86 87 98 106 120', [120, 106, 87, 86, 81, 73, 69, 67, 63, 61, 53, 37, 36, 35, 33, 27, 5])
245 : ('054 1 2 3 4 5 6 7 8 9 10 11 13 15 16 19 20 21 22 23 25 26 27 28 29 30 32 34 35 36 38 40 41 42 43 44 46 48 49 50 52 54 55 56 58 60 64 68 75 83 85 88 89 97 122', [54, 20, 4])
246 : ('054 1 2 6 7 8 9 10 11 13 14 15 16 18 19 21 22 23 25 26 27 29 30 32 34 35 39 44 45 46 47 48 49 50 51 52 55 56 59 60 69 71 73 74 77 79 80 81 88 93 98 108 110 113 114', [35, 30])
247 : ('054 1 2 6 7 8 9 10 11 13 14 15 18 19 21 22 23 25 26 27 29 30 32 34 35 39 44 45 46 47 48 49 50 51 52 55 56 59 60 69 71 73 74 77 79 80 81 88 89 93 98 108 110 113 114', [114, 113, 110, 108, 80, 79, 77, 74, 73, 71, 69, 59, 45, 6])
248 : ('054 2 3 4 5 6 8 9 10 11 12 13 14 15 16 20 21 25 27 29 31 33 34 38 39 41 42 46 47 48 50 51 53 54 55 56 59 60 62 63 67 68 69 72 73 75 77 80 83 86 87 105 106 114 120', [86, 53, 51, 50, 27, 15, 13, 11, 10])
249 : ('055 0 1 4 5 7 9 10 11 12 13 15 16 18 22 24 25 26 27 28 29 30 31 34 37 38 39 40 41 43 44 45 46 47 49 50 51 53 54 55 58 59 64 72 74 76 78 79 80 87 88 92 97 109 112 113', [112, 109, 87, 78, 40])
250 : ('055 1 2 4 5 6 7 8 9 10 11 12 13 14 15 16 17 18 19 20 22 23 24 26 27 29 31 32 35 36 37 38 40 41 43 44 46 47 48 49 52 53 55 56 58 60 63 64 74 75 77 80 81 86 97 114', [97, 64, 63, 37])
251 : ('055 2 3 4 7 8 10 12 13 14 15 16 17 19 20 22 23 25 29 31 33 34 35 36 38 41 45 46 47 48 50 51 53 54 56 57 58 60 61 62 65 66 71 79 81 83 85 86 87 94 95 99 104 116 119 120', [116, 65, 51, 13])
252 : ('056 0 1 2 3 4 5 6 7 8 9 10 11 12 13 14 15 16 18 19 20 21 24 25 27 29 30 31 32 33 34 36 37 38 39 42 44 45 46 47 49 51 52 53 54 58 65 66 68 70 73 75 78 79 86 105 112', [105, 68, 66, 65, 29, 6, 1])
253 : ('057 0 1 2 4 5 6 8 10 13 14 16 18 19 20 21 22 23 24 27 29 30 31 32 35 39 44 45 47 50 51 52 54 55 56 59 60 63 64 68 69 71 73 74 77 79 80 81 83 85 89 93 98 108 110 113 114 122', [51, 19])
254 : ('057 0 1 2 5 6 10 11 12 13 14 15 17 18 22 23 25 26 27 29 30 31 33 34 36 38 39 43 44 48 49 50 51 52 53 54 55 56 59 60 63 64 73 75 77 78 81 83 84 85 92 93 97 102 112 114 117 118', [118, 117, 114, 112, 97, 92, 84, 83, 81, 78, 77, 75, 73, 64, 63, 53, 38, 36, 33, 30, 29])
255 : ('057 0 2 3 4 5 6 7 8 9 10 11 12 14 15 16 17 18 20 21 23 24 25 26 28 29 30 32 33 34 36 40 42 47 48 49 50 51 53 54 61 62 63 64 65 67 68 69 72 73 81 83 86 87 98 105 106 120', [53, 40, 11])
256 : ('057 1 2 3 8 9 10 11 12 13 14 15 16 19 20 22 23 24 25 28 29 30 32 34 35 39 40 44 45 46 47 48 49 50 51 52 55 56 57 59 61 69 71 73 74 77 79 80 81 88 89 93 94 98 108 110 113 114', [93, 59, 46, 40, 34])
257 : ('058 0 2 3 4 7 8 12 13 14 15 16 17 19 20 24 25 27 28 29 31 32 33 35 36 38 40 41 45 46 50 51 52 53 54 55 56 57 58 61 62 65 66 75 77 79 80 83 85 86 87 94 95 99 104 114 116 119 120', [99, 86, 80, 57])
258 : ('059 0 1 2 3 4 5 6 7 8 9 10 11 12 13 14 15 17 18 19 20 21 23 25 26 29 32 33 35 36 38 39 40 41 42 45 46 47 48 52 54 55 56 59 60 61 63 64 65 67 69 72 73 75 79 106 113 114 118 123', [106, 73, 67, 63, 61, 47, 36, 29])
259 : ('059 0 1 2 3 6 7 8 9 10 11 12 13 14 15 18 20 21 22 23 26 30 33 34 35 36 38 39 40 44 45 46 47 48 49 50 51 52 55 56 60 61 63 67 71 72 74 77 79 80 81 88 89 93 98 106 108 110 113 114', [114, 113, 110, 108, 106, 88, 80, 77, 74, 72, 71, 67, 63, 61, 38, 36, 33, 0])
260 : ('059 1 2 3 4 5 6 8 10 12 13 14 16 18 21 22 23 24 25 30 31 33 35 36 38 39 40 44 45 47 48 50 51 52 54 55 56 60 61 64 67 68 71 72 74 77 79 80 81 83 85 89 93 98 106 108 110 113 114 122', [79, 54, 45])
261 : ('061 0 1 2 3 5 6 7 10 11 15 16 17 18 19 20 22 23 27 28 30 31 32 34 35 36 38 39 41 43 44 48 49 53 54 55 56 57 58 59 60 61 64 65 68 69 78 80 82 83 86 88 89 90 97 98 102 107 117 119 122 123', [123, 122, 119, 117, 102, 97, 90, 89, 88, 86, 83, 82, 80, 78, 69, 68, 58, 57, 43, 41, 38, 36, 35, 34, 32, 31, 28, 3])
262 : ('061 0 1 2 4 5 6 9 10 14 15 16 17 18 19 21 22 23 26 27 29 30 31 33 34 35 37 38 40 42 43 47 48 52 53 54 55 56 57 58 59 60 63 64 67 68 77 79 81 82 85 87 88 89 96 97 101 106 116 118 121 122', [122, 121, 118, 116, 96, 88, 87, 85, 82, 79, 77, 57, 56, 54, 53, 42, 37, 33, 23, 19, 17, 2])
263 : ('061 1 2 3 4 5 6 7 8 10 11 14 15 16 18 19 20 25 26 27 29 31 34 36 38 39 40 41 44 45 46 50 51 52 53 54 55 56 57 58 61 62 65 66 71 72 75 77 79 80 83 85 86 87 94 95 99 104 114 116 119 120', [52, 18, 15])
264 : ('062 0 1 2 3 4 6 7 8 10 11 12 15 18 20 23 24 26 27 29 31 32 36 37 40 43 44 45 46 48 49 50 54 55 57 58 59 60 62 65 66 69 70 76 78 79 80 82 83 84 87 89 90 91 98 99 103 108 115 118 120 123 124', [48])
265 : ('063 0 1 2 3 6 7 8 9 11 12 14 15 17 18 20 23 24 26 27 29 31 32 36 37 40 43 44 45 48 49 50 51 54 55 57 58 59 60 62 65 66 69 70 76 78 79 80 82 83 84 87 89 90 91 98 99 103 108 115 118 120 123 124', [37])
266 : ('063 1 2 3 4 5 8 9 10 11 12 13 14 15 16 17 18 19 21 22 23 25 27 28 29 30 31 32 35 36 37 38 39 44 46 47 48 49 50 51 52 55 56 59 60 65 67 69 70 73 74 77 79 80 81 88 89 93 98 104 108 110 113 114', [114, 113, 110, 108, 104, 93, 88, 80, 79, 77, 74, 73, 70, 69, 67, 65, 60, 59, 38, 37, 36, 32, 31, 29, 28])
267 : ('064 0 1 2 3 5 6 7 8 11 12 15 17 18 19 20 22 23 24 25 26 27 29 31 32 35 36 38 40 41 44 45 47 48 49 50 53 54 57 60 62 65 66 69 70 76 78 79 82 83 84 87 89 90 91 92 98 99 103 108 115 118 120 123 124', [123, 84, 69, 53, 47, 41, 27])
268 : ('067 0 1 2 3 4 6 7 8 10 11 12 13 14 15 16 18 20 21 22 23 24 25 27 28 29 30 33 35 36 39 40 41 45 47 48 49 50 54 55 57 58 60 61 62 64 65 66 69 70 76 78 79 82 83 84 87 89 90 91 99 103 108 115 118 120 123 124', [89])
269 : ('070 0 1 2 3 4 5 6 7 8 9 10 11 12 13 14 15 16 17 18 19 20 21 22 23 25 26 27 28 29 30 31 32 33 34 35 37 38 39 40 41 43 44 46 47 48 49 50 52 53 54 55 56 62 63 64 66 68 71 72 73 77 80 83 86 87 89 105 121 122 126', [126, 121])
270 : ('070 0 1 2 3 4 5 6 7 8 9 10 11 12 13 14 15 16 17 18 19 20 21 22 23 25 26 27 28 30 32 33 34 35 36 37 38 39 40 41 42 43 44 45 46 47 48 49 50 52 53 54 55 56 59 60 69 71 74 75 76 77 79 80 81 86 87 89 108 113 114', [108, 69])
271 : ('071 0 1 2 3 4 5 6 7 8 10 11 12 14 15 16 17 18 19 20 23 24 26 27 32 33 34 36 39 40 41 43 44 45 49 50 51 53 54 55 57 58 59 60 62 65 66 68 69 73 74 76 78 79 80 82 83 84 87 89 90 91 98 99 103 107 108 115 118 120 123 124', [107])
272 : ('072 0 1 2 3 4 5 6 7 8 9 10 11 14 17 18 19 20 21 22 23 24 25 26 27 28 29 30 31 32 34 35 36 37 38 39 40 41 42 44 45 46 47 48 49 50 53 55 56 57 59 61 63 64 65 67 69 70 71 78 79 81 83 84 86 88 89 90 98 100 103 104 123', [17])
273 : ('072 1 2 3 4 5 6 7 8 9 11 12 13 14 16 17 18 19 20 21 22 23 25 26 27 28 29 30 31 32 34 35 36 37 38 39 40 41 45 46 47 48 50 51 53 55 56 57 58 61 62 65 66 68 71 72 75 77 79 80 83 85 86 89 94 95 99 104 105 114 116 119 120', [80, 57])
274 : ('073 0 1 2 3 4 5 6 7 8 9 10 11 12 13 14 15 16 17 19 20 21 22 23 24 26 27 28 29 32 33 35 36 39 41 42 44 45 47 48 49 50 52 53 54 58 59 61 62 63 64 65 66 68 69 70 73 74 78 79 81 83 84 85 87 88 93 94 95 103 107 112 123 124', [107, 94, 63, 52])
275 : ('074 0 1 2 3 4 5 6 7 8 9 10 11 12 13 14 15 16 17 18 19 20 21 22 23 24 25 26 27 28 29 30 31 32 33 34 36 37 38 39 40 41 43 44 46 47 48 51 52 53 54 55 56 59 60 61 63 64 66 67 68 69 70 72 73 75 77 78 80 81 97 105 106 112 114', [112, 78])
276 : ('075 0 1 3 4 5 7 8 9 10 11 12 13 14 15 16 17 18 20 21 22 25 26 29 30 31 32 34 35 37 38 41 42 43 45 46 47 49 50 51 53 54 55 56 58 59 63 64 68 69 70 71 72 73 74 75 76 79 80 83 84 85 88 89 93 95 97 98 101 103 104 105 112 113 117 122', [117, 112, 105, 104, 103, 101, 98, 97, 95, 93, 84, 83, 75, 73, 72, 70, 69, 58, 56, 53, 41])
277 : ('076 0 1 2 3 4 5 6 7 8 10 11 12 13 14 15 16 17 18 20 21 22 23 24 25 26 27 30 32 33 34 35 37 38 40 41 43 44 45 46 47 48 49 50 54 55 57 58 59 60 62 65 66 67 69 71 76 78 79 80 82 83 84 87 89 90 91 98 99 103 104 108 115 118 120 123 124', [90])
278 : ('076 0 1 2 3 4 5 7 8 9 12 13 16 17 18 19 20 21 22 23 24 25 28 30 32 33 34 36 37 38 40 41 42 43 44 45 46 47 50 51 52 53 54 55 56 57 58 59 60 61 62 63 66 67 70 71 80 81 82 83 84 85 86 87 88 90 91 92 99 100 104 109 119 120 121 124 125', [99])
279 : ('077 0 1 2 3 4 5 6 7 8 9 10 11 12 13 14 15 16 17 18 19 20 21 22 23 24 25 26 27 28 30 31 32 33 35 36 37 39 41 42 43 44 45 46 47 48 49 50 51 52 53 54 56 57 58 61 67 69 71 72 75 76 77 78 79 80 81 82 86 87 90 91 96 106 108 111 112 115', [72, 71])
280 : ('077 0 1 2 3 4 5 7 8 9 10 11 12 13 14 15 16 17 18 19 20 22 23 24 26 27 28 30 31 32 34 36 37 38 39 40 41 42 44 45 46 47 48 49 50 51 53 54 55 56 57 59 60 61 64 66 68 70 71 72 74 75 76 78 80 81 82 83 85 88 90 94 99 109 111 114 115 122', [122])
281 : ('082 0 1 2 3 4 5 6 7 8 9 10 11 12 13 14 15 16 17 18 19 20 21 22 23 24 25 26 27 29 30 31 32 33 34 35 36 37 38 40 41 42 43 44 45 46 47 48 49 50 51 54 55 56 59 60 64 68 69 70 71 72 73 74 75 76 77 79 80 81 83 84 85 88 89 93 95 98 101 103 104 105 114', [84, 73])
282 : ('084 0 1 2 3 4 5 6 7 8 9 10 12 13 14 15 16 17 18 19 20 21 22 23 24 25 26 27 28 29 30 31 32 33 34 35 36 37 38 39 40 41 43 44 45 46 47 48 49 50 51 52 53 54 55 56 58 59 61 62 64 66 68 70 71 72 73 74 76 77 78 79 80 83 86 87 88 92 95 98 105 107 109 112 113', [77])
283 : ('085 0 1 2 3 4 5 6 8 9 10 11 12 13 14 15 16 17 18 19 20 21 22 23 24 25 26 27 28 29 30 31 32 34 35 36 37 38 39 40 41 42 44 45 47 48 49 50 51 52 53 54 55 56 57 61 64 66 68 69 70 71 72 73 75 76 77 78 79 81 82 83 85 89 90 93 94 98 99 108 109 110 111 113 115 122', [111])
284 : ('109 0 1 2 3 4 5 6 7 8 9 10 11 12 13 14 15 16 17 18 19 20 21 22 23 24 25 26 27 28 29 30 31 32 33 34 35 36 37 38 39 40 41 42 43 44 45 46 47 48 49 50 51 52 53 54 55 56 57 58 59 60 61 62 64 65 66 68 69 70 71 72 73 74 75 76 77 78 79 80 81 82 83 84 85 87 88 89 90 91 92 93 95 98 99 103 105 107 108 109 112 113 115 118 119 120 123 124 125 127', [127])
