  11323
 109  131
 82  169
 70  131
 62  287
 57  169
 51  137
 50  307
 45  341
 43  287
 42 58  5
 41  149
 41 58  5
 40  169
 38  405
 37  259
 36  131
 33  265
 29  421
 25 109  5
 25 55  5
 25 51  5
 25 50  9
 25 42  9
 25 41  5
 24  199
 24 42  5
 24 41  5
 22  137
 21  289
 21 46  7
 21 42  7
 20  187
 19 42  9
 19 41  5
 18  427
 17  433
 13  319
 13 25  9
 12  601
 12 25  15
 12 24  7
 9 51  131
 9 25  15
 9 25 51  5
 9 21  11
 8 25  23
 7 24  7
 7 19  15
 5  1019
 4  1087
 4 42  19
 4 41  7
 4 21  11
 3 58  9
 3 25  21
 3 24  9
 3 21  15
 3 19  21
 3 4  51
 2  271
 2 19  7
 1  663
 1 25  15
 0  411
 0 58  9
 0 25  9
 0 24  9
 0 19  9
 0 4  15
 125  3
 124  3
 121  3
 119  3
 104  3
 99  3
 92  3
 91  3
 90  3
 88  3
 85  3
 84  3
 80  3
 71  3
 63  3
 60  3
 59  3
 58 100  3
 56  3
 46 58  3
 34  3
 32  137
 30  131
 25 100  3
 25 67  3
 25 46  7
 24 100  3
 24 66  5
 24 46  3
 21 100  3
 21 63  3
 21 41  3
 19 100  3
 19 61  3
 19 46  7
 4 100  3
 0 42 58  3
 0 25 42  3
 0 24 42  3
 0 21  3
 0 21 42  3
 0 19 42  3
 0 4 42  3
