  3177
 125  41
 91  41
 88  41
 86  41
 71  47
 67  41
 66  41
 58  43
 57  43
 53  83
 52  41
 49  123
 47  41
 42  149
 38  47
 37  193
 29  45
 25 67  41
 24  47
 23  43
 22  189
 22 49  3
 17  311
 17 49  7
 17 29  3
 16 22  5
 16 17  9
 15  163
 15 22  5
 15 17  9
 14  165
 13 25  41
 12  209
 12 22  7
 12 17  11
 10  273
 10 125  3
 10 92  3
 10 91  3
 10 88  3
 10 86  3
 10 67  3
 10 66  3
 10 59  3
 10 58  3
 10 57  3
 10 55  3
 10 52  3
 10 51  3
 10 47  3
 10 33  3
 10 32  7
 10 29  3
 10 28  3
 10 27  3
 10 26  3
 10 25 67  3
 10 24  3
 10 23  3
 10 22  5
 10 17  15
 10 16  7
 10 15  7
 10 13 25  3
 10 12  11
 9  149
 8  227
 8 25  47
 8 10 25  3
 7 10  3
 5  339
 4  341
 3  195
 1  47
 0 49  7
 0 16  9
 0 15  9
 0 12  11
 0 10  13
 96  1
 95  1
 90  1
 75  1
 70  1
 63  1
 62  1
 61  1
 56  1
 49 125  1
 49 92  1
 49 91  1
 49 88  1
 49 86  1
 49 67  1
 49 66  1
 49 59  1
 49 58  1
 49 57  1
 49 55  1
 49 52  1
 49 51  1
 47 49  1
 41  1
 33 49  1
 32 49  3
 31  1
 30  1
 29 71  1
 29 49  1
 28 49  1
 27 49  1
 26 49  1
 25 49 67  1
 24 49  1
 23 49  1
 16 125  1
 16 92  1
 16 91  1
 16 88  1
 16 86  1
 16 67  1
 16 66  1
 16 59  1
 16 58  1
 16 57  1
 16 55  1
 16 52  1
 16 51  1
 16 49  3
 16 47  1
 16 33  1
 16 32  3
 16 29  1
 16 28  1
 16 27  1
 16 26  1
 16 25 67  1
 16 24  1
 16 23  1
 15 125  1
 15 92  1
 15 91  1
 15 88  1
 15 86  1
 15 67  1
 15 66  1
 15 59  1
 15 58  1
 15 57  1
 15 55  1
 15 52  1
 15 51  1
 15 49  1
 15 47  1
 15 33  1
 15 32  3
 15 29  1
 15 28  1
 15 27  1
 15 26  1
 15 25 67  1
 15 24  1
 15 23  1
 13 25 49  1
 13 16 25  1
 13 15 25  1
 12 125  1
 12 92  1
 12 91  1
 12 88  1
 12 86  1
 12 67  1
 12 66  1
 12 59  1
 12 58  1
 12 57  1
 12 55  1
 12 52  1
 12 51  1
 12 49  3
 12 47  1
 12 33  1
 12 32  3
 12 28  1
 12 27  1
 12 26  1
 12 25 67  1
 12 24  1
 12 23  1
 12 13 25  1
 11  1
 8 25 49  1
 8 16 25  1
 8 15 25  1
 8 12 25  1
 7 49  1
 7 16  1
 7 15  1
 7 12  1
