 50  2671
 50 76  141
 43 50  141
 42  789
 42 50  141
 39 50  141
 37  955
 37 50  169
 22 50  213
 17  3323
 17 76  141
 17 50  213
 17 43  141
 17 42  141
 17 39  141
 17 37  179
 17 22  233
 16 76  151
 16 43  151
 16 42  151
 16 39  151
 16 37  179
 16 22  223
 16 17  259
 13  2873
 13 76  151
 13 43  151
 13 42  151
 13 39  151
 13 37  179
 13 22  223
 13 17  259
 11  2865
 11 76  151
 11 43  151
 11 42  151
 11 39  151
 11 37  179
 11 22  223
 11 17  259
 10 50  177
 10 17  187
 10 16  187
 10 13  187
 10 11  187
 9  799
 9 50  141
 9 17  141
 9 16  151
 9 13  151
 9 11  151
 8  1011
 8 50  177
 8 17  187
 8 16  187
 8 13  187
 8 11  187
 7  469
 6 50  177
 6 17  187
 6 16  187
 6 13  187
 6 11  187
 4  1989
 3  1177
 3 50  205
 3 17  225
 3 16  215
 3 13  215
 3 11  215
 2  1223
 2 50  213
 2 17  233
 2 16  223
 2 13  223
 2 11  223
 0 50  241
 0 17  273
 0 16  251
 0 13  251
 0 11  251
 32  457
 71  229
 36  231
 34  229
 12  473
 75  1
 41  3
 21  5
