 108  1
 107  1
 104  13
 102  1
 92  1
 87  1
 83  5
 82  1
 75  1
 74  1
 73  1
 68  1
 67  13
 65  13
 63  1
 54  1
 53  1
 46  13
 45  13
 43  1
 42  1
 41 83  1
 40  1
 39  1
 38  15
 37  15
 34  15
 33  29
 32  27
 29 41  1
 28  27
 26  25
 24 41  1
 23  13
 21  1
 20  25
 19  1
 16  153
 15  3
 13  151
 9  3
 8  21
 8 92  1
 8 83  1
 8 50  3
 8 38  1
 8 33  1
 8 29  1
 8 24  1
 7  31
 7 83  1
 7 49  1
 7 29  1
 7 24  1
 4  33
 4 83  1
 4 46  13
 4 29  1
 4 24  1
 2 83  1
 2 44  1
 2 29  1
 2 24  1
 0  43
