 118  25
 97  29
 85  25
 84  25
 81  25
 79  37
 63  29
 59  37
 58  41
 52  25
 51  69
 50  33
 48  37
 45  37
 44  49
 43  89
 42  49
 40  61
 38  69
 36 109  1
 36 75  3
 36 72  1
 36 70  1
 36 51  11
 36 50  5
 36 41  5
 36 37  3
 35 36  13
 33 36  3
 31 36  7
 29  29
 26  155
 24  113
 23  29
 22  249
 22 36  45
 20  853
 18 60  25
 17  133
 16  205
 16 36  37
 15  121
 13 36  27
 12 36  31
 11 36  11
 10  213
 9  183
 9 36  29
 9 36 51  1
 7 36  29
 6  163
 6 18  25
 3  933
 3 109  1
 3 75  3
 3 72  1
 3 70  1
 3 51  11
 3 50  5
 3 41  5
 3 37  3
 3 35  13
 3 33  3
 3 31  7
 3 22  45
 3 16  37
 3 13  27
 3 12  31
 3 11  11
 3 9  29
 3 9 51  1
 3 7  29
 2 109  1
 2 75  3
 2 72  1
 2 70  1
 2 51  11
 2 50  5
 2 41  5
 2 37  3
 2 35  13
 2 33  3
 2 31  7
 2 22  45
 2 16  37
 2 13  27
 2 12  31
 2 11  11
 2 9  29
 2 9 51  1
 2 7  29
 1  383
 1 36  65
 1 18  37
 1 3  65
 1 2  65
 0 36  19
 0 3  19
 0 2  19
