 79  6083
 42  11549
 34  47473
 28  52285
 20  9501
 13  54123
 11  42129
 10 25  217
 10 13  2257
 5 47  1227
 4  23541
 0  58771
 0 42  2551
 0 10  2465
 100  1155
 82  6083
 66  2309
 48  9275
 46  9421
 41  3467
 14  12685
 12  17715
 12 23  433
 12 13  2257
 7  22023
 3  31695
 83  6083
 50  8139
 49 54  37
 21 49  127
 17  17687
 17 49  187
 16 54  109
 16 21  379
 16 17  613
 15 54  37
 15 49  109
 15 24  163
 15 21  127
 15 17  295
 15 16  415
 13 49  783
 13 16  2941
 13 15  1635
 12 21  253
 12 17  463
 12 15  307
 10 54  73
 10 21  253
 10 17  481
 10 15  325
 0 49  935
 0 15  1691
 36  3465
 6  17545
 2  13855
 16 42  361
 16 25  253
 0 16 42  89
 116  6083
 62  8211
 58  8289
 57  7189
 38  10903
 68  2309
 12 25  199
 12 18  271
 3 12  739
 72  1155
 39  3465
 35  3463
 76  3849
 75  2309
 73  1155
 10 58  181
 10 24  217
 4 10  577
 53  1155
 15 58  145
 15 25  163
 15 23  343
 4 15  415
 52  3469
 10 18  253
 110  1155
 10 23  433
 10 57  145
 3 10  757
 105  1155
 16 46  253
 15 18  199
 4 12  577
 16 24  253
 12 58  163
 12 57  127
 12 24  199
 3 49  235
 95  1155
 61  1155
 49 58  37
 24 49  55
 4 49  199
 23 49  127
 16 57  145
 16 52  163
 16 23  559
 16 41  163
 16 18  361
 25 49  55
 49 57  19
 49 52  55
 18 49  91
 15 52  55
 12 52  109
 16 100  55
 115  1
 112  1
 90  1
 81  1
