  6073
 79  15
 50 79  3
 46  25
 46 50  5
 45  35
 45 50  7
 42  65
 42 50  13
 40  65
 40 50  13
 36  57
 36 50  11
 34  19
 34 50  3
 32 50  11
 25  125
 25 50  23
 20 50  9
 17 79  3
 17 46  5
 17 45  7
 17 42  13
 17 40  13
 17 36  11
 17 34  3
 17 32  11
 17 25  23
 17 20  9
 16  1257
 16 79  3
 16 46  5
 16 45  7
 16 42  13
 16 40  13
 16 36  11
 16 34  3
 16 32  11
 16 25  23
 16 20  9
 13  1299
 13 79  3
 13 50  41
 13 46  5
 13 45  7
 13 42  13
 13 40  21
 13 36  11
 13 34  3
 13 32  11
 13 25  25
 13 20  9
 13 17  55
 13 16  55
 12 50  23
 12 17  23
 12 16  23
 12 13  23
 11 79  3
 11 50  31
 11 46  5
 11 45  7
 11 42  13
 11 40  13
 11 36  11
 11 34  3
 11 32  11
 11 25  23
 11 20  9
 11 17  41
 11 16  45
 11 12  23
 9  131
 9 50  25
 9 17  25
 9 16  25
 9 13  25
 9 11  25
 8  197
 6 50  23
 6 17  23
 6 16  23
 6 13  23
 6 11  23
 5  189
 5 50  37
 5 17  37
 5 16  37
 5 13  37
 5 11  37
 2  177
 2 50  35
 2 17  35
 2 16  35
 2 13  35
 2 11  35
 0 50  35
 0 17  35
 0 16  35
 0 13  35
 0 11  35
 86  15
 53  17
 52  45
 49  25
 47  65
 43  63
 27  127
 19  217
 18  177
 4  299
