  57583
 117  225
 114  225
 112  225
 102  225
 97  225
 93  1113
 92  751
 83  225
 79  451
 78  225
 77  225
 75  401
 73  225
 63  225
 60  451
 59  967
 56  225
 55  925
 53  1293
 51  1571
 51 93  225
 49  751
 48  451
 45  451
 43  1307
 42  633
 40  901
 39 51  229
 38  2047
 36  401
 34 51  243
 33  925
 29  759
 25  3223
 23  1189
 21  2553
 20  4881
 19  2789
 18  4503
 18 102  225
 18 93  249
 18 48  231
 18 44  237
 18 43  253
 18 39  259
 18 34  307
 17 93  265
 17 59  247
 17 39  287
 17 34  313
 16  1859
 14 93  249
 14 56  225
 14 39  265
 14 34  285
 13  3183
 12  5115
 12 93  257
 12 54  297
 12 39  273
 12 34  317
 11  853
 10  1819
 6  2209
 5 18  321
 5 17  345
 3  2715
 2 44  225
 2 18  251
 2 18 44  225
 2 14  265
 0  4645
 0 17  391
 0 12  423
