 37  2367
 33  2219
 31  1571
 20  2999
 11  2841
 3 19  153
 2 19  105
 0  3545
 22  1989
 18  12375
 82  333
 79  333
 58  665
 45  667
 3 45  25
 50  1033
 49  833
 44  1333
 29  1871
 18 40  175
 17  2355
 13  2195
 12  3035
 10  3687
 6  1671
 6 18  473
 1 18  723
 115  167
 91  831
 78  333
 56  499
 54  169
 52  337
 47  173
 15 57  171
 3 15  235
 67  831
 66  705
 34  999
 30  1525
 7 19  125
 55  707
 35 52  5
 18 35  137
 15 35  19
 76  837
 39  995
 19 35  37
 13 55  19
 13 40  7
 13 35  19
 6 19  61
 1 13  93
 19 49  21
 19 45  17
 19 44  33
 19 40  13
 15 40  7
 13 25  43
 8 25  69
 64  705
 25 67  21
 19 61  9
 125  1
 92  1
 88  1
 59  3
 119  1
 118  1
 113  1
 103  1
 98  1
 94  5
 93  1
 85  1
 84  1
 74  1
 65  1
 52 94  1
 40 52  1
 19 103  1
 19 94  1
 18 94  1
 18 60  1
 15 94  1
 13 94  1
 3 19 45  1
