  198261
 112  3301
 78  3301
 75  5001
 73  3301
 58  3401
 54  3451
 53  3401
 50  40401
 46  3303
 40  6603
 39  5481
 38  7287
 34  3407
 25  8233
 24  3837
 19  11403
 18 36  1259
 17  42611
 17 36  11089
 14  3503
 13  43165
 13 36  11235
 12  14631
 12 54  3301
 11  43011
 10  8475
 9  7983
 6 18  161
 5  13291
 3 18  1359
 3 17  12909
 3 13  13079
 2 18  1319
 2 17  11953
 2 13  12099
 1  21829
 1 18  333
 0  13815
 0 12  3621
 31  4761
 7 36  5953
 3 7  6533
 2 7  6193
 1 36  5553
 1 17 36  1157
 1 13 36  1155
 1 3  6083
 1 3 17  1261
 1 3 13  1259
 1 2  5793
 1 2 17  1205
 1 2 13  1203
 24 36  961
 17 24 36  189
 13 24 36  179
 10 36  2149
 10 17 36  429
 10 13 36  435
 3 24  1051
 3 17 24  205
 3 13 24  195
 3 10  2339
 3 10 17  465
 3 10 13  471
 2 24  991
 2 17 24  195
 2 13 24  185
 2 10  2239
 2 10 17  447
 2 10 13  453
 21 36  1919
 5 36  3387
 3 21  2099
 3 5  3697
 2 21  2009
 2 5  3477
 3 54  959
 3 15  1713
 3 13 15  333
 3 12  4063
 36 38  1857
 35  2825
 35 36  707
 17 35 36  127
 7 35 36  61
 3 38  2037
 3 35  767
 3 17 35  137
 3 7 35  61
 2 38  1947
 2 35  737
 2 17 35  133
 2 7 35  61
 1 36 38  81
 1 35 36  41
 1 18 36  83
 1 7 36  301
 1 3 38  81
 1 3 35  41
 1 3 18  83
 1 3 7  301
 1 2 38  81
 1 2 35  41
 1 2 18  83
 1 2 7  301
 13 35 36  133
 5 35 36  21
 3 13 35  143
 3 5 35  21
 2 13 35  139
 2 5 35  21
 1 5 36  201
 1 3 5  201
 1 2 5  201
 28 36  623
 25 36  2105
 8 25 36  73
 3 28  673
 3 25  2285
 3 8 25  73
 2 28  653
 2 25  2195
 2 8 25  73
 33 36  1233
 3 33  1333
 2 33  1293
 118  1
 85  1
 84  1
 81  1
 64  2381
 60  1
 59  51
 52  101
 51  2431
 48  1
 36 69  97
 36 54  879
 36 54 69  3
 35 36 54  13
 32 36  747
 32 36 69  3
 32 36 54  13
 32 35 36  3
 30  2825
 30 36  707
 30 36 54  13
 30 32 36  3
 27  4811
 26  491
 26 36  109
 26 36 54  3
 25 36 69  5
 25 35 36  15
 25 32 36  15
 25 30 36  15
 25 26 36  5
 24 36 54  3
 24 32 36  15
 24 26 36  3
 24 25 36  25
 22  2871
 22 36  719
 22 36 54  13
 22 25 36  15
 22 24 36  13
 21 36 69  3
 21 35 36  13
 21 32 36  13
 21 30 36  13
 21 26 36  3
 21 24 36  23
 21 22 36  13
 18 60  1
 18 36 69  3
 18 35 36  3
 18 32 36  3
 18 30 36  3
 18 26 36  3
 18 24 36  23
 18 22 36  3
 17 36 69  5
 17 32 36  127
 17 30 36  127
 17 26 36  5
 17 22 36  127
 15 36  1573
 15 36 69  3
 15 36 54  13
 15 35 36  13
 15 30 36  13
 15 25 36  35
 15 24 36  15
 15 21 36  33
 15 18 36  23
 15 17 36  309
 13 36 69  3
 13 32 36  133
 13 30 36  133
 13 26 36  3
 13 22 36  133
 13 15 36  307
 10 36 54  23
 10 25 36  45
 10 24 36  23
 10 21 36  43
 10 18 36  23
 3 69  107
 3 54 69  3
 3 35 54  13
 3 32  807
 3 32 69  3
 3 32 54  13
 3 32 35  3
 3 30  767
 3 30 54  13
 3 30 32  3
 3 26  119
 3 26 54  3
 3 25 69  5
 3 25 35  15
 3 25 32  15
 3 25 30  15
 3 25 26  5
 3 24 54  3
 3 24 32  15
 3 24 26  3
 3 24 25  25
 3 22  779
 3 22 54  13
 3 22 25  15
 3 22 24  13
 3 21 69  3
 3 21 35  13
 3 21 32  13
 3 21 30  13
 3 21 26  3
 3 21 24  23
 3 21 22  13
 3 18 69  3
 3 18 35  3
 3 18 32  3
 3 18 30  3
 3 18 26  3
 3 18 24  23
 3 18 22  3
 3 17 69  5
 3 17 32  137
 3 17 30  137
 3 17 26  5
 3 17 22  137
 3 15 69  3
 3 15 54  13
 3 15 35  13
 3 15 30  13
 3 15 25  35
 3 15 24  15
 3 15 21  33
 3 15 18  23
 3 15 17  335
 3 13 69  3
 3 13 32  143
 3 13 30  143
 3 13 26  3
 3 13 22  143
 3 10 54  23
 3 10 25  45
 3 10 24  23
 3 10 21  43
 3 10 18  23
 2 69  97
 2 54  909
 2 54 69  3
 2 35 54  13
 2 32  777
 2 32 69  3
 2 32 54  13
 2 32 35  3
 2 30  737
 2 30 54  13
 2 30 32  3
 2 26  109
 2 26 54  3
 2 25 69  5
 2 25 35  15
 2 25 32  15
 2 25 30  15
 2 25 26  5
 2 24 54  3
 2 24 32  15
 2 24 26  3
 2 24 25  25
 2 22  749
 2 22 54  13
 2 22 25  15
 2 22 24  13
 2 21 69  3
 2 21 35  13
 2 21 32  13
 2 21 30  13
 2 21 26  3
 2 21 24  23
 2 21 22  13
 2 18 69  3
 2 18 35  3
 2 18 32  3
 2 18 30  3
 2 18 26  3
 2 18 24  23
 2 18 22  3
 2 17 69  5
 2 17 32  133
 2 17 30  133
 2 17 26  5
 2 17 22  133
 2 15  1633
 2 15 69  3
 2 15 54  13
 2 15 35  13
 2 15 30  13
 2 15 25  35
 2 15 24  15
 2 15 21  33
 2 15 18  23
 2 15 17  321
 2 13 69  3
 2 13 32  139
 2 13 30  139
 2 13 26  3
 2 13 22  139
 2 13 15  319
 2 10 54  23
 2 10 25  45
 2 10 24  23
 2 10 21  43
 2 10 18  23
 1 36 54  43
 1 25 36  125
 1 24 36  43
 1 21 36  103
 1 3 54  43
 1 3 25  125
 1 3 24  43
 1 3 21  103
 1 2 54  43
 1 2 25  125
 1 2 24  43
 1 2 21  103
 7 24 36  21
 3 7 24  21
 2 7 24  21
 12 36  3723
 2 12  3873
 1 33 36  81
 1 3 33  81
 1 2 33  81
 36 55  623
 2 55  653
 1 12 36  203
 1 2 12  203
 22 36 38  11
 7 22 36  61
 3 22 38  11
 3 7 22  61
 2 22 38  11
 2 7 22  61
 3 55  673
 3 51  673
 36 86  13
 36 69 86  1
 36 49  13
 36 49 69  1
 36 47  13
 36 47 69  1
 35 36 86  1
 35 36 49  1
 35 36 47  1
 32 36 86  1
 32 36 49  1
 32 36 47  1
 30 36 86  1
 30 36 49  1
 30 36 47  1
 27 36  1233
 27 36 69  1
 27 35 36  1
 27 32 36  1
 27 30 36  1
 26 36 86  1
 26 36 49  1
 26 36 47  1
 26 27 36  1
 22 36 86  1
 22 36 49  1
 22 36 47  1
 22 27 36  1
 15 36 86  1
 15 36 49  1
 15 36 47  1
 15 27 36  21
 12 36 69  3
 12 35 36  33
 12 32 36  33
 12 30 36  33
 12 26 36  3
 12 22 36  33
 12 15 36  53
 10 36 86  1
 10 36 69  1
 10 36 49  1
 10 36 47  1
 10 35 36  11
 10 30 36  11
 10 27 36  21
 10 12 36  83
 3 86  13
 3 69 86  1
 3 49  13
 3 49 69  1
 3 47  13
 3 47 69  1
 3 35 86  1
 3 35 49  1
 3 35 47  1
 3 32 86  1
 3 32 49  1
 3 32 47  1
 3 30 86  1
 3 30 49  1
 3 30 47  1
 3 27  1333
 3 27 69  1
 3 27 35  1
 3 27 32  1
 3 27 30  1
 3 26 86  1
 3 26 49  1
 3 26 47  1
 3 26 27  1
 3 22 86  1
 3 22 49  1
 3 22 47  1
 3 22 27  1
 3 15 86  1
 3 15 49  1
 3 15 47  1
 3 15 27  21
 3 12 69  3
 3 12 35  33
 3 12 32  33
 3 12 30  33
 3 12 26  3
 3 12 22  33
 3 12 15  53
 3 10 86  1
 3 10 69  1
 3 10 49  1
 3 10 47  1
 3 10 35  11
 3 10 30  11
 3 10 27  21
 3 10 12  83
 2 86  13
 2 69 86  1
 2 49  13
 2 49 69  1
 2 47  13
 2 47 69  1
 2 35 86  1
 2 35 49  1
 2 35 47  1
 2 32 86  1
 2 32 49  1
 2 32 47  1
 2 30 86  1
 2 30 49  1
 2 30 47  1
 2 27  1293
 2 27 69  1
 2 27 35  1
 2 27 32  1
 2 27 30  1
 2 26 86  1
 2 26 49  1
 2 26 47  1
 2 26 27  1
 2 22 86  1
 2 22 49  1
 2 22 47  1
 2 22 27  1
 2 15 86  1
 2 15 49  1
 2 15 47  1
 2 15 27  21
 2 12 69  3
 2 12 35  33
 2 12 32  33
 2 12 30  33
 2 12 26  3
 2 12 22  33
 2 12 15  53
 2 10 86  1
 2 10 69  1
 2 10 49  1
 2 10 47  1
 2 10 35  11
 2 10 30  11
 2 10 27  21
 2 10 12  83
 1 36 86  1
 1 36 49  1
 1 36 47  1
 1 27 36  81
 1 3 86  1
 1 3 49  1
 1 3 47  1
 1 3 27  81
 1 3 12  203
 1 2 86  1
 1 2 49  1
 1 2 47  1
 1 2 27  81
 1 3 55  41
 1 3 51  41
 13 25 36  445
 13 25 30 36  3
 10 13 25 36  9
 5 30 36  21
 5 10 36  71
 3 13 25  481
 3 13 25 30  3
 3 10 13 25  9
 3 5 30  21
 3 5 10  71
 2 13 25  463
 2 13 25 30  3
 2 10 13 25  9
 2 5 30  21
 2 5 10  71
 5 15 36  51
 2 5 15  51
 36 51  623
 2 51  653
 15 36 55  11
 15 36 51  11
 2 15 55  11
 2 15 51  11
 24 36 55  11
 24 36 51  11
 12 24 36  23
 2 24 55  11
 2 24 51  11
 2 12 24  23
 7 30 36  61
 7 10 36  141
 3 7 30  61
 3 7 10  141
 2 7 30  61
 2 7 10  141
 1 30 36  41
 1 3 30  41
 1 2 30  41
 34 36  857
 3 34  937
 2 34  887
 1 28 36  41
 1 13 25 36  25
 1 3 28  41
 1 3 13 25  25
 1 2 28  41
 1 2 13 25  25
 36 66  623
 29 36  1233
 13 25 32 36  3
 5 32 36  21
 3 66  673
 3 29  1333
 3 13 25 32  3
 3 5 32  21
 2 66  653
 2 29  1293
 2 13 25 32  3
 2 5 32  21
 13 15 25 36  7
 7 15 36  81
 3 13 15 25  7
 3 7 15  81
 3 5 15  51
 2 13 15 25  7
 2 7 15  81
 7 32 36  61
 3 7 32  61
 2 7 32  61
 1 36 66  41
 1 29 36  81
 1 3 66  41
 1 3 29  81
 1 2 66  41
 1 2 29  81
 3 24 55  11
 3 24 51  11
 3 12 24  23
 5 24 36  31
 3 5 24  31
 2 5 24  31
 30 34 36  11
 10 34 36  21
 3 30 34  11
 3 10 34  21
 2 30 34  11
 2 10 34  21
 15 28 36  11
 3 15 28  11
 2 15 28  11
 10 36 55  11
 10 36 51  11
 2 10 55  11
 2 10 51  11
 3 15 38  31
 5 22 36  21
 3 5 22  21
 2 5 22  21
 13 24 25 36  5
 3 13 24 25  5
 2 13 24 25  5
 1 36 55  41
 1 36 51  41
 1 2 55  41
 1 2 51  41
 34 35 36  11
 3 34 35  11
 2 34 35  11
 1 34 36  41
 1 3 34  41
 1 2 34  41
 3 15 55  11
 3 15 51  11
 24 27 36  21
 3 24 27  21
 2 24 27  21
 24 36 38  21
 3 24 38  21
 2 24 38  21
 36 92  13
 36 69 92  1
 36 59  13
 36 59 69  1
 36 55 69  1
 36 38 69  1
 35 36 92  1
 35 36 59  1
 35 36 55  1
 35 36 38  11
 33 36 69  1
 33 35 36  1
 32 36 92  1
 32 36 59  1
 32 36 55  1
 32 36 38  11
 32 33 36  1
 30 36 92  1
 30 36 59  1
 30 36 55  1
 30 36 38  11
 30 33 36  1
 26 36 92  1
 26 36 69  1
 26 36 59  1
 26 36 55  1
 26 36 38  1
 26 35 36  1
 26 33 36  1
 26 30 36  1
 22 36 92  1
 22 36 69  1
 22 36 59  1
 22 36 55  1
 22 35 36  1
 22 33 36  1
 22 30 36  1
 15 36 92  1
 15 36 59  1
 15 36 38  31
 15 33 36  21
 10 36 92  1
 10 36 59  1
 10 36 38  41
 10 33 36  21
 5 36 69  1
 5 26 36  1
 3 92  13
 3 69 92  1
 3 59  13
 3 59 69  1
 3 55 69  1
 3 38 69  1
 3 35 92  1
 3 35 59  1
 3 35 55  1
 3 35 38  11
 3 33 69  1
 3 33 35  1
 3 32 92  1
 3 32 59  1
 3 32 55  1
 3 32 38  11
 3 32 33  1
 3 30 92  1
 3 30 59  1
 3 30 55  1
 3 30 38  11
 3 30 33  1
 3 26 92  1
 3 26 69  1
 3 26 59  1
 3 26 55  1
 3 26 38  1
 3 26 35  1
 3 26 33  1
 3 26 30  1
 3 22 92  1
 3 22 69  1
 3 22 59  1
 3 22 55  1
 3 22 35  1
 3 22 33  1
 3 22 30  1
 3 15 92  1
 3 15 59  1
 3 15 33  21
 3 10 92  1
 3 10 59  1
 3 10 55  11
 3 10 38  41
 3 10 33  21
 3 5 69  1
 3 5 26  1
 2 92  13
 2 69 92  1
 2 59  13
 2 59 69  1
 2 55 69  1
 2 38 69  1
 2 35 92  1
 2 35 59  1
 2 35 55  1
 2 35 38  11
 2 33 69  1
 2 33 35  1
 2 32 92  1
 2 32 59  1
 2 32 55  1
 2 32 38  11
 2 32 33  1
 2 30 92  1
 2 30 59  1
 2 30 55  1
 2 30 38  11
 2 30 33  1
 2 26 92  1
 2 26 69  1
 2 26 59  1
 2 26 55  1
 2 26 38  1
 2 26 35  1
 2 26 33  1
 2 26 30  1
 2 22 92  1
 2 22 69  1
 2 22 59  1
 2 22 55  1
 2 22 35  1
 2 22 33  1
 2 22 30  1
 2 15 92  1
 2 15 59  1
 2 15 38  31
 2 15 33  21
 2 10 92  1
 2 10 59  1
 2 10 38  41
 2 10 33  21
 2 5 69  1
 2 5 26  1
 1 36 92  1
 1 36 69  1
 1 36 59  1
 1 3 92  1
 1 3 69  1
 1 3 59  1
 1 2 92  1
 1 2 69  1
 1 2 59  1
 3 10 51  11
 13 25 35 36  3
 3 13 25 35  3
 2 13 25 35  3
 3 15 66  11
 3 15 29  21
 15 36 66  11
 15 29 36  21
 2 15 66  11
 2 15 29  21
 22 34 36  11
 3 22 34  11
 2 22 34  11
 36 125  13
 36 88  13
 36 71  17
 36 69 125  1
 36 69 88  1
 36 69 71  1
 36 67  13
 36 67 69  1
 36 66 69  1
 36 51 69  1
 35 36 125  1
 35 36 88  1
 35 36 71  1
 35 36 67  1
 35 36 66  1
 35 36 51  1
 34 36 69  1
 32 36 125  1
 32 36 88  1
 32 36 71  1
 32 36 67  1
 32 36 66  1
 32 36 51  1
 32 34 36  11
 30 36 125  1
 30 36 88  1
 30 36 71  1
 30 36 67  1
 30 36 66  1
 30 36 51  1
 29 36 69  1
 29 35 36  1
 29 32 36  1
 29 30 36  1
 28 36 69  1
 28 35 36  1
 28 32 36  1
 28 30 36  1
 26 36 125  1
 26 36 88  1
 26 36 71  1
 26 36 67  1
 26 36 66  1
 26 36 51  1
 26 34 36  1
 26 29 36  1
 26 28 36  1
 25 36 67  13
 25 36 67 69  1
 25 35 36 67  1
 25 32 36 67  1
 25 30 36 67  1
 25 26 36 67  1
 22 36 125  1
 22 36 88  1
 22 36 71  1
 22 36 67  1
 22 36 66  1
 22 36 51  1
 22 29 36  1
 22 28 36  1
 22 25 36 67  1
 15 36 125  1
 15 36 88  1
 15 36 71  1
 15 36 67  1
 15 34 36  11
 15 25 36 67  1
 13 25 36 69  1
 13 25 26 36  1
 13 22 25 36  3
 10 36 125  1
 10 36 88  1
 10 36 71  1
 10 36 67  1
 10 36 66  11
 10 29 36  21
 10 28 36  11
 10 25 36 67  1
 8 25 36 69  1
 8 25 35 36  1
 8 25 32 36  1
 8 25 30 36  1
 8 25 26 36  1
 8 22 25 36  1
 8 15 25 36  1
 8 10 25 36  1
 7 36 69  1
 7 26 36  1
 3 125  13
 3 88  13
 3 71  17
 3 69 125  1
 3 69 88  1
 3 69 71  1
 3 67  13
 3 67 69  1
 3 66 69  1
 3 51 69  1
 3 35 125  1
 3 35 88  1
 3 35 71  1
 3 35 67  1
 3 35 66  1
 3 35 51  1
 3 34 69  1
 3 32 125  1
 3 32 88  1
 3 32 71  1
 3 32 67  1
 3 32 66  1
 3 32 51  1
 3 32 34  11
 3 30 125  1
 3 30 88  1
 3 30 71  1
 3 30 67  1
 3 30 66  1
 3 30 51  1
 3 29 69  1
 3 29 35  1
 3 29 32  1
 3 29 30  1
 3 28 69  1
 3 28 35  1
 3 28 32  1
 3 28 30  1
 3 26 125  1
 3 26 88  1
 3 26 71  1
 3 26 67  1
 3 26 66  1
 3 26 51  1
 3 26 34  1
 3 26 29  1
 3 26 28  1
 3 25 67  13
 3 25 67 69  1
 3 25 35 67  1
 3 25 32 67  1
 3 25 30 67  1
 3 25 26 67  1
 3 22 125  1
 3 22 88  1
 3 22 71  1
 3 22 67  1
 3 22 66  1
 3 22 51  1
 3 22 29  1
 3 22 28  1
 3 22 25 67  1
 3 15 125  1
 3 15 88  1
 3 15 71  1
 3 15 67  1
 3 15 34  11
 3 15 25 67  1
 3 13 25 69  1
 3 13 25 26  1
 3 13 22 25  3
 3 10 125  1
 3 10 88  1
 3 10 71  1
 3 10 67  1
 3 10 66  11
 3 10 29  21
 3 10 28  11
 3 10 25 67  1
 3 8 25 69  1
 3 8 25 35  1
 3 8 25 32  1
 3 8 25 30  1
 3 8 25 26  1
 3 8 22 25  1
 3 8 15 25  1
 3 8 10 25  1
 3 7 69  1
 3 7 26  1
 2 125  13
 2 88  13
 2 71  17
 2 69 125  1
 2 69 88  1
 2 69 71  1
 2 67  13
 2 67 69  1
 2 66 69  1
 2 51 69  1
 2 35 125  1
 2 35 88  1
 2 35 71  1
 2 35 67  1
 2 35 66  1
 2 35 51  1
 2 34 69  1
 2 32 125  1
 2 32 88  1
 2 32 71  1
 2 32 67  1
 2 32 66  1
 2 32 51  1
 2 32 34  11
 2 30 125  1
 2 30 88  1
 2 30 71  1
 2 30 67  1
 2 30 66  1
 2 30 51  1
 2 29 69  1
 2 29 35  1
 2 29 32  1
 2 29 30  1
 2 28 69  1
 2 28 35  1
 2 28 32  1
 2 28 30  1
 2 26 125  1
 2 26 88  1
 2 26 71  1
 2 26 67  1
 2 26 66  1
 2 26 51  1
 2 26 34  1
 2 26 29  1
 2 26 28  1
 2 25 67  13
 2 25 67 69  1
 2 25 35 67  1
 2 25 32 67  1
 2 25 30 67  1
 2 25 26 67  1
 2 22 125  1
 2 22 88  1
 2 22 71  1
 2 22 67  1
 2 22 66  1
 2 22 51  1
 2 22 29  1
 2 22 28  1
 2 22 25 67  1
 2 15 125  1
 2 15 88  1
 2 15 71  1
 2 15 67  1
 2 15 34  11
 2 15 25 67  1
 2 13 25 69  1
 2 13 25 26  1
 2 13 22 25  3
 2 10 125  1
 2 10 88  1
 2 10 71  1
 2 10 67  1
 2 10 66  11
 2 10 29  21
 2 10 28  11
 2 10 25 67  1
 2 8 25 69  1
 2 8 25 35  1
 2 8 25 32  1
 2 8 25 30  1
 2 8 25 26  1
 2 8 22 25  1
 2 8 15 25  1
 2 8 10 25  1
 2 7 69  1
 2 7 26  1
 1 36 125  1
 1 36 88  1
 1 36 71  1
 1 36 67  1
 1 25 36 67  1
 1 8 25 36  1
 1 3 125  1
 1 3 88  1
 1 3 71  1
 1 3 67  1
 1 3 25 67  1
 1 3 8 25  1
 1 2 125  1
 1 2 88  1
 1 2 71  1
 1 2 67  1
 1 2 25 67  1
 1 2 8 25  1
 24 36 66  11
 24 29 36  21
 3 24 66  11
 3 24 29  21
 2 24 66  11
 2 24 29  21
 24 33 36  21
 3 24 33  21
 2 24 33  21
 24 28 36  11
 3 24 28  11
 2 24 28  11
 24 36 125  1
 24 36 92  1
 24 36 88  1
 24 36 86  1
 24 36 71  1
 24 36 67  1
 24 36 59  1
 24 36 49  1
 24 36 47  1
 24 34 36  1
 24 25 36 67  1
 8 24 25 36  1
 3 24 125  1
 3 24 92  1
 3 24 88  1
 3 24 86  1
 3 24 71  1
 3 24 67  1
 3 24 59  1
 3 24 49  1
 3 24 47  1
 3 24 34  1
 3 24 25 67  1
 3 8 24 25  1
 2 24 125  1
 2 24 92  1
 2 24 88  1
 2 24 86  1
 2 24 71  1
 2 24 67  1
 2 24 59  1
 2 24 49  1
 2 24 47  1
 2 24 34  1
 2 24 25 67  1
 2 8 24 25  1
