  40181
 125  281
 91  281
 70 125  3
 70 91  3
 70 88  3
 67 70  3
 66 70  3
 57  281
 57 70  3
 55  723
 55 125  3
 55 91  3
 55 88  5
 55 67  3
 55 57  3
 54  707
 51 70  3
 51 66  5
 51 55  7
 50 125  3
 50 91  3
 50 88  3
 50 67  3
 50 66  41
 50 57  3
 50 51  41
 43  367
 42 125  5
 42 91  5
 42 88  5
 42 67  5
 42 66  15
 42 57  5
 42 51  15
 39 125  3
 39 91  3
 39 88  3
 39 67  3
 39 66  3
 39 57  3
 39 51  3
 36 125  3
 36 91  3
 36 88  3
 36 67  3
 36 66  3
 36 57  3
 36 51  3
 35 125  3
 35 91  3
 35 88  3
 35 67  3
 35 66  3
 35 57  3
 35 51  3
 34  1027
 33  923
 33 125  3
 33 91  3
 33 88  5
 33 67  3
 33 57  3
 33 51  7
 32  1203
 32 70  9
 32 55  11
 32 50  47
 32 42  25
 32 39  9
 32 36  9
 32 35  9
 32 33  11
 31 125  5
 31 91  5
 31 88  5
 31 67  5
 31 66  5
 31 57  5
 31 51  5
 31 32  15
 29 70  3
 29 55  7
 29 50  79
 29 42  25
 29 39  3
 29 36  3
 29 35  3
 29 33  7
 29 31  5
 28  473
 28 70  3
 28 55  3
 28 50  41
 28 42  15
 28 39  3
 28 36  3
 28 35  3
 28 33  3
 28 31  5
 25  2819
 25 67  281
 25 67 70  3
 25 55 67  3
 25 50 67  3
 25 42 67  5
 25 39 67  3
 25 36 67  3
 25 35 67  3
 25 33 67  3
 25 31 67  5
 23  1287
 23 70  3
 23 51  9
 23 50  117
 23 42  35
 23 39  3
 23 36  3
 23 35  3
 23 31  5
 22  733
 22 125  3
 22 91  3
 22 88  5
 22 67  3
 22 57  3
 22 51  7
 22 32  11
 22 29  7
 22 28  3
 22 25 67  3
 20  2657
 18  1195
 18 125  3
 18 91  3
 18 88  7
 18 67  3
 18 66  5
 18 57  3
 18 51  11
 18 32  13
 18 29  11
 18 28  3
 18 25 67  3
 18 23  13
 17 125  11
 17 91  11
 17 88  17
 17 70  53
 17 67  11
 17 57  11
 17 51  65
 17 50  129
 17 42  235
 17 39  53
 17 36  53
 17 35  53
 17 32  81
 17 31  101
 17 29  103
 17 28  49
 17 25 67  11
 17 18  113
 16 125  7
 16 91  7
 16 88  11
 16 67  7
 16 66  47
 16 57  7
 16 51  53
 16 32  63
 16 29  91
 16 28  45
 16 25 67  7
 16 23  131
 16 17  209
 13 25  597
 13 25 70  5
 13 25 55  5
 13 25 50  11
 13 25 39  5
 13 25 36  5
 13 25 35  5
 13 25 33  7
 13 25 31  9
 13 23  249
 13 22 25  5
 13 21 25  15
 13 18 25  7
 13 17  473
 13 16 25  17
 12 23  149
 12 17  449
 12 13 25  27
 11 51  189
 11 17  653
 11 13 25  71
 10  1187
 10 66  7
 10 23  11
 10 17  117
 9 125  21
 9 91  21
 9 88  21
 9 67  21
 9 66  31
 9 57  21
 9 51  385
 9 34 51  5
 9 32  73
 9 29  41
 9 28  31
 9 25 67  21
 9 25 51  19
 9 23 51  3
 9 17 51  49
 9 13 51  51
 9 13 25  33
 8  3213
 8 25 70  3
 8 25 51  5
 8 25 39  3
 8 25 36  3
 8 25 35  3
 8 25 31  5
 8 18 25  5
 8 16 25  21
 8 13 25  37
 8 11 25  71
 8 10 25  7
 7 125  13
 7 91  13
 7 88  15
 7 70  23
 7 67  13
 7 57  13
 7 51  37
 7 50  419
 7 42  45
 7 39  23
 7 36  23
 7 35  23
 7 32  61
 7 31  45
 7 29  57
 7 28  33
 7 25 67  13
 7 21  159
 7 18  69
 7 16  465
 7 13  559
 7 11  575
 7 10  59
 7 9  81
 6  1803
 6 125  9
 6 91  9
 6 88  9
 6 67  9
 6 66  19
 6 57  9
 6 51  19
 6 32  37
 6 29  29
 6 28  19
 6 25 67  9
 6 23  39
 6 17  263
 6 8 25  9
 5 125  9
 5 91  9
 5 88  13
 5 67  9
 5 66  21
 5 57  9
 5 51  27
 5 32  41
 5 29  37
 5 28  19
 5 25 67  9
 5 23  49
 5 17  349
 5 7  115
 4 125  13
 4 91  13
 4 88  17
 4 67  13
 4 66  15
 4 57  13
 4 51  21
 4 32  43
 4 29  21
 4 28  13
 4 25 67  13
 4 23  23
 4 17  315
 4 13 25  25
 4 8 25  15
 4 7  159
 3  3085
 3 13 25  25
 3 8 25  17
 2 125  5
 2 91  5
 2 88  5
 2 67  5
 2 66  5
 2 57  5
 2 51  5
 2 32  15
 2 29  5
 2 28  5
 2 25 67  5
 2 23  5
 2 17  101
 2 13 25  9
 2 8 25  5
 2 7  45
 1  3377
 1 125  15
 1 91  15
 1 88  19
 1 67  15
 1 66  27
 1 57  15
 1 51  33
 1 32  59
 1 29  43
 1 28  25
 1 25 67  15
 1 23  55
 1 17  423
 1 8 25  17
 0  2949
 0 125  13
 0 91  13
 0 88  21
 0 70  15
 0 67  13
 0 57  13
 0 51  31
 0 50  129
 0 42  55
 0 39  15
 0 36  15
 0 35  15
 0 32  49
 0 31  25
 0 29  31
 0 28  13
 0 25 67  13
 0 18  41
 0 16  175
 0 13 25  19
 0 10  43
 0 9  135
 0 6  75
 0 5  101
 0 4  91
 0 2  25
 0 1  131
 121  1
 87  1
 84  441
 82  1
 63  1
 62  191
 53  563
 48  1
 47  369
 45  1007
 30  719
 24  369
 21 63  1
 19  943
 9 21  149
 4 21  43
 27  1183
 13 27  205
 13 26  111
 12 27  143
 12 26  119
 11 55  187
 11 33  235
 11 22  189
 10 11  235
 9 11 51  135
 7 27  145
 7 15  139
 5 10  41
 4 10  25
 1 10  47
 32 46  43
 15 32 46  3
 15 17 46  9
 13 15 32  3
 13 15 17  9
 12 15 32  3
 12 15 17  9
 9 15 32  3
 9 15 17  9
 7 15 32  3
 7 15 17  11
 7 12 15  5
 0 46  85
 0 15 46  5
 0 13 15  5
 0 12 15  5
 0 9 15  5
 0 7 15  5
 50 55  41
 42 55  15
 16 55  51
 11 50 55  3
 11 50 51  3
 11 42 55  3
 11 42 51  3
 11 17 109  7
 11 17 75  7
 11 17 72  7
 11 17 50  11
 11 17 41  7
 11 17 35  7
 11 17 21  11
 11 17 18  11
 11 13 55  7
 11 13 51  7
 11 13 17  19
 11 12 17  19
 9 17 25  17
 9 11 17 51  7
 8 50 55  5
 8 50 51  5
 8 17 50  17
 8 11 55  7
 8 11 51  7
 7 11 50  13
 7 11 42  9
 7 11 13  19
 7 8 50  17
 7 8 11  19
 5 55  25
 33 50  79
 33 46  31
 33 42  25
 33 40  21
 17 40  187
 17 33 46  5
 16 33  89
 13 33 46  5
 13 17 33  5
 12 17 33  5
 12 13 33  5
 11 33 50  5
 11 33 42  5
 11 17 70  7
 11 17 42  13
 11 17 36  7
 11 17 31  9
 11 13 33  11
 11 12 33  9
 9 33  41
 9 17 33  5
 9 13 33  5
 8 33 50  9
 8 11 33  11
 8 11 17  23
 7 17 33  9
 7 13 33  9
 7 11 70  5
 7 11 36  5
 7 11 31  9
 6 33  29
 6 13 33  5
 6 11 33  5
 6 11 17  13
 5 33  35
 3 17 45  11
 3 17 25  15
 1 33  41
 1 13 33  5
 0 40  35
 0 17 46  11
 0 13 46  11
 0 13 17  11
 0 12 17  11
 0 12 13  11
 0 11 50  11
 0 11 42  11
 0 11 17  21
 0 11 13  21
 0 11 12  19
 0 9 17  11
 0 9 13  11
 0 8 50  17
 0 8 11  21
 0 7 17  17
 0 7 13  17
 0 7 11  19
 0 6 13  11
 0 6 11  11
 0 1 13  11
 46 66  21
 40 66  11
 32 40  13
 29 46  31
 29 40  21
 27 50  79
 27 42  25
 27 40  21
 23 40  31
 17 46 66  3
 17 32 46  5
 17 29 46  5
 17 27  117
 16 27  95
 13 46 66  3
 13 32 46  5
 13 29 46  5
 13 27 46  7
 13 25 66  3
 13 25 27  13
 13 23 46  9
 13 17 66  3
 13 17 32  5
 13 17 29  5
 12 17 66  3
 12 17 32  5
 12 17 29  5
 12 13 66  3
 12 13 32  5
 12 13 29  5
 12 13 27  11
 12 13 23  13
 12 13 17  21
 11 50 66  3
 11 42 66  3
 11 32 50  5
 11 32 42  5
 11 29 50  5
 11 29 42  5
 11 27 50  5
 11 27 42  5
 11 23 50  7
 11 23 42  7
 11 17 66  3
 11 17 32  5
 11 17 29  5
 11 17 27  5
 11 17 23  7
 11 13 66  5
 11 13 32  7
 11 13 29  9
 11 13 27  9
 11 13 23  13
 11 12 66  3
 11 12 32  5
 11 12 29  5
 11 12 27  5
 11 12 23  7
 9 17 66  3
 9 17 32  5
 9 17 29  5
 9 13 66  3
 9 13 32  5
 9 13 29  5
 9 13 27  7
 9 13 23  9
 8 50 66  5
 8 32 50  7
 8 29 50  9
 8 27 50  9
 8 23 50  13
 8 11 66  5
 8 11 32  7
 8 11 29  9
 8 11 27  9
 8 11 23  13
 7 46  31
 7 40  21
 7 17 66  5
 7 17 46  5
 7 17 32  7
 7 17 29  9
 7 13 66  5
 7 13 46  5
 7 13 32  7
 7 13 29  9
 7 12 17  17
 7 12 13  17
 7 11 66  5
 7 11 32  7
 7 11 29  9
 7 11 27  9
 7 11 23  13
 7 11 12  17
 7 9 17  13
 7 9 13  13
 6 27  29
 6 13 66  3
 6 13 32  5
 6 13 29  5
 6 13 27  5
 6 13 23  7
 6 12 17  11
 6 11 66  3
 6 11 32  5
 6 11 29  5
 6 11 27  5
 6 11 23  7
 6 7 17  13
 6 7 13  11
 6 7 11  9
 5 27  41
 1 27  47
 1 13 66  3
 1 13 32  5
 1 13 29  5
 1 13 27  7
 1 13 23  9
 1 12 17  19
 1 7 17  27
 1 7 13  25
 32 108  3
 32 105  3
 32 93  3
 32 84  15
 32 83  3
 32 74  3
 32 68  3
 32 49  11
 32 47  5
 32 42 84  3
 30 32 42  3
 25 32 42  3
 24 32  5
 17 108  5
 17 105  5
 17 93  5
 17 84  25
 17 83  5
 17 74  5
 17 68  5
 17 42 84  5
 17 30 42  7
 17 25 42  11
 9 32 93  3
 9 32 84  3
 9 32 39  3
 9 32 34  3
 9 30 32  3
 9 25 32  3
 9 17 93  5
 9 17 84  5
 9 17 39  7
 9 17 34  7
 9 17 30  7
 8 32 84  3
 8 30 32  3
 8 25 32  5
 8 17 84  5
 8 17 30  9
 5 49  15
 5 32 84  3
 5 32 47  3
 5 30 32  3
 5 25 32  3
 5 24  11
 5 17 84  5
 5 17 47  5
 5 17 30  7
 5 17 25  15
 4 49  19
 4 47  15
 4 24  15
 3 32 84  3
 3 30 32  3
 3 25 32  3
 3 17 84  5
 3 17 30  7
 1 49  21
 1 47  17
 1 24  17
 0 108  5
 0 105  5
 0 93  5
 0 84  25
 0 83  5
 0 74  5
 0 68  5
 0 42 84  5
 0 30 42  5
 0 25 42  5
 0 9 93  5
 0 9 84  5
 0 9 39  5
 0 9 34  5
 0 9 30  5
 0 9 25  5
 0 8 84  5
 0 8 30  5
 0 5 84  5
 0 5 47  5
 0 5 30  5
 0 5 25  5
 0 3 84  5
 0 3 30  5
 0 3 25  5
 93 125  1
 91 93  1
 88 93  1
 84 125  5
 84 91  5
 84 88  5
 83 125  1
 83 91  1
 83 88  1
 67 93  1
 67 84  5
 67 83  1
 66 93  1
 66 88  3
 66 84  5
 66 83  1
 57 93  1
 57 84  5
 57 83  1
 51 93  1
 51 84  5
 51 83  1
 42 84 125  1
 42 84 91  1
 42 84 88  1
 42 67 84  1
 42 66 84  1
 42 57 84  1
 42 51 84  1
 30 42 125  1
 30 42 91  1
 30 42 88  1
 30 42 67  1
 30 42 66  1
 30 42 57  1
 30 42 51  1
 29 93  1
 29 84  5
 29 83  1
 29 66  5
 29 42 84  1
 29 30 42  1
 28 93  1
 28 84  5
 28 83  1
 28 42 84  1
 28 30 42  1
 25 67 93  1
 25 67 84  5
 25 67 83  1
 25 42 125  1
 25 42 91  1
 25 42 88  1
 25 42 67 84  1
 25 42 66  1
 25 42 57  1
 25 42 51  1
 25 30 42 67  1
 25 29 42  1
 25 28 42  1
 24 125  1
 24 91  1
 24 88  3
 24 67  1
 24 57  1
 24 51  5
 24 29  5
 24 28  1
 24 25 67  1
 23 93  1
 23 88  7
 23 84  5
 23 83  1
 23 42 84  1
 23 30 42  1
 23 29  9
 23 25 42  1
 13 25 93  1
 13 25 84  5
 13 25 83  1
 13 25 42 84  1
 13 25 30 42  1
 13 24 25  1
 9 93 125  1
 9 91 93  1
 9 88 93  1
 9 84 125  1
 9 84 91  1
 9 84 88  1
 9 67 93  1
 9 67 84  1
 9 66 93  1
 9 66 84  1
 9 57 93  1
 9 57 84  1
 9 51 93  1
 9 51 84  1
 9 39 125  1
 9 39 91  1
 9 39 88  1
 9 39 67  1
 9 39 66  1
 9 39 57  1
 9 39 51  1
 9 34 125  1
 9 34 91  1
 9 34 88  1
 9 34 67  1
 9 34 66  1
 9 34 57  1
 9 30 125  1
 9 30 91  1
 9 30 88  1
 9 30 67  1
 9 30 66  1
 9 30 57  1
 9 30 51  1
 9 29 93  1
 9 29 84  1
 9 29 39  1
 9 29 34  1
 9 29 30  1
 9 28 93  1
 9 28 84  1
 9 28 39  1
 9 28 34  1
 9 28 30  1
 9 25 125  1
 9 25 91  1
 9 25 88  1
 9 25 67 93  1
 9 25 67 84  1
 9 25 66  1
 9 25 57  1
 9 25 39 67  1
 9 25 34 67  1
 9 25 30 67  1
 9 25 29  1
 9 25 28  1
 9 23 93  1
 9 23 84  1
 9 23 39  1
 9 23 34  3
 9 23 30  1
 9 23 25  5
 9 13 25 93  1
 9 13 25 84  1
 9 13 25 39  1
 9 13 25 34  1
 9 13 25 30  1
 8 84 125  1
 8 84 91  1
 8 84 88  1
 8 67 84  1
 8 66 84  1
 8 57 84  1
 8 51 84  1
 8 30 125  1
 8 30 91  1
 8 30 88  1
 8 30 67  1
 8 30 66  1
 8 30 57  1
 8 30 51  1
 8 29 84  1
 8 29 30  1
 8 28 84  1
 8 28 30  1
 8 25 125  1
 8 25 93  1
 8 25 91  1
 8 25 88  3
 8 25 83  1
 8 25 67 84  1
 8 25 57  1
 8 25 42 84  1
 8 25 30  9
 8 25 30 67  1
 8 25 30 42  1
 8 25 29  5
 8 25 28  1
 8 23 84  1
 8 23 30  1
 8 13 25 84  1
 8 13 25 30  1
 8 9 25 93  1
 8 9 25 84  1
 8 9 25 39  1
 8 9 25 34  1
 8 9 25 30  1
 7 93  1
 7 84  5
 7 83  1
 7 42 84  1
 7 30 42  1
 7 25 42  1
 7 9 93  1
 7 9 84  1
 7 9 39  1
 7 9 34  1
 7 9 30  1
 7 9 25  1
 7 8 84  1
 7 8 30  1
 5 84 125  1
 5 84 91  1
 5 84 88  1
 5 67 84  1
 5 66 84  1
 5 57 84  1
 5 51 84  1
 5 30 125  1
 5 30 91  1
 5 30 88  1
 5 30 67  1
 5 30 66  1
 5 30 57  1
 5 30 51  1
 5 29 84  1
 5 29 30  1
 5 28 84  1
 5 28 30  1
 5 25 125  1
 5 25 91  1
 5 25 88  1
 5 25 67 84  1
 5 25 66  1
 5 25 57  1
 5 25 51  1
 5 25 30 67  1
 5 25 29  1
 5 25 28  1
 5 23 84  1
 5 23 30  1
 5 23 25  1
 5 13 25 84  1
 5 13 25 30  1
 5 8 25 84  1
 5 8 25 30  1
 5 7 84  1
 5 7 30  1
 5 7 25  1
 3 84 125  1
 3 84 91  1
 3 84 88  1
 3 67 84  1
 3 66 84  1
 3 57 84  1
 3 51 84  1
 3 30 125  1
 3 30 91  1
 3 30 88  1
 3 30 67  1
 3 30 66  1
 3 30 57  1
 3 30 51  1
 3 29 84  1
 3 29 30  1
 3 28 84  1
 3 28 30  1
 3 25 125  1
 3 25 91  1
 3 25 88  1
 3 25 67 84  1
 3 25 66  1
 3 25 57  1
 3 25 51  1
 3 25 30 67  1
 3 25 29  1
 3 25 28  1
 3 23 84  1
 3 23 30  1
 3 23 25  1
 3 13 25 84  1
 3 13 25 30  1
 3 8 25 84  1
 3 8 25 30  1
 3 7 84  1
 3 7 30  1
 3 7 25  1
 92  281
 86  281
 59  281
 58  281
 52  281
 10 55  9
 10 49  9
 10 47  7
 10 33  9
 10 26  11
 10 24  7
 10 22  9
 10 18  15
 10 16  95
 103 125  1
 92 103  1
 91 103  1
 88 103  1
 86 103  1
 70 92  3
 70 86  3
 69 125  1
 69 92  1
 69 91  1
 69 88  1
 69 86  1
 67 103  1
 67 69  1
 66 125  1
 66 103  1
 66 92  1
 66 91  1
 66 86  1
 66 69  1
 66 67  1
 64 125  1
 64 92  1
 64 91  1
 64 88  1
 64 86  1
 64 67  1
 64 66  1
 59 103  1
 59 70  3
 59 69  1
 59 66  1
 59 64  1
 58 103  1
 58 70  3
 58 69  1
 58 66  1
 58 64  1
 57 103  1
 57 69  1
 57 66  1
 57 64  1
 55 103  1
 55 70  3
 55 69  1
 55 64  1
 52 103  1
 52 70  3
 52 69  1
 52 66  1
 52 64  1
 51 103  1
 51 69  1
 51 64  1
 49 125  3
 49 103  1
 49 92  3
 49 91  3
 49 88  5
 49 86  3
 49 70  3
 49 69  1
 49 67  3
 49 64  1
 49 59  3
 49 58  3
 49 57  3
 49 52  3
 49 51  7
 47 103  1
 47 70  3
 47 69  1
 47 64  1
 44 125  1
 44 92  1
 44 91  1
 44 88  1
 44 86  1
 44 67  1
 44 66  1
 44 59  1
 44 58  1
 44 57  1
 44 55  1
 44 52  1
 44 51  1
 44 49  1
 44 47  1
 36 92  3
 36 86  3
 36 59  3
 36 58  3
 36 55  3
 36 52  3
 36 49  3
 36 47  3
 35 92  3
 35 86  3
 35 59  3
 35 58  3
 35 55  3
 35 52  3
 35 49  3
 35 47  3
 33 103  1
 33 92  3
 33 86  3
 33 70  3
 33 69  1
 33 64  1
 33 59  3
 33 58  3
 33 52  3
 33 44  1
 33 36  3
 33 35  3
 32 103  3
 32 69  3
 32 66  5
 32 64  3
 32 44  3
 31 92  5
 31 86  5
 31 59  5
 31 58  5
 31 55  5
 31 52  5
 31 49  5
 31 47  5
 31 33  5
 29 103  1
 29 69  1
 29 64  1
 29 49  7
 29 47  5
 29 44  1
 28 103  1
 28 69  1
 28 66  1
 28 64  1
 28 49  3
 28 44  1
 27 103  1
 27 70  3
 27 69  1
 27 66  7
 27 64  1
 27 55  9
 27 49  9
 27 47  7
 27 44  1
 27 36  3
 27 35  3
 27 33  9
 27 31  5
 26 103  1
 26 70  3
 26 69  1
 26 64  1
 26 44  1
 26 36  3
 26 35  3
 26 32  17
 26 31  5
 26 29  9
 26 27  11
 25 67 103  1
 25 67 69  1
 25 66 67  1
 25 64 67  1
 25 49 67  3
 25 44 67  1
 24 103  1
 24 70  3
 24 69  1
 24 64  1
 24 44  1
 24 36  3
 24 35  3
 24 31  5
 24 27  7
 23 103  1
 23 69  1
 23 64  1
 23 44  1
 23 32  17
 23 27  11
 22 103  1
 22 70  3
 22 69  1
 22 64  1
 22 44  1
 22 36  3
 22 35  3
 22 31  5
 22 27  9
 18 49  9
 18 33  9
 18 27  15
 17 103  5
 17 69  5
 17 64  43
 17 44  5
 16 92  7
 16 86  7
 16 59  7
 16 58  7
 16 52  7
 16 49  13
 16 47  9
 16 26  17
 16 24  9
 16 22  51
 13 25 103  1
 13 25 69  1
 13 25 64  3
 13 25 49  3
 13 25 44  1
 13 15 25  13
 10 103  1
 10 70  3
 10 69  1
 10 64  1
 10 44  1
 10 36  3
 10 35  3
 10 31  5
 8 25 103  1
 8 25 69  1
 8 25 64  1
 8 25 44  1
 8 25 27  7
 7 103  1
 7 92  13
 7 86  13
 7 69  1
 7 64  21
 7 59  13
 7 58  13
 7 52  13
 7 44  1
 6 92  9
 6 86  9
 6 59  9
 6 58  9
 6 55  19
 6 52  9
 6 49  9
 6 47  9
 6 26  9
 6 24  9
 6 22  19
 6 10  29
 5 92  9
 5 86  9
 5 59  9
 5 58  9
 5 52  9
 5 26  19
 5 22  25
 4 92  13
 4 86  13
 4 59  13
 4 58  13
 4 55  19
 4 52  13
 4 33  19
 4 27  25
 4 26  23
 4 22  19
 3 45 125  1
 3 45 92  1
 3 45 91  1
 3 45 88  1
 3 45 86  1
 3 45 67  1
 3 45 66  1
 3 45 59  1
 3 45 58  1
 3 45 57  1
 3 45 55  1
 3 45 52  1
 3 45 51  1
 3 45 49  1
 3 45 47  1
 3 33 45  1
 3 32 45  3
 3 29 45  1
 3 28 45  1
 3 27 45  1
 3 26 45  1
 3 25 45 67  1
 3 24 45  1
 3 23 45  1
 3 22 45  1
 3 13 25 45  1
 3 10 45  1
 3 8 25 45  1
 3 7 45  1
 2 92  5
 2 86  5
 2 59  5
 2 58  5
 2 55  5
 2 52  5
 2 49  5
 2 47  5
 2 33  5
 2 27  5
 2 26  5
 2 24  5
 2 22  5
 2 10  5
 1 92  15
 1 86  15
 1 59  15
 1 58  15
 1 55  25
 1 52  15
 1 26  25
 1 22  31
 0 103  5
 0 92  13
 0 86  13
 0 69  5
 0 64  5
 0 59  13
 0 58  13
 0 52  13
 0 44  5
 0 27  43
 0 3 45  5
 1 9 51  15
 22 50  41
 22 46  21
 22 42  15
 22 40  11
 17 22 46  3
 13 22 46  3
 13 17 46  13
 13 17 22  3
 12 17 22  3
 12 13 22  3
 11 22 50  3
 11 22 42  3
 11 17 76  7
 11 17 43  7
 11 17 39  7
 11 13 22  7
 11 12 22  7
 10 50  79
 10 46  31
 10 42  25
 10 40  21
 10 17 46  5
 10 13 46  5
 10 13 17  5
 10 12 17  5
 10 12 13  5
 10 11 50  5
 10 11 42  5
 10 11 13  11
 10 11 12  9
 9 22  31
 9 17 22  3
 9 13 22  3
 9 13 17  17
 9 10  41
 9 10 17  5
 9 10 13  5
 8 22 50  5
 8 11 22  7
 8 10 50  9
 8 10 11  11
 7 17 22  5
 7 13 22  5
 7 11 76  5
 7 11 43  5
 7 11 39  5
 7 10 17  9
 7 10 13  9
 6 17 46  7
 6 13 22  3
 6 13 17  13
 6 11 22  3
 6 10 13  5
 6 10 11  5
 6 9 17  11
 1 13 22  3
 1 13 17  21
 1 10 13  5
 1 9 17  19
 11 76 125  1
 11 76 91  1
 11 76 88  1
 11 67 76  1
 11 66 76  1
 11 57 76  1
 11 51 76  1
 11 43 125  1
 11 43 91  1
 11 43 88  1
 11 43 67  1
 11 43 66  1
 11 43 57  1
 11 43 51  1
 11 42 125  1
 11 42 91  1
 11 42 88  1
 11 42 67  1
 11 42 57  1
 11 39 125  1
 11 39 91  1
 11 39 88  1
 11 39 67  1
 11 39 66  1
 11 39 57  1
 11 39 51  1
 11 32 76  3
 11 32 43  3
 11 32 39  3
 11 29 76  1
 11 29 43  1
 11 29 39  1
 11 28 76  1
 11 28 43  1
 11 28 42  3
 11 28 39  1
 11 25 67 76  1
 11 25 43 67  1
 11 25 42 67  1
 11 25 39 67  1
 11 23 76  1
 11 23 43  1
 11 23 39  1
 11 22 125  1
 11 22 91  1
 11 22 88  1
 11 22 67  1
 11 22 66  1
 11 22 57  1
 11 22 32  3
 11 22 29  1
 11 22 28  1
 11 22 25 67  1
 11 22 23  1
 11 17 125  1
 11 17 91  1
 11 17 88  1
 11 17 67  1
 11 17 57  1
 11 17 28  3
 11 17 25 67  1
 11 13 25 76  1
 11 13 25 43  1
 11 13 25 42  1
 11 13 25 39  1
 11 13 22 25  1
 11 13 17 25  1
 10 11 125  1
 10 11 91  1
 10 11 88  1
 10 11 67  1
 10 11 66  1
 10 11 57  1
 10 11 32  3
 10 11 29  1
 10 11 28  1
 10 11 25 67  1
 10 11 23  1
 10 11 13 25  1
 8 11 125  1
 8 11 91  1
 8 11 88  1
 8 11 67  1
 8 11 57  1
 8 11 28  5
 8 11 25 76  1
 8 11 25 67  1
 8 11 25 43  1
 8 11 25 42  1
 8 11 25 39  1
 8 11 22 25  1
 8 11 17 25  1
 8 10 11 25  1
 6 11 125  1
 6 11 91  1
 6 11 88  1
 6 11 67  1
 6 11 57  1
 6 11 51  3
 6 11 28  3
 6 11 25 67  1
 6 11 13 25  1
 6 8 11 25  1
 0 11 76  5
 0 11 51  7
 0 11 43  5
 0 11 39  5
 0 11 22  7
 0 10 11  7
 11 88 109  1
 11 75 88  1
 11 72 88  1
 11 55 88  1
 11 51 109  1
 11 51 88  1
 11 51 75  1
 11 51 72  1
 11 50 88  1
 11 41 88  1
 11 41 51  1
 11 35 88  1
 11 35 51  1
 11 29 109  1
 11 29 75  1
 11 29 72  1
 11 29 55  1
 11 29 51  1
 11 29 41  1
 11 29 35  1
 11 21 88  1
 11 21 51  3
 11 21 29  1
 11 18 88  1
 11 18 51  3
 11 18 29  1
 11 13 88  1
 11 12 88  1
 11 12 51  7
 9 11 51 88  1
 9 11 29 51  1
 7 11 88  1
 0 11 109  5
 0 11 75  5
 0 11 72  5
 0 11 55  7
 0 11 41  5
 0 11 35  5
 0 11 21  9
 0 11 18  9
 0 9 11 51  5
 17 21 46  11
 13 25 40  5
 13 17 21  11
 12 17 21  11
 9 17 21  11
 7 17 21  15
 7 13 21  13
 7 11 21  11
 7 11 18  11
 55 92  3
 55 86  3
 55 59  3
 55 58  3
 52 55  3
 47 88  3
 47 51  5
 26 88  7
 26 51  9
 22 92  3
 22 86  3
 22 59  3
 22 58  3
 22 52  3
 18 92  3
 18 86  3
 18 59  3
 18 58  3
 18 55  7
 18 52  3
 18 47  5
 18 26  13
 18 24  5
 18 22  9
 17 92  11
 17 86  11
 17 59  11
 17 58  11
 17 52  11
 11 70 125  1
 11 70 91  1
 11 70 88  1
 11 67 70  1
 11 66 70  1
 11 57 70  1
 11 51 70  1
 11 36 125  1
 11 36 91  1
 11 36 88  1
 11 36 67  1
 11 36 66  1
 11 36 57  1
 11 36 51  1
 11 33 125  1
 11 33 91  1
 11 33 88  1
 11 33 67  1
 11 33 66  1
 11 33 57  1
 11 32 70  3
 11 32 36  3
 11 32 33  3
 11 31 125  1
 11 31 91  1
 11 31 88  1
 11 31 67  1
 11 31 66  1
 11 31 57  1
 11 31 51  1
 11 31 32  3
 11 29 70  1
 11 29 36  1
 11 29 33  1
 11 29 31  1
 11 28 70  1
 11 28 36  1
 11 28 33  1
 11 28 31  1
 11 25 67 70  1
 11 25 36 67  1
 11 25 33 67  1
 11 25 31 67  1
 11 23 70  1
 11 23 36  1
 11 23 33  1
 11 23 31  1
 11 13 25 70  1
 11 13 25 36  1
 11 13 25 33  1
 11 13 25 31  1
 8 11 25 70  1
 8 11 25 36  1
 8 11 25 33  1
 8 11 25 31  1
 0 11 70  5
 0 11 36  5
 0 11 33  7
 0 11 31  5
 108 125  1
 91 108  1
 88 108  1
 74 125  1
 74 91  1
 74 88  1
 67 108  1
 67 74  1
 66 108  1
 66 74  1
 57 108  1
 57 74  1
 51 108  1
 51 74  1
 40 125  1
 40 91  1
 40 88  1
 40 67  1
 40 57  1
 40 51  11
 29 108  1
 29 74  1
 28 108  1
 28 74  1
 28 40  11
 25 67 108  1
 25 67 74  1
 25 40 67  1
 23 108  1
 23 74  1
 13 25 108  1
 13 25 74  1
 8 50 125  1
 8 50 91  1
 8 50 88  1
 8 50 67  1
 8 50 57  1
 8 28 50  5
 8 25 108  1
 8 25 74  1
 8 25 50 67  1
 8 25 40  1
 8 13 25 50  1
 7 108  1
 7 74  1
 60 92  5
 59 60  5
 58 60  5
 55 60  5
 46 92  11
 46 60 92  1
 46 59  11
 46 59 60  1
 46 58  11
 46 58 60  1
 46 55  21
 46 55 60  1
 33 60  5
 33 46 60  1
 27 46 92  1
 27 46 59  1
 27 46 58  1
 27 46 55  1
 27 33 46  1
 26 92  5
 26 60  5
 26 59  5
 26 58  5
 26 46 92  1
 26 46 60  1
 26 46 59  1
 26 46 58  1
 26 46 55  1
 26 33 46  1
 24 60  5
 24 46  11
 24 46 60  1
 24 27 46  1
 24 26 46  1
 23 92  5
 23 59  5
 23 58  5
 23 46 92  1
 23 46 59  1
 23 46 58  1
 23 46 55  1
 23 33 46  1
 23 24 46  1
 22 60  5
 22 46 60  1
 22 27 46  1
 22 26 46  1
 22 23 46  1
 21 46 92  1
 21 46 59  1
 21 46 58  1
 21 46 55  1
 21 33 46  1
 21 27 46  3
 21 26 46  3
 21 24 46  1
 21 23 46  3
 21 22 46  1
 17 46 92  1
 17 46 59  1
 17 46 58  1
 17 46 55  3
 17 24 46  1
 13 60 92  1
 13 59 60  1
 13 58 60  1
 13 55 60  1
 13 46 92  1
 13 46 59  1
 13 46 58  1
 13 46 55  3
 13 33 60  1
 13 27 92  1
 13 27 59  1
 13 27 58  1
 13 27 55  1
 13 27 33  1
 13 26 92  1
 13 26 60  1
 13 26 59  1
 13 26 58  1
 13 26 55  1
 13 26 46  3
 13 26 33  1
 13 24 60  1
 13 24 46  1
 13 24 27  1
 13 24 26  1
 13 23 92  1
 13 23 59  1
 13 23 58  1
 13 23 55  1
 13 23 33  1
 13 23 24  1
 13 22 60  1
 13 22 27  1
 13 22 26  1
 13 22 23  1
 13 21 92  1
 13 21 59  1
 13 21 58  1
 13 21 55  1
 13 21 33  1
 13 21 27  3
 13 21 26  3
 13 21 24  1
 13 21 23  3
 13 21 22  1
 13 17 92  1
 13 17 59  1
 13 17 58  1
 13 17 55  3
 13 17 24  1
 12 60 92  1
 12 59 60  1
 12 58 60  1
 12 55 60  1
 12 33 60  1
 12 27 92  1
 12 27 59  1
 12 27 58  1
 12 27 55  1
 12 27 33  1
 12 26 92  1
 12 26 60  1
 12 26 59  1
 12 26 58  1
 12 26 55  1
 12 26 33  1
 12 24 60  1
 12 24 27  1
 12 24 26  1
 12 23 92  1
 12 23 59  1
 12 23 58  1
 12 23 55  1
 12 23 33  1
 12 23 24  1
 12 22 60  1
 12 22 27  1
 12 22 26  1
 12 22 23  1
 12 21 92  1
 12 21 59  1
 12 21 58  1
 12 21 55  1
 12 21 33  1
 12 21 27  3
 12 21 26  3
 12 21 24  1
 12 21 23  3
 12 21 22  1
 12 17 92  1
 12 17 59  1
 12 17 58  1
 12 17 55  3
 12 17 24  1
 12 13 92  1
 12 13 59  1
 12 13 58  1
 12 13 55  3
 12 13 26  7
 12 13 24  1
 9 92  21
 9 60 92  1
 9 59  21
 9 59 60  1
 9 58  21
 9 58 60  1
 9 55  31
 9 55 60  1
 9 33 60  1
 9 27 92  1
 9 27 59  1
 9 27 58  1
 9 27 55  1
 9 27 33  1
 9 26 92  1
 9 26 60  1
 9 26 59  1
 9 26 58  1
 9 26 55  1
 9 26 33  1
 9 25 27  5
 9 25 26  5
 9 24  21
 9 24 60  1
 9 24 27  1
 9 24 26  1
 9 23 92  1
 9 23 59  1
 9 23 58  1
 9 23 55  1
 9 23 33  1
 9 23 24  1
 9 22 60  1
 9 22 27  1
 9 22 26  1
 9 22 23  1
 9 21 92  1
 9 21 59  1
 9 21 58  1
 9 21 55  1
 9 21 33  1
 9 21 27  3
 9 21 26  3
 9 21 24  1
 9 21 23  3
 9 21 22  1
 9 17 92  1
 9 17 59  1
 9 17 58  1
 9 17 55  3
 9 17 24  1
 9 13 92  1
 9 13 59  1
 9 13 58  1
 9 13 55  3
 9 13 26  3
 9 13 24  1
 7 60 92  1
 7 59 60  1
 7 58 60  1
 7 55 60  1
 7 33 60  1
 7 27 92  1
 7 27 59  1
 7 27 58  1
 7 27 55  1
 7 27 33  1
 7 26 92  1
 7 26 60  1
 7 26 59  1
 7 26 58  1
 7 26 55  1
 7 26 33  1
 7 24 60  1
 7 24 27  1
 7 24 26  1
 7 23 92  1
 7 23 59  1
 7 23 58  1
 7 23 55  1
 7 23 33  1
 7 23 24  1
 7 22 60  1
 7 22 27  1
 7 22 26  1
 7 22 23  1
 7 21 92  1
 7 21 59  1
 7 21 58  1
 7 21 55  1
 7 21 33  1
 7 21 27  3
 7 21 26  3
 7 21 24  1
 7 21 23  3
 7 21 22  1
 7 17 92  1
 7 17 59  1
 7 17 58  1
 7 17 55  5
 7 17 24  1
 7 13 92  1
 7 13 59  1
 7 13 58  1
 7 13 55  5
 7 13 24  1
 6 46 92  1
 6 46 59  1
 6 46 58  1
 6 46 55  1
 6 33 46  1
 6 26 46  1
 6 24 46  1
 6 22 46  1
 6 13 92  1
 6 13 59  1
 6 13 58  1
 6 13 55  3
 6 13 26  1
 6 13 24  1
 6 12 92  1
 6 12 59  1
 6 12 58  1
 6 12 55  1
 6 12 33  1
 6 12 26  1
 6 12 24  1
 6 12 22  1
 6 9 92  1
 6 9 59  1
 6 9 58  1
 6 9 55  1
 6 9 33  1
 6 9 26  1
 6 9 24  1
 6 9 22  1
 6 7 92  1
 6 7 59  1
 6 7 58  1
 6 7 55  1
 6 7 33  1
 6 7 26  1
 6 7 24  1
 6 7 22  1
 1 46 92  1
 1 46 59  1
 1 46 58  1
 1 46 55  1
 1 33 46  1
 1 27 46  3
 1 26 46  3
 1 24 46  1
 1 23 46  3
 1 22 46  1
 1 17 46  15
 1 13 92  1
 1 13 59  1
 1 13 58  1
 1 13 55  3
 1 13 26  3
 1 13 24  1
 1 12 92  1
 1 12 59  1
 1 12 58  1
 1 12 55  1
 1 12 33  1
 1 12 27  3
 1 12 26  3
 1 12 24  1
 1 12 23  3
 1 12 22  1
 1 9 92  1
 1 9 59  1
 1 9 58  1
 1 9 55  1
 1 9 33  1
 1 9 27  3
 1 9 26  3
 1 9 24  1
 1 9 23  3
 1 9 22  1
 1 7 92  1
 1 7 59  1
 1 7 58  1
 1 7 55  1
 1 7 33  1
 1 7 27  3
 1 7 26  3
 1 7 24  1
 1 7 23  3
 1 7 22  1
 0 60  25
 0 46 60  5
 0 27 46  5
 0 26 46  5
 0 23 46  5
 0 21 46  5
 0 13 60  5
 0 13 27  5
 0 13 26  5
 0 13 23  5
 0 13 21  5
 0 12 60  5
 0 12 27  5
 0 12 26  5
 0 12 23  5
 0 12 21  5
 0 9 60  5
 0 9 27  5
 0 9 26  5
 0 9 23  5
 0 9 21  5
 0 7 60  5
 0 7 27  5
 0 7 26  5
 0 7 23  5
 0 7 21  5
 0 6 46  5
 0 6 12  5
 0 6 9  5
 0 6 7  5
 0 1 46  5
 0 1 12  5
 0 1 9  5
 0 1 7  5
 50 92  3
 50 59  3
 50 58  3
 42 92  5
 42 59  5
 42 58  5
 39 92  3
 39 59  3
 39 58  3
 39 55  3
 33 39  3
 26 50  3
 26 42  5
 26 39  3
 24 50  3
 24 42  5
 24 39  3
 22 39  3
 9 26 51  3
 9 21 51  5
 92 108  1
 92 105  1
 92 93  1
 84 92  5
 83 92  1
 74 92  1
 68 92  1
 59 108  1
 59 105  1
 59 93  1
 59 84  5
 59 83  1
 59 74  1
 59 68  1
 58 108  1
 58 105  1
 58 93  1
 58 84  5
 58 83  1
 58 74  1
 58 68  1
 55 108  1
 55 105  1
 55 93  1
 55 84  5
 55 83  1
 55 74  1
 55 68  1
 47 92  1
 47 59  1
 47 58  1
 42 84 92  1
 42 59 84  1
 42 58 84  1
 42 55 84  1
 40 92  1
 40 59  1
 40 58  1
 40 55  11
 33 108  1
 33 105  1
 33 93  1
 33 84  5
 33 83  1
 33 74  1
 33 68  1
 33 42 84  1
 30 42 92  1
 30 42 59  1
 30 42 58  1
 30 42 55  1
 30 33 42  1
 26 108  1
 26 105  1
 26 93  1
 26 84  5
 26 83  1
 26 74  1
 26 68  1
 26 42 84  1
 26 40  1
 26 30 42  1
 25 42 92  1
 25 42 59  1
 25 42 58  1
 25 42 55  1
 25 33 42  1
 25 26 42  1
 24 108  1
 24 105  1
 24 93  1
 24 92  1
 24 84  5
 24 83  1
 24 74  1
 24 68  1
 24 59  1
 24 58  1
 24 42 84  1
 24 40  1
 24 30 42  1
 24 25 42  1
 22 108  1
 22 105  1
 22 93  1
 22 84  5
 22 83  1
 22 74  1
 22 68  1
 22 42 84  1
 22 30 42  1
 22 25 42  1
 9 92 93  1
 9 84 92  1
 9 59 93  1
 9 59 84  1
 9 58 93  1
 9 58 84  1
 9 55 93  1
 9 55 84  1
 9 39 92  1
 9 39 59  1
 9 39 58  1
 9 39 55  1
 9 34 92  1
 9 34 59  1
 9 34 58  1
 9 34 55  1
 9 33 93  1
 9 33 84  1
 9 33 39  1
 9 33 34  1
 9 30 92  1
 9 30 59  1
 9 30 58  1
 9 30 55  1
 9 30 33  1
 9 26 93  1
 9 26 84  1
 9 26 39  1
 9 26 34  3
 9 26 30  1
 9 25 92  1
 9 25 59  1
 9 25 58  1
 9 25 55  1
 9 25 33  1
 9 24 93  1
 9 24 84  1
 9 24 39  1
 9 24 34  1
 9 24 30  1
 9 24 25  1
 9 22 93  1
 9 22 84  1
 9 22 39  1
 9 22 34  1
 9 22 30  1
 9 22 25  1
 8 84 92  1
 8 59 84  1
 8 58 84  1
 8 55 84  1
 8 50 92  1
 8 50 59  1
 8 50 58  1
 8 33 84  1
 8 30 92  1
 8 30 59  1
 8 30 58  1
 8 30 55  1
 8 30 33  1
 8 26 84  1
 8 26 50  1
 8 26 30  1
 8 25 92  1
 8 25 59  1
 8 25 58  1
 8 24 84  1
 8 24 50  1
 8 24 30  1
 8 22 84  1
 8 22 30  1
 5 84 92  1
 5 59 84  1
 5 58 84  1
 5 55 84  1
 5 47 92  1
 5 47 59  1
 5 47 58  1
 5 47 55  1
 5 33 84  1
 5 33 47  1
 5 30 92  1
 5 30 59  1
 5 30 58  1
 5 30 55  1
 5 30 33  1
 5 26 84  1
 5 26 47  1
 5 26 30  1
 5 25 92  1
 5 25 59  1
 5 25 58  1
 5 25 55  1
 5 25 47  5
 5 25 33  1
 5 25 26  1
 5 24 84  1
 5 24 47  1
 5 24 30  1
 5 24 25  1
 5 22 84  1
 5 22 47  1
 5 22 30  1
 5 22 25  1
 3 84 92  1
 3 59 84  1
 3 58 84  1
 3 55 84  1
 3 33 84  1
 3 30 92  1
 3 30 59  1
 3 30 58  1
 3 30 55  1
 3 30 33  1
 3 26 84  1
 3 26 30  1
 3 25 92  1
 3 25 59  1
 3 25 58  1
 3 25 55  1
 3 25 33  1
 3 25 26  1
 3 24 84  1
 3 24 30  1
 3 24 25  1
 3 22 84  1
 3 22 30  1
 3 22 25  1
 11 92 109  1
 11 76 92  1
 11 75 92  1
 11 72 92  1
 11 70 92  1
 11 59 109  1
 11 59 76  1
 11 59 75  1
 11 59 72  1
 11 59 70  1
 11 58 109  1
 11 58 76  1
 11 58 75  1
 11 58 72  1
 11 58 70  1
 11 55 109  1
 11 55 92  1
 11 55 76  1
 11 55 75  1
 11 55 72  1
 11 55 70  1
 11 55 59  1
 11 55 58  1
 11 51 92  1
 11 51 59  1
 11 51 58  1
 11 50 92  1
 11 50 59  1
 11 50 58  1
 11 43 92  1
 11 43 59  1
 11 43 58  1
 11 43 55  1
 11 42 92  1
 11 42 59  1
 11 42 58  1
 11 41 92  1
 11 41 59  1
 11 41 58  1
 11 41 55  1
 11 39 92  1
 11 39 59  1
 11 39 58  1
 11 39 55  1
 11 36 92  1
 11 36 59  1
 11 36 58  1
 11 36 55  1
 11 35 92  1
 11 35 59  1
 11 35 58  1
 11 35 55  1
 11 33 109  1
 11 33 92  1
 11 33 76  1
 11 33 75  1
 11 33 72  1
 11 33 70  1
 11 33 59  1
 11 33 58  1
 11 33 43  1
 11 33 41  1
 11 33 39  1
 11 33 36  1
 11 33 35  1
 11 31 92  1
 11 31 59  1
 11 31 58  1
 11 31 55  1
 11 31 33  1
 11 26 109  1
 11 26 76  1
 11 26 75  1
 11 26 72  1
 11 26 70  1
 11 26 55  1
 11 26 51  1
 11 26 50  1
 11 26 43  1
 11 26 42  1
 11 26 41  1
 11 26 39  1
 11 26 36  1
 11 26 35  1
 11 26 33  1
 11 26 31  1
 11 24 109  1
 11 24 76  1
 11 24 75  1
 11 24 72  1
 11 24 70  1
 11 24 55  1
 11 24 51  1
 11 24 50  1
 11 24 43  1
 11 24 42  1
 11 24 41  1
 11 24 39  1
 11 24 36  1
 11 24 35  1
 11 24 33  1
 11 24 31  1
 11 22 109  1
 11 22 92  1
 11 22 76  1
 11 22 75  1
 11 22 72  1
 11 22 70  1
 11 22 59  1
 11 22 58  1
 11 22 43  1
 11 22 41  1
 11 22 39  1
 11 22 36  1
 11 22 35  1
 11 22 31  1
 11 22 26  1
 11 22 24  1
 11 21 92  1
 11 21 59  1
 11 21 58  1
 11 21 55  3
 11 21 33  3
 11 21 26  1
 11 21 24  1
 11 21 22  3
 11 18 92  1
 11 18 59  1
 11 18 58  1
 11 18 55  3
 11 18 33  3
 11 18 26  1
 11 18 24  1
 11 18 22  3
 11 17 92  1
 11 17 59  1
 11 17 58  1
 11 17 26  1
 11 17 24  1
 11 13 92  1
 11 13 59  1
 11 13 58  1
 11 13 26  1
 11 13 24  1
 11 12 92  1
 11 12 59  1
 11 12 58  1
 11 12 55  7
 11 12 26  1
 11 12 24  1
 10 11 92  1
 10 11 59  1
 10 11 58  1
 10 11 26  1
 10 11 24  1
 10 11 21  3
 10 11 18  3
 9 11 51 92  1
 9 11 51 59  1
 9 11 51 58  1
 9 11 51 55  1
 9 11 33 51  1
 9 11 26 51  1
 9 11 24 51  1
 9 11 22 51  1
 8 11 92  1
 8 11 59  1
 8 11 58  1
 8 11 26  1
 8 11 24  1
 7 11 92  1
 7 11 59  1
 7 11 58  1
 7 11 26  1
 7 11 24  1
 6 11 92  1
 6 11 59  1
 6 11 58  1
 6 11 55  3
 6 11 26  1
 6 11 24  1
 7 17 51  5
 7 13 51  5
 7 11 109  5
 7 11 75  5
 7 11 72  5
 7 11 41  5
 7 11 35  5
 7 9 11 51  5
 6 13 51  3
 6 9 51  11
 1 13 51  3
 11 109 125  1
 11 75 125  1
 11 72 125  1
 11 67 109  1
 11 67 75  1
 11 67 72  1
 11 66 109  1
 11 66 75  1
 11 66 72  1
 11 55 125  1
 11 55 67  1
 11 55 66  1
 11 51 125  1
 11 51 67  1
 11 51 66  1
 11 50 125  1
 11 50 67  1
 11 41 125  1
 11 41 67  1
 11 41 66  1
 11 35 125  1
 11 35 67  1
 11 35 66  1
 11 28 109  1
 11 28 75  1
 11 28 72  1
 11 28 55  1
 11 28 51  1
 11 28 50  3
 11 28 41  1
 11 28 35  1
 11 25 67 109  1
 11 25 67 75  1
 11 25 67 72  1
 11 25 55 67  1
 11 25 51 67  1
 11 25 50 67  1
 11 25 41 67  1
 11 25 35 67  1
 11 21 125  1
 11 21 67  1
 11 21 66  1
 11 21 28  1
 11 21 25 67  1
 11 18 125  1
 11 18 67  1
 11 18 66  1
 11 18 28  1
 11 18 25 67  1
 11 13 125  1
 11 13 67  1
 11 13 28  5
 11 13 25 109  1
 11 13 25 75  1
 11 13 25 72  1
 11 13 25 67  1
 11 13 25 55  1
 11 13 25 51  1
 11 13 25 50  1
 11 13 25 41  1
 11 13 25 35  1
 11 13 21 25  1
 11 13 18 25  1
 11 12 125  1
 11 12 67  1
 11 12 28  3
 11 12 25 67  1
 11 12 13 25  1
 9 11 51 125  1
 9 11 51 67  1
 9 11 51 66  1
 9 11 28 51  1
 9 11 25 51 67  1
 9 11 13 25 51  1
 8 11 25 109  1
 8 11 25 75  1
 8 11 25 72  1
 8 11 25 55  1
 8 11 25 51  1
 8 11 25 50  1
 8 11 25 41  1
 8 11 25 35  1
 8 11 21 25  1
 8 11 18 25  1
 8 11 12 25  1
 8 9 11 25 51  1
 7 11 125  1
 7 11 67  1
 7 11 28  5
 7 11 25 67  1
 7 11 13 25  1
 7 8 11 25  1
 28 46  21
 17 28 46  3
 13 28 46  3
 13 17 28  3
 12 17 28  3
 12 13 28  3
 9 17 28  3
 9 13 28  3
 7 17 28  5
 7 13 28  5
 7 13 15  9
 6 13 28  3
 1 13 28  3
 46 125  11
 46 91  11
 46 88  11
 46 86  11
 46 67  11
 46 57  11
 46 52  11
 46 51  21
 46 49  11
 46 47  11
 25 46 67  11
 15 46 125  1
 15 46 92  1
 15 46 91  1
 15 46 88  1
 15 46 86  1
 15 46 67  1
 15 46 66  1
 15 46 59  1
 15 46 58  1
 15 46 57  1
 15 46 55  1
 15 46 52  1
 15 46 51  1
 15 46 49  1
 15 46 47  1
 15 33 46  1
 15 29 46  1
 15 28 46  1
 15 27 46  3
 15 26 46  3
 15 25 46 67  1
 15 24 46  1
 15 23 46  3
 15 22 46  1
 13 15 125  1
 13 15 92  1
 13 15 91  1
 13 15 88  1
 13 15 86  1
 13 15 67  1
 13 15 66  1
 13 15 59  1
 13 15 58  1
 13 15 57  1
 13 15 55  1
 13 15 52  1
 13 15 51  1
 13 15 49  1
 13 15 47  1
 13 15 33  1
 13 15 29  1
 13 15 28  1
 13 15 27  3
 13 15 26  3
 13 15 25 67  1
 13 15 25 46  1
 13 15 24  1
 13 15 23  3
 13 15 22  1
 12 15 125  1
 12 15 92  1
 12 15 91  1
 12 15 88  1
 12 15 86  1
 12 15 67  1
 12 15 66  1
 12 15 59  1
 12 15 58  1
 12 15 57  1
 12 15 55  1
 12 15 52  1
 12 15 51  1
 12 15 49  1
 12 15 47  1
 12 15 33  1
 12 15 29  1
 12 15 28  1
 12 15 27  3
 12 15 26  3
 12 15 25 67  1
 12 15 24  1
 12 15 23  3
 12 15 22  1
 12 13 15 25  1
 10 15 46  1
 10 13 15  1
 10 12 15  1
 9 86  21
 9 52  21
 9 49  21
 9 47  21
 9 15 125  1
 9 15 92  1
 9 15 91  1
 9 15 88  1
 9 15 86  1
 9 15 67  1
 9 15 66  1
 9 15 59  1
 9 15 58  1
 9 15 57  1
 9 15 55  1
 9 15 52  1
 9 15 51  5
 9 15 49  1
 9 15 47  1
 9 15 33  1
 9 15 29  1
 9 15 28  1
 9 15 27  3
 9 15 26  3
 9 15 25 67  1
 9 15 24  1
 9 15 23  3
 9 15 22  1
 9 13 15 25  1
 9 10 15  1
 8 25 46  11
 8 15 25 46  1
 8 13 15 25  1
 8 12 15 25  1
 8 9 15 25  1
 7 15 125  1
 7 15 92  1
 7 15 91  1
 7 15 88  1
 7 15 86  1
 7 15 67  1
 7 15 66  1
 7 15 59  1
 7 15 58  1
 7 15 57  1
 7 15 55  1
 7 15 52  1
 7 15 51  1
 7 15 49  1
 7 15 47  1
 7 15 46  1
 7 15 33  1
 7 15 29  1
 7 15 28  1
 7 15 27  3
 7 15 26  3
 7 15 25 67  1
 7 15 24  1
 7 15 23  3
 7 15 22  1
 7 13 15 25  1
 7 10 15  1
 7 9 15  1
 7 8 15 25  1
 60 125  5
 60 91  5
 60 88  5
 60 67  5
 60 66  5
 57 60  5
 51 60  5
 46 60 125  1
 46 60 91  1
 46 60 88  1
 46 60 67  1
 46 60 66  1
 46 57 60  1
 46 51 60  1
 32 60  15
 32 46 60  3
 29 60  5
 29 46 60  1
 28 60  5
 28 46 60  1
 27 46 125  1
 27 46 91  1
 27 46 88  1
 27 46 67  1
 27 46 66  1
 27 46 57  1
 27 46 51  1
 27 32 46  3
 27 29 46  1
 27 28 46  1
 26 125  5
 26 91  5
 26 67  5
 26 57  5
 26 46 125  1
 26 46 91  1
 26 46 88  1
 26 46 67  1
 26 46 66  1
 26 46 57  1
 26 46 51  1
 26 32 46  3
 26 29 46  1
 26 28  5
 26 28 46  1
 25 60 67  5
 25 46 60 67  1
 25 27 46 67  1
 25 26 67  5
 25 26 46 67  1
 23 125  5
 23 91  5
 23 67  5
 23 60  5
 23 57  5
 23 46 125  1
 23 46 91  1
 23 46 88  1
 23 46 67  1
 23 46 66  1
 23 46 60  1
 23 46 57  1
 23 46 51  1
 23 32 46  3
 23 29 46  1
 23 28  5
 23 28 46  1
 23 25 67  5
 23 25 46 67  1
 21 46 125  1
 21 46 91  1
 21 46 88  1
 21 46 67  1
 21 46 66  1
 21 46 57  1
 21 46 51  1
 21 32 46  3
 21 29 46  1
 21 28 46  1
 21 25 46 67  1
 17 60  25
 17 46 60  5
 13 60 125  1
 13 60 91  1
 13 60 88  1
 13 60 67  1
 13 60 66  1
 13 57 60  1
 13 51 60  1
 13 32 60  3
 13 29 60  1
 13 28 60  1
 13 27 125  1
 13 27 91  1
 13 27 88  1
 13 27 67  1
 13 27 66  1
 13 27 57  1
 13 27 51  1
 13 27 32  3
 13 27 29  1
 13 27 28  1
 13 26 125  1
 13 26 91  1
 13 26 88  1
 13 26 67  1
 13 26 66  1
 13 26 57  1
 13 26 51  1
 13 26 32  3
 13 26 29  1
 13 26 28  1
 13 25 60 67  1
 13 25 46 60  1
 13 25 27 67  1
 13 25 27 46  1
 13 25 26 67  1
 13 25 26 46  1
 13 23 125  1
 13 23 91  1
 13 23 88  1
 13 23 67  1
 13 23 66  1
 13 23 60  1
 13 23 57  1
 13 23 51  1
 13 23 32  3
 13 23 29  1
 13 23 28  1
 13 23 25 67  1
 13 23 25 46  1
 13 21 125  1
 13 21 91  1
 13 21 88  1
 13 21 67  1
 13 21 66  1
 13 21 57  1
 13 21 51  1
 13 21 32  3
 13 21 29  1
 13 21 28  1
 13 21 25 67  1
 13 21 25 46  1
 13 17 60  5
 12 60 125  1
 12 60 91  1
 12 60 88  1
 12 60 67  1
 12 60 66  1
 12 57 60  1
 12 51 60  1
 12 32 60  3
 12 29 60  1
 12 28 60  1
 12 27 125  1
 12 27 91  1
 12 27 88  1
 12 27 67  1
 12 27 66  1
 12 27 57  1
 12 27 51  1
 12 27 32  3
 12 27 29  1
 12 27 28  1
 12 26 125  1
 12 26 91  1
 12 26 88  1
 12 26 67  1
 12 26 66  1
 12 26 57  1
 12 26 51  1
 12 26 32  3
 12 26 29  1
 12 26 28  1
 12 25 60 67  1
 12 25 27 67  1
 12 25 26 67  1
 12 23 125  1
 12 23 91  1
 12 23 88  1
 12 23 67  1
 12 23 66  1
 12 23 60  1
 12 23 57  1
 12 23 51  1
 12 23 32  3
 12 23 29  1
 12 23 28  1
 12 23 25 67  1
 12 21 125  1
 12 21 91  1
 12 21 88  1
 12 21 67  1
 12 21 66  1
 12 21 57  1
 12 21 51  1
 12 21 32  3
 12 21 29  1
 12 21 28  1
 12 21 25 67  1
 12 17 60  5
 12 13 25 60  1
 12 13 25 27  1
 12 13 25 26  1
 12 13 23 25  1
 12 13 21 25  1
 9 60 125  1
 9 60 91  1
 9 60 88  1
 9 60 67  1
 9 60 66  1
 9 57 60  1
 9 51 60  1
 9 32 60  3
 9 29 60  1
 9 28 60  1
 9 27 125  1
 9 27 91  1
 9 27 88  1
 9 27 67  1
 9 27 66  1
 9 27 57  1
 9 27 51  3
 9 27 34  3
 9 27 32  3
 9 27 29  1
 9 27 28  1
 9 26 125  1
 9 26 91  1
 9 26 88  1
 9 26 67  1
 9 26 66  1
 9 26 57  1
 9 26 32  3
 9 26 29  1
 9 26 28  1
 9 25 60 67  1
 9 25 27 67  1
 9 25 26 67  1
 9 23 125  1
 9 23 91  1
 9 23 88  1
 9 23 67  1
 9 23 66  1
 9 23 60  1
 9 23 57  1
 9 23 32  3
 9 23 29  1
 9 23 28  1
 9 23 25 67  1
 9 21 125  1
 9 21 91  1
 9 21 88  1
 9 21 67  1
 9 21 66  1
 9 21 57  1
 9 21 32  3
 9 21 29  1
 9 21 28  1
 9 21 25 67  1
 9 17 60  5
 9 13 25 60  1
 9 13 25 27  1
 9 13 25 26  1
 9 13 23 25  1
 9 13 21 25  1
 8 25 60  5
 8 25 46 60  1
 8 25 27 46  1
 8 25 26 46  1
 8 23 25 46  1
 8 21 25 46  1
 8 13 25 60  1
 8 13 25 27  1
 8 13 25 26  1
 8 13 23 25  1
 8 13 21 25  1
 8 12 25 60  1
 8 12 25 27  1
 8 12 25 26  1
 8 12 23 25  1
 8 12 21 25  1
 8 9 25 60  1
 8 9 25 27  1
 8 9 25 26  1
 8 9 23 25  1
 8 9 21 25  1
 7 60 125  1
 7 60 91  1
 7 60 88  1
 7 60 67  1
 7 60 66  1
 7 57 60  1
 7 51 60  1
 7 46 60  1
 7 32 60  3
 7 29 60  1
 7 28 60  1
 7 27 125  1
 7 27 91  1
 7 27 88  1
 7 27 67  1
 7 27 66  1
 7 27 57  1
 7 27 51  1
 7 27 46  1
 7 27 32  3
 7 27 29  1
 7 27 28  1
 7 26 125  1
 7 26 91  1
 7 26 88  1
 7 26 67  1
 7 26 66  1
 7 26 57  1
 7 26 51  1
 7 26 46  1
 7 26 32  3
 7 26 29  1
 7 26 28  1
 7 25 60 67  1
 7 25 27 67  1
 7 25 26 67  1
 7 23 125  1
 7 23 91  1
 7 23 88  1
 7 23 67  1
 7 23 66  1
 7 23 60  1
 7 23 57  1
 7 23 51  1
 7 23 46  1
 7 23 32  3
 7 23 29  1
 7 23 28  1
 7 23 25 67  1
 7 21 125  1
 7 21 91  1
 7 21 88  1
 7 21 67  1
 7 21 66  1
 7 21 57  1
 7 21 51  1
 7 21 46  1
 7 21 32  3
 7 21 29  1
 7 21 28  1
 7 21 25 67  1
 7 17 60  5
 7 13 60  3
 7 13 25 60  1
 7 13 25 27  1
 7 13 25 26  1
 7 13 23 25  1
 7 13 21 25  1
 7 12 60  5
 7 12 27  5
 7 12 26  5
 7 12 23  5
 7 12 21  5
 7 9 60  1
 7 9 27  1
 7 9 26  1
 7 9 23  1
 7 9 21  1
 7 8 25 60  1
 7 8 25 27  1
 7 8 25 26  1
 7 8 23 25  1
 7 8 21 25  1
 6 46 125  1
 6 46 91  1
 6 46 88  1
 6 46 67  1
 6 46 66  1
 6 46 57  1
 6 46 51  1
 6 32 46  3
 6 29 46  1
 6 28 46  1
 6 25 46 67  1
 6 23 46  1
 6 13 125  1
 6 13 91  1
 6 13 88  1
 6 13 67  1
 6 13 57  1
 6 13 25 67  1
 6 13 25 46  1
 6 12 125  1
 6 12 91  1
 6 12 88  1
 6 12 67  1
 6 12 66  1
 6 12 57  1
 6 12 51  1
 6 12 32  3
 6 12 29  1
 6 12 28  1
 6 12 25 67  1
 6 12 23  1
 6 12 13 25  1
 6 9 125  1
 6 9 91  1
 6 9 88  1
 6 9 67  1
 6 9 66  1
 6 9 57  1
 6 9 32  3
 6 9 29  1
 6 9 28  1
 6 9 25 67  1
 6 9 23  1
 6 9 13 25  1
 6 8 25 46  1
 6 8 13 25  1
 6 8 12 25  1
 6 8 9 25  1
 6 7 125  1
 6 7 91  1
 6 7 88  1
 6 7 67  1
 6 7 66  1
 6 7 57  1
 6 7 51  1
 6 7 46  1
 6 7 32  3
 6 7 29  1
 6 7 28  1
 6 7 25 67  1
 6 7 23  1
 6 7 13 25  1
 6 7 12  5
 6 7 9  1
 6 7 8 25  1
 1 46 125  1
 1 46 91  1
 1 46 88  1
 1 46 67  1
 1 46 66  1
 1 46 57  1
 1 46 51  1
 1 32 46  3
 1 29 46  1
 1 28 46  1
 1 25 46 67  1
 1 13 125  1
 1 13 91  1
 1 13 88  1
 1 13 67  1
 1 13 57  1
 1 13 25 67  1
 1 13 25 46  1
 1 12 125  1
 1 12 91  1
 1 12 88  1
 1 12 67  1
 1 12 66  1
 1 12 57  1
 1 12 51  1
 1 12 32  3
 1 12 29  1
 1 12 28  1
 1 12 25 67  1
 1 12 13 25  1
 1 9 125  1
 1 9 91  1
 1 9 88  1
 1 9 67  1
 1 9 66  1
 1 9 57  1
 1 9 32  3
 1 9 29  1
 1 9 28  1
 1 9 25 67  1
 1 9 13 25  1
 1 8 25 46  1
 1 8 13 25  1
 1 8 12 25  1
 1 8 9 25  1
 1 7 125  1
 1 7 91  1
 1 7 88  1
 1 7 67  1
 1 7 66  1
 1 7 57  1
 1 7 51  1
 1 7 46  1
 1 7 32  3
 1 7 29  1
 1 7 28  1
 1 7 25 67  1
 1 7 13 25  1
 1 7 12  5
 1 7 9  1
 1 7 8 25  1
 105 125  1
 91 105  1
 88 105  1
 68 125  1
 68 91  1
 68 88  1
 67 105  1
 67 68  1
 66 105  1
 66 68  1
 57 105  1
 57 68  1
 51 105  1
 51 68  1
 47 125  1
 47 91  1
 47 67  1
 47 57  1
 29 105  1
 29 68  1
 28 105  1
 28 68  1
 28 47  1
 25 67 105  1
 25 67 68  1
 25 47 67  1
 23 105  1
 23 68  1
 13 25 105  1
 13 25 68  1
 13 25 47  1
 8 25 105  1
 8 25 68  1
 7 105  1
 7 68  1
 5 47 125  1
 5 47 91  1
 5 47 88  1
 5 47 67  1
 5 47 66  1
 5 47 57  1
 5 47 51  1
 5 29 47  1
 5 28 47  1
 5 25 47 67  1
 5 23 47  1
 5 13 25 47  1
 5 8 25 47  1
 5 7 47  1
 17 46 125  1
 17 46 91  1
 17 46 88  1
 17 46 67  1
 17 46 57  1
 17 46 51  3
 17 25 46 67  1
 13 17 125  1
 13 17 91  1
 13 17 88  1
 13 17 67  1
 13 17 57  1
 13 17 51  3
 13 17 25 67  1
 13 17 25 46  1
 12 17 125  1
 12 17 91  1
 12 17 88  1
 12 17 67  1
 12 17 57  1
 12 17 51  3
 12 17 25 67  1
 12 13 17 25  1
 9 17 125  1
 9 17 91  1
 9 17 88  1
 9 17 67  1
 9 17 57  1
 9 17 25 67  1
 9 13 17 25  1
 8 17 25 46  1
 8 13 17 25  1
 8 12 17 25  1
 8 9 17 25  1
 7 17 125  1
 7 17 91  1
 7 17 88  1
 7 17 67  1
 7 17 57  1
 7 17 25 67  1
 7 13 17 25  1
 7 8 17 25  1
 13 46 51  3
 12 13 51  3
 11 32 109  3
 11 32 75  3
 11 32 72  3
 11 32 55  3
 11 32 51  3
 11 32 41  3
 11 32 35  3
 11 21 32  3
 11 18 32  3
 9 11 32 51  3
 50 86  3
 50 52  3
 49 50  3
 47 50  3
 42 86  5
 42 52  5
 42 49  5
 42 47  5
 39 86  3
 39 52  3
 39 49  3
 39 47  3
 27 39  3
 11 86 109  1
 11 76 86  1
 11 75 86  1
 11 72 86  1
 11 70 86  1
 11 55 86  1
 11 52 109  1
 11 52 76  1
 11 52 75  1
 11 52 72  1
 11 52 70  1
 11 52 55  1
 11 51 86  1
 11 51 52  1
 11 50 86  1
 11 50 52  1
 11 49 109  1
 11 49 76  1
 11 49 75  1
 11 49 72  1
 11 49 70  1
 11 49 55  1
 11 49 51  1
 11 49 50  1
 11 47 109  1
 11 47 76  1
 11 47 75  1
 11 47 72  1
 11 47 70  1
 11 47 55  1
 11 47 51  1
 11 47 50  1
 11 43 86  1
 11 43 52  1
 11 43 49  1
 11 43 47  1
 11 42 86  1
 11 42 52  1
 11 42 49  1
 11 42 47  1
 11 41 86  1
 11 41 52  1
 11 41 49  1
 11 41 47  1
 11 39 86  1
 11 39 52  1
 11 39 49  1
 11 39 47  1
 11 36 86  1
 11 36 52  1
 11 36 49  1
 11 36 47  1
 11 35 86  1
 11 35 52  1
 11 35 49  1
 11 35 47  1
 11 33 86  1
 11 33 52  1
 11 33 49  1
 11 33 47  1
 11 31 86  1
 11 31 52  1
 11 31 49  1
 11 31 47  1
 11 27 109  1
 11 27 76  1
 11 27 75  1
 11 27 72  1
 11 27 70  1
 11 27 55  1
 11 27 51  1
 11 27 43  1
 11 27 41  1
 11 27 39  1
 11 27 36  1
 11 27 35  1
 11 27 33  1
 11 27 31  1
 11 22 86  1
 11 22 52  1
 11 22 49  1
 11 22 47  1
 11 22 27  1
 11 21 86  1
 11 21 52  1
 11 21 49  1
 11 21 47  1
 11 21 27  1
 11 18 86  1
 11 18 52  1
 11 18 49  1
 11 18 47  1
 11 18 27  1
 11 17 86  1
 11 17 52  1
 11 17 49  1
 11 17 47  1
 11 13 86  1
 11 13 52  1
 11 13 49  1
 11 13 47  1
 11 12 86  1
 11 12 52  1
 11 12 49  1
 11 12 47  1
 10 39  3
 10 11 109  1
 10 11 86  1
 10 11 76  1
 10 11 75  1
 10 11 72  1
 10 11 70  1
 10 11 52  1
 10 11 49  1
 10 11 47  1
 10 11 43  1
 10 11 41  1
 10 11 39  1
 10 11 36  1
 10 11 35  1
 10 11 31  1
 10 11 27  1
 9 11 51 86  1
 9 11 51 52  1
 9 11 49 51  1
 9 11 47 51  1
 9 11 27 51  1
 9 10 11 51  1
 8 11 86  1
 8 11 52  1
 8 11 49  1
 8 11 47  1
 7 11 86  1
 7 11 52  1
 7 11 49  1
 7 11 47  1
 6 11 86  1
 6 11 52  1
 6 11 49  1
 6 11 47  1
 11 91 109  1
 11 75 91  1
 11 72 91  1
 11 57 109  1
 11 57 75  1
 11 57 72  1
 11 55 91  1
 11 55 57  1
 11 51 91  1
 11 51 57  1
 11 50 91  1
 11 50 57  1
 11 41 91  1
 11 41 57  1
 11 35 91  1
 11 35 57  1
 11 23 109  1
 11 23 75  1
 11 23 72  1
 11 23 55  1
 11 23 51  1
 11 23 41  1
 11 23 35  1
 11 21 91  1
 11 21 57  1
 11 21 23  1
 11 18 91  1
 11 18 57  1
 11 18 23  1
 11 13 91  1
 11 13 57  1
 11 12 91  1
 11 12 57  1
 9 11 51 91  1
 9 11 51 57  1
 9 11 23 51  1
 7 11 91  1
 7 11 57  1
 86 108  1
 86 105  1
 86 93  1
 84 86  5
 83 86  1
 74 86  1
 68 86  1
 52 108  1
 52 105  1
 52 93  1
 52 84  5
 52 83  1
 52 74  1
 52 68  1
 49 108  1
 49 105  1
 49 93  1
 49 84  5
 49 83  1
 49 74  1
 49 68  1
 47 108  1
 47 105  1
 47 93  1
 47 86  1
 47 84  5
 47 83  1
 47 74  1
 47 68  1
 47 52  1
 42 84 86  1
 42 52 84  1
 42 49 84  1
 42 47 84  1
 40 86  1
 40 52  1
 40 49  1
 40 47  1
 30 42 86  1
 30 42 52  1
 30 42 49  1
 30 42 47  1
 27 108  1
 27 105  1
 27 93  1
 27 84  5
 27 83  1
 27 74  1
 27 68  1
 27 42 84  1
 27 30 42  1
 25 42 86  1
 25 42 52  1
 25 42 49  1
 25 42 47  1
 25 27 42  1
 24 86  1
 24 52  1
 10 108  1
 10 105  1
 10 93  1
 10 84  5
 10 83  1
 10 74  1
 10 68  1
 10 42 84  1
 10 30 42  1
 10 25 42  1
 9 86 93  1
 9 84 86  1
 9 52 93  1
 9 52 84  1
 9 49 93  1
 9 49 84  1
 9 47 93  1
 9 47 84  1
 9 39 86  1
 9 39 52  1
 9 39 49  1
 9 39 47  1
 9 34 86  1
 9 34 52  1
 9 34 49  1
 9 34 47  1
 9 30 86  1
 9 30 52  1
 9 30 49  1
 9 30 47  1
 9 27 93  1
 9 27 84  1
 9 27 39  1
 9 27 30  1
 9 25 86  1
 9 25 52  1
 9 25 49  1
 9 25 47  1
 9 10 93  1
 9 10 84  1
 9 10 39  1
 9 10 34  1
 9 10 30  1
 9 10 25  1
 8 84 86  1
 8 52 84  1
 8 50 86  1
 8 50 52  1
 8 49 84  1
 8 49 50  1
 8 47 84  1
 8 47 50  1
 8 30 86  1
 8 30 52  1
 8 30 49  1
 8 30 47  1
 8 27 84  1
 8 27 30  1
 8 25 86  1
 8 25 52  1
 8 10 84  1
 8 10 30  1
 5 84 86  1
 5 52 84  1
 5 49 84  1
 5 47 86  1
 5 47 84  1
 5 47 52  1
 5 47 49  1
 5 30 86  1
 5 30 52  1
 5 30 49  1
 5 30 47  1
 5 27 84  1
 5 27 47  1
 5 27 30  1
 5 25 86  1
 5 25 52  1
 5 25 49  1
 5 25 27  1
 5 10 84  1
 5 10 47  1
 5 10 30  1
 5 10 25  1
 3 84 86  1
 3 52 84  1
 3 49 84  1
 3 47 84  1
 3 30 86  1
 3 30 52  1
 3 30 49  1
 3 30 47  1
 3 27 84  1
 3 27 30  1
 3 25 86  1
 3 25 52  1
 3 25 49  1
 3 25 47  1
 3 25 27  1
 3 10 84  1
 3 10 30  1
 3 10 25  1
 13 46 125  1
 13 46 91  1
 13 46 88  1
 13 46 67  1
 13 46 57  1
 13 25 46 67  1
 12 13 125  1
 12 13 91  1
 12 13 88  1
 12 13 67  1
 12 13 57  1
 12 13 25 67  1
 9 13 125  1
 9 13 91  1
 9 13 88  1
 9 13 67  1
 9 13 57  1
 9 13 25 67  1
 8 13 25 46  1
 8 12 13 25  1
 8 9 13 25  1
 7 13 125  1
 7 13 91  1
 7 13 88  1
 7 13 67  1
 7 13 57  1
 7 13 25 67  1
 7 8 13 25  1
 60 86  5
 52 60  5
 49 60  5
 47 60  5
 46 60 86  1
 46 52 60  1
 46 49 60  1
 46 47 60  1
 27 60  5
 27 46 86  1
 27 46 60  1
 27 46 52  1
 27 46 49  1
 27 46 47  1
 26 86  5
 26 52  5
 26 46 86  1
 26 46 52  1
 26 46 49  1
 26 46 47  1
 23 86  5
 23 52  5
 23 46 86  1
 23 46 52  1
 23 46 49  1
 23 46 47  1
 21 46 86  1
 21 46 52  1
 21 46 49  1
 21 46 47  1
 17 46 86  1
 17 46 52  1
 17 46 49  1
 17 46 47  1
 13 60 86  1
 13 52 60  1
 13 49 60  1
 13 47 60  1
 13 46 86  1
 13 46 52  1
 13 46 49  1
 13 46 47  1
 13 27 86  1
 13 27 60  1
 13 27 52  1
 13 27 49  1
 13 27 47  1
 13 26 86  1
 13 26 52  1
 13 26 49  1
 13 26 47  1
 13 23 86  1
 13 23 52  1
 13 23 49  1
 13 23 47  1
 13 21 86  1
 13 21 52  1
 13 21 49  1
 13 21 47  1
 13 17 86  1
 13 17 52  1
 13 17 49  1
 13 17 47  1
 12 60 86  1
 12 52 60  1
 12 49 60  1
 12 47 60  1
 12 27 86  1
 12 27 60  1
 12 27 52  1
 12 27 49  1
 12 27 47  1
 12 26 86  1
 12 26 52  1
 12 26 49  1
 12 26 47  1
 12 23 86  1
 12 23 52  1
 12 23 49  1
 12 23 47  1
 12 21 86  1
 12 21 52  1
 12 21 49  1
 12 21 47  1
 12 17 86  1
 12 17 52  1
 12 17 49  1
 12 17 47  1
 12 13 86  1
 12 13 52  1
 12 13 49  1
 12 13 47  1
 10 60  5
 10 46 60  1
 10 27 46  1
 10 26 46  1
 10 23 46  1
 10 21 46  1
 10 13 60  1
 10 13 27  1
 10 13 26  1
 10 13 23  1
 10 13 21  1
 10 12 60  1
 10 12 27  1
 10 12 26  1
 10 12 23  1
 10 12 21  1
 9 60 86  1
 9 52 60  1
 9 49 60  1
 9 47 60  1
 9 27 86  1
 9 27 60  1
 9 27 52  1
 9 27 49  1
 9 27 47  1
 9 26 86  1
 9 26 52  1
 9 26 49  1
 9 26 47  1
 9 23 86  1
 9 23 52  1
 9 23 49  1
 9 23 47  1
 9 21 86  1
 9 21 52  1
 9 21 49  1
 9 21 47  1
 9 17 86  1
 9 17 52  1
 9 17 49  1
 9 17 47  1
 9 13 86  1
 9 13 52  1
 9 13 49  1
 9 13 47  1
 9 10 60  1
 9 10 27  1
 9 10 26  1
 9 10 23  1
 9 10 21  1
 7 60 86  1
 7 52 60  1
 7 49 60  1
 7 47 60  1
 7 27 86  1
 7 27 60  1
 7 27 52  1
 7 27 49  1
 7 27 47  1
 7 26 86  1
 7 26 52  1
 7 26 49  1
 7 26 47  1
 7 23 86  1
 7 23 52  1
 7 23 49  1
 7 23 47  1
 7 21 86  1
 7 21 52  1
 7 21 49  1
 7 21 47  1
 7 17 86  1
 7 17 52  1
 7 17 49  1
 7 17 47  1
 7 13 86  1
 7 13 52  1
 7 13 49  1
 7 13 47  1
 7 10 60  1
 7 10 27  1
 7 10 26  1
 7 10 23  1
 7 10 21  1
 6 46 86  1
 6 46 52  1
 6 46 49  1
 6 46 47  1
 6 27 46  1
 6 13 86  1
 6 13 52  1
 6 13 49  1
 6 13 47  1
 6 12 86  1
 6 12 52  1
 6 12 49  1
 6 12 47  1
 6 12 27  1
 6 10 46  1
 6 10 12  1
 6 9 86  1
 6 9 52  1
 6 9 49  1
 6 9 47  1
 6 9 27  1
 6 9 10  1
 6 7 86  1
 6 7 52  1
 6 7 49  1
 6 7 47  1
 6 7 27  1
 6 7 10  1
 1 46 86  1
 1 46 52  1
 1 46 49  1
 1 46 47  1
 1 13 86  1
 1 13 52  1
 1 13 49  1
 1 13 47  1
 1 12 86  1
 1 12 52  1
 1 12 49  1
 1 12 47  1
 1 10 46  1
 1 10 12  1
 1 9 86  1
 1 9 52  1
 1 9 49  1
 1 9 47  1
 1 9 10  1
 1 7 86  1
 1 7 52  1
 1 7 49  1
 1 7 47  1
 1 7 10  1
