 80  173
 47  173
 46  465
 43  255
 42  443
 41  229
 34 76  53
 34 43  9
 34 42  13
 34 37  3
 26  401
 22 34  55
 21  287
 19  59
 17 34  55
 14  181
 13  483
 12  469
 10  203
 10 34  7
 9  717
 9 34  23
 8 34  31
 7  839
 6 34  15
 4  397
 3 34  25
 2 34  19
 0  693
 0 76  53
 0 46  21
 0 43  9
 0 37  3
 0 36  17
 0 34  7
 0 32  17
 0 25  19
 0 22  55
 0 17  55
 0 13  21
 0 12  21
 0 10  7
 0 8  45
 0 5  19
 0 3  39
 43 79  9
 43 46  9
 43 45  9
 42 79  5
 42 46  11
 42 45  5
 42 43  9
 40 43  9
 40 42  5
 36 43  9
 36 42  7
 32 43  9
 32 42  7
 25 43  9
 25 42  9
 20 43  9
 20 42  5
 13 43  9
 13 42  11
 12 43  9
 12 42  11
 11 43  9
 11 42  5
 10 79  7
 10 46  7
 10 45  7
 10 42  7
 10 40  7
 10 36  7
 10 32  7
 10 25  7
 10 20  7
 10 13  7
 10 12  7
 10 11  7
 9 79  15
 9 46  13
 9 45  15
 9 43  9
 9 40  15
 9 36  17
 9 32  17
 9 25  19
 9 20  15
 9 13  21
 9 12  13
 9 11  15
 9 10  7
 8 79  15
 8 46  27
 8 45  15
 8 42  23
 8 40  15
 8 36  19
 8 32  19
 8 25  23
 8 20  15
 8 13  27
 8 12  27
 8 11  15
 8 9  45
 6 43  9
 6 25  11
 6 13  13
 6 10  7
 6 8  29
 5 43  9
 5 42  7
 5 10  7
 5 9  19
 5 8  21
 5 6  11
 3 79  9
 3 46  21
 3 45  9
 3 42  19
 3 40  9
 3 36  13
 3 32  13
 3 25  17
 3 20  9
 3 13  21
 3 12  21
 3 11  9
 3 9  39
 3 6  23
 3 5  17
 2 79  11
 2 46  17
 2 45  11
 2 43  9
 2 40  11
 2 36  13
 2 32  13
 2 25  15
 2 20  11
 2 13  17
 2 12  17
 2 11  11
 2 10  7
 2 8  37
 2 5  15
 2 3  31
 0 79  15
 0 45  15
 0 40  15
 0 20  15
 0 11  15
 6 79  7
 6 46  13
 6 45  7
 6 40  7
 6 36  9
 6 32  9
 6 20  7
 6 12  13
 6 11  7
 76 79  7
 46 76  7
 45 76  7
 42 76  7
 40 76  7
 37 79  3
 37 46  3
 37 45  3
 37 42  3
 37 40  3
 36 76  7
 36 37  3
 32 76  7
 32 37  3
 25 76  7
 25 37  3
 22 79  9
 22 46  9
 22 45  9
 22 42  9
 22 40  9
 22 36  9
 22 32  9
 22 25  9
 20 76  7
 20 37  3
 20 22  9
 17 79  9
 17 46  9
 17 45  9
 17 42  9
 17 40  9
 17 36  9
 17 32  9
 17 25  9
 17 20  9
 13 76  7
 13 37  3
 13 22  9
 13 17  9
 12 76  7
 12 37  3
 12 22  9
 12 17  9
 11 76  7
 11 37  3
 11 22  9
 11 17  9
 9 76  7
 9 37  3
 9 22  9
 9 17  9
 6 76  7
 6 37  3
 6 22  9
 6 17  9
 5 76  7
 5 37  3
 5 22  11
 5 17  9
 2 76  7
 2 37  3
 2 22  9
 2 17  9
 39 79  1
 39 46  1
 39 45  1
 39 42  1
 39 40  1
 36 39  1
 34 39  1
 32 39  1
 25 39  1
 20 39  1
 13 39  1
 12 39  1
 11 39  1
 9 39  1
 6 39  1
 5 39  1
 2 39  1
 0 39  1
