 127  5
 122  1
 110  1
 109  11
 108  1
 106  1
 103  1
 102  1
 100  1
 98  1
 94  1
 93  1
 90  1
 89  1
 84  7
 83  3
 81  5
 79  5
 77  1
 76 118  1
 75  11
 74  1
 69  7
 68  9
 64 76  1
 61  1
 60 76  1
 59  21
 59 76  1
 56  1
 55  11
 54  1
 51  15
 50  179
 49  3
 45  7
 44  5
 43 127  1
 43 118  1
 43 85  1
 43 73  1
 43 69  1
 43 68  1
 43 64  1
 43 60  1
 43 59  1
 42 118  1
 42 84  1
 42 64  1
 42 60  1
 42 59  1
 41  13
 39 118  1
 39 81  1
 39 64  1
 39 60  1
 39 59  1
 38  27
 37 118  1
 37 79  1
 37 64  1
 37 60  1
 37 59  1
 31 43  1
 30 43  1
 30 42  1
 27 69  5
 27 43  3
 27 43 69  1
 27 39  1
 26  13
 26 43  1
 25 42  1
 25 37  1
 23  31
 22  31
 22 118  1
 22 60  1
 22 59  1
 22 39  1
 21  41
 21 76  1
 21 43  1
 21 42  1
 21 39  1
 21 37  1
 21 22  1
 20  9
 20 37  1
 19 43  1
 18 76  3
 18 60 76  1
 18 43  3
 18 43 60  1
 18 42  3
 18 42 60  1
 18 39  3
 18 39 60  1
 18 37  3
 18 37 60  1
 18 22  3
 18 22 60  1
 17  207
 17 118  1
 17 64  3
 17 60  1
 17 59  3
 17 21  5
 17 18  7
 17 18 60  1
 15  19
 15 43  1
 15 27  5
 15 27 43  1
 13  181
 10  77
 10 127  1
 10 118  1
 10 94  1
 10 85  1
 10 76  1
 10 73  1
 10 69  1
 10 68  1
 10 64  1
 10 60  1
 10 59  1
 10 52  1
 10 42  1
 10 40  1
 10 39  1
 10 37  1
 10 35  1
 10 31  1
 10 30  1
 10 27  7
 10 27 69  1
 10 27 43  1
 10 26  1
 10 21  1
 10 19  1
 10 18  3
 10 18 60  1
 10 17  5
 10 15  1
 10 15 27  1
 9 127  1
 9 118  1
 9 93  1
 9 85  1
 9 84  1
 9 73  1
 9 69  1
 9 68  1
 9 64  1
 9 60  1
 9 59  1
 9 51  11
 9 43  1
 9 39  1
 9 34  1
 9 31  1
 9 27  3
 9 27 69  1
 9 26  1
 9 25  1
 9 21  1
 9 19  1
 9 18  3
 9 18 60  1
 9 15  1
 9 15 27  1
 9 10  3
 9 10 27  1
 8 118  1
 8 84  1
 8 64  1
 8 60  1
 8 59  1
 8 50  5
 8 30  1
 8 25  1
 8 21  1
 8 18  3
 8 18 60  1
 8 10  1
 7  29
 6  73
 6 127  1
 6 118  1
 6 90  1
 6 85  1
 6 81  1
 6 76  1
 6 73  1
 6 69  1
 6 68  1
 6 64  1
 6 60  1
 6 59  1
 6 48  1
 6 43  1
 6 42  1
 6 39  1
 6 37  1
 6 36  1
 6 30  1
 6 27 69  1
 6 26  1
 6 21  1
 6 19  1
 6 18 76  1
 6 18 60  1
 6 18 43  1
 6 18 42  1
 6 18 39  1
 6 18 37  1
 6 18 22  1
 6 17  3
 6 17 18  1
 6 15  1
 6 15 27  1
 6 10  3
 6 10 27  1
 6 10 18  1
 6 9 18  1
 6 8  1
 6 8 18  1
 5 84  1
 5 81  1
 5 30  1
 5 27  1
 5 25  1
 4  121
 4 127  1
 4 88  1
 4 85  1
 4 79  1
 4 73  1
 4 69  1
 4 68  1
 4 34  1
 4 31  1
 4 30  1
 4 29  1
 4 27  3
 4 27 69  1
 4 26  1
 4 25  1
 4 20  1
 4 19  1
 4 15  1
 4 15 27  1
 4 10  3
 4 10 27  1
 4 9  1
 3  61
 3 118  1
 3 84  1
 3 79  1
 3 64  1
 3 60  1
 3 59  1
 3 45  1
 3 30  1
 3 21  1
 3 20  1
 3 18  3
 3 18 60  1
 3 10  1
 3 6  1
 3 6 18  1
 2 118  1
 2 81  1
 2 64  1
 2 60  1
 2 59  1
 2 44  1
 2 27  1
 2 22  1
 2 21  1
 2 18  3
 2 18 60  1
 2 10  1
 2 6  1
 2 6 18  1
 1 76  1
 1 43  1
 1 42  1
 1 39  1
 1 37  1
 1 22  1
 1 18 76  1
 1 18 43  1
 1 18 42  1
 1 18 39  1
 1 18 37  1
 1 18 22  1
 1 17  9
 1 17 18  1
 1 10  1
 1 10 18  1
 1 9  1
 1 9 18  1
 1 8  1
 1 8 18  1
 1 6  1
 1 6 18  1
 1 3  1
 1 3 18  1
 1 2  1
 1 2 18  1
 0  89
 0 118  1
 0 81  1
 0 79  1
 0 76  1
 0 64  1
 0 60  1
 0 59  1
 0 43  1
 0 39  1
 0 37  1
 0 27  1
 0 25  1
 0 21  1
 0 20  1
 0 18  3
 0 18 60  1
 0 17  9
 0 9  1
 0 8  1
 0 6 18  1
 0 3  1
 0 2  1
 0 1  1
 0 1 18  1
