  3679
 126  1
 123  1
 121  1
 118  7
 111  1
 102  7
 101  1
 92  1
 88  79
 88 127  1
 88 94  1
 88 93  1
 88 90  1
 87  1
 86  1
 85  7
 82  1
 81  7
 79  7
 78  7
 73  41
 73 88  1
 69 88  1
 68  41
 68 88  1
 67  3
 65  1
 64 78  1
 62  1
 61 88  1
 60 102  1
 60 88  1
 59  47
 59 88  1
 58  1
 57  41
 57 88  1
 55 127  1
 55 118  1
 55 94  1
 55 93  1
 55 90  1
 55 88  1
 55 85  1
 55 84  1
 55 81  1
 55 79  1
 55 73  1
 55 69  1
 55 68  1
 55 64  3
 55 61  1
 55 57  1
 54  79
 54 127  1
 54 94  1
 54 93  1
 54 90  1
 54 73  1
 54 69  1
 54 68  1
 54 61  1
 54 60  1
 54 59  1
 54 57  1
 54 55  1
 53 88  1
 53 55  1
 53 54  1
 52  13
 52 55  1
 51 127  1
 51 94  1
 51 93  1
 51 90  1
 51 73  1
 51 69  1
 51 68  1
 51 61  1
 51 60  1
 51 59  1
 51 57  1
 51 53  1
 50  9
 50 55  1
 49  81
 49 127  1
 49 94  1
 49 93  1
 49 90  1
 49 73  1
 49 69  1
 49 68  1
 49 61  1
 49 60  1
 49 59  1
 49 57  1
 49 55  1
 49 53  1
 48  17
 48 60  1
 48 55  1
 45 127  1
 45 94  1
 45 93  1
 45 90  1
 45 88  1
 45 73  1
 45 69  1
 45 68  1
 45 64  1
 45 61  1
 45 60  1
 45 59  1
 45 57  1
 45 55  3
 45 54  1
 45 53  1
 45 51  1
 45 49  1
 44  21
 44 64  1
 44 60  1
 44 55  1
 43 127  1
 43 94  1
 43 93  1
 43 90  1
 43 88  1
 43 73  1
 43 69  1
 43 68  1
 43 61  1
 43 59  1
 43 57  1
 43 54  1
 43 53  1
 43 51  1
 43 49  1
 42 55  1
 41 127  1
 41 94  1
 41 93  1
 41 90  1
 41 88  1
 41 73  1
 41 69  1
 41 68  1
 41 64  1
 41 61  1
 41 60  1
 41 59  1
 41 57  1
 41 54  1
 41 53  1
 41 51  1
 41 49  1
 40 88  1
 40 54  1
 40 51  1
 40 49  1
 40 45  1
 40 43  1
 40 41  1
 39 88  1
 39 64  1
 39 55  1
 39 54  1
 39 51  1
 39 49  1
 39 45  1
 39 43  1
 39 41  1
 36  41
 36 88  1
 36 55  1
 36 54  1
 36 51  1
 36 49  1
 36 45  1
 36 43  1
 36 41  1
 35  51
 35 88  1
 35 64  1
 35 55  1
 35 54  1
 35 51  1
 35 49  1
 35 45  1
 35 43  1
 35 41  1
 34 127  1
 34 94  1
 34 93  1
 34 90  1
 34 88  1
 34 73  1
 34 69  1
 34 68  1
 34 61  1
 34 60  1
 34 59  1
 34 57  1
 34 54  1
 34 53  1
 34 51  1
 34 49  1
 34 40  1
 34 39  1
 34 36  1
 34 35  1
 33 64  1
 31  91
 31 88  1
 31 78  1
 31 64  1
 31 54  1
 31 51  1
 31 49  1
 31 44  1
 31 43  1
 31 39  1
 31 35  1
 31 34  1
 31 33  1
 30  89
 30 88  1
 30 78  1
 30 54  1
 30 51  1
 30 49  1
 30 44  1
 30 43  1
 30 39  1
 30 35  1
 30 34  1
 30 33  1
 30 31  1
 29  81
 29 127  1
 29 94  1
 29 93  1
 29 90  1
 29 73  1
 29 69  1
 29 68  1
 29 61  1
 29 60  1
 29 59  1
 29 57  1
 29 55  1
 29 53  1
 29 45  1
 29 43  1
 29 41  1
 29 40  1
 29 39  1
 29 36  1
 29 35  1
 29 34  1
 29 31  1
 29 30  1
 28 88  1
 28 55  1
 28 54  1
 28 51  1
 28 49  1
 28 45  1
 28 43  1
 28 41  1
 28 34  1
 28 29  1
 27  217
 27 111  1
 27 102  1
 27 78  1
 27 69 88  1
 27 57  1
 27 55  7
 27 55 69  1
 27 54 69  1
 27 53  1
 27 52  1
 27 51 69  1
 27 49 69  1
 27 48  1
 27 45  5
 27 45 69  1
 27 43  5
 27 43 69  1
 27 41  5
 27 41 69  1
 27 39  1
 27 35  1
 27 34 69  1
 27 33  1
 27 31  1
 27 29 69  1
 26  57
 26 102  1
 26 88  1
 26 68  1
 26 54  1
 26 51  1
 26 49  1
 26 48  1
 26 45  1
 26 44  1
 26 41  1
 26 34  1
 26 29  1
 25  93
 25 88  1
 25 78  1
 25 55  5
 25 54  1
 25 51  1
 25 49  1
 25 44  1
 25 43  1
 25 39  1
 25 35  1
 25 34  1
 25 33  1
 25 31  1
 25 29  1
 24  49
 24 88  1
 24 64  1
 24 55  1
 24 54  1
 24 51  1
 24 49  1
 24 45  1
 24 43  1
 24 41  1
 24 34  1
 24 31  1
 24 30  1
 24 29  1
 24 27  1
 24 25  1
 23  89
 23 102  1
 23 65  1
 23 48  1
 23 44  1
 23 43  3
 22  351
 22 127  1
 22 118  1
 22 94  1
 22 93  1
 22 90  1
 22 88  5
 22 85  1
 22 84  1
 22 81  1
 22 79  1
 22 73  1
 22 69  1
 22 68  1
 22 64  3
 22 61  1
 22 57  1
 22 55  5
 22 54  5
 22 53  1
 22 52  1
 22 50  1
 22 49  5
 22 48  1
 22 45  7
 22 44  1
 22 42  1
 22 39  1
 22 36  1
 22 35  1
 22 29  5
 22 28  1
 22 27  7
 22 27 69  1
 22 25  5
 22 24  1
 21 127  1
 21 118  1
 21 102  1
 21 94  1
 21 93  1
 21 90  1
 21 88  1
 21 85  1
 21 84  1
 21 81  1
 21 79  1
 21 73  1
 21 69  1
 21 68  1
 21 64  3
 21 63  1
 21 61  1
 21 57  1
 21 55  1
 21 54  1
 21 53  1
 21 52  1
 21 50  1
 21 49  1
 21 45  3
 21 43  3
 21 42  1
 21 39  1
 21 36  1
 21 35  1
 21 29  1
 21 28  1
 21 27  7
 21 27 69  1
 21 25  5
 21 24  1
 20  125
 20 127  1
 20 94  1
 20 93  1
 20 90  1
 20 88  1
 20 73  1
 20 69  1
 20 68  1
 20 61  1
 20 60  1
 20 59  1
 20 57  1
 20 55  3
 20 54  1
 20 53  1
 20 51  1
 20 49  1
 20 40  1
 20 39  1
 20 36  1
 20 35  1
 20 31  1
 20 30  1
 20 29  1
 20 28  1
 20 27 69  1
 20 26  1
 20 25  1
 20 24  1
 20 22  7
 20 21  3
 19 64  1
 19 55  5
 19 31  1
 19 30  1
 19 27  1
 19 25  1
 19 22  5
 19 21  5
 18  221
 18 127  1
 18 118  1
 18 94  1
 18 93  1
 18 90  1
 18 88  1
 18 85  1
 18 84  1
 18 81  1
 18 79  1
 18 73  1
 18 69  1
 18 68  1
 18 64  3
 18 61  1
 18 57  1
 18 55 60  1
 18 54  1
 18 53  1
 18 52  1
 18 50  1
 18 49  1
 18 48  1
 18 45  3
 18 44  1
 18 42  1
 18 39  1
 18 36  1
 18 35  1
 18 29  1
 18 28  1
 18 27  7
 18 27 69  1
 18 25  5
 18 24  1
 18 22  9
 18 22 60  1
 18 21  5
 18 21 60  1
 18 20  3
 18 19  5
 17  165
 17 55  3
 17 22  11
 17 21  3
 17 18  3
 16  315
 16 118  1
 16 85  1
 16 84  1
 16 81  1
 16 79  1
 16 64  3
 16 60  3
 16 59  3
 16 55  3
 16 52  1
 16 51  3
 16 50  1
 16 48  1
 16 45  5
 16 44  1
 16 42  1
 16 40  3
 16 31  5
 16 30  5
 16 27  11
 16 26  3
 16 20  5
 16 19  9
 16 18  7
 16 18 60  1
 16 17  5
 15 127  1
 15 94  1
 15 93  1
 15 90  1
 15 88  1
 15 73  1
 15 69  1
 15 68  1
 15 61  1
 15 60  1
 15 59  1
 15 57  1
 15 55  3
 15 54  1
 15 53  1
 15 51  1
 15 49  1
 15 40  1
 15 39  1
 15 36  1
 15 35  1
 15 31  1
 15 30  1
 15 29  1
 15 28  1
 15 27  43
 15 27 88  1
 15 27 69  1
 15 27 55  1
 15 27 54  1
 15 27 51  1
 15 27 49  1
 15 27 45  1
 15 27 43  1
 15 27 41  1
 15 27 34  1
 15 27 29  1
 15 26  1
 15 25  1
 15 24  1
 15 22  7
 15 22 27  1
 15 21  3
 15 21 27  1
 15 20 27  1
 15 18  3
 15 18 27  1
 15 16  5
 14  175
 14 127  1
 14 94  1
 14 93  1
 14 90  1
 14 73  1
 14 69  1
 14 68  1
 14 61  1
 14 60  1
 14 59  1
 14 57  1
 14 55  5
 14 53  1
 14 45  3
 14 43  3
 14 41  3
 14 40  1
 14 39  1
 14 36  1
 14 35  1
 14 34  3
 14 31  1
 14 30  1
 14 28  1
 14 27  5
 14 27 69  1
 14 25  1
 14 24  1
 14 22  9
 14 21  5
 14 20  3
 14 18  5
 14 15  3
 14 15 27  1
 12 88  1
 12 64  1
 12 55  5
 12 54  1
 12 51  1
 12 49  1
 12 45  1
 12 43  1
 12 41  1
 12 34  3
 12 31  3
 12 30  3
 12 29  1
 12 27  9
 12 25  3
 12 22  13
 12 21  5
 12 20  3
 12 18  5
 12 15  3
 12 14  5
 11 127  1
 11 94  1
 11 93  1
 11 90  1
 11 88  1
 11 73  1
 11 69  1
 11 68  1
 11 64  1
 11 61  1
 11 60  1
 11 59  1
 11 57  1
 11 54  1
 11 51  1
 11 49  1
 11 40  1
 11 39  1
 11 36  1
 11 35  1
 11 29  1
 11 28  1
 11 27 69  1
 11 27 53  1
 11 26  1
 11 24  1
 11 23  3
 11 15 27  1
 11 14  3
 11 12  1
 10  273
 10 78  1
 10 64  1
 10 45  3
 10 44  1
 10 41  3
 10 39  3
 10 35  3
 10 33  1
 10 30  3
 10 27  47
 10 27 88  1
 10 27 55  1
 10 27 54  1
 10 27 51  1
 10 27 49  1
 10 27 45  1
 10 27 43  1
 10 27 41  1
 10 27 34  1
 10 27 29  1
 10 25  3
 10 24  3
 10 22 27  1
 10 21 27  1
 10 20 27  1
 10 19  9
 10 18 27  1
 10 15 27  3
 10 14 27  1
 10 12  5
 10 11  3
 10 11 27  1
 9 127  1
 9 94  1
 9 93  1
 9 90  1
 9 73  1
 9 69  1
 9 68  1
 9 61  1
 9 60  1
 9 59  1
 9 57  1
 9 55  5
 9 53  1
 9 45  1
 9 43  1
 9 41  1
 9 40  1
 9 39  1
 9 36  1
 9 35  1
 9 34  3
 9 31  1
 9 30  1
 9 28  1
 9 27 69  1
 9 25  1
 9 24  1
 9 22  9
 9 20  3
 9 18  5
 9 15  3
 9 15 27  1
 9 12  3
 9 11  1
 9 10 27  1
 8 64  1
 8 31  3
 8 30  3
 8 27  9
 8 25  3
 8 10  5
 7  161
 7 127  1
 7 94  1
 7 93  1
 7 90  1
 7 73  1
 7 69  1
 7 68  1
 7 61  1
 7 60  1
 7 59  1
 7 57  1
 7 55  7
 7 53  1
 7 45  1
 7 43  1
 7 41  1
 7 40  1
 7 39  1
 7 36  1
 7 35  1
 7 34  3
 7 31  3
 7 30  3
 7 28  1
 7 27 69  1
 7 26  1
 7 25  3
 7 24  1
 7 22  11
 7 21  7
 7 20  3
 7 18  7
 7 15  3
 7 15 27  1
 7 12  3
 7 11  1
 7 10 27  1
 6 102  1
 6 88  3
 6 55  7
 6 54  3
 6 51  3
 6 49  3
 6 48  3
 6 45  1
 6 44  1
 6 41  1
 6 34  5
 6 29  3
 6 23  5
 6 22  15
 6 21  7
 6 20  5
 6 18  13
 6 18 55  1
 6 18 22  1
 6 18 21  1
 6 16 18  1
 6 15  5
 6 14  7
 6 11  1
 6 9  3
 6 7  3
 5 88  1
 5 78  1
 5 64  1
 5 60  1
 5 54  1
 5 51  1
 5 49  1
 5 44  1
 5 43  1
 5 39  1
 5 35  1
 5 34  1
 5 33  1
 5 30  1
 5 29  1
 5 26  1
 5 25  1
 5 24  1
 5 23  1
 5 21  7
 5 20  1
 5 19  1
 5 16  7
 5 15  1
 5 14  1
 5 12  3
 5 9  1
 5 8  3
 5 7  3
 5 6  5
 4  171
 4 64  1
 4 31  3
 4 30  3
 4 27  9
 4 25  3
 4 21  5
 4 10  5
 4 5  3
 3 88  1
 3 54  1
 3 51  1
 3 49  1
 3 45  1
 3 43  1
 3 41  1
 3 34  1
 3 29  1
 3 27  1
 3 20  1
 3 16  3
 3 15  1
 3 14  1
 3 11  1
 3 9  1
 3 7  1
 2  371
 2 127  3
 2 94  3
 2 93  3
 2 90  3
 2 73  3
 2 69  3
 2 68  3
 2 61  3
 2 59  3
 2 57  3
 2 55  9
 2 53  3
 2 45  3
 2 44  7
 2 44 60  1
 2 43  3
 2 41  3
 2 40  3
 2 39  3
 2 36  3
 2 35  3
 2 34  9
 2 31  5
 2 30  5
 2 28  3
 2 27  15
 2 27 69  3
 2 27 44  1
 2 26 44  1
 2 25  5
 2 24  3
 2 23  7
 2 23 44  1
 2 22  21
 2 21 44  1
 2 20  9
 2 18  9
 2 15  9
 2 15 27  3
 2 12  9
 2 11  3
 2 10 27  3
 2 6 44  1
 2 5  5
 2 3  3
 1 127  1
 1 118  1
 1 102  1
 1 94  1
 1 93  1
 1 90  1
 1 85  1
 1 84  1
 1 81  1
 1 79  1
 1 73  1
 1 69  1
 1 68  1
 1 61  1
 1 57  1
 1 55  3
 1 53  1
 1 52  1
 1 51  3
 1 50  1
 1 43  5
 1 42  1
 1 41  3
 1 39  1
 1 36  1
 1 35  1
 1 34  3
 1 31  5
 1 30  5
 1 28  1
 1 27 69  1
 1 24  1
 1 19  5
 1 18 60  1
 1 18 55  1
 1 18 22  1
 1 18 21  1
 1 17  5
 1 16  7
 1 16 18  1
 1 15 27  1
 1 12  7
 1 11  5
 1 10  13
 1 10 27  1
 1 6  9
 1 6 18  1
 1 2  13
 1 2 44  1
 0 55  5
 0 22  13
 0 21  5
 0 18  5
 0 16  9
 0 1  7
