 109  1
 108  1
 105  1
 103  3
 93  69
 88  1
 84  5
 76  9
 75  1
 74  3
 72  5
 69  15
 68  3
 66  9
 64  13
 55  1
 54  69
 49  9
 47  7
 46  115
 43  17
 42 84  1
 41  7
 40  3
 30 42  1
 25  131
 25 42  1
 22  237
 21  141
 20  185
 18  165
 15  169
 14  189
 9 93  1
 9 84  1
 9 51  1
 9 39  1
 9 34  3
 9 30  3
 9 25  3
 8  75
 8 84  1
 8 30  1
 7  329
 5  253
 5 84  1
 5 47  1
 5 30  3
 5 25  3
 4  139
 3 84  1
 3 45  5
 3 30  5
 3 25  5
 2  317
 1  221
 93 104  1
 71 93  1
 70 93  1
 67 93  1
 65 93  1
 61 93  1
 60 104  1
 60 71  1
 60 70  1
 60 67  1
 60 65  1
 60 61  1
 59  109
 59 104  1
 59 93  1
 59 71  1
 59 70  1
 59 67  1
 59 65  1
 59 61  1
 59 60  1
 57 93  1
 57 60  1
 57 59  1
 56 104  1
 56 71  1
 56 70  1
 56 67  1
 56 65  1
 56 61  1
 56 59  1
 56 57  1
 54 104  1
 54 71  1
 54 70  1
 54 67  1
 54 65  1
 54 61  1
 54 59  1
 54 57  1
 50 104  1
 50 93  1
 50 71  1
 50 70  1
 50 67  1
 50 65  1
 50 61  1
 50 60  1
 50 57  1
 50 56  1
 50 54  1
 48 104  1
 48 71  1
 48 70  1
 48 67  1
 48 65  1
 48 61  1
 48 59  1
 48 57  1
 48 50  1
 46 104  1
 46 93  1
 46 71  1
 46 70  1
 46 67  1
 46 65  1
 46 61  1
 46 60  1
 46 57  1
 46 56  1
 46 54  1
 46 48  1
 45 93  1
 45 60  1
 45 59  1
 45 56  1
 45 54  1
 45 50  1
 45 48  1
 45 46  1
 39 104  1
 39 71  1
 39 70  1
 39 67  1
 39 65  1
 39 61  1
 39 59  1
 39 57  1
 39 50  1
 39 46  1
 39 45  1
 38 93  1
 38 60  1
 38 59  1
 38 56  1
 38 54  1
 38 50  1
 38 48  1
 38 46  1
 38 39  1
 37 93  1
 37 60  1
 37 59  1
 37 56  1
 37 54  1
 37 50  1
 37 48  1
 37 46  1
 37 39  1
 36 93  1
 36 60  1
 36 59  1
 36 56  1
 36 54  1
 36 50  1
 36 48  1
 36 46  1
 36 39  1
 34 104  1
 34 93  1
 34 71  1
 34 70  1
 34 67  1
 34 65  1
 34 61  1
 34 60  1
 34 57  1
 34 56  1
 34 54  1
 34 48  1
 34 45  1
 34 39  1
 34 38  1
 34 37  1
 34 36  1
 31 93  1
 31 60  1
 31 59  1
 31 56  1
 31 54  1
 31 50  1
 31 48  1
 31 46  1
 31 39  1
 31 34  1
 30 93  1
 30 60  1
 30 59  1
 30 56  1
 30 54  1
 30 50  1
 30 48  1
 30 46  1
 30 39  1
 30 34  1
 27 104  1
 27 93  1
 27 71  1
 27 70  1
 27 67  1
 27 65  1
 27 61  1
 27 60  1
 27 57  1
 27 56  1
 27 54  1
 27 48  1
 27 45  1
 27 39  1
 27 38  1
 27 37  1
 27 36  1
 27 31  1
 27 30  1
 26 104  1
 26 71  1
 26 70  1
 26 67  1
 26 65  1
 26 61  1
 26 59  3
 26 57  1
 26 50  3
 26 46  3
 26 45  1
 26 38  1
 26 37  1
 26 36  1
 26 34  3
 26 31  1
 26 30  1
 26 27  3
 25 104  1
 25 93  1
 25 71  1
 25 70  1
 25 67  1
 25 65  1
 25 61  1
 25 60  1
 25 57  1
 25 56  1
 25 54  1
 25 48  1
 25 45  1
 25 39  1
 25 38  1
 25 37  1
 25 36  1
 25 31  1
 25 30  1
 25 26  3
 23  139
 23 104  1
 23 93  1
 23 71  1
 23 70  1
 23 67  1
 23 65  1
 23 61  1
 23 60  1
 23 57  1
 23 56  1
 23 54  1
 23 48  1
 23 45  1
 23 39  1
 23 38  1
 23 37  1
 23 36  3
 23 31  1
 23 30  1
 23 26  3
 20 104  1
 20 71  1
 20 70  1
 20 67  1
 20 65  1
 20 61  1
 20 59  3
 20 57  1
 20 50  3
 20 46  3
 20 45  1
 20 38  1
 20 37  1
 20 36  7
 20 34  3
 20 31  1
 20 30  1
 20 27  3
 20 25  3
 20 23  3
 19 104  1
 19 71  1
 19 70  1
 19 67  1
 19 65  1
 19 61  1
 19 59  1
 19 57  1
 19 50  1
 19 46  1
 19 45  1
 19 38  1
 19 37  1
 19 36  3
 19 34  1
 19 31  1
 19 30  1
 19 27  1
 19 25  1
 19 23  1
 18 93  3
 18 60  3
 18 59  3
 18 56  3
 18 54  3
 18 50  3
 18 48  3
 18 46  3
 18 39  3
 18 34  3
 18 27  3
 18 26  3
 18 25  3
 18 23  3
 18 20  3
 18 19  3
 17 93  1
 17 60  1
 17 59  3
 17 56  1
 17 54  1
 17 50  3
 17 48  1
 17 46  3
 17 39  1
 17 34  3
 17 27  3
 17 26  5
 17 25  3
 17 23  3
 17 20  5
 17 19  1
 16 104  1
 16 71  1
 16 70  1
 16 67  1
 16 65  1
 16 61  1
 16 59  3
 16 57  1
 16 50  3
 16 46  3
 16 45  1
 16 38  1
 16 37  1
 16 36  1
 16 34  3
 16 31  1
 16 30  1
 16 27  3
 16 25  3
 16 23  3
 16 18  3
 16 17  5
 14 104  1
 14 71  1
 14 70  1
 14 67  1
 14 65  1
 14 61  1
 14 59  3
 14 57  1
 14 50  3
 14 46  3
 14 45  1
 14 38  1
 14 37  1
 14 36  3
 14 34  3
 14 31  1
 14 30  3
 14 27  3
 14 25  3
 14 23  3
 14 18  3
 14 17  5
 12 104  1
 12 71  1
 12 70  1
 12 67  1
 12 65  1
 12 61  1
 12 59  3
 12 57  1
 12 50  3
 12 46  3
 12 45  1
 12 38  1
 12 37  1
 12 36  3
 12 34  3
 12 31  1
 12 30  1
 12 27  3
 12 25  3
 12 23  3
 12 18  3
 12 17  5
 10 93  1
 10 60  1
 10 59  1
 10 56  1
 10 54  1
 10 50  1
 10 48  1
 10 46  1
 10 39  1
 10 34  1
 10 27  1
 10 26  1
 10 25  1
 10 23  1
 10 20  1
 10 19  1
 10 16  1
 10 14  3
 10 12  1
 8 93  1
 8 60  1
 8 59  1
 8 56  1
 8 54  1
 8 48  1
 8 46  1
 8 39  1
 8 34  1
 8 27  1
 8 26  1
 8 23  1
 8 20  7
 8 19  1
 8 16  1
 8 14  1
 8 12  1
 7 104  3
 7 71  3
 7 70  3
 7 67  3
 7 65  3
 7 61  3
 7 59  5
 7 57  3
 7 50  5
 7 46  5
 7 45  3
 7 38  3
 7 37  3
 7 36  7
 7 34  5
 7 31  3
 7 30  3
 7 27  5
 7 25  5
 7 23  5
 7 18  9
 7 17  7
 7 10  3
 7 8  3
 6 104  1
 6 93  1
 6 71  1
 6 70  1
 6 67  1
 6 65  1
 6 61  1
 6 60  1
 6 57  1
 6 56  1
 6 54  1
 6 48  1
 6 45  1
 6 39  1
 6 38  1
 6 37  1
 6 36  1
 6 31  1
 6 30  1
 6 26  3
 6 20  3
 6 19  1
 6 18  3
 6 17  3
 6 16  3
 6 14  3
 6 12  3
 6 10  1
 6 8  1
 6 7  5
 4 46  49
 4 46 93  1
 4 46 60  1
 4 46 59  1
 4 46 56  1
 4 46 54  1
 4 46 50  1
 4 46 48  1
 4 39 46  1
 4 34 46  1
 4 27 46  1
 4 26 46  1
 4 25 46  1
 4 23 46  1
 4 20 46  1
 4 19 46  1
 4 16 46  1
 4 14 46  1
 4 12 46  1
 4 7 46  3
 4 6 46  1
 1 93  1
 1 60  1
 1 59  3
 1 56  1
 1 54  1
 1 50  3
 1 48  1
 1 46  3
 1 39  1
 1 34  3
 1 27  3
 1 26  5
 1 25  3
 1 23  5
 1 20  5
 1 19  1
 1 16  5
 1 14  7
 1 12  5
 1 7  7
 1 6  3
 0 93  3
 0 60  3
 0 59  3
 0 56  3
 0 54  3
 0 50  5
 0 48  3
 0 46  5
 0 39  3
 0 34  5
 0 27  5
 0 26  7
 0 25  3
 0 23  5
 0 20  7
 0 19  3
 0 16  7
 0 14  7
 0 12  7
 0 7  13
 0 6  5
