 85  571
 80  1927
 76  1963
 75  579
 37  3165
 34 76  569
 26  4203
 22 34  591
 21  6433
 17 34  621
 16  3189
 1  5973
 1 85  571
 1 76  583
 1 31  609
 1 26  623
 1 22  637
 1 17  717
 0  6761
 0 76  607
 0 22  663
 0 17  995
 101  571
 68  579
 67  853
 66  861
 64  571
 61  1135
 47  2547
 46  3317
 35  579
 33  1457
 32  1159
 14  2587
 13  3405
 12  4779
 10  4965
 9  6545
 8  6483
 5  2053
 2  4833
 1 43  653
 100  845
 97  571
 95  853
 60  571
 38  587
 36  1731
 6  3055
 0 42  1235
 58  865
 56  857
 19  1167
