  721673
 67  9661
 44  50607
 30  13415
 17  56135
 13 30  493
 10  93481
 10 30  1997
 8  52611
 8 30  589
 5  98945
 49  31901
 48  6959
 19  43499
 14  86365
 52  34561
 32  64359
 10 52  4039
 38  24233
 37  27879
 14 44  3251
 1 14  3897
 0  78061
 57  12085
 39  22459
 14 39  2333
 2  46813
 2 14  4669
 65  3717
 31  16751
 9  21269
 73  5453
 36  19907
 88  8853
 51  15057
 29  16393
 22  22981
 104  145
 50  603
 10 35  1605
 4 46  413
 21  21991
 13 55  557
 1 13  2099
 77  5421
 14 35  1193
 30 47  361
 26  19035
 14 30  945
 81  1303
 110  2595
 89  41
 70  2607
 69  5457
 10 89  7
 74  2595
 80  433
 8 35  675
 79  709
 35 47  467
 13 35  615
 14 56  545
 60  1081
 93  1093
 98  883
 61  883
 108  13
 8 50  37
 114  217
 14 98  41
 113  1
 47 89  1
 14 89  1
 13 89  1
 8 89  1
