  205
 111  1
 110  1
 107  1
 105  1
 102  1
 95  1
 90  1
 86  5
 85  1
 78  1
 77  1
 76  1
 74  1
 71  1
 70  1
 69  1
 66  1
 65  1
 63  1
 57  1
 56  1
 49  1
 46  1
 45  1
 44  5
 44 86  1
 42  1
 35  3
 34  3
 32  7
 32 44  1
 31  5
 28  1
 27 44  1
 23  1
 22  1
 20  1
 19  3
 18  3
 16  1
 14  5
 11 95  1
 11 86  1
 11 53  1
 11 41  1
 11 36  1
 11 32  1
 11 27  1
 10 86  1
 10 52  1
 10 32  1
 10 27  1
 8  3
 7  7
 7 86  1
 7 49  1
 7 32  1
 7 27  1
 5  13
 5 86  1
 5 47  1
 5 32  1
 5 27  1
 2 44  1
 1  5
 0  11
