  1869
 125  1
 118  3
 113  3
 109  9
 108  1
 99  1
 95  7
 94  1
 93  1
 92  1
 89  1
 88  1
 86  1
 85  19
 84  1
 79  3
 76  21
 72  1
 71  37
 71 85  1
 69  1
 67  13
 67 109  1
 66  7
 65  1
 64  9
 61  7
 57  3
 56  9
 55 67  1
 54  7
 52  15
 52 71  1
 51  23
 51 71  1
 51 67  1
 50  11
 50 67  1
 48  13
 48 71  1
 47  25
 46  37
 46 71  1
 45  3
 42  31
 42 71  1
 41  33
 40  17
 40 71  1
 39  3
 38 85  1
 38 71  1
 38 52  1
 38 51  1
 38 48  1
 38 46  1
 38 42  1
 38 40  1
 37  47
 37 85  1
 37 52  1
 37 51  1
 37 48  1
 37 46  1
 37 42  1
 37 40  1
 37 38  1
 36  47
 35  11
 34 118  1
 34 109  1
 34 85  1
 34 64  1
 34 60  1
 34 59  1
 34 55  1
 34 52  1
 34 50  1
 34 48  1
 34 46  1
 34 42  1
 34 40  1
 34 38  1
 33 109  1
 33 75  1
 33 55  1
 33 51  1
 33 50  1
 32 85  1
 32 52  1
 32 51  1
 32 48  1
 32 46  1
 32 42  1
 32 40  1
 32 38  1
 31  27
 31 71  1
 31 38  1
 31 37  1
 31 34  1
 31 32  1
 30  23
 30 109  1
 30 72  1
 30 55  1
 30 51  1
 30 50  1
 28 109  1
 28 70  1
 28 55  1
 28 51  1
 28 50  1
 26  63
 26 71  1
 26 38  1
 26 37  1
 26 34  1
 26 32  1
 25  27
 25 67  1
 24  15
 23  31
 21  45
 21 34  1
 21 33  1
 19 71  1
 19 38  1
 19 37  1
 19 34  1
 19 32  1
 18  27
 18 71  1
 18 60  3
 18 38  1
 18 37  1
 18 34 60  1
 18 32  1
 18 30  1
 17  83
 17 85  1
 17 71  1
 17 52  1
 17 51  1
 17 48  1
 17 46  1
 17 42  1
 17 40  1
 17 37  1
 17 34  7
 17 32  1
 17 31  1
 17 26  1
 17 19  1
 17 18  1
 16 33  1
 16 28  1
 15  21
 15 71  1
 15 38  1
 15 37  1
 15 34  1
 15 32  1
 15 17  1
 13 109  1
 13 51  1
 13 50  1
 13 30  1
 13 25  1
 12 85  1
 12 71  1
 12 67  1
 12 52  1
 12 51  1
 12 48  1
 12 46  1
 12 42  1
 12 40  1
 12 37  1
 12 33  1
 12 32  1
 12 31  1
 12 30  1
 12 28  1
 12 26  1
 12 19  1
 12 18  1
 12 15  1
 12 13  3
 11 71  1
 11 38  1
 11 37  1
 11 34  1
 11 32  1
 11 28  1
 11 17  1
 11 12  1
 10  29
 10 34  1
 9  89
 9 67  1
 9 51  9
 9 51 67  1
 9 34  3
 9 34 51  1
 9 33  1
 9 33 51  1
 9 30  1
 9 30 51  1
 9 28  1
 9 28 51  1
 9 13  1
 9 13 51  1
 8 109  1
 8 71  1
 8 55  1
 8 51  1
 8 38  1
 8 37  1
 8 34  1
 8 32  1
 8 25  1
 8 17  1
 8 9  1
 8 9 51  1
 6 71  1
 6 38  1
 6 37  1
 6 32  1
 6 18  3
 6 18 34  1
 6 17  1
 6 12  1
 5 85  1
 5 52  1
 5 51  1
 5 48  1
 5 46  1
 5 42  1
 5 40  1
 5 38  1
 5 31  1
 5 26  1
 5 19  1
 5 18  1
 5 17  3
 5 15  1
 5 12  3
 5 11  1
 5 8  1
 5 6  1
 4  87
 4 85  1
 4 71  1
 4 52  1
 4 51  1
 4 48  1
 4 46  1
 4 42  1
 4 40  1
 4 37  1
 4 34  1
 4 32  1
 4 31  1
 4 26  1
 4 19  1
 4 18  1
 4 15  1
 4 11  1
 4 8  1
 4 6  1
 4 5  1
 3 85  1
 3 52  1
 3 51  1
 3 48  1
 3 46  3
 3 42  1
 3 40  1
 3 38  3
 3 31  1
 3 26  3
 3 19  1
 3 18  1
 3 17  3
 3 15  1
 3 12  5
 3 11  1
 3 8  5
 3 6  3
 3 4  5
 1  143
 1 118  1
 1 109  1
 1 85  7
 1 67  1
 1 64  1
 1 60  1
 1 59  1
 1 55  1
 1 52  1
 1 50  1
 1 48  1
 1 46  1
 1 42  1
 1 40  1
 1 38  1
 1 33  1
 1 31  7
 1 30  1
 1 28  1
 1 26  7
 1 21  1
 1 19  1
 1 18 60  1
 1 18 34  1
 1 17  9
 1 15  1
 1 11  1
 1 10  1
 1 9  3
 1 9 51  1
 1 6 18  1
 1 4  1
 0  153
 0 118  1
 0 109  1
 0 84  1
 0 75  1
 0 64  1
 0 60  1
 0 59  1
 0 55  1
 0 51  3
 0 50  1
 0 34  1
 0 30  1
 0 25  1
 0 18  5
 0 18 60  1
 0 16  1
 0 12  3
 0 10  1
 0 9  5
 0 9 51  1
 0 6  3
 0 6 18  1
 0 1  7
 0 1 18  1
