  63
 95  1
 92  1
 90 91  1
 87 88  1
 86  5
 85  1
 84 85  5
 74  1
 72  3
 72 73  1
 71  1
 70  9
 69  1
 69 70  1
 68 69  9
 68 69 71  1
 68 69 70  1
 66 67  3
 65  1
 65 66 68  1
 65 66 67  1
 62  1
 59  5
 57  5
 56 86  1
 56 84 85  1
 56 82  1
 56 80  3
 56 80 81  1
 56 78 79  3
 56 59  1
 54  1
 54 70 80  1
 54 70 78 79  1
 54 68 69 80  1
 54 68 69 78 79  1
 54 55  1
 54 55 86  1
 54 55 84 85  1
 54 55 82  1
 54 55 80  3
 54 55 80 81  1
 54 55 78 79  3
 54 55 59  1
 53 56  3
 53 54 70  1
 53 54 68 69  1
 53 54 55  3
 52 53  1
 52 53 70  1
 52 53 70 80  1
 52 53 70 78 79  1
 52 53 68 69  1
 52 53 68 69 80  1
 52 53 68 69 78 79  1
 47  1
 45  3
 44 92  1
 44 90 91  1
 44 70  1
 44 68 69  1
 44 65  1
 43  9
 43 71  1
 43 69 70  1
 43 54 80  1
 43 54 78 79  1
 43 53 54  1
 43 52 53  1
 43 52 53 80  1
 43 52 53 78 79  1
 43 44  1
 42  45
 42 82 88  1
 42 82 86 87  1
 42 80 81 88  1
 42 80 81 86 87  1
 42 61 82  1
 42 61 80 81  1
 42 55 88  1
 42 55 86 87  1
 42 55 61  1
 42 43 92  1
 42 43 90 91  1
 42 43 65  1
 41 67  1
 41 65 66  1
 40 68  1
 40 66 67  1
 40 41  45
 40 41 82 88  1
 40 41 82 86 87  1
 40 41 80 81 88  1
 40 41 80 81 86 87  1
 40 41 61 82  1
 40 41 61 80 81  1
 40 41 55 88  1
 40 41 55 86 87  1
 40 41 55 61  1
 36  1
 29 86  1
 29 84 85  1
 29 82  1
 29 80  3
 29 80 81  1
 29 78 79  3
 29 59  1
 29 55  1
 29 53  3
 27  1
 27 70 80  1
 27 70 78 79  1
 27 68 69 80  1
 27 68 69 78 79  1
 27 53 70  1
 27 53 68 69  1
 27 43 80  1
 27 43 78 79  1
 27 43 53  1
 26  1
 20  1
 17 92  1
 17 90 91  1
 17 65  1
 15 82 88  1
 15 82 86 87  1
 15 80 81 88  1
 15 80 81 86 87  1
 15 61 82  1
 15 61 80 81  1
 15 55 88  1
 15 55 86 87  1
 15 55 61  1
 12  1
 2  1
