 43 85  1
 43 83 84  3
 43 58  1
 41 42 85  1
 41 42 83 84  3
 41 42 58  1
 16 85  1
 16 83 84  3
 16 58  1
 67  15
 67 75  11
 67 73 74  11
 65 66 75  11
 65 66 73 74  11
 48 67  11
 48 65 66  11
 40 75  11
 40 73 74  11
 40 48  11
 83  7
 81 82  11
 41 83  1
 41 81 82  1
 41 56  1
 14 83  1
 14 81 82  1
 14 56  1
 39 40 57 69 75 81  1
 39 40 57 69 75 79 80  1
 39 40 57 69 73 74 81  1
 39 40 57 69 73 74 79 80  1
 39 40 57 67 69 75 81  1
 39 40 57 67 69 75 79 80  1
 39 40 57 67 69 73 74 81  1
 39 40 57 67 69 73 74 79 80  1
 39 40 57 65 66 69 75 81  1
 39 40 57 65 66 69 75 79 80  1
 39 40 57 65 66 69 73 74 81  1
 39 40 57 65 66 69 73 74 79 80  1
 39 40 57 65 66 67 68 75 81  1
 39 40 57 65 66 67 68 75 79 80  1
 39 40 57 65 66 67 68 73 74 81  1
 39 40 57 65 66 67 68 73 74 79 80  1
 39 40 55 56 69 75 81  1
 39 40 55 56 69 75 79 80  1
 39 40 55 56 69 73 74 81  1
 39 40 55 56 69 73 74 79 80  1
 39 40 55 56 67 69 75 81  1
 39 40 55 56 67 69 75 79 80  1
 39 40 55 56 67 69 73 74 81  1
 39 40 55 56 67 69 73 74 79 80  1
 39 40 55 56 65 66 69 75 81  1
 39 40 55 56 65 66 69 75 79 80  1
 39 40 55 56 65 66 69 73 74 81  1
 39 40 55 56 65 66 69 73 74 79 80  1
 39 40 55 56 65 66 67 68 75 81  1
 39 40 55 56 65 66 67 68 75 79 80  1
 39 40 55 56 65 66 67 68 73 74 81  1
 39 40 55 56 65 66 67 68 73 74 79 80  1
 39 40 54 57 69 75  1
 39 40 54 57 69 73 74  1
 39 40 54 57 67 69 75  1
 39 40 54 57 67 69 73 74  1
 39 40 54 57 65 66 69 75  1
 39 40 54 57 65 66 69 73 74  1
 39 40 54 57 65 66 67 68 75  1
 39 40 54 57 65 66 67 68 73 74  1
 39 40 54 55 56 69 75  1
 39 40 54 55 56 69 73 74  1
 39 40 54 55 56 67 69 75  1
 39 40 54 55 56 67 69 73 74  1
 39 40 54 55 56 65 66 69 75  1
 39 40 54 55 56 65 66 69 73 74  1
 39 40 54 55 56 65 66 67 68 75  1
 39 40 54 55 56 65 66 67 68 73 74  1
 39 40 48 57 69 81  1
 39 40 48 57 69 79 80  1
 39 40 48 57 67 69 81  1
 39 40 48 57 67 69 79 80  1
 39 40 48 57 65 66 69 81  1
 39 40 48 57 65 66 69 79 80  1
 39 40 48 57 65 66 67 68 81  1
 39 40 48 57 65 66 67 68 79 80  1
 39 40 48 55 56 69 81  1
 39 40 48 55 56 69 79 80  1
 39 40 48 55 56 67 69 81  1
 39 40 48 55 56 67 69 79 80  1
 39 40 48 55 56 65 66 69 81  1
 39 40 48 55 56 65 66 69 79 80  1
 39 40 48 55 56 65 66 67 68 81  1
 39 40 48 55 56 65 66 67 68 79 80  1
 39 40 48 54 57 69  1
 39 40 48 54 57 67 69  1
 39 40 48 54 57 65 66 69  1
 39 40 48 54 57 65 66 67 68  1
 39 40 48 54 55 56 69  1
 39 40 48 54 55 56 67 69  1
 39 40 48 54 55 56 65 66 69  1
 39 40 48 54 55 56 65 66 67 68  1
 39 40 42 57 75 81  1
 39 40 42 57 75 79 80  1
 39 40 42 57 73 74 81  1
 39 40 42 57 73 74 79 80  1
 39 40 42 57 67 75 81  1
 39 40 42 57 67 75 79 80  1
 39 40 42 57 67 73 74 81  1
 39 40 42 57 67 73 74 79 80  1
 39 40 42 57 65 66 75 81  1
 39 40 42 57 65 66 75 79 80  1
 39 40 42 57 65 66 73 74 81  1
 39 40 42 57 65 66 73 74 79 80  1
 39 40 42 55 56 75 81  1
 39 40 42 55 56 75 79 80  1
 39 40 42 55 56 73 74 81  1
 39 40 42 55 56 73 74 79 80  1
 39 40 42 55 56 67 75 81  1
 39 40 42 55 56 67 75 79 80  1
 39 40 42 55 56 67 73 74 81  1
 39 40 42 55 56 67 73 74 79 80  1
 39 40 42 55 56 65 66 75 81  1
 39 40 42 55 56 65 66 75 79 80  1
 39 40 42 55 56 65 66 73 74 81  1
 39 40 42 55 56 65 66 73 74 79 80  1
 39 40 42 54 57 75  1
 39 40 42 54 57 73 74  1
 39 40 42 54 57 67 75  1
 39 40 42 54 57 67 73 74  1
 39 40 42 54 57 65 66 75  1
 39 40 42 54 57 65 66 73 74  1
 39 40 42 54 55 56 75  1
 39 40 42 54 55 56 73 74  1
 39 40 42 54 55 56 67 75  1
 39 40 42 54 55 56 67 73 74  1
 39 40 42 54 55 56 65 66 75  1
 39 40 42 54 55 56 65 66 73 74  1
 39 40 42 48 57 81  1
 39 40 42 48 57 79 80  1
 39 40 42 48 57 67 81  1
 39 40 42 48 57 67 79 80  1
 39 40 42 48 57 65 66 81  1
 39 40 42 48 57 65 66 79 80  1
 39 40 42 48 55 56 81  1
 39 40 42 48 55 56 79 80  1
 39 40 42 48 55 56 67 81  1
 39 40 42 48 55 56 67 79 80  1
 39 40 42 48 55 56 65 66 81  1
 39 40 42 48 55 56 65 66 79 80  1
 39 40 42 48 54 57  1
 39 40 42 48 54 57 67  1
 39 40 42 48 54 57 65 66  1
 39 40 42 48 54 55 56  1
 39 40 42 48 54 55 56 67  1
 39 40 42 48 54 55 56 65 66  1
 30 39 40 69 75 81  1
 30 39 40 69 75 79 80  1
 30 39 40 69 73 74 81  1
 30 39 40 69 73 74 79 80  1
 30 39 40 67 69 75 81  1
 30 39 40 67 69 75 79 80  1
 30 39 40 67 69 73 74 81  1
 30 39 40 67 69 73 74 79 80  1
 30 39 40 65 66 69 75 81  1
 30 39 40 65 66 69 75 79 80  1
 30 39 40 65 66 69 73 74 81  1
 30 39 40 65 66 69 73 74 79 80  1
 30 39 40 65 66 67 68 75 81  1
 30 39 40 65 66 67 68 75 79 80  1
 30 39 40 65 66 67 68 73 74 81  1
 30 39 40 65 66 67 68 73 74 79 80  1
 30 39 40 54 69 75  1
 30 39 40 54 69 73 74  1
 30 39 40 54 67 69 75  1
 30 39 40 54 67 69 73 74  1
 30 39 40 54 65 66 69 75  1
 30 39 40 54 65 66 69 73 74  1
 30 39 40 54 65 66 67 68 75  1
 30 39 40 54 65 66 67 68 73 74  1
 30 39 40 48 69 81  1
 30 39 40 48 69 79 80  1
 30 39 40 48 67 69 81  1
 30 39 40 48 67 69 79 80  1
 30 39 40 48 65 66 69 81  1
 30 39 40 48 65 66 69 79 80  1
 30 39 40 48 65 66 67 68 81  1
 30 39 40 48 65 66 67 68 79 80  1
 30 39 40 48 54 69  1
 30 39 40 48 54 67 69  1
 30 39 40 48 54 65 66 69  1
 30 39 40 48 54 65 66 67 68  1
 30 39 40 42 75 81  1
 30 39 40 42 75 79 80  1
 30 39 40 42 73 74 81  1
 30 39 40 42 73 74 79 80  1
 30 39 40 42 67 75 81  1
 30 39 40 42 67 75 79 80  1
 30 39 40 42 67 73 74 81  1
 30 39 40 42 67 73 74 79 80  1
 30 39 40 42 65 66 75 81  1
 30 39 40 42 65 66 75 79 80  1
 30 39 40 42 65 66 73 74 81  1
 30 39 40 42 65 66 73 74 79 80  1
 30 39 40 42 54 75  1
 30 39 40 42 54 73 74  1
 30 39 40 42 54 67 75  1
 30 39 40 42 54 67 73 74  1
 30 39 40 42 54 65 66 75  1
 30 39 40 42 54 65 66 73 74  1
 30 39 40 42 48 81  1
 30 39 40 42 48 79 80  1
 30 39 40 42 48 67 81  1
 30 39 40 42 48 67 79 80  1
 30 39 40 42 48 65 66 81  1
 30 39 40 42 48 65 66 79 80  1
 30 39 40 42 48 54  1
 30 39 40 42 48 54 67  1
 30 39 40 42 48 54 65 66  1
 79  33
 77 78  33
 55  5
 53 54  5
 52  33
 43 71 81  1
 43 71 79 80  1
 43 69 70 81  1
 43 69 70 79 80  1
 43 54 71  1
 43 54 69 70  1
 43 44 81  5
 43 44 79 80  5
 43 44 54  5
 41 42 71 81  1
 41 42 71 79 80  1
 41 42 69 70 81  1
 41 42 69 70 79 80  1
 41 42 54 71  1
 41 42 54 69 70  1
 41 42 44 81  1
 41 42 44 79 80  1
 41 42 44 54  1
 28  5
 16 71 81  1
 16 71 79 80  1
 16 69 70 81  1
 16 69 70 79 80  1
 16 54 71  1
 16 54 69 70  1
 16 44 81  1
 16 44 79 80  1
 16 44 54  1
 126  1
 87  17
 85 86  17
 81 85 86  165
 79 80 85 86  165
 60  17
 54 85 86  165
 43 81 85  27
 43 81 83 84  29
 43 79 80 85  27
 43 79 80 83 84  29
 43 73 81  3
 43 73 79 83  1
 43 73 79 81 82  1
 43 73 79 80  3
 43 73 77 78 83  1
 43 73 77 78 81 82  1
 43 71 72 81  3
 43 71 72 79 83  1
 43 71 72 79 81 82  1
 43 71 72 79 80  3
 43 71 72 77 78 83  1
 43 71 72 77 78 81 82  1
 43 58 81  27
 43 58 79 80  27
 43 56 73 79  1
 43 56 73 77 78  1
 43 56 71 72 79  1
 43 56 71 72 77 78  1
 43 54 85  27
 43 54 83 84  29
 43 54 73  3
 43 54 71 72  3
 43 54 58  27
 43 52 73 83  1
 43 52 73 81 82  1
 43 52 71 72 83  1
 43 52 71 72 81 82  1
 43 52 56 73  1
 43 52 56 71 72  1
 43 46 81  3
 43 46 79 83  1
 43 46 79 81 82  1
 43 46 79 80  3
 43 46 77 78 83  1
 43 46 77 78 81 82  1
 43 46 56 79  1
 43 46 56 77 78  1
 43 46 54  3
 43 46 52 83  1
 43 46 52 81 82  1
 43 46 52 56  1
 41  3
 41 42 81 85  29
 41 42 81 83 84  31
 41 42 79 80 85  29
 41 42 79 80 83 84  31
 41 42 73 81  3
 41 42 73 79 83  1
 41 42 73 79 81 82  1
 41 42 73 79 80  3
 41 42 73 77 78 83  1
 41 42 73 77 78 81 82  1
 41 42 71 72 81  3
 41 42 71 72 79 83  1
 41 42 71 72 79 81 82  1
 41 42 71 72 79 80  3
 41 42 71 72 77 78 83  1
 41 42 71 72 77 78 81 82  1
 41 42 67 81  3
 41 42 67 79 80  3
 41 42 65 66 81  3
 41 42 65 66 79 80  3
 41 42 58 81  29
 41 42 58 79 80  29
 41 42 56 73 79  1
 41 42 56 73 77 78  1
 41 42 56 71 72 79  1
 41 42 56 71 72 77 78  1
 41 42 54 85  29
 41 42 54 83 84  31
 41 42 54 73  3
 41 42 54 71 72  3
 41 42 54 67  3
 41 42 54 65 66  3
 41 42 54 58  29
 41 42 52 73 83  1
 41 42 52 73 81 82  1
 41 42 52 71 72 83  1
 41 42 52 71 72 81 82  1
 41 42 52 56 73  1
 41 42 52 56 71 72  1
 41 42 46 81  3
 41 42 46 79 83  1
 41 42 46 79 81 82  1
 41 42 46 79 80  3
 41 42 46 77 78 83  1
 41 42 46 77 78 81 82  1
 41 42 46 56 79  1
 41 42 46 56 77 78  1
 41 42 46 54  3
 41 42 46 52 83  1
 41 42 46 52 81 82  1
 41 42 46 52 56  1
 40 41 42 81  3
 40 41 42 79 80  3
 40 41 42 54  3
 31 67 81 85  1
 31 67 81 83 84  1
 31 67 79 80 85  1
 31 67 79 80 83 84  1
 31 65 66 81 85  1
 31 65 66 81 83 84  1
 31 65 66 79 80 85  1
 31 65 66 79 80 83 84  1
 31 58 67 81  1
 31 58 67 79 80  1
 31 58 65 66 81  1
 31 58 65 66 79 80  1
 31 54 67 85  1
 31 54 67 83 84  1
 31 54 65 66 85  1
 31 54 65 66 83 84  1
 31 54 58 67  1
 31 54 58 65 66  1
 31 40 81 85  1
 31 40 81 83 84  1
 31 40 79 80 85  1
 31 40 79 80 83 84  1
 31 40 58 81  1
 31 40 58 79 80  1
 31 40 54 85  1
 31 40 54 83 84  1
 31 40 54 58  1
 29 30 67 81 85  1
 29 30 67 81 83 84  1
 29 30 67 79 80 85  1
 29 30 67 79 80 83 84  1
 29 30 65 66 81 85  1
 29 30 65 66 81 83 84  1
 29 30 65 66 79 80 85  1
 29 30 65 66 79 80 83 84  1
 29 30 58 67 81  1
 29 30 58 67 79 80  1
 29 30 58 65 66 81  1
 29 30 58 65 66 79 80  1
 29 30 54 67 85  1
 29 30 54 67 83 84  1
 29 30 54 65 66 85  1
 29 30 54 65 66 83 84  1
 29 30 54 58 67  1
 29 30 54 58 65 66  1
 29 30 40 81 85  1
 29 30 40 81 83 84  1
 29 30 40 79 80 85  1
 29 30 40 79 80 83 84  1
 29 30 40 58 81  1
 29 30 40 58 79 80  1
 29 30 40 54 85  1
 29 30 40 54 83 84  1
 29 30 40 54 58  1
 25  1
 23 24  1
 16 81 85  27
 16 81 83 84  29
 16 79 80 85  27
 16 79 80 83 84  29
 16 73 81  3
 16 73 79 83  1
 16 73 79 81 82  1
 16 73 79 80  3
 16 73 77 78 83  1
 16 73 77 78 81 82  1
 16 71 72 81  3
 16 71 72 79 83  1
 16 71 72 79 81 82  1
 16 71 72 79 80  3
 16 71 72 77 78 83  1
 16 71 72 77 78 81 82  1
 16 67 81  3
 16 67 79 80  3
 16 65 66 81  3
 16 65 66 79 80  3
 16 58 81  27
 16 58 79 80  27
 16 56 73 79  1
 16 56 73 77 78  1
 16 56 71 72 79  1
 16 56 71 72 77 78  1
 16 54 85  27
 16 54 83 84  29
 16 54 73  3
 16 54 71 72  3
 16 54 67  3
 16 54 65 66  3
 16 54 58  27
 16 52 73 83  1
 16 52 73 81 82  1
 16 52 71 72 83  1
 16 52 71 72 81 82  1
 16 52 56 73  1
 16 52 56 71 72  1
 16 46 81  3
 16 46 79 83  1
 16 46 79 81 82  1
 16 46 79 80  3
 16 46 77 78 83  1
 16 46 77 78 81 82  1
 16 46 56 79  1
 16 46 56 77 78  1
 16 46 54  3
 16 46 52 83  1
 16 46 52 81 82  1
 16 46 52 56  1
 16 40 81  3
 16 40 79 80  3
 16 40 54  3
 14  3
 4 67 81 85  1
 4 67 81 83 84  1
 4 67 79 80 85  1
 4 67 79 80 83 84  1
 4 65 66 81 85  1
 4 65 66 81 83 84  1
 4 65 66 79 80 85  1
 4 65 66 79 80 83 84  1
 4 58 67 81  1
 4 58 67 79 80  1
 4 58 65 66 81  1
 4 58 65 66 79 80  1
 4 54 67 85  1
 4 54 67 83 84  1
 4 54 65 66 85  1
 4 54 65 66 83 84  1
 4 54 58 67  1
 4 54 58 65 66  1
 4 40 81 85  1
 4 40 81 83 84  1
 4 40 79 80 85  1
 4 40 79 80 83 84  1
 4 40 58 81  1
 4 40 58 79 80  1
 4 40 54 85  1
 4 40 54 83 84  1
 4 40 54 58  1
 67 81  11
 67 79 80  11
 65 66 81  11
 65 66 79 80  11
 57 67 81  3
 57 67 79 80  3
 57 65 66 81  1
 57 65 66 79 80  1
 54 67  11
 54 65 66  11
 54 57 67  3
 54 57 65 66  1
 41 81  3
 41 79 80  3
 41 54  3
 40 81  11
 40 79 80  11
 40 57 81  1
 40 57 79 80  1
 40 54  11
 40 54 57  1
 39 41  1
 39 40 81  1
 39 40 79 80  1
 39 40 54  1
 37 38 41  1
 37 38 39 40  1
 30 67 81  3
 30 67 79 80  3
 30 65 66 81  1
 30 65 66 79 80  1
 30 54 67  3
 30 54 65 66  1
 30 40 81  1
 30 40 79 80  1
 30 40 54  1
 14 81  1
 14 79 80  1
 14 54  1
 14 39  1
 14 37 38  1
 12 41  1
 12 39 40  1
 12 14  1
 53 54 67  5
 53 54 65 66  5
 43  23
 41 42  33
 40 53 54  5
 16  21
 82 87  1
 82 85 86  1
 81 87 112  1
 81 87 96  1
 81 87 90 114  1
 81 85 86 112  1
 81 85 86 96  1
 81 85 86 90 114  1
 81 83 87  3
 81 83 85 86  3
 81 82 87  5
 81 82 85 86  5
 79 80 87 112  1
 79 80 87 96  1
 79 80 87 90 114  1
 79 80 85 86 112  1
 79 80 85 86 96  1
 79 80 85 86 90 114  1
 79 80 83 87  3
 79 80 83 85 86  3
 79 80 81 87  3
 79 80 81 85 86  3
 79 80 81 82 87  3
 79 80 81 82 85 86  3
 78 79 81 87  1
 78 79 81 85 86  1
 78 79 80 87  1
 78 79 80 85 86  1
 67 87  1
 67 85 86  1
 65 66 87  1
 65 66 85 86  1
 60 82  1
 60 81 112  1
 60 81 96  1
 60 81 90 114  1
 60 81 83  3
 60 81 82  5
 60 79 80 112  1
 60 79 80 96  1
 60 79 80 90 114  1
 60 79 80 83  3
 60 79 80 81  3
 60 79 80 81 82  3
 60 78 79 81  1
 60 78 79 80  1
 60 67  1
 60 65 66  1
 56 81 87  3
 56 81 85 86  3
 56 79 80 87  3
 56 79 80 85 86  3
 56 60 81  3
 56 60 79 80  3
 55 87  1
 55 85 86  1
 55 81 87  13
 55 81 87 90  1
 55 81 85 86  13
 55 81 85 86 90  1
 55 79 80 87  13
 55 79 80 87 90  1
 55 79 80 85 86  13
 55 79 80 85 86 90  1
 55 60  1
 55 60 81  13
 55 60 81 90  1
 55 60 79 80  13
 55 60 79 80 90  1
 54 87 112  1
 54 87 96  1
 54 87 90 114  1
 54 85 86 112  1
 54 85 86 96  1
 54 85 86 90 114  1
 54 83 87  3
 54 83 85 86  3
 54 81 82 87  3
 54 81 82 85 86  3
 54 80 87  1
 54 80 85 86  1
 54 78 79 87  1
 54 78 79 85 86  1
 54 60 112  1
 54 60 96  1
 54 60 90 114  1
 54 60 83  3
 54 60 81 82  3
 54 60 80  1
 54 60 78 79  1
 54 56 87  3
 54 56 85 86  3
 54 56 60  3
 54 55 87  13
 54 55 87 90  1
 54 55 85 86  13
 54 55 85 86 90  1
 54 55 60  13
 54 55 60 90  1
 46 81 87  3
 46 81 85 86  3
 46 79 80 87  3
 46 79 80 85 86  3
 46 60 81  3
 46 60 79 80  3
 46 54 87  3
 46 54 85 86  3
 46 54 60  3
 45 81 87 90  1
 45 81 85 86 90  1
 45 79 80 87 90  1
 45 79 80 85 86 90  1
 45 60 81 90  1
 45 60 79 80 90  1
 45 54 87 90  1
 45 54 85 86 90  1
 45 54 60 90  1
 43 81 87  21
 43 81 85 86  21
 43 79 80 87  21
 43 79 80 85 86  21
 43 60 81  21
 43 60 79 80  21
 43 54 87  21
 43 54 85 86  21
 43 54 60  21
 40 87  1
 40 85 86  1
 40 60  1
 37 81 87  3
 37 81 85 86  3
 37 79 80 87  3
 37 79 80 85 86  3
 37 60 81  3
 37 60 79 80  3
 37 54 87  3
 37 54 85 86  3
 37 54 60  3
 31 81 87  9
 31 81 87 114  1
 31 81 85 86  9
 31 81 85 86 114  1
 31 79 80 87  9
 31 79 80 87 114  1
 31 79 80 85 86  9
 31 79 80 85 86 114  1
 31 60 81  9
 31 60 81 114  1
 31 60 79 80  9
 31 60 79 80 114  1
 31 55 81 87  1
 31 55 81 85 86  1
 31 55 79 80 87  1
 31 55 79 80 85 86  1
 31 55 60 81  1
 31 55 60 79 80  1
 31 54 87  9
 31 54 87 114  1
 31 54 85 86  9
 31 54 85 86 114  1
 31 54 60  9
 31 54 60 114  1
 31 54 55 87  1
 31 54 55 85 86  1
 31 54 55 60  1
 31 45 81 87  1
 31 45 81 85 86  1
 31 45 79 80 87  1
 31 45 79 80 85 86  1
 31 45 60 81  1
 31 45 60 79 80  1
 31 45 54 87  1
 31 45 54 85 86  1
 31 45 54 60  1
 21 81 87 114  1
 21 81 85 86 114  1
 21 79 80 87 114  1
 21 79 80 85 86 114  1
 21 60 81 114  1
 21 60 79 80 114  1
 21 55 81 87  1
 21 55 81 85 86  1
 21 55 79 80 87  1
 21 55 79 80 85 86  1
 21 55 60 81  1
 21 55 60 79 80  1
 21 54 87 114  1
 21 54 85 86 114  1
 21 54 60 114  1
 21 54 55 87  1
 21 54 55 85 86  1
 21 54 55 60  1
 21 45 81 87  1
 21 45 81 85 86  1
 21 45 79 80 87  1
 21 45 79 80 85 86  1
 21 45 60 81  1
 21 45 60 79 80  1
 21 45 54 87  1
 21 45 54 85 86  1
 21 45 54 60  1
 81 85 87  3
 81 84 87  1
 81 84 85 86  1
 81 83 84 87  3
 81 83 84 85 86  3
 81 82 83 87  1
 81 82 83 85 86  1
 79 80 85 87  3
 79 80 84 87  1
 79 80 84 85 86  1
 79 80 83 84 87  3
 79 80 83 84 85 86  3
 79 80 82 83 87  1
 79 80 82 83 85 86  1
 60 81 85  3
 60 81 84  1
 60 81 83 84  3
 60 81 82 83  1
 60 79 80 85  3
 60 79 80 84  1
 60 79 80 83 84  3
 60 79 80 82 83  1
 57 81 87  3
 57 81 85 86  3
 57 79 80 87  3
 57 79 80 85 86  3
 57 60 81  3
 57 60 79 80  3
 54 85 87  3
 54 84 87  1
 54 84 85 86  1
 54 83 84 87  3
 54 83 84 85 86  3
 54 82 83 87  1
 54 82 83 85 86  1
 54 60 85  3
 54 60 84  1
 54 60 83 84  3
 54 60 82 83  1
 54 57 87  3
 54 57 85 86  3
 54 57 60  3
 2 81 87  1
 2 81 85 86  1
 2 79 80 87  1
 2 79 80 85 86  1
 2 60 81  1
 2 60 79 80  1
 2 54 87  1
 2 54 85 86  1
 2 54 60  1
 69 70  3
 44  3
 43 81 85 106  1
 43 81 85 96  1
 43 81 83 84 106  1
 43 81 83 84 96  1
 43 81 82  9
 43 79  9
 43 79 80 85 106  1
 43 79 80 85 96  1
 43 79 80 83 84 106  1
 43 79 80 83 84 96  1
 43 77 78  9
 43 58 81 106  1
 43 58 81 96  1
 43 58 79 80 106  1
 43 58 79 80 96  1
 43 54 85 106  1
 43 54 85 96  1
 43 54 83 84 106  1
 43 54 83 84 96  1
 43 54 58 106  1
 43 54 58 96  1
 43 52  11
 43 47 81 85  1
 43 47 81 83 84  1
 43 47 79 80 85  1
 43 47 79 80 83 84  1
 43 47 58 81  1
 43 47 58 79 80  1
 43 47 54 85  1
 43 47 54 83 84  1
 43 47 54 58  1
 41 42 81 85 106  1
 41 42 81 85 96  1
 41 42 81 83 84 106  1
 41 42 81 83 84 96  1
 41 42 81 82  9
 41 42 79  9
 41 42 79 80 85 106  1
 41 42 79 80 85 96  1
 41 42 79 80 83 84 106  1
 41 42 79 80 83 84 96  1
 41 42 77 78  9
 41 42 58 81 106  1
 41 42 58 81 96  1
 41 42 58 79 80 106  1
 41 42 58 79 80 96  1
 41 42 54 85 106  1
 41 42 54 85 96  1
 41 42 54 83 84 106  1
 41 42 54 83 84 96  1
 41 42 54 58 106  1
 41 42 54 58 96  1
 41 42 52  11
 41 42 47 81 85  1
 41 42 47 81 83 84  1
 41 42 47 79 80 85  1
 41 42 47 79 80 83 84  1
 41 42 47 58 81  1
 41 42 47 58 79 80  1
 41 42 47 54 85  1
 41 42 47 54 83 84  1
 41 42 47 54 58  1
 37 43 81 85  1
 37 43 81 83 84  1
 37 43 79 80 85  1
 37 43 79 80 83 84  1
 37 43 58 81  1
 37 43 58 79 80  1
 37 43 54 85  1
 37 43 54 83 84  1
 37 43 54 58  1
 37 41 42 81 85  1
 37 41 42 81 83 84  1
 37 41 42 79 80 85  1
 37 41 42 79 80 83 84  1
 37 41 42 58 81  1
 37 41 42 58 79 80  1
 37 41 42 54 85  1
 37 41 42 54 83 84  1
 37 41 42 54 58  1
 16 81 85 106  1
 16 81 85 96  1
 16 81 83 84 106  1
 16 81 83 84 96  1
 16 81 82  9
 16 79  9
 16 79 80 85 106  1
 16 79 80 85 96  1
 16 79 80 83 84 106  1
 16 79 80 83 84 96  1
 16 77 78  9
 16 58 81 106  1
 16 58 81 96  1
 16 58 79 80 106  1
 16 58 79 80 96  1
 16 54 85 106  1
 16 54 85 96  1
 16 54 83 84 106  1
 16 54 83 84 96  1
 16 54 58 106  1
 16 54 58 96  1
 16 52  11
 16 47 81 85  1
 16 47 81 83 84  1
 16 47 79 80 85  1
 16 47 79 80 83 84  1
 16 47 58 81  1
 16 47 58 79 80  1
 16 47 54 85  1
 16 47 54 83 84  1
 16 47 54 58  1
 16 37 81 85  1
 16 37 81 83 84  1
 16 37 79 80 85  1
 16 37 79 80 83 84  1
 16 37 58 81  1
 16 37 58 79 80  1
 16 37 54 85  1
 16 37 54 83 84  1
 16 37 54 58  1
 81 87 124  3
 81 87 123  1
 81 87 97  1
 81 85 86 124  3
 81 85 86 123  1
 81 85 86 97  1
 79 80 87 124  3
 79 80 87 123  1
 79 80 87 97  1
 79 80 85 86 124  3
 79 80 85 86 123  1
 79 80 85 86 97  1
 65 81 87  3
 65 81 85 86  3
 65 79 80 87  3
 65 79 80 85 86  3
 64 81 87  1
 64 81 85 86  1
 64 79 80 87  1
 64 79 80 85 86  1
 60 81 124  3
 60 81 123  1
 60 81 97  1
 60 79 80 124  3
 60 79 80 123  1
 60 79 80 97  1
 60 65 81  3
 60 65 79 80  3
 60 64 81  1
 60 64 79 80  1
 54 87 124  3
 54 87 123  1
 54 87 97  1
 54 85 86 124  3
 54 85 86 123  1
 54 85 86 97  1
 54 79 80 87  1
 54 79 80 85 86  1
 54 65 87  3
 54 65 85 86  3
 54 64 87  1
 54 64 85 86  1
 54 60 124  3
 54 60 123  1
 54 60 97  1
 54 60 79 80  1
 54 60 65  3
 54 60 64  1
 38 81 87  1
 38 81 85 86  1
 38 79 80 87  1
 38 79 80 85 86  1
 38 60 81  1
 38 60 79 80  1
 38 54 87  1
 38 54 85 86  1
 38 54 60  1
 28 81 87  1
 28 81 85 86  1
 28 79 80 87  1
 28 79 80 85 86  1
 28 60 81  1
 28 60 79 80  1
 28 54 87  1
 28 54 85 86  1
 28 54 60  1
 5 81 87  1
 5 81 85 86  1
 5 79 80 87  1
 5 79 80 85 86  1
 5 60 81  1
 5 60 79 80  1
 5 54 87  1
 5 54 85 86  1
 5 54 60  1
 3 4 81 87  1
 3 4 81 85 86  1
 3 4 79 80 87  1
 3 4 79 80 85 86  1
 3 4 60 81  1
 3 4 60 79 80  1
 3 4 54 87  1
 3 4 54 85 86  1
 3 4 54 60  1
 75 81  3
 75 79 80  3
 73 74 81  3
 73 74 79 80  3
 57  13
 54 75  3
 54 73 74  3
 48 81  3
 48 79 80  3
 48 54  3
 43 83  1
 43 56  1
 41 42 83  1
 41 42 56  1
 16 83  1
 16 56  1
 14 57 67 69 75 81  1
 14 57 67 69 75 79 80  1
 14 57 67 69 73 74 81  1
 14 57 67 69 73 74 79 80  1
 14 57 67 68 75 81  1
 14 57 67 68 75 79 80  1
 14 57 67 68 73 74 81  1
 14 57 67 68 73 74 79 80  1
 14 57 65 66 69 75 81  1
 14 57 65 66 69 75 79 80  1
 14 57 65 66 69 73 74 81  1
 14 57 65 66 69 73 74 79 80  1
 14 57 65 66 67 68 75 81  1
 14 57 65 66 67 68 75 79 80  1
 14 57 65 66 67 68 73 74 81  1
 14 57 65 66 67 68 73 74 79 80  1
 14 55 56 67 69 75 81  1
 14 55 56 67 69 75 79 80  1
 14 55 56 67 69 73 74 81  1
 14 55 56 67 69 73 74 79 80  1
 14 55 56 67 68 75 81  1
 14 55 56 67 68 75 79 80  1
 14 55 56 67 68 73 74 81  1
 14 55 56 67 68 73 74 79 80  1
 14 55 56 65 66 69 75 81  1
 14 55 56 65 66 69 75 79 80  1
 14 55 56 65 66 69 73 74 81  1
 14 55 56 65 66 69 73 74 79 80  1
 14 55 56 65 66 67 68 75 81  1
 14 55 56 65 66 67 68 75 79 80  1
 14 55 56 65 66 67 68 73 74 81  1
 14 55 56 65 66 67 68 73 74 79 80  1
 14 54 57 67 69 75  1
 14 54 57 67 69 73 74  1
 14 54 57 67 68 75  1
 14 54 57 67 68 73 74  1
 14 54 57 65 66 69 75  1
 14 54 57 65 66 69 73 74  1
 14 54 57 65 66 67 68 75  1
 14 54 57 65 66 67 68 73 74  1
 14 54 55 56 67 69 75  1
 14 54 55 56 67 69 73 74  1
 14 54 55 56 67 68 75  1
 14 54 55 56 67 68 73 74  1
 14 54 55 56 65 66 69 75  1
 14 54 55 56 65 66 69 73 74  1
 14 54 55 56 65 66 67 68 75  1
 14 54 55 56 65 66 67 68 73 74  1
 14 48 57 67 69 81  1
 14 48 57 67 69 79 80  1
 14 48 57 67 68 81  1
 14 48 57 67 68 79 80  1
 14 48 57 65 66 69 81  1
 14 48 57 65 66 69 79 80  1
 14 48 57 65 66 67 68 81  1
 14 48 57 65 66 67 68 79 80  1
 14 48 55 56 67 69 81  1
 14 48 55 56 67 69 79 80  1
 14 48 55 56 67 68 81  1
 14 48 55 56 67 68 79 80  1
 14 48 55 56 65 66 69 81  1
 14 48 55 56 65 66 69 79 80  1
 14 48 55 56 65 66 67 68 81  1
 14 48 55 56 65 66 67 68 79 80  1
 14 48 54 57 67 69  1
 14 48 54 57 67 68  1
 14 48 54 57 65 66 69  1
 14 48 54 57 65 66 67 68  1
 14 48 54 55 56 67 69  1
 14 48 54 55 56 67 68  1
 14 48 54 55 56 65 66 69  1
 14 48 54 55 56 65 66 67 68  1
 14 42 57 67 75 81  1
 14 42 57 67 75 79 80  1
 14 42 57 67 73 74 81  1
 14 42 57 67 73 74 79 80  1
 14 42 57 65 66 75 81  1
 14 42 57 65 66 75 79 80  1
 14 42 57 65 66 73 74 81  1
 14 42 57 65 66 73 74 79 80  1
 14 42 55 56 67 75 81  1
 14 42 55 56 67 75 79 80  1
 14 42 55 56 67 73 74 81  1
 14 42 55 56 67 73 74 79 80  1
 14 42 55 56 65 66 75 81  1
 14 42 55 56 65 66 75 79 80  1
 14 42 55 56 65 66 73 74 81  1
 14 42 55 56 65 66 73 74 79 80  1
 14 42 54 57 67 75  1
 14 42 54 57 67 73 74  1
 14 42 54 57 65 66 75  1
 14 42 54 57 65 66 73 74  1
 14 42 54 55 56 67 75  1
 14 42 54 55 56 67 73 74  1
 14 42 54 55 56 65 66 75  1
 14 42 54 55 56 65 66 73 74  1
 14 42 48 57 67 81  1
 14 42 48 57 67 79 80  1
 14 42 48 57 65 66 81  1
 14 42 48 57 65 66 79 80  1
 14 42 48 55 56 67 81  1
 14 42 48 55 56 67 79 80  1
 14 42 48 55 56 65 66 81  1
 14 42 48 55 56 65 66 79 80  1
 14 42 48 54 57 67  1
 14 42 48 54 57 65 66  1
 14 42 48 54 55 56 67  1
 14 42 48 54 55 56 65 66  1
 14 40 57 69 75 81  1
 14 40 57 69 75 79 80  1
 14 40 57 69 73 74 81  1
 14 40 57 69 73 74 79 80  1
 14 40 57 67 68 75 81  1
 14 40 57 67 68 75 79 80  1
 14 40 57 67 68 73 74 81  1
 14 40 57 67 68 73 74 79 80  1
 14 40 55 56 69 75 81  1
 14 40 55 56 69 75 79 80  1
 14 40 55 56 69 73 74 81  1
 14 40 55 56 69 73 74 79 80  1
 14 40 55 56 67 68 75 81  1
 14 40 55 56 67 68 75 79 80  1
 14 40 55 56 67 68 73 74 81  1
 14 40 55 56 67 68 73 74 79 80  1
 14 40 54 57 69 75  1
 14 40 54 57 69 73 74  1
 14 40 54 57 67 68 75  1
 14 40 54 57 67 68 73 74  1
 14 40 54 55 56 69 75  1
 14 40 54 55 56 69 73 74  1
 14 40 54 55 56 67 68 75  1
 14 40 54 55 56 67 68 73 74  1
 14 40 48 57 69 81  1
 14 40 48 57 69 79 80  1
 14 40 48 57 67 68 81  1
 14 40 48 57 67 68 79 80  1
 14 40 48 55 56 69 81  1
 14 40 48 55 56 69 79 80  1
 14 40 48 55 56 67 68 81  1
 14 40 48 55 56 67 68 79 80  1
 14 40 48 54 57 69  1
 14 40 48 54 57 67 68  1
 14 40 48 54 55 56 69  1
 14 40 48 54 55 56 67 68  1
 14 40 42 57 75 81  1
 14 40 42 57 75 79 80  1
 14 40 42 57 73 74 81  1
 14 40 42 57 73 74 79 80  1
 14 40 42 55 56 75 81  1
 14 40 42 55 56 75 79 80  1
 14 40 42 55 56 73 74 81  1
 14 40 42 55 56 73 74 79 80  1
 14 40 42 54 57 75  1
 14 40 42 54 57 73 74  1
 14 40 42 54 55 56 75  1
 14 40 42 54 55 56 73 74  1
 14 40 42 48 57 81  1
 14 40 42 48 57 79 80  1
 14 40 42 48 55 56 81  1
 14 40 42 48 55 56 79 80  1
 14 40 42 48 54 57  1
 14 40 42 48 54 55 56  1
 14 30 67 69 75 81  1
 14 30 67 69 75 79 80  1
 14 30 67 69 73 74 81  1
 14 30 67 69 73 74 79 80  1
 14 30 67 68 75 81  1
 14 30 67 68 75 79 80  1
 14 30 67 68 73 74 81  1
 14 30 67 68 73 74 79 80  1
 14 30 65 66 69 75 81  1
 14 30 65 66 69 75 79 80  1
 14 30 65 66 69 73 74 81  1
 14 30 65 66 69 73 74 79 80  1
 14 30 65 66 67 68 75 81  1
 14 30 65 66 67 68 75 79 80  1
 14 30 65 66 67 68 73 74 81  1
 14 30 65 66 67 68 73 74 79 80  1
 14 30 54 67 69 75  1
 14 30 54 67 69 73 74  1
 14 30 54 67 68 75  1
 14 30 54 67 68 73 74  1
 14 30 54 65 66 69 75  1
 14 30 54 65 66 69 73 74  1
 14 30 54 65 66 67 68 75  1
 14 30 54 65 66 67 68 73 74  1
 14 30 48 67 69 81  1
 14 30 48 67 69 79 80  1
 14 30 48 67 68 81  1
 14 30 48 67 68 79 80  1
 14 30 48 65 66 69 81  1
 14 30 48 65 66 69 79 80  1
 14 30 48 65 66 67 68 81  1
 14 30 48 65 66 67 68 79 80  1
 14 30 48 54 67 69  1
 14 30 48 54 67 68  1
 14 30 48 54 65 66 69  1
 14 30 48 54 65 66 67 68  1
 14 30 42 67 75 81  1
 14 30 42 67 75 79 80  1
 14 30 42 67 73 74 81  1
 14 30 42 67 73 74 79 80  1
 14 30 42 65 66 75 81  1
 14 30 42 65 66 75 79 80  1
 14 30 42 65 66 73 74 81  1
 14 30 42 65 66 73 74 79 80  1
 14 30 42 54 67 75  1
 14 30 42 54 67 73 74  1
 14 30 42 54 65 66 75  1
 14 30 42 54 65 66 73 74  1
 14 30 42 48 67 81  1
 14 30 42 48 67 79 80  1
 14 30 42 48 65 66 81  1
 14 30 42 48 65 66 79 80  1
 14 30 42 48 54 67  1
 14 30 42 48 54 65 66  1
 14 30 40 69 75 81  1
 14 30 40 69 75 79 80  1
 14 30 40 69 73 74 81  1
 14 30 40 69 73 74 79 80  1
 14 30 40 67 68 75 81  1
 14 30 40 67 68 75 79 80  1
 14 30 40 67 68 73 74 81  1
 14 30 40 67 68 73 74 79 80  1
 14 30 40 54 69 75  1
 14 30 40 54 69 73 74  1
 14 30 40 54 67 68 75  1
 14 30 40 54 67 68 73 74  1
 14 30 40 48 69 81  1
 14 30 40 48 69 79 80  1
 14 30 40 48 67 68 81  1
 14 30 40 48 67 68 79 80  1
 14 30 40 48 54 69  1
 14 30 40 48 54 67 68  1
 14 30 40 42 75 81  1
 14 30 40 42 75 79 80  1
 14 30 40 42 73 74 81  1
 14 30 40 42 73 74 79 80  1
 14 30 40 42 54 75  1
 14 30 40 42 54 73 74  1
 14 30 40 42 48 81  1
 14 30 40 42 48 79 80  1
 14 30 40 42 48 54  1
 37 43 47 79  3
 37 43 47 77 78  3
 37 43 47 52  3
 37 41 42 47 79  3
 37 41 42 47 77 78  3
 37 41 42 47 52  3
 35 36 43 47 79  3
 35 36 43 47 77 78  3
 35 36 43 47 52  3
 35 36 41 42 47 79  3
 35 36 41 42 47 77 78  3
 35 36 41 42 47 52  3
 16 37 47 79  3
 16 37 47 77 78  3
 16 37 47 52  3
 16 35 36 47 79  3
 16 35 36 47 77 78  3
 16 35 36 47 52  3
 10 43 47 79  3
 10 43 47 77 78  3
 10 43 47 52  3
 10 41 42 47 79  3
 10 41 42 47 77 78  3
 10 41 42 47 52  3
 10 16 47 79  3
 10 16 47 77 78  3
 10 16 47 52  3
 55 67 75 81  1
 55 67 75 79 80  1
 55 67 73 74 81  1
 55 67 73 74 79 80  1
 55 65 66 75 81  1
 55 65 66 75 79 80  1
 55 65 66 73 74 81  1
 55 65 66 73 74 79 80  1
 54 55 67 75  1
 54 55 67 73 74  1
 54 55 65 66 75  1
 54 55 65 66 73 74  1
 53 54 67 75  1
 53 54 67 75 81  1
 53 54 67 75 79 80  1
 53 54 67 73 74  1
 53 54 67 73 74 81  1
 53 54 67 73 74 79 80  1
 53 54 65 66 75  1
 53 54 65 66 75 81  1
 53 54 65 66 75 79 80  1
 53 54 65 66 73 74  1
 53 54 65 66 73 74 81  1
 53 54 65 66 73 74 79 80  1
 48 55 67 81  1
 48 55 67 79 80  1
 48 55 65 66 81  1
 48 55 65 66 79 80  1
 48 54 55 67  1
 48 54 55 65 66  1
 48 53 54 67  1
 48 53 54 67 81  1
 48 53 54 67 79 80  1
 48 53 54 65 66  1
 48 53 54 65 66 81  1
 48 53 54 65 66 79 80  1
 40 55 75 81  1
 40 55 75 79 80  1
 40 55 73 74 81  1
 40 55 73 74 79 80  1
 40 54 55 75  1
 40 54 55 73 74  1
 40 53 54 75  1
 40 53 54 75 81  1
 40 53 54 75 79 80  1
 40 53 54 73 74  1
 40 53 54 73 74 81  1
 40 53 54 73 74 79 80  1
 40 48 55 81  1
 40 48 55 79 80  1
 40 48 54 55  1
 40 48 53 54  1
 40 48 53 54 81  1
 40 48 53 54 79 80  1
 28 67 75 81  1
 28 67 75 79 80  1
 28 67 73 74 81  1
 28 67 73 74 79 80  1
 28 65 66 75 81  1
 28 65 66 75 79 80  1
 28 65 66 73 74 81  1
 28 65 66 73 74 79 80  1
 28 54 67 75  1
 28 54 67 73 74  1
 28 54 65 66 75  1
 28 54 65 66 73 74  1
 28 48 67 81  1
 28 48 67 79 80  1
 28 48 65 66 81  1
 28 48 65 66 79 80  1
 28 48 54 67  1
 28 48 54 65 66  1
 28 40 75 81  1
 28 40 75 79 80  1
 28 40 73 74 81  1
 28 40 73 74 79 80  1
 28 40 54 75  1
 28 40 54 73 74  1
 28 40 48 81  1
 28 40 48 79 80  1
 28 40 48 54  1
 41 57 75 81  1
 41 57 75 79 80  1
 41 57 73 74 81  1
 41 57 73 74 79 80  1
 41 55 56 75 81  1
 41 55 56 75 79 80  1
 41 55 56 73 74 81  1
 41 55 56 73 74 79 80  1
 41 54 57 75  1
 41 54 57 73 74  1
 41 54 55 56 75  1
 41 54 55 56 73 74  1
 41 48 57 81  1
 41 48 57 79 80  1
 41 48 55 56 81  1
 41 48 55 56 79 80  1
 41 48 54 57  1
 41 48 54 55 56  1
 39 40 57 75 81  1
 39 40 57 75 79 80  1
 39 40 57 73 74 81  1
 39 40 57 73 74 79 80  1
 39 40 55 56 75 81  1
 39 40 55 56 75 79 80  1
 39 40 55 56 73 74 81  1
 39 40 55 56 73 74 79 80  1
 39 40 54 57 75  1
 39 40 54 57 73 74  1
 39 40 54 55 56 75  1
 39 40 54 55 56 73 74  1
 39 40 48 57 81  1
 39 40 48 57 79 80  1
 39 40 48 55 56 81  1
 39 40 48 55 56 79 80  1
 39 40 48 54 57  1
 39 40 48 54 55 56  1
 30 41 75 81  1
 30 41 75 79 80  1
 30 41 73 74 81  1
 30 41 73 74 79 80  1
 30 41 54 75  1
 30 41 54 73 74  1
 30 41 48 81  1
 30 41 48 79 80  1
 30 41 48 54  1
 30 39 40 75 81  1
 30 39 40 75 79 80  1
 30 39 40 73 74 81  1
 30 39 40 73 74 79 80  1
 30 39 40 54 75  1
 30 39 40 54 73 74  1
 30 39 40 48 81  1
 30 39 40 48 79 80  1
 30 39 40 48 54  1
 14 57 75 81  1
 14 57 75 79 80  1
 14 57 73 74 81  1
 14 57 73 74 79 80  1
 14 55 56 75 81  1
 14 55 56 75 79 80  1
 14 55 56 73 74 81  1
 14 55 56 73 74 79 80  1
 14 54 57 75  1
 14 54 57 73 74  1
 14 54 55 56 75  1
 14 54 55 56 73 74  1
 14 48 57 81  1
 14 48 57 79 80  1
 14 48 55 56 81  1
 14 48 55 56 79 80  1
 14 48 54 57  1
 14 48 54 55 56  1
 14 30 75 81  1
 14 30 75 79 80  1
 14 30 73 74 81  1
 14 30 73 74 79 80  1
 14 30 54 75  1
 14 30 54 73 74  1
 14 30 48 81  1
 14 30 48 79 80  1
 14 30 48 54  1
 41 57 67 69 75 81  1
 41 57 67 69 75 79 80  1
 41 57 67 69 73 74 81  1
 41 57 67 69 73 74 79 80  1
 41 57 67 68 75 81  1
 41 57 67 68 75 79 80  1
 41 57 67 68 73 74 81  1
 41 57 67 68 73 74 79 80  1
 41 57 65 66 69 75 81  1
 41 57 65 66 69 75 79 80  1
 41 57 65 66 69 73 74 81  1
 41 57 65 66 69 73 74 79 80  1
 41 57 65 66 67 68 75 81  1
 41 57 65 66 67 68 75 79 80  1
 41 57 65 66 67 68 73 74 81  1
 41 57 65 66 67 68 73 74 79 80  1
 41 55 56 67 69 75 81  1
 41 55 56 67 69 75 79 80  1
 41 55 56 67 69 73 74 81  1
 41 55 56 67 69 73 74 79 80  1
 41 55 56 67 68 75 81  1
 41 55 56 67 68 75 79 80  1
 41 55 56 67 68 73 74 81  1
 41 55 56 67 68 73 74 79 80  1
 41 55 56 65 66 69 75 81  1
 41 55 56 65 66 69 75 79 80  1
 41 55 56 65 66 69 73 74 81  1
 41 55 56 65 66 69 73 74 79 80  1
 41 55 56 65 66 67 68 75 81  1
 41 55 56 65 66 67 68 75 79 80  1
 41 55 56 65 66 67 68 73 74 81  1
 41 55 56 65 66 67 68 73 74 79 80  1
 41 54 57 67 69 75  1
 41 54 57 67 69 73 74  1
 41 54 57 67 68 75  1
 41 54 57 67 68 73 74  1
 41 54 57 65 66 69 75  1
 41 54 57 65 66 69 73 74  1
 41 54 57 65 66 67 68 75  1
 41 54 57 65 66 67 68 73 74  1
 41 54 55 56 67 69 75  1
 41 54 55 56 67 69 73 74  1
 41 54 55 56 67 68 75  1
 41 54 55 56 67 68 73 74  1
 41 54 55 56 65 66 69 75  1
 41 54 55 56 65 66 69 73 74  1
 41 54 55 56 65 66 67 68 75  1
 41 54 55 56 65 66 67 68 73 74  1
 41 48 57 67 69 81  1
 41 48 57 67 69 79 80  1
 41 48 57 67 68 81  1
 41 48 57 67 68 79 80  1
 41 48 57 65 66 69 81  1
 41 48 57 65 66 69 79 80  1
 41 48 57 65 66 67 68 81  1
 41 48 57 65 66 67 68 79 80  1
 41 48 55 56 67 69 81  1
 41 48 55 56 67 69 79 80  1
 41 48 55 56 67 68 81  1
 41 48 55 56 67 68 79 80  1
 41 48 55 56 65 66 69 81  1
 41 48 55 56 65 66 69 79 80  1
 41 48 55 56 65 66 67 68 81  1
 41 48 55 56 65 66 67 68 79 80  1
 41 48 54 57 67 69  1
 41 48 54 57 67 68  1
 41 48 54 57 65 66 69  1
 41 48 54 57 65 66 67 68  1
 41 48 54 55 56 67 69  1
 41 48 54 55 56 67 68  1
 41 48 54 55 56 65 66 69  1
 41 48 54 55 56 65 66 67 68  1
 41 42 57 67 75 81  1
 41 42 57 67 75 79 80  1
 41 42 57 67 73 74 81  1
 41 42 57 67 73 74 79 80  1
 41 42 57 65 66 75 81  1
 41 42 57 65 66 75 79 80  1
 41 42 57 65 66 73 74 81  1
 41 42 57 65 66 73 74 79 80  1
 41 42 55 56 67 75 81  1
 41 42 55 56 67 75 79 80  1
 41 42 55 56 67 73 74 81  1
 41 42 55 56 67 73 74 79 80  1
 41 42 55 56 65 66 75 81  1
 41 42 55 56 65 66 75 79 80  1
 41 42 55 56 65 66 73 74 81  1
 41 42 55 56 65 66 73 74 79 80  1
 41 42 54 57 67 75  1
 41 42 54 57 67 73 74  1
 41 42 54 57 65 66 75  1
 41 42 54 57 65 66 73 74  1
 41 42 54 55 56 67 75  1
 41 42 54 55 56 67 73 74  1
 41 42 54 55 56 65 66 75  1
 41 42 54 55 56 65 66 73 74  1
 41 42 48 57 67 81  1
 41 42 48 57 67 79 80  1
 41 42 48 57 65 66 81  1
 41 42 48 57 65 66 79 80  1
 41 42 48 55 56 67 81  1
 41 42 48 55 56 67 79 80  1
 41 42 48 55 56 65 66 81  1
 41 42 48 55 56 65 66 79 80  1
 41 42 48 54 57 67  1
 41 42 48 54 57 65 66  1
 41 42 48 54 55 56 67  1
 41 42 48 54 55 56 65 66  1
 40 41 57 69 75 81  1
 40 41 57 69 75 79 80  1
 40 41 57 69 73 74 81  1
 40 41 57 69 73 74 79 80  1
 40 41 57 67 68 75 81  1
 40 41 57 67 68 75 79 80  1
 40 41 57 67 68 73 74 81  1
 40 41 57 67 68 73 74 79 80  1
 40 41 55 56 69 75 81  1
 40 41 55 56 69 75 79 80  1
 40 41 55 56 69 73 74 81  1
 40 41 55 56 69 73 74 79 80  1
 40 41 55 56 67 68 75 81  1
 40 41 55 56 67 68 75 79 80  1
 40 41 55 56 67 68 73 74 81  1
 40 41 55 56 67 68 73 74 79 80  1
 40 41 54 57 69 75  1
 40 41 54 57 69 73 74  1
 40 41 54 57 67 68 75  1
 40 41 54 57 67 68 73 74  1
 40 41 54 55 56 69 75  1
 40 41 54 55 56 69 73 74  1
 40 41 54 55 56 67 68 75  1
 40 41 54 55 56 67 68 73 74  1
 40 41 48 57 69 81  1
 40 41 48 57 69 79 80  1
 40 41 48 57 67 68 81  1
 40 41 48 57 67 68 79 80  1
 40 41 48 55 56 69 81  1
 40 41 48 55 56 69 79 80  1
 40 41 48 55 56 67 68 81  1
 40 41 48 55 56 67 68 79 80  1
 40 41 48 54 57 69  1
 40 41 48 54 57 67 68  1
 40 41 48 54 55 56 69  1
 40 41 48 54 55 56 67 68  1
 40 41 42 57 75 81  1
 40 41 42 57 75 79 80  1
 40 41 42 57 73 74 81  1
 40 41 42 57 73 74 79 80  1
 40 41 42 55 56 75 81  1
 40 41 42 55 56 75 79 80  1
 40 41 42 55 56 73 74 81  1
 40 41 42 55 56 73 74 79 80  1
 40 41 42 54 57 75  1
 40 41 42 54 57 73 74  1
 40 41 42 54 55 56 75  1
 40 41 42 54 55 56 73 74  1
 40 41 42 48 57 81  1
 40 41 42 48 57 79 80  1
 40 41 42 48 55 56 81  1
 40 41 42 48 55 56 79 80  1
 40 41 42 48 54 57  1
 40 41 42 48 54 55 56  1
 30 41 67 69 75 81  1
 30 41 67 69 75 79 80  1
 30 41 67 69 73 74 81  1
 30 41 67 69 73 74 79 80  1
 30 41 67 68 75 81  1
 30 41 67 68 75 79 80  1
 30 41 67 68 73 74 81  1
 30 41 67 68 73 74 79 80  1
 30 41 65 66 69 75 81  1
 30 41 65 66 69 75 79 80  1
 30 41 65 66 69 73 74 81  1
 30 41 65 66 69 73 74 79 80  1
 30 41 65 66 67 68 75 81  1
 30 41 65 66 67 68 75 79 80  1
 30 41 65 66 67 68 73 74 81  1
 30 41 65 66 67 68 73 74 79 80  1
 30 41 54 67 69 75  1
 30 41 54 67 69 73 74  1
 30 41 54 67 68 75  1
 30 41 54 67 68 73 74  1
 30 41 54 65 66 69 75  1
 30 41 54 65 66 69 73 74  1
 30 41 54 65 66 67 68 75  1
 30 41 54 65 66 67 68 73 74  1
 30 41 48 67 69 81  1
 30 41 48 67 69 79 80  1
 30 41 48 67 68 81  1
 30 41 48 67 68 79 80  1
 30 41 48 65 66 69 81  1
 30 41 48 65 66 69 79 80  1
 30 41 48 65 66 67 68 81  1
 30 41 48 65 66 67 68 79 80  1
 30 41 48 54 67 69  1
 30 41 48 54 67 68  1
 30 41 48 54 65 66 69  1
 30 41 48 54 65 66 67 68  1
 30 41 42 67 75 81  1
 30 41 42 67 75 79 80  1
 30 41 42 67 73 74 81  1
 30 41 42 67 73 74 79 80  1
 30 41 42 65 66 75 81  1
 30 41 42 65 66 75 79 80  1
 30 41 42 65 66 73 74 81  1
 30 41 42 65 66 73 74 79 80  1
 30 41 42 54 67 75  1
 30 41 42 54 67 73 74  1
 30 41 42 54 65 66 75  1
 30 41 42 54 65 66 73 74  1
 30 41 42 48 67 81  1
 30 41 42 48 67 79 80  1
 30 41 42 48 65 66 81  1
 30 41 42 48 65 66 79 80  1
 30 41 42 48 54 67  1
 30 41 42 48 54 65 66  1
 30 40 41 69 75 81  1
 30 40 41 69 75 79 80  1
 30 40 41 69 73 74 81  1
 30 40 41 69 73 74 79 80  1
 30 40 41 67 68 75 81  1
 30 40 41 67 68 75 79 80  1
 30 40 41 67 68 73 74 81  1
 30 40 41 67 68 73 74 79 80  1
 30 40 41 54 69 75  1
 30 40 41 54 69 73 74  1
 30 40 41 54 67 68 75  1
 30 40 41 54 67 68 73 74  1
 30 40 41 48 69 81  1
 30 40 41 48 69 79 80  1
 30 40 41 48 67 68 81  1
 30 40 41 48 67 68 79 80  1
 30 40 41 48 54 69  1
 30 40 41 48 54 67 68  1
 30 40 41 42 75 81  1
 30 40 41 42 75 79 80  1
 30 40 41 42 73 74 81  1
 30 40 41 42 73 74 79 80  1
 30 40 41 42 54 75  1
 30 40 41 42 54 73 74  1
 30 40 41 42 48 81  1
 30 40 41 42 48 79 80  1
 30 40 41 42 48 54  1
 81 103  1
 81 87 104  1
 81 87 94  1
 81 85 86 104  1
 81 85 86 94  1
 79 80 103  1
 79 80 87 104  1
 79 80 87 94  1
 79 80 85 86 104  1
 79 80 85 86 94  1
 73 81 87  1
 73 81 85 86  1
 73 79 80 87  1
 73 79 80 85 86  1
 72 81 87  1
 72 81 85 86  1
 72 79 80 87  1
 72 79 80 85 86  1
 71 81  1
 71 79 80  1
 71 72 81 87  1
 71 72 81 85 86  1
 71 72 79 80 87  1
 71 72 79 80 85 86  1
 70 71 81 87  1
 70 71 81 85 86  1
 70 71 79 80 87  1
 70 71 79 80 85 86  1
 69 70 81  1
 69 70 79 80  1
 60 81 104  1
 60 81 94  1
 60 79 80 104  1
 60 79 80 94  1
 60 73 81  1
 60 73 79 80  1
 60 72 81  1
 60 72 79 80  1
 60 71 72 81  1
 60 71 72 79 80  1
 60 70 71 81  1
 60 70 71 79 80  1
 55 67 81  1
 55 67 79 80  1
 55 65 66 81  1
 55 65 66 79 80  1
 55 56 81 87  3
 55 56 81 85 86  3
 55 56 79 80 87  3
 55 56 79 80 85 86  3
 55 56 60 81  3
 55 56 60 79 80  3
 54 103  1
 54 87 104  1
 54 87 94  1
 54 85 86 104  1
 54 85 86 94  1
 54 73 87  1
 54 73 85 86  1
 54 72 87  1
 54 72 85 86  1
 54 71  1
 54 71 72 87  1
 54 71 72 85 86  1
 54 70 71 87  1
 54 70 71 85 86  1
 54 69 70  1
 54 60 104  1
 54 60 94  1
 54 60 73  1
 54 60 72  1
 54 60 71 72  1
 54 60 70 71  1
 54 55 67  1
 54 55 65 66  1
 54 55 57 87  1
 54 55 57 85 86  1
 54 55 57 81 87  1
 54 55 57 81 85 86  1
 54 55 57 79 80 87  1
 54 55 57 79 80 85 86  1
 54 55 57 60  1
 54 55 57 60 81  1
 54 55 57 60 79 80  1
 54 55 56 81 87  1
 54 55 56 81 85 86  1
 54 55 56 79 80 87  1
 54 55 56 79 80 85 86  1
 54 55 56 60 81  1
 54 55 56 60 79 80  1
 53 54 67 81  1
 53 54 67 79 80  1
 53 54 65 66 81  1
 53 54 65 66 79 80  1
 40 55 81  1
 40 55 79 80  1
 40 54 55  1
 40 53 54 81  1
 40 53 54 79 80  1
 35 81 87  1
 35 81 85 86  1
 35 79 80 87  1
 35 79 80 85 86  1
 35 60 81  1
 35 60 79 80  1
 35 54 87  1
 35 54 85 86  1
 35 54 60  1
 34 81  1
 34 79 80  1
 34 54  1
 30 56 81 87  1
 30 56 81 85 86  1
 30 56 79 80 87  1
 30 56 79 80 85 86  1
 30 56 60 81  1
 30 56 60 79 80  1
 30 54 56 87  1
 30 54 56 85 86  1
 30 54 56 60  1
 30 54 55 87  1
 30 54 55 85 86  1
 30 54 55 81 87  1
 30 54 55 81 85 86  1
 30 54 55 79 80 87  1
 30 54 55 79 80 85 86  1
 30 54 55 60  1
 30 54 55 60 81  1
 30 54 55 60 79 80  1
 29 57 81 87  1
 29 57 81 85 86  1
 29 57 79 80 87  1
 29 57 79 80 85 86  1
 29 57 60 81  1
 29 57 60 79 80  1
 29 55 56 81 87  1
 29 55 56 81 85 86  1
 29 55 56 79 80 87  1
 29 55 56 79 80 85 86  1
 29 55 56 60 81  1
 29 55 56 60 79 80  1
 29 54 57 87  1
 29 54 57 85 86  1
 29 54 57 60  1
 29 54 55 56 87  1
 29 54 55 56 85 86  1
 29 54 55 56 60  1
 29 30 81 87  1
 29 30 81 85 86  1
 29 30 79 80 87  1
 29 30 79 80 85 86  1
 29 30 60 81  1
 29 30 60 79 80  1
 29 30 54 87  1
 29 30 54 85 86  1
 29 30 54 60  1
 28 67 81  1
 28 67 79 80  1
 28 65 66 81  1
 28 65 66 79 80  1
 28 54 67  1
 28 54 65 66  1
 28 40 81  1
 28 40 79 80  1
 28 40 54  1
 22 81 87  1
 22 81 85 86  1
 22 79 80 87  1
 22 79 80 85 86  1
 22 60 81  1
 22 60 79 80  1
 22 54 87  1
 22 54 85 86  1
 22 54 60  1
 55 67 81 83  5
 55 67 81 82  5
 55 67 79 80 83  5
 55 67 79 80 81 82  5
 55 65 66 81 83  5
 55 65 66 81 82  5
 55 65 66 79 80 83  5
 55 65 66 79 80 81 82  5
 54 55 67 83  5
 54 55 67 81 82  5
 54 55 65 66 83  5
 54 55 65 66 81 82  5
 53 54 67 83  5
 53 54 67 81 83  5
 53 54 67 79 80 83  5
 53 54 67 79 80 81 82  5
 53 54 65 66 83  5
 53 54 65 66 81 83  5
 53 54 65 66 79 80 83  5
 53 54 65 66 79 80 81 82  5
 53 54 56 67  5
 53 54 56 67 81  5
 53 54 56 67 79 80  5
 53 54 56 65 66  5
 53 54 56 65 66 81  5
 53 54 56 65 66 79 80  5
 40 55 81 83  5
 40 55 81 82  5
 40 55 79 80 83  5
 40 55 79 80 81 82  5
 40 54 55 83  5
 40 54 55 81 82  5
 40 53 54 83  5
 40 53 54 81 83  5
 40 53 54 79 80 83  5
 40 53 54 79 80 81 82  5
 40 53 54 56  5
 40 53 54 56 81  5
 40 53 54 56 79 80  5
 28 67 81 83  5
 28 67 81 82  5
 28 67 79 80 83  5
 28 67 79 80 81 82  5
 28 65 66 81 83  5
 28 65 66 81 82  5
 28 65 66 79 80 83  5
 28 65 66 79 80 81 82  5
 28 56 67 81  5
 28 56 67 79 80  5
 28 56 65 66 81  5
 28 56 65 66 79 80  5
 28 54 67 83  5
 28 54 67 81 82  5
 28 54 65 66 83  5
 28 54 65 66 81 82  5
 28 54 56 67  5
 28 54 56 65 66  5
 28 40 81 83  5
 28 40 81 82  5
 28 40 79 80 83  5
 28 40 79 80 81 82  5
 28 40 56 81  5
 28 40 56 79 80  5
 28 40 54 83  5
 28 40 54 81 82  5
 28 40 54 56  5
 67 81 102  1
 67 79 102  1
 67 79 80 102  1
 67 77 78 102  1
 65 66 81 102  1
 65 66 79 102  1
 65 66 79 80 102  1
 65 66 77 78 102  1
 54 67 102  1
 54 65 66 102  1
 52 67 102  1
 52 65 66 102  1
 43 67 79  1
 43 67 77 78  1
 43 65 66 79  1
 43 65 66 77 78  1
 43 52 67  1
 43 52 65 66  1
 40 81 102  1
 40 79 102  1
 40 79 80 102  1
 40 77 78 102  1
 40 54 102  1
 40 52 102  1
 40 43 79  1
 40 43 77 78  1
 40 43 52  1
 33 67 81  1
 33 67 79  1
 33 67 79 80  1
 33 67 77 78  1
 33 65 66 81  1
 33 65 66 79  1
 33 65 66 79 80  1
 33 65 66 77 78  1
 33 54 67  1
 33 54 65 66  1
 33 52 67  1
 33 52 65 66  1
 33 40 81  1
 33 40 79  1
 33 40 79 80  1
 33 40 77 78  1
 33 40 54  1
 33 40 52  1
 69 85  1
 69 83 84  1
 67 68 85  1
 67 68 83 84  1
 58 69  1
 58 67 68  1
 42 85  1
 42 83 84  1
 42 58  1
 116  1
 115  1
 108  7
 57 85  1
 57 83 84  1
 57 58  1
 55 56 85  1
 55 56 83 84  1
 55 56 58  1
 49  7
 47  1
 46  1
 30 85  1
 30 83 84  1
 30 58  1
 12  1
 7  7
 5 6  7
 2  1
 43 81 87 106  1
 43 81 87 96  1
 43 81 85 86 106  1
 43 81 85 86 96  1
 43 79 80 87 106  1
 43 79 80 87 96  1
 43 79 80 85 86 106  1
 43 79 80 85 86 96  1
 43 75  1
 43 75 81 114  1
 43 75 81 106  1
 43 75 81 96  1
 43 75 79 80 114  1
 43 75 79 80 106  1
 43 75 79 80 96  1
 43 73 74  1
 43 73 74 81 114  1
 43 73 74 81 106  1
 43 73 74 81 96  1
 43 73 74 79 80 114  1
 43 73 74 79 80 106  1
 43 73 74 79 80 96  1
 43 60 81 106  1
 43 60 81 96  1
 43 60 79 80 106  1
 43 60 79 80 96  1
 43 55 75 81  1
 43 55 75 79 80  1
 43 55 73 74 81  1
 43 55 73 74 79 80  1
 43 54 87 106  1
 43 54 87 96  1
 43 54 85 86 106  1
 43 54 85 86 96  1
 43 54 75 114  1
 43 54 75 106  1
 43 54 75 96  1
 43 54 73 74 114  1
 43 54 73 74 106  1
 43 54 73 74 96  1
 43 54 60 106  1
 43 54 60 96  1
 43 54 55 75  1
 43 54 55 73 74  1
 43 48  1
 43 48 81 114  1
 43 48 81 106  1
 43 48 81 96  1
 43 48 79 80 114  1
 43 48 79 80 106  1
 43 48 79 80 96  1
 43 48 55 81  1
 43 48 55 79 80  1
 43 48 54 114  1
 43 48 54 106  1
 43 48 54 96  1
 43 48 54 55  1
 43 47 81 87  1
 43 47 81 85 86  1
 43 47 79 80 87  1
 43 47 79 80 85 86  1
 43 47 75 81  3
 43 47 75 79 80  3
 43 47 73 74 81  3
 43 47 73 74 79 80  3
 43 47 60 81  1
 43 47 60 79 80  1
 43 47 54 87  1
 43 47 54 85 86  1
 43 47 54 75  3
 43 47 54 73 74  3
 43 47 54 60  1
 43 47 48 81  3
 43 47 48 79 80  3
 43 47 48 54  3
 43 45 75 81  1
 43 45 75 79 80  1
 43 45 73 74 81  1
 43 45 73 74 79 80  1
 43 45 54 75  1
 43 45 54 73 74  1
 43 45 48 81  1
 43 45 48 79 80  1
 43 45 48 54  1
 41 42 81 87 106  1
 41 42 81 87 96  1
 41 42 81 85 86 106  1
 41 42 81 85 86 96  1
 41 42 79 80 87 106  1
 41 42 79 80 87 96  1
 41 42 79 80 85 86 106  1
 41 42 79 80 85 86 96  1
 41 42 75  1
 41 42 75 81 114  1
 41 42 75 81 106  1
 41 42 75 81 96  1
 41 42 75 79 80 114  1
 41 42 75 79 80 106  1
 41 42 75 79 80 96  1
 41 42 73 74  1
 41 42 73 74 81 114  1
 41 42 73 74 81 106  1
 41 42 73 74 81 96  1
 41 42 73 74 79 80 114  1
 41 42 73 74 79 80 106  1
 41 42 73 74 79 80 96  1
 41 42 60 81 106  1
 41 42 60 81 96  1
 41 42 60 79 80 106  1
 41 42 60 79 80 96  1
 41 42 55 75 81  1
 41 42 55 75 79 80  1
 41 42 55 73 74 81  1
 41 42 55 73 74 79 80  1
 41 42 54 87 106  1
 41 42 54 87 96  1
 41 42 54 85 86 106  1
 41 42 54 85 86 96  1
 41 42 54 75 114  1
 41 42 54 75 106  1
 41 42 54 75 96  1
 41 42 54 73 74 114  1
 41 42 54 73 74 106  1
 41 42 54 73 74 96  1
 41 42 54 60 106  1
 41 42 54 60 96  1
 41 42 54 55 75  1
 41 42 54 55 73 74  1
 41 42 48  1
 41 42 48 81 114  1
 41 42 48 81 106  1
 41 42 48 81 96  1
 41 42 48 79 80 114  1
 41 42 48 79 80 106  1
 41 42 48 79 80 96  1
 41 42 48 55 81  1
 41 42 48 55 79 80  1
 41 42 48 54 114  1
 41 42 48 54 106  1
 41 42 48 54 96  1
 41 42 48 54 55  1
 41 42 47 81 87  1
 41 42 47 81 85 86  1
 41 42 47 79 80 87  1
 41 42 47 79 80 85 86  1
 41 42 47 75 81  3
 41 42 47 75 79 80  3
 41 42 47 73 74 81  3
 41 42 47 73 74 79 80  3
 41 42 47 60 81  1
 41 42 47 60 79 80  1
 41 42 47 54 87  1
 41 42 47 54 85 86  1
 41 42 47 54 75  3
 41 42 47 54 73 74  3
 41 42 47 54 60  1
 41 42 47 48 81  3
 41 42 47 48 79 80  3
 41 42 47 48 54  3
 41 42 45 75 81  1
 41 42 45 75 79 80  1
 41 42 45 73 74 81  1
 41 42 45 73 74 79 80  1
 41 42 45 54 75  1
 41 42 45 54 73 74  1
 41 42 45 48 81  1
 41 42 45 48 79 80  1
 41 42 45 48 54  1
 37 43 81 87  1
 37 43 81 85 86  1
 37 43 79 80 87  1
 37 43 79 80 85 86  1
 37 43 75 81  1
 37 43 75 79 80  1
 37 43 73 74 81  1
 37 43 73 74 79 80  1
 37 43 60 81  1
 37 43 60 79 80  1
 37 43 54 87  1
 37 43 54 85 86  1
 37 43 54 75  1
 37 43 54 73 74  1
 37 43 54 60  1
 37 43 48 81  1
 37 43 48 79 80  1
 37 43 48 54  1
 37 41 42 81 87  1
 37 41 42 81 85 86  1
 37 41 42 79 80 87  1
 37 41 42 79 80 85 86  1
 37 41 42 75 81  1
 37 41 42 75 79 80  1
 37 41 42 73 74 81  1
 37 41 42 73 74 79 80  1
 37 41 42 60 81  1
 37 41 42 60 79 80  1
 37 41 42 54 87  1
 37 41 42 54 85 86  1
 37 41 42 54 75  1
 37 41 42 54 73 74  1
 37 41 42 54 60  1
 37 41 42 48 81  1
 37 41 42 48 79 80  1
 37 41 42 48 54  1
 31 87  1
 31 85 86  1
 31 60  1
 29 30 87  1
 29 30 85 86  1
 29 30 60  1
 16 81 87 106  1
 16 81 87 96  1
 16 81 85 86 106  1
 16 81 85 86 96  1
 16 79 80 87 106  1
 16 79 80 87 96  1
 16 79 80 85 86 106  1
 16 79 80 85 86 96  1
 16 75  1
 16 75 81 114  1
 16 75 81 106  1
 16 75 81 96  1
 16 75 79 80 114  1
 16 75 79 80 106  1
 16 75 79 80 96  1
 16 73 74  1
 16 73 74 81 114  1
 16 73 74 81 106  1
 16 73 74 81 96  1
 16 73 74 79 80 114  1
 16 73 74 79 80 106  1
 16 73 74 79 80 96  1
 16 60 81 106  1
 16 60 81 96  1
 16 60 79 80 106  1
 16 60 79 80 96  1
 16 55 75 81  1
 16 55 75 79 80  1
 16 55 73 74 81  1
 16 55 73 74 79 80  1
 16 54 87 106  1
 16 54 87 96  1
 16 54 85 86 106  1
 16 54 85 86 96  1
 16 54 75 114  1
 16 54 75 106  1
 16 54 75 96  1
 16 54 73 74 114  1
 16 54 73 74 106  1
 16 54 73 74 96  1
 16 54 60 106  1
 16 54 60 96  1
 16 54 55 75  1
 16 54 55 73 74  1
 16 48  1
 16 48 81 114  1
 16 48 81 106  1
 16 48 81 96  1
 16 48 79 80 114  1
 16 48 79 80 106  1
 16 48 79 80 96  1
 16 48 55 81  1
 16 48 55 79 80  1
 16 48 54 114  1
 16 48 54 106  1
 16 48 54 96  1
 16 48 54 55  1
 16 47 81 87  1
 16 47 81 85 86  1
 16 47 79 80 87  1
 16 47 79 80 85 86  1
 16 47 75 81  3
 16 47 75 79 80  3
 16 47 73 74 81  3
 16 47 73 74 79 80  3
 16 47 60 81  1
 16 47 60 79 80  1
 16 47 54 87  1
 16 47 54 85 86  1
 16 47 54 75  3
 16 47 54 73 74  3
 16 47 54 60  1
 16 47 48 81  3
 16 47 48 79 80  3
 16 47 48 54  3
 16 45 75 81  1
 16 45 75 79 80  1
 16 45 73 74 81  1
 16 45 73 74 79 80  1
 16 45 54 75  1
 16 45 54 73 74  1
 16 45 48 81  1
 16 45 48 79 80  1
 16 45 48 54  1
 16 37 81 87  1
 16 37 81 85 86  1
 16 37 79 80 87  1
 16 37 79 80 85 86  1
 16 37 75 81  1
 16 37 75 79 80  1
 16 37 73 74 81  1
 16 37 73 74 79 80  1
 16 37 60 81  1
 16 37 60 79 80  1
 16 37 54 87  1
 16 37 54 85 86  1
 16 37 54 75  1
 16 37 54 73 74  1
 16 37 54 60  1
 16 37 48 81  1
 16 37 48 79 80  1
 16 37 48 54  1
 4 87  1
 4 85 86  1
 4 60  1
 41 42 88  3
 41 42 86 87  3
 41 42 61  3
 37 43  3
 37 43 79 87 88  3
 37 43 79 86 87  1
 37 43 79 85 86 88  1
 37 43 79 85 86 87  1
 37 43 77 78 87 88  3
 37 43 77 78 86 87  1
 37 43 77 78 85 86 88  1
 37 43 77 78 85 86 87  1
 37 43 74 79  1
 37 43 74 77 78  1
 37 43 72 73 79  1
 37 43 72 73 77 78  1
 37 43 61 79 87  1
 37 43 61 79 85 86  1
 37 43 61 77 78 87  1
 37 43 61 77 78 85 86  1
 37 43 60 79 88  1
 37 43 60 79 86 87  1
 37 43 60 77 78 88  1
 37 43 60 77 78 86 87  1
 37 43 60 61 79  1
 37 43 60 61 77 78  1
 37 43 52 87 88  3
 37 43 52 86 87  1
 37 43 52 85 86 88  1
 37 43 52 85 86 87  1
 37 43 52 74  1
 37 43 52 72 73  1
 37 43 52 61 87  1
 37 43 52 61 85 86  1
 37 43 52 60 88  1
 37 43 52 60 86 87  1
 37 43 52 60 61  1
 37 41 42  3
 37 41 42 79 87 88  3
 37 41 42 79 86 87  1
 37 41 42 79 85 86 88  1
 37 41 42 79 85 86 87  1
 37 41 42 77 78 87 88  3
 37 41 42 77 78 86 87  1
 37 41 42 77 78 85 86 88  1
 37 41 42 77 78 85 86 87  1
 37 41 42 74 79  1
 37 41 42 74 77 78  1
 37 41 42 72 73 79  1
 37 41 42 72 73 77 78  1
 37 41 42 61 79 87  1
 37 41 42 61 79 85 86  1
 37 41 42 61 77 78 87  1
 37 41 42 61 77 78 85 86  1
 37 41 42 60 79 88  1
 37 41 42 60 79 86 87  1
 37 41 42 60 77 78 88  1
 37 41 42 60 77 78 86 87  1
 37 41 42 60 61 79  1
 37 41 42 60 61 77 78  1
 37 41 42 52 87 88  3
 37 41 42 52 86 87  1
 37 41 42 52 85 86 88  1
 37 41 42 52 85 86 87  1
 37 41 42 52 74  1
 37 41 42 52 72 73  1
 37 41 42 52 61 87  1
 37 41 42 52 61 85 86  1
 37 41 42 52 60 88  1
 37 41 42 52 60 86 87  1
 37 41 42 52 60 61  1
 35 36 43  3
 35 36 43 79 87 88  3
 35 36 43 79 86 87  1
 35 36 43 79 85 86 88  1
 35 36 43 79 85 86 87  1
 35 36 43 77 78 87 88  3
 35 36 43 77 78 86 87  1
 35 36 43 77 78 85 86 88  1
 35 36 43 77 78 85 86 87  1
 35 36 43 74 79  1
 35 36 43 74 77 78  1
 35 36 43 72 73 79  1
 35 36 43 72 73 77 78  1
 35 36 43 61 79 87  1
 35 36 43 61 79 85 86  1
 35 36 43 61 77 78 87  1
 35 36 43 61 77 78 85 86  1
 35 36 43 60 79 88  1
 35 36 43 60 79 86 87  1
 35 36 43 60 77 78 88  1
 35 36 43 60 77 78 86 87  1
 35 36 43 60 61 79  1
 35 36 43 60 61 77 78  1
 35 36 43 52 87 88  3
 35 36 43 52 86 87  1
 35 36 43 52 85 86 88  1
 35 36 43 52 85 86 87  1
 35 36 43 52 74  1
 35 36 43 52 72 73  1
 35 36 43 52 61 87  1
 35 36 43 52 61 85 86  1
 35 36 43 52 60 88  1
 35 36 43 52 60 86 87  1
 35 36 43 52 60 61  1
 35 36 41 42  3
 35 36 41 42 79 87 88  3
 35 36 41 42 79 86 87  1
 35 36 41 42 79 85 86 88  1
 35 36 41 42 79 85 86 87  1
 35 36 41 42 77 78 87 88  3
 35 36 41 42 77 78 86 87  1
 35 36 41 42 77 78 85 86 88  1
 35 36 41 42 77 78 85 86 87  1
 35 36 41 42 74 79  1
 35 36 41 42 74 77 78  1
 35 36 41 42 72 73 79  1
 35 36 41 42 72 73 77 78  1
 35 36 41 42 61 79 87  1
 35 36 41 42 61 79 85 86  1
 35 36 41 42 61 77 78 87  1
 35 36 41 42 61 77 78 85 86  1
 35 36 41 42 60 79 88  1
 35 36 41 42 60 79 86 87  1
 35 36 41 42 60 77 78 88  1
 35 36 41 42 60 77 78 86 87  1
 35 36 41 42 60 61 79  1
 35 36 41 42 60 61 77 78  1
 35 36 41 42 52 87 88  3
 35 36 41 42 52 86 87  1
 35 36 41 42 52 85 86 88  1
 35 36 41 42 52 85 86 87  1
 35 36 41 42 52 74  1
 35 36 41 42 52 72 73  1
 35 36 41 42 52 61 87  1
 35 36 41 42 52 61 85 86  1
 35 36 41 42 52 60 88  1
 35 36 41 42 52 60 86 87  1
 35 36 41 42 52 60 61  1
 16 37  3
 16 37 79 87 88  3
 16 37 79 86 87  1
 16 37 79 85 86 88  1
 16 37 79 85 86 87  1
 16 37 77 78 87 88  3
 16 37 77 78 86 87  1
 16 37 77 78 85 86 88  1
 16 37 77 78 85 86 87  1
 16 37 74 79  1
 16 37 74 77 78  1
 16 37 72 73 79  1
 16 37 72 73 77 78  1
 16 37 61 79 87  1
 16 37 61 79 85 86  1
 16 37 61 77 78 87  1
 16 37 61 77 78 85 86  1
 16 37 60 79 88  1
 16 37 60 79 86 87  1
 16 37 60 77 78 88  1
 16 37 60 77 78 86 87  1
 16 37 60 61 79  1
 16 37 60 61 77 78  1
 16 37 52 87 88  3
 16 37 52 86 87  1
 16 37 52 85 86 88  1
 16 37 52 85 86 87  1
 16 37 52 74  1
 16 37 52 72 73  1
 16 37 52 61 87  1
 16 37 52 61 85 86  1
 16 37 52 60 88  1
 16 37 52 60 86 87  1
 16 37 52 60 61  1
 16 35 36  3
 16 35 36 79 87 88  3
 16 35 36 79 86 87  1
 16 35 36 79 85 86 88  1
 16 35 36 79 85 86 87  1
 16 35 36 77 78 87 88  3
 16 35 36 77 78 86 87  1
 16 35 36 77 78 85 86 88  1
 16 35 36 77 78 85 86 87  1
 16 35 36 74 79  1
 16 35 36 74 77 78  1
 16 35 36 72 73 79  1
 16 35 36 72 73 77 78  1
 16 35 36 61 79 87  1
 16 35 36 61 79 85 86  1
 16 35 36 61 77 78 87  1
 16 35 36 61 77 78 85 86  1
 16 35 36 60 79 88  1
 16 35 36 60 79 86 87  1
 16 35 36 60 77 78 88  1
 16 35 36 60 77 78 86 87  1
 16 35 36 60 61 79  1
 16 35 36 60 61 77 78  1
 16 35 36 52 87 88  3
 16 35 36 52 86 87  1
 16 35 36 52 85 86 88  1
 16 35 36 52 85 86 87  1
 16 35 36 52 74  1
 16 35 36 52 72 73  1
 16 35 36 52 61 87  1
 16 35 36 52 61 85 86  1
 16 35 36 52 60 88  1
 16 35 36 52 60 86 87  1
 16 35 36 52 60 61  1
 10 43  3
 10 43 79 87 88  3
 10 43 79 86 87  1
 10 43 79 85 86 88  1
 10 43 79 85 86 87  1
 10 43 77 78 87 88  3
 10 43 77 78 86 87  1
 10 43 77 78 85 86 88  1
 10 43 77 78 85 86 87  1
 10 43 74 79  1
 10 43 74 77 78  1
 10 43 72 73 79  1
 10 43 72 73 77 78  1
 10 43 61 79 87  1
 10 43 61 79 85 86  1
 10 43 61 77 78 87  1
 10 43 61 77 78 85 86  1
 10 43 60 79 88  1
 10 43 60 79 86 87  1
 10 43 60 77 78 88  1
 10 43 60 77 78 86 87  1
 10 43 60 61 79  1
 10 43 60 61 77 78  1
 10 43 52 87 88  3
 10 43 52 86 87  1
 10 43 52 85 86 88  1
 10 43 52 85 86 87  1
 10 43 52 74  1
 10 43 52 72 73  1
 10 43 52 61 87  1
 10 43 52 61 85 86  1
 10 43 52 60 88  1
 10 43 52 60 86 87  1
 10 43 52 60 61  1
 10 41 42  3
 10 41 42 79 87 88  3
 10 41 42 79 86 87  1
 10 41 42 79 85 86 88  1
 10 41 42 79 85 86 87  1
 10 41 42 77 78 87 88  3
 10 41 42 77 78 86 87  1
 10 41 42 77 78 85 86 88  1
 10 41 42 77 78 85 86 87  1
 10 41 42 74 79  1
 10 41 42 74 77 78  1
 10 41 42 72 73 79  1
 10 41 42 72 73 77 78  1
 10 41 42 61 79 87  1
 10 41 42 61 79 85 86  1
 10 41 42 61 77 78 87  1
 10 41 42 61 77 78 85 86  1
 10 41 42 60 79 88  1
 10 41 42 60 79 86 87  1
 10 41 42 60 77 78 88  1
 10 41 42 60 77 78 86 87  1
 10 41 42 60 61 79  1
 10 41 42 60 61 77 78  1
 10 41 42 52 87 88  3
 10 41 42 52 86 87  1
 10 41 42 52 85 86 88  1
 10 41 42 52 85 86 87  1
 10 41 42 52 74  1
 10 41 42 52 72 73  1
 10 41 42 52 61 87  1
 10 41 42 52 61 85 86  1
 10 41 42 52 60 88  1
 10 41 42 52 60 86 87  1
 10 41 42 52 60 61  1
 10 16  3
 10 16 79 87 88  3
 10 16 79 86 87  1
 10 16 79 85 86 88  1
 10 16 79 85 86 87  1
 10 16 77 78 87 88  3
 10 16 77 78 86 87  1
 10 16 77 78 85 86 88  1
 10 16 77 78 85 86 87  1
 10 16 74 79  1
 10 16 74 77 78  1
 10 16 72 73 79  1
 10 16 72 73 77 78  1
 10 16 61 79 87  1
 10 16 61 79 85 86  1
 10 16 61 77 78 87  1
 10 16 61 77 78 85 86  1
 10 16 60 79 88  1
 10 16 60 79 86 87  1
 10 16 60 77 78 88  1
 10 16 60 77 78 86 87  1
 10 16 60 61 79  1
 10 16 60 61 77 78  1
 10 16 52 87 88  3
 10 16 52 86 87  1
 10 16 52 85 86 88  1
 10 16 52 85 86 87  1
 10 16 52 74  1
 10 16 52 72 73  1
 10 16 52 61 87  1
 10 16 52 61 85 86  1
 10 16 52 60 88  1
 10 16 52 60 86 87  1
 10 16 52 60 61  1
 41 69 88  1
 41 69 86 87  1
 41 67 68 88  1
 41 67 68 86 87  1
 41 61 69  1
 41 61 67 68  1
 41 57 67 88  1
 41 57 67 86 87  1
 41 57 65 66 88  1
 41 57 65 66 86 87  1
 41 57 61 67  1
 41 57 61 65 66  1
 41 55 56 67 88  1
 41 55 56 67 86 87  1
 41 55 56 65 66 88  1
 41 55 56 65 66 86 87  1
 41 55 56 61 67  1
 41 55 56 61 65 66  1
 40 41 57 88  1
 40 41 57 86 87  1
 40 41 57 61  1
 40 41 55 56 88  1
 40 41 55 56 86 87  1
 40 41 55 56 61  1
 39 40 69 88  1
 39 40 69 86 87  1
 39 40 67 68 88  1
 39 40 67 68 86 87  1
 39 40 61 69  1
 39 40 61 67 68  1
 39 40 57 88  1
 39 40 57 86 87  1
 39 40 57 67 88  1
 39 40 57 67 86 87  1
 39 40 57 65 66 88  1
 39 40 57 65 66 86 87  1
 39 40 57 61  1
 39 40 57 61 67  1
 39 40 57 61 65 66  1
 39 40 55 56 88  1
 39 40 55 56 86 87  1
 39 40 55 56 67 88  1
 39 40 55 56 67 86 87  1
 39 40 55 56 65 66 88  1
 39 40 55 56 65 66 86 87  1
 39 40 55 56 61  1
 39 40 55 56 61 67  1
 39 40 55 56 61 65 66  1
 39 40 42 88  1
 39 40 42 86 87  1
 39 40 42 61  1
 30 41 67 88  1
 30 41 67 86 87  1
 30 41 65 66 88  1
 30 41 65 66 86 87  1
 30 41 61 67  1
 30 41 61 65 66  1
 30 40 41 88  1
 30 40 41 86 87  1
 30 40 41 61  1
 30 39 40 88  1
 30 39 40 86 87  1
 30 39 40 67 88  1
 30 39 40 67 86 87  1
 30 39 40 65 66 88  1
 30 39 40 65 66 86 87  1
 30 39 40 61  1
 30 39 40 61 67  1
 30 39 40 61 65 66  1
 14 69 88  1
 14 69 86 87  1
 14 67 68 88  1
 14 67 68 86 87  1
 14 61 69  1
 14 61 67 68  1
 14 57 67 88  1
 14 57 67 86 87  1
 14 57 65 66 88  1
 14 57 65 66 86 87  1
 14 57 61 67  1
 14 57 61 65 66  1
 14 55 56 67 88  1
 14 55 56 67 86 87  1
 14 55 56 65 66 88  1
 14 55 56 65 66 86 87  1
 14 55 56 61 67  1
 14 55 56 61 65 66  1
 14 42 88  1
 14 42 86 87  1
 14 42 61  1
 14 40 57 88  1
 14 40 57 86 87  1
 14 40 57 61  1
 14 40 55 56 88  1
 14 40 55 56 86 87  1
 14 40 55 56 61  1
 14 30 67 88  1
 14 30 67 86 87  1
 14 30 65 66 88  1
 14 30 65 66 86 87  1
 14 30 61 67  1
 14 30 61 65 66  1
 14 30 40 88  1
 14 30 40 86 87  1
 14 30 40 61  1
 41 67 83  1
 41 67 81 82  1
 41 65 66 83  1
 41 65 66 81 82  1
 41 56 67  1
 41 56 65 66  1
 40 41 83  1
 40 41 81 82  1
 40 41 56  1
 39 40 67 83  1
 39 40 67 81 82  1
 39 40 65 66 83  1
 39 40 65 66 81 82  1
 39 40 56 67  1
 39 40 56 65 66  1
 14 67 83  1
 14 67 81 82  1
 14 65 66 83  1
 14 65 66 81 82  1
 14 56 67  1
 14 56 65 66  1
 14 40 83  1
 14 40 81 82  1
 14 40 56  1
