  635
 124  7
 123  9
 116  9
 114 115  1
 113  5
 113 114  1
 92  35
 90 91  33
 83 114  1
 81 82  5
 81 82 114  1
 75  3
 73 74  3
 70  21
 66  9
 64  9
 64 65  9
 57  19
 55  169
 55 115  1
 55 83  1
 55 81 82  1
 55 56  3
 54  31
 54 114  1
 54 55  15
 54 55 80  43
 54 55 78 79  43
 53  367
 48  3
 46 55  7
 45 115  1
 45 113  1
 45 83  1
 45 81 82  1
 45 54  1
 44 114  1
 44 45  1
 39  9
 29 80  29
 29 78 79  29
 29 53  29
 11  3
 1  1
 74 82  1
 74 80 81  1
 72 73 82  1
 72 73 80 81  1
 55 74  1
 55 72 73  1
 47 82  1
 47 80 81  1
 47 55  1
 80 81  181
 68  39
 42  25
 42 58  1
 42 56 57  1
 41  45
 40 41  29
 40 41 58  1
 40 41 56 57  1
 38 86  1
 38 84 85  1
 38 59  1
 36 37 86  1
 36 37 84 85  1
 36 37 59  1
 31 42  1
 31 40 41  1
 15  15
 15 58  1
 15 56 57  1
 15 31  1
 11 86  1
 11 84 85  1
 11 59  1
 86 92  7
 86 90 91  7
 84 85 92  7
 84 85 90 91  7
 82 86 92  3
 82 86 90 91  3
 82 84 85 92  3
 82 84 85 90 91  3
 80 81 86 92  3
 80 81 86 90 91  3
 80 81 84 85 92  3
 80 81 84 85 90 91  3
 70 88 92  1
 70 88 90 91  1
 70 86 92  1
 70 86 90 91  1
 70 86 87 92  1
 70 86 87 90 91  1
 70 84 85 92  1
 70 84 85 90 91  1
 68 69 88 92  1
 68 69 88 90 91  1
 68 69 86 92  1
 68 69 86 90 91  1
 68 69 86 87 92  1
 68 69 86 87 90 91  1
 68 69 84 85 92  1
 68 69 84 85 90 91  1
 65 86  7
 65 84 85  7
 65 82 86  3
 65 82 84 85  3
 65 80 81 86  3
 65 80 81 84 85  3
 65 70 88  1
 65 70 86  1
 65 70 86 87  1
 65 70 84 85  1
 65 68 69 88  1
 65 68 69 86  1
 65 68 69 86 87  1
 65 68 69 84 85  1
 61 70 92  1
 61 70 90 91  1
 61 68 69 92  1
 61 68 69 90 91  1
 61 65 70  1
 61 65 68 69  1
 59 92  7
 59 90 91  7
 59 82 92  3
 59 82 90 91  3
 59 80 81 92  3
 59 80 81 90 91  3
 59 70 92  1
 59 70 90 91  1
 59 68 69 92  1
 59 68 69 90 91  1
 59 65  7
 59 65 82  3
 59 65 80 81  3
 59 65 70  1
 59 65 68 69  1
 55 86 92  3
 55 86 90 91  3
 55 84 85 92  3
 55 84 85 90 91  3
 55 65 86  3
 55 65 84 85  3
 55 59 92  3
 55 59 90 91  3
 55 59 65  3
 43 88 92  1
 43 88 90 91  1
 43 86 92  1
 43 86 90 91  1
 43 86 87 92  1
 43 86 87 90 91  1
 43 84 85 92  1
 43 84 85 90 91  1
 43 65 88  1
 43 65 86  1
 43 65 86 87  1
 43 65 84 85  1
 43 61 92  1
 43 61 90 91  1
 43 61 65  1
 43 59 92  1
 43 59 90 91  1
 43 59 65  1
 80 86 92  3
 80 86 90 91  3
 80 84 85 92  3
 80 84 85 90 91  3
 78 79 86 92  3
 78 79 86 90 91  3
 78 79 84 85 92  3
 78 79 84 85 90 91  3
 65 80 86  3
 65 80 84 85  3
 65 78 79 86  3
 65 78 79 84 85  3
 59 80 92  3
 59 80 90 91  3
 59 78 79 92  3
 59 78 79 90 91  3
 59 65 80  3
 59 65 78 79  3
 53 86 92  3
 53 86 90 91  3
 53 84 85 92  3
 53 84 85 90 91  3
 53 65 86  3
 53 65 84 85  3
 53 59 92  3
 53 59 90 91  3
 53 59 65  3
 88 125  1
 86 87  27
 86 87 125  1
 80 84 85  33
 78 79 86  31
 70 86  9
 70 84 85  9
 68 88  3
 68 86  3
 68 86 87  3
 68 84 85  3
 68 80 86 92  3
 68 80 86 90 91  3
 68 80 84 85 92  3
 68 80 84 85 90 91  3
 68 78 79 86 92  3
 68 78 79 86 90 91  3
 68 78 79 84 85 92  3
 68 78 79 84 85 90 91  3
 67 68 86  1
 67 68 84 85  1
 66 88  1
 66 86 87  1
 66 67 86  3
 66 67 84 85  3
 66 67 80 86 92  3
 66 67 80 86 90 91  3
 66 67 80 84 85 92  3
 66 67 80 84 85 90 91  3
 66 67 78 79 86 92  3
 66 67 78 79 86 90 91  3
 66 67 78 79 84 85 92  3
 66 67 78 79 84 85 90 91  3
 66 67 69 86  1
 66 67 69 84 85  1
 66 67 68 86  1
 66 67 68 84 85  1
 65 68 80 86  3
 65 68 80 84 85  3
 65 68 78 79 86  3
 65 68 78 79 84 85  3
 65 66 67 80 86  3
 65 66 67 80 84 85  3
 65 66 67 78 79 86  3
 65 66 67 78 79 84 85  3
 61 125  1
 61 68  3
 61 66  1
 59 78 79  31
 59 70  9
 59 68  3
 59 68 80 92  3
 59 68 80 90 91  3
 59 68 78 79 92  3
 59 68 78 79 90 91  3
 59 67 68  1
 59 66 67  3
 59 66 67 80 92  3
 59 66 67 80 90 91  3
 59 66 67 78 79 92  3
 59 66 67 78 79 90 91  3
 59 66 67 69  1
 59 66 67 68  1
 59 65 68 80  3
 59 65 68 78 79  3
 59 65 66 67 80  3
 59 65 66 67 78 79  3
 53 84 85  33
 53 68 86 92  3
 53 68 86 90 91  3
 53 68 84 85 92  3
 53 68 84 85 90 91  3
 53 66 67 86 92  3
 53 66 67 86 90 91  3
 53 66 67 84 85 92  3
 53 66 67 84 85 90 91  3
 53 65 68 86  3
 53 65 68 84 85  3
 53 65 66 67 86  3
 53 65 66 67 84 85  3
 53 59 68 92  3
 53 59 68 90 91  3
 53 59 66 67 92  3
 53 59 66 67 90 91  3
 53 59 65 68  3
 53 59 65 66 67  3
 53 54 86  1
 53 54 84 85  1
 53 54 59  1
 43 86  9
 43 84 85  9
 43 59  9
 42 68 86  1
 42 68 84 85  1
 42 68 80  3
 42 68 78 79  3
 42 66 67 86  1
 42 66 67 84 85  1
 42 66 67 80  3
 42 66 67 78 79  3
 42 59 68  1
 42 59 66 67  1
 42 53 68  3
 42 53 66 67  3
 41 86  3
 41 84 85  3
 41 80 86 92  3
 41 80 86 90 91  3
 41 80 84 85 92  3
 41 80 84 85 90 91  3
 41 78 79 86 92  3
 41 78 79 86 90 91  3
 41 78 79 84 85 92  3
 41 78 79 84 85 90 91  3
 41 69 86  1
 41 69 84 85  1
 41 67 68 86  1
 41 67 68 84 85  1
 41 65 80 86  3
 41 65 80 84 85  3
 41 65 78 79 86  3
 41 65 78 79 84 85  3
 41 59  3
 41 59 80 92  3
 41 59 80 90 91  3
 41 59 78 79 92  3
 41 59 78 79 90 91  3
 41 59 69  1
 41 59 67 68  1
 41 59 65 80  3
 41 59 65 78 79  3
 41 53 86 92  3
 41 53 86 90 91  3
 41 53 84 85 92  3
 41 53 84 85 90 91  3
 41 53 65 86  3
 41 53 65 84 85  3
 41 53 59 92  3
 41 53 59 90 91  3
 41 53 59 65  3
 41 42  9
 41 42 86  1
 41 42 84 85  1
 41 42 80  5
 41 42 78 79  5
 41 42 59  1
 41 42 53  5
 40 41 68 80  1
 40 41 68 78 79  1
 40 41 66 67 80  1
 40 41 66 67 78 79  1
 40 41 53 68  1
 40 41 53 66 67  1
 28 86  1
 28 84 85  1
 28 59  1
 24 88  1
 24 86 87  1
 24 61  1
 22 23 88  1
 22 23 86 87  1
 22 23 61  1
 15 68 80  1
 15 68 78 79  1
 15 66 67 80  1
 15 66 67 78 79  1
 15 53 68  1
 15 53 66 67  1
 15 41 80  1
 15 41 78 79  1
 15 41 53  1
 52 53  41
 88 127  1
 88 117  1
 88 89  1
 86 87 127  1
 86 87 117  1
 84 88  1
 84 86 87  1
 82 86  7
 82 84 85  7
 82 83 88  1
 82 83 86 87  1
 81  5
 80 127  9
 80 97  5
 80 89  1
 80 87 88  1
 80 84  9
 80 82  35
 80 82 83  9
 80 81 86  7
 80 81 84 85  7
 78 79 127  9
 78 79 97  5
 78 79 89  1
 78 79 87 88  1
 78 79 84  9
 78 79 82  35
 78 79 82 83  9
 78 79 80 81  45
 74  7
 72 73  7
 70 105  1
 70 95  1
 70 88  1
 70 86 87  1
 70 82  11
 70 79 80  1
 70 78 79 81  1
 70 78 79 80  1
 70 73  1
 70 71 72  1
 68 84  5
 68 82 83  5
 68 69 105  1
 68 69 95  1
 68 69 88  1
 68 69 86 87  1
 68 69 80 81  13
 68 69 79 80  1
 68 69 78 79 81  1
 68 69 78 79 80  1
 68 69 73  1
 68 69 71 72  1
 67 70  1
 67 68  19
 67 68 69  1
 66 67 84  5
 66 67 82 83  5
 66 67 80  23
 66 67 78 79  23
 65 66  9
 65 66 70  1
 65 66 68 69  1
 62 80  1
 62 78 79  1
 61 127  1
 61 117  1
 61 84  1
 61 82 83  1
 61 80  13
 61 78 79  13
 61 70  1
 61 68 69  1
 59 82  7
 59 80 81  7
 58  3
 58 88  1
 58 86 87  1
 58 61  1
 57 88  1
 57 86 87  1
 57 68  5
 57 66 67  5
 57 61  1
 56 89  1
 56 80 86  3
 56 80 84 85  3
 56 78 79 86  3
 56 78 79 84 85  3
 56 59 80  3
 56 59 78 79  3
 56 57  3
 55 88  9
 55 86 87  9
 55 80  43
 55 78 79  43
 55 70  11
 55 61  9
 54 80  27
 54 78 79  27
 54 55 89  1
 54 55 80 86  3
 54 55 80 84 85  3
 54 55 78 79 86  3
 54 55 78 79 84 85  3
 54 55 59 80  3
 54 55 59 78 79  3
 54 55 57  1
 54 55 56  1
 53 127  9
 53 97  5
 53 89  1
 53 87 88  1
 53 84  9
 53 82  35
 53 82 83  9
 53 70 81  1
 53 70 79 80  1
 53 68 69 81  1
 53 68 69 79 80  1
 53 66 67  23
 53 62  1
 53 61  13
 53 56 86  3
 53 56 84 85  3
 53 56 59  3
 53 55  43
 53 54 55 86  3
 53 54 55 84 85  3
 53 54 55 59  3
 47 80  15
 47 78 79  15
 47 68 80  3
 47 68 78 79  3
 47 66 67 80  3
 47 66 67 78 79  3
 47 53  15
 47 53 68  3
 47 53 66 67  3
 43  23
 43 105  1
 43 95  1
 43 88  1
 43 86 87  1
 43 82  11
 43 79 80  1
 43 78 79 81  1
 43 78 79 80  1
 43 73  1
 43 71 72  1
 43 67  1
 43 65 66  1
 43 61  1
 43 55  11
 43 53 81  1
 43 53 79 80  1
 42 82  3
 42 80  41
 42 80 81  3
 42 78 79  41
 42 73 80  1
 42 73 78 79  1
 42 71 72 80  1
 42 71 72 78 79  1
 42 56 80 86  1
 42 56 80 84 85  1
 42 56 78 79 86  1
 42 56 78 79 84 85  1
 42 56 59 80  1
 42 56 59 78 79  1
 42 55  3
 42 54 55 80 86  1
 42 54 55 80 84 85  1
 42 54 55 78 79 86  1
 42 54 55 78 79 84 85  1
 42 54 55 59 80  1
 42 54 55 59 78 79  1
 42 53  41
 42 53 73  1
 42 53 71 72  1
 42 53 56 86  1
 42 53 56 84 85  1
 42 53 56 59  1
 42 53 54 55 86  1
 42 53 54 55 84 85  1
 42 53 54 55 59  1
 42 46 80  3
 42 46 78 79  3
 42 46 53  3
 42 43 80  11
 42 43 78 79  11
 42 43 53  11
 41 84  5
 41 82 83  5
 41 57  5
 41 47 80  3
 41 47 78 79  3
 41 47 53  3
 40 70  1
 40 68 69  1
 40 43  1
 40 41 80 86  3
 40 41 80 84 85  3
 40 41 78 79 86  3
 40 41 78 79 84 85  3
 40 41 73 80  1
 40 41 73 78 79  1
 40 41 71 72 80  1
 40 41 71 72 78 79  1
 40 41 59 80  3
 40 41 59 78 79  3
 40 41 56 80 86  1
 40 41 56 80 84 85  1
 40 41 56 78 79 86  1
 40 41 56 78 79 84 85  1
 40 41 56 59 80  1
 40 41 56 59 78 79  1
 40 41 54 55 80 86  1
 40 41 54 55 80 84 85  1
 40 41 54 55 78 79 86  1
 40 41 54 55 78 79 84 85  1
 40 41 54 55 59 80  1
 40 41 54 55 59 78 79  1
 40 41 53 86  3
 40 41 53 84 85  3
 40 41 53 73  1
 40 41 53 71 72  1
 40 41 53 59  3
 40 41 53 56 86  1
 40 41 53 56 84 85  1
 40 41 53 56 59  1
 40 41 53 54 55 86  1
 40 41 53 54 55 84 85  1
 40 41 53 54 55 59  1
 40 41 46 80  3
 40 41 46 78 79  3
 40 41 46 53  3
 36 70  1
 36 68 69  1
 36 43  1
 31  3
 29  11
 29 89  1
 29 80 86  3
 29 80 84 85  3
 29 78 79 86  3
 29 78 79 84 85  3
 29 59 80  3
 29 59 78 79  3
 29 57  1
 29 55 56  1
 29 53 86  3
 29 53 84 85  3
 29 53 59  3
 29 42 80 86  1
 29 42 80 84 85  1
 29 42 78 79 86  1
 29 42 78 79 84 85  1
 29 42 59 80  1
 29 42 59 78 79  1
 29 42 53 86  1
 29 42 53 84 85  1
 29 42 53 59  1
 29 40 41 80 86  1
 29 40 41 80 84 85  1
 29 40 41 78 79 86  1
 29 40 41 78 79 84 85  1
 29 40 41 59 80  1
 29 40 41 59 78 79  1
 29 40 41 53 86  1
 29 40 41 53 84 85  1
 29 40 41 53 59  1
 28  3
 26 80  7
 26 78 79  7
 26 53  7
 24 25 80  7
 24 25 78 79  7
 24 25 53  7
 22  5
 21  1
 20 56  1
 20 54 55  1
 20 29  1
 17 80  9
 17 78 79  9
 17 53  9
 15 80  39
 15 78 79  39
 15 73 80  1
 15 73 78 79  1
 15 71 72 80  1
 15 71 72 78 79  1
 15 56 80 86  1
 15 56 80 84 85  1
 15 56 78 79 86  1
 15 56 78 79 84 85  1
 15 56 59 80  1
 15 56 59 78 79  1
 15 54 55 80 86  1
 15 54 55 80 84 85  1
 15 54 55 78 79 86  1
 15 54 55 78 79 84 85  1
 15 54 55 59 80  1
 15 54 55 59 78 79  1
 15 53  39
 15 53 73  1
 15 53 71 72  1
 15 53 56 86  1
 15 53 56 84 85  1
 15 53 56 59  1
 15 53 54 55 86  1
 15 53 54 55 84 85  1
 15 53 54 55 59  1
 15 46 80  3
 15 46 78 79  3
 15 46 53  3
 15 29 80 86  1
 15 29 80 84 85  1
 15 29 78 79 86  1
 15 29 78 79 84 85  1
 15 29 59 80  1
 15 29 59 78 79  1
 15 29 53 86  1
 15 29 53 84 85  1
 15 29 53 59  1
 12  1
 82 113  1
 82 92  13
 82 92 114  1
 82 90 91  13
 82 90 91 114  1
 80 92 115  1
 80 90 91 115  1
 80 81 92  15
 80 81 92 114  1
 80 81 90 91  15
 80 81 90 91 114  1
 78 79 92 115  1
 78 79 90 91 115  1
 69  9
 68 114  5
 66 67 114  5
 65 82  13
 65 82 114  1
 65 80 115  1
 65 80 81  15
 65 80 81 114  1
 65 78 79 115  1
 65 66 82  7
 65 66 80 81  7
 56 80 92  3
 56 80 90 91  3
 56 78 79 92  3
 56 78 79 90 91  3
 56 65 80  3
 56 65 78 79  3
 55 92 114  1
 55 90 91 114  1
 55 82 92  1
 55 82 90 91  1
 55 81  1
 55 80 81 92  1
 55 80 81 90 91  1
 55 79 80  7
 55 68  17
 55 66 67  17
 55 65 114  1
 55 65 82  1
 55 65 80 81  1
 53 92 115  1
 53 90 91 115  1
 53 65 115  1
 53 56 92  3
 53 56 90 91  3
 53 56 65  3
 46 80 92  1
 46 80 90 91  1
 46 78 79 92  1
 46 78 79 90 91  1
 46 65 80  1
 46 65 78 79  1
 46 53 92  1
 46 53 90 91  1
 46 53 65  1
 45 82 92  1
 45 82 90 91  1
 45 80  7
 45 80 81 92  1
 45 80 81 90 91  1
 45 78 79  7
 45 68  5
 45 66 67  5
 45 65 82  1
 45 65 80 81  1
 45 55 92  1
 45 55 90 91  1
 45 55 65  1
 45 53  7
 44 82  1
 41 114  5
 41 55  17
 41 45  5
 38 92  1
 38 90 91  1
 38 65  1
 36 37 92  1
 36 37 90 91  1
 36 37 65  1
 31 80  5
 31 78 79  5
 31 53  5
 11 92  1
 11 90 91  1
 11 65  1
 52 53 80  13
 52 53 78 79  13
 27 80  13
 27 78 79  13
 27 53  13
 86 99  1
 84 85 99  1
 80 99  3
 78 79 99  3
 59 99  1
 53 99  3
 44 80 88  1
 44 80 86 87  1
 44 78 79 88  1
 44 78 79 86 87  1
 44 61 80  1
 44 61 78 79  1
 44 53 88  1
 44 53 86 87  1
 44 53 61  1
 42 43 80 88  1
 42 43 80 86 87  1
 42 43 78 79 88  1
 42 43 78 79 86 87  1
 42 43 61 80  1
 42 43 61 78 79  1
 42 43 53 88  1
 42 43 53 86 87  1
 42 43 53 61  1
 40 86  1
 40 84 85  1
 40 80  3
 40 78 79  3
 40 59  1
 40 53  3
 30 86  1
 30 84 85  1
 30 59  1
 17 80 88  1
 17 80 86 87  1
 17 78 79 88  1
 17 78 79 86 87  1
 17 61 80  1
 17 61 78 79  1
 17 53 88  1
 17 53 86 87  1
 17 53 61  1
 56 68  1
 56 66 67  1
 54 55 68  1
 54 55 66 67  1
 41 56  1
 41 54 55  1
 29 68  1
 29 66 67  1
 29 41  1
 88 114  1
 86 87 114  1
 80 126  1
 80 125  3
 80 124 125  1
 80 116  1
 80 90  1
 80 88 115  1
 80 87  1
 80 86 117  1
 80 86 88  1
 80 86 87 115  1
 80 84 117  1
 80 84 85 117  1
 80 84 85 88  1
 80 84 85 86 87  1
 80 83 84 86  1
 80 83 84 85  1
 80 82 83 117  1
 78 88  3
 78 86 87  3
 78 79 126  1
 78 79 125  3
 78 79 124 125  1
 78 79 116  1
 78 79 90  1
 78 79 88 115  1
 78 79 87  1
 78 79 86 117  1
 78 79 86 88  1
 78 79 86 87 115  1
 78 79 84 117  1
 78 79 84 85 117  1
 78 79 84 85 88  1
 78 79 84 85 86 87  1
 78 79 83 84 86  1
 78 79 83 84 85  1
 78 79 82 83 117  1
 76 80  1
 76 78 79  1
 76 77 88  3
 76 77 86 87  3
 74 75 80  1
 74 75 78 79  1
 73 80 86  1
 73 80 84 85  1
 73 78 79 86  1
 73 78 79 84 85  1
 72 80  1
 72 78 79  1
 71 72 80 86  1
 71 72 80 84 85  1
 71 72 78 79 86  1
 71 72 78 79 84 85  1
 70 71 80  1
 70 71 78 79  1
 68 80 116  1
 68 80 88  1
 68 80 86 87  1
 68 78 79 116  1
 68 78 79 88  1
 68 78 79 86 87  1
 67 80  1
 67 78 79  1
 66 80  3
 66 80 124  1
 66 78 79  3
 66 78 79 124  1
 66 67 80 116  1
 66 67 80 88  1
 66 67 80 86 87  1
 66 67 78 79 116  1
 66 67 78 79 88  1
 66 67 78 79 86 87  1
 65 80 125  1
 65 78 79 125  1
 61 114  1
 61 80 115  1
 61 80 86  1
 61 80 84 85  1
 61 78  3
 61 78 79 115  1
 61 78 79 86  1
 61 78 79 84 85  1
 61 76 77  3
 61 68 80  1
 61 68 78 79  1
 61 66 67 80  1
 61 66 67 78 79  1
 60 80  1
 60 78 79  1
 59 80 117  1
 59 80 88  1
 59 80 86 87  1
 59 80 85  1
 59 80 83 84  1
 59 78 79 117  1
 59 78 79 88  1
 59 78 79 86 87  1
 59 78 79 85  1
 59 78 79 83 84  1
 59 73 80  1
 59 73 78 79  1
 59 71 72 80  1
 59 71 72 78 79  1
 59 61 80  1
 59 61 78 79  1
 58 80 84  3
 58 80 82 83  3
 58 78 79 84  3
 58 78 79 82 83  3
 57 80 117  1
 57 78 79 117  1
 57 68 80  1
 57 68 78 79  1
 57 66 67 80  1
 57 66 67 78 79  1
 57 58 80  3
 57 58 78 79  3
 56 80 88  5
 56 80 86 87  5
 56 78 79 88  5
 56 78 79 86 87  5
 56 61 80  5
 56 61 78 79  5
 54 116  1
 54 57  1
 53 126  1
 53 125  3
 53 124 125  1
 53 116  1
 53 90  1
 53 88 115  1
 53 87  1
 53 86 117  1
 53 86 88  1
 53 86 87 115  1
 53 84 117  1
 53 84 85 117  1
 53 84 85 88  1
 53 84 85 86 87  1
 53 83 84 86  1
 53 83 84 85  1
 53 82 83 117  1
 53 76  1
 53 74 75  1
 53 73 86  1
 53 73 84 85  1
 53 72  1
 53 71 72 86  1
 53 71 72 84 85  1
 53 70 71  1
 53 68 116  1
 53 68 88  1
 53 68 86 87  1
 53 67  1
 53 66  3
 53 66 124  1
 53 66 67 116  1
 53 66 67 88  1
 53 66 67 86 87  1
 53 65 125  1
 53 61 115  1
 53 61 86  1
 53 61 84 85  1
 53 61 68  1
 53 61 66 67  1
 53 60  1
 53 59 117  1
 53 59 88  1
 53 59 86 87  1
 53 59 85  1
 53 59 83 84  1
 53 59 73  1
 53 59 71 72  1
 53 59 61  1
 53 58 84  3
 53 58 82 83  3
 53 57 117  1
 53 57 68  1
 53 57 66 67  1
 53 57 58  3
 53 56 88  5
 53 56 86 87  5
 53 56 61  5
 53 54 80  7
 53 54 78 79  7
 52 53 116  1
 52 53 57  1
 52 53 55  7
 52 53 55 80  5
 52 53 55 78 79  5
 52 53 54  7
 52 53 54 80  5
 52 53 54 78 79  5
 51 88  3
 51 86 87  3
 51 61  3
 49 80  1
 49 78 79  1
 49 53  1
 48 80 86  1
 48 80 84  1
 48 80 84 85  1
 48 80 82 83  1
 48 78 79 86  1
 48 78 79 84  1
 48 78 79 84 85  1
 48 78 79 82 83  1
 48 59 80  1
 48 59 78 79  1
 48 57 80  1
 48 57 78 79  1
 48 53 86  1
 48 53 84  1
 48 53 84 85  1
 48 53 82 83  1
 48 53 59  1
 48 53 57  1
 47 54  1
 47 52 53  1
 46 80 88  1
 46 80 86  1
 46 80 86 87  1
 46 80 84 85  1
 46 78 79 88  1
 46 78 79 86  1
 46 78 79 86 87  1
 46 78 79 84 85  1
 46 61 80  1
 46 61 78 79  1
 46 59 80  1
 46 59 78 79  1
 46 53 88  1
 46 53 86  1
 46 53 86 87  1
 46 53 84 85  1
 46 53 61  1
 46 53 59  1
 45 88  1
 45 86 87  1
 45 61  1
 44 86  1
 44 84 85  1
 44 59  1
 42 43 86  1
 42 43 84 85  1
 42 43 59  1
 41 80 116  1
 41 80 88  1
 41 80 86 87  1
 41 78 79 116  1
 41 78 79 88  1
 41 78 79 86 87  1
 41 61 80  1
 41 61 78 79  1
 41 57 80  1
 41 57 78 79  1
 41 53 116  1
 41 53 88  1
 41 53 86 87  1
 41 53 61  1
 41 53 57  1
 39 40  3
 39 40 80  5
 39 40 78 79  5
 39 40 53  5
 34 80  3
 34 78 79  3
 34 53  3
 28 54 80  5
 28 54 78 79  5
 28 53 54  5
 28 52 53  7
 28 52 53 80  5
 28 52 53 78 79  5
 27 116  1
 27 57  1
 27 55 80  5
 27 55 78 79  5
 27 53 55  5
 27 53 54  7
 27 53 54 80  5
 27 53 54 78 79  5
 27 47  1
 27 28 80  5
 27 28 78 79  5
 27 28 53  5
 21 80  1
 21 78 79  1
 21 53  1
 17 86  1
 17 84 85  1
 17 59  1
 14 80  5
 14 78 79  5
 14 53  5
 122  3
 122 123  1
 121  1
 120  3
 119  3
 119 120  1
 111  1
 94  1
 82 111  1
 80 81 111  1
 69 70  1
 67 68 82  1
 67 68 80 81  1
 66 114  1
 66 80 92  1
 66 80 90 91  1
 66 78 79 92  1
 66 78 79 90 91  1
 66 67 69 82  1
 66 67 69 80 81  1
 66 67 68 82  1
 66 67 68 80 81  1
 64 122  1
 64 65 114  1
 64 65 80  1
 64 65 80 92  1
 64 65 80 90 91  1
 64 65 78 79  1
 64 65 78 79 92  1
 64 65 78 79 90 91  1
 64 65 67  1
 64 65 66  1
 63 123  1
 63 64  1
 62  1
 61 119  1
 60  3
 60 120  1
 60 61  1
 55 111  1
 55 82  7
 55 80 81  13
 55 67 68  1
 55 66  1
 55 66 67 69  1
 55 66 67 68  1
 55 64 65  1
 53 66 92  1
 53 66 90 91  1
 53 64 65  1
 53 64 65 92  1
 53 64 65 90 91  1
 53 54 82  11
 53 54 80 81  11
 52  1
 52 82  1
 52 80 81  1
 52 55  1
 51 52  1
 45 66  1
 45 64 65  1
 42 68 82  1
 42 68 80 81  1
 42 66 67 82  1
 42 66 67 80 81  1
 42 55 68  1
 42 55 66 67  1
 41 69 82  1
 41 69 80 81  1
 41 67 68 82  1
 41 67 68 80 81  1
 41 55 69  1
 41 55 67 68  1
 41 42 82  1
 41 42 80 81  1
 41 42 55  1
 40 66  1
 40 64 65  1
 39 114  1
 39 80 92  1
 39 80 90 91  1
 39 78 79 92  1
 39 78 79 90 91  1
 39 67  1
 39 65 80  1
 39 65 78 79  1
 39 65 66  1
 39 55  1
 39 53 92  1
 39 53 90 91  1
 39 53 65  1
 39 45  1
 35  1
 28 82  1
 28 80 81  1
 28 55  1
 19  1
 68 82 86 92  1
 68 82 86 90 91  1
 68 82 84 85 92  1
 68 82 84 85 90 91  1
 68 80 86 111  1
 68 80 84 85 111  1
 68 80 81 86 92  1
 68 80 81 86 90 91  1
 68 80 81 84 85 92  1
 68 80 81 84 85 90 91  1
 68 78 79 86 111  1
 68 78 79 84 85 111  1
 66 67 82 86 92  1
 66 67 82 86 90 91  1
 66 67 82 84 85 92  1
 66 67 82 84 85 90 91  1
 66 67 80 86 111  1
 66 67 80 84 85 111  1
 66 67 80 81 86 92  1
 66 67 80 81 86 90 91  1
 66 67 80 81 84 85 92  1
 66 67 80 81 84 85 90 91  1
 66 67 78 79 86 111  1
 66 67 78 79 84 85 111  1
 65 68 82 86  1
 65 68 82 84 85  1
 65 68 80 81 86  1
 65 68 80 81 84 85  1
 65 66 67 82 86  1
 65 66 67 82 84 85  1
 65 66 67 80 81 86  1
 65 66 67 80 81 84 85  1
 59 68 82 92  1
 59 68 82 90 91  1
 59 68 80 111  1
 59 68 80 81 92  1
 59 68 80 81 90 91  1
 59 68 78 79 111  1
 59 66 67 82 92  1
 59 66 67 82 90 91  1
 59 66 67 80 111  1
 59 66 67 80 81 92  1
 59 66 67 80 81 90 91  1
 59 66 67 78 79 111  1
 59 65 68 82  1
 59 65 68 80 81  1
 59 65 66 67 82  1
 59 65 66 67 80 81  1
 55 68 86 92  1
 55 68 86 90 91  1
 55 68 84 85 92  1
 55 68 84 85 90 91  1
 55 66 67 86 92  1
 55 66 67 86 90 91  1
 55 66 67 84 85 92  1
 55 66 67 84 85 90 91  1
 55 65 68 86  1
 55 65 68 84 85  1
 55 65 66 67 86  1
 55 65 66 67 84 85  1
 55 59 68 92  1
 55 59 68 90 91  1
 55 59 66 67 92  1
 55 59 66 67 90 91  1
 55 59 65 68  1
 55 59 65 66 67  1
 53 68 86 111  1
 53 68 84 85 111  1
 53 66 67 86 111  1
 53 66 67 84 85 111  1
 53 59 68 111  1
 53 59 66 67 111  1
 52 68 80 86  1
 52 68 80 84 85  1
 52 68 78 79 86  1
 52 68 78 79 84 85  1
 52 66 67 80 86  1
 52 66 67 80 84 85  1
 52 66 67 78 79 86  1
 52 66 67 78 79 84 85  1
 52 59 68 80  1
 52 59 68 78 79  1
 52 59 66 67 80  1
 52 59 66 67 78 79  1
 52 53 68 86  1
 52 53 68 84 85  1
 52 53 66 67 86  1
 52 53 66 67 84 85  1
 52 53 59 68  1
 52 53 59 66 67  1
 42 86  1
 42 84 85  1
 42 66 80 86  1
 42 66 80 84 85  1
 42 66 78 79 86  1
 42 66 78 79 84 85  1
 42 64 65 80 86  1
 42 64 65 80 84 85  1
 42 64 65 78 79 86  1
 42 64 65 78 79 84 85  1
 42 59  1
 42 59 66 80  1
 42 59 66 78 79  1
 42 59 64 65 80  1
 42 59 64 65 78 79  1
 42 53 66 86  1
 42 53 66 84 85  1
 42 53 64 65 86  1
 42 53 64 65 84 85  1
 42 53 59 66  1
 42 53 59 64 65  1
 41 82 86 92  1
 41 82 86 90 91  1
 41 82 84 85 92  1
 41 82 84 85 90 91  1
 41 80 86 111  1
 41 80 84 85 111  1
 41 80 81 86 92  1
 41 80 81 86 90 91  1
 41 80 81 84 85 92  1
 41 80 81 84 85 90 91  1
 41 78 79 86 111  1
 41 78 79 84 85 111  1
 41 65 82 86  1
 41 65 82 84 85  1
 41 65 80 81 86  1
 41 65 80 81 84 85  1
 41 59 82 92  1
 41 59 82 90 91  1
 41 59 80 111  1
 41 59 80 81 92  1
 41 59 80 81 90 91  1
 41 59 78 79 111  1
 41 59 65 82  1
 41 59 65 80 81  1
 41 55 86 92  1
 41 55 86 90 91  1
 41 55 84 85 92  1
 41 55 84 85 90 91  1
 41 55 65 86  1
 41 55 65 84 85  1
 41 55 59 92  1
 41 55 59 90 91  1
 41 55 59 65  1
 41 53 86 111  1
 41 53 84 85 111  1
 41 53 59 111  1
 41 52 80 86  1
 41 52 80 84 85  1
 41 52 78 79 86  1
 41 52 78 79 84 85  1
 41 52 59 80  1
 41 52 59 78 79  1
 41 52 53 86  1
 41 52 53 84 85  1
 41 52 53 59  1
 40 41 86  1
 40 41 84 85  1
 40 41 68 80 86  1
 40 41 68 80 84 85  1
 40 41 68 78 79 86  1
 40 41 68 78 79 84 85  1
 40 41 66 80 86  1
 40 41 66 80 84 85  1
 40 41 66 78 79 86  1
 40 41 66 78 79 84 85  1
 40 41 66 67 80 86  1
 40 41 66 67 80 84 85  1
 40 41 66 67 78 79 86  1
 40 41 66 67 78 79 84 85  1
 40 41 64 65 80 86  1
 40 41 64 65 80 84 85  1
 40 41 64 65 78 79 86  1
 40 41 64 65 78 79 84 85  1
 40 41 59  1
 40 41 59 68 80  1
 40 41 59 68 78 79  1
 40 41 59 66 80  1
 40 41 59 66 78 79  1
 40 41 59 66 67 80  1
 40 41 59 66 67 78 79  1
 40 41 59 64 65 80  1
 40 41 59 64 65 78 79  1
 40 41 53 68 86  1
 40 41 53 68 84 85  1
 40 41 53 66 86  1
 40 41 53 66 84 85  1
 40 41 53 66 67 86  1
 40 41 53 66 67 84 85  1
 40 41 53 64 65 86  1
 40 41 53 64 65 84 85  1
 40 41 53 59 68  1
 40 41 53 59 66  1
 40 41 53 59 66 67  1
 40 41 53 59 64 65  1
 39 42 80 86  1
 39 42 80 84 85  1
 39 42 78 79 86  1
 39 42 78 79 84 85  1
 39 42 59 80  1
 39 42 59 78 79  1
 39 42 53 86  1
 39 42 53 84 85  1
 39 42 53 59  1
 39 40 41 80 86  1
 39 40 41 80 84 85  1
 39 40 41 78 79 86  1
 39 40 41 78 79 84 85  1
 39 40 41 59 80  1
 39 40 41 59 78 79  1
 39 40 41 53 86  1
 39 40 41 53 84 85  1
 39 40 41 53 59  1
 15 86  1
 15 84 85  1
 15 68 80 86  1
 15 68 80 84 85  1
 15 68 78 79 86  1
 15 68 78 79 84 85  1
 15 66 80 86  1
 15 66 80 84 85  1
 15 66 78 79 86  1
 15 66 78 79 84 85  1
 15 66 67 80 86  1
 15 66 67 80 84 85  1
 15 66 67 78 79 86  1
 15 66 67 78 79 84 85  1
 15 64 65 80 86  1
 15 64 65 80 84 85  1
 15 64 65 78 79 86  1
 15 64 65 78 79 84 85  1
 15 59  1
 15 59 68 80  1
 15 59 68 78 79  1
 15 59 66 80  1
 15 59 66 78 79  1
 15 59 66 67 80  1
 15 59 66 67 78 79  1
 15 59 64 65 80  1
 15 59 64 65 78 79  1
 15 53 68 86  1
 15 53 68 84 85  1
 15 53 66 86  1
 15 53 66 84 85  1
 15 53 66 67 86  1
 15 53 66 67 84 85  1
 15 53 64 65 86  1
 15 53 64 65 84 85  1
 15 53 59 68  1
 15 53 59 66  1
 15 53 59 66 67  1
 15 53 59 64 65  1
 15 41 80 86  1
 15 41 80 84 85  1
 15 41 78 79 86  1
 15 41 78 79 84 85  1
 15 41 59 80  1
 15 41 59 78 79  1
 15 41 53 86  1
 15 41 53 84 85  1
 15 41 53 59  1
 15 39 80 86  1
 15 39 80 84 85  1
 15 39 78 79 86  1
 15 39 78 79 84 85  1
 15 39 59 80  1
 15 39 59 78 79  1
 15 39 53 86  1
 15 39 53 84 85  1
 15 39 53 59  1
 78 80 86  1
 78 80 84 85  1
 76 77 80 86  1
 76 77 80 84 85  1
 76 77 78 79 86  1
 76 77 78 79 84 85  1
 59 78 80  1
 59 76 77 80  1
 59 76 77 78 79  1
 56 70 80  11
 56 70 78 79  11
 56 68 69 80  11
 56 68 69 78 79  11
 54 55 70 80  11
 54 55 70 78 79  11
 54 55 68 69 80  11
 54 55 68 69 78 79  11
 53 78 86  1
 53 78 84 85  1
 53 76 77 86  1
 53 76 77 84 85  1
 53 59 78  1
 53 59 76 77  1
 53 56 70  11
 53 56 68 69  11
 53 54 55 70  11
 53 54 55 68 69  11
 51 80 86  1
 51 80 84 85  1
 51 78 79 86  1
 51 78 79 84 85  1
 51 59 80  1
 51 59 78 79  1
 51 53 86  1
 51 53 84 85  1
 51 53 59  1
 43 56 80  11
 43 56 78 79  11
 43 54 55 80  11
 43 54 55 78 79  11
 43 53 56  11
 43 53 54 55  11
 29 70 80  11
 29 70 78 79  11
 29 68 69 80  11
 29 68 69 78 79  11
 29 53 70  11
 29 53 68 69  11
 29 43 80  11
 29 43 78 79  11
 29 43 53  11
 105 114  1
 95 114  1
 83 84  1
 82 105  5
 82 95  5
 82 86 101  1
 82 84 85 101  1
 80 123  9
 80 122  9
 80 122 123  3
 80 113 114  1
 80 103  1
 80 82 113  5
 80 81 114  7
 80 81 105  5
 80 81 95  5
 80 81 86 101  1
 80 81 84 85 101  1
 80 81 82  5
 79 80 114  1
 78 79 123  9
 78 79 122  9
 78 79 122 123  3
 78 79 113 114  1
 78 79 103  1
 78 79 82 113  5
 78 79 81 114  1
 78 79 81 82  5
 78 79 80 114  1
 78 79 80 82  5
 78 79 80 81 113  5
 70 82 88  1
 70 82 86  1
 70 82 86 87  1
 70 82 84 85  1
 70 80 81 88  1
 70 80 81 86  1
 70 80 81 86 87  1
 70 80 81 84 85  1
 68 69 82 88  1
 68 69 82 86  1
 68 69 82 86 87  1
 68 69 82 84 85  1
 68 69 80 81 88  1
 68 69 80 81 86  1
 68 69 80 81 86 87  1
 68 69 80 81 84 85  1
 67 114  1
 67 82  5
 67 80 81  5
 66 82 88  1
 66 82 86  1
 66 82 86 87  1
 66 82 84 85  1
 66 80 82  1
 66 80 81  1
 66 80 81 86  1
 66 80 81 84 85  1
 66 78 79 82  1
 66 78 79 80 81  1
 65 66 114  1
 64 80  9
 64 80 122  3
 64 78 79  9
 64 78 79 122  3
 64 65 82 88  1
 64 65 82 86  1
 64 65 82 86 87  1
 64 65 82 84 85  1
 64 65 80 82  1
 64 65 80 81  1
 64 65 80 81 86  1
 64 65 80 81 84 85  1
 64 65 78 79 82  1
 64 65 78 79 80 81  1
 63 80  9
 63 80 123  3
 63 78 79  9
 63 78 79 123  3
 63 64 80  3
 63 64 78 79  3
 61 70 82  1
 61 70 80 81  1
 61 68 69 82  1
 61 68 69 80 81  1
 61 66 82  1
 61 64 65 82  1
 59 82 101  1
 59 80 81 101  1
 59 70 82  1
 59 70 80 81  1
 59 68 69 82  1
 59 68 69 80 81  1
 59 66 82  1
 59 66 80 81  1
 59 64 65 82  1
 59 64 65 80 81  1
 56 70 80 105  1
 56 70 80 95  1
 56 70 78 79 105  1
 56 70 78 79 95  1
 56 68 69 80 105  1
 56 68 69 80 95  1
 56 68 69 78 79 105  1
 56 68 69 78 79 95  1
 55 86 101  1
 55 84 85 101  1
 55 70 88  1
 55 70 86  1
 55 70 86 87  1
 55 70 84 85  1
 55 68 69 88  1
 55 68 69 86  1
 55 68 69 86 87  1
 55 68 69 84 85  1
 55 66 88  1
 55 66 86  1
 55 66 86 87  1
 55 66 84 85  1
 55 66 80  1
 55 66 78 79  1
 55 64 65 88  1
 55 64 65 86  1
 55 64 65 86 87  1
 55 64 65 84 85  1
 55 64 65 80  1
 55 64 65 78 79  1
 55 61 70  1
 55 61 68 69  1
 55 61 66  1
 55 61 64 65  1
 55 59 101  1
 55 59 70  1
 55 59 68 69  1
 55 59 66  1
 55 59 64 65  1
 54 55 70 80 105  1
 54 55 70 80 95  1
 54 55 70 78 79 105  1
 54 55 70 78 79 95  1
 54 55 68 69 80 105  1
 54 55 68 69 80 95  1
 54 55 68 69 78 79 105  1
 54 55 68 69 78 79 95  1
 53 123  9
 53 122  9
 53 122 123  3
 53 113 114  1
 53 103  1
 53 82 113  5
 53 81 114  1
 53 81 82  5
 53 80 81 113  5
 53 79 80 114  1
 53 79 80 82  5
 53 79 80 81  5
 53 66 82  1
 53 66 80 81  1
 53 64  9
 53 64 122  3
 53 64 65 82  1
 53 64 65 80 81  1
 53 63  9
 53 63 123  3
 53 63 64  3
 53 56 70 105  1
 53 56 70 95  1
 53 56 68 69 105  1
 53 56 68 69 95  1
 53 55 66  1
 53 55 64 65  1
 53 54 55 70 105  1
 53 54 55 70 95  1
 53 54 55 68 69 105  1
 53 54 55 68 69 95  1
 52 53 70  1
 52 53 70 80  1
 52 53 70 78 79  1
 52 53 68 69  1
 52 53 68 69 80  1
 52 53 68 69 78 79  1
 46 82  5
 46 80 81  5
 46 56 70 80  1
 46 56 70 78 79  1
 46 56 68 69 80  1
 46 56 68 69 78 79  1
 46 54 55 70 80  1
 46 54 55 70 78 79  1
 46 54 55 68 69 80  1
 46 54 55 68 69 78 79  1
 46 53 56 70  1
 46 53 56 68 69  1
 46 53 54 55 70  1
 46 53 54 55 68 69  1
 45 105  1
 45 95  1
 45 80 113  1
 45 80 81  7
 45 79 80  1
 45 78 79 113  1
 45 78 79 81  1
 45 78 79 80  1
 45 67  1
 45 65 66  1
 45 53 113  1
 45 53 81  1
 45 53 79 80  1
 44 80 114  1
 44 80 82  5
 44 78 79 114  1
 44 78 79 82  5
 44 78 79 80 81  5
 44 53 114  1
 44 53 82  5
 44 53 80 81  5
 44 45 80  1
 44 45 78 79  1
 44 45 53  1
 43 82 88  1
 43 82 86  1
 43 82 86 87  1
 43 82 84 85  1
 43 80 81 88  1
 43 80 81 86  1
 43 80 81 86 87  1
 43 80 81 84 85  1
 43 61 82  1
 43 61 80 81  1
 43 59 82  1
 43 59 80 81  1
 43 56 80 105  1
 43 56 80 95  1
 43 56 78 79 105  1
 43 56 78 79 95  1
 43 55 88  1
 43 55 86  1
 43 55 86 87  1
 43 55 84 85  1
 43 55 61  1
 43 55 59  1
 43 54 55 80 105  1
 43 54 55 80 95  1
 43 54 55 78 79 105  1
 43 54 55 78 79 95  1
 43 53 56 105  1
 43 53 56 95  1
 43 53 54 55 105  1
 43 53 54 55 95  1
 43 52 53  1
 43 52 53 80  1
 43 52 53 78 79  1
 43 46 56 80  1
 43 46 56 78 79  1
 43 46 54 55 80  1
 43 46 54 55 78 79  1
 43 46 53 56  1
 43 46 53 54 55  1
 40 114  1
 40 82  5
 40 80 81  5
 40 45  1
 40 41 82 86  1
 40 41 82 84 85  1
 40 41 80 81 86  1
 40 41 80 81 84 85  1
 40 41 59 82  1
 40 41 59 80 81  1
 40 41 55 86  1
 40 41 55 84 85  1
 40 41 55 59  1
 39 82 88  1
 39 82 86  1
 39 82 86 87  1
 39 82 84 85  1
 39 80 82  1
 39 80 81  1
 39 80 81 86  1
 39 80 81 84 85  1
 39 78 79 82  1
 39 78 79 80 81  1
 39 61 82  1
 39 59 82  1
 39 59 80 81  1
 39 55 88  1
 39 55 86  1
 39 55 86 87  1
 39 55 84 85  1
 39 55 80  1
 39 55 78 79  1
 39 55 61  1
 39 55 59  1
 39 53 82  1
 39 53 80 81  1
 39 53 55  1
 36 114  1
 36 82  5
 36 80 81  5
 36 56 70 80  1
 36 56 70 78 79  1
 36 56 68 69 80  1
 36 56 68 69 78 79  1
 36 54 55 70 80  1
 36 54 55 70 78 79  1
 36 54 55 68 69 80  1
 36 54 55 68 69 78 79  1
 36 53 56 70  1
 36 53 56 68 69  1
 36 53 54 55 70  1
 36 53 54 55 68 69  1
 36 45  1
 36 43 56 80  1
 36 43 56 78 79  1
 36 43 54 55 80  1
 36 43 54 55 78 79  1
 36 43 53 56  1
 36 43 53 54 55  1
 36 37 80  1
 36 37 78 79  1
 36 37 53  1
 32 82 86  1
 32 82 84 85  1
 32 80 81 86  1
 32 80 81 84 85  1
 32 59 82  1
 32 59 80 81  1
 32 55 86  1
 32 55 84 85  1
 32 55 59  1
 29 70 80 105  1
 29 70 80 95  1
 29 70 78 79 105  1
 29 70 78 79 95  1
 29 68 69 80 105  1
 29 68 69 80 95  1
 29 68 69 78 79 105  1
 29 68 69 78 79 95  1
 29 53 70 105  1
 29 53 70 95  1
 29 53 68 69 105  1
 29 53 68 69 95  1
 29 46 70 80  1
 29 46 70 78 79  1
 29 46 68 69 80  1
 29 46 68 69 78 79  1
 29 46 53 70  1
 29 46 53 68 69  1
 29 43 80 105  1
 29 43 80 95  1
 29 43 78 79 105  1
 29 43 78 79 95  1
 29 43 53 105  1
 29 43 53 95  1
 29 43 46 80  1
 29 43 46 78 79  1
 29 43 46 53  1
 29 36 70 80  1
 29 36 70 78 79  1
 29 36 68 69 80  1
 29 36 68 69 78 79  1
 29 36 53 70  1
 29 36 53 68 69  1
 29 36 43 80  1
 29 36 43 78 79  1
 29 36 43 53  1
 27 70 80  1
 27 70 78 79  1
 27 68 69 80  1
 27 68 69 78 79  1
 27 53 70  1
 27 53 68 69  1
 27 43 80  1
 27 43 78 79  1
 27 43 53  1
 19 80  3
 19 78 79  3
 19 53  3
 15 82 86  1
 15 82 84 85  1
 15 80 81 86  1
 15 80 81 84 85  1
 15 59 82  1
 15 59 80 81  1
 15 55 86  1
 15 55 84 85  1
 15 55 59  1
 11 80  1
 11 78 79  1
 11 53  1
 68 80 82 88  1
 68 80 82 86 87  1
 68 80 81 88  1
 68 80 81 86 87  1
 68 78 79 82 88  1
 68 78 79 82 86 87  1
 68 78 79 80 81 88  1
 68 78 79 80 81 86 87  1
 66 80 82 88  1
 66 80 82 86 87  1
 66 78 79 82 88  1
 66 78 79 82 86 87  1
 66 78 79 80 81 88  1
 66 78 79 80 81 86 87  1
 66 67 80 82 88  1
 66 67 80 82 86 87  1
 66 67 80 81 88  1
 66 67 80 81 86 87  1
 66 67 78 79 82 88  1
 66 67 78 79 82 86 87  1
 66 67 78 79 80 81 88  1
 66 67 78 79 80 81 86 87  1
 64 65 80 82 88  1
 64 65 80 82 86 87  1
 64 65 78 79 82 88  1
 64 65 78 79 82 86 87  1
 64 65 78 79 80 81 88  1
 64 65 78 79 80 81 86 87  1
 61 68 80 82  1
 61 68 80 81  1
 61 68 78 79 82  1
 61 68 78 79 80 81  1
 61 66 80 82  1
 61 66 78 79 82  1
 61 66 78 79 80 81  1
 61 66 67 80 82  1
 61 66 67 80 81  1
 61 66 67 78 79 82  1
 61 66 67 78 79 80 81  1
 61 64 65 80 82  1
 61 64 65 78 79 82  1
 61 64 65 78 79 80 81  1
 58 82  11
 58 80 81  15
 58 68 80  1
 58 68 78 79  1
 58 66 80  1
 58 66 78 79  1
 58 66 67 80  1
 58 66 67 78 79  1
 58 64 65 80  1
 58 64 65 78 79  1
 56 57 82  11
 56 57 80 81  15
 56 57 68 80  1
 56 57 68 78 79  1
 56 57 66 80  1
 56 57 66 78 79  1
 56 57 66 67 80  1
 56 57 66 67 78 79  1
 56 57 64 65 80  1
 56 57 64 65 78 79  1
 55 68 80 88  1
 55 68 80 86 87  1
 55 68 78 79 88  1
 55 68 78 79 86 87  1
 55 66 80 88  1
 55 66 80 86 87  1
 55 66 78 79 88  1
 55 66 78 79 86 87  1
 55 66 67 80 88  1
 55 66 67 80 86 87  1
 55 66 67 78 79 88  1
 55 66 67 78 79 86 87  1
 55 64 65 80 88  1
 55 64 65 80 86 87  1
 55 64 65 78 79 88  1
 55 64 65 78 79 86 87  1
 55 61 68 80  1
 55 61 68 78 79  1
 55 61 66 80  1
 55 61 66 78 79  1
 55 61 66 67 80  1
 55 61 66 67 78 79  1
 55 61 64 65 80  1
 55 61 64 65 78 79  1
 55 58  11
 55 56 57  11
 53 68 82 88  1
 53 68 82 86 87  1
 53 68 80 81 88  1
 53 68 80 81 86 87  1
 53 66 82 88  1
 53 66 82 86 87  1
 53 66 80 81 88  1
 53 66 80 81 86 87  1
 53 66 67 82 88  1
 53 66 67 82 86 87  1
 53 66 67 80 81 88  1
 53 66 67 80 81 86 87  1
 53 64 65 82 88  1
 53 64 65 82 86 87  1
 53 64 65 80 81 88  1
 53 64 65 80 81 86 87  1
 53 61 68 82  1
 53 61 68 80 81  1
 53 61 66 82  1
 53 61 66 80 81  1
 53 61 66 67 82  1
 53 61 66 67 80 81  1
 53 61 64 65 82  1
 53 61 64 65 80 81  1
 53 58 68  1
 53 58 66  1
 53 58 66 67  1
 53 58 64 65  1
 53 56 57 68  1
 53 56 57 66  1
 53 56 57 66 67  1
 53 56 57 64 65  1
 53 55 68 88  1
 53 55 68 86 87  1
 53 55 66 88  1
 53 55 66 86 87  1
 53 55 66 67 88  1
 53 55 66 67 86 87  1
 53 55 64 65 88  1
 53 55 64 65 86 87  1
 53 55 61 68  1
 53 55 61 66  1
 53 55 61 66 67  1
 53 55 61 64 65  1
 41 80 82 88  1
 41 80 82 86 87  1
 41 80 81 88  1
 41 80 81 86 87  1
 41 78 79 82 88  1
 41 78 79 82 86 87  1
 41 78 79 80 81 88  1
 41 78 79 80 81 86 87  1
 41 61 80 82  1
 41 61 80 81  1
 41 61 78 79 82  1
 41 61 78 79 80 81  1
 41 58 80  1
 41 58 78 79  1
 41 56 57 80  1
 41 56 57 78 79  1
 41 55 80 88  1
 41 55 80 86 87  1
 41 55 78 79 88  1
 41 55 78 79 86 87  1
 41 55 61 80  1
 41 55 61 78 79  1
 41 53 82 88  1
 41 53 82 86 87  1
 41 53 80 81 88  1
 41 53 80 81 86 87  1
 41 53 61 82  1
 41 53 61 80 81  1
 41 53 58  1
 41 53 56 57  1
 41 53 55 88  1
 41 53 55 86 87  1
 41 53 55 61  1
 39 80 82 88  1
 39 80 82 86 87  1
 39 78 79 82 88  1
 39 78 79 82 86 87  1
 39 78 79 80 81 88  1
 39 78 79 80 81 86 87  1
 39 61 80 82  1
 39 61 78 79 82  1
 39 61 78 79 80 81  1
 39 58 80  1
 39 58 78 79  1
 39 56 57 80  1
 39 56 57 78 79  1
 39 55 80 88  1
 39 55 80 86 87  1
 39 55 78 79 88  1
 39 55 78 79 86 87  1
 39 55 61 80  1
 39 55 61 78 79  1
 39 53 82 88  1
 39 53 82 86 87  1
 39 53 80 81 88  1
 39 53 80 81 86 87  1
 39 53 61 82  1
 39 53 61 80 81  1
 39 53 58  1
 39 53 56 57  1
 39 53 55 88  1
 39 53 55 86 87  1
 39 53 55 61  1
 31 82  11
 31 80 81  15
 31 68 80  1
 31 68 78 79  1
 31 66 80  1
 31 66 78 79  1
 31 66 67 80  1
 31 66 67 78 79  1
 31 64 65 80  1
 31 64 65 78 79  1
 31 55  11
 31 53 68  1
 31 53 66  1
 31 53 66 67  1
 31 53 64 65  1
 31 41 80  1
 31 41 78 79  1
 31 41 53  1
 31 39 80  1
 31 39 78 79  1
 31 39 53  1
