 67  7
 65 66  7
 40  7
 87  5
 85  7
 85 86  5
 83 84  7
 60  5
 58  7
 53  1
 51 52  1
 26  1
 43 86  5
 43 86 90  1
 43 84 85  5
 43 84 85 90  1
 43 75 83 86  1
 43 75 83 84 85  1
 43 75 81 82 86  1
 43 75 81 82 84 85  1
 43 73 74 83 86  1
 43 73 74 83 84 85  1
 43 73 74 81 82 86  1
 43 73 74 81 82 84 85  1
 43 59  5
 43 59 90  1
 43 59 75 83  1
 43 59 75 81 82  1
 43 59 73 74 83  1
 43 59 73 74 81 82  1
 43 56 75 86  1
 43 56 75 84 85  1
 43 56 73 74 86  1
 43 56 73 74 84 85  1
 43 56 59 75  1
 43 56 59 73 74  1
 43 48 83 86  1
 43 48 83 84 85  1
 43 48 81 82 86  1
 43 48 81 82 84 85  1
 43 48 59 83  1
 43 48 59 81 82  1
 43 48 56 86  1
 43 48 56 84 85  1
 43 48 56 59  1
 41 42 86  5
 41 42 86 90  1
 41 42 84 85  5
 41 42 84 85 90  1
 41 42 75 83 86  1
 41 42 75 83 84 85  1
 41 42 75 81 82 86  1
 41 42 75 81 82 84 85  1
 41 42 73 74 83 86  1
 41 42 73 74 83 84 85  1
 41 42 73 74 81 82 86  1
 41 42 73 74 81 82 84 85  1
 41 42 59  5
 41 42 59 90  1
 41 42 59 75 83  1
 41 42 59 75 81 82  1
 41 42 59 73 74 83  1
 41 42 59 73 74 81 82  1
 41 42 56 75 86  1
 41 42 56 75 84 85  1
 41 42 56 73 74 86  1
 41 42 56 73 74 84 85  1
 41 42 56 59 75  1
 41 42 56 59 73 74  1
 41 42 48 83 86  1
 41 42 48 83 84 85  1
 41 42 48 81 82 86  1
 41 42 48 81 82 84 85  1
 41 42 48 59 83  1
 41 42 48 59 81 82  1
 41 42 48 56 86  1
 41 42 48 56 84 85  1
 41 42 48 56 59  1
 31 43 86  1
 31 43 84 85  1
 31 43 59  1
 31 41 42 86  1
 31 41 42 84 85  1
 31 41 42 59  1
 21 43 86  1
 21 43 84 85  1
 21 43 59  1
 21 41 42 86  1
 21 41 42 84 85  1
 21 41 42 59  1
 16 86  5
 16 86 90  1
 16 84 85  5
 16 84 85 90  1
 16 75 83 86  1
 16 75 83 84 85  1
 16 75 81 82 86  1
 16 75 81 82 84 85  1
 16 73 74 83 86  1
 16 73 74 83 84 85  1
 16 73 74 81 82 86  1
 16 73 74 81 82 84 85  1
 16 59  5
 16 59 90  1
 16 59 75 83  1
 16 59 75 81 82  1
 16 59 73 74 83  1
 16 59 73 74 81 82  1
 16 56 75 86  1
 16 56 75 84 85  1
 16 56 73 74 86  1
 16 56 73 74 84 85  1
 16 56 59 75  1
 16 56 59 73 74  1
 16 48 83 86  1
 16 48 83 84 85  1
 16 48 81 82 86  1
 16 48 81 82 84 85  1
 16 48 59 83  1
 16 48 59 81 82  1
 16 48 56 86  1
 16 48 56 84 85  1
 16 48 56 59  1
 16 31 86  1
 16 31 84 85  1
 16 31 59  1
 16 21 86  1
 16 21 84 85  1
 16 21 59  1
