 108  1
 99  1
 98  1
 84  5
 83 87  1
 83 85 86  1
 83 84  5
 82 83  9
 81 85  1
 81 83 84  1
 81 82  15
 81 82 87  1
 81 82 85 86  1
 81 82 84  3
 81 82 83  3
 80 81 83  1
 80 81 82  1
 79 80 85  1
 79 80 83 84  1
 71 83  1
 71 81 82  1
 70  1
 69  3
 68 69  1
 67 68  3
 60 83  1
 60 81 82  1
 58 81  1
 58 79 80  1
 57  5
 57 83  5
 57 81 82  5
 57 67  1
 57 65 66  1
 56 87  1
 56 85 86  1
 56 84  3
 56 82  1
 56 82 83  3
 56 80 81  1
 56 71  1
 56 60  1
 56 57  5
 55 83  1
 55 81 82  1
 55 56  3
 55 56 67  1
 55 56 65 66  1
 54 85  1
 54 83 84  1
 54 58  1
 49  1
 43  1
 43 57  3
 43 57 83  3
 43 57 81 82  3
 43 56 57  3
 43 55 56 83  3
 43 55 56 81 82  3
 42  3
 41 42 57  3
 41 42 57 83  3
 41 42 57 81 82  3
 41 42 56 57  3
 41 42 55 56 83  3
 41 42 55 56 81 82  3
 40  9
 40 57  1
 40 55 56  1
 39  1
 39 43  1
 39 43 55 83  3
 39 43 55 81 82  3
 39 43 55 56  3
 39 43 53 54 83  3
 39 43 53 54 81 82  3
 39 43 53 54 56  3
 39 41 42  1
 39 41 42 55 83  3
 39 41 42 55 81 82  3
 39 41 42 55 56  3
 39 41 42 53 54 83  3
 39 41 42 53 54 81 82  3
 39 41 42 53 54 56  3
 37 43 55 81  1
 37 43 55 79 80  1
 37 43 54 55  1
 37 43 53 54  1
 37 43 53 54 81  1
 37 43 53 54 79 80  1
 37 41 42 55 81  1
 37 41 42 55 79 80  1
 37 41 42 54 55  1
 37 41 42 53 54  1
 37 41 42 53 54 81  1
 37 41 42 53 54 79 80  1
 37 38 43  1
 37 38 43 55 83  3
 37 38 43 55 81 82  3
 37 38 43 55 56  3
 37 38 43 53 54 83  3
 37 38 43 53 54 81 82  3
 37 38 43 53 54 56  3
 37 38 41 42  1
 37 38 41 42 55 83  3
 37 38 41 42 55 81 82  3
 37 38 41 42 55 56  3
 37 38 41 42 53 54 83  3
 37 38 41 42 53 54 81 82  3
 37 38 41 42 53 54 56  3
 35 36 43 55 81  1
 35 36 43 55 79 80  1
 35 36 43 54 55  1
 35 36 43 53 54  1
 35 36 43 53 54 81  1
 35 36 43 53 54 79 80  1
 35 36 41 42 55 81  1
 35 36 41 42 55 79 80  1
 35 36 41 42 54 55  1
 35 36 41 42 53 54  1
 35 36 41 42 53 54 81  1
 35 36 41 42 53 54 79 80  1
 31 43 55 83  1
 31 43 55 81 82  1
 31 43 55 56  1
 31 43 53 54 83  1
 31 43 53 54 81 82  1
 31 43 53 54 56  1
 31 41 42 55 83  1
 31 41 42 55 81 82  1
 31 41 42 55 56  1
 31 41 42 53 54 83  1
 31 41 42 53 54 81 82  1
 31 41 42 53 54 56  1
 30  1
 30 67  1
 30 65 66  1
 30 43  3
 30 43 83  3
 30 43 81 82  3
 30 43 56  3
 30 41 42  3
 30 41 42 83  3
 30 41 42 81 82  3
 30 41 42 56  3
 30 40  1
 29 30 43 55 83  1
 29 30 43 55 81 82  1
 29 30 43 55 56  1
 29 30 43 53 54 83  1
 29 30 43 53 54 81 82  1
 29 30 43 53 54 56  1
 29 30 41 42 55 83  1
 29 30 41 42 55 81 82  1
 29 30 41 42 55 56  1
 29 30 41 42 53 54 83  1
 29 30 41 42 53 54 81 82  1
 29 30 41 42 53 54 56  1
 28 39 43 83  3
 28 39 43 81 82  3
 28 39 43 56  3
 28 39 41 42 83  3
 28 39 41 42 81 82  3
 28 39 41 42 56  3
 28 37 43 81  1
 28 37 43 79 80  1
 28 37 43 54  1
 28 37 41 42 81  1
 28 37 41 42 79 80  1
 28 37 41 42 54  1
 28 37 38 43 83  3
 28 37 38 43 81 82  3
 28 37 38 43 56  3
 28 37 38 41 42 83  3
 28 37 38 41 42 81 82  3
 28 37 38 41 42 56  3
 28 35 36 43 81  1
 28 35 36 43 79 80  1
 28 35 36 43 54  1
 28 35 36 41 42 81  1
 28 35 36 41 42 79 80  1
 28 35 36 41 42 54  1
 28 31 43 83  1
 28 31 43 81 82  1
 28 31 43 56  1
 28 31 41 42 83  1
 28 31 41 42 81 82  1
 28 31 41 42 56  1
 28 29 30 43 83  1
 28 29 30 43 81 82  1
 28 29 30 43 56  1
 28 29 30 41 42 83  1
 28 29 30 41 42 81 82  1
 28 29 30 41 42 56  1
 16 57  3
 16 57 83  3
 16 57 81 82  3
 16 56 57  3
 16 55 56 83  3
 16 55 56 81 82  3
 16 39  1
 16 39 55 83  3
 16 39 55 81 82  3
 16 39 55 56  3
 16 39 53 54 83  3
 16 39 53 54 81 82  3
 16 39 53 54 56  3
 16 37 55 81  1
 16 37 55 79 80  1
 16 37 54 55  1
 16 37 53 54  1
 16 37 53 54 81  1
 16 37 53 54 79 80  1
 16 37 38  1
 16 37 38 55 83  3
 16 37 38 55 81 82  3
 16 37 38 55 56  3
 16 37 38 53 54 83  3
 16 37 38 53 54 81 82  3
 16 37 38 53 54 56  3
 16 35 36 55 81  1
 16 35 36 55 79 80  1
 16 35 36 54 55  1
 16 35 36 53 54  1
 16 35 36 53 54 81  1
 16 35 36 53 54 79 80  1
 16 31 55 83  1
 16 31 55 81 82  1
 16 31 55 56  1
 16 31 53 54 83  1
 16 31 53 54 81 82  1
 16 31 53 54 56  1
 16 30  3
 16 30 83  3
 16 30 81 82  3
 16 30 56  3
 16 29 30 55 83  1
 16 29 30 55 81 82  1
 16 29 30 55 56  1
 16 29 30 53 54 83  1
 16 29 30 53 54 81 82  1
 16 29 30 53 54 56  1
 16 28 39 83  3
 16 28 39 81 82  3
 16 28 39 56  3
 16 28 37 81  1
 16 28 37 79 80  1
 16 28 37 54  1
 16 28 37 38 83  3
 16 28 37 38 81 82  3
 16 28 37 38 56  3
 16 28 35 36 81  1
 16 28 35 36 79 80  1
 16 28 35 36 54  1
 16 28 31 83  1
 16 28 31 81 82  1
 16 28 31 56  1
 16 28 29 30 83  1
 16 28 29 30 81 82  1
 16 28 29 30 56  1
 12 83  7
 12 81 82  7
 12 56  7
 12 43  1
 12 43 55 83  3
 12 43 55 81 82  3
 12 43 55 56  3
 12 43 53 54 83  3
 12 43 53 54 81 82  3
 12 43 53 54 56  3
 12 41 42  1
 12 41 42 55 83  3
 12 41 42 55 81 82  3
 12 41 42 55 56  3
 12 41 42 53 54 83  3
 12 41 42 53 54 81 82  3
 12 41 42 53 54 56  3
 12 28 43 83  3
 12 28 43 81 82  3
 12 28 43 56  3
 12 28 41 42 83  3
 12 28 41 42 81 82  3
 12 28 41 42 56  3
 12 16  1
 12 16 55 83  3
 12 16 55 81 82  3
 12 16 55 56  3
 12 16 53 54 83  3
 12 16 53 54 81 82  3
 12 16 53 54 56  3
 12 16 28 83  3
 12 16 28 81 82  3
 12 16 28 56  3
 10 43 55 81  1
 10 43 55 79 80  1
 10 43 54 55  1
 10 43 53 54  1
 10 43 53 54 81  1
 10 43 53 54 79 80  1
 10 41 42 55 81  1
 10 41 42 55 79 80  1
 10 41 42 54 55  1
 10 41 42 53 54  1
 10 41 42 53 54 81  1
 10 41 42 53 54 79 80  1
 10 28 43 81  1
 10 28 43 79 80  1
 10 28 43 54  1
 10 28 41 42 81  1
 10 28 41 42 79 80  1
 10 28 41 42 54  1
 10 16 55 81  1
 10 16 55 79 80  1
 10 16 54 55  1
 10 16 53 54  1
 10 16 53 54 81  1
 10 16 53 54 79 80  1
 10 16 28 81  1
 10 16 28 79 80  1
 10 16 28 54  1
 4 43 55 83  1
 4 43 55 81 82  1
 4 43 55 56  1
 4 43 53 54 83  1
 4 43 53 54 81 82  1
 4 43 53 54 56  1
 4 41 42 55 83  1
 4 41 42 55 81 82  1
 4 41 42 55 56  1
 4 41 42 53 54 83  1
 4 41 42 53 54 81 82  1
 4 41 42 53 54 56  1
 4 28 43 83  1
 4 28 43 81 82  1
 4 28 43 56  1
 4 28 41 42 83  1
 4 28 41 42 81 82  1
 4 28 41 42 56  1
 4 16 55 83  1
 4 16 55 81 82  1
 4 16 55 56  1
 4 16 53 54 83  1
 4 16 53 54 81 82  1
 4 16 53 54 56  1
 4 16 28 83  1
 4 16 28 81 82  1
 4 16 28 56  1
 2 83  1
 2 81 82  1
 2 56  1
 43 83  1
 43 81 82  1
 43 67 81  1
 43 67 79 80  1
 43 65 66 81  1
 43 65 66 79 80  1
 43 56  1
 43 54 67  1
 43 54 65 66  1
 41 42 83  1
 41 42 81 82  1
 41 42 67 81  1
 41 42 67 79 80  1
 41 42 65 66 81  1
 41 42 65 66 79 80  1
 41 42 56  1
 41 42 54 67  1
 41 42 54 65 66  1
 40 43 81  1
 40 43 79 80  1
 40 43 54  1
 40 41 42 81  1
 40 41 42 79 80  1
 40 41 42 54  1
 16 83  1
 16 81 82  1
 16 67 81  1
 16 67 79 80  1
 16 65 66 81  1
 16 65 66 79 80  1
 16 56  1
 16 54 67  1
 16 54 65 66  1
 16 40 81  1
 16 40 79 80  1
 16 40 54  1
 61 101  3
 61 101 118  1
 61 99 100  3
 61 99 100 118  1
 61 74  3
 61 74 118  1
 59 61 101  1
 59 61 99 100  1
 59 61 74  1
 59 60 101 118  1
 59 60 99 100 118  1
 59 60 74 118  1
 51 61  3
 51 61 118  1
 51 59 61  1
 51 59 60 118  1
 49 50 61  3
 49 50 61 118  1
 49 50 59 61  1
 49 50 59 60 118  1
 42 61  3
 42 61 118  1
 42 59 61  1
 42 59 60 118  1
 41 61 99  3
 41 61 99 118  1
 41 59 61 99  1
 41 59 60 99 118  1
 40 61 100  3
 40 61 100 118  1
 40 59 61 100  1
 40 59 60 100 118  1
 40 41 61  3
 40 41 61 118  1
 40 41 59 61  1
 40 41 59 60 118  1
 34 101  3
 34 101 118  1
 34 99 100  3
 34 99 100 118  1
 34 74  3
 34 74 118  1
 34 59 101  1
 34 59 99 100  1
 34 59 74  1
 34 51  3
 34 51 118  1
 34 51 59  1
 34 49 50  3
 34 49 50 118  1
 34 49 50 59  1
 34 42  3
 34 42 118  1
 34 42 59  1
 34 41 99  3
 34 41 99 118  1
 34 41 59 99  1
 34 40 100  3
 34 40 100 118  1
 34 40 59 100  1
 34 40 41  3
 34 40 41 118  1
 34 40 41 59  1
 24 61  3
 24 61 118  1
 24 59 61  1
 24 59 60 118  1
 24 34  3
 24 34 118  1
 24 34 59  1
 17 61 101  1
 17 61 99 100  1
 17 61 74  1
 17 59 60 101  1
 17 59 60 99 100  1
 17 59 60 74  1
 17 51 61  1
 17 51 59 60  1
 17 49 50 61  1
 17 49 50 59 60  1
 17 42 61  1
 17 42 59 60  1
 17 41 61 99  1
 17 41 59 60 99  1
 17 40 61 100  1
 17 40 59 60 100  1
 17 40 41 61  1
 17 40 41 59 60  1
 17 34 101  1
 17 34 99 100  1
 17 34 74  1
 17 34 51  1
 17 34 49 50  1
 17 34 42  1
 17 34 41 99  1
 17 34 40 100  1
 17 34 40 41  1
 17 24 61  1
 17 24 59 60  1
 17 24 34  1
 15 61  3
 15 61 118  1
 15 59 61  1
 15 59 60 118  1
 15 34  3
 15 34 118  1
 15 34 59  1
 15 17 61  1
 15 17 59 60  1
 15 17 34  1
 15 16 61  9
 15 16 61 101  1
 15 16 61 99 100  1
 15 16 61 74  1
 15 16 59 60  9
 15 16 59 60 101  1
 15 16 59 60 99 100  1
 15 16 59 60 74  1
 15 16 51 61  1
 15 16 51 59 60  1
 15 16 49 50 61  1
 15 16 49 50 59 60  1
 15 16 42 61  1
 15 16 42 59 60  1
 15 16 41 61 99  1
 15 16 41 59 60 99  1
 15 16 40 61 100  1
 15 16 40 59 60 100  1
 15 16 40 41 61  1
 15 16 40 41 59 60  1
 15 16 34  9
 15 16 34 101  1
 15 16 34 99 100  1
 15 16 34 74  1
 15 16 34 51  1
 15 16 34 49 50  1
 15 16 34 42  1
 15 16 34 41 99  1
 15 16 34 40 100  1
 15 16 34 40 41  1
 15 16 24 61  1
 15 16 24 59 60  1
 15 16 24 34  1
 43 81 85  1
 43 81 83 84  1
 43 79 80 85  1
 43 79 80 83 84  1
 43 58 81  1
 43 58 79 80  1
 43 54 85  1
 43 54 83 84  1
 43 54 58  1
 43 53  1
 43 51 52  1
 41 42 81 85  1
 41 42 81 83 84  1
 41 42 79 80 85  1
 41 42 79 80 83 84  1
 41 42 58 81  1
 41 42 58 79 80  1
 41 42 54 85  1
 41 42 54 83 84  1
 41 42 54 58  1
 41 42 53  1
 41 42 51 52  1
 26 43  1
 26 41 42  1
 16 81 85  1
 16 81 83 84  1
 16 79 80 85  1
 16 79 80 83 84  1
 16 58 81  1
 16 58 79 80  1
 16 54 85  1
 16 54 83 84  1
 16 54 58  1
 16 53  1
 16 51 52  1
 16 26  1
 81 86  1
 81 84 85  1
 79 80 86  1
 79 80 84 85  1
 59 81  1
 59 79 80  1
 55 81  5
 55 79 80  5
 55 69 81  1
 55 69 79 80  1
 55 67 68 81  1
 55 67 68 79 80  1
 54 86  1
 54 84 85  1
 54 59  1
 54 55  5
 54 55 69  1
 54 55 67 68  1
 53 54  5
 53 54 81  5
 53 54 79 80  5
 53 54 69  1
 53 54 69 81  1
 53 54 69 79 80  1
 53 54 67 68  1
 53 54 67 68 81  1
 53 54 67 68 79 80  1
 42 55 81  1
 42 55 79 80  1
 42 54 55  1
 42 53 54  1
 42 53 54 81  1
 42 53 54 79 80  1
 28 81  5
 28 79 80  5
 28 69 81  1
 28 69 79 80  1
 28 67 68 81  1
 28 67 68 79 80  1
 28 54  5
 28 54 69  1
 28 54 67 68  1
 28 42 81  1
 28 42 79 80  1
 28 42 54  1
