  51
 87  15
 85 86  15
 65  1
 63 64  1
 60  15
 38  1
 43 69 87  1
 43 69 85 86  1
 43 67  1
 43 67 68 87  1
 43 67 68 85 86  1
 43 65 66  1
 43 60 69  1
 43 60 67 68  1
 42 43 87  1
 42 43 85 86  1
 42 43 60  1
 41 42 87  1
 41 42 85 86  1
 41 42 69 87  1
 41 42 69 85 86  1
 41 42 67  1
 41 42 67 68 87  1
 41 42 67 68 85 86  1
 41 42 65 66  1
 41 42 60  1
 41 42 60 69  1
 41 42 60 67 68  1
 40 43  1
 40 41 42  1
 16 69 87  1
 16 69 85 86  1
 16 67  1
 16 67 68 87  1
 16 67 68 85 86  1
 16 65 66  1
 16 60 69  1
 16 60 67 68  1
 16 42 87  1
 16 42 85 86  1
 16 42 60  1
 16 40  1
 85  3
 83 84  3
 58  3
 74 81  1
 74 79 80  1
 73 81 87  1
 73 81 85 86  1
 73 79 80 87  1
 73 79 80 85 86  1
 72 73 81  1
 72 73 79 80  1
 71 72 81 87  1
 71 72 81 85 86  1
 71 72 79 80 87  1
 71 72 79 80 85 86  1
 60 73 81  1
 60 73 79 80  1
 60 71 72 81  1
 60 71 72 79 80  1
 54 74  1
 54 73 87  1
 54 73 85 86  1
 54 72 73  1
 54 71 72 87  1
 54 71 72 85 86  1
 54 60 73  1
 54 60 71 72  1
 47 81  1
 47 79 80  1
 47 54  1
 46 81 87  1
 46 81 85 86  1
 46 79 80 87  1
 46 79 80 85 86  1
 46 60 81  1
 46 60 79 80  1
 46 54 87  1
 46 54 85 86  1
 46 54 60  1
 37  5
 35 36  5
 10  5
