 86  3
 83 84  1
 82 83 85  1
 82 83 84  1
 71  1
 69 70  1
 59  3
 58 88 92  1
 58 88 90 91  1
 58 86 87 92  1
 58 86 87 90 91  1
 58 84  1
 58 82 83  1
 58 68 88  1
 58 68 86 87  1
 58 66 67 88  1
 58 66 67 86 87  1
 58 65 88  1
 58 65 86 87  1
 58 61 92  1
 58 61 90 91  1
 58 61 68  1
 58 61 66 67  1
 58 61 65  1
 57 85  1
 57 83 84  1
 57 58  1
 56 57 88 92  1
 56 57 88 90 91  1
 56 57 86 87 92  1
 56 57 86 87 90 91  1
 56 57 68 88  1
 56 57 68 86 87  1
 56 57 66 67 88  1
 56 57 66 67 86 87  1
 56 57 65 88  1
 56 57 65 86 87  1
 56 57 61 92  1
 56 57 61 90 91  1
 56 57 61 68  1
 56 57 61 66 67  1
 56 57 61 65  1
 44  1
 41 58 88  1
 41 58 86 87  1
 41 58 61  1
 41 56 57 88  1
 41 56 57 86 87  1
 41 56 57 61  1
 31 88 92  1
 31 88 90 91  1
 31 86 87 92  1
 31 86 87 90 91  1
 31 68 88  1
 31 68 86 87  1
 31 66 67 88  1
 31 66 67 86 87  1
 31 65 88  1
 31 65 86 87  1
 31 61 92  1
 31 61 90 91  1
 31 61 68  1
 31 61 66 67  1
 31 61 65  1
 31 41 88  1
 31 41 86 87  1
 31 41 61  1
 88  9
 86 87  9
 68 88  1
 68 86 92  1
 68 86 90 91  1
 68 86 87  1
 68 84 85 92  1
 68 84 85 90 91  1
 68 80 92  3
 68 80 90 91  3
 68 78 79 92  3
 68 78 79 90 91  3
 66 67 88  1
 66 67 86 92  1
 66 67 86 90 91  1
 66 67 86 87  1
 66 67 84 85 92  1
 66 67 84 85 90 91  1
 66 67 80 92  3
 66 67 80 90 91  3
 66 67 78 79 92  3
 66 67 78 79 90 91  3
 65 68 86  1
 65 68 84 85  1
 65 68 80  3
 65 68 78 79  3
 65 66 67 86  1
 65 66 67 84 85  1
 65 66 67 80  3
 65 66 67 78 79  3
 61  9
 61 68  1
 61 66 67  1
 59 68 92  1
 59 68 90 91  1
 59 66 67 92  1
 59 66 67 90 91  1
 59 65 68  1
 59 65 66 67  1
 53 68 92  3
 53 68 90 91  3
 53 66 67 92  3
 53 66 67 90 91  3
 53 65 68  3
 53 65 66 67  3
 41 88  1
 41 86 92  1
 41 86 90 91  1
 41 86 87  1
 41 84 85 92  1
 41 84 85 90 91  1
 41 80 92  3
 41 80 90 91  3
 41 78 79 92  3
 41 78 79 90 91  3
 41 65 86  1
 41 65 84 85  1
 41 65 80  3
 41 65 78 79  3
 41 61  1
 41 59 92  1
 41 59 90 91  1
 41 59 65  1
 41 53 92  3
 41 53 90 91  3
 41 53 65  3
