 88  77
 86 87  79
 84  25
 82 83  27
 80  149
 80 84  27
 80 84 85  21
 80 82 83  27
 78 79  149
 78 79 84  27
 78 79 84 85  21
 78 79 82 83  27
 72 80  9
 72 78 79  9
 68 80 88  1
 68 80 86 87  1
 68 80 84  1
 68 80 82 83  1
 68 78 79 88  1
 68 78 79 86 87  1
 68 78 79 84  1
 68 78 79 82 83  1
 68 69 86  35
 68 69 84 85  37
 66 70 80 86  3
 66 70 80 84 85  3
 66 70 78 79 86  3
 66 70 78 79 84 85  3
 66 68 69 80 86  3
 66 68 69 80 84 85  3
 66 68 69 78 79 86  3
 66 68 69 78 79 84 85  3
 66 67 80 88  1
 66 67 80 86 87  1
 66 67 80 84  1
 66 67 80 82 83  1
 66 67 78 79 88  1
 66 67 78 79 86 87  1
 66 67 78 79 84  1
 66 67 78 79 82 83  1
 64 65 70 80 86  3
 64 65 70 80 84 85  3
 64 65 70 78 79 86  3
 64 65 70 78 79 84 85  3
 64 65 68 69 80 86  3
 64 65 68 69 80 84 85  3
 64 65 68 69 78 79 86  3
 64 65 68 69 78 79 84 85  3
 61  77
 61 68 80  1
 61 68 78 79  1
 61 66 67 80  1
 61 66 67 78 79  1
 59 68 69  35
 59 66 70 80  3
 59 66 70 78 79  3
 59 66 68 69 80  3
 59 66 68 69 78 79  3
 59 64 65 70 80  3
 59 64 65 70 78 79  3
 59 64 65 68 69 80  3
 59 64 65 68 69 78 79  3
 57 80  27
 57 78 79  27
 57 68 80  1
 57 68 78 79  1
 57 66 67 80  1
 57 66 67 78 79  1
 53  149
 53 84  27
 53 84 85  21
 53 82 83  27
 53 72  9
 53 68 88  1
 53 68 86 87  1
 53 68 84  1
 53 68 82 83  1
 53 66 70 86  3
 53 66 70 84 85  3
 53 66 68 69 86  3
 53 66 68 69 84 85  3
 53 66 67 88  1
 53 66 67 86 87  1
 53 66 67 84  1
 53 66 67 82 83  1
 53 64 65 70 86  3
 53 64 65 70 84 85  3
 53 64 65 68 69 86  3
 53 64 65 68 69 84 85  3
 53 61 68  1
 53 61 66 67  1
 53 59 66 70  3
 53 59 66 68 69  3
 53 59 64 65 70  3
 53 59 64 65 68 69  3
 53 57  27
 53 57 68  1
 53 57 66 67  1
 46 80  9
 46 78 79  9
 46 53  9
 43 66 80 86  3
 43 66 80 84 85  3
 43 66 78 79 86  3
 43 66 78 79 84 85  3
 43 64 65 80 86  3
 43 64 65 80 84 85  3
 43 64 65 78 79 86  3
 43 64 65 78 79 84 85  3
 43 59 66 80  3
 43 59 66 78 79  3
 43 59 64 65 80  3
 43 59 64 65 78 79  3
 43 53 66 86  3
 43 53 66 84 85  3
 43 53 64 65 86  3
 43 53 64 65 84 85  3
 43 53 59 66  3
 43 53 59 64 65  3
 41 80 88  1
 41 80 86 87  1
 41 80 84  1
 41 80 82 83  1
 41 78 79 88  1
 41 78 79 86 87  1
 41 78 79 84  1
 41 78 79 82 83  1
 41 61 80  1
 41 61 78 79  1
 41 57 80  1
 41 57 78 79  1
 41 53 88  1
 41 53 86 87  1
 41 53 84  1
 41 53 82 83  1
 41 53 61  1
 41 53 57  1
 39 70 80 86  3
 39 70 80 84 85  3
 39 70 78 79 86  3
 39 70 78 79 84 85  3
 39 68 69 80 86  3
 39 68 69 80 84 85  3
 39 68 69 78 79 86  3
 39 68 69 78 79 84 85  3
 39 59 70 80  3
 39 59 70 78 79  3
 39 59 68 69 80  3
 39 59 68 69 78 79  3
 39 53 70 86  3
 39 53 70 84 85  3
 39 53 68 69 86  3
 39 53 68 69 84 85  3
 39 53 59 70  3
 39 53 59 68 69  3
 39 43 80 86  3
 39 43 80 84 85  3
 39 43 78 79 86  3
 39 43 78 79 84 85  3
 39 43 59 80  3
 39 43 59 78 79  3
 39 43 53 86  3
 39 43 53 84 85  3
 39 43 53 59  3
 13 80  1
 13 78 79  1
 13 53  1
 3 80  1
 3 78 79  1
 3 53  1
 88 105  1
 88 99  1
 88 95  1
 88 93  1
 86 127  1
 86 117  1
 86 92 99  3
 86 90 91 99  3
 86 87 105  1
 86 87 99  1
 86 87 95  1
 86 87 93  1
 85 86 92  5
 85 86 92 99  1
 85 86 90 91  5
 85 86 90 91 99  1
 84 85  63
 84 85 127  1
 84 85 117  1
 84 85 92  33
 84 85 90 91  33
 83 88  1
 83 86 87  1
 83 84 86  3
 83 84 86 92  5
 83 84 86 92 99  1
 83 84 86 90 91  5
 83 84 86 90 91 99  1
 83 84 85 92  5
 83 84 85 92 99  1
 83 84 85 90 91  5
 83 84 85 90 91 99  1
 82 85 86  3
 82 85 86 92  1
 82 85 86 90 91  1
 82 84 85  35
 82 84 85 92  9
 82 84 85 90 91  9
 82 83 84 86  3
 82 83 84 86 92  1
 82 83 84 86 90 91  1
 82 83 84 85  3
 82 83 84 85 92  1
 82 83 84 85 90 91  1
 80 84 86  1
 80 82 83 86  1
 80 82 83 84 85  1
 80 81 85 86  3
 80 81 85 86 92  1
 80 81 85 86 90 91  1
 80 81 84 85  35
 80 81 84 85 92  9
 80 81 84 85 90 91  9
 80 81 83 84 86  3
 80 81 83 84 86 92  1
 80 81 83 84 86 90 91  1
 80 81 83 84 85  3
 80 81 83 84 85 92  1
 80 81 83 84 85 90 91  1
 78 79 84 86  1
 78 79 82 83 86  1
 78 79 82 83 84 85  1
 74 80 86  3
 74 80 84 85  3
 74 78 79 86  3
 74 78 79 84 85  3
 73 88  1
 73 86 87  1
 73 80 84  1
 73 80 82 83  1
 73 78 79 84  1
 73 78 79 82 83  1
 72 73 80 86  3
 72 73 80 84 85  3
 72 73 78 79 86  3
 72 73 78 79 84 85  3
 71 72 88  1
 71 72 86 87  1
 71 72 80 84  1
 71 72 80 82 83  1
 71 72 78 79 84  1
 71 72 78 79 82 83  1
 70 82  41
 70 80 86 92  1
 70 80 86 90 91  1
 70 80 84 85 92  1
 70 80 84 85 90 91  1
 70 80 81  47
 70 78 79 86 92  1
 70 78 79 86 90 91  1
 70 78 79 84 85 92  1
 70 78 79 84 85 90 91  1
 70 71 82 86  9
 70 71 82 84 85  11
 70 71 80 81 86  9
 70 71 80 81 84 85  11
 68 88  5
 68 86 87  5
 68 82  21
 68 80 81  21
 68 69 82  45
 68 69 80 86 92  1
 68 69 80 86 90 91  1
 68 69 80 84 85 92  1
 68 69 80 84 85 90 91  1
 68 69 80 81  51
 68 69 78 79 86 92  1
 68 69 78 79 86 90 91  1
 68 69 78 79 84 85 92  1
 68 69 78 79 84 85 90 91  1
 66 67  43
 66 67 88  5
 66 67 86  1
 66 67 86 87  5
 66 67 84 85  1
 66 67 82  21
 66 67 80 81  21
 66 67 69  21
 66 67 68  21
 65 86 99  3
 65 85 86  5
 65 85 86 99  1
 65 84 85  33
 65 83 84 86  5
 65 83 84 86 99  1
 65 83 84 85  5
 65 83 84 85 99  1
 65 82 85 86  1
 65 82 84 85  9
 65 82 83 84 86  1
 65 82 83 84 85  1
 65 80 81 85 86  1
 65 80 81 84 85  9
 65 80 81 83 84 86  1
 65 80 81 83 84 85  1
 65 70 80 86  1
 65 70 80 84 85  1
 65 70 78 79 86  1
 65 70 78 79 84 85  1
 65 68 69 80 86  1
 65 68 69 80 84 85  1
 65 68 69 78 79 86  1
 65 68 69 78 79 84 85  1
 61 105  1
 61 99  1
 61 95  1
 61 93  1
 61 83  1
 61 73  1
 61 71 72  1
 61 68  5
 61 66 67  5
 59  61
 59 127  1
 59 117  1
 59 92 99  3
 59 90 91 99  3
 59 85  3
 59 85 92  5
 59 85 92 99  1
 59 85 90 91  5
 59 85 90 91 99  1
 59 83 84  3
 59 83 84 92  5
 59 83 84 92 99  1
 59 83 84 90 91  5
 59 83 84 90 91 99  1
 59 82 85  3
 59 82 85 92  1
 59 82 85 90 91  1
 59 82 83 84  3
 59 82 83 84 92  1
 59 82 83 84 90 91  1
 59 80 84  1
 59 80 82 83  1
 59 80 81 85  3
 59 80 81 85 92  1
 59 80 81 85 90 91  1
 59 80 81 83 84  3
 59 80 81 83 84 92  1
 59 80 81 83 84 90 91  1
 59 78 79 84  1
 59 78 79 82 83  1
 59 74 80  3
 59 74 78 79  3
 59 72 73 80  3
 59 72 73 78 79  3
 59 70 80 92  1
 59 70 80 90 91  1
 59 70 78 79 92  1
 59 70 78 79 90 91  1
 59 70 71 82  9
 59 70 71 80 81  9
 59 68 69 80 92  1
 59 68 69 80 90 91  1
 59 68 69 78 79 92  1
 59 68 69 78 79 90 91  1
 59 66 67  1
 59 65 99  3
 59 65 85  5
 59 65 85 99  1
 59 65 83 84  5
 59 65 83 84 99  1
 59 65 82 85  1
 59 65 82 83 84  1
 59 65 80 81 85  1
 59 65 80 81 83 84  1
 59 65 70 80  1
 59 65 70 78 79  1
 59 65 68 69 80  1
 59 65 68 69 78 79  1
 58 86 92  5
 58 86 92 99  1
 58 86 90 91  5
 58 86 90 91 99  1
 58 84 85 92  5
 58 84 85 92 99  1
 58 84 85 90 91  5
 58 84 85 90 91 99  1
 58 82 86  3
 58 82 86 92  1
 58 82 86 90 91  1
 58 82 84 85  3
 58 82 84 85 92  1
 58 82 84 85 90 91  1
 58 80 81 86  3
 58 80 81 86 92  1
 58 80 81 86 90 91  1
 58 80 81 84 85  3
 58 80 81 84 85 92  1
 58 80 81 84 85 90 91  1
 58 65 86  5
 58 65 86 99  1
 58 65 84 85  5
 58 65 84 85 99  1
 58 65 82 86  1
 58 65 82 84 85  1
 58 65 80 81 86  1
 58 65 80 81 84 85  1
 58 59 92  5
 58 59 92 99  1
 58 59 90 91  5
 58 59 90 91 99  1
 58 59 82  3
 58 59 82 92  1
 58 59 82 90 91  1
 58 59 80 81  3
 58 59 80 81 92  1
 58 59 80 81 90 91  1
 58 59 65  5
 58 59 65 99  1
 58 59 65 82  1
 58 59 65 80 81  1
 57 80 86  1
 57 80 84 85  1
 57 78 79 86  1
 57 78 79 84 85  1
 57 73 80  1
 57 73 78 79  1
 57 71 72 80  1
 57 71 72 78 79  1
 57 59 80  1
 57 59 78 79  1
 56 80  7
 56 78 79  7
 55  239
 55 86  35
 55 85 86  3
 55 85 86 92  1
 55 85 86 90 91  1
 55 84 85 92  9
 55 84 85 90 91  9
 55 83 84 86  3
 55 83 84 86 92  1
 55 83 84 86 90 91  1
 55 83 84 85  3
 55 83 84 85 92  1
 55 83 84 85 90 91  1
 55 70  49
 55 70 71 86  9
 55 70 71 84 85  11
 55 68  21
 55 68 69  53
 55 66 67  21
 55 65 85 86  1
 55 65 84 85  9
 55 65 83 84 86  1
 55 65 83 84 85  1
 55 59  35
 55 59 85  3
 55 59 85 92  1
 55 59 85 90 91  1
 55 59 83 84  3
 55 59 83 84 92  1
 55 59 83 84 90 91  1
 55 59 70 71  9
 55 59 65 85  1
 55 59 65 83 84  1
 55 58 86  3
 55 58 86 92  1
 55 58 86 90 91  1
 55 58 84 85  3
 55 58 84 85 92  1
 55 58 84 85 90 91  1
 55 58 65 86  1
 55 58 65 84 85  1
 55 58 59  3
 55 58 59 92  1
 55 58 59 90 91  1
 55 58 59 65  1
 53 84 86  1
 53 82 83 86  1
 53 82 83 84 85  1
 53 74 86  3
 53 74 84 85  3
 53 73 84  1
 53 73 82 83  1
 53 72 73 86  3
 53 72 73 84 85  3
 53 71 72 84  1
 53 71 72 82 83  1
 53 70 86 92  1
 53 70 86 90 91  1
 53 70 84 85 92  1
 53 70 84 85 90 91  1
 53 68 69 86 92  1
 53 68 69 86 90 91  1
 53 68 69 84 85 92  1
 53 68 69 84 85 90 91  1
 53 65 70 86  1
 53 65 70 84 85  1
 53 65 68 69 86  1
 53 65 68 69 84 85  1
 53 59 84  1
 53 59 82 83  1
 53 59 74  3
 53 59 72 73  3
 53 59 70 92  1
 53 59 70 90 91  1
 53 59 68 69 92  1
 53 59 68 69 90 91  1
 53 59 65 70  1
 53 59 65 68 69  1
 53 57 86  1
 53 57 84 85  1
 53 57 73  1
 53 57 71 72  1
 53 57 59  1
 53 56  7
 47 80 86  3
 47 80 84 85  3
 47 78 79 86  3
 47 78 79 84 85  3
 47 59 80  3
 47 59 78 79  3
 47 53 86  3
 47 53 84 85  3
 47 53 59  3
 46 82  7
 46 80 81  7
 46 55  7
 43 82  41
 43 80 86 92  1
 43 80 86 90 91  1
 43 80 84 85 92  1
 43 80 84 85 90 91  1
 43 80 81  47
 43 78 79 86 92  1
 43 78 79 86 90 91  1
 43 78 79 84 85 92  1
 43 78 79 84 85 90 91  1
 43 65 80 86  1
 43 65 80 84 85  1
 43 65 78 79 86  1
 43 65 78 79 84 85  1
 43 59 80 92  1
 43 59 80 90 91  1
 43 59 78 79 92  1
 43 59 78 79 90 91  1
 43 59 65 80  1
 43 59 65 78 79  1
 43 55  49
 43 53 86 92  1
 43 53 86 90 91  1
 43 53 84 85 92  1
 43 53 84 85 90 91  1
 43 53 65 86  1
 43 53 65 84 85  1
 43 53 59 92  1
 43 53 59 90 91  1
 43 53 59 65  1
 42 70 86  3
 42 70 84 85  3
 42 68  21
 42 68 69 86  3
 42 68 69 84 85  3
 42 66 67  21
 42 59 70  3
 42 59 68 69  3
 41  43
 41 88  5
 41 86  1
 41 86 87  5
 41 84 85  1
 41 82  21
 41 80 81  21
 41 69  21
 41 67 68  21
 41 61  5
 41 59  1
 41 55  21
 41 42  21
 40  39
 40 88  1
 40 86 92  3
 40 86 90 91  3
 40 86 87  1
 40 85 86 92  1
 40 85 86 90 91  1
 40 83 84 86 92  1
 40 83 84 86 90 91  1
 40 83 84 85 92  1
 40 83 84 85 90 91  1
 40 65 86  3
 40 65 85 86  1
 40 65 83 84 86  1
 40 65 83 84 85  1
 40 61  1
 40 59 92  3
 40 59 90 91  3
 40 59 85 92  1
 40 59 85 90 91  1
 40 59 83 84 92  1
 40 59 83 84 90 91  1
 40 59 65  3
 40 59 65 85  1
 40 59 65 83 84  1
 40 58 86 92  1
 40 58 86 90 91  1
 40 58 84 85 92  1
 40 58 84 85 90 91  1
 40 58 65 86  1
 40 58 65 84 85  1
 40 58 59 92  1
 40 58 59 90 91  1
 40 58 59 65  1
 40 41  13
 40 41 86  7
 40 41 84 85  7
 40 41 59  7
 36 88  1
 36 86 87  1
 36 61  1
 34 88  1
 34 86 87  1
 34 61  1
 30 88  1
 30 86 92  3
 30 86 90 91  3
 30 86 87  1
 30 85 86 92  1
 30 85 86 90 91  1
 30 83 84 86 92  1
 30 83 84 86 90 91  1
 30 83 84 85 92  1
 30 83 84 85 90 91  1
 30 65 86  3
 30 65 85 86  1
 30 65 83 84 86  1
 30 65 83 84 85  1
 30 61  1
 30 59 92  3
 30 59 90 91  3
 30 59 85 92  1
 30 59 85 90 91  1
 30 59 83 84 92  1
 30 59 83 84 90 91  1
 30 59 65  3
 30 59 65 85  1
 30 59 65 83 84  1
 30 58 86 92  1
 30 58 86 90 91  1
 30 58 84 85 92  1
 30 58 84 85 90 91  1
 30 58 65 86  1
 30 58 65 84 85  1
 30 58 59 92  1
 30 58 59 90 91  1
 30 58 59 65  1
 24 88  1
 24 86 87  1
 24 61  1
 125  3
 124  9
 123  9
 123 124  3
 98  3
 89  3
 86 92 116  1
 86 90 91 116  1
 84 85 92 116  1
 84 85 90 91 116  1
 82 115  1
 82 92  5
 82 90 91  5
 80 115  3
 80 84 115  1
 80 82 83 115  1
 80 81 115  1
 78 79 115  3
 78 79 84 115  1
 78 79 82 83 115  1
 75  3
 73 74  3
 65  13
 65 123  3
 65 86 116  1
 65 84 85 116  1
 65 82  5
 64  9
 64 124  3
 59 92 116  1
 59 90 91 116  1
 59 65 116  1
 57 86 92  1
 57 86 90 91  1
 57 84 85 92  1
 57 84 85 90 91  1
 57 80 115  1
 57 78 79 115  1
 57 65 86  1
 57 65 84 85  1
 57 59 92  1
 57 59 90 91  1
 57 59 65  1
 56  11
 56 82  5
 56 80 84  1
 56 80 82 83  1
 56 80 81  5
 56 78 79 84  1
 56 78 79 82 83  1
 56 70  3
 56 68 69  3
 56 57 80  1
 56 57 78 79  1
 55 115  1
 55 92  5
 55 90 91  5
 55 65  5
 54  7
 54 82 115  1
 54 82 84 115  1
 54 82 83 115  1
 54 80  5
 54 80 115  1
 54 80 81 115  1
 54 80 81 84 115  1
 54 80 81 82 83 115  1
 54 78 79  5
 54 78 79 115  1
 54 70 82  1
 54 70 80 81  3
 54 68 82  1
 54 68 80 81  1
 54 68 69 82  1
 54 68 69 80 81  3
 54 66 67 82  1
 54 66 67 80 81  1
 54 57 82 115  1
 54 57 80 81 115  1
 54 56 82  1
 54 56 82 84  1
 54 56 82 83  1
 54 56 80  1
 54 56 80 81  1
 54 56 80 81 84  1
 54 56 80 81 82 83  1
 54 56 78 79  1
 54 56 57 82  1
 54 56 57 80 81  1
 54 55  21
 54 55 115  1
 54 55 84 115  1
 54 55 82 83 115  1
 54 55 68  1
 54 55 66 67  1
 54 55 57 115  1
 54 55 56  1
 54 55 56 84  1
 54 55 56 82 83  1
 54 55 56 57  1
 53 115  3
 53 84 115  1
 53 82 83 115  1
 53 57 115  1
 53 56 84  1
 53 56 82 83  1
 53 56 57  1
 53 54 115  1
 53 54 56  1
 52 53 115  1
 52 53 82 115  1
 52 53 82 84 115  1
 52 53 82 83 115  1
 52 53 80  5
 52 53 80 115  1
 52 53 80 81 115  1
 52 53 80 81 84 115  1
 52 53 80 81 82 83 115  1
 52 53 78 79  5
 52 53 78 79 115  1
 52 53 70 82  1
 52 53 70 80 81  1
 52 53 68 82  1
 52 53 68 80 81  1
 52 53 68 69 82  1
 52 53 68 69 80 81  1
 52 53 66 67 82  1
 52 53 66 67 80 81  1
 52 53 57 82 115  1
 52 53 57 80 81 115  1
 52 53 56  1
 52 53 56 82  1
 52 53 56 82 84  1
 52 53 56 82 83  1
 52 53 56 80  1
 52 53 56 80 81  1
 52 53 56 80 81 84  1
 52 53 56 80 81 82 83  1
 52 53 56 78 79  1
 52 53 56 57 82  1
 52 53 56 57 80 81  1
 52 53 55 115  1
 52 53 55 84 115  1
 52 53 55 82 83 115  1
 52 53 55 70  1
 52 53 55 68  1
 52 53 55 68 69  1
 52 53 55 66 67  1
 52 53 55 57 115  1
 52 53 55 56  1
 52 53 55 56 84  1
 52 53 55 56 82 83  1
 52 53 55 56 57  1
 48  3
 47 86 92  3
 47 86 90 91  3
 47 84 85 92  3
 47 84 85 90 91  3
 47 65 86  3
 47 65 84 85  3
 47 59 92  3
 47 59 90 91  3
 47 59 65  3
 46 54 82  1
 46 54 82 84  1
 46 54 82 83  1
 46 54 80  1
 46 54 80 81  1
 46 54 80 81 84  1
 46 54 80 81 82 83  1
 46 54 78 79  1
 46 54 57 82  1
 46 54 57 80 81  1
 46 54 55  1
 46 54 55 84  1
 46 54 55 82 83  1
 46 54 55 57  1
 46 53 54  1
 46 52 53  1
 46 52 53 82  1
 46 52 53 82 84  1
 46 52 53 82 83  1
 46 52 53 80  1
 46 52 53 80 81  1
 46 52 53 80 81 84  1
 46 52 53 80 81 82 83  1
 46 52 53 78 79  1
 46 52 53 57 82  1
 46 52 53 57 80 81  1
 46 52 53 55  1
 46 52 53 55 84  1
 46 52 53 55 82 83  1
 46 52 53 55 57  1
 43 56  3
 43 54 82  1
 43 54 80 81  3
 43 52 53 82  1
 43 52 53 80 81  1
 43 52 53 55  1
 41 54 82  1
 41 54 80 81  1
 41 54 55  1
 41 52 53 82  1
 41 52 53 80 81  1
 41 52 53 55  1
 29 70  3
 29 68 69  3
 29 43  3
 27 82 115  1
 27 82 84 115  1
 27 82 83 115  1
 27 80  5
 27 80 115  1
 27 80 81 115  1
 27 80 81 84 115  1
 27 80 81 82 83 115  1
 27 78 79  5
 27 78 79 115  1
 27 70 82  1
 27 70 80 81  1
 27 68 82  1
 27 68 80 81  1
 27 68 69 82  1
 27 68 69 80 81  1
 27 66 67 82  1
 27 66 67 80 81  1
 27 57 82 115  1
 27 57 80 81 115  1
 27 56 82  1
 27 56 82 84  1
 27 56 82 83  1
 27 56 80  1
 27 56 80 81  1
 27 56 80 81 84  1
 27 56 80 81 82 83  1
 27 56 78 79  1
 27 56 57 82  1
 27 56 57 80 81  1
 27 55 115  1
 27 55 84 115  1
 27 55 82 83 115  1
 27 55 70  1
 27 55 68  1
 27 55 68 69  1
 27 55 66 67  1
 27 55 57 115  1
 27 55 56  1
 27 55 56 84  1
 27 55 56 82 83  1
 27 55 56 57  1
 27 53  5
 27 53 115  1
 27 53 56  1
 27 46 82  1
 27 46 82 84  1
 27 46 82 83  1
 27 46 80  1
 27 46 80 81  1
 27 46 80 81 84  1
 27 46 80 81 82 83  1
 27 46 78 79  1
 27 46 57 82  1
 27 46 57 80 81  1
 27 46 55  1
 27 46 55 84  1
 27 46 55 82 83  1
 27 46 55 57  1
 27 46 53  1
 27 43 82  1
 27 43 80 81  1
 27 43 55  1
 27 41 82  1
 27 41 80 81  1
 27 41 55  1
 20  3
 68 80 86 92  1
 68 80 86 90 91  1
 68 80 84 85 92  1
 68 80 84 85 90 91  1
 68 78 79 86 92  1
 68 78 79 86 90 91  1
 68 78 79 84 85 92  1
 68 78 79 84 85 90 91  1
 66 67 80 86 92  1
 66 67 80 86 90 91  1
 66 67 80 84 85 92  1
 66 67 80 84 85 90 91  1
 66 67 78 79 86 92  1
 66 67 78 79 86 90 91  1
 66 67 78 79 84 85 92  1
 66 67 78 79 84 85 90 91  1
 65 68 80 86  1
 65 68 80 84 85  1
 65 68 78 79 86  1
 65 68 78 79 84 85  1
 65 66 67 80 86  1
 65 66 67 80 84 85  1
 65 66 67 78 79 86  1
 65 66 67 78 79 84 85  1
 59 68 80 92  1
 59 68 80 90 91  1
 59 68 78 79 92  1
 59 68 78 79 90 91  1
 59 66 67 80 92  1
 59 66 67 80 90 91  1
 59 66 67 78 79 92  1
 59 66 67 78 79 90 91  1
 59 65 68 80  1
 59 65 68 78 79  1
 59 65 66 67 80  1
 59 65 66 67 78 79  1
 53 68 86 92  1
 53 68 86 90 91  1
 53 68 84 85 92  1
 53 68 84 85 90 91  1
 53 66 67 86 92  1
 53 66 67 86 90 91  1
 53 66 67 84 85 92  1
 53 66 67 84 85 90 91  1
 53 65 68 86  1
 53 65 68 84 85  1
 53 65 66 67 86  1
 53 65 66 67 84 85  1
 53 59 68 92  1
 53 59 68 90 91  1
 53 59 66 67 92  1
 53 59 66 67 90 91  1
 53 59 65 68  1
 53 59 65 66 67  1
 41 80 86 92  1
 41 80 86 90 91  1
 41 80 84 85 92  1
 41 80 84 85 90 91  1
 41 78 79 86 92  1
 41 78 79 86 90 91  1
 41 78 79 84 85 92  1
 41 78 79 84 85 90 91  1
 41 65 80 86  1
 41 65 80 84 85  1
 41 65 78 79 86  1
 41 65 78 79 84 85  1
 41 59 80 92  1
 41 59 80 90 91  1
 41 59 78 79 92  1
 41 59 78 79 90 91  1
 41 59 65 80  1
 41 59 65 78 79  1
 41 53 86 92  1
 41 53 86 90 91  1
 41 53 84 85 92  1
 41 53 84 85 90 91  1
 41 53 65 86  1
 41 53 65 84 85  1
 41 53 59 92  1
 41 53 59 90 91  1
 41 53 59 65  1
 66 82  3
 66 80 81  3
 64 65 82  3
 64 65 80 81  3
 56 68 74 86  1
 56 68 74 84 85  1
 56 68 72 73 86  1
 56 68 72 73 84 85  1
 56 66 67 74 86  1
 56 66 67 74 84 85  1
 56 66 67 72 73 86  1
 56 66 67 72 73 84 85  1
 56 59 68 74  1
 56 59 68 72 73  1
 56 59 66 67 74  1
 56 59 66 67 72 73  1
 55 66  3
 55 64 65  3
 54 55 68 74 86  1
 54 55 68 74 84 85  1
 54 55 68 72 73 86  1
 54 55 68 72 73 84 85  1
 54 55 66 67 74 86  1
 54 55 66 67 74 84 85  1
 54 55 66 67 72 73 86  1
 54 55 66 67 72 73 84 85  1
 54 55 59 68 74  1
 54 55 59 68 72 73  1
 54 55 59 66 67 74  1
 54 55 59 66 67 72 73  1
 47 56 68 86  1
 47 56 68 84 85  1
 47 56 66 67 86  1
 47 56 66 67 84 85  1
 47 56 59 68  1
 47 56 59 66 67  1
 47 54 55 68 86  1
 47 54 55 68 84 85  1
 47 54 55 66 67 86  1
 47 54 55 66 67 84 85  1
 47 54 55 59 68  1
 47 54 55 59 66 67  1
 42 56 86  1
 42 56 84 85  1
 42 56 59  1
 42 54 55 86  1
 42 54 55 84 85  1
 42 54 55 59  1
 41 56 74 86  1
 41 56 74 84 85  1
 41 56 72 73 86  1
 41 56 72 73 84 85  1
 41 56 59 74  1
 41 56 59 72 73  1
 41 54 55 74 86  1
 41 54 55 74 84 85  1
 41 54 55 72 73 86  1
 41 54 55 72 73 84 85  1
 41 54 55 59 74  1
 41 54 55 59 72 73  1
 41 47 56 86  1
 41 47 56 84 85  1
 41 47 56 59  1
 41 47 54 55 86  1
 41 47 54 55 84 85  1
 41 47 54 55 59  1
 40 41 56 86  1
 40 41 56 84 85  1
 40 41 56 59  1
 40 41 54 55 86  1
 40 41 54 55 84 85  1
 40 41 54 55 59  1
 39 82  3
 39 80 81  3
 39 55  3
 38 92  1
 38 90 91  1
 38 65  1
 36 37 92  1
 36 37 90 91  1
 36 37 65  1
 29 68 74 86  1
 29 68 74 84 85  1
 29 68 72 73 86  1
 29 68 72 73 84 85  1
 29 66 67 74 86  1
 29 66 67 74 84 85  1
 29 66 67 72 73 86  1
 29 66 67 72 73 84 85  1
 29 59 68 74  1
 29 59 68 72 73  1
 29 59 66 67 74  1
 29 59 66 67 72 73  1
 29 47 68 86  1
 29 47 68 84 85  1
 29 47 66 67 86  1
 29 47 66 67 84 85  1
 29 47 59 68  1
 29 47 59 66 67  1
 29 42 86  1
 29 42 84 85  1
 29 42 59  1
 29 41 74 86  1
 29 41 74 84 85  1
 29 41 72 73 86  1
 29 41 72 73 84 85  1
 29 41 59 74  1
 29 41 59 72 73  1
 29 41 47 86  1
 29 41 47 84 85  1
 29 41 47 59  1
 29 40 41 86  1
 29 40 41 84 85  1
 29 40 41 59  1
 15 56 86  1
 15 56 84 85  1
 15 56 59  1
 15 54 55 86  1
 15 54 55 84 85  1
 15 54 55 59  1
 15 29 86  1
 15 29 84 85  1
 15 29 59  1
 11 92  1
 11 90 91  1
 11 65  1
 66 82 86  1
 66 82 84 85  1
 66 80 81 86  1
 66 80 81 84 85  1
 64 65 82 86  1
 64 65 82 84 85  1
 64 65 80 81 86  1
 64 65 80 81 84 85  1
 59 66 82  1
 59 66 80 81  1
 59 64 65 82  1
 59 64 65 80 81  1
 55 66 86  1
 55 66 84 85  1
 55 64 65 86  1
 55 64 65 84 85  1
 55 59 66  1
 55 59 64 65  1
 39 82 86  1
 39 82 84 85  1
 39 80 81 86  1
 39 80 81 84 85  1
 39 59 82  1
 39 59 80 81  1
 39 55 86  1
 39 55 84 85  1
 39 55 59  1
 68 80 86 111  1
 68 80 84 85 111  1
 68 78 79 86 111  1
 68 78 79 84 85 111  1
 68 69 82 86  23
 68 69 82 84 85  23
 68 69 80 81 86  25
 68 69 80 81 84 85  25
 66 67 80 86 111  1
 66 67 80 84 85 111  1
 66 67 78 79 86 111  1
 66 67 78 79 84 85 111  1
 59 68 80 111  1
 59 68 78 79 111  1
 59 68 69 82  23
 59 68 69 80 81  25
 59 66 67 80 111  1
 59 66 67 78 79 111  1
 55 68 69 86  23
 55 68 69 84 85  23
 55 59 68 69  23
 53 68 86 111  1
 53 68 84 85 111  1
 53 66 67 86 111  1
 53 66 67 84 85 111  1
 53 59 68 111  1
 53 59 66 67 111  1
 52 68 80 86  1
 52 68 80 84 85  1
 52 68 78 79 86  1
 52 68 78 79 84 85  1
 52 66 67 80 86  1
 52 66 67 80 84 85  1
 52 66 67 78 79 86  1
 52 66 67 78 79 84 85  1
 52 59 68 80  1
 52 59 68 78 79  1
 52 59 66 67 80  1
 52 59 66 67 78 79  1
 52 53 68 86  1
 52 53 68 84 85  1
 52 53 66 67 86  1
 52 53 66 67 84 85  1
 52 53 59 68  1
 52 53 59 66 67  1
 44 88  1
 44 86  3
 44 86 87  1
 44 84 85  3
 44 82 86  1
 44 82 84 85  1
 44 80 81 86  1
 44 80 81 84 85  1
 44 61  1
 44 59  3
 44 59 82  1
 44 59 80 81  1
 44 55 86  1
 44 55 84 85  1
 44 55 59  1
 43 82 86  23
 43 82 84 85  23
 43 80 81 86  25
 43 80 81 84 85  25
 43 59 82  23
 43 59 80 81  25
 43 55 86  23
 43 55 84 85  23
 43 55 59  23
 42 68 80 86  1
 42 68 80 84 85  1
 42 68 78 79 86  1
 42 68 78 79 84 85  1
 42 66 67 80 86  1
 42 66 67 80 84 85  1
 42 66 67 78 79 86  1
 42 66 67 78 79 84 85  1
 42 59 68 80  1
 42 59 68 78 79  1
 42 59 66 67 80  1
 42 59 66 67 78 79  1
 42 53 68 86  1
 42 53 68 84 85  1
 42 53 66 67 86  1
 42 53 66 67 84 85  1
 42 53 59 68  1
 42 53 59 66 67  1
 42 43 88  1
 42 43 86 87  1
 42 43 82 86  1
 42 43 82 84 85  1
 42 43 80 81 86  1
 42 43 80 81 84 85  1
 42 43 61  1
 42 43 59 82  1
 42 43 59 80 81  1
 42 43 55 86  1
 42 43 55 84 85  1
 42 43 55 59  1
 41 80 86 111  1
 41 80 84 85 111  1
 41 78 79 86 111  1
 41 78 79 84 85 111  1
 41 59 80 111  1
 41 59 78 79 111  1
 41 53 86 111  1
 41 53 84 85 111  1
 41 53 59 111  1
 41 52 80 86  1
 41 52 80 84 85  1
 41 52 78 79 86  1
 41 52 78 79 84 85  1
 41 52 59 80  1
 41 52 59 78 79  1
 41 52 53 86  1
 41 52 53 84 85  1
 41 52 53 59  1
 41 42 80 86  1
 41 42 80 84 85  1
 41 42 78 79 86  1
 41 42 78 79 84 85  1
 41 42 59 80  1
 41 42 59 78 79  1
 41 42 53 86  1
 41 42 53 84 85  1
 41 42 53 59  1
 17 88  1
 17 86  3
 17 86 87  1
 17 84 85  3
 17 82 86  1
 17 82 84 85  1
 17 80 81 86  1
 17 80 81 84 85  1
 17 61  1
 17 59  3
 17 59 82  1
 17 59 80 81  1
 17 55 86  1
 17 55 84 85  1
 17 55 59  1
 76 86  1
 76 84 85  1
 74 75 86  1
 74 75 84 85  1
 59 76  1
 59 74 75  1
 49 86  1
 49 84 85  1
 49 59  1
 91  1
 86 114  3
 84 85 114  3
 79 80 92  1
 79 80 90 91  1
 78 79 81 92  1
 78 79 81 90 91  1
 78 79 80 92  1
 78 79 80 90 91  1
 67 92  1
 67 90 91  1
 65 79 80  1
 65 78 79 81  1
 65 78 79 80  1
 65 67  1
 65 66  1
 65 66 92  1
 65 66 90 91  1
 59 114  3
 57 70  19
 57 68 69  19
 54 80 92  1
 54 80 90 91  1
 54 78 79 92  1
 54 78 79 90 91  1
 54 65 80  1
 54 65 78 79  1
 53 81 92  1
 53 81 90 91  1
 53 79 80 92  1
 53 79 80 90 91  1
 53 65 81  1
 53 65 79 80  1
 53 54 92  1
 53 54 90 91  1
 53 54 65  1
 46 70 82  3
 46 70 80 81  3
 46 68 69 82  3
 46 68 69 80 81  3
 46 55 70  3
 46 55 68 69  3
 45 86  3
 45 84 85  3
 45 59  3
 43 57  19
 43 46 82  3
 43 46 80 81  3
 43 46 55  3
 40 92  1
 40 90 91  1
 40 65  1
 22  1
 127  5
 126 127  1
 119  1
 118  1
 113  1
 109  1
 101  1
 97  7
 93 97  1
 87  1
 86 93  1
 84 85 93  1
 83 97  1
 83 86  1
 79 80  1
 71  7
 71 93  1
 71 83  1
 70 103  1
 70 97  1
 70 94  1
 70 93  3
 70 84 93  1
 70 83  3
 70 83 84  1
 70 82 83 93  1
 70 74 86  1
 70 74 84 85  1
 70 72 73 86  1
 70 72 73 84 85  1
 70 71  3
 69 70  15
 68 126  1
 68 84  3
 68 82 83  3
 68 69 103  1
 68 69 97  1
 68 69 94  1
 68 69 84 93  1
 68 69 83 84  1
 68 69 82 83 93  1
 68 69 74 86  1
 68 69 74 84 85  1
 68 69 72 73 86  1
 68 69 72 73 84 85  1
 68 69 71  1
 68 69 70  1
 67 127  1
 67 68 70  7
 67 68 70 93  1
 67 68 70 83  1
 67 68 69  7
 67 68 69 93  1
 67 68 69 83  1
 66 67 84  3
 66 67 82 83  3
 59 93  1
 59 83  1
 59 70 74  1
 59 70 72 73  1
 59 68 69 74  1
 59 68 69 72 73  1
 57 70 93  1
 57 70 83  1
 57 68  3
 57 68 69 93  1
 57 68 69 83  1
 57 66 67  3
 56 93  1
 56 83  1
 54 55 93  1
 54 55 83  1
 50  1
 47 70 86  1
 47 70 84 85  1
 47 68 69 86  1
 47 68 69 84 85  1
 47 59 70  1
 47 59 68 69  1
 44  7
 44 93  1
 44 83  1
 43 103  1
 43 97  1
 43 94  1
 43 93  3
 43 84 93  1
 43 83  3
 43 83 84  1
 43 82 83 93  1
 43 74 86  1
 43 74 84 85  1
 43 72 73 86  1
 43 72 73 84 85  1
 43 71  1
 43 69  7
 43 69 93  1
 43 69 83  1
 43 69 70  1
 43 67 68  7
 43 67 68 93  1
 43 67 68 83  1
 43 59 74  1
 43 59 72 73  1
 43 57 93  1
 43 57 83  1
 43 47 86  1
 43 47 84 85  1
 43 47 59  1
 42 70  7
 42 70 93  1
 42 70 83  1
 42 68 86  1
 42 68 84 85  1
 42 68 69  7
 42 68 69 93  1
 42 68 69 83  1
 42 66 67 86  1
 42 66 67 84 85  1
 42 59 68  1
 42 59 66 67  1
 42 43  7
 42 43 93  1
 42 43 83  1
 41 84  3
 41 82 83  3
 41 57  3
 41 42 86  1
 41 42 84 85  1
 41 42 59  1
 40 41 68 86  1
 40 41 68 84 85  1
 40 41 66 67 86  1
 40 41 66 67 84 85  1
 40 41 59 68  1
 40 41 59 66 67  1
 38 93  1
 38 83  1
 38 70  1
 38 68 69  1
 38 43  1
 35 70  1
 35 68 69  1
 35 43  1
 34 97  1
 34 86  1
 34 84 85  1
 34 71  1
 34 70 84  1
 34 70 82 83  1
 34 68 69  5
 34 68 69 84  1
 34 68 69 82 83  1
 34 67 68 70  1
 34 67 68 69  1
 34 59  1
 34 57 70  1
 34 57 68 69  1
 34 56  1
 34 54 55  1
 34 44  1
 34 43 84  1
 34 43 82 83  1
 34 43 69  1
 34 43 67 68  1
 34 43 57  1
 34 42 70  1
 34 42 68 69  1
 34 42 43  1
 34 38  1
 29  7
 29 93  1
 29 83  1
 29 34  1
 28 93  1
 28 83  1
 28 70  1
 28 68 69  1
 28 43  1
 28 34  1
 26  5
 26 126  1
 26 67  1
 25 127  1
 25 70  1
 25 68  1
 25 68 69  1
 25 43  1
 24 97  1
 24 86  1
 24 84 85  1
 24 71  1
 24 70  3
 24 70 84  1
 24 70 82 83  1
 24 68 69 84  1
 24 68 69 82 83  1
 24 67 68 70  1
 24 67 68 69  1
 24 59  1
 24 57 70  1
 24 57 68 69  1
 24 56  1
 24 54 55  1
 24 44  1
 24 43  3
 24 43 84  1
 24 43 82 83  1
 24 43 69  1
 24 43 67 68  1
 24 43 57  1
 24 42 70  1
 24 42 68 69  1
 24 42 43  1
 24 38  1
 24 29  1
 24 28  1
 24 25 126  1
 24 25 67  1
 23 24 127  1
 23 24 68  1
 23 24 26  1
 23 24 25  1
 15  5
 15 68 86  1
 15 68 84 85  1
 15 66 67 86  1
 15 66 67 84 85  1
 15 59 68  1
 15 59 66 67  1
 15 41 86  1
 15 41 84 85  1
 15 41 59  1
 12  1
 10 11  1
 36 37  9
 11  9
 70 74 82 86  1
 70 74 82 84 85  1
 70 74 80 81 86  1
 70 74 80 81 84 85  1
 70 72 73 82 86  1
 70 72 73 82 84 85  1
 70 72 73 80 81 86  1
 70 72 73 80 81 84 85  1
 68 69 74 82 86  1
 68 69 74 82 84 85  1
 68 69 74 80 81 86  1
 68 69 74 80 81 84 85  1
 68 69 72 73 82 86  1
 68 69 72 73 82 84 85  1
 68 69 72 73 80 81 86  1
 68 69 72 73 80 81 84 85  1
 59 70 74 82  1
 59 70 74 80 81  1
 59 70 72 73 82  1
 59 70 72 73 80 81  1
 59 68 69 74 82  1
 59 68 69 74 80 81  1
 59 68 69 72 73 82  1
 59 68 69 72 73 80 81  1
 55 70 74 86  1
 55 70 74 84 85  1
 55 70 72 73 86  1
 55 70 72 73 84 85  1
 55 68 69 74 86  1
 55 68 69 74 84 85  1
 55 68 69 72 73 86  1
 55 68 69 72 73 84 85  1
 55 59 70 74  1
 55 59 70 72 73  1
 55 59 68 69 74  1
 55 59 68 69 72 73  1
 47 70 82 86  1
 47 70 82 84 85  1
 47 70 80 81 86  1
 47 70 80 81 84 85  1
 47 68 69 82 86  1
 47 68 69 82 84 85  1
 47 68 69 80 81 86  1
 47 68 69 80 81 84 85  1
 47 59 70 82  1
 47 59 70 80 81  1
 47 59 68 69 82  1
 47 59 68 69 80 81  1
 47 55 70 86  1
 47 55 70 84 85  1
 47 55 68 69 86  1
 47 55 68 69 84 85  1
 47 55 59 70  1
 47 55 59 68 69  1
 43 74 82 86  1
 43 74 82 84 85  1
 43 74 80 81 86  1
 43 74 80 81 84 85  1
 43 72 73 82 86  1
 43 72 73 82 84 85  1
 43 72 73 80 81 86  1
 43 72 73 80 81 84 85  1
 43 59 74 82  1
 43 59 74 80 81  1
 43 59 72 73 82  1
 43 59 72 73 80 81  1
 43 55 74 86  1
 43 55 74 84 85  1
 43 55 72 73 86  1
 43 55 72 73 84 85  1
 43 55 59 74  1
 43 55 59 72 73  1
 43 47 82 86  1
 43 47 82 84 85  1
 43 47 80 81 86  1
 43 47 80 81 84 85  1
 43 47 59 82  1
 43 47 59 80 81  1
 43 47 55 86  1
 43 47 55 84 85  1
 43 47 55 59  1
 82 86 92 113  1
 82 86 90 91 113  1
 82 84 85 92 113  1
 82 84 85 90 91 113  1
 80 81 86 92 113  1
 80 81 86 90 91 113  1
 80 81 84 85 92 113  1
 80 81 84 85 90 91 113  1
 65 82 86 113  1
 65 82 84 85 113  1
 65 80 81 86 113  1
 65 80 81 84 85 113  1
 59 82 92 113  1
 59 82 90 91 113  1
 59 80 81 92 113  1
 59 80 81 90 91 113  1
 59 65 82 113  1
 59 65 80 81 113  1
 55 86 92 113  1
 55 86 90 91 113  1
 55 84 85 92 113  1
 55 84 85 90 91 113  1
 55 65 86 113  1
 55 65 84 85 113  1
 55 59 92 113  1
 55 59 90 91 113  1
 55 59 65 113  1
 54 82 86 92  1
 54 82 86 90 91  1
 54 82 84 85 92  1
 54 82 84 85 90 91  1
 54 80 81 86 92  1
 54 80 81 86 90 91  1
 54 80 81 84 85 92  1
 54 80 81 84 85 90 91  1
 54 65 82 86  1
 54 65 82 84 85  1
 54 65 80 81 86  1
 54 65 80 81 84 85  1
 54 59 82 92  1
 54 59 82 90 91  1
 54 59 80 81 92  1
 54 59 80 81 90 91  1
 54 59 65 82  1
 54 59 65 80 81  1
 54 55 86 92  1
 54 55 86 90 91  1
 54 55 84 85 92  1
 54 55 84 85 90 91  1
 54 55 65 86  1
 54 55 65 84 85  1
 54 55 59 92  1
 54 55 59 90 91  1
 54 55 59 65  1
 44 82 86 92  1
 44 82 86 90 91  1
 44 82 84 85 92  1
 44 82 84 85 90 91  1
 44 80 81 86 92  1
 44 80 81 86 90 91  1
 44 80 81 84 85 92  1
 44 80 81 84 85 90 91  1
 44 65 82 86  1
 44 65 82 84 85  1
 44 65 80 81 86  1
 44 65 80 81 84 85  1
 44 59 82 92  1
 44 59 82 90 91  1
 44 59 80 81 92  1
 44 59 80 81 90 91  1
 44 59 65 82  1
 44 59 65 80 81  1
 44 55 86 92  1
 44 55 86 90 91  1
 44 55 84 85 92  1
 44 55 84 85 90 91  1
 44 55 65 86  1
 44 55 65 84 85  1
 44 55 59 92  1
 44 55 59 90 91  1
 44 55 59 65  1
 70 82 86 90  1
 70 82 86 88  1
 70 82 86 87  3
 70 82 84 85 90  1
 70 82 84 85 88  1
 70 82 84 85 86 87  1
 70 80 81 86 90  1
 70 80 81 86 88  1
 70 80 81 86 87  3
 70 80 81 84 85 90  1
 70 80 81 84 85 88  1
 70 80 81 84 85 86 87  1
 70 79 80 82 86  1
 70 79 80 82 84 85  1
 70 79 80 81 86  1
 70 79 80 81 84 85  1
 70 73 82  1
 70 73 80 81  1
 70 71 72 82  1
 70 71 72 80 81  1
 69 70 86  1
 69 70 84 85  1
 68 70 82 86  1
 68 70 82 84 85  1
 68 70 80 81 86  1
 68 70 80 81 84 85  1
 68 69 82 86 90  1
 68 69 82 86 88  1
 68 69 82 86 87  3
 68 69 82 84 85 90  1
 68 69 82 84 85 88  1
 68 69 82 84 85 86 87  1
 68 69 80 81 86 90  1
 68 69 80 81 86 88  1
 68 69 80 81 86 87  3
 68 69 80 81 84 85 90  1
 68 69 80 81 84 85 88  1
 68 69 80 81 84 85 86 87  1
 68 69 79 80 82 86  1
 68 69 79 80 82 84 85  1
 68 69 79 80 81 86  1
 68 69 79 80 81 84 85  1
 68 69 73 82  1
 68 69 73 80 81  1
 68 69 71 82 86  1
 68 69 71 82 84 85  1
 68 69 71 80 81 86  1
 68 69 71 80 81 84 85  1
 68 69 71 72 82  1
 68 69 71 72 80 81  1
 67 68 70 86  1
 67 68 70 84 85  1
 67 68 69 86  1
 67 68 69 84 85  1
 66 67 70 82 86  1
 66 67 70 82 84 85  1
 66 67 70 80 81 86  1
 66 67 70 80 81 84 85  1
 66 67 68 69 82 86  1
 66 67 68 69 82 84 85  1
 66 67 68 69 80 81 86  1
 66 67 68 69 80 81 84 85  1
 61 70 82 86  1
 61 70 82 84 85  1
 61 70 80 81 86  1
 61 70 80 81 84 85  1
 61 68 69 82 86  1
 61 68 69 82 84 85  1
 61 68 69 80 81 86  1
 61 68 69 80 81 84 85  1
 59 70 82 90  1
 59 70 82 88  1
 59 70 82 86 87  1
 59 70 80 81 90  1
 59 70 80 81 88  1
 59 70 80 81 86 87  1
 59 70 79 80 82  1
 59 70 79 80 81  1
 59 69 70  1
 59 68 70 82  1
 59 68 70 80 81  1
 59 68 69 82 90  1
 59 68 69 82 88  1
 59 68 69 82 86 87  1
 59 68 69 80 81 90  1
 59 68 69 80 81 88  1
 59 68 69 80 81 86 87  1
 59 68 69 79 80 82  1
 59 68 69 79 80 81  1
 59 68 69 71 82  1
 59 68 69 71 80 81  1
 59 67 68 70  1
 59 67 68 69  1
 59 66 67 70 82  1
 59 66 67 70 80 81  1
 59 66 67 68 69 82  1
 59 66 67 68 69 80 81  1
 59 61 70 82  1
 59 61 70 80 81  1
 59 61 68 69 82  1
 59 61 68 69 80 81  1
 58 70 82 86  1
 58 70 82 84 85  1
 58 70 80 81 86  1
 58 70 80 81 84 85  1
 58 68 69 82 86  1
 58 68 69 82 84 85  1
 58 68 69 80 81 86  1
 58 68 69 80 81 84 85  1
 58 59 70 82  1
 58 59 70 80 81  1
 58 59 68 69 82  1
 58 59 68 69 80 81  1
 56 70 82 86 89  1
 56 70 82 84 85 89  1
 56 70 80 81 86 89  1
 56 70 80 81 84 85 89  1
 56 68 69 82 86 89  1
 56 68 69 82 84 85 89  1
 56 68 69 80 81 86 89  1
 56 68 69 80 81 84 85 89  1
 56 59 70 82 89  1
 56 59 70 80 81 89  1
 56 59 68 69 82 89  1
 56 59 68 69 80 81 89  1
 55 70 86 90  1
 55 70 86 88  1
 55 70 86 87  3
 55 70 84 85 90  1
 55 70 84 85 88  1
 55 70 84 85 86 87  1
 55 70 79 80 86  1
 55 70 79 80 84 85  1
 55 70 73  1
 55 70 71 72  1
 55 68 70 86  1
 55 68 70 84 85  1
 55 68 69 86 90  1
 55 68 69 86 88  1
 55 68 69 86 87  3
 55 68 69 84 85 90  1
 55 68 69 84 85 88  1
 55 68 69 84 85 86 87  1
 55 68 69 79 80 86  1
 55 68 69 79 80 84 85  1
 55 68 69 73  1
 55 68 69 71 86  1
 55 68 69 71 84 85  1
 55 68 69 71 72  1
 55 66 67 70 86  1
 55 66 67 70 84 85  1
 55 66 67 68 69 86  1
 55 66 67 68 69 84 85  1
 55 61 70 86  1
 55 61 70 84 85  1
 55 61 68 69 86  1
 55 61 68 69 84 85  1
 55 59 70 90  1
 55 59 70 88  1
 55 59 70 86 87  1
 55 59 70 79 80  1
 55 59 68 70  1
 55 59 68 69 90  1
 55 59 68 69 88  1
 55 59 68 69 86 87  1
 55 59 68 69 79 80  1
 55 59 68 69 71  1
 55 59 66 67 70  1
 55 59 66 67 68 69  1
 55 59 61 70  1
 55 59 61 68 69  1
 55 58 70 86  1
 55 58 70 84 85  1
 55 58 68 69 86  1
 55 58 68 69 84 85  1
 55 58 59 70  1
 55 58 59 68 69  1
 55 56 70 86  5
 55 56 70 86 89  1
 55 56 70 84 85  5
 55 56 70 84 85 89  1
 55 56 70 82 86  1
 55 56 70 82 84 85  1
 55 56 70 80 81 86  1
 55 56 70 80 81 84 85  1
 55 56 68 69 86  5
 55 56 68 69 86 89  1
 55 56 68 69 84 85  5
 55 56 68 69 84 85 89  1
 55 56 68 69 82 86  1
 55 56 68 69 82 84 85  1
 55 56 68 69 80 81 86  1
 55 56 68 69 80 81 84 85  1
 55 56 59 70  5
 55 56 59 70 89  1
 55 56 59 70 82  1
 55 56 59 70 80 81  1
 55 56 59 68 69  5
 55 56 59 68 69 89  1
 55 56 59 68 69 82  1
 55 56 59 68 69 80 81  1
 54 70 82 86  1
 54 70 82 84 85  1
 54 70 80 81 86  1
 54 70 80 81 84 85  1
 54 68 69 82 86  1
 54 68 69 82 84 85  1
 54 68 69 80 81 86  1
 54 68 69 80 81 84 85  1
 54 59 70 82  1
 54 59 70 80 81  1
 54 59 68 69 82  1
 54 59 68 69 80 81  1
 54 55 70 86  5
 54 55 70 86 89  1
 54 55 70 84 85  5
 54 55 70 84 85 89  1
 54 55 70 82 86 89  1
 54 55 70 82 84 85 89  1
 54 55 70 80 81 86 89  1
 54 55 70 80 81 84 85 89  1
 54 55 68 69 86  5
 54 55 68 69 86 89  1
 54 55 68 69 84 85  5
 54 55 68 69 84 85 89  1
 54 55 68 69 82 86 89  1
 54 55 68 69 82 84 85 89  1
 54 55 68 69 80 81 86 89  1
 54 55 68 69 80 81 84 85 89  1
 54 55 59 70  5
 54 55 59 70 89  1
 54 55 59 70 82 89  1
 54 55 59 70 80 81 89  1
 54 55 59 68 69  5
 54 55 59 68 69 89  1
 54 55 59 68 69 82 89  1
 54 55 59 68 69 80 81 89  1
 54 55 57 70 86  1
 54 55 57 70 84 85  1
 54 55 57 70 82 86  1
 54 55 57 70 82 84 85  1
 54 55 57 70 80 81 86  1
 54 55 57 70 80 81 84 85  1
 54 55 57 68 69 86  1
 54 55 57 68 69 84 85  1
 54 55 57 68 69 82 86  1
 54 55 57 68 69 82 84 85  1
 54 55 57 68 69 80 81 86  1
 54 55 57 68 69 80 81 84 85  1
 54 55 57 59 70  1
 54 55 57 59 70 82  1
 54 55 57 59 70 80 81  1
 54 55 57 59 68 69  1
 54 55 57 59 68 69 82  1
 54 55 57 59 68 69 80 81  1
 54 55 56 70 86  1
 54 55 56 70 84 85  1
 54 55 56 70 82 86  1
 54 55 56 70 82 84 85  1
 54 55 56 70 80 81 86  1
 54 55 56 70 80 81 84 85  1
 54 55 56 68 69 86  1
 54 55 56 68 69 84 85  1
 54 55 56 68 69 82 86  1
 54 55 56 68 69 82 84 85  1
 54 55 56 68 69 80 81 86  1
 54 55 56 68 69 80 81 84 85  1
 54 55 56 59 70  1
 54 55 56 59 70 82  1
 54 55 56 59 70 80 81  1
 54 55 56 59 68 69  1
 54 55 56 59 68 69 82  1
 54 55 56 59 68 69 80 81  1
 43 82 86 90  1
 43 82 86 88  1
 43 82 86 87  3
 43 82 84 85 90  1
 43 82 84 85 88  1
 43 82 84 85 86 87  1
 43 80 81 86 90  1
 43 80 81 86 88  1
 43 80 81 86 87  3
 43 80 81 84 85 90  1
 43 80 81 84 85 88  1
 43 80 81 84 85 86 87  1
 43 79 80 82 86  1
 43 79 80 82 84 85  1
 43 79 80 81 86  1
 43 79 80 81 84 85  1
 43 73 82  1
 43 73 80 81  1
 43 71 82 86  1
 43 71 82 84 85  1
 43 71 80 81 86  1
 43 71 80 81 84 85  1
 43 71 72 82  1
 43 71 72 80 81  1
 43 70 82 86  1
 43 70 82 84 85  1
 43 70 80 81 86  1
 43 70 80 81 84 85  1
 43 69 86  1
 43 69 84 85  1
 43 68 82 86  1
 43 68 82 84 85  1
 43 68 80 81 86  1
 43 68 80 81 84 85  1
 43 68 69 82 86  1
 43 68 69 82 84 85  1
 43 68 69 80 81 86  1
 43 68 69 80 81 84 85  1
 43 67 68 86  1
 43 67 68 84 85  1
 43 66 67 82 86  1
 43 66 67 82 84 85  1
 43 66 67 80 81 86  1
 43 66 67 80 81 84 85  1
 43 61 82 86  1
 43 61 82 84 85  1
 43 61 80 81 86  1
 43 61 80 81 84 85  1
 43 59 82 90  1
 43 59 82 88  1
 43 59 82 86 87  1
 43 59 80 81 90  1
 43 59 80 81 88  1
 43 59 80 81 86 87  1
 43 59 79 80 82  1
 43 59 79 80 81  1
 43 59 71 82  1
 43 59 71 80 81  1
 43 59 70 82  1
 43 59 70 80 81  1
 43 59 69  1
 43 59 68 82  1
 43 59 68 80 81  1
 43 59 68 69 82  1
 43 59 68 69 80 81  1
 43 59 67 68  1
 43 59 66 67 82  1
 43 59 66 67 80 81  1
 43 59 61 82  1
 43 59 61 80 81  1
 43 58 82 86  1
 43 58 82 84 85  1
 43 58 80 81 86  1
 43 58 80 81 84 85  1
 43 58 59 82  1
 43 58 59 80 81  1
 43 56 82 86 89  1
 43 56 82 84 85 89  1
 43 56 80 81 86 89  1
 43 56 80 81 84 85 89  1
 43 56 59 82 89  1
 43 56 59 80 81 89  1
 43 55 86 90  1
 43 55 86 88  1
 43 55 86 87  3
 43 55 84 85 90  1
 43 55 84 85 88  1
 43 55 84 85 86 87  1
 43 55 79 80 86  1
 43 55 79 80 84 85  1
 43 55 73  1
 43 55 71 86  1
 43 55 71 84 85  1
 43 55 71 72  1
 43 55 70 86  1
 43 55 70 84 85  1
 43 55 68 86  1
 43 55 68 84 85  1
 43 55 68 69 86  1
 43 55 68 69 84 85  1
 43 55 66 67 86  1
 43 55 66 67 84 85  1
 43 55 61 86  1
 43 55 61 84 85  1
 43 55 59 90  1
 43 55 59 88  1
 43 55 59 86 87  1
 43 55 59 79 80  1
 43 55 59 71  1
 43 55 59 70  1
 43 55 59 68  1
 43 55 59 68 69  1
 43 55 59 66 67  1
 43 55 59 61  1
 43 55 58 86  1
 43 55 58 84 85  1
 43 55 58 59  1
 43 55 56 86  5
 43 55 56 86 89  1
 43 55 56 84 85  5
 43 55 56 84 85 89  1
 43 55 56 82 86  1
 43 55 56 82 84 85  1
 43 55 56 80 81 86  1
 43 55 56 80 81 84 85  1
 43 55 56 59  5
 43 55 56 59 89  1
 43 55 56 59 82  1
 43 55 56 59 80 81  1
 43 54 82 86  1
 43 54 82 84 85  1
 43 54 80 81 86  1
 43 54 80 81 84 85  1
 43 54 59 82  1
 43 54 59 80 81  1
 43 54 55 86  5
 43 54 55 86 89  1
 43 54 55 84 85  5
 43 54 55 84 85 89  1
 43 54 55 82 86 89  1
 43 54 55 82 84 85 89  1
 43 54 55 80 81 86 89  1
 43 54 55 80 81 84 85 89  1
 43 54 55 59  5
 43 54 55 59 89  1
 43 54 55 59 82 89  1
 43 54 55 59 80 81 89  1
 43 54 55 57 86  1
 43 54 55 57 84 85  1
 43 54 55 57 82 86  1
 43 54 55 57 82 84 85  1
 43 54 55 57 80 81 86  1
 43 54 55 57 80 81 84 85  1
 43 54 55 57 59  1
 43 54 55 57 59 82  1
 43 54 55 57 59 80 81  1
 43 54 55 56 86  1
 43 54 55 56 84 85  1
 43 54 55 56 82 86  1
 43 54 55 56 82 84 85  1
 43 54 55 56 80 81 86  1
 43 54 55 56 80 81 84 85  1
 43 54 55 56 59  1
 43 54 55 56 59 82  1
 43 54 55 56 59 80 81  1
 41 70 82 86  1
 41 70 82 84 85  1
 41 70 80 81 86  1
 41 70 80 81 84 85  1
 41 68 69 82 86  1
 41 68 69 82 84 85  1
 41 68 69 80 81 86  1
 41 68 69 80 81 84 85  1
 41 59 70 82  1
 41 59 70 80 81  1
 41 59 68 69 82  1
 41 59 68 69 80 81  1
 41 55 70 86  1
 41 55 70 84 85  1
 41 55 68 69 86  1
 41 55 68 69 84 85  1
 41 55 59 70  1
 41 55 59 68 69  1
 41 43 82 86  1
 41 43 82 84 85  1
 41 43 80 81 86  1
 41 43 80 81 84 85  1
 41 43 59 82  1
 41 43 59 80 81  1
 41 43 55 86  1
 41 43 55 84 85  1
 41 43 55 59  1
 41 42 70 82 86  1
 41 42 70 82 84 85  1
 41 42 70 80 81 86  1
 41 42 70 80 81 84 85  1
 41 42 68 69 82 86  1
 41 42 68 69 82 84 85  1
 41 42 68 69 80 81 86  1
 41 42 68 69 80 81 84 85  1
 41 42 59 70 82  1
 41 42 59 70 80 81  1
 41 42 59 68 69 82  1
 41 42 59 68 69 80 81  1
 41 42 55 70 86  1
 41 42 55 70 84 85  1
 41 42 55 68 69 86  1
 41 42 55 68 69 84 85  1
 41 42 55 59 70  1
 41 42 55 59 68 69  1
 41 42 43 82 86  1
 41 42 43 82 84 85  1
 41 42 43 80 81 86  1
 41 42 43 80 81 84 85  1
 41 42 43 59 82  1
 41 42 43 59 80 81  1
 41 42 43 55 86  1
 41 42 43 55 84 85  1
 41 42 43 55 59  1
 29 70 82 86 89  1
 29 70 82 84 85 89  1
 29 70 80 81 86 89  1
 29 70 80 81 84 85 89  1
 29 68 69 82 86 89  1
 29 68 69 82 84 85 89  1
 29 68 69 80 81 86 89  1
 29 68 69 80 81 84 85 89  1
 29 59 70 82 89  1
 29 59 70 80 81 89  1
 29 59 68 69 82 89  1
 29 59 68 69 80 81 89  1
 29 57 70 82 86  1
 29 57 70 82 84 85  1
 29 57 70 80 81 86  1
 29 57 70 80 81 84 85  1
 29 57 68 69 82 86  1
 29 57 68 69 82 84 85  1
 29 57 68 69 80 81 86  1
 29 57 68 69 80 81 84 85  1
 29 57 59 70 82  1
 29 57 59 70 80 81  1
 29 57 59 68 69 82  1
 29 57 59 68 69 80 81  1
 29 55 70 86 89  1
 29 55 70 84 85 89  1
 29 55 68 69 86 89  1
 29 55 68 69 84 85 89  1
 29 55 59 70 89  1
 29 55 59 68 69 89  1
 29 55 57 70 86  1
 29 55 57 70 84 85  1
 29 55 57 68 69 86  1
 29 55 57 68 69 84 85  1
 29 55 57 59 70  1
 29 55 57 59 68 69  1
 29 55 56 70 86  1
 29 55 56 70 84 85  1
 29 55 56 70 82 86  1
 29 55 56 70 82 84 85  1
 29 55 56 70 80 81 86  1
 29 55 56 70 80 81 84 85  1
 29 55 56 68 69 86  1
 29 55 56 68 69 84 85  1
 29 55 56 68 69 82 86  1
 29 55 56 68 69 82 84 85  1
 29 55 56 68 69 80 81 86  1
 29 55 56 68 69 80 81 84 85  1
 29 55 56 59 70  1
 29 55 56 59 70 82  1
 29 55 56 59 70 80 81  1
 29 55 56 59 68 69  1
 29 55 56 59 68 69 82  1
 29 55 56 59 68 69 80 81  1
 29 43 82 86 89  1
 29 43 82 84 85 89  1
 29 43 80 81 86 89  1
 29 43 80 81 84 85 89  1
 29 43 59 82 89  1
 29 43 59 80 81 89  1
 29 43 57 82 86  1
 29 43 57 82 84 85  1
 29 43 57 80 81 86  1
 29 43 57 80 81 84 85  1
 29 43 57 59 82  1
 29 43 57 59 80 81  1
 29 43 55 86 89  1
 29 43 55 84 85 89  1
 29 43 55 59 89  1
 29 43 55 57 86  1
 29 43 55 57 84 85  1
 29 43 55 57 59  1
 29 43 55 56 86  1
 29 43 55 56 84 85  1
 29 43 55 56 82 86  1
 29 43 55 56 82 84 85  1
 29 43 55 56 80 81 86  1
 29 43 55 56 80 81 84 85  1
 29 43 55 56 59  1
 29 43 55 56 59 82  1
 29 43 55 56 59 80 81  1
 22 70 82 86  1
 22 70 82 84 85  1
 22 70 80 81 86  1
 22 70 80 81 84 85  1
 22 68 69 82 86  1
 22 68 69 82 84 85  1
 22 68 69 80 81 86  1
 22 68 69 80 81 84 85  1
 22 59 70 82  1
 22 59 70 80 81  1
 22 59 68 69 82  1
 22 59 68 69 80 81  1
 22 55 70 86  1
 22 55 70 84 85  1
 22 55 68 69 86  1
 22 55 68 69 84 85  1
 22 55 59 70  1
 22 55 59 68 69  1
 22 43 82 86  1
 22 43 82 84 85  1
 22 43 80 81 86  1
 22 43 80 81 84 85  1
 22 43 59 82  1
 22 43 59 80 81  1
 22 43 55 86  1
 22 43 55 84 85  1
 22 43 55 59  1
 21 70 82 86  1
 21 70 82 84 85  1
 21 70 80 81 86  1
 21 70 80 81 84 85  1
 21 68 69 82 86  1
 21 68 69 82 84 85  1
 21 68 69 80 81 86  1
 21 68 69 80 81 84 85  1
 21 59 70 82  1
 21 59 70 80 81  1
 21 59 68 69 82  1
 21 59 68 69 80 81  1
 21 55 70 86  1
 21 55 70 84 85  1
 21 55 68 69 86  1
 21 55 68 69 84 85  1
 21 55 59 70  1
 21 55 59 68 69  1
 21 43 82 86  1
 21 43 82 84 85  1
 21 43 80 81 86  1
 21 43 80 81 84 85  1
 21 43 59 82  1
 21 43 59 80 81  1
 21 43 55 86  1
 21 43 55 84 85  1
 21 43 55 59  1
 20 56 70 82 86  1
 20 56 70 82 84 85  1
 20 56 70 80 81 86  1
 20 56 70 80 81 84 85  1
 20 56 68 69 82 86  1
 20 56 68 69 82 84 85  1
 20 56 68 69 80 81 86  1
 20 56 68 69 80 81 84 85  1
 20 56 59 70 82  1
 20 56 59 70 80 81  1
 20 56 59 68 69 82  1
 20 56 59 68 69 80 81  1
 20 55 56 70 86  1
 20 55 56 70 84 85  1
 20 55 56 68 69 86  1
 20 55 56 68 69 84 85  1
 20 55 56 59 70  1
 20 55 56 59 68 69  1
 20 54 55 70 86  1
 20 54 55 70 84 85  1
 20 54 55 70 82 86  1
 20 54 55 70 82 84 85  1
 20 54 55 70 80 81 86  1
 20 54 55 70 80 81 84 85  1
 20 54 55 68 69 86  1
 20 54 55 68 69 84 85  1
 20 54 55 68 69 82 86  1
 20 54 55 68 69 82 84 85  1
 20 54 55 68 69 80 81 86  1
 20 54 55 68 69 80 81 84 85  1
 20 54 55 59 70  1
 20 54 55 59 70 82  1
 20 54 55 59 70 80 81  1
 20 54 55 59 68 69  1
 20 54 55 59 68 69 82  1
 20 54 55 59 68 69 80 81  1
 20 43 56 82 86  1
 20 43 56 82 84 85  1
 20 43 56 80 81 86  1
 20 43 56 80 81 84 85  1
 20 43 56 59 82  1
 20 43 56 59 80 81  1
 20 43 55 56 86  1
 20 43 55 56 84 85  1
 20 43 55 56 59  1
 20 43 54 55 86  1
 20 43 54 55 84 85  1
 20 43 54 55 82 86  1
 20 43 54 55 82 84 85  1
 20 43 54 55 80 81 86  1
 20 43 54 55 80 81 84 85  1
 20 43 54 55 59  1
 20 43 54 55 59 82  1
 20 43 54 55 59 80 81  1
 20 29 70 82 86  1
 20 29 70 82 84 85  1
 20 29 70 80 81 86  1
 20 29 70 80 81 84 85  1
 20 29 68 69 82 86  1
 20 29 68 69 82 84 85  1
 20 29 68 69 80 81 86  1
 20 29 68 69 80 81 84 85  1
 20 29 59 70 82  1
 20 29 59 70 80 81  1
 20 29 59 68 69 82  1
 20 29 59 68 69 80 81  1
 20 29 55 70 86  1
 20 29 55 70 84 85  1
 20 29 55 68 69 86  1
 20 29 55 68 69 84 85  1
 20 29 55 59 70  1
 20 29 55 59 68 69  1
 20 29 43 82 86  1
 20 29 43 82 84 85  1
 20 29 43 80 81 86  1
 20 29 43 80 81 84 85  1
 20 29 43 59 82  1
 20 29 43 59 80 81  1
 20 29 43 55 86  1
 20 29 43 55 84 85  1
 20 29 43 55 59  1
 16 70 82 86  1
 16 70 82 84 85  1
 16 70 80 81 86  1
 16 70 80 81 84 85  1
 16 68 69 82 86  1
 16 68 69 82 84 85  1
 16 68 69 80 81 86  1
 16 68 69 80 81 84 85  1
 16 59 70 82  1
 16 59 70 80 81  1
 16 59 68 69 82  1
 16 59 68 69 80 81  1
 16 55 70 86  1
 16 55 70 84 85  1
 16 55 68 69 86  1
 16 55 68 69 84 85  1
 16 55 59 70  1
 16 55 59 68 69  1
 16 43 82 86  1
 16 43 82 84 85  1
 16 43 80 81 86  1
 16 43 80 81 84 85  1
 16 43 59 82  1
 16 43 59 80 81  1
 16 43 55 86  1
 16 43 55 84 85  1
 16 43 55 59  1
 12 70 82 86  1
 12 70 82 84 85  1
 12 70 80 81 86  1
 12 70 80 81 84 85  1
 12 68 69 82 86  1
 12 68 69 82 84 85  1
 12 68 69 80 81 86  1
 12 68 69 80 81 84 85  1
 12 59 70 82  1
 12 59 70 80 81  1
 12 59 68 69 82  1
 12 59 68 69 80 81  1
 12 55 70 86  1
 12 55 70 84 85  1
 12 55 68 69 86  1
 12 55 68 69 84 85  1
 12 55 59 70  1
 12 55 59 68 69  1
 12 43 82 86  1
 12 43 82 84 85  1
 12 43 80 81 86  1
 12 43 80 81 84 85  1
 12 43 59 82  1
 12 43 59 80 81  1
 12 43 55 86  1
 12 43 55 84 85  1
 12 43 55 59  1
