 38 42 56  1
 38 42 54 55  1
 38 40 41 56  1
 38 40 41 54 55  1
 36 37 42 56  1
 36 37 42 54 55  1
 36 37 40 41 56  1
 36 37 40 41 54 55  1
 29 38 42  1
 29 38 40 41  1
 29 36 37 42  1
 29 36 37 40 41  1
 15 38 56  1
 15 38 54 55  1
 15 36 37 56  1
 15 36 37 54 55  1
 15 29 38  1
 15 29 36 37  1
 11 42 56  1
 11 42 54 55  1
 11 40 41 56  1
 11 40 41 54 55  1
 11 29 42  1
 11 29 40 41  1
 11 15 56  1
 11 15 54 55  1
 11 15 29  1
 103  1
 84  1
 82 83  1
 80  5
 80 86  1
 80 84 85  1
 78 79  5
 78 79 86  1
 78 79 84 85  1
 71  1
 70 82 86  1
 70 82 84 85  1
 70 80 81 86  1
 70 80 81 84 85  1
 68 88  1
 68 86 87  1
 68 69  7
 68 69 82 86  1
 68 69 82 84 85  1
 68 69 80 81 86  1
 68 69 80 81 84 85  1
 67 68 70  1
 67 68 69  1
 66 67 88  1
 66 67 86 87  1
 61 68  1
 61 66 67  1
 59 80  1
 59 78 79  1
 59 70 82  1
 59 70 80 81  1
 59 68 69 82  1
 59 68 69 80 81  1
 57  1
 56  3
 56 80 88  1
 56 80 86 87  1
 56 78 79 88  1
 56 78 79 86 87  1
 56 61 80  1
 56 61 78 79  1
 55 70 86  1
 55 70 84 85  1
 55 68 69 86  1
 55 68 69 84 85  1
 55 59 70  1
 55 59 68 69  1
 54 55  5
 54 55 80 88  1
 54 55 80 86 87  1
 54 55 78 79 88  1
 54 55 78 79 86 87  1
 54 55 61 80  1
 54 55 61 78 79  1
 53  5
 53 86  1
 53 84 85  1
 53 59  1
 53 56 88  1
 53 56 86 87  1
 53 56 61  1
 53 54 55 88  1
 53 54 55 86 87  1
 53 54 55 61  1
 44  3
 44 84  1
 44 82 83  1
 44 57  1
 43 82 86  1
 43 82 84 85  1
 43 80 81 86  1
 43 80 81 84 85  1
 43 69  1
 43 67 68  1
 43 59 82  1
 43 59 80 81  1
 43 55 86  1
 43 55 84 85  1
 43 55 59  1
 42 70  1
 42 68 69  1
 42 43 84  1
 42 43 82 83  1
 42 43 57  1
 41 88  1
 41 86 87  1
 41 61  1
 34  1
 29  3
 29 80 88  1
 29 80 86 87  1
 29 78 79 88  1
 29 78 79 86 87  1
 29 61 80  1
 29 61 78 79  1
 29 53 88  1
 29 53 86 87  1
 29 53 61  1
 17  1
 17 84  1
 17 82 83  1
 17 57  1
