 104  1
 89  1
 88  5
 87  1
 86  1
 86 87  5
 85 86  1
 84 85  1
 75  1
 74 88  1
 74 86 87  1
 73 74  1
 72 73 88  1
 72 73 86 87  1
 70 97  1
 68 88  1
 68 86 87  1
 68 69 97  1
 66 68 86  1
 66 68 84 85  1
 66 67 88  1
 66 67 86  5
 66 67 86 87  1
 66 67 84 85  5
 64 65 68 86  1
 64 65 68 84 85  1
 64 65 66 67 86  1
 64 65 66 67 84 85  1
 61  5
 61 74  1
 61 72 73  1
 61 68  1
 61 66 67  1
 60  1
 59  1
 59 66 68  1
 59 66 67  5
 59 64 65 68  1
 59 64 65 66 67  1
 48  1
 47 88  1
 47 86 87  1
 47 61  1
 45  3
 43 97  1
 42  1
 41 88  1
 41 86 87  1
 41 66 86  1
 41 66 84 85  1
 41 64 65 86  1
 41 64 65 84 85  1
 41 61  1
 41 59 66  1
 41 59 64 65  1
 40 41  1
 39 68 86  1
 39 68 84 85  1
 39 66 67 86  1
 39 66 67 84 85  1
 39 59 68  1
 39 59 66 67  1
 39 41 86  1
 39 41 84 85  1
 39 41 59  1
 38 70  1
 38 68 69  1
 38 43  1
 35  1
 30  1
 28 70  1
 28 68 69  1
 28 43  1
 20  1
 15  1
