 43 84  3
 43 57  3
 41 42 84  3
 41 42 57  3
 16 84  3
 16 57  3
 83  123
 81 82 84  35
 81 82 83  43
 69 83  19
 69 81 82  19
 67 68 83  19
 67 68 81 82  19
 57 83  33
 57 81 82  33
 56  125
 56 84  35
 56 82 83  33
 56 69  19
 56 67 68  19
 56 57  33
 43 83  17
 43 81 82  17
 43 81 82 84  5
 43 81 82 83  5
 43 75 83  3
 43 75 81 82  3
 43 73 83  7
 43 73 83 87  1
 43 73 83 85 86  1
 43 73 81 82  7
 43 73 81 82 87  1
 43 73 81 82 85 86  1
 43 73 74 83  3
 43 73 74 81 82  3
 43 71 72 83  7
 43 71 72 83 87  1
 43 71 72 83 85 86  1
 43 71 72 81 82  7
 43 71 72 81 82 87  1
 43 71 72 81 82 85 86  1
 43 67 75 83  1
 43 67 75 81 82  1
 43 67 73 74 83  1
 43 67 73 74 81 82  1
 43 65 66 75 83  1
 43 65 66 75 81 82  1
 43 65 66 73 74 83  1
 43 65 66 73 74 81 82  1
 43 60 73 83  1
 43 60 73 81 82  1
 43 60 71 72 83  1
 43 60 71 72 81 82  1
 43 57 83  5
 43 57 81 82  5
 43 56  17
 43 56 84  5
 43 56 82 83  5
 43 56 75  3
 43 56 73  7
 43 56 73 87  1
 43 56 73 85 86  1
 43 56 73 74  3
 43 56 71 72  7
 43 56 71 72 87  1
 43 56 71 72 85 86  1
 43 56 67 75  1
 43 56 67 73 74  1
 43 56 65 66 75  1
 43 56 65 66 73 74  1
 43 56 60 73  1
 43 56 60 71 72  1
 43 56 57  5
 43 48 83  3
 43 48 81 82  3
 43 48 67 83  1
 43 48 67 81 82  1
 43 48 65 66 83  1
 43 48 65 66 81 82  1
 43 48 56  3
 43 48 56 67  1
 43 48 56 65 66  1
 43 46 83  7
 43 46 83 87  1
 43 46 83 85 86  1
 43 46 81 82  7
 43 46 81 82 87  1
 43 46 81 82 85 86  1
 43 46 60 83  1
 43 46 60 81 82  1
 43 46 56  7
 43 46 56 87  1
 43 46 56 85 86  1
 43 46 56 60  1
 42 83  19
 42 81 82  19
 42 56  19
 41 42 83  17
 41 42 81 82  17
 41 42 81 82 84  5
 41 42 81 82 83  5
 41 42 75 83  3
 41 42 75 81 82  3
 41 42 73 83  7
 41 42 73 83 87  1
 41 42 73 83 85 86  1
 41 42 73 81 82  7
 41 42 73 81 82 87  1
 41 42 73 81 82 85 86  1
 41 42 73 74 83  3
 41 42 73 74 81 82  3
 41 42 71 72 83  7
 41 42 71 72 83 87  1
 41 42 71 72 83 85 86  1
 41 42 71 72 81 82  7
 41 42 71 72 81 82 87  1
 41 42 71 72 81 82 85 86  1
 41 42 67 75 83  1
 41 42 67 75 81 82  1
 41 42 67 73 74 83  1
 41 42 67 73 74 81 82  1
 41 42 65 66 75 83  1
 41 42 65 66 75 81 82  1
 41 42 65 66 73 74 83  1
 41 42 65 66 73 74 81 82  1
 41 42 60 73 83  1
 41 42 60 73 81 82  1
 41 42 60 71 72 83  1
 41 42 60 71 72 81 82  1
 41 42 57 83  5
 41 42 57 81 82  5
 41 42 56  17
 41 42 56 84  5
 41 42 56 82 83  5
 41 42 56 75  3
 41 42 56 73  7
 41 42 56 73 87  1
 41 42 56 73 85 86  1
 41 42 56 73 74  3
 41 42 56 71 72  7
 41 42 56 71 72 87  1
 41 42 56 71 72 85 86  1
 41 42 56 67 75  1
 41 42 56 67 73 74  1
 41 42 56 65 66 75  1
 41 42 56 65 66 73 74  1
 41 42 56 60 73  1
 41 42 56 60 71 72  1
 41 42 56 57  5
 41 42 48 83  3
 41 42 48 81 82  3
 41 42 48 67 83  1
 41 42 48 67 81 82  1
 41 42 48 65 66 83  1
 41 42 48 65 66 81 82  1
 41 42 48 56  3
 41 42 48 56 67  1
 41 42 48 56 65 66  1
 41 42 46 83  7
 41 42 46 83 87  1
 41 42 46 83 85 86  1
 41 42 46 81 82  7
 41 42 46 81 82 87  1
 41 42 46 81 82 85 86  1
 41 42 46 60 83  1
 41 42 46 60 81 82  1
 41 42 46 56  7
 41 42 46 56 87  1
 41 42 46 56 85 86  1
 41 42 46 56 60  1
 40 43 75 83  1
 40 43 75 81 82  1
 40 43 73 74 83  1
 40 43 73 74 81 82  1
 40 43 56 75  1
 40 43 56 73 74  1
 40 43 48 83  1
 40 43 48 81 82  1
 40 43 48 56  1
 40 41 42 75 83  1
 40 41 42 75 81 82  1
 40 41 42 73 74 83  1
 40 41 42 73 74 81 82  1
 40 41 42 56 75  1
 40 41 42 56 73 74  1
 40 41 42 48 83  1
 40 41 42 48 81 82  1
 40 41 42 48 56  1
 31 43 67  1
 31 43 65 66  1
 31 41 67 81  1
 31 41 67 81 87  1
 31 41 67 81 85 86  1
 31 41 67 79 80  1
 31 41 67 79 80 87  1
 31 41 67 79 80 85 86  1
 31 41 65 66 81  1
 31 41 65 66 81 87  1
 31 41 65 66 81 85 86  1
 31 41 65 66 79 80  1
 31 41 65 66 79 80 87  1
 31 41 65 66 79 80 85 86  1
 31 41 60 67 81  1
 31 41 60 67 79 80  1
 31 41 60 65 66 81  1
 31 41 60 65 66 79 80  1
 31 41 54 67  1
 31 41 54 67 87  1
 31 41 54 67 85 86  1
 31 41 54 65 66  1
 31 41 54 65 66 87  1
 31 41 54 65 66 85 86  1
 31 41 54 60 67  1
 31 41 54 60 65 66  1
 31 41 42 67  1
 31 41 42 65 66  1
 31 40 43  1
 31 40 41 81  1
 31 40 41 81 87  1
 31 40 41 81 85 86  1
 31 40 41 79 80  1
 31 40 41 79 80 87  1
 31 40 41 79 80 85 86  1
 31 40 41 60 81  1
 31 40 41 60 79 80  1
 31 40 41 54  1
 31 40 41 54 87  1
 31 40 41 54 85 86  1
 31 40 41 54 60  1
 31 40 41 42  1
 31 39 40 81  1
 31 39 40 81 87  1
 31 39 40 81 85 86  1
 31 39 40 79 80  1
 31 39 40 79 80 87  1
 31 39 40 79 80 85 86  1
 31 39 40 67 81  1
 31 39 40 67 81 87  1
 31 39 40 67 81 85 86  1
 31 39 40 67 79 80  1
 31 39 40 67 79 80 87  1
 31 39 40 67 79 80 85 86  1
 31 39 40 65 66 81  1
 31 39 40 65 66 81 87  1
 31 39 40 65 66 81 85 86  1
 31 39 40 65 66 79 80  1
 31 39 40 65 66 79 80 87  1
 31 39 40 65 66 79 80 85 86  1
 31 39 40 60 81  1
 31 39 40 60 79 80  1
 31 39 40 60 67 81  1
 31 39 40 60 67 79 80  1
 31 39 40 60 65 66 81  1
 31 39 40 60 65 66 79 80  1
 31 39 40 54  1
 31 39 40 54 87  1
 31 39 40 54 85 86  1
 31 39 40 54 67  1
 31 39 40 54 67 87  1
 31 39 40 54 67 85 86  1
 31 39 40 54 65 66  1
 31 39 40 54 65 66 87  1
 31 39 40 54 65 66 85 86  1
 31 39 40 54 60  1
 31 39 40 54 60 67  1
 31 39 40 54 60 65 66  1
 29 30 43 67  1
 29 30 43 65 66  1
 29 30 41 67 81  1
 29 30 41 67 81 87  1
 29 30 41 67 81 85 86  1
 29 30 41 67 79 80  1
 29 30 41 67 79 80 87  1
 29 30 41 67 79 80 85 86  1
 29 30 41 65 66 81  1
 29 30 41 65 66 81 87  1
 29 30 41 65 66 81 85 86  1
 29 30 41 65 66 79 80  1
 29 30 41 65 66 79 80 87  1
 29 30 41 65 66 79 80 85 86  1
 29 30 41 60 67 81  1
 29 30 41 60 67 79 80  1
 29 30 41 60 65 66 81  1
 29 30 41 60 65 66 79 80  1
 29 30 41 54 67  1
 29 30 41 54 67 87  1
 29 30 41 54 67 85 86  1
 29 30 41 54 65 66  1
 29 30 41 54 65 66 87  1
 29 30 41 54 65 66 85 86  1
 29 30 41 54 60 67  1
 29 30 41 54 60 65 66  1
 29 30 41 42 67  1
 29 30 41 42 65 66  1
 29 30 40 43  1
 29 30 40 41 81  1
 29 30 40 41 81 87  1
 29 30 40 41 81 85 86  1
 29 30 40 41 79 80  1
 29 30 40 41 79 80 87  1
 29 30 40 41 79 80 85 86  1
 29 30 40 41 60 81  1
 29 30 40 41 60 79 80  1
 29 30 40 41 54  1
 29 30 40 41 54 87  1
 29 30 40 41 54 85 86  1
 29 30 40 41 54 60  1
 29 30 40 41 42  1
 29 30 39 40 81  1
 29 30 39 40 81 87  1
 29 30 39 40 81 85 86  1
 29 30 39 40 79 80  1
 29 30 39 40 79 80 87  1
 29 30 39 40 79 80 85 86  1
 29 30 39 40 67 81  1
 29 30 39 40 67 81 87  1
 29 30 39 40 67 81 85 86  1
 29 30 39 40 67 79 80  1
 29 30 39 40 67 79 80 87  1
 29 30 39 40 67 79 80 85 86  1
 29 30 39 40 65 66 81  1
 29 30 39 40 65 66 81 87  1
 29 30 39 40 65 66 81 85 86  1
 29 30 39 40 65 66 79 80  1
 29 30 39 40 65 66 79 80 87  1
 29 30 39 40 65 66 79 80 85 86  1
 29 30 39 40 60 81  1
 29 30 39 40 60 79 80  1
 29 30 39 40 60 67 81  1
 29 30 39 40 60 67 79 80  1
 29 30 39 40 60 65 66 81  1
 29 30 39 40 60 65 66 79 80  1
 29 30 39 40 54  1
 29 30 39 40 54 87  1
 29 30 39 40 54 85 86  1
 29 30 39 40 54 67  1
 29 30 39 40 54 67 87  1
 29 30 39 40 54 67 85 86  1
 29 30 39 40 54 65 66  1
 29 30 39 40 54 65 66 87  1
 29 30 39 40 54 65 66 85 86  1
 29 30 39 40 54 60  1
 29 30 39 40 54 60 67  1
 29 30 39 40 54 60 65 66  1
 16 83  17
 16 81 82  17
 16 81 82 84  5
 16 81 82 83  5
 16 75 83  3
 16 75 81 82  3
 16 73 83  7
 16 73 83 87  1
 16 73 83 85 86  1
 16 73 81 82  7
 16 73 81 82 87  1
 16 73 81 82 85 86  1
 16 73 74 83  3
 16 73 74 81 82  3
 16 71 72 83  7
 16 71 72 83 87  1
 16 71 72 83 85 86  1
 16 71 72 81 82  7
 16 71 72 81 82 87  1
 16 71 72 81 82 85 86  1
 16 67 75 83  1
 16 67 75 81 82  1
 16 67 73 74 83  1
 16 67 73 74 81 82  1
 16 65 66 75 83  1
 16 65 66 75 81 82  1
 16 65 66 73 74 83  1
 16 65 66 73 74 81 82  1
 16 60 73 83  1
 16 60 73 81 82  1
 16 60 71 72 83  1
 16 60 71 72 81 82  1
 16 57 83  5
 16 57 81 82  5
 16 56  17
 16 56 84  5
 16 56 82 83  5
 16 56 75  3
 16 56 73  7
 16 56 73 87  1
 16 56 73 85 86  1
 16 56 73 74  3
 16 56 71 72  7
 16 56 71 72 87  1
 16 56 71 72 85 86  1
 16 56 67 75  1
 16 56 67 73 74  1
 16 56 65 66 75  1
 16 56 65 66 73 74  1
 16 56 60 73  1
 16 56 60 71 72  1
 16 56 57  5
 16 48 83  3
 16 48 81 82  3
 16 48 67 83  1
 16 48 67 81 82  1
 16 48 65 66 83  1
 16 48 65 66 81 82  1
 16 48 56  3
 16 48 56 67  1
 16 48 56 65 66  1
 16 46 83  7
 16 46 83 87  1
 16 46 83 85 86  1
 16 46 81 82  7
 16 46 81 82 87  1
 16 46 81 82 85 86  1
 16 46 60 83  1
 16 46 60 81 82  1
 16 46 56  7
 16 46 56 87  1
 16 46 56 85 86  1
 16 46 56 60  1
 16 40 75 83  1
 16 40 75 81 82  1
 16 40 73 74 83  1
 16 40 73 74 81 82  1
 16 40 56 75  1
 16 40 56 73 74  1
 16 40 48 83  1
 16 40 48 81 82  1
 16 40 48 56  1
 16 31 67  1
 16 31 65 66  1
 16 31 40  1
 16 29 30 67  1
 16 29 30 65 66  1
 16 29 30 40  1
 14 31 67 81  1
 14 31 67 81 87  1
 14 31 67 81 85 86  1
 14 31 67 79 80  1
 14 31 67 79 80 87  1
 14 31 67 79 80 85 86  1
 14 31 65 66 81  1
 14 31 65 66 81 87  1
 14 31 65 66 81 85 86  1
 14 31 65 66 79 80  1
 14 31 65 66 79 80 87  1
 14 31 65 66 79 80 85 86  1
 14 31 60 67 81  1
 14 31 60 67 79 80  1
 14 31 60 65 66 81  1
 14 31 60 65 66 79 80  1
 14 31 54 67  1
 14 31 54 67 87  1
 14 31 54 67 85 86  1
 14 31 54 65 66  1
 14 31 54 65 66 87  1
 14 31 54 65 66 85 86  1
 14 31 54 60 67  1
 14 31 54 60 65 66  1
 14 31 40 81  1
 14 31 40 81 87  1
 14 31 40 81 85 86  1
 14 31 40 79 80  1
 14 31 40 79 80 87  1
 14 31 40 79 80 85 86  1
 14 31 40 60 81  1
 14 31 40 60 79 80  1
 14 31 40 54  1
 14 31 40 54 87  1
 14 31 40 54 85 86  1
 14 31 40 54 60  1
 14 29 30 67 81  1
 14 29 30 67 81 87  1
 14 29 30 67 81 85 86  1
 14 29 30 67 79 80  1
 14 29 30 67 79 80 87  1
 14 29 30 67 79 80 85 86  1
 14 29 30 65 66 81  1
 14 29 30 65 66 81 87  1
 14 29 30 65 66 81 85 86  1
 14 29 30 65 66 79 80  1
 14 29 30 65 66 79 80 87  1
 14 29 30 65 66 79 80 85 86  1
 14 29 30 60 67 81  1
 14 29 30 60 67 79 80  1
 14 29 30 60 65 66 81  1
 14 29 30 60 65 66 79 80  1
 14 29 30 54 67  1
 14 29 30 54 67 87  1
 14 29 30 54 67 85 86  1
 14 29 30 54 65 66  1
 14 29 30 54 65 66 87  1
 14 29 30 54 65 66 85 86  1
 14 29 30 54 60 67  1
 14 29 30 54 60 65 66  1
 14 29 30 40 81  1
 14 29 30 40 81 87  1
 14 29 30 40 81 85 86  1
 14 29 30 40 79 80  1
 14 29 30 40 79 80 87  1
 14 29 30 40 79 80 85 86  1
 14 29 30 40 60 81  1
 14 29 30 40 60 79 80  1
 14 29 30 40 54  1
 14 29 30 40 54 87  1
 14 29 30 40 54 85 86  1
 14 29 30 40 54 60  1
 4 43 67  1
 4 43 65 66  1
 4 41 67 81  1
 4 41 67 81 87  1
 4 41 67 81 85 86  1
 4 41 67 79 80  1
 4 41 67 79 80 87  1
 4 41 67 79 80 85 86  1
 4 41 65 66 81  1
 4 41 65 66 81 87  1
 4 41 65 66 81 85 86  1
 4 41 65 66 79 80  1
 4 41 65 66 79 80 87  1
 4 41 65 66 79 80 85 86  1
 4 41 60 67 81  1
 4 41 60 67 79 80  1
 4 41 60 65 66 81  1
 4 41 60 65 66 79 80  1
 4 41 54 67  1
 4 41 54 67 87  1
 4 41 54 67 85 86  1
 4 41 54 65 66  1
 4 41 54 65 66 87  1
 4 41 54 65 66 85 86  1
 4 41 54 60 67  1
 4 41 54 60 65 66  1
 4 41 42 67  1
 4 41 42 65 66  1
 4 40 43  1
 4 40 41 81  1
 4 40 41 81 87  1
 4 40 41 81 85 86  1
 4 40 41 79 80  1
 4 40 41 79 80 87  1
 4 40 41 79 80 85 86  1
 4 40 41 60 81  1
 4 40 41 60 79 80  1
 4 40 41 54  1
 4 40 41 54 87  1
 4 40 41 54 85 86  1
 4 40 41 54 60  1
 4 40 41 42  1
 4 39 40 81  1
 4 39 40 81 87  1
 4 39 40 81 85 86  1
 4 39 40 79 80  1
 4 39 40 79 80 87  1
 4 39 40 79 80 85 86  1
 4 39 40 67 81  1
 4 39 40 67 81 87  1
 4 39 40 67 81 85 86  1
 4 39 40 67 79 80  1
 4 39 40 67 79 80 87  1
 4 39 40 67 79 80 85 86  1
 4 39 40 65 66 81  1
 4 39 40 65 66 81 87  1
 4 39 40 65 66 81 85 86  1
 4 39 40 65 66 79 80  1
 4 39 40 65 66 79 80 87  1
 4 39 40 65 66 79 80 85 86  1
 4 39 40 60 81  1
 4 39 40 60 79 80  1
 4 39 40 60 67 81  1
 4 39 40 60 67 79 80  1
 4 39 40 60 65 66 81  1
 4 39 40 60 65 66 79 80  1
 4 39 40 54  1
 4 39 40 54 87  1
 4 39 40 54 85 86  1
 4 39 40 54 67  1
 4 39 40 54 67 87  1
 4 39 40 54 67 85 86  1
 4 39 40 54 65 66  1
 4 39 40 54 65 66 87  1
 4 39 40 54 65 66 85 86  1
 4 39 40 54 60  1
 4 39 40 54 60 67  1
 4 39 40 54 60 65 66  1
 4 16 67  1
 4 16 65 66  1
 4 16 40  1
 4 14 67 81  1
 4 14 67 81 87  1
 4 14 67 81 85 86  1
 4 14 67 79 80  1
 4 14 67 79 80 87  1
 4 14 67 79 80 85 86  1
 4 14 65 66 81  1
 4 14 65 66 81 87  1
 4 14 65 66 81 85 86  1
 4 14 65 66 79 80  1
 4 14 65 66 79 80 87  1
 4 14 65 66 79 80 85 86  1
 4 14 60 67 81  1
 4 14 60 67 79 80  1
 4 14 60 65 66 81  1
 4 14 60 65 66 79 80  1
 4 14 54 67  1
 4 14 54 67 87  1
 4 14 54 67 85 86  1
 4 14 54 65 66  1
 4 14 54 65 66 87  1
 4 14 54 65 66 85 86  1
 4 14 54 60 67  1
 4 14 54 60 65 66  1
 4 14 40 81  1
 4 14 40 81 87  1
 4 14 40 81 85 86  1
 4 14 40 79 80  1
 4 14 40 79 80 87  1
 4 14 40 79 80 85 86  1
 4 14 40 60 81  1
 4 14 40 60 79 80  1
 4 14 40 54  1
 4 14 40 54 87  1
 4 14 40 54 85 86  1
 4 14 40 54 60  1
 82 83 85  3
 82 83 84  3
 58 82 83  3
 57 83 84  3
 55 83  21
 55 81 82  21
 55 56  23
 43 55 73 83 84  1
 43 55 73 82 83  1
 43 55 73 81 82 84  1
 43 55 73 81 82 83  1
 43 55 71 72 83 84  1
 43 55 71 72 82 83  1
 43 55 71 72 81 82 84  1
 43 55 71 72 81 82 83  1
 43 55 57 73 83  1
 43 55 57 73 81 82  1
 43 55 57 71 72 83  1
 43 55 57 71 72 81 82  1
 43 55 56 73 84  1
 43 55 56 73 82 83  1
 43 55 56 71 72 84  1
 43 55 56 71 72 82 83  1
 43 55 56 57 73  1
 43 55 56 57 71 72  1
 43 53 73 83  1
 43 53 73 81 82  1
 43 53 71 72 83  1
 43 53 71 72 81 82  1
 43 53 56 73  1
 43 53 56 71 72  1
 43 53 54 73 83 84  1
 43 53 54 73 82 83  1
 43 53 54 73 81 82 84  1
 43 53 54 73 81 82 83  1
 43 53 54 71 72 83 84  1
 43 53 54 71 72 82 83  1
 43 53 54 71 72 81 82 84  1
 43 53 54 71 72 81 82 83  1
 43 53 54 57 73 83  1
 43 53 54 57 73 81 82  1
 43 53 54 57 71 72 83  1
 43 53 54 57 71 72 81 82  1
 43 53 54 56 73 84  1
 43 53 54 56 73 82 83  1
 43 53 54 56 71 72 84  1
 43 53 54 56 71 72 82 83  1
 43 53 54 56 57 73  1
 43 53 54 56 57 71 72  1
 43 51 52 73 83  1
 43 51 52 73 81 82  1
 43 51 52 71 72 83  1
 43 51 52 71 72 81 82  1
 43 51 52 56 73  1
 43 51 52 56 71 72  1
 43 46 55 83 84  1
 43 46 55 82 83  1
 43 46 55 81 82 84  1
 43 46 55 81 82 83  1
 43 46 55 57 83  1
 43 46 55 57 81 82  1
 43 46 55 56 84  1
 43 46 55 56 82 83  1
 43 46 55 56 57  1
 43 46 53 83  1
 43 46 53 81 82  1
 43 46 53 56  1
 43 46 53 54 83 84  1
 43 46 53 54 82 83  1
 43 46 53 54 81 82 84  1
 43 46 53 54 81 82 83  1
 43 46 53 54 57 83  1
 43 46 53 54 57 81 82  1
 43 46 53 54 56 84  1
 43 46 53 54 56 82 83  1
 43 46 53 54 56 57  1
 43 46 51 52 83  1
 43 46 51 52 81 82  1
 43 46 51 52 56  1
 41 42 55 73 83 84  1
 41 42 55 73 82 83  1
 41 42 55 73 81 82 84  1
 41 42 55 73 81 82 83  1
 41 42 55 71 72 83 84  1
 41 42 55 71 72 82 83  1
 41 42 55 71 72 81 82 84  1
 41 42 55 71 72 81 82 83  1
 41 42 55 57 73 83  1
 41 42 55 57 73 81 82  1
 41 42 55 57 71 72 83  1
 41 42 55 57 71 72 81 82  1
 41 42 55 56 73 84  1
 41 42 55 56 73 82 83  1
 41 42 55 56 71 72 84  1
 41 42 55 56 71 72 82 83  1
 41 42 55 56 57 73  1
 41 42 55 56 57 71 72  1
 41 42 53 73 83  1
 41 42 53 73 81 82  1
 41 42 53 71 72 83  1
 41 42 53 71 72 81 82  1
 41 42 53 56 73  1
 41 42 53 56 71 72  1
 41 42 53 54 73 83 84  1
 41 42 53 54 73 82 83  1
 41 42 53 54 73 81 82 84  1
 41 42 53 54 73 81 82 83  1
 41 42 53 54 71 72 83 84  1
 41 42 53 54 71 72 82 83  1
 41 42 53 54 71 72 81 82 84  1
 41 42 53 54 71 72 81 82 83  1
 41 42 53 54 57 73 83  1
 41 42 53 54 57 73 81 82  1
 41 42 53 54 57 71 72 83  1
 41 42 53 54 57 71 72 81 82  1
 41 42 53 54 56 73 84  1
 41 42 53 54 56 73 82 83  1
 41 42 53 54 56 71 72 84  1
 41 42 53 54 56 71 72 82 83  1
 41 42 53 54 56 57 73  1
 41 42 53 54 56 57 71 72  1
 41 42 51 52 73 83  1
 41 42 51 52 73 81 82  1
 41 42 51 52 71 72 83  1
 41 42 51 52 71 72 81 82  1
 41 42 51 52 56 73  1
 41 42 51 52 56 71 72  1
 41 42 46 55 83 84  1
 41 42 46 55 82 83  1
 41 42 46 55 81 82 84  1
 41 42 46 55 81 82 83  1
 41 42 46 55 57 83  1
 41 42 46 55 57 81 82  1
 41 42 46 55 56 84  1
 41 42 46 55 56 82 83  1
 41 42 46 55 56 57  1
 41 42 46 53 83  1
 41 42 46 53 81 82  1
 41 42 46 53 56  1
 41 42 46 53 54 83 84  1
 41 42 46 53 54 82 83  1
 41 42 46 53 54 81 82 84  1
 41 42 46 53 54 81 82 83  1
 41 42 46 53 54 57 83  1
 41 42 46 53 54 57 81 82  1
 41 42 46 53 54 56 84  1
 41 42 46 53 54 56 82 83  1
 41 42 46 53 54 56 57  1
 41 42 46 51 52 83  1
 41 42 46 51 52 81 82  1
 41 42 46 51 52 56  1
 29  7
 29 43 84  1
 29 43 81 82  9
 29 43 80 81 83  3
 29 43 80 81 82  3
 29 43 69  3
 29 43 67 68  3
 29 43 57  1
 29 43 56 82  3
 29 43 56 80 81  3
 29 43 55 83  3
 29 43 55 81 82  3
 29 43 55 56  3
 29 42 43  3
 29 41 42  15
 29 41 42 84  1
 29 41 42 81 82  9
 29 41 42 80 81 83  3
 29 41 42 80 81 82  3
 29 41 42 69  3
 29 41 42 67 68  3
 29 41 42 57  1
 29 41 42 56 82  3
 29 41 42 56 80 81  3
 29 41 42 55 83  3
 29 41 42 55 81 82  3
 29 41 42 55 56  3
 29 39 43 69  1
 29 39 43 67 68  1
 29 39 42 43  1
 29 39 41 42  3
 29 39 41 42 69  1
 29 39 41 42 67 68  1
 29 37 38 43 69  1
 29 37 38 43 67 68  1
 29 37 38 42 43  1
 29 37 38 41 42  3
 29 37 38 41 42 69  1
 29 37 38 41 42 67 68  1
 28 43 73 83 84  1
 28 43 73 82 83  1
 28 43 73 81 82 84  1
 28 43 73 81 82 83  1
 28 43 71 72 83 84  1
 28 43 71 72 82 83  1
 28 43 71 72 81 82 84  1
 28 43 71 72 81 82 83  1
 28 43 57 73 83  1
 28 43 57 73 81 82  1
 28 43 57 71 72 83  1
 28 43 57 71 72 81 82  1
 28 43 56 73 84  1
 28 43 56 73 82 83  1
 28 43 56 71 72 84  1
 28 43 56 71 72 82 83  1
 28 43 56 57 73  1
 28 43 56 57 71 72  1
 28 43 46 83 84  1
 28 43 46 82 83  1
 28 43 46 81 82 84  1
 28 43 46 81 82 83  1
 28 43 46 57 83  1
 28 43 46 57 81 82  1
 28 43 46 56 84  1
 28 43 46 56 82 83  1
 28 43 46 56 57  1
 28 41 42 73 83 84  1
 28 41 42 73 82 83  1
 28 41 42 73 81 82 84  1
 28 41 42 73 81 82 83  1
 28 41 42 71 72 83 84  1
 28 41 42 71 72 82 83  1
 28 41 42 71 72 81 82 84  1
 28 41 42 71 72 81 82 83  1
 28 41 42 57 73 83  1
 28 41 42 57 73 81 82  1
 28 41 42 57 71 72 83  1
 28 41 42 57 71 72 81 82  1
 28 41 42 56 73 84  1
 28 41 42 56 73 82 83  1
 28 41 42 56 71 72 84  1
 28 41 42 56 71 72 82 83  1
 28 41 42 56 57 73  1
 28 41 42 56 57 71 72  1
 28 41 42 46 83 84  1
 28 41 42 46 82 83  1
 28 41 42 46 81 82 84  1
 28 41 42 46 81 82 83  1
 28 41 42 46 57 83  1
 28 41 42 46 57 81 82  1
 28 41 42 46 56 84  1
 28 41 42 46 56 82 83  1
 28 41 42 46 56 57  1
 27 28  7
 27 28 43 84  1
 27 28 43 81 82  9
 27 28 43 80 81 83  3
 27 28 43 80 81 82  3
 27 28 43 69  7
 27 28 43 67 68  7
 27 28 43 57  1
 27 28 43 56 82  3
 27 28 43 56 80 81  3
 27 28 43 55 83  3
 27 28 43 55 81 82  3
 27 28 43 55 56  3
 27 28 42 43  7
 27 28 41 42  19
 27 28 41 42 84  1
 27 28 41 42 81 82  9
 27 28 41 42 80 81 83  3
 27 28 41 42 80 81 82  3
 27 28 41 42 69  7
 27 28 41 42 67 68  7
 27 28 41 42 57  1
 27 28 41 42 56 82  3
 27 28 41 42 56 80 81  3
 27 28 41 42 55 83  3
 27 28 41 42 55 81 82  3
 27 28 41 42 55 56  3
 27 28 39 43 69  1
 27 28 39 43 67 68  1
 27 28 39 42 43  1
 27 28 39 41 42  3
 27 28 39 41 42 69  1
 27 28 39 41 42 67 68  1
 27 28 37 38 43 69  1
 27 28 37 38 43 67 68  1
 27 28 37 38 42 43  1
 27 28 37 38 41 42  3
 27 28 37 38 41 42 69  1
 27 28 37 38 41 42 67 68  1
 26 43 73 83  1
 26 43 73 81 82  1
 26 43 71 72 83  1
 26 43 71 72 81 82  1
 26 43 56 73  1
 26 43 56 71 72  1
 26 43 46 83  1
 26 43 46 81 82  1
 26 43 46 56  1
 26 41 42 73 83  1
 26 41 42 73 81 82  1
 26 41 42 71 72 83  1
 26 41 42 71 72 81 82  1
 26 41 42 56 73  1
 26 41 42 56 71 72  1
 26 41 42 46 83  1
 26 41 42 46 81 82  1
 26 41 42 46 56  1
 16 55 73 83 84  1
 16 55 73 82 83  1
 16 55 73 81 82 84  1
 16 55 73 81 82 83  1
 16 55 71 72 83 84  1
 16 55 71 72 82 83  1
 16 55 71 72 81 82 84  1
 16 55 71 72 81 82 83  1
 16 55 57 73 83  1
 16 55 57 73 81 82  1
 16 55 57 71 72 83  1
 16 55 57 71 72 81 82  1
 16 55 56 73 84  1
 16 55 56 73 82 83  1
 16 55 56 71 72 84  1
 16 55 56 71 72 82 83  1
 16 55 56 57 73  1
 16 55 56 57 71 72  1
 16 53 73 83  1
 16 53 73 81 82  1
 16 53 71 72 83  1
 16 53 71 72 81 82  1
 16 53 56 73  1
 16 53 56 71 72  1
 16 53 54 73 83 84  1
 16 53 54 73 82 83  1
 16 53 54 73 81 82 84  1
 16 53 54 73 81 82 83  1
 16 53 54 71 72 83 84  1
 16 53 54 71 72 82 83  1
 16 53 54 71 72 81 82 84  1
 16 53 54 71 72 81 82 83  1
 16 53 54 57 73 83  1
 16 53 54 57 73 81 82  1
 16 53 54 57 71 72 83  1
 16 53 54 57 71 72 81 82  1
 16 53 54 56 73 84  1
 16 53 54 56 73 82 83  1
 16 53 54 56 71 72 84  1
 16 53 54 56 71 72 82 83  1
 16 53 54 56 57 73  1
 16 53 54 56 57 71 72  1
 16 51 52 73 83  1
 16 51 52 73 81 82  1
 16 51 52 71 72 83  1
 16 51 52 71 72 81 82  1
 16 51 52 56 73  1
 16 51 52 56 71 72  1
 16 46 55 83 84  1
 16 46 55 82 83  1
 16 46 55 81 82 84  1
 16 46 55 81 82 83  1
 16 46 55 57 83  1
 16 46 55 57 81 82  1
 16 46 55 56 84  1
 16 46 55 56 82 83  1
 16 46 55 56 57  1
 16 46 53 83  1
 16 46 53 81 82  1
 16 46 53 56  1
 16 46 53 54 83 84  1
 16 46 53 54 82 83  1
 16 46 53 54 81 82 84  1
 16 46 53 54 81 82 83  1
 16 46 53 54 57 83  1
 16 46 53 54 57 81 82  1
 16 46 53 54 56 84  1
 16 46 53 54 56 82 83  1
 16 46 53 54 56 57  1
 16 46 51 52 83  1
 16 46 51 52 81 82  1
 16 46 51 52 56  1
 16 29 84  1
 16 29 81 82  9
 16 29 80 81 83  3
 16 29 80 81 82  3
 16 29 69  3
 16 29 67 68  3
 16 29 57  1
 16 29 56 82  3
 16 29 56 80 81  3
 16 29 55 83  3
 16 29 55 81 82  3
 16 29 55 56  3
 16 29 42  3
 16 29 39 69  1
 16 29 39 67 68  1
 16 29 39 42  1
 16 29 37 38 69  1
 16 29 37 38 67 68  1
 16 29 37 38 42  1
 16 28 73 83 84  1
 16 28 73 82 83  1
 16 28 73 81 82 84  1
 16 28 73 81 82 83  1
 16 28 71 72 83 84  1
 16 28 71 72 82 83  1
 16 28 71 72 81 82 84  1
 16 28 71 72 81 82 83  1
 16 28 57 73 83  1
 16 28 57 73 81 82  1
 16 28 57 71 72 83  1
 16 28 57 71 72 81 82  1
 16 28 56 73 84  1
 16 28 56 73 82 83  1
 16 28 56 71 72 84  1
 16 28 56 71 72 82 83  1
 16 28 56 57 73  1
 16 28 56 57 71 72  1
 16 28 46 83 84  1
 16 28 46 82 83  1
 16 28 46 81 82 84  1
 16 28 46 81 82 83  1
 16 28 46 57 83  1
 16 28 46 57 81 82  1
 16 28 46 56 84  1
 16 28 46 56 82 83  1
 16 28 46 56 57  1
 16 27 28 84  1
 16 27 28 81 82  9
 16 27 28 80 81 83  3
 16 27 28 80 81 82  3
 16 27 28 69  7
 16 27 28 67 68  7
 16 27 28 57  1
 16 27 28 56 82  3
 16 27 28 56 80 81  3
 16 27 28 55 83  3
 16 27 28 55 81 82  3
 16 27 28 55 56  3
 16 27 28 42  7
 16 27 28 39 69  1
 16 27 28 39 67 68  1
 16 27 28 39 42  1
 16 27 28 37 38 69  1
 16 27 28 37 38 67 68  1
 16 27 28 37 38 42  1
 16 26 73 83  1
 16 26 73 81 82  1
 16 26 71 72 83  1
 16 26 71 72 81 82  1
 16 26 56 73  1
 16 26 56 71 72  1
 16 26 46 83  1
 16 26 46 81 82  1
 16 26 46 56  1
 12 29 43 69  1
 12 29 43 67 68  1
 12 29 42 43  1
 12 29 41 42  3
 12 29 41 42 69  1
 12 29 41 42 67 68  1
 12 27 28 43 69  1
 12 27 28 43 67 68  1
 12 27 28 42 43  1
 12 27 28 41 42  3
 12 27 28 41 42 69  1
 12 27 28 41 42 67 68  1
 12 16 29 69  1
 12 16 29 67 68  1
 12 16 29 42  1
 12 16 27 28 69  1
 12 16 27 28 67 68  1
 12 16 27 28 42  1
 2  7
 2 43 84  1
 2 43 81 82  9
 2 43 80 81 83  3
 2 43 80 81 82  3
 2 43 69  3
 2 43 67 68  3
 2 43 57  1
 2 43 56 82  3
 2 43 56 80 81  3
 2 43 55 83  3
 2 43 55 81 82  3
 2 43 55 56  3
 2 42 43  3
 2 41 42  15
 2 41 42 84  1
 2 41 42 81 82  9
 2 41 42 80 81 83  3
 2 41 42 80 81 82  3
 2 41 42 69  3
 2 41 42 67 68  3
 2 41 42 57  1
 2 41 42 56 82  3
 2 41 42 56 80 81  3
 2 41 42 55 83  3
 2 41 42 55 81 82  3
 2 41 42 55 56  3
 2 39 43 69  1
 2 39 43 67 68  1
 2 39 42 43  1
 2 39 41 42  3
 2 39 41 42 69  1
 2 39 41 42 67 68  1
 2 37 38 43 69  1
 2 37 38 43 67 68  1
 2 37 38 42 43  1
 2 37 38 41 42  3
 2 37 38 41 42 69  1
 2 37 38 41 42 67 68  1
 2 16 84  1
 2 16 81 82  9
 2 16 80 81 83  3
 2 16 80 81 82  3
 2 16 69  3
 2 16 67 68  3
 2 16 57  1
 2 16 56 82  3
 2 16 56 80 81  3
 2 16 55 83  3
 2 16 55 81 82  3
 2 16 55 56  3
 2 16 42  3
 2 16 39 69  1
 2 16 39 67 68  1
 2 16 39 42  1
 2 16 37 38 69  1
 2 16 37 38 67 68  1
 2 16 37 38 42  1
 2 12 43 69  1
 2 12 43 67 68  1
 2 12 42 43  1
 2 12 41 42  3
 2 12 41 42 69  1
 2 12 41 42 67 68  1
 2 12 16 69  1
 2 12 16 67 68  1
 2 12 16 42  1
 43 73 81  1
 43 73 79 80  1
 43 71 72 81  1
 43 71 72 79 80  1
 43 54 73  1
 43 54 71 72  1
 43 46 81  1
 43 46 79 80  1
 43 46 54  1
 41 73 81  1
 41 73 79 80  1
 41 71 72 81  1
 41 71 72 79 80  1
 41 54 73  1
 41 54 71 72  1
 41 46 81  1
 41 46 79 80  1
 41 46 54  1
 41 42 73 81  1
 41 42 73 79 80  1
 41 42 71 72 81  1
 41 42 71 72 79 80  1
 41 42 54 73  1
 41 42 54 71 72  1
 41 42 46 81  1
 41 42 46 79 80  1
 41 42 46 54  1
 39 40 73 81  1
 39 40 73 79 80  1
 39 40 71 72 81  1
 39 40 71 72 79 80  1
 39 40 54 73  1
 39 40 54 71 72  1
 39 40 46 81  1
 39 40 46 79 80  1
 39 40 46 54  1
 16 73 81  1
 16 73 79 80  1
 16 71 72 81  1
 16 71 72 79 80  1
 16 54 73  1
 16 54 71 72  1
 16 46 81  1
 16 46 79 80  1
 16 46 54  1
 14 73 81  1
 14 73 79 80  1
 14 71 72 81  1
 14 71 72 79 80  1
 14 54 73  1
 14 54 71 72  1
 14 46 81  1
 14 46 79 80  1
 14 46 54  1
  211
 109  1
 99  1
 84 85  1
 81  55
 81 126  1
 80 81 83  1
 80 81 82  1
 79 80  55
 79 80 126  1
 71  1
 69  33
 69 126  1
 69 87  3
 69 85  3
 69 85 86  3
 69 83 84  3
 69 70  1
 67  27
 67 81  29
 67 79 80  29
 67 69  3
 67 68 126  1
 67 68 87  3
 67 68 85  3
 67 68 85 86  3
 67 68 83 84  3
 65 66  27
 60 69  3
 60 67 68  3
 58 84  1
 58 69  3
 58 67 68  3
 57 85  1
 57 58  1
 56 82  1
 56 80 81  1
 54  59
 54 126  1
 54 67  29
 53 67 85  1
 53 67 83 84  1
 53 65 66 85  1
 53 65 66 83 84  1
 53 58 67  1
 53 58 65 66  1
 51 52 67 85  1
 51 52 67 83 84  1
 51 52 65 66 85  1
 51 52 65 66 83 84  1
 51 52 58 67  1
 51 52 58 65 66  1
 50  1
 44  1
 43 87  1
 43 85 86  1
 43 60  1
 42  35
 42 126  1
 42 87  3
 42 85  3
 42 85 86  3
 42 83 84  3
 42 67  3
 42 60  3
 42 58  3
 41 42 87  1
 41 42 85 86  1
 41 42 60  1
 40 53 85  1
 40 53 83 84  1
 40 53 58  1
 40 51 52 85  1
 40 51 52 83 84  1
 40 51 52 58  1
 39  9
 37 38  9
 29 43 81  1
 29 43 79 80  1
 29 43 54  1
 29 41 42 81  1
 29 41 42 79 80  1
 29 41 42 54  1
 27 28 43 81  1
 27 28 43 79 80  1
 27 28 43 54  1
 27 28 41 42 81  1
 27 28 41 42 79 80  1
 27 28 41 42 54  1
 26 67 85  1
 26 67 83 84  1
 26 65 66 85  1
 26 65 66 83 84  1
 26 58 67  1
 26 58 65 66  1
 26 40 85  1
 26 40 83 84  1
 26 40 58  1
 25 81  1
 25 79 80  1
 25 69  1
 25 67 68  1
 25 54  1
 25 42  1
 23 24 81  1
 23 24 79 80  1
 23 24 69  1
 23 24 67 68  1
 23 24 54  1
 23 24 42  1
 16 87  1
 16 85 86  1
 16 60  1
 16 29 81  1
 16 29 79 80  1
 16 29 54  1
 16 27 28 81  1
 16 27 28 79 80  1
 16 27 28 54  1
 12  9
 2 43 81  1
 2 43 79 80  1
 2 43 54  1
 2 41 42 81  1
 2 41 42 79 80  1
 2 41 42 54  1
 2 16 81  1
 2 16 79 80  1
 2 16 54  1
 43 85  1
 43 58  1
 43 57 87  1
 43 57 85 86  1
 43 57 60  1
 43 55 56 87  1
 43 55 56 85 86  1
 43 55 56 60  1
 41 42 85  1
 41 42 58  1
 41 42 57 87  1
 41 42 57 85 86  1
 41 42 57 60  1
 41 42 55 56 87  1
 41 42 55 56 85 86  1
 41 42 55 56 60  1
 30 43 87  1
 30 43 85 86  1
 30 43 60  1
 30 41 42 87  1
 30 41 42 85 86  1
 30 41 42 60  1
 16 85  1
 16 58  1
 16 57 87  1
 16 57 85 86  1
 16 57 60  1
 16 55 56 87  1
 16 55 56 85 86  1
 16 55 56 60  1
 16 30 87  1
 16 30 85 86  1
 16 30 60  1
