 83  11
 83 87  1
 83 85 86  1
 81 82  13
 81 82 87  1
 81 82 85 86  1
 67 69 83  3
 67 69 81 82  3
 67 68 83  5
 67 68 81 82  5
 65 66 69 83  3
 65 66 69 81 82  3
 65 66 67 68 83  3
 65 66 67 68 81 82  3
 60 83  1
 60 81 82  1
 57 67 83  3
 57 67 81 82  3
 57 65 66 83  3
 57 65 66 81 82  3
 56  11
 56 87  1
 56 85 86  1
 56 67 69  3
 56 67 68  5
 56 65 66 69  3
 56 65 66 67 68  3
 56 60  1
 56 57 67  3
 56 57 65 66  3
 55 83  5
 55 81 82  5
 55 73 83  1
 55 73 81 82  1
 55 71 72 83  1
 55 71 72 81 82  1
 55 67 83 87  1
 55 67 83 85 86  1
 55 67 81 82 87  1
 55 67 81 82 85 86  1
 55 65 66 83 87  1
 55 65 66 83 85 86  1
 55 65 66 81 82 87  1
 55 65 66 81 82 85 86  1
 55 60 67 83  1
 55 60 67 81 82  1
 55 60 65 66 83  1
 55 60 65 66 81 82  1
 55 56  7
 55 56 73  1
 55 56 71 72  1
 55 56 67  7
 55 56 67 87  1
 55 56 67 85 86  1
 55 56 65 66  7
 55 56 65 66 87  1
 55 56 65 66 85 86  1
 55 56 60 67  1
 55 56 60 65 66  1
 53 54 83  5
 53 54 81 82  5
 53 54 73 83  1
 53 54 73 81 82  1
 53 54 71 72 83  1
 53 54 71 72 81 82  1
 53 54 67 83 87  1
 53 54 67 83 85 86  1
 53 54 67 81 82 87  1
 53 54 67 81 82 85 86  1
 53 54 65 66 83 87  1
 53 54 65 66 83 85 86  1
 53 54 65 66 81 82 87  1
 53 54 65 66 81 82 85 86  1
 53 54 60 67 83  1
 53 54 60 67 81 82  1
 53 54 60 65 66 83  1
 53 54 60 65 66 81 82  1
 53 54 56  5
 53 54 56 73  1
 53 54 56 71 72  1
 53 54 56 67 87  1
 53 54 56 67 85 86  1
 53 54 56 65 66 87  1
 53 54 56 65 66 85 86  1
 53 54 56 60 67  1
 53 54 56 60 65 66  1
 46 55 83  1
 46 55 81 82  1
 46 55 56  1
 46 53 54 83  1
 46 53 54 81 82  1
 46 53 54 56  1
 42 67 83  3
 42 67 81 82  3
 42 65 66 83  3
 42 65 66 81 82  3
 42 56 67  3
 42 56 65 66  3
 41 69 83  1
 41 69 81 82  1
 41 67 68 83  1
 41 67 68 81 82  1
 41 56 69  1
 41 56 67 68  1
 41 42 83  1
 41 42 81 82  1
 41 42 56  1
 40 69 83  3
 40 69 81 82  3
 40 67 68 83  3
 40 67 68 81 82  3
 40 57 83  3
 40 57 81 82  3
 40 56 69  3
 40 56 67 68  3
 40 56 57  3
 40 55 83 87  1
 40 55 83 85 86  1
 40 55 81 82 87  1
 40 55 81 82 85 86  1
 40 55 60 83  1
 40 55 60 81 82  1
 40 55 56  7
 40 55 56 87  1
 40 55 56 85 86  1
 40 55 56 60  1
 40 53 54 83 87  1
 40 53 54 83 85 86  1
 40 53 54 81 82 87  1
 40 53 54 81 82 85 86  1
 40 53 54 60 83  1
 40 53 54 60 81 82  1
 40 53 54 56 87  1
 40 53 54 56 85 86  1
 40 53 54 56 60  1
 40 42 83  3
 40 42 81 82  3
 40 42 56  3
 39 40 69 83  1
 39 40 69 81 82  1
 39 40 67 68 83  1
 39 40 67 68 81 82  1
 39 40 56 69  1
 39 40 56 67 68  1
 39 40 42 83  1
 39 40 42 81 82  1
 39 40 42 56  1
 28 83  5
 28 81 82  5
 28 73 83  1
 28 73 81 82  1
 28 71 72 83  1
 28 71 72 81 82  1
 28 67 83 87  1
 28 67 83 85 86  1
 28 67 81 82 87  1
 28 67 81 82 85 86  1
 28 65 66 83 87  1
 28 65 66 83 85 86  1
 28 65 66 81 82 87  1
 28 65 66 81 82 85 86  1
 28 60 67 83  1
 28 60 67 81 82  1
 28 60 65 66 83  1
 28 60 65 66 81 82  1
 28 56  5
 28 56 73  1
 28 56 71 72  1
 28 56 67 87  1
 28 56 67 85 86  1
 28 56 65 66 87  1
 28 56 65 66 85 86  1
 28 56 60 67  1
 28 56 60 65 66  1
 28 46 83  1
 28 46 81 82  1
 28 46 56  1
 28 40 83 87  1
 28 40 83 85 86  1
 28 40 81 82 87  1
 28 40 81 82 85 86  1
 28 40 60 83  1
 28 40 60 81 82  1
 28 40 56 87  1
 28 40 56 85 86  1
 28 40 56 60  1
 14 69 83  1
 14 69 81 82  1
 14 67 68 83  1
 14 67 68 81 82  1
 14 56 69  1
 14 56 67 68  1
 14 42 83  1
 14 42 81 82  1
 14 42 56  1
 81  55
 79 80  55
 54  55
  163
 90  3
 69 81  3
 69 79 80  3
 67 68 81  3
 67 68 79 80  3
 57 81 87  1
 57 81 85 86  1
 57 79 80 87  1
 57 79 80 85 86  1
 57 69 81 87  3
 57 69 81 85 86  3
 57 69 79 80 87  3
 57 69 79 80 85 86  3
 57 67 81  1
 57 67 79 80  1
 57 67 68 81 87  3
 57 67 68 81 85 86  3
 57 67 68 79 80 87  3
 57 67 68 79 80 85 86  3
 57 65 66 81  1
 57 65 66 79 80  1
 57 60 81  1
 57 60 79 80  1
 57 60 69 81  3
 57 60 69 79 80  3
 57 60 67 68 81  3
 57 60 67 68 79 80  3
 55  1
 55 69 81  3
 55 69 79 80  3
 55 67 68 81  3
 55 67 68 79 80  3
 55 56 81 87  1
 55 56 81 85 86  1
 55 56 79 80 87  1
 55 56 79 80 85 86  1
 55 56 69 81 87  3
 55 56 69 81 85 86  3
 55 56 69 79 80 87  3
 55 56 69 79 80 85 86  3
 55 56 67 83  1
 55 56 67 81  1
 55 56 67 81 82  1
 55 56 67 79 80  1
 55 56 67 68 81 87  3
 55 56 67 68 81 85 86  3
 55 56 67 68 79 80 87  3
 55 56 67 68 79 80 85 86  3
 55 56 65 66 83  1
 55 56 65 66 81  1
 55 56 65 66 81 82  1
 55 56 65 66 79 80  1
 55 56 60 81  1
 55 56 60 79 80  1
 55 56 60 69 81  3
 55 56 60 69 79 80  3
 55 56 60 67 68 81  3
 55 56 60 67 68 79 80  3
 54 69  3
 54 67 68  3
 54 57 87  1
 54 57 85 86  1
 54 57 69 87  3
 54 57 69 85 86  3
 54 57 67  1
 54 57 67 68 87  3
 54 57 67 68 85 86  3
 54 57 65 66  1
 54 57 60  1
 54 57 60 69  3
 54 57 60 67 68  3
 54 55 69  3
 54 55 67 68  3
 54 55 56 87  1
 54 55 56 85 86  1
 54 55 56 69 87  3
 54 55 56 69 85 86  3
 54 55 56 67  1
 54 55 56 67 68 87  3
 54 55 56 67 68 85 86  3
 54 55 56 65 66  1
 54 55 56 60  1
 54 55 56 60 69  3
 54 55 56 60 67 68  3
 53 54  1
 53 54 69  3
 53 54 69 81  3
 53 54 69 79 80  3
 53 54 67 68  3
 53 54 67 68 81  3
 53 54 67 68 79 80  3
 43  11
 42 81  3
 42 79 80  3
 42 57 81 87  3
 42 57 81 85 86  3
 42 57 79 80 87  3
 42 57 79 80 85 86  3
 42 57 60 81  3
 42 57 60 79 80  3
 42 55 81  3
 42 55 79 80  3
 42 55 56 81 87  3
 42 55 56 81 85 86  3
 42 55 56 79 80 87  3
 42 55 56 79 80 85 86  3
 42 55 56 60 81  3
 42 55 56 60 79 80  3
 42 54  3
 42 54 57 87  3
 42 54 57 85 86  3
 42 54 57 60  3
 42 54 55  3
 42 54 55 56 87  3
 42 54 55 56 85 86  3
 42 54 55 56 60  3
 42 53 54  3
 42 53 54 81  3
 42 53 54 79 80  3
 41 42  9
 40 57 81  1
 40 57 79 80  1
 40 55 56 83  1
 40 55 56 81  1
 40 55 56 81 82  1
 40 55 56 79 80  1
 40 54 57  1
 40 54 55 56  1
 39 41  1
 39 40  1
 37 38 41  1
 37 38 39 40  1
 31  3
 31 65 81  1
 31 65 79 80  1
 31 63 64 81  1
 31 63 64 79 80  1
 31 54 65  1
 31 54 63 64  1
 31 38 81  1
 31 38 79 80  1
 31 38 54  1
 30 81 87  1
 30 81 85 86  1
 30 79 80 87  1
 30 79 80 85 86  1
 30 69 81 87  3
 30 69 81 85 86  3
 30 69 79 80 87  3
 30 69 79 80 85 86  3
 30 67 83  1
 30 67 81  1
 30 67 81 82  1
 30 67 79 80  1
 30 67 68 81 87  3
 30 67 68 81 85 86  3
 30 67 68 79 80 87  3
 30 67 68 79 80 85 86  3
 30 65 66 83  1
 30 65 66 81  1
 30 65 66 81 82  1
 30 65 66 79 80  1
 30 60 81  1
 30 60 79 80  1
 30 60 69 81  3
 30 60 69 79 80  3
 30 60 67 68 81  3
 30 60 67 68 79 80  3
 30 56 67  1
 30 56 65 66  1
 30 54 87  1
 30 54 85 86  1
 30 54 69 87  3
 30 54 69 85 86  3
 30 54 67  1
 30 54 67 68 87  3
 30 54 67 68 85 86  3
 30 54 65 66  1
 30 54 60  1
 30 54 60 69  3
 30 54 60 67 68  3
 30 42 81 87  3
 30 42 81 85 86  3
 30 42 79 80 87  3
 30 42 79 80 85 86  3
 30 42 60 81  3
 30 42 60 79 80  3
 30 42 54 87  3
 30 42 54 85 86  3
 30 42 54 60  3
 30 40 83  1
 30 40 81  1
 30 40 81 82  1
 30 40 79 80  1
 30 40 56  1
 30 40 54  1
 29 30 65 81  1
 29 30 65 79 80  1
 29 30 63 64 81  1
 29 30 63 64 79 80  1
 29 30 54 65  1
 29 30 54 63 64  1
 29 30 38 81  1
 29 30 38 79 80  1
 29 30 38 54  1
 28  1
 28 69 81  3
 28 69 79 80  3
 28 67 68 81  3
 28 67 68 79 80  3
 28 54 69  3
 28 54 67 68  3
 28 42 81  3
 28 42 79 80  3
 28 42 54  3
 21  3
 16  9
 14 39  1
 14 37 38  1
 12 41  1
 12 39 40  1
 12 14  1
 4 65 81  1
 4 65 79 80  1
 4 63 64 81  1
 4 63 64 79 80  1
 4 54 65  1
 4 54 63 64  1
 4 38 81  1
 4 38 79 80  1
 4 38 54  1
