 66 80 86  1
 66 80 84 85  1
 66 78 79 86  1
 66 78 79 84 85  1
 64 65 80 86  1
 64 65 80 84 85  1
 64 65 78 79 86  1
 64 65 78 79 84 85  1
 59 66 80  1
 59 66 78 79  1
 59 64 65 80  1
 59 64 65 78 79  1
 53 66 86  1
 53 66 84 85  1
 53 64 65 86  1
 53 64 65 84 85  1
 53 59 66  1
 53 59 64 65  1
 39 80 86  1
 39 80 84 85  1
 39 78 79 86  1
 39 78 79 84 85  1
 39 59 80  1
 39 59 78 79  1
 39 53 86  1
 39 53 84 85  1
 39 53 59  1
  3
 82 87  1
 82 85 86  1
 81 82  1
 80 81  9
 80 81 87  1
 80 81 85 86  1
 79 80 82  1
 79 80 81  1
 78  1
 76 77  1
 72 82  1
 72 80 81  1
 70 71 82  1
 70 71 80 81  1
 69  1
 68 82  1
 68 80 81  1
 67 68  1
 66 67 82  1
 66 67 80 81  1
 60 82  1
 60 80 81  1
 55 87  1
 55 85 86  1
 55 81  1
 55 79 80  1
 55 72  1
 55 70 71  1
 55 68  1
 55 66 67  1
 55 60  1
 54 82  1
 54 80 81  1
 54 55  1
 51  1
 45 82  1
 45 80 81  1
 45 55  1
 42  1
 41 82  1
 41 80 81  1
 41 55  1
