  145
 116  5
 115 116  1
 107  1
 105  3
 95  3
 84  1
 82  3
 82 83  1
 80  5
 80 86  1
 80 84 85  1
 79 80  3
 78 79  5
 78 79 86  1
 78 79 84 85  1
 78 79 81  3
 78 79 80  3
 74  3
 72 86  1
 72 84 85  1
 72 73  3
 70  7
 70 88  1
 70 86  9
 70 86 87  1
 70 84 85  9
 70 71 86  1
 70 71 84 85  1
 68 116  1
 68 69  7
 68 69 88  1
 68 69 86 87  1
 68 69 70 86  1
 68 69 70 84 85  1
 67  5
 66 67 116  1
 65 66  5
 61 70  1
 61 68 69  1
 59 80  1
 59 78 79  1
 59 72  1
 59 70  9
 59 70 71  1
 59 68 69 70  1
 58  9
 57 115  1
 57 68  1
 57 66 67  1
 56  9
 56 116  1
 56 68  1
 56 66 67  1
 55  5
 54 80  3
 54 78 79  3
 54 70  1
 54 68  1
 54 68 69  1
 54 66 67  1
 54 55  3
 54 55 68  1
 54 55 66 67  1
 53  5
 53 86  1
 53 84 85  1
 53 81  3
 53 79 80  3
 53 59  1
 53 54  3
 52 53 70  1
 52 53 68  1
 52 53 68 69  1
 52 53 66 67  1
 48  5
 47 115  1
 47 68  1
 47 66 67  1
 47 56  1
 46  9
 46 116  1
 46 57  1
 46 47  1
 45 86  1
 45 84 85  1
 45 59  1
 43  9
 43 88  1
 43 86 87  1
 43 70 86  1
 43 70 84 85  1
 43 61  1
 43 59 70  1
 43 54  1
 43 52 53  1
 42  1
 42 80  1
 42 78 79  1
 42 53  1
 41 116  1
 41 57  1
 41 56  1
 41 54  1
 41 54 55  1
 41 52 53  1
 41 47  1
 40  5
 40 41  1
 40 41 80  1
 40 41 78 79  1
 40 41 53  1
 36  3
 31  3
 29  3
 29 68  1
 29 66 67  1
 29 41  1
 27 70  1
 27 68  1
 27 68 69  1
 27 66 67  1
 27 43  1
 27 41  1
 15  1
 15 80  1
 15 78 79  1
 15 53  1
 11 70 86  1
 11 70 84 85  1
 11 68 69 86  1
 11 68 69 84 85  1
 11 59 70  1
 11 59 68 69  1
 11 43 86  1
 11 43 84 85  1
 11 43 59  1
 6  1
 4 5  1
 1 70 86  1
 1 70 84 85  1
 1 68 69 86  1
 1 68 69 84 85  1
 1 59 70  1
 1 59 68 69  1
 1 43 86  1
 1 43 84 85  1
 1 43 59  1
