 49 91  169
 49 89 90  169
 49 64  169
 47 48 91  169
 47 48 89 90  169
 47 48 64  169
 22 91  169
 22 89 90  169
 22 64  169
 49 81 91  9
 49 81 91 99  1
 49 81 91 97 98  1
 49 81 89 90  9
 49 81 89 90 99  1
 49 81 89 90 97 98  1
 49 79 80 91  9
 49 79 80 91 99  1
 49 79 80 91 97 98  1
 49 79 80 89 90  9
 49 79 80 89 90 99  1
 49 79 80 89 90 97 98  1
 49 72 81 91  1
 49 72 81 89 90  1
 49 72 79 80 91  1
 49 72 79 80 89 90  1
 49 64 81  9
 49 64 81 99  1
 49 64 81 97 98  1
 49 64 79 80  9
 49 64 79 80 99  1
 49 64 79 80 97 98  1
 49 64 72 81  1
 49 64 72 79 80  1
 49 54 91  9
 49 54 91 99  1
 49 54 91 97 98  1
 49 54 89 90  9
 49 54 89 90 99  1
 49 54 89 90 97 98  1
 49 54 72 91  1
 49 54 72 89 90  1
 49 54 64  9
 49 54 64 99  1
 49 54 64 97 98  1
 49 54 64 72  1
 47 48 81 91  9
 47 48 81 91 99  1
 47 48 81 91 97 98  1
 47 48 81 89 90  9
 47 48 81 89 90 99  1
 47 48 81 89 90 97 98  1
 47 48 79 80 91  9
 47 48 79 80 91 99  1
 47 48 79 80 91 97 98  1
 47 48 79 80 89 90  9
 47 48 79 80 89 90 99  1
 47 48 79 80 89 90 97 98  1
 47 48 72 81 91  1
 47 48 72 81 89 90  1
 47 48 72 79 80 91  1
 47 48 72 79 80 89 90  1
 47 48 64 81  9
 47 48 64 81 99  1
 47 48 64 81 97 98  1
 47 48 64 79 80  9
 47 48 64 79 80 99  1
 47 48 64 79 80 97 98  1
 47 48 64 72 81  1
 47 48 64 72 79 80  1
 47 48 54 91  9
 47 48 54 91 99  1
 47 48 54 91 97 98  1
 47 48 54 89 90  9
 47 48 54 89 90 99  1
 47 48 54 89 90 97 98  1
 47 48 54 72 91  1
 47 48 54 72 89 90  1
 47 48 54 64  9
 47 48 54 64 99  1
 47 48 54 64 97 98  1
 47 48 54 64 72  1
 40 49 81 91  1
 40 49 81 89 90  1
 40 49 79 80 91  1
 40 49 79 80 89 90  1
 40 49 64 81  1
 40 49 64 79 80  1
 40 49 54 91  1
 40 49 54 89 90  1
 40 49 54 64  1
 40 47 48 81 91  1
 40 47 48 81 89 90  1
 40 47 48 79 80 91  1
 40 47 48 79 80 89 90  1
 40 47 48 64 81  1
 40 47 48 64 79 80  1
 40 47 48 54 91  1
 40 47 48 54 89 90  1
 40 47 48 54 64  1
 39 49 81 91 97  1
 39 49 81 89 90 97  1
 39 49 79 80 91 97  1
 39 49 79 80 89 90 97  1
 39 49 64 81 97  1
 39 49 64 79 80 97  1
 39 49 54 91 97  1
 39 49 54 89 90 97  1
 39 49 54 64 97  1
 39 47 48 81 91 97  1
 39 47 48 81 89 90 97  1
 39 47 48 79 80 91 97  1
 39 47 48 79 80 89 90 97  1
 39 47 48 64 81 97  1
 39 47 48 64 79 80 97  1
 39 47 48 54 91 97  1
 39 47 48 54 89 90 97  1
 39 47 48 54 64 97  1
 38 49 81 91 98  1
 38 49 81 89 90 98  1
 38 49 79 80 91 98  1
 38 49 79 80 89 90 98  1
 38 49 64 81 98  1
 38 49 64 79 80 98  1
 38 49 54 91 98  1
 38 49 54 89 90 98  1
 38 49 54 64 98  1
 38 47 48 81 91 98  1
 38 47 48 81 89 90 98  1
 38 47 48 79 80 91 98  1
 38 47 48 79 80 89 90 98  1
 38 47 48 64 81 98  1
 38 47 48 64 79 80 98  1
 38 47 48 54 91 98  1
 38 47 48 54 89 90 98  1
 38 47 48 54 64 98  1
 38 39 49 81 91  1
 38 39 49 81 89 90  1
 38 39 49 79 80 91  1
 38 39 49 79 80 89 90  1
 38 39 49 64 81  1
 38 39 49 64 79 80  1
 38 39 49 54 91  1
 38 39 49 54 89 90  1
 38 39 49 54 64  1
 38 39 47 48 81 91  1
 38 39 47 48 81 89 90  1
 38 39 47 48 79 80 91  1
 38 39 47 48 79 80 89 90  1
 38 39 47 48 64 81  1
 38 39 47 48 64 79 80  1
 38 39 47 48 54 91  1
 38 39 47 48 54 89 90  1
 38 39 47 48 54 64  1
 22 81 91  9
 22 81 91 99  1
 22 81 91 97 98  1
 22 81 89 90  9
 22 81 89 90 99  1
 22 81 89 90 97 98  1
 22 79 80 91  9
 22 79 80 91 99  1
 22 79 80 91 97 98  1
 22 79 80 89 90  9
 22 79 80 89 90 99  1
 22 79 80 89 90 97 98  1
 22 72 81 91  1
 22 72 81 89 90  1
 22 72 79 80 91  1
 22 72 79 80 89 90  1
 22 64 81  9
 22 64 81 99  1
 22 64 81 97 98  1
 22 64 79 80  9
 22 64 79 80 99  1
 22 64 79 80 97 98  1
 22 64 72 81  1
 22 64 72 79 80  1
 22 54 91  9
 22 54 91 99  1
 22 54 91 97 98  1
 22 54 89 90  9
 22 54 89 90 99  1
 22 54 89 90 97 98  1
 22 54 72 91  1
 22 54 72 89 90  1
 22 54 64  9
 22 54 64 99  1
 22 54 64 97 98  1
 22 54 64 72  1
 22 40 81 91  1
 22 40 81 89 90  1
 22 40 79 80 91  1
 22 40 79 80 89 90  1
 22 40 64 81  1
 22 40 64 79 80  1
 22 40 54 91  1
 22 40 54 89 90  1
 22 40 54 64  1
 22 39 81 91 97  1
 22 39 81 89 90 97  1
 22 39 79 80 91 97  1
 22 39 79 80 89 90 97  1
 22 39 64 81 97  1
 22 39 64 79 80 97  1
 22 39 54 91 97  1
 22 39 54 89 90 97  1
 22 39 54 64 97  1
 22 38 81 91 98  1
 22 38 81 89 90 98  1
 22 38 79 80 91 98  1
 22 38 79 80 89 90 98  1
 22 38 64 81 98  1
 22 38 64 79 80 98  1
 22 38 54 91 98  1
 22 38 54 89 90 98  1
 22 38 54 64 98  1
 22 38 39 81 91  1
 22 38 39 81 89 90  1
 22 38 39 79 80 91  1
 22 38 39 79 80 89 90  1
 22 38 39 64 81  1
 22 38 39 64 79 80  1
 22 38 39 54 91  1
 22 38 39 54 89 90  1
 22 38 39 54 64  1
 13 49 81 91  1
 13 49 81 89 90  1
 13 49 79 80 91  1
 13 49 79 80 89 90  1
 13 49 64 81  1
 13 49 64 79 80  1
 13 49 54 91  1
 13 49 54 89 90  1
 13 49 54 64  1
 13 47 48 81 91  1
 13 47 48 81 89 90  1
 13 47 48 79 80 91  1
 13 47 48 79 80 89 90  1
 13 47 48 64 81  1
 13 47 48 64 79 80  1
 13 47 48 54 91  1
 13 47 48 54 89 90  1
 13 47 48 54 64  1
 13 22 81 91  1
 13 22 81 89 90  1
 13 22 79 80 91  1
 13 22 79 80 89 90  1
 13 22 64 81  1
 13 22 64 79 80  1
 13 22 54 91  1
 13 22 54 89 90  1
 13 22 54 64  1
 61  1
 59 60  1
 34  1
 72 81  1
 72 79 80  1
 70 71 81  1
 70 71 79 80  1
 55 67 79  5
 55 67 77 78  5
 55 65 66 79  5
 55 65 66 77 78  5
 54 72  1
 54 70 71  1
 53 54 67 79  11
 53 54 67 77 78  11
 53 54 65 66 79  11
 53 54 65 66 77 78  11
 52 55 67  5
 52 55 65 66  5
 52 53 54 67  11
 52 53 54 65 66  11
 45 81  3
 45 79 80  3
 45 54  3
 40 55 79  5
 40 55 77 78  5
 40 53 54 79  11
 40 53 54 77 78  11
 40 52 55  5
 40 52 53 54  11
 28 67 79  5
 28 67 77 78  5
 28 65 66 79  5
 28 65 66 77 78  5
 28 52 67  5
 28 52 65 66  5
 28 40 79  5
 28 40 77 78  5
 28 40 52  5
 91 99 118  1
 91 97 98 118  1
 89 90 99 118  1
 89 90 97 98 118  1
 72 91 118  1
 72 89 90 118  1
 64 99 118  1
 64 97 98 118  1
 64 72 118  1
 59 91 99  1
 59 91 97 98  1
 59 89 90 99  1
 59 89 90 97 98  1
 59 72 91  1
 59 72 89 90  1
 59 64 99  1
 59 64 97 98  1
 59 64 72  1
 40 91 118  1
 40 89 90 118  1
 40 64 118  1
 40 59 91  1
 40 59 89 90  1
 40 59 64  1
 39 91 97 118  1
 39 89 90 97 118  1
 39 64 97 118  1
 39 59 91 97  1
 39 59 89 90 97  1
 39 59 64 97  1
 38 91 98 118  1
 38 89 90 98 118  1
 38 64 98 118  1
 38 59 91 98  1
 38 59 89 90 98  1
 38 59 64 98  1
 38 39 91 118  1
 38 39 89 90 118  1
 38 39 64 118  1
 38 39 59 91  1
 38 39 59 89 90  1
 38 39 59 64  1
 17 91 99  1
 17 91 97 98  1
 17 89 90 99  1
 17 89 90 97 98  1
 17 72 91  1
 17 72 89 90  1
 17 64 99  1
 17 64 97 98  1
 17 64 72  1
 17 40 91  1
 17 40 89 90  1
 17 40 64  1
 17 39 91 97  1
 17 39 89 90 97  1
 17 39 64 97  1
 17 38 91 98  1
 17 38 89 90 98  1
 17 38 64 98  1
 17 38 39 91  1
 17 38 39 89 90  1
 17 38 39 64  1
 15 16 91 99  1
 15 16 91 97 98  1
 15 16 89 90 99  1
 15 16 89 90 97 98  1
 15 16 72 91  1
 15 16 72 89 90  1
 15 16 64 99  1
 15 16 64 97 98  1
 15 16 64 72  1
 15 16 40 91  1
 15 16 40 89 90  1
 15 16 40 64  1
 15 16 39 91 97  1
 15 16 39 89 90 97  1
 15 16 39 64 97  1
 15 16 38 91 98  1
 15 16 38 89 90 98  1
 15 16 38 64 98  1
 15 16 38 39 91  1
 15 16 38 39 89 90  1
 15 16 38 39 64  1
 13 91 118  1
 13 89 90 118  1
 13 64 118  1
 13 59 91  1
 13 59 89 90  1
 13 59 64  1
 13 17 91  1
 13 17 89 90  1
 13 17 64  1
 13 15 16 91  1
 13 15 16 89 90  1
 13 15 16 64  1
