 84  5
 82 83  5
 68  39
 57  5
 115  1
 86 116  1
 86 107  1
 84 86  1
 84 85  61
 84 85 116  1
 84 85 107  1
 82 83 86  1
 82 83 84 85  1
 80  51
 80 88 107  1
 80 86 87 107  1
 80 84 88  1
 80 84 86 87  1
 80 82 83 88  1
 80 82 83 86 87  1
 80 81  35
 78 79  51
 78 79 88 107  1
 78 79 86 87 107  1
 78 79 84 88  1
 78 79 84 86 87  1
 78 79 82 83 88  1
 78 79 82 83 86 87  1
 70 88  5
 70 86 87  5
 70 82 88  1
 70 82 86 87  1
 70 80 86 92  1
 70 80 86 90 91  1
 70 80 84 85 92  1
 70 80 84 85 90 91  1
 70 80 81 88  1
 70 80 81 86 87  1
 70 78 79 86 92  1
 70 78 79 86 90 91  1
 70 78 79 84 85 92  1
 70 78 79 84 85 90 91  1
 68 69 88  5
 68 69 86  9
 68 69 86 87  5
 68 69 84 85  9
 68 69 82 88  1
 68 69 82 86 87  1
 68 69 80 86 92  1
 68 69 80 86 90 91  1
 68 69 80 84 85 92  1
 68 69 80 84 85 90 91  1
 68 69 80 81 88  1
 68 69 80 81 86 87  1
 68 69 78 79 86 92  1
 68 69 78 79 86 90 91  1
 68 69 78 79 84 85 92  1
 68 69 78 79 84 85 90 91  1
 65 70 80 86  1
 65 70 80 84 85  1
 65 70 78 79 86  1
 65 70 78 79 84 85  1
 65 68 69 80 86  1
 65 68 69 80 84 85  1
 65 68 69 78 79 86  1
 65 68 69 78 79 84 85  1
 61 80 107  1
 61 80 84  1
 61 80 82 83  1
 61 78 79 107  1
 61 78 79 84  1
 61 78 79 82 83  1
 61 70  5
 61 70 82  1
 61 70 80 81  1
 61 68 69  5
 61 68 69 82  1
 61 68 69 80 81  1
 59  61
 59 116  1
 59 107  1
 59 84  1
 59 82 83  1
 59 70 80 92  1
 59 70 80 90 91  1
 59 70 78 79 92  1
 59 70 78 79 90 91  1
 59 68 69  9
 59 68 69 80 92  1
 59 68 69 80 90 91  1
 59 68 69 78 79 92  1
 59 68 69 78 79 90 91  1
 59 65 70 80  1
 59 65 70 78 79  1
 59 65 68 69 80  1
 59 65 68 69 78 79  1
 57 80 88  1
 57 80 86 87  1
 57 78 79 88  1
 57 78 79 86 87  1
 57 61 80  1
 57 61 78 79  1
 56  7
 55  25
 55 70 88  1
 55 70 86 87  1
 55 68 69 88  1
 55 68 69 86 87  1
 55 61 70  1
 55 61 68 69  1
 54 55  7
 53  51
 53 88 107  1
 53 86 87 107  1
 53 84 88  1
 53 84 86 87  1
 53 82 83 88  1
 53 82 83 86 87  1
 53 70 86 92  1
 53 70 86 90 91  1
 53 70 84 85 92  1
 53 70 84 85 90 91  1
 53 68 69 86 92  1
 53 68 69 86 90 91  1
 53 68 69 84 85 92  1
 53 68 69 84 85 90 91  1
 53 65 70 86  1
 53 65 70 84 85  1
 53 65 68 69 86  1
 53 65 68 69 84 85  1
 53 61 107  1
 53 61 84  1
 53 61 82 83  1
 53 59 70 92  1
 53 59 70 90 91  1
 53 59 68 69 92  1
 53 59 68 69 90 91  1
 53 59 65 70  1
 53 59 65 68 69  1
 53 57 88  1
 53 57 86 87  1
 53 57 61  1
 48 86  1
 48 84 85  1
 48 80 88  1
 48 80 86 87  1
 48 78 79 88  1
 48 78 79 86 87  1
 48 61 80  1
 48 61 78 79  1
 48 59  1
 48 53 88  1
 48 53 86 87  1
 48 53 61  1
 47 86  1
 47 84 85  1
 47 59  1
 46  9
 43 88  5
 43 86 87  5
 43 82 88  1
 43 82 86 87  1
 43 80 86 92  1
 43 80 86 90 91  1
 43 80 84 85 92  1
 43 80 84 85 90 91  1
 43 80 81 88  1
 43 80 81 86 87  1
 43 78 79 86 92  1
 43 78 79 86 90 91  1
 43 78 79 84 85 92  1
 43 78 79 84 85 90 91  1
 43 65 80 86  1
 43 65 80 84 85  1
 43 65 78 79 86  1
 43 65 78 79 84 85  1
 43 61  5
 43 61 82  1
 43 61 80 81  1
 43 59 80 92  1
 43 59 80 90 91  1
 43 59 78 79 92  1
 43 59 78 79 90 91  1
 43 59 65 80  1
 43 59 65 78 79  1
 43 55 88  1
 43 55 86 87  1
 43 55 61  1
 43 53 86 92  1
 43 53 86 90 91  1
 43 53 84 85 92  1
 43 53 84 85 90 91  1
 43 53 65 86  1
 43 53 65 84 85  1
 43 53 59 92  1
 43 53 59 90 91  1
 43 53 59 65  1
 40 41 86  13
 40 41 84 85  13
 40 41 59  13
 6 86  1
 6 84 85  1
 6 80 88  1
 6 80 86 87  1
 6 78 79 88  1
 6 78 79 86 87  1
 6 61 80  1
 6 61 78 79  1
 6 59  1
 6 53 88  1
 6 53 86 87  1
 6 53 61  1
 4 5 86  1
 4 5 84 85  1
 4 5 80 88  1
 4 5 80 86 87  1
 4 5 78 79 88  1
 4 5 78 79 86 87  1
 4 5 61 80  1
 4 5 61 78 79  1
 4 5 59  1
 4 5 53 88  1
 4 5 53 86 87  1
 4 5 53 61  1
 68 69  71
 109  1
 108  3
 107  3
 107 108  1
 100  1
 99  7
 92  5
 90 91  5
 86 127  3
 86 93  1
 85  7
 84 85 127  3
 84 85 93  1
 83 86  1
 83 84  7
 83 84 85  1
 79  1
 73  5
 71  1
 70 80 86  1
 70 80 84 85  1
 70 78 79 86  1
 70 78 79 84 85  1
 69  1
 68 80 86  3
 68 80 84 85  3
 68 78 79 86  3
 68 78 79 84 85  3
 68 69 80 86  1
 68 69 80 84 85  1
 68 69 78 79 86  1
 68 69 78 79 84 85  1
 67 68 70  1
 67 68 69  1
 66 67 80 86  3
 66 67 80 84 85  3
 66 67 78 79 86  3
 66 67 78 79 84 85  3
 65  5
 59 127  3
 59 93  1
 59 83  1
 59 70 80  1
 59 70 78 79  1
 59 68 80  3
 59 68 78 79  3
 59 68 69 80  1
 59 68 69 78 79  1
 59 66 67 80  3
 59 66 67 78 79  3
 58  7
 57 58  1
 53 70 86  1
 53 70 84 85  1
 53 68 86  3
 53 68 84 85  3
 53 68 69 86  1
 53 68 69 84 85  1
 53 66 67 86  3
 53 66 67 84 85  3
 53 59 70  1
 53 59 68  3
 53 59 68 69  1
 53 59 66 67  3
 53 54  9
 52 53 55  1
 52 53 54  1
 50  1
 49  3
 49 107  1
 48  3
 48 108  1
 48 49  1
 44  21
 43 80 86  1
 43 80 84 85  1
 43 78 79 86  1
 43 78 79 84 85  1
 43 69  1
 43 67 68  1
 43 59 80  1
 43 59 78 79  1
 43 53 86  1
 43 53 84 85  1
 43 53 59  1
 42  141
 42 70 80 86  1
 42 70 80 84 85  1
 42 70 78 79 86  1
 42 70 78 79 84 85  1
 42 68 82 86  1
 42 68 82 84 85  1
 42 68 80 86  7
 42 68 80 84 85  7
 42 68 80 81 86  1
 42 68 80 81 84 85  1
 42 68 78 79 86  7
 42 68 78 79 84 85  7
 42 68 69 80 86  1
 42 68 69 80 84 85  1
 42 68 69 78 79 86  1
 42 68 69 78 79 84 85  1
 42 66 67 82 86  1
 42 66 67 82 84 85  1
 42 66 67 80 86  7
 42 66 67 80 84 85  7
 42 66 67 80 81 86  1
 42 66 67 80 81 84 85  1
 42 66 67 78 79 86  7
 42 66 67 78 79 84 85  7
 42 59 70 80  1
 42 59 70 78 79  1
 42 59 68 82  1
 42 59 68 80  7
 42 59 68 80 81  1
 42 59 68 78 79  7
 42 59 68 69 80  1
 42 59 68 69 78 79  1
 42 59 66 67 82  1
 42 59 66 67 80  7
 42 59 66 67 80 81  1
 42 59 66 67 78 79  7
 42 55 68 86  1
 42 55 68 84 85  1
 42 55 66 67 86  1
 42 55 66 67 84 85  1
 42 55 59 68  1
 42 55 59 66 67  1
 42 53 70 86  1
 42 53 70 84 85  1
 42 53 68 86  7
 42 53 68 84 85  7
 42 53 68 69 86  1
 42 53 68 69 84 85  1
 42 53 66 67 86  7
 42 53 66 67 84 85  7
 42 53 59 70  1
 42 53 59 68  7
 42 53 59 68 69  1
 42 53 59 66 67  7
 42 43 80 86  1
 42 43 80 84 85  1
 42 43 78 79 86  1
 42 43 78 79 84 85  1
 42 43 59 80  1
 42 43 59 78 79  1
 42 43 53 86  1
 42 43 53 84 85  1
 42 43 53 59  1
 41 80 86  3
 41 80 84 85  3
 41 78 79 86  3
 41 78 79 84 85  3
 41 59 80  3
 41 59 78 79  3
 41 53 86  3
 41 53 84 85  3
 41 53 59  3
 41 42 82 86  1
 41 42 82 84 85  1
 41 42 80 86  7
 41 42 80 84 85  7
 41 42 80 81 86  1
 41 42 80 81 84 85  1
 41 42 78 79 86  7
 41 42 78 79 84 85  7
 41 42 59 82  1
 41 42 59 80  7
 41 42 59 80 81  1
 41 42 59 78 79  7
 41 42 55 86  1
 41 42 55 84 85  1
 41 42 55 59  1
 41 42 53 86  7
 41 42 53 84 85  7
 41 42 53 59  7
 40  11
 40 41 82 86  1
 40 41 82 84 85  1
 40 41 80 86  7
 40 41 80 84 85  7
 40 41 80 81 86  1
 40 41 80 81 84 85  1
 40 41 78 79 86  7
 40 41 78 79 84 85  7
 40 41 70  41
 40 41 70 80 86  1
 40 41 70 80 84 85  1
 40 41 70 78 79 86  1
 40 41 70 78 79 84 85  1
 40 41 68 86  7
 40 41 68 84 85  7
 40 41 68 82 86  1
 40 41 68 82 84 85  1
 40 41 68 80 86  7
 40 41 68 80 84 85  7
 40 41 68 80 81 86  1
 40 41 68 80 81 84 85  1
 40 41 68 78 79 86  7
 40 41 68 78 79 84 85  7
 40 41 68 69  49
 40 41 68 69 80 86  1
 40 41 68 69 80 84 85  1
 40 41 68 69 78 79 86  1
 40 41 68 69 78 79 84 85  1
 40 41 66 67 86  7
 40 41 66 67 84 85  7
 40 41 66 67 82 86  1
 40 41 66 67 82 84 85  1
 40 41 66 67 80 86  7
 40 41 66 67 80 84 85  7
 40 41 66 67 80 81 86  1
 40 41 66 67 80 81 84 85  1
 40 41 66 67 78 79 86  7
 40 41 66 67 78 79 84 85  7
 40 41 59 82  1
 40 41 59 80  7
 40 41 59 80 81  1
 40 41 59 78 79  7
 40 41 59 70 80  1
 40 41 59 70 78 79  1
 40 41 59 68  7
 40 41 59 68 82  1
 40 41 59 68 80  7
 40 41 59 68 80 81  1
 40 41 59 68 78 79  7
 40 41 59 68 69 80  1
 40 41 59 68 69 78 79  1
 40 41 59 66 67  7
 40 41 59 66 67 82  1
 40 41 59 66 67 80  7
 40 41 59 66 67 80 81  1
 40 41 59 66 67 78 79  7
 40 41 55 86  1
 40 41 55 84 85  1
 40 41 55 68 86  1
 40 41 55 68 84 85  1
 40 41 55 66 67 86  1
 40 41 55 66 67 84 85  1
 40 41 55 59  1
 40 41 55 59 68  1
 40 41 55 59 66 67  1
 40 41 53 86  7
 40 41 53 84 85  7
 40 41 53 70 86  1
 40 41 53 70 84 85  1
 40 41 53 68 86  7
 40 41 53 68 84 85  7
 40 41 53 68 69 86  1
 40 41 53 68 69 84 85  1
 40 41 53 66 67 86  7
 40 41 53 66 67 84 85  7
 40 41 53 59  7
 40 41 53 59 70  1
 40 41 53 59 68  7
 40 41 53 59 68 69  1
 40 41 53 59 66 67  7
 40 41 43  41
 40 41 43 80 86  1
 40 41 43 80 84 85  1
 40 41 43 78 79 86  1
 40 41 43 78 79 84 85  1
 40 41 43 59 80  1
 40 41 43 59 78 79  1
 40 41 43 53 86  1
 40 41 43 53 84 85  1
 40 41 43 53 59  1
 39 40  1
 38 80  3
 38 78 79  3
 38 53  3
 36 37 80  3
 36 37 78 79  3
 36 37 53  3
 34 86  1
 34 84 85  1
 34 59  1
 32  1
 31  1
 30  7
 28 54  1
 28 52 53  1
 27 55  1
 27 53 54  1
 27 28  1
 26 86  3
 26 84 85  3
 26 59  3
 24 86  1
 24 84 85  1
 24 59  1
 24 25 86  3
 24 25 84 85  3
 24 25 59  3
 23  1
 20  1
 15 70  41
 15 70 80 86  1
 15 70 80 84 85  1
 15 70 78 79 86  1
 15 70 78 79 84 85  1
 15 68 86  7
 15 68 84 85  7
 15 68 82 86  1
 15 68 82 84 85  1
 15 68 80 86  7
 15 68 80 84 85  7
 15 68 80 81 86  1
 15 68 80 81 84 85  1
 15 68 78 79 86  7
 15 68 78 79 84 85  7
 15 68 69  49
 15 68 69 80 86  1
 15 68 69 80 84 85  1
 15 68 69 78 79 86  1
 15 68 69 78 79 84 85  1
 15 66 67 86  7
 15 66 67 84 85  7
 15 66 67 82 86  1
 15 66 67 82 84 85  1
 15 66 67 80 86  7
 15 66 67 80 84 85  7
 15 66 67 80 81 86  1
 15 66 67 80 81 84 85  1
 15 66 67 78 79 86  7
 15 66 67 78 79 84 85  7
 15 59 70 80  1
 15 59 70 78 79  1
 15 59 68  7
 15 59 68 82  1
 15 59 68 80  7
 15 59 68 80 81  1
 15 59 68 78 79  7
 15 59 68 69 80  1
 15 59 68 69 78 79  1
 15 59 66 67  7
 15 59 66 67 82  1
 15 59 66 67 80  7
 15 59 66 67 80 81  1
 15 59 66 67 78 79  7
 15 55 68 86  1
 15 55 68 84 85  1
 15 55 66 67 86  1
 15 55 66 67 84 85  1
 15 55 59 68  1
 15 55 59 66 67  1
 15 53 70 86  1
 15 53 70 84 85  1
 15 53 68 86  7
 15 53 68 84 85  7
 15 53 68 69 86  1
 15 53 68 69 84 85  1
 15 53 66 67 86  7
 15 53 66 67 84 85  7
 15 53 59 70  1
 15 53 59 68  7
 15 53 59 68 69  1
 15 53 59 66 67  7
 15 43  41
 15 43 80 86  1
 15 43 80 84 85  1
 15 43 78 79 86  1
 15 43 78 79 84 85  1
 15 43 59 80  1
 15 43 59 78 79  1
 15 43 53 86  1
 15 43 53 84 85  1
 15 43 53 59  1
 15 41 86  7
 15 41 84 85  7
 15 41 82 86  1
 15 41 82 84 85  1
 15 41 80 86  7
 15 41 80 84 85  7
 15 41 80 81 86  1
 15 41 80 81 84 85  1
 15 41 78 79 86  7
 15 41 78 79 84 85  7
 15 41 59  7
 15 41 59 82  1
 15 41 59 80  7
 15 41 59 80 81  1
 15 41 59 78 79  7
 15 41 55 86  1
 15 41 55 84 85  1
 15 41 55 59  1
 15 41 53 86  7
 15 41 53 84 85  7
 15 41 53 59  7
 11 80  3
 11 78 79  3
 11 53  3
 10  1
 4  1
 127  1
 26  1
 24 25  1
 82 86  9
 82 84 85  9
 80 81 86  9
 80 81 84 85  9
 59 82  9
 59 80 81  9
 66  7
 66 87  1
 66 85 86  1
 66 72  1
 66 70 71  1
 66 68 82 86  1
 66 68 82 84 85  1
 66 68 80 81 86  1
 66 68 80 81 84 85  1
 66 67 86  3
 66 67 84 85  3
 66 67 82 86  1
 66 67 82 84 85  1
 66 67 80 81 86  1
 66 67 80 81 84 85  1
 64 65  7
 64 65 87  1
 64 65 85 86  1
 64 65 72  1
 64 65 70 71  1
 64 65 68 82 86  1
 64 65 68 82 84 85  1
 64 65 68 80 81 86  1
 64 65 68 80 81 84 85  1
 64 65 66 67 82 86  1
 64 65 66 67 82 84 85  1
 64 65 66 67 80 81 86  1
 64 65 66 67 80 81 84 85  1
 60 66  1
 60 64 65  1
 59 66 68 82  1
 59 66 68 80 81  1
 59 66 67  3
 59 66 67 82  1
 59 66 67 80 81  1
 59 64 65 68 82  1
 59 64 65 68 80 81  1
 59 64 65 66 67 82  1
 59 64 65 66 67 80 81  1
 55 66 68 86  1
 55 66 68 84 85  1
 55 66 67 86  1
 55 66 67 84 85  1
 55 64 65 68 86  1
 55 64 65 68 84 85  1
 55 64 65 66 67 86  1
 55 64 65 66 67 84 85  1
 55 59 66 68  1
 55 59 66 67  1
 55 59 64 65 68  1
 55 59 64 65 66 67  1
 45 66  1
 45 64 65  1
 42 66  1
 42 66 70 92  1
 42 66 70 90 91  1
 42 66 68 69 92  1
 42 66 68 69 90 91  1
 42 65 66 70  1
 42 65 66 68 69  1
 42 64 65  1
 42 64 65 70  1
 42 64 65 70 92  1
 42 64 65 70 90 91  1
 42 64 65 68 69  1
 42 64 65 68 69 92  1
 42 64 65 68 69 90 91  1
 42 43 66 92  1
 42 43 66 90 91  1
 42 43 65 66  1
 42 43 64 65  3
 42 43 64 65 92  1
 42 43 64 65 90 91  1
 41 86  3
 41 84 85  3
 41 66 82 86  1
 41 66 82 84 85  1
 41 66 80 81 86  1
 41 66 80 81 84 85  1
 41 64 65 82 86  1
 41 64 65 82 84 85  1
 41 64 65 80 81 86  1
 41 64 65 80 81 84 85  1
 41 59  3
 41 59 66 82  1
 41 59 66 80 81  1
 41 59 64 65 82  1
 41 59 64 65 80 81  1
 41 55 66 86  1
 41 55 66 84 85  1
 41 55 64 65 86  1
 41 55 64 65 84 85  1
 41 55 59 66  1
 41 55 59 64 65  1
 40 41 66  1
 40 41 66 70 92  1
 40 41 66 70 90 91  1
 40 41 66 68 69 92  1
 40 41 66 68 69 90 91  1
 40 41 65 66 70  1
 40 41 65 66 68 69  1
 40 41 64 65  1
 40 41 64 65 70  1
 40 41 64 65 70 92  1
 40 41 64 65 70 90 91  1
 40 41 64 65 68 69  1
 40 41 64 65 68 69 92  1
 40 41 64 65 68 69 90 91  1
 40 41 43 66 92  1
 40 41 43 66 90 91  1
 40 41 43 65 66  1
 40 41 43 64 65  1
 40 41 43 64 65 92  1
 40 41 43 64 65 90 91  1
 39  7
 39 87  1
 39 85 86  1
 39 72  1
 39 70 71  1
 39 68 82 86  1
 39 68 82 84 85  1
 39 68 80 81 86  1
 39 68 80 81 84 85  1
 39 66 67 82 86  1
 39 66 67 82 84 85  1
 39 66 67 80 81 86  1
 39 66 67 80 81 84 85  1
 39 60  1
 39 59 68 82  1
 39 59 68 80 81  1
 39 59 66 67 82  1
 39 59 66 67 80 81  1
 39 55 68 86  1
 39 55 68 84 85  1
 39 55 66 67 86  1
 39 55 66 67 84 85  1
 39 55 59 68  1
 39 55 59 66 67  1
 39 45  1
 39 42  1
 39 42 70 92  1
 39 42 70 90 91  1
 39 42 68 69 92  1
 39 42 68 69 90 91  1
 39 42 65 70  1
 39 42 65 68 69  1
 39 42 43 92  1
 39 42 43 90 91  1
 39 42 43 65  1
 39 41 82 86  1
 39 41 82 84 85  1
 39 41 80 81 86  1
 39 41 80 81 84 85  1
 39 41 59 82  1
 39 41 59 80 81  1
 39 41 55 86  1
 39 41 55 84 85  1
 39 41 55 59  1
 39 40 41  1
 39 40 41 70 92  1
 39 40 41 70 90 91  1
 39 40 41 68 69 92  1
 39 40 41 68 69 90 91  1
 39 40 41 65 70  1
 39 40 41 65 68 69  1
 39 40 41 43 92  1
 39 40 41 43 90 91  1
 39 40 41 43 65  1
 15 66  1
 15 66 70 92  1
 15 66 70 90 91  1
 15 66 68 69 92  1
 15 66 68 69 90 91  1
 15 65 66 70  1
 15 65 66 68 69  1
 15 64 65  1
 15 64 65 70  1
 15 64 65 70 92  1
 15 64 65 70 90 91  1
 15 64 65 68 69  1
 15 64 65 68 69 92  1
 15 64 65 68 69 90 91  1
 15 43 66 92  1
 15 43 66 90 91  1
 15 43 65 66  1
 15 43 64 65  1
 15 43 64 65 92  1
 15 43 64 65 90 91  1
 15 39  1
 15 39 70 92  1
 15 39 70 90 91  1
 15 39 68 69 92  1
 15 39 68 69 90 91  1
 15 39 65 70  1
 15 39 65 68 69  1
 15 39 43 92  1
 15 39 43 90 91  1
 15 39 43 65  1
 67 68 86  1
 67 68 84 85  1
 66 67 69 86  1
 66 67 69 84 85  1
 66 67 68 86  1
 66 67 68 84 85  1
 59 67 68  1
 59 66 67 69  1
 59 66 67 68  1
 53 54 86  1
 53 54 84 85  1
 53 54 59  1
 41 69 86  1
 41 69 84 85  1
 41 67 68 86  1
 41 67 68 84 85  1
 41 59 69  1
 41 59 67 68  1
 28 86  1
 28 84 85  1
 28 59  1
 111  1
 52  1
