 102  1
 88 93  1
 86  5
 86 115  1
 86 92  1
 86 90 91  1
 86 87 93  1
 84 85  5
 84 85 115  1
 84 85 92  1
 84 85 90 91  1
 83 88  1
 83 86 87  1
 82 115  1
 80 81 115  1
 73  1
 71 72  1
 70 114  1
 70 105  3
 70 95  3
 70 88  3
 70 86 87  3
 70 82  3
 70 80  11
 70 80 113  1
 70 79 80  3
 70 78 79  11
 70 78 79 113  1
 70 78 79 81  3
 70 78 79 80  3
 70 73  1
 70 71 72  1
 68 88  3
 68 86  5
 68 86 87  3
 68 84  1
 68 84 88  1
 68 84 86 87  1
 68 84 85  5
 68 82 83  1
 68 82 83 88  1
 68 82 83 86 87  1
 68 80  7
 68 80 86  1
 68 80 84 85  1
 68 78 79  7
 68 78 79 86  1
 68 78 79 84 85  1
 68 69 114  1
 68 69 105  3
 68 69 95  3
 68 69 82  3
 68 69 80  9
 68 69 80 113  1
 68 69 79 80  3
 68 69 78 79  9
 68 69 78 79 113  1
 68 69 78 79 81  3
 68 69 78 79 80  3
 68 69 73  1
 68 69 71 72  1
 67 70  3
 67 68 88  1
 67 68 86 87  1
 67 68 69  3
 66 67 88  3
 66 67 86  5
 66 67 86 87  3
 66 67 84  1
 66 67 84 88  1
 66 67 84 86 87  1
 66 67 84 85  5
 66 67 82 83  1
 66 67 82 83 88  1
 66 67 82 83 86 87  1
 66 67 80  7
 66 67 80 86  1
 66 67 80 84 85  1
 66 67 78 79  7
 66 67 78 79 86  1
 66 67 78 79 84 85  1
 66 67 69 88  1
 66 67 69 86 87  1
 66 67 68 88  1
 66 67 68 86 87  1
 65 86  1
 65 84 85  1
 65 66 70  3
 65 66 68 69  3
 61 93  1
 61 83  1
 61 70  3
 61 68  3
 61 68 84  1
 61 68 82 83  1
 61 67 68  1
 61 66 67  3
 61 66 67 84  1
 61 66 67 82 83  1
 61 66 67 69  1
 61 66 67 68  1
 59  5
 59 115  1
 59 92  1
 59 90 91  1
 59 68  5
 59 68 80  1
 59 68 78 79  1
 59 66 67  5
 59 66 67 80  1
 59 66 67 78 79  1
 59 65  1
 57 68  1
 57 68 88  1
 57 68 86 87  1
 57 66 67  1
 57 66 67 88  1
 57 66 67 86 87  1
 57 61 68  1
 57 61 66 67  1
 56 86  1
 56 84 85  1
 56 82  1
 56 80 81  1
 56 59  1
 55 115  1
 55 88  1
 55 86 87  1
 55 61  1
 55 56  1
 53 70  11
 53 70 113  1
 53 70 81  3
 53 70 79 80  3
 53 68  7
 53 68 86  1
 53 68 84 85  1
 53 68 69  9
 53 68 69 113  1
 53 68 69 81  3
 53 68 69 79 80  3
 53 66 67  7
 53 66 67 86  1
 53 66 67 84 85  1
 53 59 68  1
 53 59 66 67  1
 53 54 88  1
 53 54 86 87  1
 53 54 61  1
 46  3
 46 86  1
 46 84 85  1
 46 82  1
 46 80 81  1
 46 59  1
 46 55  1
 45 70  1
 45 68 69  1
 44 70 80  1
 44 70 78 79  1
 44 68 74 82  1
 44 68 74 80 81  1
 44 68 72 73 82  1
 44 68 72 73 80 81  1
 44 68 69 80  1
 44 68 69 78 79  1
 44 66 67 74 82  1
 44 66 67 74 80 81  1
 44 66 67 72 73 82  1
 44 66 67 72 73 80 81  1
 44 55 68 74  1
 44 55 68 72 73  1
 44 55 66 67 74  1
 44 55 66 67 72 73  1
 44 53 70  1
 44 53 68 69  1
 44 47 68 82  1
 44 47 68 80 81  1
 44 47 66 67 82  1
 44 47 66 67 80 81  1
 44 47 55 68  1
 44 47 55 66 67  1
 43  49
 43 114  1
 43 105  3
 43 95  3
 43 88  3
 43 86 87  3
 43 82  3
 43 80  9
 43 80 113  1
 43 79 80  3
 43 78 79  9
 43 78 79 113  1
 43 78 79 81  3
 43 78 79 80  3
 43 73  1
 43 71 72  1
 43 67  3
 43 65 66  3
 43 61  3
 43 53  9
 43 53 113  1
 43 53 81  3
 43 53 79 80  3
 43 45  1
 43 44 80  1
 43 44 78 79  1
 43 44 53  1
 42 68  11
 42 68 89  1
 42 68 87 88  1
 42 68 83  1
 42 68 80 81  3
 42 68 79 80 82  1
 42 68 79 80 81  1
 42 68 74  1
 42 68 72 73  1
 42 66 67  11
 42 66 67 89  1
 42 66 67 87 88  1
 42 66 67 83  1
 42 66 67 80 81  3
 42 66 67 79 80 82  1
 42 66 67 79 80 81  1
 42 66 67 74  1
 42 66 67 72 73  1
 42 62 68  1
 42 62 66 67  1
 42 56 68  1
 42 56 66 67  1
 42 55 68 81  1
 42 55 68 79 80  1
 42 55 66 67 81  1
 42 55 66 67 79 80  1
 42 54 68 82  1
 42 54 68 80 81  1
 42 54 66 67 82  1
 42 54 66 67 80 81  1
 42 54 55 68  1
 42 54 55 66 67  1
 42 47 68  1
 42 47 66 67  1
 42 43 68 74 82  1
 42 43 68 74 80 81  1
 42 43 68 72 73 82  1
 42 43 68 72 73 80 81  1
 42 43 66 67 74 82  1
 42 43 66 67 74 80 81  1
 42 43 66 67 72 73 82  1
 42 43 66 67 72 73 80 81  1
 42 43 55 68 74  1
 42 43 55 68 72 73  1
 42 43 55 66 67 74  1
 42 43 55 66 67 72 73  1
 42 43 47 68 82  1
 42 43 47 68 80 81  1
 42 43 47 66 67 82  1
 42 43 47 66 67 80 81  1
 42 43 47 55 68  1
 42 43 47 55 66 67  1
 41 88  3
 41 86  5
 41 86 87  3
 41 84  1
 41 84 88  1
 41 84 86 87  1
 41 84 85  5
 41 82 83  1
 41 82 83 88  1
 41 82 83 86 87  1
 41 80  7
 41 80 86  1
 41 80 84 85  1
 41 78 79  7
 41 78 79 86  1
 41 78 79 84 85  1
 41 69 88  1
 41 69 86 87  1
 41 67 68 88  1
 41 67 68 86 87  1
 41 61  3
 41 61 84  1
 41 61 82 83  1
 41 61 69  1
 41 61 67 68  1
 41 59  5
 41 59 80  1
 41 59 78 79  1
 41 57  1
 41 57 88  1
 41 57 86 87  1
 41 57 61  1
 41 53  7
 41 53 86  1
 41 53 84 85  1
 41 53 59  1
 41 44 74 82  1
 41 44 74 80 81  1
 41 44 72 73 82  1
 41 44 72 73 80 81  1
 41 44 55 74  1
 41 44 55 72 73  1
 41 44 47 82  1
 41 44 47 80 81  1
 41 44 47 55  1
 41 42  11
 41 42 89  1
 41 42 87 88  1
 41 42 83  1
 41 42 80 81  3
 41 42 79 80 82  1
 41 42 79 80 81  1
 41 42 74  1
 41 42 72 73  1
 41 42 62  1
 41 42 56  1
 41 42 55 81  1
 41 42 55 79 80  1
 41 42 54 82  1
 41 42 54 80 81  1
 41 42 54 55  1
 41 42 47  1
 41 42 43 74 82  1
 41 42 43 74 80 81  1
 41 42 43 72 73 82  1
 41 42 43 72 73 80 81  1
 41 42 43 55 74  1
 41 42 43 55 72 73  1
 41 42 43 47 82  1
 41 42 43 47 80 81  1
 41 42 43 47 55  1
 40 70  3
 40 68 69  3
 40 43  3
 40 41  11
 40 41 89  1
 40 41 88  1
 40 41 87 88  1
 40 41 86 87  1
 40 41 83  1
 40 41 80 81  3
 40 41 79 80 82  1
 40 41 79 80 81  1
 40 41 74  1
 40 41 72 73  1
 40 41 68  11
 40 41 68 89  1
 40 41 68 88  1
 40 41 68 87 88  1
 40 41 68 86 87  1
 40 41 68 83  1
 40 41 68 80 81  3
 40 41 68 79 80 82  1
 40 41 68 79 80 81  1
 40 41 68 74  1
 40 41 68 72 73  1
 40 41 66 67  11
 40 41 66 67 89  1
 40 41 66 67 88  1
 40 41 66 67 87 88  1
 40 41 66 67 86 87  1
 40 41 66 67 83  1
 40 41 66 67 80 81  3
 40 41 66 67 79 80 82  1
 40 41 66 67 79 80 81  1
 40 41 66 67 74  1
 40 41 66 67 72 73  1
 40 41 62  1
 40 41 62 68  1
 40 41 62 66 67  1
 40 41 61  1
 40 41 61 68  1
 40 41 61 66 67  1
 40 41 56  1
 40 41 56 68  1
 40 41 56 66 67  1
 40 41 55 81  1
 40 41 55 79 80  1
 40 41 55 68 81  1
 40 41 55 68 79 80  1
 40 41 55 66 67 81  1
 40 41 55 66 67 79 80  1
 40 41 54 82  1
 40 41 54 80 81  1
 40 41 54 68 82  1
 40 41 54 68 80 81  1
 40 41 54 66 67 82  1
 40 41 54 66 67 80 81  1
 40 41 54 55  1
 40 41 54 55 68  1
 40 41 54 55 66 67  1
 40 41 47  1
 40 41 47 68  1
 40 41 47 66 67  1
 38 42 68 88  1
 38 42 68 86 87  1
 38 42 66 67 88  1
 38 42 66 67 86 87  1
 38 42 61 68  1
 38 42 61 66 67  1
 38 41 42 88  1
 38 41 42 86 87  1
 38 41 42 61  1
 38 40 41 88  1
 38 40 41 86 87  1
 38 40 41 68 88  1
 38 40 41 68 86 87  1
 38 40 41 66 67 88  1
 38 40 41 66 67 86 87  1
 38 40 41 61  1
 38 40 41 61 68  1
 38 40 41 61 66 67  1
 36 70  3
 36 68 69  3
 36 43  3
 36 37 42 68 88  1
 36 37 42 68 86 87  1
 36 37 42 66 67 88  1
 36 37 42 66 67 86 87  1
 36 37 42 61 68  1
 36 37 42 61 66 67  1
 36 37 41 42 88  1
 36 37 41 42 86 87  1
 36 37 41 42 61  1
 36 37 40 41 88  1
 36 37 40 41 86 87  1
 36 37 40 41 68 88  1
 36 37 40 41 68 86 87  1
 36 37 40 41 66 67 88  1
 36 37 40 41 66 67 86 87  1
 36 37 40 41 61  1
 36 37 40 41 61 68  1
 36 37 40 41 61 66 67  1
 34 88  1
 34 86 87  1
 34 61  1
 33  1
 28 88  1
 28 86 87  1
 28 61  1
 24 88  1
 24 86 87  1
 24 61  1
 17 68 74 82  1
 17 68 74 80 81  1
 17 68 72 73 82  1
 17 68 72 73 80 81  1
 17 66 67 74 82  1
 17 66 67 74 80 81  1
 17 66 67 72 73 82  1
 17 66 67 72 73 80 81  1
 17 55 68 74  1
 17 55 68 72 73  1
 17 55 66 67 74  1
 17 55 66 67 72 73  1
 17 47 68 82  1
 17 47 68 80 81  1
 17 47 66 67 82  1
 17 47 66 67 80 81  1
 17 47 55 68  1
 17 47 55 66 67  1
 17 41 74 82  1
 17 41 74 80 81  1
 17 41 72 73 82  1
 17 41 72 73 80 81  1
 17 41 55 74  1
 17 41 55 72 73  1
 17 41 47 82  1
 17 41 47 80 81  1
 17 41 47 55  1
 15 68  11
 15 68 89  1
 15 68 88  1
 15 68 87 88  1
 15 68 86 87  1
 15 68 83  1
 15 68 80 81  3
 15 68 79 80 82  1
 15 68 79 80 81  1
 15 68 74  1
 15 68 72 73  1
 15 66 67  11
 15 66 67 89  1
 15 66 67 88  1
 15 66 67 87 88  1
 15 66 67 86 87  1
 15 66 67 83  1
 15 66 67 80 81  3
 15 66 67 79 80 82  1
 15 66 67 79 80 81  1
 15 66 67 74  1
 15 66 67 72 73  1
 15 62 68  1
 15 62 66 67  1
 15 61 68  1
 15 61 66 67  1
 15 56 68  1
 15 56 66 67  1
 15 55 68 81  1
 15 55 68 79 80  1
 15 55 66 67 81  1
 15 55 66 67 79 80  1
 15 54 68 82  1
 15 54 68 80 81  1
 15 54 66 67 82  1
 15 54 66 67 80 81  1
 15 54 55 68  1
 15 54 55 66 67  1
 15 47 68  1
 15 47 66 67  1
 15 41  11
 15 41 89  1
 15 41 88  1
 15 41 87 88  1
 15 41 86 87  1
 15 41 83  1
 15 41 80 81  3
 15 41 79 80 82  1
 15 41 79 80 81  1
 15 41 74  1
 15 41 72 73  1
 15 41 62  1
 15 41 61  1
 15 41 56  1
 15 41 55 81  1
 15 41 55 79 80  1
 15 41 54 82  1
 15 41 54 80 81  1
 15 41 54 55  1
 15 41 47  1
 15 38 68 88  1
 15 38 68 86 87  1
 15 38 66 67 88  1
 15 38 66 67 86 87  1
 15 38 61 68  1
 15 38 61 66 67  1
 15 38 41 88  1
 15 38 41 86 87  1
 15 38 41 61  1
 15 36 37 68 88  1
 15 36 37 68 86 87  1
 15 36 37 66 67 88  1
 15 36 37 66 67 86 87  1
 15 36 37 61 68  1
 15 36 37 61 66 67  1
 15 36 37 41 88  1
 15 36 37 41 86 87  1
 15 36 37 41 61  1
 11 42 68 88  1
 11 42 68 86 87  1
 11 42 66 67 88  1
 11 42 66 67 86 87  1
 11 42 61 68  1
 11 42 61 66 67  1
 11 41 42 88  1
 11 41 42 86 87  1
 11 41 42 61  1
 11 40 41 88  1
 11 40 41 86 87  1
 11 40 41 68 88  1
 11 40 41 68 86 87  1
 11 40 41 66 67 88  1
 11 40 41 66 67 86 87  1
 11 40 41 61  1
 11 40 41 61 68  1
 11 40 41 61 66 67  1
 11 15 68 88  1
 11 15 68 86 87  1
 11 15 66 67 88  1
 11 15 66 67 86 87  1
 11 15 61 68  1
 11 15 61 66 67  1
 11 15 41 88  1
 11 15 41 86 87  1
 11 15 41 61  1
