 88  1
 86 87  1
 82 88  1
 82 86 92  1
 82 86 90 91  1
 82 86 87  1
 82 84 85 92  1
 82 84 85 90 91  1
 80 86  1
 80 84 85  1
 80 81 88  1
 80 81 86 92  1
 80 81 86 90 91  1
 80 81 86 87  1
 80 81 84 85 92  1
 80 81 84 85 90 91  1
 78 79 86  1
 78 79 84 85  1
 74  1
 72 73  1
 70  1
 70 86 92  1
 70 86 90 91  1
 70 84 85 92  1
 70 84 85 90 91  1
 70 82  1
 70 80 81  1
 68 82 92  1
 68 82 90 91  1
 68 82 86  1
 68 82 84 85  1
 68 80 88  1
 68 80 86 87  1
 68 80 81 92  1
 68 80 81 90 91  1
 68 80 81 86  1
 68 80 81 84 85  1
 68 78 79 88  1
 68 78 79 86 87  1
 68 69  1
 68 69 86 92  1
 68 69 86 90 91  1
 68 69 84 85 92  1
 68 69 84 85 90 91  1
 68 69 82  1
 68 69 80 81  1
 66 67 82 92  1
 66 67 82 90 91  1
 66 67 82 86  1
 66 67 82 84 85  1
 66 67 80 88  1
 66 67 80 86 87  1
 66 67 80 81 92  1
 66 67 80 81 90 91  1
 66 67 80 81 86  1
 66 67 80 81 84 85  1
 66 67 78 79 88  1
 66 67 78 79 86 87  1
 65 82 86  1
 65 82 84 85  1
 65 80 81 86  1
 65 80 81 84 85  1
 65 70 86  1
 65 70 84 85  1
 65 68 82  1
 65 68 80 81  1
 65 68 69 86  1
 65 68 69 84 85  1
 65 66 67 82  1
 65 66 67 80 81  1
 61  1
 61 82  1
 61 80 81  1
 61 68 80  1
 61 68 78 79  1
 61 66 67 80  1
 61 66 67 78 79  1
 59 82 92  1
 59 82 90 91  1
 59 80  1
 59 80 81 92  1
 59 80 81 90 91  1
 59 78 79  1
 59 70 92  1
 59 70 90 91  1
 59 68 82  1
 59 68 80 81  1
 59 68 69 92  1
 59 68 69 90 91  1
 59 66 67 82  1
 59 66 67 80 81  1
 59 65 82  1
 59 65 80 81  1
 59 65 70  1
 59 65 68 69  1
 55 88  1
 55 86 92  1
 55 86 90 91  1
 55 86 87  1
 55 84 85 92  1
 55 84 85 90 91  1
 55 70  1
 55 68 92  1
 55 68 90 91  1
 55 68 86  1
 55 68 84 85  1
 55 68 69  1
 55 66 67 92  1
 55 66 67 90 91  1
 55 66 67 86  1
 55 66 67 84 85  1
 55 65 86  1
 55 65 84 85  1
 55 65 68  1
 55 65 66 67  1
 55 61  1
 55 59 92  1
 55 59 90 91  1
 55 59 68  1
 55 59 66 67  1
 55 59 65  1
 53 86  1
 53 84 85  1
 53 68 88  1
 53 68 86 87  1
 53 66 67 88  1
 53 66 67 86 87  1
 53 61 68  1
 53 61 66 67  1
 53 59  1
 47  1
 43  1
 43 86 92  1
 43 86 90 91  1
 43 84 85 92  1
 43 84 85 90 91  1
 43 82  1
 43 80 81  1
 43 65 86  1
 43 65 84 85  1
 43 59 92  1
 43 59 90 91  1
 43 59 65  1
 43 55  1
 41 82 92  1
 41 82 90 91  1
 41 82 86  1
 41 82 84 85  1
 41 80 88  1
 41 80 86 87  1
 41 80 81 92  1
 41 80 81 90 91  1
 41 80 81 86  1
 41 80 81 84 85  1
 41 78 79 88  1
 41 78 79 86 87  1
 41 65 82  1
 41 65 80 81  1
 41 61 80  1
 41 61 78 79  1
 41 59 82  1
 41 59 80 81  1
 41 55 92  1
 41 55 90 91  1
 41 55 86  1
 41 55 84 85  1
 41 55 65  1
 41 55 59  1
 41 53 88  1
 41 53 86 87  1
 41 53 61  1
