 116  1
 115  3
 114  3
 114 115  1
 89  1
 66  1
 64 65  1
 56  3
 56 114  1
 55  3
 55 115  1
 55 56  1
 39  1
 30  1
 42  1
 40 41  1
 15  1
 86  41
 84  25
 84 86  1
 82 86 88  3
 82 86 87  3
 82 84 85 88  3
 82 84 85 86 87  3
 82 83  27
 82 83 86  1
 82 83 84 85  1
 80 81 86 88  3
 80 81 86 87  3
 80 81 84 85 88  3
 80 81 84 85 86 87  3
 73 86  1
 73 84  1
 73 84 85  1
 73 82 86  1
 73 82 84 85  1
 73 82 83  1
 73 80 81 86  1
 73 80 81 84 85  1
 71 72 86  1
 71 72 84  1
 71 72 84 85  1
 71 72 82 86  1
 71 72 82 84 85  1
 71 72 82 83  1
 71 72 80 81 86  1
 71 72 80 81 84 85  1
 61 82 86  3
 61 82 84 85  3
 61 80 81 86  3
 61 80 81 84 85  3
 59  41
 59 84  1
 59 82 88  3
 59 82 86 87  3
 59 82 83  1
 59 80 81 88  3
 59 80 81 86 87  3
 59 73  1
 59 73 82  1
 59 73 80 81  1
 59 71 72  1
 59 71 72 82  1
 59 71 72 80 81  1
 59 61 82  3
 59 61 80 81  3
 57 86  1
 57 84 85  1
 57 73  1
 57 71 72  1
 57 59  1
 55 86 88  3
 55 86 87  3
 55 84 85 88  3
 55 84 85 86 87  3
 55 73 86  1
 55 73 84 85  1
 55 71 72 86  1
 55 71 72 84 85  1
 55 61 86  3
 55 61 84 85  3
 55 59 88  3
 55 59 86 87  3
 55 59 73  1
 55 59 71 72  1
 55 59 61  3
 46 86  3
 46 84  3
 46 84 85  3
 46 82 86  3
 46 82 84 85  3
 46 82 83  3
 46 80 81 86  3
 46 80 81 84 85  3
 46 59  3
 46 59 82  3
 46 59 80 81  3
 46 57  3
 46 55 86  3
 46 55 84 85  3
 46 55 59  3
