  57
 125  1
 87  1
 85 86  1
 72  1
 70 71  1
 66  1
 60  1
 57 67  1
 57 65 66  1
 56  5
 55  3
 55 56 67  1
 55 56 65 66  1
 53 54  3
 45  1
 43 53 54  5
 41 87  1
 41 85  1
 41 85 86  1
 41 83  1
 41 83 84  1
 41 81 82  1
 41 72  1
 41 70 71  1
 41 60  1
 41 58  1
 41 57 69  1
 41 57 67 68  1
 41 56  1
 41 55 56 69  1
 41 55 56 67 68  1
 41 45  1
 41 43 57  1
 41 43 55 69  1
 41 43 55 67 68  1
 41 43 55 56  1
 41 43 53 54 69  1
 41 43 53 54 67 68  1
 41 42 55  7
 41 42 55 69  1
 41 42 55 67 68  1
 41 42 53 54 69  1
 41 42 53 54 67 68  1
 41 42 43 55  1
 41 42 43 53 54  1
 40 57  1
 40 55 56  1
 39 43 87  1
 39 43 85 86  1
 39 43 60  1
 39 41 42 87  1
 39 41 42 85 86  1
 39 41 42 60  1
 39 40 87  1
 39 40 85  1
 39 40 85 86  1
 39 40 83  1
 39 40 83 84  1
 39 40 81 82  1
 39 40 72  1
 39 40 70 71  1
 39 40 60  1
 39 40 58  1
 39 40 57 69  1
 39 40 57 67 68  1
 39 40 56  1
 39 40 55 56 69  1
 39 40 55 56 67 68  1
 39 40 45  1
 39 40 43 57  1
 39 40 43 55 69  1
 39 40 43 55 67 68  1
 39 40 43 55 56  1
 39 40 43 53 54 69  1
 39 40 43 53 54 67 68  1
 39 40 42 57  1
 39 40 42 55 56  1
 39 40 42 43 55  1
 39 40 42 43 53 54  1
 39 40 41 42 57  1
 39 40 41 42 55  1
 39 40 41 42 55 69  1
 39 40 41 42 55 67 68  1
 39 40 41 42 55 56  1
 39 40 41 42 53 54  1
 39 40 41 42 53 54 69  1
 39 40 41 42 53 54 67 68  1
 37 43  1
 37 43 55  1
 37 43 53 54  1
 37 41 42  1
 37 41 42 55  1
 37 41 42 53 54  1
 37 38 43 87  1
 37 38 43 85 86  1
 37 38 43 60  1
 37 38 41 42 87  1
 37 38 41 42 85 86  1
 37 38 41 42 60  1
 35 36 43  1
 35 36 43 55  1
 35 36 43 53 54  1
 35 36 41 42  1
 35 36 41 42 55  1
 35 36 41 42 53 54  1
 31 43 85  3
 31 43 83 84  3
 31 43 58  3
 31 41 42 85  3
 31 41 42 83 84  3
 31 41 42 58  3
 30 67  1
 30 65 66  1
 30 41 69  1
 30 41 67 68  1
 30 41 43  1
 30 40  1
 30 39 40 69  1
 30 39 40 67 68  1
 30 39 40 43  1
 30 39 40 42  1
 30 39 40 41 42  1
 29 30 43 85  3
 29 30 43 83 84  3
 29 30 43 58  3
 29 30 41 42 85  3
 29 30 41 42 83 84  3
 29 30 41 42 58  3
 28  1
 28 43  5
 28 41 43 69  1
 28 41 43 67 68  1
 28 41 42 69  1
 28 41 42 67 68  1
 28 41 42 43  1
 28 39 40 43 69  1
 28 39 40 43 67 68  1
 28 39 40 42 43  1
 28 39 40 41 42  1
 28 39 40 41 42 69  1
 28 39 40 41 42 67 68  1
 28 37 43  1
 28 37 41 42  1
 28 35 36 43  1
 28 35 36 41 42  1
 16 53 54  5
 16 41 57  1
 16 41 55 69  1
 16 41 55 67 68  1
 16 41 55 56  1
 16 41 53 54 69  1
 16 41 53 54 67 68  1
 16 41 42 55  1
 16 41 42 53 54  1
 16 39 87  1
 16 39 85 86  1
 16 39 60  1
 16 39 40 57  1
 16 39 40 55 69  1
 16 39 40 55 67 68  1
 16 39 40 55 56  1
 16 39 40 53 54 69  1
 16 39 40 53 54 67 68  1
 16 39 40 42 55  1
 16 39 40 42 53 54  1
 16 37  1
 16 37 55  1
 16 37 53 54  1
 16 37 38 87  1
 16 37 38 85 86  1
 16 37 38 60  1
 16 35 36  1
 16 35 36 55  1
 16 35 36 53 54  1
 16 31 85  3
 16 31 83 84  3
 16 31 58  3
 16 30 41  1
 16 30 39 40  1
 16 29 30 85  3
 16 29 30 83 84  3
 16 29 30 58  3
 16 28  5
 16 28 41 69  1
 16 28 41 67 68  1
 16 28 41 42  1
 16 28 39 40 69  1
 16 28 39 40 67 68  1
 16 28 39 40 42  1
 16 28 37  1
 16 28 35 36  1
 14 87  1
 14 85  1
 14 85 86  1
 14 83  1
 14 83 84  1
 14 81 82  1
 14 72  1
 14 70 71  1
 14 60  1
 14 58  1
 14 57 69  1
 14 57 67 68  1
 14 56  1
 14 55 56 69  1
 14 55 56 67 68  1
 14 45  1
 14 43 57  1
 14 43 55 69  1
 14 43 55 67 68  1
 14 43 55 56  1
 14 43 53 54 69  1
 14 43 53 54 67 68  1
 14 42 57  1
 14 42 55 56  1
 14 42 43 55  1
 14 42 43 53 54  1
 14 41 42 57  1
 14 41 42 55  1
 14 41 42 55 69  1
 14 41 42 55 67 68  1
 14 41 42 55 56  1
 14 41 42 53 54  1
 14 41 42 53 54 69  1
 14 41 42 53 54 67 68  1
 14 30 69  1
 14 30 67 68  1
 14 30 43  1
 14 30 42  1
 14 30 41 42  1
 14 28 43 69  1
 14 28 43 67 68  1
 14 28 42 43  1
 14 28 41 42  1
 14 28 41 42 69  1
 14 28 41 42 67 68  1
 14 16 57  1
 14 16 55 69  1
 14 16 55 67 68  1
 14 16 55 56  1
 14 16 53 54 69  1
 14 16 53 54 67 68  1
 14 16 42 55  1
 14 16 42 53 54  1
 14 16 30  1
 14 16 28 69  1
 14 16 28 67 68  1
 14 16 28 42  1
 12 43 87  1
 12 43 85 86  1
 12 43 60  1
 12 41 42 87  1
 12 41 42 85 86  1
 12 41 42 60  1
 12 16 87  1
 12 16 85 86  1
 12 16 60  1
 10 43  1
 10 43 55  1
 10 43 53 54  1
 10 41 42  1
 10 41 42 55  1
 10 41 42 53 54  1
 10 28 43  1
 10 28 41 42  1
 10 16  1
 10 16 55  1
 10 16 53 54  1
 10 16 28  1
 4 43 85  3
 4 43 83 84  3
 4 43 58  3
 4 41 42 85  3
 4 41 42 83 84  3
 4 41 42 58  3
 4 16 85  3
 4 16 83 84  3
 4 16 58  3
 43 114  1
 43 45  1
 41 42 114  1
 41 42 45  1
 16 114  1
 16 45  1
