  107
 113  3
 93  3
 92  5
 90 91  5
 87  3
 86 92  3
 86 90 91  3
 85 86  9
 84 85 92  3
 84 85 90 91  3
 83  3
 82 86 92  1
 82 86 90 91  1
 82 84 85 92  1
 82 84 85 90 91  1
 80  11
 80 81 86 92  1
 80 81 86 90 91  1
 80 81 84 85 92  1
 80 81 84 85 90 91  1
 78 79  11
 72  3
 70 84  1
 70 82 83  1
 70 71  3
 68 69  19
 68 69 84  1
 68 69 82 83  1
 67 68  3
 66 67 69  3
 66 67 68  3
 65  5
 65 86  3
 65 84 85  3
 65 82 86  1
 65 82 84 85  1
 65 80 81 86  1
 65 80 81 84 85  1
 60  3
 59 92  3
 59 90 91  3
 59 82 92  1
 59 82 90 91  1
 59 80 81 92  1
 59 80 81 90 91  1
 59 65  3
 59 65 82  1
 59 65 80 81  1
 57 70  1
 57 68 69  1
 56 86  1
 56 84 85  1
 56 59  1
 55  3
 55 86 92  1
 55 86 90 91  1
 55 84 85 92  1
 55 84 85 90 91  1
 55 65 86  1
 55 65 84 85  1
 55 59 92  1
 55 59 90 91  1
 55 59 65  1
 54  3
 54 55 86  1
 54 55 84 85  1
 54 55 59  1
 53  11
 53 54  3
 45  3
 43 84  1
 43 82 83  1
 43 57  1
 42 68  3
 42 66 67  3
 42 43  7
 41 69  3
 41 67 68  3
 41 42  3
 34  3
 29 86  1
 29 84 85  1
 29 59  1
 28  3
 24  3
 17  5
