 92  183
 90 91  183
 65  183
 42 92  3
 42 90 91  3
 42 68  5
 42 66 67  5
 42 65  3
 41 42  5
 40 42 92  1
 40 42 90 91  1
 40 42 65  1
 40 41 68  5
 40 41 66 67  5
 38 42 54 66  1
 38 42 54 64 65  1
 38 42 52 53 66  1
 38 42 52 53 64 65  1
 38 40 41 54 66  1
 38 40 41 54 64 65  1
 38 40 41 52 53 66  1
 38 40 41 52 53 64 65  1
 38 39 42 92  1
 38 39 42 90 91  1
 38 39 42 65  1
 38 39 42 54  1
 38 39 42 52 53  1
 38 39 40 41 92  1
 38 39 40 41 90 91  1
 38 39 40 41 65  1
 38 39 40 41 54  1
 38 39 40 41 52 53  1
 36 37 42 54 66  1
 36 37 42 54 64 65  1
 36 37 42 52 53 66  1
 36 37 42 52 53 64 65  1
 36 37 40 41 54 66  1
 36 37 40 41 54 64 65  1
 36 37 40 41 52 53 66  1
 36 37 40 41 52 53 64 65  1
 36 37 39 42 54  1
 36 37 39 42 52 53  1
 36 37 39 40 41 54  1
 36 37 39 40 41 52 53  1
 27 38 42 66  1
 27 38 42 64 65  1
 27 38 40 41 66  1
 27 38 40 41 64 65  1
 27 38 39 42  1
 27 38 39 40 41  1
 27 36 37 42 66  1
 27 36 37 42 64 65  1
 27 36 37 40 41 66  1
 27 36 37 40 41 64 65  1
 27 36 37 39 42  1
 27 36 37 39 40 41  1
 15 92  3
 15 90 91  3
 15 68  5
 15 66 67  5
 15 65  3
 15 41  5
 15 40 92  1
 15 40 90 91  1
 15 40 65  1
 15 38 54 66  1
 15 38 54 64 65  1
 15 38 52 53 66  1
 15 38 52 53 64 65  1
 15 38 39 92  1
 15 38 39 90 91  1
 15 38 39 65  1
 15 38 39 54  1
 15 38 39 52 53  1
 15 36 37 54 66  1
 15 36 37 54 64 65  1
 15 36 37 52 53 66  1
 15 36 37 52 53 64 65  1
 15 36 37 39 54  1
 15 36 37 39 52 53  1
 15 27 38 66  1
 15 27 38 64 65  1
 15 27 38 39  1
 15 27 36 37 66  1
 15 27 36 37 64 65  1
 15 27 36 37 39  1
 13 42 92  1
 13 42 90 91  1
 13 42 65  1
 13 40 41 92  1
 13 40 41 90 91  1
 13 40 41 65  1
 13 15 92  1
 13 15 90 91  1
 13 15 65  1
 11 42 54 66  1
 11 42 54 64 65  1
 11 42 52 53 66  1
 11 42 52 53 64 65  1
 11 40 41 54 66  1
 11 40 41 54 64 65  1
 11 40 41 52 53 66  1
 11 40 41 52 53 64 65  1
 11 39 42 54  1
 11 39 42 52 53  1
 11 39 40 41 54  1
 11 39 40 41 52 53  1
 11 27 42 66  1
 11 27 42 64 65  1
 11 27 40 41 66  1
 11 27 40 41 64 65  1
 11 27 39 42  1
 11 27 39 40 41  1
 11 15 54 66  1
 11 15 54 64 65  1
 11 15 52 53 66  1
 11 15 52 53 64 65  1
 11 15 39 54  1
 11 15 39 52 53  1
 11 15 27 66  1
 11 15 27 64 65  1
 11 15 27 39  1
 42 84  1
 42 82 83  1
 42 57  1
 40 41 84  1
 40 41 82 83  1
 40 41 57  1
 15 84  1
 15 82 83  1
 15 57  1
  267
 88  31
 61  31
 56 88  3
 56 86 87  3
 56 61  3
 44 54  11
 44 52 53  11
 27 44  11
 17 54  11
 17 52 53  11
 17 27  11
 42 56 86  1
 42 56 84 85  1
 42 56 59  1
 42 54 86  7
 42 54 84 85  7
 42 54 59  7
 42 54 55 86  3
 42 54 55 84 85  3
 42 54 55 59  3
 42 52 53 86  7
 42 52 53 84 85  7
 42 52 53 59  7
 40 41 56 86  1
 40 41 56 84 85  1
 40 41 56 59  1
 40 41 54 86  7
 40 41 54 84 85  7
 40 41 54 59  7
 40 41 54 55 86  3
 40 41 54 55 84 85  3
 40 41 54 55 59  3
 40 41 52 53 86  7
 40 41 52 53 84 85  7
 40 41 52 53 59  7
 29 42 86  1
 29 42 84 85  1
 29 42 59  1
 29 40 41 86  1
 29 40 41 84 85  1
 29 40 41 59  1
 27 42 86  7
 27 42 84 85  7
 27 42 59  7
 27 40 41 86  7
 27 40 41 84 85  7
 27 40 41 59  7
 15 56 86  1
 15 56 84 85  1
 15 56 59  1
 15 54 86  7
 15 54 84 85  7
 15 54 59  7
 15 54 55 86  3
 15 54 55 84 85  3
 15 54 55 59  3
 15 52 53 86  7
 15 52 53 84 85  7
 15 52 53 59  7
 15 29 86  1
 15 29 84 85  1
 15 29 59  1
 15 27 86  7
 15 27 84 85  7
 15 27 59  7
 42 82 88  1
 42 82 86 87  1
 42 80  37
 42 80 81 88  1
 42 80 81 86 87  1
 42 78 79  37
 42 61 82  1
 42 61 80 81  1
 42 58 86  1
 42 58 84 85  1
 42 58 59  1
 42 56 66 82 92  1
 42 56 66 82 90 91  1
 42 56 66 80 81 92  1
 42 56 66 80 81 90 91  1
 42 56 65 66 82  1
 42 56 65 66 80 81  1
 42 56 64 65 82  1
 42 56 64 65 82 92  1
 42 56 64 65 82 90 91  1
 42 56 64 65 80 81  1
 42 56 64 65 80 81 92  1
 42 56 64 65 80 81 90 91  1
 42 56 57 86  1
 42 56 57 84 85  1
 42 56 57 59  1
 42 55 88  1
 42 55 86 87  1
 42 55 61  1
 42 55 56 66 92  1
 42 55 56 66 90 91  1
 42 55 56 65 66  1
 42 55 56 64 65  1
 42 55 56 64 65 92  1
 42 55 56 64 65 90 91  1
 42 54 55 66 92  1
 42 54 55 66 90 91  1
 42 54 55 66 82 92  1
 42 54 55 66 82 90 91  1
 42 54 55 66 80 81 92  1
 42 54 55 66 80 81 90 91  1
 42 54 55 65 66  1
 42 54 55 65 66 82  1
 42 54 55 65 66 80 81  1
 42 54 55 64 65  1
 42 54 55 64 65 92  1
 42 54 55 64 65 90 91  1
 42 54 55 64 65 82  1
 42 54 55 64 65 82 92  1
 42 54 55 64 65 82 90 91  1
 42 54 55 64 65 80 81  1
 42 54 55 64 65 80 81 92  1
 42 54 55 64 65 80 81 90 91  1
 42 53  39
 40 41 82 88  1
 40 41 82 86 87  1
 40 41 80  37
 40 41 80 81 88  1
 40 41 80 81 86 87  1
 40 41 78 79  37
 40 41 61 82  1
 40 41 61 80 81  1
 40 41 58 86  1
 40 41 58 84 85  1
 40 41 58 59  1
 40 41 56 66 82 92  1
 40 41 56 66 82 90 91  1
 40 41 56 66 80 81 92  1
 40 41 56 66 80 81 90 91  1
 40 41 56 65 66 82  1
 40 41 56 65 66 80 81  1
 40 41 56 64 65 82  1
 40 41 56 64 65 82 92  1
 40 41 56 64 65 82 90 91  1
 40 41 56 64 65 80 81  1
 40 41 56 64 65 80 81 92  1
 40 41 56 64 65 80 81 90 91  1
 40 41 56 57 86  1
 40 41 56 57 84 85  1
 40 41 56 57 59  1
 40 41 55 88  1
 40 41 55 86 87  1
 40 41 55 61  1
 40 41 55 56 66 92  1
 40 41 55 56 66 90 91  1
 40 41 55 56 65 66  1
 40 41 55 56 64 65  1
 40 41 55 56 64 65 92  1
 40 41 55 56 64 65 90 91  1
 40 41 54 55 66 92  1
 40 41 54 55 66 90 91  1
 40 41 54 55 66 82 92  1
 40 41 54 55 66 82 90 91  1
 40 41 54 55 66 80 81 92  1
 40 41 54 55 66 80 81 90 91  1
 40 41 54 55 65 66  1
 40 41 54 55 65 66 82  1
 40 41 54 55 65 66 80 81  1
 40 41 54 55 64 65  1
 40 41 54 55 64 65 92  1
 40 41 54 55 64 65 90 91  1
 40 41 54 55 64 65 82  1
 40 41 54 55 64 65 82 92  1
 40 41 54 55 64 65 82 90 91  1
 40 41 54 55 64 65 80 81  1
 40 41 54 55 64 65 80 81 92  1
 40 41 54 55 64 65 80 81 90 91  1
 40 41 53  39
 39 42 56 82 92  1
 39 42 56 82 90 91  1
 39 42 56 80 81 92  1
 39 42 56 80 81 90 91  1
 39 42 56 65 82  1
 39 42 56 65 80 81  1
 39 42 55 56 92  1
 39 42 55 56 90 91  1
 39 42 55 56 65  1
 39 42 54 55 92  1
 39 42 54 55 90 91  1
 39 42 54 55 82 92  1
 39 42 54 55 82 90 91  1
 39 42 54 55 80 81 92  1
 39 42 54 55 80 81 90 91  1
 39 42 54 55 65  1
 39 42 54 55 65 82  1
 39 42 54 55 65 80 81  1
 39 40 41 56 82 92  1
 39 40 41 56 82 90 91  1
 39 40 41 56 80 81 92  1
 39 40 41 56 80 81 90 91  1
 39 40 41 56 65 82  1
 39 40 41 56 65 80 81  1
 39 40 41 55 56 92  1
 39 40 41 55 56 90 91  1
 39 40 41 55 56 65  1
 39 40 41 54 55 92  1
 39 40 41 54 55 90 91  1
 39 40 41 54 55 82 92  1
 39 40 41 54 55 82 90 91  1
 39 40 41 54 55 80 81 92  1
 39 40 41 54 55 80 81 90 91  1
 39 40 41 54 55 65  1
 39 40 41 54 55 65 82  1
 39 40 41 54 55 65 80 81  1
 31 42 86  1
 31 42 84 85  1
 31 42 59  1
 31 40 41 86  1
 31 40 41 84 85  1
 31 40 41 59  1
 29 42 66 82 92  1
 29 42 66 82 90 91  1
 29 42 66 80 81 92  1
 29 42 66 80 81 90 91  1
 29 42 65 66 82  1
 29 42 65 66 80 81  1
 29 42 64 65 82  1
 29 42 64 65 82 92  1
 29 42 64 65 82 90 91  1
 29 42 64 65 80 81  1
 29 42 64 65 80 81 92  1
 29 42 64 65 80 81 90 91  1
 29 42 55 66 92  1
 29 42 55 66 90 91  1
 29 42 55 65 66  1
 29 42 55 64 65  1
 29 42 55 64 65 92  1
 29 42 55 64 65 90 91  1
 29 40 41 66 82 92  1
 29 40 41 66 82 90 91  1
 29 40 41 66 80 81 92  1
 29 40 41 66 80 81 90 91  1
 29 40 41 65 66 82  1
 29 40 41 65 66 80 81  1
 29 40 41 64 65 82  1
 29 40 41 64 65 82 92  1
 29 40 41 64 65 82 90 91  1
 29 40 41 64 65 80 81  1
 29 40 41 64 65 80 81 92  1
 29 40 41 64 65 80 81 90 91  1
 29 40 41 55 66 92  1
 29 40 41 55 66 90 91  1
 29 40 41 55 65 66  1
 29 40 41 55 64 65  1
 29 40 41 55 64 65 92  1
 29 40 41 55 64 65 90 91  1
 29 39 42 82 92  1
 29 39 42 82 90 91  1
 29 39 42 80 81 92  1
 29 39 42 80 81 90 91  1
 29 39 42 65 82  1
 29 39 42 65 80 81  1
 29 39 42 55 92  1
 29 39 42 55 90 91  1
 29 39 42 55 65  1
 29 39 40 41 82 92  1
 29 39 40 41 82 90 91  1
 29 39 40 41 80 81 92  1
 29 39 40 41 80 81 90 91  1
 29 39 40 41 65 82  1
 29 39 40 41 65 80 81  1
 29 39 40 41 55 92  1
 29 39 40 41 55 90 91  1
 29 39 40 41 55 65  1
 15 82 88  1
 15 82 86 87  1
 15 80  37
 15 80 81 88  1
 15 80 81 86 87  1
 15 78 79  37
 15 61 82  1
 15 61 80 81  1
 15 58 86  1
 15 58 84 85  1
 15 58 59  1
 15 56 66 82 92  1
 15 56 66 82 90 91  1
 15 56 66 80 81 92  1
 15 56 66 80 81 90 91  1
 15 56 65 66 82  1
 15 56 65 66 80 81  1
 15 56 64 65 82  1
 15 56 64 65 82 92  1
 15 56 64 65 82 90 91  1
 15 56 64 65 80 81  1
 15 56 64 65 80 81 92  1
 15 56 64 65 80 81 90 91  1
 15 56 57 86  1
 15 56 57 84 85  1
 15 56 57 59  1
 15 55 88  1
 15 55 86 87  1
 15 55 61  1
 15 55 56 66 92  1
 15 55 56 66 90 91  1
 15 55 56 65 66  1
 15 55 56 64 65  1
 15 55 56 64 65 92  1
 15 55 56 64 65 90 91  1
 15 54 55 66 92  1
 15 54 55 66 90 91  1
 15 54 55 66 82 92  1
 15 54 55 66 82 90 91  1
 15 54 55 66 80 81 92  1
 15 54 55 66 80 81 90 91  1
 15 54 55 65 66  1
 15 54 55 65 66 82  1
 15 54 55 65 66 80 81  1
 15 54 55 64 65  1
 15 54 55 64 65 92  1
 15 54 55 64 65 90 91  1
 15 54 55 64 65 82  1
 15 54 55 64 65 82 92  1
 15 54 55 64 65 82 90 91  1
 15 54 55 64 65 80 81  1
 15 54 55 64 65 80 81 92  1
 15 54 55 64 65 80 81 90 91  1
 15 53  39
 15 39 56 82 92  1
 15 39 56 82 90 91  1
 15 39 56 80 81 92  1
 15 39 56 80 81 90 91  1
 15 39 56 65 82  1
 15 39 56 65 80 81  1
 15 39 55 56 92  1
 15 39 55 56 90 91  1
 15 39 55 56 65  1
 15 39 54 55 92  1
 15 39 54 55 90 91  1
 15 39 54 55 82 92  1
 15 39 54 55 82 90 91  1
 15 39 54 55 80 81 92  1
 15 39 54 55 80 81 90 91  1
 15 39 54 55 65  1
 15 39 54 55 65 82  1
 15 39 54 55 65 80 81  1
 15 31 86  1
 15 31 84 85  1
 15 31 59  1
 15 29 66 82 92  1
 15 29 66 82 90 91  1
 15 29 66 80 81 92  1
 15 29 66 80 81 90 91  1
 15 29 65 66 82  1
 15 29 65 66 80 81  1
 15 29 64 65 82  1
 15 29 64 65 82 92  1
 15 29 64 65 82 90 91  1
 15 29 64 65 80 81  1
 15 29 64 65 80 81 92  1
 15 29 64 65 80 81 90 91  1
 15 29 55 66 92  1
 15 29 55 66 90 91  1
 15 29 55 65 66  1
 15 29 55 64 65  1
 15 29 55 64 65 92  1
 15 29 55 64 65 90 91  1
 15 29 39 82 92  1
 15 29 39 82 90 91  1
 15 29 39 80 81 92  1
 15 29 39 80 81 90 91  1
 15 29 39 65 82  1
 15 29 39 65 80 81  1
 15 29 39 55 92  1
 15 29 39 55 90 91  1
 15 29 39 55 65  1
 44 54 80 86 92  1
 44 54 80 86 90 91  1
 44 54 80 84 85 92  1
 44 54 80 84 85 90 91  1
 44 54 78 79 86 92  1
 44 54 78 79 86 90 91  1
 44 54 78 79 84 85 92  1
 44 54 78 79 84 85 90 91  1
 44 54 65 80 86  1
 44 54 65 80 84 85  1
 44 54 65 78 79 86  1
 44 54 65 78 79 84 85  1
 44 54 59 80 92  1
 44 54 59 80 90 91  1
 44 54 59 78 79 92  1
 44 54 59 78 79 90 91  1
 44 54 59 65 80  1
 44 54 59 65 78 79  1
 44 53 54 86 92  1
 44 53 54 86 90 91  1
 44 53 54 84 85 92  1
 44 53 54 84 85 90 91  1
 44 53 54 65 86  1
 44 53 54 65 84 85  1
 44 53 54 59 92  1
 44 53 54 59 90 91  1
 44 53 54 59 65  1
 44 52 53 86 92  1
 44 52 53 86 90 91  1
 44 52 53 84 85 92  1
 44 52 53 84 85 90 91  1
 44 52 53 80 86 92  1
 44 52 53 80 86 90 91  1
 44 52 53 80 84 85 92  1
 44 52 53 80 84 85 90 91  1
 44 52 53 78 79 86 92  1
 44 52 53 78 79 86 90 91  1
 44 52 53 78 79 84 85 92  1
 44 52 53 78 79 84 85 90 91  1
 44 52 53 65 86  1
 44 52 53 65 84 85  1
 44 52 53 65 80 86  1
 44 52 53 65 80 84 85  1
 44 52 53 65 78 79 86  1
 44 52 53 65 78 79 84 85  1
 44 52 53 59 92  1
 44 52 53 59 90 91  1
 44 52 53 59 80 92  1
 44 52 53 59 80 90 91  1
 44 52 53 59 78 79 92  1
 44 52 53 59 78 79 90 91  1
 44 52 53 59 65  1
 44 52 53 59 65 80  1
 44 52 53 59 65 78 79  1
 42 43 54 80 86 92  1
 42 43 54 80 86 90 91  1
 42 43 54 80 84 85 92  1
 42 43 54 80 84 85 90 91  1
 42 43 54 78 79 86 92  1
 42 43 54 78 79 86 90 91  1
 42 43 54 78 79 84 85 92  1
 42 43 54 78 79 84 85 90 91  1
 42 43 54 65 80 86  1
 42 43 54 65 80 84 85  1
 42 43 54 65 78 79 86  1
 42 43 54 65 78 79 84 85  1
 42 43 54 59 80 92  1
 42 43 54 59 80 90 91  1
 42 43 54 59 78 79 92  1
 42 43 54 59 78 79 90 91  1
 42 43 54 59 65 80  1
 42 43 54 59 65 78 79  1
 42 43 53 54 86 92  1
 42 43 53 54 86 90 91  1
 42 43 53 54 84 85 92  1
 42 43 53 54 84 85 90 91  1
 42 43 53 54 65 86  1
 42 43 53 54 65 84 85  1
 42 43 53 54 59 92  1
 42 43 53 54 59 90 91  1
 42 43 53 54 59 65  1
 42 43 52 53 86 92  1
 42 43 52 53 86 90 91  1
 42 43 52 53 84 85 92  1
 42 43 52 53 84 85 90 91  1
 42 43 52 53 80 86 92  1
 42 43 52 53 80 86 90 91  1
 42 43 52 53 80 84 85 92  1
 42 43 52 53 80 84 85 90 91  1
 42 43 52 53 78 79 86 92  1
 42 43 52 53 78 79 86 90 91  1
 42 43 52 53 78 79 84 85 92  1
 42 43 52 53 78 79 84 85 90 91  1
 42 43 52 53 65 86  1
 42 43 52 53 65 84 85  1
 42 43 52 53 65 80 86  1
 42 43 52 53 65 80 84 85  1
 42 43 52 53 65 78 79 86  1
 42 43 52 53 65 78 79 84 85  1
 42 43 52 53 59 92  1
 42 43 52 53 59 90 91  1
 42 43 52 53 59 80 92  1
 42 43 52 53 59 80 90 91  1
 42 43 52 53 59 78 79 92  1
 42 43 52 53 59 78 79 90 91  1
 42 43 52 53 59 65  1
 42 43 52 53 59 65 80  1
 42 43 52 53 59 65 78 79  1
 27 44 80 86 92  1
 27 44 80 86 90 91  1
 27 44 80 84 85 92  1
 27 44 80 84 85 90 91  1
 27 44 78 79 86 92  1
 27 44 78 79 86 90 91  1
 27 44 78 79 84 85 92  1
 27 44 78 79 84 85 90 91  1
 27 44 65 80 86  1
 27 44 65 80 84 85  1
 27 44 65 78 79 86  1
 27 44 65 78 79 84 85  1
 27 44 59 80 92  1
 27 44 59 80 90 91  1
 27 44 59 78 79 92  1
 27 44 59 78 79 90 91  1
 27 44 59 65 80  1
 27 44 59 65 78 79  1
 27 44 53 86 92  1
 27 44 53 86 90 91  1
 27 44 53 84 85 92  1
 27 44 53 84 85 90 91  1
 27 44 53 65 86  1
 27 44 53 65 84 85  1
 27 44 53 59 92  1
 27 44 53 59 90 91  1
 27 44 53 59 65  1
 27 42 43 80 86 92  1
 27 42 43 80 86 90 91  1
 27 42 43 80 84 85 92  1
 27 42 43 80 84 85 90 91  1
 27 42 43 78 79 86 92  1
 27 42 43 78 79 86 90 91  1
 27 42 43 78 79 84 85 92  1
 27 42 43 78 79 84 85 90 91  1
 27 42 43 65 80 86  1
 27 42 43 65 80 84 85  1
 27 42 43 65 78 79 86  1
 27 42 43 65 78 79 84 85  1
 27 42 43 59 80 92  1
 27 42 43 59 80 90 91  1
 27 42 43 59 78 79 92  1
 27 42 43 59 78 79 90 91  1
 27 42 43 59 65 80  1
 27 42 43 59 65 78 79  1
 27 42 43 53 86 92  1
 27 42 43 53 86 90 91  1
 27 42 43 53 84 85 92  1
 27 42 43 53 84 85 90 91  1
 27 42 43 53 65 86  1
 27 42 43 53 65 84 85  1
 27 42 43 53 59 92  1
 27 42 43 53 59 90 91  1
 27 42 43 53 59 65  1
 17 54 80 86 92  1
 17 54 80 86 90 91  1
 17 54 80 84 85 92  1
 17 54 80 84 85 90 91  1
 17 54 78 79 86 92  1
 17 54 78 79 86 90 91  1
 17 54 78 79 84 85 92  1
 17 54 78 79 84 85 90 91  1
 17 54 65 80 86  1
 17 54 65 80 84 85  1
 17 54 65 78 79 86  1
 17 54 65 78 79 84 85  1
 17 54 59 80 92  1
 17 54 59 80 90 91  1
 17 54 59 78 79 92  1
 17 54 59 78 79 90 91  1
 17 54 59 65 80  1
 17 54 59 65 78 79  1
 17 53 54 86 92  1
 17 53 54 86 90 91  1
 17 53 54 84 85 92  1
 17 53 54 84 85 90 91  1
 17 53 54 65 86  1
 17 53 54 65 84 85  1
 17 53 54 59 92  1
 17 53 54 59 90 91  1
 17 53 54 59 65  1
 17 52 53 86 92  1
 17 52 53 86 90 91  1
 17 52 53 84 85 92  1
 17 52 53 84 85 90 91  1
 17 52 53 80 86 92  1
 17 52 53 80 86 90 91  1
 17 52 53 80 84 85 92  1
 17 52 53 80 84 85 90 91  1
 17 52 53 78 79 86 92  1
 17 52 53 78 79 86 90 91  1
 17 52 53 78 79 84 85 92  1
 17 52 53 78 79 84 85 90 91  1
 17 52 53 65 86  1
 17 52 53 65 84 85  1
 17 52 53 65 80 86  1
 17 52 53 65 80 84 85  1
 17 52 53 65 78 79 86  1
 17 52 53 65 78 79 84 85  1
 17 52 53 59 92  1
 17 52 53 59 90 91  1
 17 52 53 59 80 92  1
 17 52 53 59 80 90 91  1
 17 52 53 59 78 79 92  1
 17 52 53 59 78 79 90 91  1
 17 52 53 59 65  1
 17 52 53 59 65 80  1
 17 52 53 59 65 78 79  1
 17 27 80 86 92  1
 17 27 80 86 90 91  1
 17 27 80 84 85 92  1
 17 27 80 84 85 90 91  1
 17 27 78 79 86 92  1
 17 27 78 79 86 90 91  1
 17 27 78 79 84 85 92  1
 17 27 78 79 84 85 90 91  1
 17 27 65 80 86  1
 17 27 65 80 84 85  1
 17 27 65 78 79 86  1
 17 27 65 78 79 84 85  1
 17 27 59 80 92  1
 17 27 59 80 90 91  1
 17 27 59 78 79 92  1
 17 27 59 78 79 90 91  1
 17 27 59 65 80  1
 17 27 59 65 78 79  1
 17 27 53 86 92  1
 17 27 53 86 90 91  1
 17 27 53 84 85 92  1
 17 27 53 84 85 90 91  1
 17 27 53 65 86  1
 17 27 53 65 84 85  1
 17 27 53 59 92  1
 17 27 53 59 90 91  1
 17 27 53 59 65  1
 68  5
 68 86  7
 68 84 85  7
 66 67  5
 66 67 86  7
 66 67 84 85  7
 59 68  7
 59 66 67  7
 54  85
 52 53  59
 42  35
 42 88  19
 42 86 87  19
 42 70  21
 42 68 69  21
 42 61  19
 42 54 92  1
 42 54 90 91  1
 42 54 65  1
 42 52 53 92  1
 42 52 53 90 91  1
 42 52 53 65  1
 42 44 86  1
 42 44 84 85  1
 42 44 80  3
 42 44 78 79  3
 42 44 59  1
 42 44 53  3
 42 43 80  47
 42 43 78 79  47
 42 43 53  47
 41  5
 41 86  7
 41 84 85  7
 41 59  7
 40 41 70  21
 40 41 68 69  21
 40 41 54 92  1
 40 41 54 90 91  1
 40 41 54 65  1
 40 41 52 53 92  1
 40 41 52 53 90 91  1
 40 41 52 53 65  1
 40 41 44 86  1
 40 41 44 84 85  1
 40 41 44 80  3
 40 41 44 78 79  3
 40 41 44 59  1
 40 41 44 53  3
 40 41 43  21
 40 41 42 43 86  1
 40 41 42 43 84 85  1
 40 41 42 43 80  3
 40 41 42 43 78 79  3
 40 41 42 43 59  1
 40 41 42 43 53  3
 27  51
 27 42 92  1
 27 42 90 91  1
 27 42 65  1
 27 40 41 92  1
 27 40 41 90 91  1
 27 40 41 65  1
 17 42 86  1
 17 42 84 85  1
 17 42 80  3
 17 42 78 79  3
 17 42 59  1
 17 42 53  3
 17 40 41 86  1
 17 40 41 84 85  1
 17 40 41 80  3
 17 40 41 78 79  3
 17 40 41 59  1
 17 40 41 53  3
 15  27
 15 88  15
 15 86 87  15
 15 70  21
 15 68 69  21
 15 61  15
 15 54 92  1
 15 54 90 91  1
 15 54 65  1
 15 52 53 92  1
 15 52 53 90 91  1
 15 52 53 65  1
 15 44 86  1
 15 44 84 85  1
 15 44 80  3
 15 44 78 79  3
 15 44 59  1
 15 44 53  3
 15 43  21
 15 42 43 86  1
 15 42 43 84 85  1
 15 42 43 80  3
 15 42 43 78 79  3
 15 42 43 59  1
 15 42 43 53  3
 15 27 92  1
 15 27 90 91  1
 15 27 65  1
 15 17 86  1
 15 17 84 85  1
 15 17 80  3
 15 17 78 79  3
 15 17 59  1
 15 17 53  3
 80 88 92  3
 80 88 90 91  3
 80 86 87 92  3
 80 86 87 90 91  3
 78 79 88 92  5
 78 79 88 90 91  5
 78 79 86 87 92  5
 78 79 86 87 90 91  5
 65 80 88  3
 65 80 86 87  3
 65 78 79 88  5
 65 78 79 86 87  5
 61 80 92  3
 61 80 90 91  3
 61 78 79 92  5
 61 78 79 90 91  5
 61 65 80  3
 61 65 78 79  5
 56 80 86 92  11
 56 80 86 90 91  11
 56 80 84 85 92  11
 56 80 84 85 90 91  11
 56 78 79 86 92  11
 56 78 79 86 90 91  11
 56 78 79 84 85 92  11
 56 78 79 84 85 90 91  11
 56 65 80 86  11
 56 65 80 84 85  11
 56 65 78 79 86  11
 56 65 78 79 84 85  11
 56 59 80 92  11
 56 59 80 90 91  11
 56 59 78 79 92  11
 56 59 78 79 90 91  11
 56 59 65 80  11
 56 59 65 78 79  11
 54 70 80 86 92  1
 54 70 80 86 90 91  1
 54 70 80 84 85 92  1
 54 70 80 84 85 90 91  1
 54 70 78 79 86 92  1
 54 70 78 79 86 90 91  1
 54 70 78 79 84 85 92  1
 54 70 78 79 84 85 90 91  1
 54 68 69 80 86 92  1
 54 68 69 80 86 90 91  1
 54 68 69 80 84 85 92  1
 54 68 69 80 84 85 90 91  1
 54 68 69 78 79 86 92  1
 54 68 69 78 79 86 90 91  1
 54 68 69 78 79 84 85 92  1
 54 68 69 78 79 84 85 90 91  1
 54 65 70 80 86  1
 54 65 70 80 84 85  1
 54 65 70 78 79 86  1
 54 65 70 78 79 84 85  1
 54 65 68 69 80 86  1
 54 65 68 69 80 84 85  1
 54 65 68 69 78 79 86  1
 54 65 68 69 78 79 84 85  1
 54 59 70 80 92  1
 54 59 70 80 90 91  1
 54 59 70 78 79 92  1
 54 59 70 78 79 90 91  1
 54 59 68 69 80 92  1
 54 59 68 69 80 90 91  1
 54 59 68 69 78 79 92  1
 54 59 68 69 78 79 90 91  1
 54 59 65 70 80  1
 54 59 65 70 78 79  1
 54 59 65 68 69 80  1
 54 59 65 68 69 78 79  1
 54 55 80 86 92  9
 54 55 80 86 90 91  9
 54 55 80 84 85 92  9
 54 55 80 84 85 90 91  9
 54 55 78 79 86 92  9
 54 55 78 79 86 90 91  9
 54 55 78 79 84 85 92  9
 54 55 78 79 84 85 90 91  9
 54 55 65 80 86  9
 54 55 65 80 84 85  9
 54 55 65 78 79 86  9
 54 55 65 78 79 84 85  9
 54 55 59 80 92  9
 54 55 59 80 90 91  9
 54 55 59 78 79 92  9
 54 55 59 78 79 90 91  9
 54 55 59 65 80  9
 54 55 59 65 78 79  9
 53 88 92  5
 53 88 90 91  5
 53 86 87 92  5
 53 86 87 90 91  5
 53 65 88  5
 53 65 86 87  5
 53 61 92  5
 53 61 90 91  5
 53 61 65  5
 53 56 86 92  11
 53 56 86 90 91  11
 53 56 84 85 92  11
 53 56 84 85 90 91  11
 53 56 65 86  11
 53 56 65 84 85  11
 53 56 59 92  11
 53 56 59 90 91  11
 53 56 59 65  11
 53 54 70 86 92  1
 53 54 70 86 90 91  1
 53 54 70 84 85 92  1
 53 54 70 84 85 90 91  1
 53 54 68 69 86 92  1
 53 54 68 69 86 90 91  1
 53 54 68 69 84 85 92  1
 53 54 68 69 84 85 90 91  1
 53 54 65 70 86  1
 53 54 65 70 84 85  1
 53 54 65 68 69 86  1
 53 54 65 68 69 84 85  1
 53 54 59 70 92  1
 53 54 59 70 90 91  1
 53 54 59 68 69 92  1
 53 54 59 68 69 90 91  1
 53 54 59 65 70  1
 53 54 59 65 68 69  1
 53 54 55 86 92  9
 53 54 55 86 90 91  9
 53 54 55 84 85 92  9
 53 54 55 84 85 90 91  9
 53 54 55 65 86  9
 53 54 55 65 84 85  9
 53 54 55 59 92  9
 53 54 55 59 90 91  9
 53 54 55 59 65  9
 52 53 70 86 92  1
 52 53 70 86 90 91  1
 52 53 70 84 85 92  1
 52 53 70 84 85 90 91  1
 52 53 70 80 86 92  1
 52 53 70 80 86 90 91  1
 52 53 70 80 84 85 92  1
 52 53 70 80 84 85 90 91  1
 52 53 70 78 79 86 92  1
 52 53 70 78 79 86 90 91  1
 52 53 70 78 79 84 85 92  1
 52 53 70 78 79 84 85 90 91  1
 52 53 68 69 86 92  1
 52 53 68 69 86 90 91  1
 52 53 68 69 84 85 92  1
 52 53 68 69 84 85 90 91  1
 52 53 68 69 80 86 92  1
 52 53 68 69 80 86 90 91  1
 52 53 68 69 80 84 85 92  1
 52 53 68 69 80 84 85 90 91  1
 52 53 68 69 78 79 86 92  1
 52 53 68 69 78 79 86 90 91  1
 52 53 68 69 78 79 84 85 92  1
 52 53 68 69 78 79 84 85 90 91  1
 52 53 65 70 86  1
 52 53 65 70 84 85  1
 52 53 65 70 80 86  1
 52 53 65 70 80 84 85  1
 52 53 65 70 78 79 86  1
 52 53 65 70 78 79 84 85  1
 52 53 65 68 69 86  1
 52 53 65 68 69 84 85  1
 52 53 65 68 69 80 86  1
 52 53 65 68 69 80 84 85  1
 52 53 65 68 69 78 79 86  1
 52 53 65 68 69 78 79 84 85  1
 52 53 59 70 92  1
 52 53 59 70 90 91  1
 52 53 59 70 80 92  1
 52 53 59 70 80 90 91  1
 52 53 59 70 78 79 92  1
 52 53 59 70 78 79 90 91  1
 52 53 59 68 69 92  1
 52 53 59 68 69 90 91  1
 52 53 59 68 69 80 92  1
 52 53 59 68 69 80 90 91  1
 52 53 59 68 69 78 79 92  1
 52 53 59 68 69 78 79 90 91  1
 52 53 59 65 70  1
 52 53 59 65 70 80  1
 52 53 59 65 70 78 79  1
 52 53 59 65 68 69  1
 52 53 59 65 68 69 80  1
 52 53 59 65 68 69 78 79  1
 44 70 80 86  1
 44 70 80 84 85  1
 44 70 78 79 86  1
 44 70 78 79 84 85  1
 44 68 69 80 86  1
 44 68 69 80 84 85  1
 44 68 69 78 79 86  1
 44 68 69 78 79 84 85  1
 44 59 70 80  1
 44 59 70 78 79  1
 44 59 68 69 80  1
 44 59 68 69 78 79  1
 44 53 70 86  1
 44 53 70 84 85  1
 44 53 68 69 86  1
 44 53 68 69 84 85  1
 44 53 59 70  1
 44 53 59 68 69  1
 43 54 80 86 92  1
 43 54 80 86 90 91  1
 43 54 80 84 85 92  1
 43 54 80 84 85 90 91  1
 43 54 78 79 86 92  1
 43 54 78 79 86 90 91  1
 43 54 78 79 84 85 92  1
 43 54 78 79 84 85 90 91  1
 43 54 65 80 86  1
 43 54 65 80 84 85  1
 43 54 65 78 79 86  1
 43 54 65 78 79 84 85  1
 43 54 59 80 92  1
 43 54 59 80 90 91  1
 43 54 59 78 79 92  1
 43 54 59 78 79 90 91  1
 43 54 59 65 80  1
 43 54 59 65 78 79  1
 43 53 54 86 92  1
 43 53 54 86 90 91  1
 43 53 54 84 85 92  1
 43 53 54 84 85 90 91  1
 43 53 54 65 86  1
 43 53 54 65 84 85  1
 43 53 54 59 92  1
 43 53 54 59 90 91  1
 43 53 54 59 65  1
 43 52 53 86 92  1
 43 52 53 86 90 91  1
 43 52 53 84 85 92  1
 43 52 53 84 85 90 91  1
 43 52 53 80 86 92  1
 43 52 53 80 86 90 91  1
 43 52 53 80 84 85 92  1
 43 52 53 80 84 85 90 91  1
 43 52 53 78 79 86 92  1
 43 52 53 78 79 86 90 91  1
 43 52 53 78 79 84 85 92  1
 43 52 53 78 79 84 85 90 91  1
 43 52 53 65 86  1
 43 52 53 65 84 85  1
 43 52 53 65 80 86  1
 43 52 53 65 80 84 85  1
 43 52 53 65 78 79 86  1
 43 52 53 65 78 79 84 85  1
 43 52 53 59 92  1
 43 52 53 59 90 91  1
 43 52 53 59 80 92  1
 43 52 53 59 80 90 91  1
 43 52 53 59 78 79 92  1
 43 52 53 59 78 79 90 91  1
 43 52 53 59 65  1
 43 52 53 59 65 80  1
 43 52 53 59 65 78 79  1
 43 44 80 86  1
 43 44 80 84 85  1
 43 44 78 79 86  1
 43 44 78 79 84 85  1
 43 44 59 80  1
 43 44 59 78 79  1
 43 44 53 86  1
 43 44 53 84 85  1
 43 44 53 59  1
 42 43 80 86  7
 42 43 80 84 85  7
 42 43 78 79 86  7
 42 43 78 79 84 85  7
 42 43 70 80 86  1
 42 43 70 80 84 85  1
 42 43 70 78 79 86  1
 42 43 70 78 79 84 85  1
 42 43 68 69 80 86  1
 42 43 68 69 80 84 85  1
 42 43 68 69 78 79 86  1
 42 43 68 69 78 79 84 85  1
 42 43 59 80  7
 42 43 59 78 79  7
 42 43 59 70 80  1
 42 43 59 70 78 79  1
 42 43 59 68 69 80  1
 42 43 59 68 69 78 79  1
 42 43 53 86  7
 42 43 53 84 85  7
 42 43 53 70 86  1
 42 43 53 70 84 85  1
 42 43 53 68 69 86  1
 42 43 53 68 69 84 85  1
 42 43 53 59  7
 42 43 53 59 70  1
 42 43 53 59 68 69  1
 29 80 86 92  9
 29 80 86 90 91  9
 29 80 84 85 92  9
 29 80 84 85 90 91  9
 29 78 79 86 92  9
 29 78 79 86 90 91  9
 29 78 79 84 85 92  9
 29 78 79 84 85 90 91  9
 29 65 80 86  9
 29 65 80 84 85  9
 29 65 78 79 86  9
 29 65 78 79 84 85  9
 29 59 80 92  9
 29 59 80 90 91  9
 29 59 78 79 92  9
 29 59 78 79 90 91  9
 29 59 65 80  9
 29 59 65 78 79  9
 29 53 86 92  9
 29 53 86 90 91  9
 29 53 84 85 92  9
 29 53 84 85 90 91  9
 29 53 65 86  9
 29 53 65 84 85  9
 29 53 59 92  9
 29 53 59 90 91  9
 29 53 59 65  9
 27 70 80 86 92  1
 27 70 80 86 90 91  1
 27 70 80 84 85 92  1
 27 70 80 84 85 90 91  1
 27 70 78 79 86 92  1
 27 70 78 79 86 90 91  1
 27 70 78 79 84 85 92  1
 27 70 78 79 84 85 90 91  1
 27 68 69 80 86 92  1
 27 68 69 80 86 90 91  1
 27 68 69 80 84 85 92  1
 27 68 69 80 84 85 90 91  1
 27 68 69 78 79 86 92  1
 27 68 69 78 79 86 90 91  1
 27 68 69 78 79 84 85 92  1
 27 68 69 78 79 84 85 90 91  1
 27 65 70 80 86  1
 27 65 70 80 84 85  1
 27 65 70 78 79 86  1
 27 65 70 78 79 84 85  1
 27 65 68 69 80 86  1
 27 65 68 69 80 84 85  1
 27 65 68 69 78 79 86  1
 27 65 68 69 78 79 84 85  1
 27 59 70 80 92  1
 27 59 70 80 90 91  1
 27 59 70 78 79 92  1
 27 59 70 78 79 90 91  1
 27 59 68 69 80 92  1
 27 59 68 69 80 90 91  1
 27 59 68 69 78 79 92  1
 27 59 68 69 78 79 90 91  1
 27 59 65 70 80  1
 27 59 65 70 78 79  1
 27 59 65 68 69 80  1
 27 59 65 68 69 78 79  1
 27 53 70 86 92  1
 27 53 70 86 90 91  1
 27 53 70 84 85 92  1
 27 53 70 84 85 90 91  1
 27 53 68 69 86 92  1
 27 53 68 69 86 90 91  1
 27 53 68 69 84 85 92  1
 27 53 68 69 84 85 90 91  1
 27 53 65 70 86  1
 27 53 65 70 84 85  1
 27 53 65 68 69 86  1
 27 53 65 68 69 84 85  1
 27 53 59 70 92  1
 27 53 59 70 90 91  1
 27 53 59 68 69 92  1
 27 53 59 68 69 90 91  1
 27 53 59 65 70  1
 27 53 59 65 68 69  1
 27 43 80 86 92  1
 27 43 80 86 90 91  1
 27 43 80 84 85 92  1
 27 43 80 84 85 90 91  1
 27 43 78 79 86 92  1
 27 43 78 79 86 90 91  1
 27 43 78 79 84 85 92  1
 27 43 78 79 84 85 90 91  1
 27 43 65 80 86  1
 27 43 65 80 84 85  1
 27 43 65 78 79 86  1
 27 43 65 78 79 84 85  1
 27 43 59 80 92  1
 27 43 59 80 90 91  1
 27 43 59 78 79 92  1
 27 43 59 78 79 90 91  1
 27 43 59 65 80  1
 27 43 59 65 78 79  1
 27 43 53 86 92  1
 27 43 53 86 90 91  1
 27 43 53 84 85 92  1
 27 43 53 84 85 90 91  1
 27 43 53 65 86  1
 27 43 53 65 84 85  1
 27 43 53 59 92  1
 27 43 53 59 90 91  1
 27 43 53 59 65  1
 17 70 80 86  1
 17 70 80 84 85  1
 17 70 78 79 86  1
 17 70 78 79 84 85  1
 17 68 69 80 86  1
 17 68 69 80 84 85  1
 17 68 69 78 79 86  1
 17 68 69 78 79 84 85  1
 17 59 70 80  1
 17 59 70 78 79  1
 17 59 68 69 80  1
 17 59 68 69 78 79  1
 17 53 70 86  1
 17 53 70 84 85  1
 17 53 68 69 86  1
 17 53 68 69 84 85  1
 17 53 59 70  1
 17 53 59 68 69  1
 17 43 80 86  1
 17 43 80 84 85  1
 17 43 78 79 86  1
 17 43 78 79 84 85  1
 17 43 59 80  1
 17 43 59 78 79  1
 17 43 53 86  1
 17 43 53 84 85  1
 17 43 53 59  1
 54 80 86  3
 54 80 84 85  3
 54 78 79 86  3
 54 78 79 84 85  3
 54 59 80  3
 54 59 78 79  3
 53 54 86  3
 53 54 84 85  3
 53 54 59  3
 52 53 80 86  3
 52 53 80 84 85  3
 52 53 78 79 86  3
 52 53 78 79 84 85  3
 52 53 59 80  3
 52 53 59 78 79  3
 27 80 86  3
 27 80 84 85  3
 27 78 79 86  3
 27 78 79 84 85  3
 27 59 80  3
 27 59 78 79  3
 27 53 86  3
 27 53 84 85  3
 27 53 59  3
 44  99
 44 82 92  13
 44 82 90 91  13
 44 80 81 92  17
 44 80 81 90 91  17
 44 65 82  13
 44 65 80 81  17
 44 55 92  13
 44 55 90 91  13
 44 55 65  13
 42 43 82 92  1
 42 43 82 90 91  1
 42 43 80 81 92  1
 42 43 80 81 90 91  1
 42 43 65 82  1
 42 43 65 80 81  1
 42 43 55 92  1
 42 43 55 90 91  1
 42 43 55 65  1
 17  65
 17 82 92  1
 17 82 90 91  1
 17 80 81 92  1
 17 80 81 90 91  1
 17 65 82  1
 17 65 80 81  1
 17 55 92  1
 17 55 90 91  1
 17 55 65  1
 70  27
 68 69  25
 44 92  35
 44 90 91  35
 44 65  35
 43  25
 42 43 92  7
 42 43 90 91  7
 42 43 65  7
 17 92  7
 17 90 91  7
 17 65  7
 80 86  7
 80 84 85  7
 78 80 86  1
 78 80 84 85  1
 76 77 80 86  1
 76 77 80 84 85  1
 76 77 78 79 86  1
 76 77 78 79 84 85  1
 59 80  7
 59 78 80  1
 59 76 77 80  1
 59 76 77 78 79  1
 54 70 80 86  3
 54 70 80 84 85  3
 54 70 78 79 86  3
 54 70 78 79 84 85  3
 54 68 69 80 86  3
 54 68 69 80 84 85  3
 54 68 69 78 79 86  3
 54 68 69 78 79 84 85  3
 54 59 70 80  3
 54 59 70 78 79  3
 54 59 68 69 80  3
 54 59 68 69 78 79  3
 53 86  7
 53 84 85  7
 53 78 86  1
 53 78 84 85  1
 53 76 77 86  1
 53 76 77 84 85  1
 53 59  7
 53 59 78  1
 53 59 76 77  1
 53 54 70 86  3
 53 54 70 84 85  3
 53 54 68 69 86  3
 53 54 68 69 84 85  3
 53 54 59 70  3
 53 54 59 68 69  3
 52 53 70 86  5
 52 53 70 84 85  5
 52 53 70 80 86  3
 52 53 70 80 84 85  3
 52 53 70 78 79 86  3
 52 53 70 78 79 84 85  3
 52 53 68 69 86  5
 52 53 68 69 84 85  5
 52 53 68 69 80 86  3
 52 53 68 69 80 84 85  3
 52 53 68 69 78 79 86  3
 52 53 68 69 78 79 84 85  3
 52 53 59 70  5
 52 53 59 70 80  3
 52 53 59 70 78 79  3
 52 53 59 68 69  5
 52 53 59 68 69 80  3
 52 53 59 68 69 78 79  3
 51 80 86  1
 51 80 84 85  1
 51 78 79 86  1
 51 78 79 84 85  1
 51 59 80  1
 51 59 78 79  1
 51 53 86  1
 51 53 84 85  1
 51 53 59  1
 43 54 80 86  3
 43 54 80 84 85  3
 43 54 78 79 86  3
 43 54 78 79 84 85  3
 43 54 59 80  3
 43 54 59 78 79  3
 43 53 54 86  3
 43 53 54 84 85  3
 43 53 54 59  3
 43 52 53 86  5
 43 52 53 84 85  5
 43 52 53 80 86  3
 43 52 53 80 84 85  3
 43 52 53 78 79 86  3
 43 52 53 78 79 84 85  3
 43 52 53 59  5
 43 52 53 59 80  3
 43 52 53 59 78 79  3
 27 70 80 86  3
 27 70 80 84 85  3
 27 70 78 79 86  3
 27 70 78 79 84 85  3
 27 68 69 80 86  3
 27 68 69 80 84 85  3
 27 68 69 78 79 86  3
 27 68 69 78 79 84 85  3
 27 59 70 80  3
 27 59 70 78 79  3
 27 59 68 69 80  3
 27 59 68 69 78 79  3
 27 53 70 86  3
 27 53 70 84 85  3
 27 53 68 69 86  3
 27 53 68 69 84 85  3
 27 53 59 70  3
 27 53 59 68 69  3
 27 43 80 86  3
 27 43 80 84 85  3
 27 43 78 79 86  3
 27 43 78 79 84 85  3
 27 43 59 80  3
 27 43 59 78 79  3
 27 43 53 86  3
 27 43 53 84 85  3
 27 43 53 59  3
 82  21
 80 81  21
 68 80  3
 68 78 79  3
 66 67 80  3
 66 67 78 79  3
 55  29
 54 68 86  1
 54 68 84 85  1
 54 66 67 86  1
 54 66 67 84 85  1
 54 59 68  1
 54 59 66 67  1
 54 55 68 84  3
 54 55 68 82 83  3
 54 55 66 67 84  3
 54 55 66 67 82 83  3
 54 55 57 68  3
 54 55 57 66 67  3
 53 68  3
 53 66 67  3
 52 53 68 86  1
 52 53 68 84 85  1
 52 53 66 67 86  1
 52 53 66 67 84 85  1
 52 53 59 68  1
 52 53 59 66 67  1
 44 68  1
 44 66 67  1
 44 56 68 74 82  1
 44 56 68 74 80 81  1
 44 56 68 72 73 82  1
 44 56 68 72 73 80 81  1
 44 56 66 67 74 82  1
 44 56 66 67 74 80 81  1
 44 56 66 67 72 73 82  1
 44 56 66 67 72 73 80 81  1
 44 55 56 68 74  1
 44 55 56 68 72 73  1
 44 55 56 66 67 74  1
 44 55 56 66 67 72 73  1
 44 54 55 68 74  1
 44 54 55 68 74 82  1
 44 54 55 68 74 80 81  1
 44 54 55 68 72 73  1
 44 54 55 68 72 73 82  1
 44 54 55 68 72 73 80 81  1
 44 54 55 66 67 74  1
 44 54 55 66 67 74 82  1
 44 54 55 66 67 74 80 81  1
 44 54 55 66 67 72 73  1
 44 54 55 66 67 72 73 82  1
 44 54 55 66 67 72 73 80 81  1
 44 47 56 68 82  1
 44 47 56 68 80 81  1
 44 47 56 66 67 82  1
 44 47 56 66 67 80 81  1
 44 47 55 56 68  1
 44 47 55 56 66 67  1
 44 47 54 55 68  1
 44 47 54 55 68 82  1
 44 47 54 55 68 80 81  1
 44 47 54 55 66 67  1
 44 47 54 55 66 67 82  1
 44 47 54 55 66 67 80 81  1
 42 43 68  1
 42 43 66 67  1
 42 43 56 68 74 82  1
 42 43 56 68 74 80 81  1
 42 43 56 68 72 73 82  1
 42 43 56 68 72 73 80 81  1
 42 43 56 66 67 74 82  1
 42 43 56 66 67 74 80 81  1
 42 43 56 66 67 72 73 82  1
 42 43 56 66 67 72 73 80 81  1
 42 43 55 56 68 74  1
 42 43 55 56 68 72 73  1
 42 43 55 56 66 67 74  1
 42 43 55 56 66 67 72 73  1
 42 43 54 55 68 74  1
 42 43 54 55 68 74 82  1
 42 43 54 55 68 74 80 81  1
 42 43 54 55 68 72 73  1
 42 43 54 55 68 72 73 82  1
 42 43 54 55 68 72 73 80 81  1
 42 43 54 55 66 67 74  1
 42 43 54 55 66 67 74 82  1
 42 43 54 55 66 67 74 80 81  1
 42 43 54 55 66 67 72 73  1
 42 43 54 55 66 67 72 73 82  1
 42 43 54 55 66 67 72 73 80 81  1
 42 43 47 56 68 82  1
 42 43 47 56 68 80 81  1
 42 43 47 56 66 67 82  1
 42 43 47 56 66 67 80 81  1
 42 43 47 55 56 68  1
 42 43 47 55 56 66 67  1
 42 43 47 54 55 68  1
 42 43 47 54 55 68 82  1
 42 43 47 54 55 68 80 81  1
 42 43 47 54 55 66 67  1
 42 43 47 54 55 66 67 82  1
 42 43 47 54 55 66 67 80 81  1
 41 80  3
 41 78 79  3
 41 54 86  1
 41 54 84 85  1
 41 54 59  1
 41 54 55 84  3
 41 54 55 82 83  3
 41 54 55 57  3
 41 53  3
 41 52 53 86  1
 41 52 53 84 85  1
 41 52 53 59  1
 41 44  1
 41 44 56 74 82  1
 41 44 56 74 80 81  1
 41 44 56 72 73 82  1
 41 44 56 72 73 80 81  1
 41 44 55 56 74  1
 41 44 55 56 72 73  1
 41 44 54 55 74  1
 41 44 54 55 74 82  1
 41 44 54 55 74 80 81  1
 41 44 54 55 72 73  1
 41 44 54 55 72 73 82  1
 41 44 54 55 72 73 80 81  1
 41 44 47 56 82  1
 41 44 47 56 80 81  1
 41 44 47 55 56  1
 41 44 47 54 55  1
 41 44 47 54 55 82  1
 41 44 47 54 55 80 81  1
 41 42 43  1
 41 42 43 56 74 82  1
 41 42 43 56 74 80 81  1
 41 42 43 56 72 73 82  1
 41 42 43 56 72 73 80 81  1
 41 42 43 55 56 74  1
 41 42 43 55 56 72 73  1
 41 42 43 54 55 74  1
 41 42 43 54 55 74 82  1
 41 42 43 54 55 74 80 81  1
 41 42 43 54 55 72 73  1
 41 42 43 54 55 72 73 82  1
 41 42 43 54 55 72 73 80 81  1
 41 42 43 47 56 82  1
 41 42 43 47 56 80 81  1
 41 42 43 47 55 56  1
 41 42 43 47 54 55  1
 41 42 43 47 54 55 82  1
 41 42 43 47 54 55 80 81  1
 29 44 68 74 82  1
 29 44 68 74 80 81  1
 29 44 68 72 73 82  1
 29 44 68 72 73 80 81  1
 29 44 66 67 74 82  1
 29 44 66 67 74 80 81  1
 29 44 66 67 72 73 82  1
 29 44 66 67 72 73 80 81  1
 29 44 55 68 74  1
 29 44 55 68 72 73  1
 29 44 55 66 67 74  1
 29 44 55 66 67 72 73  1
 29 44 47 68 82  1
 29 44 47 68 80 81  1
 29 44 47 66 67 82  1
 29 44 47 66 67 80 81  1
 29 44 47 55 68  1
 29 44 47 55 66 67  1
 29 42 43 68 74 82  1
 29 42 43 68 74 80 81  1
 29 42 43 68 72 73 82  1
 29 42 43 68 72 73 80 81  1
 29 42 43 66 67 74 82  1
 29 42 43 66 67 74 80 81  1
 29 42 43 66 67 72 73 82  1
 29 42 43 66 67 72 73 80 81  1
 29 42 43 55 68 74  1
 29 42 43 55 68 72 73  1
 29 42 43 55 66 67 74  1
 29 42 43 55 66 67 72 73  1
 29 42 43 47 68 82  1
 29 42 43 47 68 80 81  1
 29 42 43 47 66 67 82  1
 29 42 43 47 66 67 80 81  1
 29 42 43 47 55 68  1
 29 42 43 47 55 66 67  1
 29 41 44 74 82  1
 29 41 44 74 80 81  1
 29 41 44 72 73 82  1
 29 41 44 72 73 80 81  1
 29 41 44 55 74  1
 29 41 44 55 72 73  1
 29 41 44 47 82  1
 29 41 44 47 80 81  1
 29 41 44 47 55  1
 29 41 42 43 74 82  1
 29 41 42 43 74 80 81  1
 29 41 42 43 72 73 82  1
 29 41 42 43 72 73 80 81  1
 29 41 42 43 55 74  1
 29 41 42 43 55 72 73  1
 29 41 42 43 47 82  1
 29 41 42 43 47 80 81  1
 29 41 42 43 47 55  1
 27 68 86  1
 27 68 84 85  1
 27 66 67 86  1
 27 66 67 84 85  1
 27 59 68  1
 27 59 66 67  1
 27 41 86  1
 27 41 84 85  1
 27 41 59  1
 17 68  1
 17 66 67  1
 17 56 68 74 82  1
 17 56 68 74 80 81  1
 17 56 68 72 73 82  1
 17 56 68 72 73 80 81  1
 17 56 66 67 74 82  1
 17 56 66 67 74 80 81  1
 17 56 66 67 72 73 82  1
 17 56 66 67 72 73 80 81  1
 17 55 56 68 74  1
 17 55 56 68 72 73  1
 17 55 56 66 67 74  1
 17 55 56 66 67 72 73  1
 17 54 55 68 74  1
 17 54 55 68 74 82  1
 17 54 55 68 74 80 81  1
 17 54 55 68 72 73  1
 17 54 55 68 72 73 82  1
 17 54 55 68 72 73 80 81  1
 17 54 55 66 67 74  1
 17 54 55 66 67 74 82  1
 17 54 55 66 67 74 80 81  1
 17 54 55 66 67 72 73  1
 17 54 55 66 67 72 73 82  1
 17 54 55 66 67 72 73 80 81  1
 17 47 56 68 82  1
 17 47 56 68 80 81  1
 17 47 56 66 67 82  1
 17 47 56 66 67 80 81  1
 17 47 55 56 68  1
 17 47 55 56 66 67  1
 17 47 54 55 68  1
 17 47 54 55 68 82  1
 17 47 54 55 68 80 81  1
 17 47 54 55 66 67  1
 17 47 54 55 66 67 82  1
 17 47 54 55 66 67 80 81  1
 17 41  1
 17 41 56 74 82  1
 17 41 56 74 80 81  1
 17 41 56 72 73 82  1
 17 41 56 72 73 80 81  1
 17 41 55 56 74  1
 17 41 55 56 72 73  1
 17 41 54 55 74  1
 17 41 54 55 74 82  1
 17 41 54 55 74 80 81  1
 17 41 54 55 72 73  1
 17 41 54 55 72 73 82  1
 17 41 54 55 72 73 80 81  1
 17 41 47 56 82  1
 17 41 47 56 80 81  1
 17 41 47 55 56  1
 17 41 47 54 55  1
 17 41 47 54 55 82  1
 17 41 47 54 55 80 81  1
 17 29 68 74 82  1
 17 29 68 74 80 81  1
 17 29 68 72 73 82  1
 17 29 68 72 73 80 81  1
 17 29 66 67 74 82  1
 17 29 66 67 74 80 81  1
 17 29 66 67 72 73 82  1
 17 29 66 67 72 73 80 81  1
 17 29 55 68 74  1
 17 29 55 68 72 73  1
 17 29 55 66 67 74  1
 17 29 55 66 67 72 73  1
 17 29 47 68 82  1
 17 29 47 68 80 81  1
 17 29 47 66 67 82  1
 17 29 47 66 67 80 81  1
 17 29 47 55 68  1
 17 29 47 55 66 67  1
 17 29 41 74 82  1
 17 29 41 74 80 81  1
 17 29 41 72 73 82  1
 17 29 41 72 73 80 81  1
 17 29 41 55 74  1
 17 29 41 55 72 73  1
 17 29 41 47 82  1
 17 29 41 47 80 81  1
 17 29 41 47 55  1
 42 70 86  5
 42 70 84 85  5
 42 70 82 86  1
 42 70 82 84 85  1
 42 70 80 81 86  1
 42 70 80 81 84 85  1
 42 68 69 86  5
 42 68 69 84 85  5
 42 68 69 82 86  1
 42 68 69 82 84 85  1
 42 68 69 80 81 86  1
 42 68 69 80 81 84 85  1
 42 59 70  5
 42 59 70 82  1
 42 59 70 80 81  1
 42 59 68 69  5
 42 59 68 69 82  1
 42 59 68 69 80 81  1
 42 55 70 86  1
 42 55 70 84 85  1
 42 55 68 69 86  1
 42 55 68 69 84 85  1
 42 55 59 70  1
 42 55 59 68 69  1
 42 43 82 86  3
 42 43 82 84 85  3
 42 43 80 81 86  3
 42 43 80 81 84 85  3
 42 43 59 82  3
 42 43 59 80 81  3
 42 43 55 86  3
 42 43 55 84 85  3
 42 43 55 59  3
 40 41 70 86  5
 40 41 70 84 85  5
 40 41 70 82 86  1
 40 41 70 82 84 85  1
 40 41 70 80 81 86  1
 40 41 70 80 81 84 85  1
 40 41 68 69 86  5
 40 41 68 69 84 85  5
 40 41 68 69 82 86  1
 40 41 68 69 82 84 85  1
 40 41 68 69 80 81 86  1
 40 41 68 69 80 81 84 85  1
 40 41 59 70  5
 40 41 59 70 82  1
 40 41 59 70 80 81  1
 40 41 59 68 69  5
 40 41 59 68 69 82  1
 40 41 59 68 69 80 81  1
 40 41 55 70 86  1
 40 41 55 70 84 85  1
 40 41 55 68 69 86  1
 40 41 55 68 69 84 85  1
 40 41 55 59 70  1
 40 41 55 59 68 69  1
 40 41 43 86  5
 40 41 43 84 85  5
 40 41 43 82 86  1
 40 41 43 82 84 85  1
 40 41 43 80 81 86  1
 40 41 43 80 81 84 85  1
 40 41 43 59  5
 40 41 43 59 82  1
 40 41 43 59 80 81  1
 40 41 43 55 86  1
 40 41 43 55 84 85  1
 40 41 43 55 59  1
 15 70 86  5
 15 70 84 85  5
 15 70 82 86  1
 15 70 82 84 85  1
 15 70 80 81 86  1
 15 70 80 81 84 85  1
 15 68 69 86  5
 15 68 69 84 85  5
 15 68 69 82 86  1
 15 68 69 82 84 85  1
 15 68 69 80 81 86  1
 15 68 69 80 81 84 85  1
 15 59 70  5
 15 59 70 82  1
 15 59 70 80 81  1
 15 59 68 69  5
 15 59 68 69 82  1
 15 59 68 69 80 81  1
 15 55 70 86  1
 15 55 70 84 85  1
 15 55 68 69 86  1
 15 55 68 69 84 85  1
 15 55 59 70  1
 15 55 59 68 69  1
 15 43 86  5
 15 43 84 85  5
 15 43 82 86  1
 15 43 82 84 85  1
 15 43 80 81 86  1
 15 43 80 81 84 85  1
 15 43 59  5
 15 43 59 82  1
 15 43 59 80 81  1
 15 43 55 86  1
 15 43 55 84 85  1
 15 43 55 59  1
 54 86  1
 54 84 85  1
 54 59  1
 27 86  1
 27 84 85  1
 27 59  1
 54 88 115  1
 54 86 87 115  1
 54 61 115  1
 54 56 88  1
 54 56 86 87  1
 54 56 61  1
 52 53 88 115  1
 52 53 86 87 115  1
 52 53 61 115  1
 52 53 56 88  1
 52 53 56 86 87  1
 52 53 56 61  1
 46 54 88  1
 46 54 86 87  1
 46 54 61  1
 46 52 53 88  1
 46 52 53 86 87  1
 46 52 53 61  1
 27 88 115  1
 27 86 87 115  1
 27 61 115  1
 27 56 88  1
 27 56 86 87  1
 27 56 61  1
 27 46 88  1
 27 46 86 87  1
 27 46 61  1
 82 92  67
 82 90 91  67
 82 88  1
 82 88 92  3
 82 88 90 91  3
 82 86 87  1
 82 86 87 92  3
 82 86 87 90 91  3
 80 92  39
 80 90 91  39
 80 81 88  1
 80 81 88 92  3
 80 81 88 90 91  3
 80 81 86 87  1
 80 81 86 87 92  3
 80 81 86 87 90 91  3
 78 79 92  39
 78 79 90 91  39
 65 82  67
 65 82 88  3
 65 82 86 87  3
 65 80  39
 65 80 81 88  3
 65 80 81 86 87  3
 65 78 79  39
 61 82  1
 61 82 92  3
 61 82 90 91  3
 61 80 81  1
 61 80 81 92  3
 61 80 81 90 91  3
 61 65 82  3
 61 65 80 81  3
 55 92  69
 55 90 91  69
 55 88 92  3
 55 88 90 91  3
 55 86 87 92  3
 55 86 87 90 91  3
 55 65  69
 55 65 88  3
 55 65 86 87  3
 55 61 92  3
 55 61 90 91  3
 55 61 65  3
 54 80 92  29
 54 80 90 91  29
 54 78 79 92  29
 54 78 79 90 91  29
 54 65 80  29
 54 65 78 79  29
 53 92  39
 53 90 91  39
 53 65  39
 53 54 92  29
 53 54 90 91  29
 53 54 65  29
 44 82 86 92  5
 44 82 86 90 91  5
 44 82 84 85 92  5
 44 82 84 85 90 91  5
 44 80 81 86 92  5
 44 80 81 86 90 91  5
 44 80 81 84 85 92  5
 44 80 81 84 85 90 91  5
 44 65 82 86  5
 44 65 82 84 85  5
 44 65 80 81 86  5
 44 65 80 81 84 85  5
 44 59 82 92  5
 44 59 82 90 91  5
 44 59 80 81 92  5
 44 59 80 81 90 91  5
 44 59 65 82  5
 44 59 65 80 81  5
 44 55 86 92  5
 44 55 86 90 91  5
 44 55 84 85 92  5
 44 55 84 85 90 91  5
 44 55 65 86  5
 44 55 65 84 85  5
 44 55 59 92  5
 44 55 59 90 91  5
 44 55 59 65  5
 42 86 92  3
 42 86 90 91  3
 42 84 85 92  3
 42 84 85 90 91  3
 42 65 86  3
 42 65 84 85  3
 42 59 92  3
 42 59 90 91  3
 42 59 65  3
 42 43 82 86 92  5
 42 43 82 86 90 91  5
 42 43 82 84 85 92  5
 42 43 82 84 85 90 91  5
 42 43 80 81 86 92  5
 42 43 80 81 86 90 91  5
 42 43 80 81 84 85 92  5
 42 43 80 81 84 85 90 91  5
 42 43 65 82 86  5
 42 43 65 82 84 85  5
 42 43 65 80 81 86  5
 42 43 65 80 81 84 85  5
 42 43 59 82 92  5
 42 43 59 82 90 91  5
 42 43 59 80 81 92  5
 42 43 59 80 81 90 91  5
 42 43 59 65 82  5
 42 43 59 65 80 81  5
 42 43 55 86 92  5
 42 43 55 86 90 91  5
 42 43 55 84 85 92  5
 42 43 55 84 85 90 91  5
 42 43 55 65 86  5
 42 43 55 65 84 85  5
 42 43 55 59 92  5
 42 43 55 59 90 91  5
 42 43 55 59 65  5
 40 41 86 92  3
 40 41 86 90 91  3
 40 41 84 85 92  3
 40 41 84 85 90 91  3
 40 41 65 86  3
 40 41 65 84 85  3
 40 41 59 92  3
 40 41 59 90 91  3
 40 41 59 65  3
 17 82 86 92  5
 17 82 86 90 91  5
 17 82 84 85 92  5
 17 82 84 85 90 91  5
 17 80 81 86 92  5
 17 80 81 86 90 91  5
 17 80 81 84 85 92  5
 17 80 81 84 85 90 91  5
 17 65 82 86  5
 17 65 82 84 85  5
 17 65 80 81 86  5
 17 65 80 81 84 85  5
 17 59 82 92  5
 17 59 82 90 91  5
 17 59 80 81 92  5
 17 59 80 81 90 91  5
 17 59 65 82  5
 17 59 65 80 81  5
 17 55 86 92  5
 17 55 86 90 91  5
 17 55 84 85 92  5
 17 55 84 85 90 91  5
 17 55 65 86  5
 17 55 65 84 85  5
 17 55 59 92  5
 17 55 59 90 91  5
 17 55 59 65  5
 15 86 92  3
 15 86 90 91  3
 15 84 85 92  3
 15 84 85 90 91  3
 15 65 86  3
 15 65 84 85  3
 15 59 92  3
 15 59 90 91  3
 15 59 65  3
 82 86 92  1
 82 86 90 91  1
 82 84 85 92  1
 82 84 85 90 91  1
 80 81 86 92  1
 80 81 86 90 91  1
 80 81 84 85 92  1
 80 81 84 85 90 91  1
 65 82 86  1
 65 82 84 85  1
 65 80 81 86  1
 65 80 81 84 85  1
 59 82 92  1
 59 82 90 91  1
 59 80 81 92  1
 59 80 81 90 91  1
 59 65 82  1
 59 65 80 81  1
 55 86 92  1
 55 86 90 91  1
 55 84 85 92  1
 55 84 85 90 91  1
 55 65 86  1
 55 65 84 85  1
 55 59 92  1
 55 59 90 91  1
 55 59 65  1
 42 68 88  1
 42 68 86 87  1
 42 66 67 88  1
 42 66 67 86 87  1
 42 61 68  1
 42 61 66 67  1
 41 42 88  1
 41 42 86 87  1
 41 42 61  1
 40 41 68 88  1
 40 41 68 86 87  1
 40 41 66 67 88  1
 40 41 66 67 86 87  1
 40 41 61 68  1
 40 41 61 66 67  1
 15 68 88  1
 15 68 86 87  1
 15 66 67 88  1
 15 66 67 86 87  1
 15 61 68  1
 15 61 66 67  1
 15 41 88  1
 15 41 86 87  1
 15 41 61  1
 80 117  1
 78 79 117  1
 70 82  1
 70 80 81  1
 68 69 82  1
 68 69 80 81  1
 58 80  3
 58 78 79  3
 56 80  7
 56 80 86  1
 56 80 84 85  1
 56 78 79  7
 56 78 79 86  1
 56 78 79 84 85  1
 56 59 80  1
 56 59 78 79  1
 55 86  5
 55 84 85  5
 55 70  1
 55 68 69  1
 55 59  5
 54 82 117  1
 54 80 81 117  1
 54 58 82  3
 54 58 80 81  3
 54 55 117  1
 54 55 80  7
 54 55 80 86  1
 54 55 80 84 85  1
 54 55 78 79  7
 54 55 78 79 86  1
 54 55 78 79 84 85  1
 54 55 59 80  1
 54 55 59 78 79  1
 54 55 58  3
 53 117  1
 53 58  3
 53 56  7
 53 56 86  1
 53 56 84 85  1
 53 56 59  1
 53 54 55  7
 53 54 55 86  1
 53 54 55 84 85  1
 53 54 55 59  1
 52 53 82 117  1
 52 53 80 81 117  1
 52 53 58 82  3
 52 53 58 80 81  3
 52 53 55 117  1
 52 53 55 58  3
 48 80  1
 48 78 79  1
 48 54 82  1
 48 54 80 81  1
 48 54 55  1
 48 53  1
 48 52 53 82  1
 48 52 53 80 81  1
 48 52 53 55  1
 44 68 82 92  1
 44 68 82 90 91  1
 44 68 80 81 92  1
 44 68 80 81 90 91  1
 44 66 67 82 92  1
 44 66 67 82 90 91  1
 44 66 67 80 81 92  1
 44 66 67 80 81 90 91  1
 44 65 68 82  1
 44 65 68 80 81  1
 44 65 66 67 82  1
 44 65 66 67 80 81  1
 44 56 80 88  1
 44 56 80 86 87  1
 44 56 78 79 88  1
 44 56 78 79 86 87  1
 44 56 70 80  1
 44 56 70 78 79  1
 44 56 68 69 80  1
 44 56 68 69 78 79  1
 44 56 61 80  1
 44 56 61 78 79  1
 44 55 68 92  1
 44 55 68 90 91  1
 44 55 66 67 92  1
 44 55 66 67 90 91  1
 44 55 65 68  1
 44 55 65 66 67  1
 44 54 70  1
 44 54 68 69  1
 44 54 55 80 88  1
 44 54 55 80 86 87  1
 44 54 55 78 79 88  1
 44 54 55 78 79 86 87  1
 44 54 55 70 80  1
 44 54 55 70 78 79  1
 44 54 55 68 69 80  1
 44 54 55 68 69 78 79  1
 44 54 55 61 80  1
 44 54 55 61 78 79  1
 44 53 56 88  1
 44 53 56 86 87  1
 44 53 56 70  1
 44 53 56 68 69  1
 44 53 56 61  1
 44 53 54 55 88  1
 44 53 54 55 86 87  1
 44 53 54 55 70  1
 44 53 54 55 68 69  1
 44 53 54 55 61  1
 44 52 53 70  1
 44 52 53 68 69  1
 43 82  1
 43 80 81  1
 43 55  1
 43 44 56 80  1
 43 44 56 78 79  1
 43 44 54  1
 43 44 54 55 80  1
 43 44 54 55 78 79  1
 43 44 53 56  1
 43 44 53 54 55  1
 43 44 52 53  1
 42 82  1
 42 80 81  1
 42 55  1
 42 43 68 82 92  1
 42 43 68 82 90 91  1
 42 43 68 80 81 92  1
 42 43 68 80 81 90 91  1
 42 43 66 67 82 92  1
 42 43 66 67 82 90 91  1
 42 43 66 67 80 81 92  1
 42 43 66 67 80 81 90 91  1
 42 43 65 68 82  1
 42 43 65 68 80 81  1
 42 43 65 66 67 82  1
 42 43 65 66 67 80 81  1
 42 43 56 80  1
 42 43 56 80 88  1
 42 43 56 80 86 87  1
 42 43 56 78 79  1
 42 43 56 78 79 88  1
 42 43 56 78 79 86 87  1
 42 43 56 70 80  1
 42 43 56 70 78 79  1
 42 43 56 68 69 80  1
 42 43 56 68 69 78 79  1
 42 43 56 61 80  1
 42 43 56 61 78 79  1
 42 43 55 68 92  1
 42 43 55 68 90 91  1
 42 43 55 66 67 92  1
 42 43 55 66 67 90 91  1
 42 43 55 65 68  1
 42 43 55 65 66 67  1
 42 43 54 70  1
 42 43 54 68 69  1
 42 43 54 55 80  1
 42 43 54 55 80 88  1
 42 43 54 55 80 86 87  1
 42 43 54 55 78 79  1
 42 43 54 55 78 79 88  1
 42 43 54 55 78 79 86 87  1
 42 43 54 55 70 80  1
 42 43 54 55 70 78 79  1
 42 43 54 55 68 69 80  1
 42 43 54 55 68 69 78 79  1
 42 43 54 55 61 80  1
 42 43 54 55 61 78 79  1
 42 43 53 56  1
 42 43 53 56 88  1
 42 43 53 56 86 87  1
 42 43 53 56 70  1
 42 43 53 56 68 69  1
 42 43 53 56 61  1
 42 43 53 54 55  1
 42 43 53 54 55 88  1
 42 43 53 54 55 86 87  1
 42 43 53 54 55 70  1
 42 43 53 54 55 68 69  1
 42 43 53 54 55 61  1
 42 43 52 53 70  1
 42 43 52 53 68 69  1
 41 44 82 92  1
 41 44 82 90 91  1
 41 44 80 81 92  1
 41 44 80 81 90 91  1
 41 44 65 82  1
 41 44 65 80 81  1
 41 44 55 92  1
 41 44 55 90 91  1
 41 44 55 65  1
 41 42 43 82 92  1
 41 42 43 82 90 91  1
 41 42 43 80 81 92  1
 41 42 43 80 81 90 91  1
 41 42 43 65 82  1
 41 42 43 65 80 81  1
 41 42 43 55 92  1
 41 42 43 55 90 91  1
 41 42 43 55 65  1
 40 41 82  1
 40 41 80 81  1
 40 41 55  1
 29 80  7
 29 80 86  1
 29 80 84 85  1
 29 78 79  7
 29 78 79 86  1
 29 78 79 84 85  1
 29 59 80  1
 29 59 78 79  1
 29 53  7
 29 53 86  1
 29 53 84 85  1
 29 53 59  1
 29 44 80 88  1
 29 44 80 86 87  1
 29 44 78 79 88  1
 29 44 78 79 86 87  1
 29 44 70 80  1
 29 44 70 78 79  1
 29 44 68 69 80  1
 29 44 68 69 78 79  1
 29 44 61 80  1
 29 44 61 78 79  1
 29 44 53 88  1
 29 44 53 86 87  1
 29 44 53 70  1
 29 44 53 68 69  1
 29 44 53 61  1
 29 43 44 80  1
 29 43 44 78 79  1
 29 43 44 53  1
 29 42 43 80  1
 29 42 43 80 88  1
 29 42 43 80 86 87  1
 29 42 43 78 79  1
 29 42 43 78 79 88  1
 29 42 43 78 79 86 87  1
 29 42 43 70 80  1
 29 42 43 70 78 79  1
 29 42 43 68 69 80  1
 29 42 43 68 69 78 79  1
 29 42 43 61 80  1
 29 42 43 61 78 79  1
 29 42 43 53  1
 29 42 43 53 88  1
 29 42 43 53 86 87  1
 29 42 43 53 70  1
 29 42 43 53 68 69  1
 29 42 43 53 61  1
 27 82 117  1
 27 80 81 117  1
 27 58 82  3
 27 58 80 81  3
 27 55 117  1
 27 55 58  3
 27 48 82  1
 27 48 80 81  1
 27 48 55  1
 27 44 70  1
 27 44 68 69  1
 27 43 44  1
 27 42 43 70  1
 27 42 43 68 69  1
 17 68 82 92  1
 17 68 82 90 91  1
 17 68 80 81 92  1
 17 68 80 81 90 91  1
 17 66 67 82 92  1
 17 66 67 82 90 91  1
 17 66 67 80 81 92  1
 17 66 67 80 81 90 91  1
 17 65 68 82  1
 17 65 68 80 81  1
 17 65 66 67 82  1
 17 65 66 67 80 81  1
 17 56 80 88  1
 17 56 80 86 87  1
 17 56 78 79 88  1
 17 56 78 79 86 87  1
 17 56 70 80  1
 17 56 70 78 79  1
 17 56 68 69 80  1
 17 56 68 69 78 79  1
 17 56 61 80  1
 17 56 61 78 79  1
 17 55 68 92  1
 17 55 68 90 91  1
 17 55 66 67 92  1
 17 55 66 67 90 91  1
 17 55 65 68  1
 17 55 65 66 67  1
 17 54 70  1
 17 54 68 69  1
 17 54 55 80 88  1
 17 54 55 80 86 87  1
 17 54 55 78 79 88  1
 17 54 55 78 79 86 87  1
 17 54 55 70 80  1
 17 54 55 70 78 79  1
 17 54 55 68 69 80  1
 17 54 55 68 69 78 79  1
 17 54 55 61 80  1
 17 54 55 61 78 79  1
 17 53 56 88  1
 17 53 56 86 87  1
 17 53 56 70  1
 17 53 56 68 69  1
 17 53 56 61  1
 17 53 54 55 88  1
 17 53 54 55 86 87  1
 17 53 54 55 70  1
 17 53 54 55 68 69  1
 17 53 54 55 61  1
 17 52 53 70  1
 17 52 53 68 69  1
 17 43 56 80  1
 17 43 56 78 79  1
 17 43 54  1
 17 43 54 55 80  1
 17 43 54 55 78 79  1
 17 43 53 56  1
 17 43 53 54 55  1
 17 43 52 53  1
 17 41 82 92  1
 17 41 82 90 91  1
 17 41 80 81 92  1
 17 41 80 81 90 91  1
 17 41 65 82  1
 17 41 65 80 81  1
 17 41 55 92  1
 17 41 55 90 91  1
 17 41 55 65  1
 17 29 80 88  1
 17 29 80 86 87  1
 17 29 78 79 88  1
 17 29 78 79 86 87  1
 17 29 70 80  1
 17 29 70 78 79  1
 17 29 68 69 80  1
 17 29 68 69 78 79  1
 17 29 61 80  1
 17 29 61 78 79  1
 17 29 53 88  1
 17 29 53 86 87  1
 17 29 53 70  1
 17 29 53 68 69  1
 17 29 53 61  1
 17 29 43 80  1
 17 29 43 78 79  1
 17 29 43 53  1
 17 27 70  1
 17 27 68 69  1
 17 27 43  1
 15 82  1
 15 80 81  1
 15 55  1
 88 115  1
 88 114  1
 86 88  1
 86 87 115  1
 86 87 114  1
 84 85 88  1
 84 85 86 87  1
 80 86 92  3
 80 86 90 91  3
 80 84 85 92  3
 80 84 85 90 91  3
 78 79 86 92  3
 78 79 86 90 91  3
 78 79 84 85 92  3
 78 79 84 85 90 91  3
 70 88  1
 70 86 87  1
 70 80 86  1
 70 80 84 85  1
 70 78 79 86  1
 70 78 79 84 85  1
 68 69 80 86  1
 68 69 80 84 85  1
 68 69 78 79 86  1
 68 69 78 79 84 85  1
 65 80 86  3
 65 80 84 85  3
 65 78 79 86  3
 65 78 79 84 85  3
 61 115  1
 61 114  1
 61 86  1
 61 84 85  1
 61 70  1
 59 88  1
 59 86 87  1
 59 80 92  3
 59 80 90 91  3
 59 78 79 92  3
 59 78 79 90 91  3
 59 70 80  1
 59 70 78 79  1
 59 68 69 80  1
 59 68 69 78 79  1
 59 65 80  3
 59 65 78 79  3
 59 61  1
 53 86 92  3
 53 86 90 91  3
 53 84 85 92  3
 53 84 85 90 91  3
 53 70 86  1
 53 70 84 85  1
 53 68 69 86  1
 53 68 69 84 85  1
 53 65 86  3
 53 65 84 85  3
 53 59 92  3
 53 59 90 91  3
 53 59 70  1
 53 59 68 69  1
 53 59 65  3
 46 88  1
 46 86 87  1
 46 61  1
 45 88  1
 45 86 87  1
 45 61  1
 43 80 86  1
 43 80 84 85  1
 43 78 79 86  1
 43 78 79 84 85  1
 43 59 80  1
 43 59 78 79  1
 43 53 86  1
 43 53 84 85  1
 43 53 59  1
 11 88  1
 11 86 87  1
 11 61  1
 1 88  1
 1 86 87  1
 1 61  1
 89  1
 80 82 92  1
 80 82 90 91  1
 78 79 82 92  1
 78 79 82 90 91  1
 78 79 80 81 92  1
 78 79 80 81 90 91  1
 65 80 82  1
 65 78 79 82  1
 65 78 79 80 81  1
 55 80 92  1
 55 80 90 91  1
 55 78 79 92  1
 55 78 79 90 91  1
 55 65 80  1
 55 65 78 79  1
 54 55 86  1
 54 55 84 85  1
 54 55 59  1
 53 82 92  1
 53 82 90 91  1
 53 80 81 92  1
 53 80 81 90 91  1
 53 65 82  1
 53 65 80 81  1
 53 55 92  1
 53 55 90 91  1
 53 55 65  1
 44 74 80  9
 44 74 78 79  9
 44 72 73 80  9
 44 72 73 78 79  9
 44 68 74 80  1
 44 68 74 78 79  1
 44 68 72 73 80  1
 44 68 72 73 78 79  1
 44 66 67 74 80  1
 44 66 67 74 78 79  1
 44 66 67 72 73 80  1
 44 66 67 72 73 78 79  1
 44 53 74  9
 44 53 72 73  9
 44 53 68 74  1
 44 53 68 72 73  1
 44 53 66 67 74  1
 44 53 66 67 72 73  1
 44 47 80  9
 44 47 78 79  9
 44 47 68 80  1
 44 47 68 78 79  1
 44 47 66 67 80  1
 44 47 66 67 78 79  1
 44 47 53  9
 44 47 53 68  1
 44 47 53 66 67  1
 42 43 74 80  9
 42 43 74 78 79  9
 42 43 72 73 80  9
 42 43 72 73 78 79  9
 42 43 68 74 80  1
 42 43 68 74 78 79  1
 42 43 68 72 73 80  1
 42 43 68 72 73 78 79  1
 42 43 66 67 74 80  1
 42 43 66 67 74 78 79  1
 42 43 66 67 72 73 80  1
 42 43 66 67 72 73 78 79  1
 42 43 53 74  9
 42 43 53 72 73  9
 42 43 53 68 74  1
 42 43 53 68 72 73  1
 42 43 53 66 67 74  1
 42 43 53 66 67 72 73  1
 42 43 47 80  9
 42 43 47 78 79  9
 42 43 47 68 80  1
 42 43 47 68 78 79  1
 42 43 47 66 67 80  1
 42 43 47 66 67 78 79  1
 42 43 47 53  9
 42 43 47 53 68  1
 42 43 47 53 66 67  1
 41 44 74 80  1
 41 44 74 78 79  1
 41 44 72 73 80  1
 41 44 72 73 78 79  1
 41 44 53 74  1
 41 44 53 72 73  1
 41 44 47 80  1
 41 44 47 78 79  1
 41 44 47 53  1
 41 42 43 74 80  1
 41 42 43 74 78 79  1
 41 42 43 72 73 80  1
 41 42 43 72 73 78 79  1
 41 42 43 53 74  1
 41 42 43 53 72 73  1
 41 42 43 47 80  1
 41 42 43 47 78 79  1
 41 42 43 47 53  1
 30  1
 29 86  1
 29 84 85  1
 29 59  1
 20  1
 17 74 80  9
 17 74 78 79  9
 17 72 73 80  9
 17 72 73 78 79  9
 17 68 74 80  1
 17 68 74 78 79  1
 17 68 72 73 80  1
 17 68 72 73 78 79  1
 17 66 67 74 80  1
 17 66 67 74 78 79  1
 17 66 67 72 73 80  1
 17 66 67 72 73 78 79  1
 17 53 74  9
 17 53 72 73  9
 17 53 68 74  1
 17 53 68 72 73  1
 17 53 66 67 74  1
 17 53 66 67 72 73  1
 17 47 80  9
 17 47 78 79  9
 17 47 68 80  1
 17 47 68 78 79  1
 17 47 66 67 80  1
 17 47 66 67 78 79  1
 17 47 53  9
 17 47 53 68  1
 17 47 53 66 67  1
 17 41 74 80  1
 17 41 74 78 79  1
 17 41 72 73 80  1
 17 41 72 73 78 79  1
 17 41 53 74  1
 17 41 53 72 73  1
 17 41 47 80  1
 17 41 47 78 79  1
 17 41 47 53  1
 86 115  1
 86 114  1
 84 85 115  1
 84 85 114  1
 70 86  1
 70 84 85  1
 59 115  1
 59 114  1
 59 70  1
 46 86  1
 46 84 85  1
 46 59  1
 45 86  1
 45 84 85  1
 45 59  1
 11 86  1
 11 84 85  1
 11 59  1
 1 86  1
 1 84 85  1
 1 59  1
 54 68 84 92  1
 54 68 84 90 91  1
 54 68 82 84  1
 54 68 82 83  3
 54 68 82 83 92  1
 54 68 82 83 90 91  1
 54 68 80 81 84  1
 54 68 80 81 82 83  1
 54 66 67 84 92  1
 54 66 67 84 90 91  1
 54 66 67 82 84  1
 54 66 67 82 83  3
 54 66 67 82 83 92  1
 54 66 67 82 83 90 91  1
 54 66 67 80 81 84  1
 54 66 67 80 81 82 83  1
 54 65 68 84  1
 54 65 68 82 83  1
 54 65 66 67 84  1
 54 65 66 67 82 83  1
 54 57 68 92  1
 54 57 68 90 91  1
 54 57 68 82  1
 54 57 68 80 81  1
 54 57 66 67 92  1
 54 57 66 67 90 91  1
 54 57 66 67 82  1
 54 57 66 67 80 81  1
 54 57 65 68  1
 54 57 65 66 67  1
 52 53 92  5
 52 53 90 91  5
 52 53 80 92  1
 52 53 80 90 91  1
 52 53 78 79 92  1
 52 53 78 79 90 91  1
 52 53 68 84 92  1
 52 53 68 84 90 91  1
 52 53 68 82 84  1
 52 53 68 82 83  3
 52 53 68 82 83 92  1
 52 53 68 82 83 90 91  1
 52 53 68 80 81 84  1
 52 53 68 80 81 82 83  1
 52 53 66 67 84 92  1
 52 53 66 67 84 90 91  1
 52 53 66 67 82 84  1
 52 53 66 67 82 83  3
 52 53 66 67 82 83 92  1
 52 53 66 67 82 83 90 91  1
 52 53 66 67 80 81 84  1
 52 53 66 67 80 81 82 83  1
 52 53 65  5
 52 53 65 80  1
 52 53 65 78 79  1
 52 53 65 68 84  1
 52 53 65 68 82 83  1
 52 53 65 66 67 84  1
 52 53 65 66 67 82 83  1
 52 53 57 68 92  1
 52 53 57 68 90 91  1
 52 53 57 68 82  1
 52 53 57 68 80 81  1
 52 53 57 66 67 92  1
 52 53 57 66 67 90 91  1
 52 53 57 66 67 82  1
 52 53 57 66 67 80 81  1
 52 53 57 65 68  1
 52 53 57 65 66 67  1
 52 53 55 68 84  1
 52 53 55 68 82 83  1
 52 53 55 66 67 84  1
 52 53 55 66 67 82 83  1
 52 53 55 57 68  1
 52 53 55 57 66 67  1
 41 54 84 92  1
 41 54 84 90 91  1
 41 54 82 84  1
 41 54 82 83  3
 41 54 82 83 92  1
 41 54 82 83 90 91  1
 41 54 80 81 84  1
 41 54 80 81 82 83  1
 41 54 65 84  1
 41 54 65 82 83  1
 41 54 57 92  1
 41 54 57 90 91  1
 41 54 57 82  1
 41 54 57 80 81  1
 41 54 57 65  1
 41 52 53 84 92  1
 41 52 53 84 90 91  1
 41 52 53 82 84  1
 41 52 53 82 83  3
 41 52 53 82 83 92  1
 41 52 53 82 83 90 91  1
 41 52 53 80 81 84  1
 41 52 53 80 81 82 83  1
 41 52 53 65 84  1
 41 52 53 65 82 83  1
 41 52 53 57 92  1
 41 52 53 57 90 91  1
 41 52 53 57 82  1
 41 52 53 57 80 81  1
 41 52 53 57 65  1
 41 52 53 55 84  1
 41 52 53 55 82 83  1
 41 52 53 55 57  1
 27 80 92  1
 27 80 90 91  1
 27 78 79 92  1
 27 78 79 90 91  1
 27 68 84 92  1
 27 68 84 90 91  1
 27 68 82 84  1
 27 68 82 83  3
 27 68 82 83 92  1
 27 68 82 83 90 91  1
 27 68 80 81 84  1
 27 68 80 81 82 83  1
 27 66 67 84 92  1
 27 66 67 84 90 91  1
 27 66 67 82 84  1
 27 66 67 82 83  3
 27 66 67 82 83 92  1
 27 66 67 82 83 90 91  1
 27 66 67 80 81 84  1
 27 66 67 80 81 82 83  1
 27 65 80  1
 27 65 78 79  1
 27 65 68 84  1
 27 65 68 82 83  1
 27 65 66 67 84  1
 27 65 66 67 82 83  1
 27 57 68 92  1
 27 57 68 90 91  1
 27 57 68 82  1
 27 57 68 80 81  1
 27 57 66 67 92  1
 27 57 66 67 90 91  1
 27 57 66 67 82  1
 27 57 66 67 80 81  1
 27 57 65 68  1
 27 57 65 66 67  1
 27 55 68 84  1
 27 55 68 82 83  1
 27 55 66 67 84  1
 27 55 66 67 82 83  1
 27 55 57 68  1
 27 55 57 66 67  1
 27 53 92  1
 27 53 90 91  1
 27 53 65  1
 27 41 84 92  1
 27 41 84 90 91  1
 27 41 82 84  1
 27 41 82 83  3
 27 41 82 83 92  1
 27 41 82 83 90 91  1
 27 41 80 81 84  1
 27 41 80 81 82 83  1
 27 41 65 84  1
 27 41 65 82 83  1
 27 41 57 92  1
 27 41 57 90 91  1
 27 41 57 82  1
 27 41 57 80 81  1
 27 41 57 65  1
 27 41 55 84  1
 27 41 55 82 83  1
 27 41 55 57  1
 42 70 80 88  1
 42 70 80 86 87  1
 42 70 78 79 88  1
 42 70 78 79 86 87  1
 42 68 69 80 88  1
 42 68 69 80 86 87  1
 42 68 69 78 79 88  1
 42 68 69 78 79 86 87  1
 42 61 70 80  1
 42 61 70 78 79  1
 42 61 68 69 80  1
 42 61 68 69 78 79  1
 42 53 70 88  1
 42 53 70 86 87  1
 42 53 68 69 88  1
 42 53 68 69 86 87  1
 42 53 61 70  1
 42 53 61 68 69  1
 42 43 80 88  1
 42 43 80 86 87  1
 42 43 78 79 88  1
 42 43 78 79 86 87  1
 42 43 61 80  1
 42 43 61 78 79  1
 42 43 53 88  1
 42 43 53 86 87  1
 42 43 53 61  1
 40 41 70 80 88  1
 40 41 70 80 86 87  1
 40 41 70 78 79 88  1
 40 41 70 78 79 86 87  1
 40 41 68 69 80 88  1
 40 41 68 69 80 86 87  1
 40 41 68 69 78 79 88  1
 40 41 68 69 78 79 86 87  1
 40 41 61 70 80  1
 40 41 61 70 78 79  1
 40 41 61 68 69 80  1
 40 41 61 68 69 78 79  1
 40 41 53 70 88  1
 40 41 53 70 86 87  1
 40 41 53 68 69 88  1
 40 41 53 68 69 86 87  1
 40 41 53 61 70  1
 40 41 53 61 68 69  1
 40 41 43 80 88  1
 40 41 43 80 86 87  1
 40 41 43 78 79 88  1
 40 41 43 78 79 86 87  1
 40 41 43 61 80  1
 40 41 43 61 78 79  1
 40 41 43 53 88  1
 40 41 43 53 86 87  1
 40 41 43 53 61  1
 15 70 80 88  1
 15 70 80 86 87  1
 15 70 78 79 88  1
 15 70 78 79 86 87  1
 15 68 69 80 88  1
 15 68 69 80 86 87  1
 15 68 69 78 79 88  1
 15 68 69 78 79 86 87  1
 15 61 70 80  1
 15 61 70 78 79  1
 15 61 68 69 80  1
 15 61 68 69 78 79  1
 15 53 70 88  1
 15 53 70 86 87  1
 15 53 68 69 88  1
 15 53 68 69 86 87  1
 15 53 61 70  1
 15 53 61 68 69  1
 15 43 80 88  1
 15 43 80 86 87  1
 15 43 78 79 88  1
 15 43 78 79 86 87  1
 15 43 61 80  1
 15 43 61 78 79  1
 15 43 53 88  1
 15 43 53 86 87  1
 15 43 53 61  1
