 83 84  51
 81 82  209
 67 83 84  17
 67 82 83  21
 67 81 82 84  13
 67 81 82 83  17
 65 66 83 84  17
 65 66 82 83  21
 65 66 81 82 84  13
 65 66 81 82 83  17
 57 67 83  13
 57 67 81 82  13
 57 65 66 83  13
 57 65 66 81 82  13
 56 67 84  13
 56 67 82 83  13
 56 65 66 84  13
 56 65 66 82 83  13
 56 57 67  13
 56 57 65 66  13
 55 83  55
 55 69 83  11
 55 69 81 82  15
 55 67 81  7
 55 67 79 80  7
 55 67 68 83  19
 55 67 68 81 82  23
 55 65 66 81  7
 55 65 66 79 80  7
 55 56 69  11
 55 56 67  17
 55 56 67 81  5
 55 56 67 79 80  5
 55 56 67 69  9
 55 56 65 66  17
 55 56 65 66 81  5
 55 56 65 66 79 80  5
 55 56 65 66 69  9
 55 56 65 66 67 68  9
 54 55 67  7
 54 55 65 66  7
 54 55 56 67  5
 54 55 56 65 66  5
 53 54 83  49
 53 54 69 83  15
 53 54 69 81 82  19
 53 54 67  25
 53 54 67 81  7
 53 54 67 79 80  7
 53 54 67 68 83  23
 53 54 67 68 81 82  27
 53 54 65 66  25
 53 54 65 66 81  7
 53 54 65 66 79 80  7
 53 54 56  49
 53 54 56 69  15
 53 54 56 67 68  23
 43 82 83  3
 42 55 83  11
 42 55 81 82  15
 42 55 56  11
 42 55 56 67  9
 42 55 56 65 66  9
 42 53 54 83  15
 42 53 54 81 82  19
 42 53 54 56  15
 41 42 82 83  3
 40 83 84  17
 40 82 83  21
 40 81 82 84  13
 40 81 82 83  17
 40 57 83  13
 40 57 81 82  13
 40 56 84  13
 40 56 82 83  13
 40 56 57  13
 40 55 81  7
 40 55 79 80  7
 40 55 56  17
 40 55 56 81  5
 40 55 56 79 80  5
 40 55 56 69  9
 40 55 56 67 68  9
 40 54 55  7
 40 54 55 56  5
 40 53 54  25
 40 53 54 81  7
 40 53 54 79 80  7
 40 42 55 56  9
 38 55 56  3
 29  9
 29 43  5
 29 43 84  1
 29 43 57  1
 29 41 42 84  1
 29 41 42 57  1
 28 83  49
 28 69 83  11
 28 69 81 82  15
 28 67 81  7
 28 67 79 80  7
 28 67 68 83  19
 28 67 68 81 82  23
 28 65 66 81  7
 28 65 66 79 80  7
 28 56  49
 28 56 69  11
 28 56 67 68  19
 28 54 67  7
 28 54 65 66  7
 28 42 83  11
 28 42 81 82  15
 28 42 56  11
 28 40 81  7
 28 40 79 80  7
 28 40 54  7
 27 28  11
 27 28 43  5
 27 28 43 84  1
 27 28 43 57  1
 27 28 41 42 84  1
 27 28 41 42 57  1
 16 82 83  3
 16 29  5
 16 29 84  1
 16 29 57  1
 16 27 28  5
 16 27 28 84  1
 16 27 28 57  1
 2  9
 2 43  5
 2 43 84  1
 2 43 57  1
 2 41 42 84  1
 2 41 42 57  1
 2 16  5
 2 16 84  1
 2 16 57  1
 79 80  469
 73 74  21
 55  77
 55 75  3
 55 73 74  3
 53 54  77
 53 54 75  3
 53 54 73 74  3
 48 55  3
 48 53 54  3
 41 42 55  33
 41 42 53 54  33
 30  15
 30 43  3
 30 41 42  3
 28 75  3
 28 73 74  3
 28 48  3
 28 41 42  33
 16 30  3
 118  1
 86  3
 85  23
 84  7
 84 85  3
 80 81 83  3
 80 81 82  3
 77  1
 74 75  1
 73  75
 73 74 76  1
 73 74 75  1
 69  21
 67  177
 67 68  21
 65 66  175
 62  11
 60 61  1
 58  23
 57 73 81  3
 57 73 79 80  3
 57 71 72 81  3
 57 71 72 79 80  3
 57 67  9
 57 65 66  9
 56 82  3
 56 80 81  3
 55 116  1
 55 84  3
 55 80 81 83  1
 55 80 81 82  1
 55 56 82  1
 55 56 80 81  1
 55 56 73  3
 55 56 71 72  3
 54 57 73  3
 54 57 71 72  3
 53 54 116  1
 53 54 84  3
 53 54 80 81 83  1
 53 54 80 81 82  1
 53 54 56 82  1
 53 54 56 80 81  1
 53 54 55 83  1
 53 54 55 81 82  1
 53 54 55 56  1
 50  1
 49  1
 49 75  1
 49 73 74  1
 48 76  1
 48 74 75  1
 48 49  1
 47 55  1
 47 53 54  1
 46  75
 46 57 81  3
 46 57 79 80  3
 46 55 56  3
 46 54 57  3
 43 84  1
 43 55 116  1
 43 55 83  3
 43 55 82 83  3
 43 55 80 81 83  1
 43 55 80 81 82  1
 43 55 71  1
 43 55 69  15
 43 55 69 107  1
 43 55 69 99  1
 43 55 69 97  1
 43 55 69 70  1
 43 55 67 68  15
 43 55 67 68 107  1
 43 55 67 68 99  1
 43 55 67 68 97  1
 43 55 57  3
 43 55 56 82  1
 43 55 56 80 81  1
 43 53 54 116  1
 43 53 54 82 83  3
 43 53 54 81 82  3
 43 53 54 80 81 83  1
 43 53 54 80 81 82  1
 43 53 54 71  1
 43 53 54 69  15
 43 53 54 69 107  1
 43 53 54 69 99  1
 43 53 54 69 97  1
 43 53 54 69 70  1
 43 53 54 67 68  15
 43 53 54 67 68 107  1
 43 53 54 67 68 99  1
 43 53 54 67 68 97  1
 43 53 54 57  3
 43 53 54 56 82  1
 43 53 54 56 80 81  1
 43 53 54 55 83  1
 43 53 54 55 81 82  1
 43 53 54 55 56  1
 43 48 55 69  1
 43 48 55 67 68  1
 43 48 53 54 69  1
 43 48 53 54 67 68  1
 43 47 55  1
 43 47 53 54  1
 43 44 55  1
 43 44 53 54  1
 42  21
 42 43 55  15
 42 43 55 107  1
 42 43 55 99  1
 42 43 55 97  1
 42 43 53 54  15
 42 43 53 54 107  1
 42 43 53 54 99  1
 42 43 53 54 97  1
 42 43 48 55  1
 42 43 48 53 54  1
 41 42 84  1
 41 42 55 116  1
 41 42 55 107  1
 41 42 55 99  1
 41 42 55 97  1
 41 42 55 83  3
 41 42 55 82 83  3
 41 42 55 80 81 83  1
 41 42 55 80 81 82  1
 41 42 55 71  1
 41 42 55 69  15
 41 42 55 69 107  1
 41 42 55 69 99  1
 41 42 55 69 97  1
 41 42 55 69 70  1
 41 42 55 67 68  15
 41 42 55 67 68 107  1
 41 42 55 67 68 99  1
 41 42 55 67 68 97  1
 41 42 55 57  3
 41 42 55 56 82  1
 41 42 55 56 80 81  1
 41 42 53 54 116  1
 41 42 53 54 107  1
 41 42 53 54 99  1
 41 42 53 54 97  1
 41 42 53 54 82 83  3
 41 42 53 54 81 82  3
 41 42 53 54 80 81 83  1
 41 42 53 54 80 81 82  1
 41 42 53 54 71  1
 41 42 53 54 69  15
 41 42 53 54 69 107  1
 41 42 53 54 69 99  1
 41 42 53 54 69 97  1
 41 42 53 54 69 70  1
 41 42 53 54 67 68  15
 41 42 53 54 67 68 107  1
 41 42 53 54 67 68 99  1
 41 42 53 54 67 68 97  1
 41 42 53 54 57  3
 41 42 53 54 56 82  1
 41 42 53 54 56 80 81  1
 41 42 53 54 55 83  1
 41 42 53 54 55 81 82  1
 41 42 53 54 55 56  1
 41 42 48 55  1
 41 42 48 55 69  1
 41 42 48 55 67 68  1
 41 42 48 53 54  1
 41 42 48 53 54 69  1
 41 42 48 53 54 67 68  1
 41 42 47 55  1
 41 42 47 53 54  1
 41 42 44 55  1
 41 42 44 53 54  1
 40  179
 40 57  9
 40 43 55 69  1
 40 43 55 67 68  1
 40 43 53 54 69  1
 40 43 53 54 67 68  1
 40 42 43 55  1
 40 42 43 53 54  1
 40 41 42 55  1
 40 41 42 55 69  1
 40 41 42 55 67 68  1
 40 41 42 53 54  1
 40 41 42 53 54 69  1
 40 41 42 53 54 67 68  1
 39 71  3
 39 69  7
 39 69 70  3
 39 67 68  7
 39 55  1
 39 53 54  1
 39 44  3
 39 43  1
 39 43 73  3
 39 43 71 72  3
 39 43 55  1
 39 43 53 54  1
 39 43 46  3
 39 42  7
 39 41 42  1
 39 41 42 73  3
 39 41 42 71 72  3
 39 41 42 55  1
 39 41 42 53 54  1
 39 41 42 46  3
 38 43 55 69  1
 38 43 55 67 68  1
 38 43 53 54 69  1
 38 43 53 54 67 68  1
 38 42 43 55  1
 38 42 43 53 54  1
 38 41 42 55  1
 38 41 42 55 69  1
 38 41 42 55 67 68  1
 38 41 42 53 54  1
 38 41 42 53 54 69  1
 38 41 42 53 54 67 68  1
 37 43 73 83  1
 37 43 73 81 82  1
 37 43 71 72 83  1
 37 43 71 72 81 82  1
 37 43 56 73  1
 37 43 56 71 72  1
 37 43 46 83  1
 37 43 46 81 82  1
 37 43 46 56  1
 37 41 42 73 83  1
 37 41 42 73 81 82  1
 37 41 42 71 72 83  1
 37 41 42 71 72 81 82  1
 37 41 42 56 73  1
 37 41 42 56 71 72  1
 37 41 42 46 83  1
 37 41 42 46 81 82  1
 37 41 42 46 56  1
 37 38 71  3
 37 38 69  7
 37 38 69 70  3
 37 38 67 68  7
 37 38 55  1
 37 38 53 54  1
 37 38 44  3
 37 38 43  1
 37 38 43 73  3
 37 38 43 71 72  3
 37 38 43 55  1
 37 38 43 53 54  1
 37 38 43 46  3
 37 38 42  7
 37 38 41 42  1
 37 38 41 42 73  3
 37 38 41 42 71 72  3
 37 38 41 42 55  1
 37 38 41 42 53 54  1
 37 38 41 42 46  3
 35  1
 35 36 43 73 83  1
 35 36 43 73 81 82  1
 35 36 43 71 72 83  1
 35 36 43 71 72 81 82  1
 35 36 43 56 73  1
 35 36 43 56 71 72  1
 35 36 43 46 83  1
 35 36 43 46 81 82  1
 35 36 43 46 56  1
 35 36 41 42 73 83  1
 35 36 41 42 73 81 82  1
 35 36 41 42 71 72 83  1
 35 36 41 42 71 72 81 82  1
 35 36 41 42 56 73  1
 35 36 41 42 56 71 72  1
 35 36 41 42 46 83  1
 35 36 41 42 46 81 82  1
 35 36 41 42 46 56  1
 30 43 55 69  1
 30 43 55 67 68  1
 30 43 53 54 69  1
 30 43 53 54 67 68  1
 30 42 43 55  1
 30 42 43 53 54  1
 30 41 42 55  1
 30 41 42 55 69  1
 30 41 42 55 67 68  1
 30 41 42 53 54  1
 30 41 42 53 54 69  1
 30 41 42 53 54 67 68  1
 28 116  1
 28 84  3
 28 80 81 83  1
 28 80 81 82  1
 28 56 82  1
 28 56 80 81  1
 28 55 83  1
 28 55 81 82  1
 28 55 56  1
 28 47  1
 28 43 116  1
 28 43 82 83  3
 28 43 81 82  3
 28 43 80 81 83  1
 28 43 80 81 82  1
 28 43 71  1
 28 43 69  15
 28 43 69 107  1
 28 43 69 99  1
 28 43 69 97  1
 28 43 69 70  1
 28 43 67 68  15
 28 43 67 68 107  1
 28 43 67 68 99  1
 28 43 67 68 97  1
 28 43 57  3
 28 43 56 82  1
 28 43 56 80 81  1
 28 43 55 83  1
 28 43 55 81 82  1
 28 43 55 56  1
 28 43 48 69  1
 28 43 48 67 68  1
 28 43 47  1
 28 43 44  1
 28 42 43  15
 28 42 43 107  1
 28 42 43 99  1
 28 42 43 97  1
 28 42 43 48  1
 28 41 42 116  1
 28 41 42 107  1
 28 41 42 99  1
 28 41 42 97  1
 28 41 42 82 83  3
 28 41 42 81 82  3
 28 41 42 80 81 83  1
 28 41 42 80 81 82  1
 28 41 42 71  1
 28 41 42 69  15
 28 41 42 69 107  1
 28 41 42 69 99  1
 28 41 42 69 97  1
 28 41 42 69 70  1
 28 41 42 67 68  15
 28 41 42 67 68 107  1
 28 41 42 67 68 99  1
 28 41 42 67 68 97  1
 28 41 42 57  3
 28 41 42 56 82  1
 28 41 42 56 80 81  1
 28 41 42 55 83  1
 28 41 42 55 81 82  1
 28 41 42 55 56  1
 28 41 42 48  1
 28 41 42 48 69  1
 28 41 42 48 67 68  1
 28 41 42 47  1
 28 41 42 44  1
 28 40 43 69  1
 28 40 43 67 68  1
 28 40 42 43  1
 28 40 41 42  1
 28 40 41 42 69  1
 28 40 41 42 67 68  1
 28 39  1
 28 39 43  1
 28 39 41 42  1
 28 38 43 69  1
 28 38 43 67 68  1
 28 38 42 43  1
 28 38 41 42  1
 28 38 41 42 69  1
 28 38 41 42 67 68  1
 28 37 38  1
 28 37 38 43  1
 28 37 38 41 42  1
 28 30 43 69  1
 28 30 43 67 68  1
 28 30 42 43  1
 28 30 41 42  1
 28 30 41 42 69  1
 28 30 41 42 67 68  1
 16 84  1
 16 55 116  1
 16 55 83  3
 16 55 82 83  3
 16 55 80 81 83  1
 16 55 80 81 82  1
 16 55 71  1
 16 55 69  15
 16 55 69 107  1
 16 55 69 99  1
 16 55 69 97  1
 16 55 69 70  1
 16 55 67 68  15
 16 55 67 68 107  1
 16 55 67 68 99  1
 16 55 67 68 97  1
 16 55 57  3
 16 55 56 82  1
 16 55 56 80 81  1
 16 53 54 116  1
 16 53 54 82 83  3
 16 53 54 81 82  3
 16 53 54 80 81 83  1
 16 53 54 80 81 82  1
 16 53 54 71  1
 16 53 54 69  15
 16 53 54 69 107  1
 16 53 54 69 99  1
 16 53 54 69 97  1
 16 53 54 69 70  1
 16 53 54 67 68  15
 16 53 54 67 68 107  1
 16 53 54 67 68 99  1
 16 53 54 67 68 97  1
 16 53 54 57  3
 16 53 54 56 82  1
 16 53 54 56 80 81  1
 16 53 54 55 83  1
 16 53 54 55 81 82  1
 16 53 54 55 56  1
 16 48 55 69  1
 16 48 55 67 68  1
 16 48 53 54 69  1
 16 48 53 54 67 68  1
 16 47 55  1
 16 47 53 54  1
 16 44 55  1
 16 44 53 54  1
 16 42 55  15
 16 42 55 107  1
 16 42 55 99  1
 16 42 55 97  1
 16 42 53 54  15
 16 42 53 54 107  1
 16 42 53 54 99  1
 16 42 53 54 97  1
 16 42 48 55  1
 16 42 48 53 54  1
 16 40 55 69  1
 16 40 55 67 68  1
 16 40 53 54 69  1
 16 40 53 54 67 68  1
 16 40 42 55  1
 16 40 42 53 54  1
 16 39  1
 16 39 73  3
 16 39 71 72  3
 16 39 55  1
 16 39 53 54  1
 16 39 46  3
 16 38 55 69  1
 16 38 55 67 68  1
 16 38 53 54 69  1
 16 38 53 54 67 68  1
 16 38 42 55  1
 16 38 42 53 54  1
 16 37 73 83  1
 16 37 73 81 82  1
 16 37 71 72 83  1
 16 37 71 72 81 82  1
 16 37 56 73  1
 16 37 56 71 72  1
 16 37 46 83  1
 16 37 46 81 82  1
 16 37 46 56  1
 16 37 38  1
 16 37 38 73  3
 16 37 38 71 72  3
 16 37 38 55  1
 16 37 38 53 54  1
 16 37 38 46  3
 16 35 36 73 83  1
 16 35 36 73 81 82  1
 16 35 36 71 72 83  1
 16 35 36 71 72 81 82  1
 16 35 36 56 73  1
 16 35 36 56 71 72  1
 16 35 36 46 83  1
 16 35 36 46 81 82  1
 16 35 36 46 56  1
 16 30 55 69  1
 16 30 55 67 68  1
 16 30 53 54 69  1
 16 30 53 54 67 68  1
 16 30 42 55  1
 16 30 42 53 54  1
 16 28 116  1
 16 28 82 83  3
 16 28 81 82  3
 16 28 80 81 83  1
 16 28 80 81 82  1
 16 28 71  1
 16 28 69  15
 16 28 69 107  1
 16 28 69 99  1
 16 28 69 97  1
 16 28 69 70  1
 16 28 67 68  15
 16 28 67 68 107  1
 16 28 67 68 99  1
 16 28 67 68 97  1
 16 28 57  3
 16 28 56 82  1
 16 28 56 80 81  1
 16 28 55 83  1
 16 28 55 81 82  1
 16 28 55 56  1
 16 28 48 69  1
 16 28 48 67 68  1
 16 28 47  1
 16 28 44  1
 16 28 42  15
 16 28 42 107  1
 16 28 42 99  1
 16 28 42 97  1
 16 28 42 48  1
 16 28 40 69  1
 16 28 40 67 68  1
 16 28 40 42  1
 16 28 39  1
 16 28 38 69  1
 16 28 38 67 68  1
 16 28 38 42  1
 16 28 37 38  1
 16 28 30 69  1
 16 28 30 67 68  1
 16 28 30 42  1
 12 71  3
 12 69  7
 12 69 70  3
 12 67 68  7
 12 55  1
 12 53 54  1
 12 44  3
 12 43  1
 12 43 73  3
 12 43 71 72  3
 12 43 55  1
 12 43 53 54  1
 12 43 46  3
 12 42  7
 12 41 42  1
 12 41 42 73  3
 12 41 42 71 72  3
 12 41 42 55  1
 12 41 42 53 54  1
 12 41 42 46  3
 12 28  1
 12 28 43  1
 12 28 41 42  1
 12 16  1
 12 16 73  3
 12 16 71 72  3
 12 16 55  1
 12 16 53 54  1
 12 16 46  3
 12 16 28  1
 10 43 73 83  1
 10 43 73 81 82  1
 10 43 71 72 83  1
 10 43 71 72 81 82  1
 10 43 56 73  1
 10 43 56 71 72  1
 10 43 46 83  1
 10 43 46 81 82  1
 10 43 46 56  1
 10 41 42 73 83  1
 10 41 42 73 81 82  1
 10 41 42 71 72 83  1
 10 41 42 71 72 81 82  1
 10 41 42 56 73  1
 10 41 42 56 71 72  1
 10 41 42 46 83  1
 10 41 42 46 81 82  1
 10 41 42 46 56  1
 10 16 73 83  1
 10 16 73 81 82  1
 10 16 71 72 83  1
 10 16 71 72 81 82  1
 10 16 56 73  1
 10 16 56 71 72  1
 10 16 46 83  1
 10 16 46 81 82  1
 10 16 46 56  1
 60  211
 75 81 88  1
 75 81 87  1
 75 81 86 87  1
 75 81 85 86  1
 75 79 80 88  1
 75 79 80 87  1
 75 79 80 86 87  1
 75 79 80 85 86  1
 73 75 81  1
 73 75 79 80  1
 73 74 81  55
 73 74 81 88  1
 73 74 81 87  1
 73 74 81 86 87  1
 73 74 81 85 86  1
 73 74 79 80  55
 73 74 79 80 88  1
 73 74 79 80 87  1
 73 74 79 80 86 87  1
 73 74 79 80 85 86  1
 71 72 75 81  1
 71 72 75 79 80  1
 71 72 73 74 81  1
 71 72 73 74 79 80  1
 61 75 81  1
 61 75 79 80  1
 61 73 74 81  1
 61 73 74 79 80  1
 60 75 81  1
 60 75 79 80  1
 60 73 74 81  1
 60 73 74 79 80  1
 54 75 88  1
 54 75 87  1
 54 75 86 87  1
 54 75 85 86  1
 54 73 75  1
 54 73 74  55
 54 73 74 88  1
 54 73 74 87  1
 54 73 74 86 87  1
 54 73 74 85 86  1
 54 71 72 75  1
 54 71 72 73 74  1
 54 61 75  1
 54 61 73 74  1
 54 60 75  1
 54 60 73 74  1
 48 81 88  1
 48 81 87  1
 48 81 86 87  1
 48 81 85 86  1
 48 79 80 88  1
 48 79 80 87  1
 48 79 80 86 87  1
 48 79 80 85 86  1
 48 73 81  1
 48 73 79 80  1
 48 71 72 81  1
 48 71 72 79 80  1
 48 61 81  1
 48 61 79 80  1
 48 60 81  1
 48 60 79 80  1
 48 54 88  1
 48 54 87  1
 48 54 86 87  1
 48 54 85 86  1
 48 54 73  1
 48 54 71 72  1
 48 54 61  1
 48 54 60  1
 46 75 81  1
 46 75 79 80  1
 46 73 74 81  1
 46 73 74 79 80  1
 46 54 75  1
 46 54 73 74  1
 46 48 81  1
 46 48 79 80  1
 46 48 54  1
 37 43 75 81  1
 37 43 75 79 80  1
 37 43 73 74 81  1
 37 43 73 74 79 80  1
 37 43 54 75  1
 37 43 54 73 74  1
 37 43 48 81  1
 37 43 48 79 80  1
 37 43 48 54  1
 37 41 42 75 81  1
 37 41 42 75 79 80  1
 37 41 42 73 74 81  1
 37 41 42 73 74 79 80  1
 37 41 42 54 75  1
 37 41 42 54 73 74  1
 37 41 42 48 81  1
 37 41 42 48 79 80  1
 37 41 42 48 54  1
 35 36 43 75 81  1
 35 36 43 75 79 80  1
 35 36 43 73 74 81  1
 35 36 43 73 74 79 80  1
 35 36 43 54 75  1
 35 36 43 54 73 74  1
 35 36 43 48 81  1
 35 36 43 48 79 80  1
 35 36 43 48 54  1
 35 36 41 42 75 81  1
 35 36 41 42 75 79 80  1
 35 36 41 42 73 74 81  1
 35 36 41 42 73 74 79 80  1
 35 36 41 42 54 75  1
 35 36 41 42 54 73 74  1
 35 36 41 42 48 81  1
 35 36 41 42 48 79 80  1
 35 36 41 42 48 54  1
 16 37 75 81  1
 16 37 75 79 80  1
 16 37 73 74 81  1
 16 37 73 74 79 80  1
 16 37 54 75  1
 16 37 54 73 74  1
 16 37 48 81  1
 16 37 48 79 80  1
 16 37 48 54  1
 16 35 36 75 81  1
 16 35 36 75 79 80  1
 16 35 36 73 74 81  1
 16 35 36 73 74 79 80  1
 16 35 36 54 75  1
 16 35 36 54 73 74  1
 16 35 36 48 81  1
 16 35 36 48 79 80  1
 16 35 36 48 54  1
 10 43 75 81  1
 10 43 75 79 80  1
 10 43 73 74 81  1
 10 43 73 74 79 80  1
 10 43 54 75  1
 10 43 54 73 74  1
 10 43 48 81  1
 10 43 48 79 80  1
 10 43 48 54  1
 10 41 42 75 81  1
 10 41 42 75 79 80  1
 10 41 42 73 74 81  1
 10 41 42 73 74 79 80  1
 10 41 42 54 75  1
 10 41 42 54 73 74  1
 10 41 42 48 81  1
 10 41 42 48 79 80  1
 10 41 42 48 54  1
 10 16 75 81  1
 10 16 75 79 80  1
 10 16 73 74 81  1
 10 16 73 74 79 80  1
 10 16 54 75  1
 10 16 54 73 74  1
 10 16 48 81  1
 10 16 48 79 80  1
 10 16 48 54  1
 69 81  33
 69 79 80  33
 67 68 81  37
 67 68 79 80  37
 54 69  33
 54 67 68  37
 42 81  33
 42 79 80  33
 42 54  33
 43 73  1
 43 71 72  1
 43 46  1
 41 42 73  1
 41 42 71 72  1
 41 42 46  1
 16 73  1
 16 71 72  1
 16 46  1
 73 83 84  11
 71 72 83 84  11
 57 73 83  5
 57 73 81 82  5
 57 71 72 83  5
 57 71 72 81 82  5
 56 57 73  5
 56 57 71 72  5
 46 83 84  11
 46 57 83  5
 46 57 81 82  5
 46 56 57  5
 67 77 83  1
 67 77 81 82  1
 67 75 76 83  1
 67 75 76 81 82  1
 65 66 77 83  1
 65 66 77 81 82  1
 65 66 75 76 83  1
 65 66 75 76 81 82  1
 57 67 75  1
 57 67 73 74  1
 57 65 66 75  1
 57 65 66 73 74  1
 56 67 77  1
 56 67 75 76  1
 56 65 66 77  1
 56 65 66 75 76  1
 55 56 67 75  1
 55 56 67 73 74  1
 55 56 65 66 75  1
 55 56 65 66 73 74  1
 50 67 83  1
 50 67 81 82  1
 50 65 66 83  1
 50 65 66 81 82  1
 50 56 67  1
 50 56 65 66  1
 48 57 67  1
 48 57 65 66  1
 48 55 56 67  1
 48 55 56 65 66  1
 41 67 75  1
 41 67 73 74  1
 41 65 66 75  1
 41 65 66 73 74  1
 41 48 67  1
 41 48 65 66  1
 40 77 83  1
 40 77 81 82  1
 40 75 76 83  1
 40 75 76 81 82  1
 40 57 75  1
 40 57 73 74  1
 40 56 77  1
 40 56 75 76  1
 40 55 56 75  1
 40 55 56 73 74  1
 40 50 83  1
 40 50 81 82  1
 40 50 56  1
 40 48 57  1
 40 48 55 56  1
 40 41 75  1
 40 41 73 74  1
 40 41 48  1
 39 40  5
 39 40 75  3
 39 40 73 74  3
 39 40 67 75  1
 39 40 67 73 74  1
 39 40 65 66 75  1
 39 40 65 66 73 74  1
 39 40 48  3
 39 40 48 67  1
 39 40 48 65 66  1
 30 67 75  1
 30 67 73 74  1
 30 65 66 75  1
 30 65 66 73 74  1
 30 48 67  1
 30 48 65 66  1
 30 40 75  1
 30 40 73 74  1
 30 40 48  1
 14 67 75  1
 14 67 73 74  1
 14 65 66 75  1
 14 65 66 73 74  1
 14 48 67  1
 14 48 65 66  1
 14 40 75  1
 14 40 73 74  1
 14 40 48  1
 43 73 81  9
 43 73 79 80  9
 43 71 72 81  9
 43 71 72 79 80  9
 43 54 73  9
 43 54 71 72  9
 43 46 81  9
 43 46 79 80  9
 43 46 54  9
 73 81 85  1
 73 81 83 84  1
 73 79 80 85  1
 73 79 80 83 84  1
 71 72 81 85  1
 71 72 81 83 84  1
 71 72 79 80 85  1
 71 72 79 80 83 84  1
 58 73 81  1
 58 73 79 80  1
 58 71 72 81  1
 58 71 72 79 80  1
 54 73 85  1
 54 73 83 84  1
 54 71 72 85  1
 54 71 72 83 84  1
 54 58 73  1
 54 58 71 72  1
 46 81 85  1
 46 81 83 84  1
 46 79 80 85  1
 46 79 80 83 84  1
 46 58 81  1
 46 58 79 80  1
 46 54 85  1
 46 54 83 84  1
 46 54 58  1
 37 81  25
 37 79 80  29
 37 54  25
 35 36 81  25
 35 36 79 80  29
 35 36 54  25
 10 81  25
 10 79 80  29
 10 54  25
 65 73 81  3
 65 73 79 80  3
 65 71 72 81  3
 65 71 72 79 80  3
 63 64 73 81  3
 63 64 73 79 80  3
 63 64 71 72 81  3
 63 64 71 72 79 80  3
 54 65 73  3
 54 65 71 72  3
 54 63 64 73  3
 54 63 64 71 72  3
 46 65 81  3
 46 65 79 80  3
 46 63 64 81  3
 46 63 64 79 80  3
 46 54 65  3
 46 54 63 64  3
 38 73 81  3
 38 73 79 80  3
 38 71 72 81  3
 38 71 72 79 80  3
 38 54 73  3
 38 54 71 72  3
 38 46 81  3
 38 46 79 80  3
 38 46 54  3
 79 87  1
 79 85 86  1
 77 78 87  1
 77 78 85 86  1
 60 79  1
 60 77 78  1
 52 87  1
 52 85 86  1
 52 60  1
 29 81 87  1
 29 81 85 86  1
 29 79 80 87  1
 29 79 80 85 86  1
 29 60 81  1
 29 60 79 80  1
 29 54 87  1
 29 54 85 86  1
 29 54 60  1
 27 28 81 87  1
 27 28 81 85 86  1
 27 28 79 80 87  1
 27 28 79 80 85 86  1
 27 28 60 81  1
 27 28 60 79 80  1
 27 28 54 87  1
 27 28 54 85 86  1
 27 28 54 60  1
 2 81 87  1
 2 81 85 86  1
 2 79 80 87  1
 2 79 80 85 86  1
 2 60 81  1
 2 60 79 80  1
 2 54 87  1
 2 54 85 86  1
 2 54 60  1
 67 83 87  1
 67 83 85 88  1
 67 83 85 86  1
 67 83 85 86 87  1
 67 83 84 88  1
 67 83 84 86 87  1
 67 81 82 87  1
 67 81 82 85 88  1
 67 81 82 85 86  1
 67 81 82 85 86 87  1
 67 81 82 83 84 88  1
 67 81 82 83 84 86 87  1
 67 75 83  13
 67 75 81 82  13
 67 73 74 83  13
 67 73 74 81 82  13
 65 66 83 87  1
 65 66 83 85 88  1
 65 66 83 85 86  1
 65 66 83 85 86 87  1
 65 66 83 84 88  1
 65 66 83 84 86 87  1
 65 66 81 82 87  1
 65 66 81 82 85 88  1
 65 66 81 82 85 86  1
 65 66 81 82 85 86 87  1
 65 66 81 82 83 84 88  1
 65 66 81 82 83 84 86 87  1
 65 66 75 83  13
 65 66 75 81 82  13
 65 66 73 74 83  13
 65 66 73 74 81 82  13
 61 67 83 85  1
 61 67 83 84  1
 61 67 81 82 85  1
 61 67 81 82 83 84  1
 61 65 66 83 85  1
 61 65 66 83 84  1
 61 65 66 81 82 85  1
 61 65 66 81 82 83 84  1
 60 67 83  1
 60 67 81 82  1
 60 65 66 83  1
 60 65 66 81 82  1
 58 67 83 88  1
 58 67 83 86 87  1
 58 67 81 82 88  1
 58 67 81 82 86 87  1
 58 65 66 83 88  1
 58 65 66 83 86 87  1
 58 65 66 81 82 88  1
 58 65 66 81 82 86 87  1
 58 61 67 83  1
 58 61 67 81 82  1
 58 61 65 66 83  1
 58 61 65 66 81 82  1
 57 67 81  7
 57 67 79 80  7
 57 67 69  1
 57 67 68  1
 57 65 66 81  7
 57 65 66 79 80  7
 57 65 66 69  1
 57 65 66 67 68  1
 56 67 87  1
 56 67 85 88  1
 56 67 85 86  1
 56 67 85 86 87  1
 56 67 83 84 88  1
 56 67 83 84 86 87  1
 56 67 75  13
 56 67 73 74  13
 56 65 66 87  1
 56 65 66 85 88  1
 56 65 66 85 86  1
 56 65 66 85 86 87  1
 56 65 66 83 84 88  1
 56 65 66 83 84 86 87  1
 56 65 66 75  13
 56 65 66 73 74  13
 56 61 67 85  1
 56 61 67 83 84  1
 56 61 65 66 85  1
 56 61 65 66 83 84  1
 56 60 67  1
 56 60 65 66  1
 56 58 67 88  1
 56 58 67 86 87  1
 56 58 65 66 88  1
 56 58 65 66 86 87  1
 56 58 61 67  1
 56 58 61 65 66  1
 54 57 67  7
 54 57 65 66  7
 48 67 83  13
 48 67 81 82  13
 48 65 66 83  13
 48 65 66 81 82  13
 48 56 67  13
 48 56 65 66  13
 43 67 83  1
 43 67 81 82  1
 43 65 66 83  1
 43 65 66 81 82  1
 43 56 67  1
 43 56 65 66  1
 42 57 67  1
 42 57 65 66  1
 41 42 67 83  1
 41 42 67 81 82  1
 41 42 65 66 83  1
 41 42 65 66 81 82  1
 41 42 56 67  1
 41 42 56 65 66  1
 40 83 87  1
 40 83 85 88  1
 40 83 85 86  1
 40 83 85 86 87  1
 40 83 84 88  1
 40 83 84 86 87  1
 40 81 82 87  1
 40 81 82 85 88  1
 40 81 82 85 86  1
 40 81 82 85 86 87  1
 40 81 82 83 84 88  1
 40 81 82 83 84 86 87  1
 40 75 83  13
 40 75 81 82  13
 40 73 74 83  13
 40 73 74 81 82  13
 40 61 83 85  1
 40 61 83 84  1
 40 61 81 82 85  1
 40 61 81 82 83 84  1
 40 60 83  1
 40 60 81 82  1
 40 58 83 88  1
 40 58 83 86 87  1
 40 58 81 82 88  1
 40 58 81 82 86 87  1
 40 58 61 83  1
 40 58 61 81 82  1
 40 57 81  7
 40 57 79 80  7
 40 57 69  1
 40 57 67 68  1
 40 56 87  1
 40 56 85 88  1
 40 56 85 86  1
 40 56 85 86 87  1
 40 56 83 84 88  1
 40 56 83 84 86 87  1
 40 56 75  13
 40 56 73 74  13
 40 56 61 85  1
 40 56 61 83 84  1
 40 56 60  1
 40 56 58 88  1
 40 56 58 86 87  1
 40 56 58 61  1
 40 54 57  7
 40 48 83  13
 40 48 81 82  13
 40 48 56  13
 40 43 83  1
 40 43 81 82  1
 40 43 56  1
 40 42 57  1
 40 41 42 83  1
 40 41 42 81 82  1
 40 41 42 56  1
 30 67  1
 30 67 69  1
 30 67 68  1
 30 65 66  1
 30 65 66 69  1
 30 65 66 67 68  1
 30 42 67  1
 30 42 65 66  1
 30 40  1
 30 40 69  1
 30 40 67 68  1
 30 40 42  1
 16 67 83  1
 16 67 81 82  1
 16 65 66 83  1
 16 65 66 81 82  1
 16 56 67  1
 16 56 65 66  1
 16 40 83  1
 16 40 81 82  1
 16 40 56  1
 75 87  27
 75 85 86  27
 73 74 87  27
 73 74 85 86  27
 60 75  27
 60 73 74  27
 48 87  27
 48 85 86  27
 48 60  27
 41 57  3
 41 55 56  5
 39 40 57  3
 39 40 55 56  5
 30 41  3
 30 39 40  3
 14 57  3
 14 55 56  5
 14 30  3
 29 43 81 82  3
 29 43 80 81 83  1
 29 43 80 81 82  1
 29 43 69  1
 29 43 67 68  1
 29 43 56 82  1
 29 43 56 80 81  1
 29 43 55 83  1
 29 43 55 81 82  1
 29 43 55 67 69  1
 29 43 55 67 68  1
 29 43 55 65 66 69  1
 29 43 55 65 66 67 68  1
 29 43 55 56  1
 29 43 53 54 67 69  1
 29 43 53 54 67 68  1
 29 43 53 54 65 66 69  1
 29 43 53 54 65 66 67 68  1
 29 42 43  1
 29 42 43 55 67  1
 29 42 43 55 65 66  1
 29 42 43 53 54 67  1
 29 42 43 53 54 65 66  1
 29 41 42 81 82  3
 29 41 42 80 81 83  1
 29 41 42 80 81 82  1
 29 41 42 69  1
 29 41 42 67 68  1
 29 41 42 56 82  1
 29 41 42 56 80 81  1
 29 41 42 55 83  1
 29 41 42 55 81 82  1
 29 41 42 55 67  1
 29 41 42 55 67 69  1
 29 41 42 55 67 68  1
 29 41 42 55 65 66  1
 29 41 42 55 65 66 69  1
 29 41 42 55 65 66 67 68  1
 29 41 42 55 56  1
 29 41 42 53 54 67  1
 29 41 42 53 54 67 69  1
 29 41 42 53 54 67 68  1
 29 41 42 53 54 65 66  1
 29 41 42 53 54 65 66 69  1
 29 41 42 53 54 65 66 67 68  1
 29 40 43 55 69  1
 29 40 43 55 67 68  1
 29 40 43 53 54 69  1
 29 40 43 53 54 67 68  1
 29 40 42 43 55  1
 29 40 42 43 53 54  1
 29 40 41 42 55  1
 29 40 41 42 55 69  1
 29 40 41 42 55 67 68  1
 29 40 41 42 53 54  1
 29 40 41 42 53 54 69  1
 29 40 41 42 53 54 67 68  1
 29 39 43  1
 29 39 41 42  1
 29 37 38 43  1
 29 37 38 41 42  1
 28 29 43 67 69  1
 28 29 43 67 68  1
 28 29 43 65 66 69  1
 28 29 43 65 66 67 68  1
 28 29 42 43 67  1
 28 29 42 43 65 66  1
 28 29 41 42 67  1
 28 29 41 42 67 69  1
 28 29 41 42 67 68  1
 28 29 41 42 65 66  1
 28 29 41 42 65 66 69  1
 28 29 41 42 65 66 67 68  1
 28 29 40 43 69  1
 28 29 40 43 67 68  1
 28 29 40 42 43  1
 28 29 40 41 42  1
 28 29 40 41 42 69  1
 28 29 40 41 42 67 68  1
 27 28 43 81 82  3
 27 28 43 80 81 83  1
 27 28 43 80 81 82  1
 27 28 43 69  1
 27 28 43 67 69  1
 27 28 43 65 66 69  1
 27 28 43 65 66 67 68  1
 27 28 43 56 82  1
 27 28 43 56 80 81  1
 27 28 43 55 83  1
 27 28 43 55 81 82  1
 27 28 43 55 67 69  1
 27 28 43 55 67 68  1
 27 28 43 55 65 66 69  1
 27 28 43 55 65 66 67 68  1
 27 28 43 55 56  1
 27 28 43 53 54 67 69  1
 27 28 43 53 54 67 68  1
 27 28 43 53 54 65 66 69  1
 27 28 43 53 54 65 66 67 68  1
 27 28 42 43  1
 27 28 42 43 67  1
 27 28 42 43 65 66  1
 27 28 42 43 55 67  1
 27 28 42 43 55 65 66  1
 27 28 42 43 53 54 67  1
 27 28 42 43 53 54 65 66  1
 27 28 41 42 81 82  3
 27 28 41 42 80 81 83  1
 27 28 41 42 80 81 82  1
 27 28 41 42 69  1
 27 28 41 42 67  1
 27 28 41 42 67 69  1
 27 28 41 42 65 66  1
 27 28 41 42 65 66 69  1
 27 28 41 42 65 66 67 68  1
 27 28 41 42 56 82  1
 27 28 41 42 56 80 81  1
 27 28 41 42 55 83  1
 27 28 41 42 55 81 82  1
 27 28 41 42 55 67  1
 27 28 41 42 55 67 69  1
 27 28 41 42 55 67 68  1
 27 28 41 42 55 65 66  1
 27 28 41 42 55 65 66 69  1
 27 28 41 42 55 65 66 67 68  1
 27 28 41 42 55 56  1
 27 28 41 42 53 54 67  1
 27 28 41 42 53 54 67 69  1
 27 28 41 42 53 54 67 68  1
 27 28 41 42 53 54 65 66  1
 27 28 41 42 53 54 65 66 69  1
 27 28 41 42 53 54 65 66 67 68  1
 27 28 40 43 69  1
 27 28 40 43 67 68  1
 27 28 40 43 55 69  1
 27 28 40 43 55 67 68  1
 27 28 40 43 53 54 69  1
 27 28 40 43 53 54 67 68  1
 27 28 40 42 43  1
 27 28 40 42 43 55  1
 27 28 40 42 43 53 54  1
 27 28 40 41 42  1
 27 28 40 41 42 69  1
 27 28 40 41 42 67 68  1
 27 28 40 41 42 55  1
 27 28 40 41 42 55 69  1
 27 28 40 41 42 55 67 68  1
 27 28 40 41 42 53 54  1
 27 28 40 41 42 53 54 69  1
 27 28 40 41 42 53 54 67 68  1
 27 28 39 43  1
 27 28 39 41 42  1
 27 28 37 38 43  1
 27 28 37 38 41 42  1
 16 29 81 82  3
 16 29 80 81 83  1
 16 29 80 81 82  1
 16 29 69  1
 16 29 67 68  1
 16 29 56 82  1
 16 29 56 80 81  1
 16 29 55 83  1
 16 29 55 81 82  1
 16 29 55 67 69  1
 16 29 55 67 68  1
 16 29 55 65 66 69  1
 16 29 55 65 66 67 68  1
 16 29 55 56  1
 16 29 53 54 67 69  1
 16 29 53 54 67 68  1
 16 29 53 54 65 66 69  1
 16 29 53 54 65 66 67 68  1
 16 29 42  1
 16 29 42 55 67  1
 16 29 42 55 65 66  1
 16 29 42 53 54 67  1
 16 29 42 53 54 65 66  1
 16 29 40 55 69  1
 16 29 40 55 67 68  1
 16 29 40 53 54 69  1
 16 29 40 53 54 67 68  1
 16 29 40 42 55  1
 16 29 40 42 53 54  1
 16 29 39  1
 16 29 37 38  1
 16 28 29 67 69  1
 16 28 29 67 68  1
 16 28 29 65 66 69  1
 16 28 29 65 66 67 68  1
 16 28 29 42 67  1
 16 28 29 42 65 66  1
 16 28 29 40 69  1
 16 28 29 40 67 68  1
 16 28 29 40 42  1
 16 27 28 81 82  3
 16 27 28 80 81 83  1
 16 27 28 80 81 82  1
 16 27 28 69  1
 16 27 28 67 69  1
 16 27 28 65 66 69  1
 16 27 28 65 66 67 68  1
 16 27 28 56 82  1
 16 27 28 56 80 81  1
 16 27 28 55 83  1
 16 27 28 55 81 82  1
 16 27 28 55 67 69  1
 16 27 28 55 67 68  1
 16 27 28 55 65 66 69  1
 16 27 28 55 65 66 67 68  1
 16 27 28 55 56  1
 16 27 28 53 54 67 69  1
 16 27 28 53 54 67 68  1
 16 27 28 53 54 65 66 69  1
 16 27 28 53 54 65 66 67 68  1
 16 27 28 42  1
 16 27 28 42 67  1
 16 27 28 42 65 66  1
 16 27 28 42 55 67  1
 16 27 28 42 55 65 66  1
 16 27 28 42 53 54 67  1
 16 27 28 42 53 54 65 66  1
 16 27 28 40 69  1
 16 27 28 40 67 68  1
 16 27 28 40 55 69  1
 16 27 28 40 55 67 68  1
 16 27 28 40 53 54 69  1
 16 27 28 40 53 54 67 68  1
 16 27 28 40 42  1
 16 27 28 40 42 55  1
 16 27 28 40 42 53 54  1
 16 27 28 39  1
 16 27 28 37 38  1
 12 29 43  1
 12 29 41 42  1
 12 27 28 43  1
 12 27 28 41 42  1
 12 16 29  1
 12 16 27 28  1
 2 43 81 82  3
 2 43 80 81 83  1
 2 43 80 81 82  1
 2 43 69  1
 2 43 67 68  1
 2 43 56 82  1
 2 43 56 80 81  1
 2 43 55 83  1
 2 43 55 81 82  1
 2 43 55 67 69  1
 2 43 55 67 68  1
 2 43 55 65 66 69  1
 2 43 55 65 66 67 68  1
 2 43 55 56  1
 2 43 53 54 67 69  1
 2 43 53 54 67 68  1
 2 43 53 54 65 66 69  1
 2 43 53 54 65 66 67 68  1
 2 42 43  1
 2 42 43 55 67  1
 2 42 43 55 65 66  1
 2 42 43 53 54 67  1
 2 42 43 53 54 65 66  1
 2 41 42 81 82  3
 2 41 42 80 81 83  1
 2 41 42 80 81 82  1
 2 41 42 69  1
 2 41 42 67 68  1
 2 41 42 56 82  1
 2 41 42 56 80 81  1
 2 41 42 55 83  1
 2 41 42 55 81 82  1
 2 41 42 55 67  1
 2 41 42 55 67 69  1
 2 41 42 55 67 68  1
 2 41 42 55 65 66  1
 2 41 42 55 65 66 69  1
 2 41 42 55 65 66 67 68  1
 2 41 42 55 56  1
 2 41 42 53 54 67  1
 2 41 42 53 54 67 69  1
 2 41 42 53 54 67 68  1
 2 41 42 53 54 65 66  1
 2 41 42 53 54 65 66 69  1
 2 41 42 53 54 65 66 67 68  1
 2 40 43 55 69  1
 2 40 43 55 67 68  1
 2 40 43 53 54 69  1
 2 40 43 53 54 67 68  1
 2 40 42 43 55  1
 2 40 42 43 53 54  1
 2 40 41 42 55  1
 2 40 41 42 55 69  1
 2 40 41 42 55 67 68  1
 2 40 41 42 53 54  1
 2 40 41 42 53 54 69  1
 2 40 41 42 53 54 67 68  1
 2 39 43  1
 2 39 41 42  1
 2 37 38 43  1
 2 37 38 41 42  1
 2 28 43 67 69  1
 2 28 43 67 68  1
 2 28 43 65 66 69  1
 2 28 43 65 66 67 68  1
 2 28 42 43 67  1
 2 28 42 43 65 66  1
 2 28 41 42 67  1
 2 28 41 42 67 69  1
 2 28 41 42 67 68  1
 2 28 41 42 65 66  1
 2 28 41 42 65 66 69  1
 2 28 41 42 65 66 67 68  1
 2 28 40 43 69  1
 2 28 40 43 67 68  1
 2 28 40 42 43  1
 2 28 40 41 42  1
 2 28 40 41 42 69  1
 2 28 40 41 42 67 68  1
 2 16 81 82  3
 2 16 80 81 83  1
 2 16 80 81 82  1
 2 16 69  1
 2 16 67 68  1
 2 16 56 82  1
 2 16 56 80 81  1
 2 16 55 83  1
 2 16 55 81 82  1
 2 16 55 67 69  1
 2 16 55 67 68  1
 2 16 55 65 66 69  1
 2 16 55 65 66 67 68  1
 2 16 55 56  1
 2 16 53 54 67 69  1
 2 16 53 54 67 68  1
 2 16 53 54 65 66 69  1
 2 16 53 54 65 66 67 68  1
 2 16 42  1
 2 16 42 55 67  1
 2 16 42 55 65 66  1
 2 16 42 53 54 67  1
 2 16 42 53 54 65 66  1
 2 16 40 55 69  1
 2 16 40 55 67 68  1
 2 16 40 53 54 69  1
 2 16 40 53 54 67 68  1
 2 16 40 42 55  1
 2 16 40 42 53 54  1
 2 16 39  1
 2 16 37 38  1
 2 16 28 67 69  1
 2 16 28 67 68  1
 2 16 28 65 66 69  1
 2 16 28 65 66 67 68  1
 2 16 28 42 67  1
 2 16 28 42 65 66  1
 2 16 28 40 69  1
 2 16 28 40 67 68  1
 2 16 28 40 42  1
 2 12 43  1
 2 12 41 42  1
 2 12 16  1
 41 42 73 81  3
 41 42 73 79 80  3
 41 42 71 72 81  3
 41 42 71 72 79 80  3
 41 42 54 73  3
 41 42 54 71 72  3
 41 42 46 81  3
 41 42 46 79 80  3
 41 42 46 54  3
 16 73 81  3
 16 73 79 80  3
 16 71 72 81  3
 16 71 72 79 80  3
 16 54 73  3
 16 54 71 72  3
 16 46 81  3
 16 46 79 80  3
 16 46 54  3
 82  25
 78 79 81  25
 78 79 80  25
 67 75 87  3
 67 75 85 86  3
 67 73 74 87  3
 67 73 74 85 86  3
 65 87  1
 65 85 86  1
 65 66 75 87  3
 65 66 75 85 86  3
 65 66 73 74 87  3
 65 66 73 74 85 86  3
 63 64 87  1
 63 64 85 86  1
 60 67 75  3
 60 67 73 74  3
 60 65  1
 60 65 66 75  3
 60 65 66 73 74  3
 60 63 64  1
 55 87  1
 55 85 86  1
 55 60  1
 54 80  25
 54 78 79  25
 53 81  25
 53 79 80  25
 53 54 87  1
 53 54 85 86  1
 53 54 60  1
 48 67 87  3
 48 67 85 86  3
 48 65 66 87  3
 48 65 66 85 86  3
 48 60 67  3
 48 60 65 66  3
 40 75 87  3
 40 75 85 86  3
 40 73 74 87  3
 40 73 74 85 86  3
 40 60 75  3
 40 60 73 74  3
 40 48 87  3
 40 48 85 86  3
 40 48 60  3
 38 87  1
 38 85 86  1
 38 60  1
 28 87  1
 28 85 86  1
 28 60  1
 75 86  1
 75 84 85  1
 73 86  1
 73 85  7
 73 84 85  1
 73 74 86  1
 73 74 84 85  1
 71 75  1
 71 73  1
 71 73 74  1
 71 72 86  1
 71 72 85  7
 71 72 84 85  1
 69 70 75  1
 69 70 73  1
 69 70 73 74  1
 69 70 71 72  1
 59 75  1
 59 73  1
 59 73 74  1
 59 71 72  1
 58 73  7
 58 71 72  7
 55 81 85  1
 55 81 83 84  1
 55 79 80 85  1
 55 79 80 83 84  1
 55 58 81  1
 55 58 79 80  1
 54 55 85  1
 54 55 83 84  1
 54 55 58  1
 53 54 85  1
 53 54 83 84  1
 53 54 81 85  1
 53 54 81 83 84  1
 53 54 79 80 85  1
 53 54 79 80 83 84  1
 53 54 58  1
 53 54 58 81  1
 53 54 58 79 80  1
 48 86  1
 48 84 85  1
 48 71  1
 48 69 70  1
 48 59  1
 46 86  1
 46 85  7
 46 84 85  1
 46 71  1
 46 69 70  1
 46 59  1
 46 58  7
 44 75  1
 44 73  1
 44 73 74  1
 44 71 72  1
 44 48  1
 44 46  1
 43 57 75 85  1
 43 57 75 83 84  1
 43 57 73 74 85  1
 43 57 73 74 83 84  1
 43 57 58 75  1
 43 57 58 73 74  1
 43 55 56 75 85  1
 43 55 56 75 83 84  1
 43 55 56 73 74 85  1
 43 55 56 73 74 83 84  1
 43 55 56 58 75  1
 43 55 56 58 73 74  1
 43 48 57 85  1
 43 48 57 83 84  1
 43 48 57 58  1
 43 48 55 56 85  1
 43 48 55 56 83 84  1
 43 48 55 56 58  1
 41 42 57 75 85  1
 41 42 57 75 83 84  1
 41 42 57 73 74 85  1
 41 42 57 73 74 83 84  1
 41 42 57 58 75  1
 41 42 57 58 73 74  1
 41 42 55 56 75 85  1
 41 42 55 56 75 83 84  1
 41 42 55 56 73 74 85  1
 41 42 55 56 73 74 83 84  1
 41 42 55 56 58 75  1
 41 42 55 56 58 73 74  1
 41 42 48 57 85  1
 41 42 48 57 83 84  1
 41 42 48 57 58  1
 41 42 48 55 56 85  1
 41 42 48 55 56 83 84  1
 41 42 48 55 56 58  1
 30 43 75 85  1
 30 43 75 83 84  1
 30 43 73 74 85  1
 30 43 73 74 83 84  1
 30 43 58 75  1
 30 43 58 73 74  1
 30 43 48 85  1
 30 43 48 83 84  1
 30 43 48 58  1
 30 41 42 75 85  1
 30 41 42 75 83 84  1
 30 41 42 73 74 85  1
 30 41 42 73 74 83 84  1
 30 41 42 58 75  1
 30 41 42 58 73 74  1
 30 41 42 48 85  1
 30 41 42 48 83 84  1
 30 41 42 48 58  1
 28 81 85  1
 28 81 83 84  1
 28 79 80 85  1
 28 79 80 83 84  1
 28 58 81  1
 28 58 79 80  1
 28 54 85  1
 28 54 83 84  1
 28 54 58  1
 16 57 75 85  1
 16 57 75 83 84  1
 16 57 73 74 85  1
 16 57 73 74 83 84  1
 16 57 58 75  1
 16 57 58 73 74  1
 16 55 56 75 85  1
 16 55 56 75 83 84  1
 16 55 56 73 74 85  1
 16 55 56 73 74 83 84  1
 16 55 56 58 75  1
 16 55 56 58 73 74  1
 16 48 57 85  1
 16 48 57 83 84  1
 16 48 57 58  1
 16 48 55 56 85  1
 16 48 55 56 83 84  1
 16 48 55 56 58  1
 16 30 75 85  1
 16 30 75 83 84  1
 16 30 73 74 85  1
 16 30 73 74 83 84  1
 16 30 58 75  1
 16 30 58 73 74  1
 16 30 48 85  1
 16 30 48 83 84  1
 16 30 48 58  1
 65 83  1
 65 81 82  1
 63 64 83  1
 63 64 81 82  1
 57 65  1
 57 63 64  1
 56 65  1
 56 63 64  1
 55 56 65  1
 55 56 63 64  1
 41  1
 38 83  1
 38 81 82  1
 38 57  1
 38 56  1
 30 67 81  3
 30 67 79 80  3
 30 65  1
 30 65 66 81  3
 30 65 66 79 80  3
 30 63 64  1
 30 54 67  3
 30 54 65 66  3
 30 40 81  3
 30 40 79 80  3
 30 40 54  3
 30 38  1
 14  1
 43 65 73 81  1
 43 65 73 79 80  1
 43 65 71 72 81  1
 43 65 71 72 79 80  1
 43 63 64 73 81  1
 43 63 64 73 79 80  1
 43 63 64 71 72 81  1
 43 63 64 71 72 79 80  1
 43 54 65 73  1
 43 54 65 71 72  1
 43 54 63 64 73  1
 43 54 63 64 71 72  1
 43 46 65 81  1
 43 46 65 79 80  1
 43 46 63 64 81  1
 43 46 63 64 79 80  1
 43 46 54 65  1
 43 46 54 63 64  1
 41 42 65 73 81  1
 41 42 65 73 79 80  1
 41 42 65 71 72 81  1
 41 42 65 71 72 79 80  1
 41 42 63 64 73 81  1
 41 42 63 64 73 79 80  1
 41 42 63 64 71 72 81  1
 41 42 63 64 71 72 79 80  1
 41 42 54 65 73  1
 41 42 54 65 71 72  1
 41 42 54 63 64 73  1
 41 42 54 63 64 71 72  1
 41 42 46 65 81  1
 41 42 46 65 79 80  1
 41 42 46 63 64 81  1
 41 42 46 63 64 79 80  1
 41 42 46 54 65  1
 41 42 46 54 63 64  1
 38 43 73 81  1
 38 43 73 79 80  1
 38 43 71 72 81  1
 38 43 71 72 79 80  1
 38 43 54 73  1
 38 43 54 71 72  1
 38 43 46 81  1
 38 43 46 79 80  1
 38 43 46 54  1
 38 41 42 73 81  1
 38 41 42 73 79 80  1
 38 41 42 71 72 81  1
 38 41 42 71 72 79 80  1
 38 41 42 54 73  1
 38 41 42 54 71 72  1
 38 41 42 46 81  1
 38 41 42 46 79 80  1
 38 41 42 46 54  1
 16 65 73 81  1
 16 65 73 79 80  1
 16 65 71 72 81  1
 16 65 71 72 79 80  1
 16 63 64 73 81  1
 16 63 64 73 79 80  1
 16 63 64 71 72 81  1
 16 63 64 71 72 79 80  1
 16 54 65 73  1
 16 54 65 71 72  1
 16 54 63 64 73  1
 16 54 63 64 71 72  1
 16 46 65 81  1
 16 46 65 79 80  1
 16 46 63 64 81  1
 16 46 63 64 79 80  1
 16 46 54 65  1
 16 46 54 63 64  1
 16 38 73 81  1
 16 38 73 79 80  1
 16 38 71 72 81  1
 16 38 71 72 79 80  1
 16 38 54 73  1
 16 38 54 71 72  1
 16 38 46 81  1
 16 38 46 79 80  1
 16 38 46 54  1
 33  7
 81 88 89  3
 81 87 89  1
 81 86 87 89  1
 81 86 87 88  1
 81 85 86 89  1
 81 85 86 87 88  1
 79 80 88 89  3
 79 80 87 89  1
 79 80 86 87 89  1
 79 80 86 87 88  1
 79 80 85 86 89  1
 79 80 85 86 87 88  1
 73 81 89  1
 73 81 87 88  1
 73 79 80 89  1
 73 79 80 87 88  1
 71 72 81 89  1
 71 72 81 87 88  1
 71 72 79 80 89  1
 71 72 79 80 87 88  1
 62 81 88  1
 62 81 87  1
 62 81 86 87  1
 62 81 85 86  1
 62 79 80 88  1
 62 79 80 87  1
 62 79 80 86 87  1
 62 79 80 85 86  1
 62 73 81  1
 62 73 79 80  1
 62 71 72 81  1
 62 71 72 79 80  1
 61 81 89  1
 61 81 87 88  1
 61 79 80 89  1
 61 79 80 87 88  1
 61 62 81  1
 61 62 79 80  1
 60 81 89  1
 60 81 87 88  1
 60 79 80 89  1
 60 79 80 87 88  1
 60 62 81  1
 60 62 79 80  1
 54 88 89  3
 54 87 89  1
 54 86 87 89  1
 54 86 87 88  1
 54 85 86 89  1
 54 85 86 87 88  1
 54 73 89  1
 54 73 87 88  1
 54 71 72 89  1
 54 71 72 87 88  1
 54 62 88  1
 54 62 87  1
 54 62 86 87  1
 54 62 85 86  1
 54 62 73  1
 54 62 71 72  1
 54 61 89  1
 54 61 87 88  1
 54 61 62  1
 54 60 89  1
 54 60 87 88  1
 54 60 62  1
 46 81 89  1
 46 81 87 88  1
 46 79 80 89  1
 46 79 80 87 88  1
 46 62 81  1
 46 62 79 80  1
 46 54 89  1
 46 54 87 88  1
 46 54 62  1
 37 81 88 89  3
 37 81 87 89  1
 37 81 86 87 89  1
 37 81 86 87 88  1
 37 81 85 86 89  1
 37 81 85 86 87 88  1
 37 79 80 88 89  3
 37 79 80 87 89  1
 37 79 80 86 87 89  1
 37 79 80 86 87 88  1
 37 79 80 85 86 89  1
 37 79 80 85 86 87 88  1
 37 73 81 89  1
 37 73 81 87 88  1
 37 73 79 80 89  1
 37 73 79 80 87 88  1
 37 71 72 81 89  1
 37 71 72 81 87 88  1
 37 71 72 79 80 89  1
 37 71 72 79 80 87 88  1
 37 62 81 88  1
 37 62 81 87  1
 37 62 81 86 87  1
 37 62 81 85 86  1
 37 62 79 80 88  1
 37 62 79 80 87  1
 37 62 79 80 86 87  1
 37 62 79 80 85 86  1
 37 62 73 81  1
 37 62 73 79 80  1
 37 62 71 72 81  1
 37 62 71 72 79 80  1
 37 61 81 89  1
 37 61 81 87 88  1
 37 61 79 80 89  1
 37 61 79 80 87 88  1
 37 61 62 81  1
 37 61 62 79 80  1
 37 60 81 89  1
 37 60 81 87 88  1
 37 60 79 80 89  1
 37 60 79 80 87 88  1
 37 60 62 81  1
 37 60 62 79 80  1
 37 54 88 89  3
 37 54 87 89  1
 37 54 86 87 89  1
 37 54 86 87 88  1
 37 54 85 86 89  1
 37 54 85 86 87 88  1
 37 54 73 89  1
 37 54 73 87 88  1
 37 54 71 72 89  1
 37 54 71 72 87 88  1
 37 54 62 88  1
 37 54 62 87  1
 37 54 62 86 87  1
 37 54 62 85 86  1
 37 54 62 73  1
 37 54 62 71 72  1
 37 54 61 89  1
 37 54 61 87 88  1
 37 54 61 62  1
 37 54 60 89  1
 37 54 60 87 88  1
 37 54 60 62  1
 37 46 81 89  1
 37 46 81 87 88  1
 37 46 79 80 89  1
 37 46 79 80 87 88  1
 37 46 62 81  1
 37 46 62 79 80  1
 37 46 54 89  1
 37 46 54 87 88  1
 37 46 54 62  1
 35 36 81 88 89  3
 35 36 81 87 89  1
 35 36 81 86 87 89  1
 35 36 81 86 87 88  1
 35 36 81 85 86 89  1
 35 36 81 85 86 87 88  1
 35 36 79 80 88 89  3
 35 36 79 80 87 89  1
 35 36 79 80 86 87 89  1
 35 36 79 80 86 87 88  1
 35 36 79 80 85 86 89  1
 35 36 79 80 85 86 87 88  1
 35 36 73 81 89  1
 35 36 73 81 87 88  1
 35 36 73 79 80 89  1
 35 36 73 79 80 87 88  1
 35 36 71 72 81 89  1
 35 36 71 72 81 87 88  1
 35 36 71 72 79 80 89  1
 35 36 71 72 79 80 87 88  1
 35 36 62 81 88  1
 35 36 62 81 87  1
 35 36 62 81 86 87  1
 35 36 62 81 85 86  1
 35 36 62 79 80 88  1
 35 36 62 79 80 87  1
 35 36 62 79 80 86 87  1
 35 36 62 79 80 85 86  1
 35 36 62 73 81  1
 35 36 62 73 79 80  1
 35 36 62 71 72 81  1
 35 36 62 71 72 79 80  1
 35 36 61 81 89  1
 35 36 61 81 87 88  1
 35 36 61 79 80 89  1
 35 36 61 79 80 87 88  1
 35 36 61 62 81  1
 35 36 61 62 79 80  1
 35 36 60 81 89  1
 35 36 60 81 87 88  1
 35 36 60 79 80 89  1
 35 36 60 79 80 87 88  1
 35 36 60 62 81  1
 35 36 60 62 79 80  1
 35 36 54 88 89  3
 35 36 54 87 89  1
 35 36 54 86 87 89  1
 35 36 54 86 87 88  1
 35 36 54 85 86 89  1
 35 36 54 85 86 87 88  1
 35 36 54 73 89  1
 35 36 54 73 87 88  1
 35 36 54 71 72 89  1
 35 36 54 71 72 87 88  1
 35 36 54 62 88  1
 35 36 54 62 87  1
 35 36 54 62 86 87  1
 35 36 54 62 85 86  1
 35 36 54 62 73  1
 35 36 54 62 71 72  1
 35 36 54 61 89  1
 35 36 54 61 87 88  1
 35 36 54 61 62  1
 35 36 54 60 89  1
 35 36 54 60 87 88  1
 35 36 54 60 62  1
 35 36 46 81 89  1
 35 36 46 81 87 88  1
 35 36 46 79 80 89  1
 35 36 46 79 80 87 88  1
 35 36 46 62 81  1
 35 36 46 62 79 80  1
 35 36 46 54 89  1
 35 36 46 54 87 88  1
 35 36 46 54 62  1
 10 81 88 89  3
 10 81 87 89  1
 10 81 86 87 89  1
 10 81 86 87 88  1
 10 81 85 86 89  1
 10 81 85 86 87 88  1
 10 79 80 88 89  3
 10 79 80 87 89  1
 10 79 80 86 87 89  1
 10 79 80 86 87 88  1
 10 79 80 85 86 89  1
 10 79 80 85 86 87 88  1
 10 73 81 89  1
 10 73 81 87 88  1
 10 73 79 80 89  1
 10 73 79 80 87 88  1
 10 71 72 81 89  1
 10 71 72 81 87 88  1
 10 71 72 79 80 89  1
 10 71 72 79 80 87 88  1
 10 62 81 88  1
 10 62 81 87  1
 10 62 81 86 87  1
 10 62 81 85 86  1
 10 62 79 80 88  1
 10 62 79 80 87  1
 10 62 79 80 86 87  1
 10 62 79 80 85 86  1
 10 62 73 81  1
 10 62 73 79 80  1
 10 62 71 72 81  1
 10 62 71 72 79 80  1
 10 61 81 89  1
 10 61 81 87 88  1
 10 61 79 80 89  1
 10 61 79 80 87 88  1
 10 61 62 81  1
 10 61 62 79 80  1
 10 60 81 89  1
 10 60 81 87 88  1
 10 60 79 80 89  1
 10 60 79 80 87 88  1
 10 60 62 81  1
 10 60 62 79 80  1
 10 54 88 89  3
 10 54 87 89  1
 10 54 86 87 89  1
 10 54 86 87 88  1
 10 54 85 86 89  1
 10 54 85 86 87 88  1
 10 54 73 89  1
 10 54 73 87 88  1
 10 54 71 72 89  1
 10 54 71 72 87 88  1
 10 54 62 88  1
 10 54 62 87  1
 10 54 62 86 87  1
 10 54 62 85 86  1
 10 54 62 73  1
 10 54 62 71 72  1
 10 54 61 89  1
 10 54 61 87 88  1
 10 54 61 62  1
 10 54 60 89  1
 10 54 60 87 88  1
 10 54 60 62  1
 10 46 81 89  1
 10 46 81 87 88  1
 10 46 79 80 89  1
 10 46 79 80 87 88  1
 10 46 62 81  1
 10 46 62 79 80  1
 10 46 54 89  1
 10 46 54 87 88  1
 10 46 54 62  1
 55 56 73 83  1
 55 56 73 81  1
 55 56 73 81 82  1
 55 56 73 79 80  1
 55 56 71 72 83  1
 55 56 71 72 81  1
 55 56 71 72 81 82  1
 55 56 71 72 79 80  1
 54 55 56 73  1
 54 55 56 71 72  1
 46 55 56 83  1
 46 55 56 81  1
 46 55 56 81 82  1
 46 55 56 79 80  1
 46 54 55 56  1
 30 73 83  1
 30 73 81  1
 30 73 81 82  1
 30 73 79 80  1
 30 71 72 83  1
 30 71 72 81  1
 30 71 72 81 82  1
 30 71 72 79 80  1
 30 56 73  1
 30 56 71 72  1
 30 54 73  1
 30 54 71 72  1
 30 46 83  1
 30 46 81  1
 30 46 81 82  1
 30 46 79 80  1
 30 46 56  1
 30 46 54  1
 29 86  1
 29 84 85  1
 29 59  1
 29 30  5
 27 28 86  1
 27 28 84 85  1
 27 28 59  1
 2 86  1
 2 84 85  1
 2 59  1
 72 73  1
 71 72 74  1
 71 72 73  1
 58 59  1
 55 67 83 85  1
 55 67 83 84  1
 55 67 81 82 85  1
 55 67 81 82 83 84  1
 55 65 66 83 85  1
 55 65 66 83 84  1
 55 65 66 81 82 85  1
 55 65 66 81 82 83 84  1
 55 58 67 83  1
 55 58 67 81 82  1
 55 58 65 66 83  1
 55 58 65 66 81 82  1
 55 56 67 85  1
 55 56 67 83 84  1
 55 56 65 66 85  1
 55 56 65 66 83 84  1
 55 56 58 67  1
 55 56 58 65 66  1
 53 54 67 83 85  1
 53 54 67 83 84  1
 53 54 67 81 82 85  1
 53 54 67 81 82 83 84  1
 53 54 65 66 83 85  1
 53 54 65 66 83 84  1
 53 54 65 66 81 82 85  1
 53 54 65 66 81 82 83 84  1
 53 54 58 67 83  1
 53 54 58 67 81 82  1
 53 54 58 65 66 83  1
 53 54 58 65 66 81 82  1
 53 54 56 67 85  1
 53 54 56 67 83 84  1
 53 54 56 65 66 85  1
 53 54 56 65 66 83 84  1
 53 54 56 58 67  1
 53 54 56 58 65 66  1
 47 73  1
 47 71 72  1
 46 74  1
 46 72 73  1
 46 47  1
 41 75 83  3
 41 75 81 82  3
 41 73 74 83  3
 41 73 74 81 82  3
 41 56 75  3
 41 56 73 74  3
 41 53 73 83  3
 41 53 73 81 82  3
 41 53 71 72 83  3
 41 53 71 72 81 82  3
 41 53 56 73  3
 41 53 56 71 72  3
 41 51 52 73 83  3
 41 51 52 73 81 82  3
 41 51 52 71 72 83  3
 41 51 52 71 72 81 82  3
 41 51 52 56 73  3
 41 51 52 56 71 72  3
 41 48 83  3
 41 48 81 82  3
 41 48 56  3
 41 46 53 83  3
 41 46 53 81 82  3
 41 46 53 56  3
 41 46 51 52 83  3
 41 46 51 52 81 82  3
 41 46 51 52 56  3
 40 55 83 85  1
 40 55 83 84  1
 40 55 81 82 85  1
 40 55 81 82 83 84  1
 40 55 58 83  1
 40 55 58 81 82  1
 40 55 56 85  1
 40 55 56 83 84  1
 40 55 56 58  1
 40 53 54 83 85  1
 40 53 54 83 84  1
 40 53 54 81 82 85  1
 40 53 54 81 82 83 84  1
 40 53 54 58 83  1
 40 53 54 58 81 82  1
 40 53 54 56 85  1
 40 53 54 56 83 84  1
 40 53 54 56 58  1
 39 83  1
 39 81 82  1
 39 57  7
 39 57 83  1
 39 57 81 82  1
 39 56  1
 39 56 57  1
 39 55 56 83  1
 39 55 56 81 82  1
 39 40 75 83  3
 39 40 75 81 82  3
 39 40 73 74 83  3
 39 40 73 74 81 82  3
 39 40 56 75  3
 39 40 56 73 74  3
 39 40 53 73 83  3
 39 40 53 73 81 82  3
 39 40 53 71 72 83  3
 39 40 53 71 72 81 82  3
 39 40 53 56 73  3
 39 40 53 56 71 72  3
 39 40 51 52 73 83  3
 39 40 51 52 73 81 82  3
 39 40 51 52 71 72 83  3
 39 40 51 52 71 72 81 82  3
 39 40 51 52 56 73  3
 39 40 51 52 56 71 72  3
 39 40 48 83  3
 39 40 48 81 82  3
 39 40 48 56  3
 39 40 46 53 83  3
 39 40 46 53 81 82  3
 39 40 46 53 56  3
 39 40 46 51 52 83  3
 39 40 46 51 52 81 82  3
 39 40 46 51 52 56  3
 37 38 83  1
 37 38 81 82  1
 37 38 57  7
 37 38 57 83  1
 37 38 57 81 82  1
 37 38 56  1
 37 38 56 57  1
 37 38 55 56 83  1
 37 38 55 56 81 82  1
 31 83 86  1
 31 83 84 85  1
 31 81 82 86  1
 31 81 82 84 85  1
 31 59 83  1
 31 59 81 82  1
 31 57  1
 31 56 86  1
 31 56 84 85  1
 31 56 59  1
 31 55 56  3
 31 39  1
 31 37 38  1
 30 39  7
 30 39 83  1
 30 39 81 82  1
 30 39 56  1
 30 37 38  7
 30 37 38 83  1
 30 37 38 81 82  1
 30 37 38 56  1
 30 31  1
 29 30 83 86  1
 29 30 83 84 85  1
 29 30 81 82 86  1
 29 30 81 82 84 85  1
 29 30 59 83  1
 29 30 59 81 82  1
 29 30 57  1
 29 30 56 86  1
 29 30 56 84 85  1
 29 30 56 59  1
 29 30 55 56  3
 29 30 39  1
 29 30 37 38  1
 28 67 83 85  1
 28 67 83 84  1
 28 67 81 82 85  1
 28 67 81 82 83 84  1
 28 65 66 83 85  1
 28 65 66 83 84  1
 28 65 66 81 82 85  1
 28 65 66 81 82 83 84  1
 28 58 67 83  1
 28 58 67 81 82  1
 28 58 65 66 83  1
 28 58 65 66 81 82  1
 28 56 67 85  1
 28 56 67 83 84  1
 28 56 65 66 85  1
 28 56 65 66 83 84  1
 28 56 58 67  1
 28 56 58 65 66  1
 28 40 83 85  1
 28 40 83 84  1
 28 40 81 82 85  1
 28 40 81 82 83 84  1
 28 40 58 83  1
 28 40 58 81 82  1
 28 40 56 85  1
 28 40 56 83 84  1
 28 40 56 58  1
 26 41 73 83  3
 26 41 73 81 82  3
 26 41 71 72 83  3
 26 41 71 72 81 82  3
 26 41 56 73  3
 26 41 56 71 72  3
 26 41 46 83  3
 26 41 46 81 82  3
 26 41 46 56  3
 26 39 40 73 83  3
 26 39 40 73 81 82  3
 26 39 40 71 72 83  3
 26 39 40 71 72 81 82  3
 26 39 40 56 73  3
 26 39 40 56 71 72  3
 26 39 40 46 83  3
 26 39 40 46 81 82  3
 26 39 40 46 56  3
 14 75 83  3
 14 75 81 82  3
 14 73 74 83  3
 14 73 74 81 82  3
 14 56 75  3
 14 56 73 74  3
 14 53 73 83  3
 14 53 73 81 82  3
 14 53 71 72 83  3
 14 53 71 72 81 82  3
 14 53 56 73  3
 14 53 56 71 72  3
 14 51 52 73 83  3
 14 51 52 73 81 82  3
 14 51 52 71 72 83  3
 14 51 52 71 72 81 82  3
 14 51 52 56 73  3
 14 51 52 56 71 72  3
 14 48 83  3
 14 48 81 82  3
 14 48 56  3
 14 46 53 83  3
 14 46 53 81 82  3
 14 46 53 56  3
 14 46 51 52 83  3
 14 46 51 52 81 82  3
 14 46 51 52 56  3
 14 26 73 83  3
 14 26 73 81 82  3
 14 26 71 72 83  3
 14 26 71 72 81 82  3
 14 26 56 73  3
 14 26 56 71 72  3
 14 26 46 83  3
 14 26 46 81 82  3
 14 26 46 56  3
 12 83  1
 12 81 82  1
 12 57  7
 12 57 83  1
 12 57 81 82  1
 12 56  1
 12 56 57  1
 12 55 56 83  1
 12 55 56 81 82  1
 12 31  1
 12 30  7
 12 30 83  1
 12 30 81 82  1
 12 30 56  1
 12 29 30  1
 4 83 86  1
 4 83 84 85  1
 4 81 82 86  1
 4 81 82 84 85  1
 4 59 83  1
 4 59 81 82  1
 4 57  1
 4 56 86  1
 4 56 84 85  1
 4 56 59  1
 4 55 56  3
 4 39  1
 4 37 38  1
 4 30  1
 4 12  1
