 116  1
 82  1
 80 86  1
 80 84 85  1
 80 81  1
 78 79 86  1
 78 79 84 85  1
 59 80  1
 59 78 79  1
 57  1
 55  1
 53 86  1
 53 84 85  1
 53 59  1
 47  1
 68 80 88  1
 68 80 86 87  1
 68 78 79 88  1
 68 78 79 86 87  1
 66 67 80 88  1
 66 67 80 86 87  1
 66 67 78 79 88  1
 66 67 78 79 86 87  1
 61 68 80  1
 61 68 78 79  1
 61 66 67 80  1
 61 66 67 78 79  1
 53 68 88  1
 53 68 86 87  1
 53 66 67 88  1
 53 66 67 86 87  1
 53 61 68  1
 53 61 66 67  1
 41 80 88  1
 41 80 86 87  1
 41 78 79 88  1
 41 78 79 86 87  1
 41 61 80  1
 41 61 78 79  1
 41 53 88  1
 41 53 86 87  1
 41 53 61  1
 42 86  1
 42 84 85  1
 42 80 86  1
 42 80 84 85  1
 42 78 79 86  1
 42 78 79 84 85  1
 42 59  1
 42 59 80  1
 42 59 78 79  1
 42 53 86  1
 42 53 84 85  1
 42 53 59  1
 40 41 86  1
 40 41 84 85  1
 40 41 80 86  1
 40 41 80 84 85  1
 40 41 78 79 86  1
 40 41 78 79 84 85  1
 40 41 59  1
 40 41 59 80  1
 40 41 59 78 79  1
 40 41 53 86  1
 40 41 53 84 85  1
 40 41 53 59  1
 15 86  1
 15 84 85  1
 15 80 86  1
 15 80 84 85  1
 15 78 79 86  1
 15 78 79 84 85  1
 15 59  1
 15 59 80  1
 15 59 78 79  1
 15 53 86  1
 15 53 84 85  1
 15 53 59  1
