 85  1
 83  13
 83 84  3
 81 82  13
 58  1
 56  13
 43  25
 43 82 83  3
 43 81 82  5
 43 80 81 83  1
 43 80 81 82  1
 43 69  1
 43 67 68  1
 43 56 82  1
 43 56 80 81  1
 43 55 83  1
 43 55 81 82  1
 43 55 56  1
 42 43  1
 41 42 82 83  3
 41 42 81 82  5
 41 42 80 81 83  1
 41 42 80 81 82  1
 41 42 69  1
 41 42 67 68  1
 41 42 56 82  1
 41 42 56 80 81  1
 41 42 55 83  1
 41 42 55 81 82  1
 41 42 55 56  1
 39 43  1
 39 41 42  1
 37 38 43  1
 37 38 41 42  1
 31 43 83  7
 31 43 83 84  1
 31 43 82 83  1
 31 43 81 82  7
 31 43 81 82 84  1
 31 43 81 82 83  1
 31 43 69 83  1
 31 43 69 81 82  1
 31 43 67 68 83  1
 31 43 67 68 81 82  1
 31 43 57 83  1
 31 43 57 81 82  1
 31 43 56  7
 31 43 56 84  1
 31 43 56 82 83  1
 31 43 56 69  1
 31 43 56 67 68  1
 31 43 56 57  1
 31 42 43 83  1
 31 42 43 81 82  1
 31 42 43 56  1
 31 41 42 83 84  1
 31 41 42 82 83  1
 31 41 42 81 82 84  1
 31 41 42 81 82 83  1
 31 41 42 69 83  1
 31 41 42 69 81 82  1
 31 41 42 67 68 83  1
 31 41 42 67 68 81 82  1
 31 41 42 57 83  1
 31 41 42 57 81 82  1
 31 41 42 56 84  1
 31 41 42 56 82 83  1
 31 41 42 56 69  1
 31 41 42 56 67 68  1
 31 41 42 56 57  1
 29  1
 29 30 43 83  7
 29 30 43 83 84  1
 29 30 43 82 83  1
 29 30 43 81 82  7
 29 30 43 81 82 84  1
 29 30 43 81 82 83  1
 29 30 43 69 83  1
 29 30 43 69 81 82  1
 29 30 43 67 68 83  1
 29 30 43 67 68 81 82  1
 29 30 43 57 83  1
 29 30 43 57 81 82  1
 29 30 43 56  7
 29 30 43 56 84  1
 29 30 43 56 82 83  1
 29 30 43 56 69  1
 29 30 43 56 67 68  1
 29 30 43 56 57  1
 29 30 42 43 83  1
 29 30 42 43 81 82  1
 29 30 42 43 56  1
 29 30 41 42 83 84  1
 29 30 41 42 82 83  1
 29 30 41 42 81 82 84  1
 29 30 41 42 81 82 83  1
 29 30 41 42 69 83  1
 29 30 41 42 69 81 82  1
 29 30 41 42 67 68 83  1
 29 30 41 42 67 68 81 82  1
 29 30 41 42 57 83  1
 29 30 41 42 57 81 82  1
 29 30 41 42 56 84  1
 29 30 41 42 56 82 83  1
 29 30 41 42 56 69  1
 29 30 41 42 56 67 68  1
 29 30 41 42 56 57  1
 27 28  1
 16  25
 16 82 83  3
 16 81 82  5
 16 80 81 83  1
 16 80 81 82  1
 16 69  1
 16 67 68  1
 16 56 82  1
 16 56 80 81  1
 16 55 83  1
 16 55 81 82  1
 16 55 56  1
 16 42  1
 16 39  1
 16 37 38  1
 16 31 83  7
 16 31 83 84  1
 16 31 82 83  1
 16 31 81 82  7
 16 31 81 82 84  1
 16 31 81 82 83  1
 16 31 69 83  1
 16 31 69 81 82  1
 16 31 67 68 83  1
 16 31 67 68 81 82  1
 16 31 57 83  1
 16 31 57 81 82  1
 16 31 56  7
 16 31 56 84  1
 16 31 56 82 83  1
 16 31 56 69  1
 16 31 56 67 68  1
 16 31 56 57  1
 16 31 42 83  1
 16 31 42 81 82  1
 16 31 42 56  1
 16 29 30 83  7
 16 29 30 83 84  1
 16 29 30 82 83  1
 16 29 30 81 82  7
 16 29 30 81 82 84  1
 16 29 30 81 82 83  1
 16 29 30 69 83  1
 16 29 30 69 81 82  1
 16 29 30 67 68 83  1
 16 29 30 67 68 81 82  1
 16 29 30 57 83  1
 16 29 30 57 81 82  1
 16 29 30 56  7
 16 29 30 56 84  1
 16 29 30 56 82 83  1
 16 29 30 56 69  1
 16 29 30 56 67 68  1
 16 29 30 56 57  1
 16 29 30 42 83  1
 16 29 30 42 81 82  1
 16 29 30 42 56  1
 12 43  1
 12 41 42  1
 12 16  1
 4 43 83  7
 4 43 83 84  1
 4 43 82 83  1
 4 43 81 82  7
 4 43 81 82 84  1
 4 43 81 82 83  1
 4 43 69 83  1
 4 43 69 81 82  1
 4 43 67 68 83  1
 4 43 67 68 81 82  1
 4 43 57 83  1
 4 43 57 81 82  1
 4 43 56  7
 4 43 56 84  1
 4 43 56 82 83  1
 4 43 56 69  1
 4 43 56 67 68  1
 4 43 56 57  1
 4 42 43 83  1
 4 42 43 81 82  1
 4 42 43 56  1
 4 41 42 83 84  1
 4 41 42 82 83  1
 4 41 42 81 82 84  1
 4 41 42 81 82 83  1
 4 41 42 69 83  1
 4 41 42 69 81 82  1
 4 41 42 67 68 83  1
 4 41 42 67 68 81 82  1
 4 41 42 57 83  1
 4 41 42 57 81 82  1
 4 41 42 56 84  1
 4 41 42 56 82 83  1
 4 41 42 56 69  1
 4 41 42 56 67 68  1
 4 41 42 56 57  1
 4 16 83  7
 4 16 83 84  1
 4 16 82 83  1
 4 16 81 82  7
 4 16 81 82 84  1
 4 16 81 82 83  1
 4 16 69 83  1
 4 16 69 81 82  1
 4 16 67 68 83  1
 4 16 67 68 81 82  1
 4 16 57 83  1
 4 16 57 81 82  1
 4 16 56  7
 4 16 56 84  1
 4 16 56 82 83  1
 4 16 56 69  1
 4 16 56 67 68  1
 4 16 56 57  1
 4 16 42 83  1
 4 16 42 81 82  1
 4 16 42 56  1
 2  1
 79  1
 77 78  1
 55  1
 53 54  1
 52  1
 28  1
 81 87 90  1
 81 85 86 90  1
 79 80 87 90  1
 79 80 85 86 90  1
 60 81 90  1
 60 79 80 90  1
 54 87 90  1
 54 85 86 90  1
 54 60 90  1
 43 75 81  1
 43 75 79 80  1
 43 73 74 81  1
 43 73 74 79 80  1
 43 54 75  1
 43 54 73 74  1
 43 48 81  1
 43 48 79 80  1
 43 48 54  1
 41 42 75 81  1
 41 42 75 79 80  1
 41 42 73 74 81  1
 41 42 73 74 79 80  1
 41 42 54 75  1
 41 42 54 73 74  1
 41 42 48 81  1
 41 42 48 79 80  1
 41 42 48 54  1
 31 81 87  1
 31 81 85 86  1
 31 79 80 87  1
 31 79 80 85 86  1
 31 60 81  1
 31 60 79 80  1
 31 54 87  1
 31 54 85 86  1
 31 54 60  1
 21 81 87  1
 21 81 85 86  1
 21 79 80 87  1
 21 79 80 85 86  1
 21 60 81  1
 21 60 79 80  1
 21 54 87  1
 21 54 85 86  1
 21 54 60  1
 16 75 81  1
 16 75 79 80  1
 16 73 74 81  1
 16 73 74 79 80  1
 16 54 75  1
 16 54 73 74  1
 16 48 81  1
 16 48 79 80  1
 16 48 54  1
