 79 87  5
 79 85 86  5
 77 78 87  5
 77 78 85 86  5
 60 79  5
 60 77 78  5
 52 87  5
 52 85 86  5
 52 60  5
 43 55 79 87  1
 43 55 79 85 86  1
 43 55 77 78 87  1
 43 55 77 78 85 86  1
 43 55 60 79  1
 43 55 60 77 78  1
 43 53 54 79 87  1
 43 53 54 79 85 86  1
 43 53 54 77 78 87  1
 43 53 54 77 78 85 86  1
 43 53 54 60 79  1
 43 53 54 60 77 78  1
 43 52 55 87  1
 43 52 55 85 86  1
 43 52 55 60  1
 43 52 53 54 87  1
 43 52 53 54 85 86  1
 43 52 53 54 60  1
 41 42 55 79 87  1
 41 42 55 79 85 86  1
 41 42 55 77 78 87  1
 41 42 55 77 78 85 86  1
 41 42 55 60 79  1
 41 42 55 60 77 78  1
 41 42 53 54 79 87  1
 41 42 53 54 79 85 86  1
 41 42 53 54 77 78 87  1
 41 42 53 54 77 78 85 86  1
 41 42 53 54 60 79  1
 41 42 53 54 60 77 78  1
 41 42 52 55 87  1
 41 42 52 55 85 86  1
 41 42 52 55 60  1
 41 42 52 53 54 87  1
 41 42 52 53 54 85 86  1
 41 42 52 53 54 60  1
 28 43 79 87  1
 28 43 79 85 86  1
 28 43 77 78 87  1
 28 43 77 78 85 86  1
 28 43 60 79  1
 28 43 60 77 78  1
 28 43 52 87  1
 28 43 52 85 86  1
 28 43 52 60  1
 28 41 42 79 87  1
 28 41 42 79 85 86  1
 28 41 42 77 78 87  1
 28 41 42 77 78 85 86  1
 28 41 42 60 79  1
 28 41 42 60 77 78  1
 28 41 42 52 87  1
 28 41 42 52 85 86  1
 28 41 42 52 60  1
 16 55 79 87  1
 16 55 79 85 86  1
 16 55 77 78 87  1
 16 55 77 78 85 86  1
 16 55 60 79  1
 16 55 60 77 78  1
 16 53 54 79 87  1
 16 53 54 79 85 86  1
 16 53 54 77 78 87  1
 16 53 54 77 78 85 86  1
 16 53 54 60 79  1
 16 53 54 60 77 78  1
 16 52 55 87  1
 16 52 55 85 86  1
 16 52 55 60  1
 16 52 53 54 87  1
 16 52 53 54 85 86  1
 16 52 53 54 60  1
 16 28 79 87  1
 16 28 79 85 86  1
 16 28 77 78 87  1
 16 28 77 78 85 86  1
 16 28 60 79  1
 16 28 60 77 78  1
 16 28 52 87  1
 16 28 52 85 86  1
 16 28 52 60  1
 79 85  5
 79 83 84  5
 77 78 85  5
 77 78 83 84  5
 58 79  5
 58 77 78  5
 52 85  5
 52 83 84  5
 52 58  5
  353
 107  1
 99  3
 97  1
 84  3
 82 83  3
 81  231
 81 82  27
 79 80  233
 57 85  13
 57 85 116  1
 57 84 85  1
 57 83 84  15
 57 83 84 116  1
 57 82 83  5
 57 82 83 85  1
 57 82 83 84  1
 57 67  35
 57 58  13
 57 58 116  1
 57 58 84  1
 57 58 82 83  1
 55 56  73
 55 56 85  11
 55 56 85 116  1
 55 56 84  5
 55 56 84 85  1
 55 56 83 84  13
 55 56 83 84 116  1
 55 56 82 83 85  1
 55 56 82 83 84  1
 55 56 65 66  19
 55 56 58  11
 55 56 58 116  1
 55 56 58 84  1
 55 56 58 82 83  1
 54  235
 47 57 85  1
 47 57 83 84  1
 47 57 58  1
 47 55 56 85  1
 47 55 56 83 84  1
 47 55 56 58  1
 43 57 67  7
 43 57 67 84  1
 43 57 67 82 83  1
 43 57 65 66  7
 43 57 65 66 84  1
 43 57 65 66 82 83  1
 43 55 56 67 84  1
 43 55 56 67 82 83  1
 43 55 56 65 66 84  1
 43 55 56 65 66 82 83  1
 43 55 56 57 67  1
 43 55 56 57 65 66  1
 41 42 57 67  7
 41 42 57 67 84  1
 41 42 57 67 82 83  1
 41 42 57 65 66  7
 41 42 57 65 66 84  1
 41 42 57 65 66 82 83  1
 41 42 55  17
 41 42 55 56 67 84  1
 41 42 55 56 67 82 83  1
 41 42 55 56 65 66 84  1
 41 42 55 56 65 66 82 83  1
 41 42 55 56 57 67  1
 41 42 55 56 57 65 66  1
 41 42 53 54  23
 40  115
 40 55 56  21
 40 43 57  7
 40 43 57 84  1
 40 43 57 82 83  1
 40 43 55 56 84  1
 40 43 55 56 82 83  1
 40 43 55 56 57  1
 40 41 42 57  7
 40 41 42 57 84  1
 40 41 42 57 82 83  1
 40 41 42 55 56 84  1
 40 41 42 55 56 82 83  1
 40 41 42 55 56 57  1
 39  9
 39 43 57 73  1
 39 43 57 71 72  1
 39 43 55 56 73  1
 39 43 55 56 71 72  1
 39 43 46 57  1
 39 43 46 55 56  1
 39 41 42 57 73  1
 39 41 42 57 71 72  1
 39 41 42 55 56 73  1
 39 41 42 55 56 71 72  1
 39 41 42 46 57  1
 39 41 42 46 55 56  1
 38  5
 37 38  9
 37 38 43 57 73  1
 37 38 43 57 71 72  1
 37 38 43 55 56 73  1
 37 38 43 55 56 71 72  1
 37 38 43 46 57  1
 37 38 43 46 55 56  1
 37 38 41 42 57 73  1
 37 38 41 42 57 71 72  1
 37 38 41 42 55 56 73  1
 37 38 41 42 55 56 71 72  1
 37 38 41 42 46 57  1
 37 38 41 42 46 55 56  1
 30 85  11
 30 85 116  1
 30 84 85  1
 30 83 84  13
 30 83 84 116  1
 30 82 83  5
 30 82 83 85  1
 30 82 83 84  1
 30 67  17
 30 58  11
 30 58 116  1
 30 58 84  1
 30 58 82 83  1
 30 57  7
 30 47 85  1
 30 47 83 84  1
 30 47 58  1
 30 43 67 84  1
 30 43 67 82 83  1
 30 43 65 66 84  1
 30 43 65 66 82 83  1
 30 43 57 67  1
 30 43 57 65 66  1
 30 41 42 67 84  1
 30 41 42 67 82 83  1
 30 41 42 65 66 84  1
 30 41 42 65 66 82 83  1
 30 41 42 57 67  1
 30 41 42 57 65 66  1
 30 40 43 84  1
 30 40 43 82 83  1
 30 40 43 57  1
 30 40 41 42 84  1
 30 40 41 42 82 83  1
 30 40 41 42 57  1
 30 39 43 73  1
 30 39 43 71 72  1
 30 39 43 46  1
 30 39 41 42 73  1
 30 39 41 42 71 72  1
 30 39 41 42 46  1
 30 37 38 43 73  1
 30 37 38 43 71 72  1
 30 37 38 43 46  1
 30 37 38 41 42 73  1
 30 37 38 41 42 71 72  1
 30 37 38 41 42 46  1
 28 41 42  17
 16 57 67  7
 16 57 67 84  1
 16 57 67 82 83  1
 16 57 65 66  7
 16 57 65 66 84  1
 16 57 65 66 82 83  1
 16 55 56 67 84  1
 16 55 56 67 82 83  1
 16 55 56 65 66 84  1
 16 55 56 65 66 82 83  1
 16 55 56 57 67  1
 16 55 56 57 65 66  1
 16 40 57  7
 16 40 57 84  1
 16 40 57 82 83  1
 16 40 55 56 84  1
 16 40 55 56 82 83  1
 16 40 55 56 57  1
 16 39 57 73  1
 16 39 57 71 72  1
 16 39 55 56 73  1
 16 39 55 56 71 72  1
 16 39 46 57  1
 16 39 46 55 56  1
 16 37 38 57 73  1
 16 37 38 57 71 72  1
 16 37 38 55 56 73  1
 16 37 38 55 56 71 72  1
 16 37 38 46 57  1
 16 37 38 46 55 56  1
 16 30 67 84  1
 16 30 67 82 83  1
 16 30 65 66 84  1
 16 30 65 66 82 83  1
 16 30 57 67  1
 16 30 57 65 66  1
 16 30 40 84  1
 16 30 40 82 83  1
 16 30 40 57  1
 16 30 39 73  1
 16 30 39 71 72  1
 16 30 39 46  1
 16 30 37 38 73  1
 16 30 37 38 71 72  1
 16 30 37 38 46  1
 12  9
 12 43 57 73  1
 12 43 57 71 72  1
 12 43 55 56 73  1
 12 43 55 56 71 72  1
 12 43 46 57  1
 12 43 46 55 56  1
 12 41 42 57 73  1
 12 41 42 57 71 72  1
 12 41 42 55 56 73  1
 12 41 42 55 56 71 72  1
 12 41 42 46 57  1
 12 41 42 46 55 56  1
 12 30 43 73  1
 12 30 43 71 72  1
 12 30 43 46  1
 12 30 41 42 73  1
 12 30 41 42 71 72  1
 12 30 41 42 46  1
 12 16 57 73  1
 12 16 57 71 72  1
 12 16 55 56 73  1
 12 16 55 56 71 72  1
 12 16 46 57  1
 12 16 46 55 56  1
 12 16 30 73  1
 12 16 30 71 72  1
 12 16 30 46  1
 115  3
 55  13
 46  3
 41 81  21
 41 79 80  21
 41 57 67 81  1
 41 57 67 79  1
 41 57 67 79 80  1
 41 57 67 77 78  1
 41 57 65 66 81  1
 41 57 65 66 79  1
 41 57 65 66 79 80  1
 41 57 65 66 77 78  1
 41 55 56 67 81  1
 41 55 56 67 79  1
 41 55 56 67 79 80  1
 41 55 56 67 77 78  1
 41 55 56 65 66 81  1
 41 55 56 65 66 79  1
 41 55 56 65 66 79 80  1
 41 55 56 65 66 77 78  1
 41 54  21
 41 54 57 67  1
 41 54 57 65 66  1
 41 54 55 56 67  1
 41 54 55 56 65 66  1
 41 52 57 67  1
 41 52 57 65 66  1
 41 52 55 56 67  1
 41 52 55 56 65 66  1
 40 41 57 81  1
 40 41 57 79  1
 40 41 57 79 80  1
 40 41 57 77 78  1
 40 41 55 56 81  1
 40 41 55 56 79  1
 40 41 55 56 79 80  1
 40 41 55 56 77 78  1
 40 41 54 57  1
 40 41 54 55 56  1
 40 41 52 57  1
 40 41 52 55 56  1
 39 40 81  9
 39 40 79 80  9
 39 40 57 81  1
 39 40 57 79  1
 39 40 57 79 80  1
 39 40 57 77 78  1
 39 40 57 67 81  1
 39 40 57 67 79  1
 39 40 57 67 79 80  1
 39 40 57 67 77 78  1
 39 40 57 65 66 81  1
 39 40 57 65 66 79  1
 39 40 57 65 66 79 80  1
 39 40 57 65 66 77 78  1
 39 40 55 56 81  1
 39 40 55 56 79  1
 39 40 55 56 79 80  1
 39 40 55 56 77 78  1
 39 40 55 56 67 81  1
 39 40 55 56 67 79  1
 39 40 55 56 67 79 80  1
 39 40 55 56 67 77 78  1
 39 40 55 56 65 66 81  1
 39 40 55 56 65 66 79  1
 39 40 55 56 65 66 79 80  1
 39 40 55 56 65 66 77 78  1
 39 40 54  9
 39 40 54 57  1
 39 40 54 57 67  1
 39 40 54 57 65 66  1
 39 40 54 55 56  1
 39 40 54 55 56 67  1
 39 40 54 55 56 65 66  1
 39 40 52 57  1
 39 40 52 57 67  1
 39 40 52 57 65 66  1
 39 40 52 55 56  1
 39 40 52 55 56 67  1
 39 40 52 55 56 65 66  1
 37 43  13
 37 41 42  13
 35 36 43  13
 35 36 41 42  13
 30 41 67 81  1
 30 41 67 79  1
 30 41 67 79 80  1
 30 41 67 77 78  1
 30 41 65 66 81  1
 30 41 65 66 79  1
 30 41 65 66 79 80  1
 30 41 65 66 77 78  1
 30 41 54 67  1
 30 41 54 65 66  1
 30 41 52 67  1
 30 41 52 65 66  1
 30 40 41 81  1
 30 40 41 79  1
 30 40 41 79 80  1
 30 40 41 77 78  1
 30 40 41 54  1
 30 40 41 52  1
 30 39 40 81  1
 30 39 40 79  1
 30 39 40 79 80  1
 30 39 40 77 78  1
 30 39 40 67 81  1
 30 39 40 67 79  1
 30 39 40 67 79 80  1
 30 39 40 67 77 78  1
 30 39 40 65 66 81  1
 30 39 40 65 66 79  1
 30 39 40 65 66 79 80  1
 30 39 40 65 66 77 78  1
 30 39 40 54  1
 30 39 40 54 67  1
 30 39 40 54 65 66  1
 30 39 40 52  1
 30 39 40 52 67  1
 30 39 40 52 65 66  1
 16 37  13
 16 35 36  13
 14 81  9
 14 79 80  9
 14 57 67 81  1
 14 57 67 79  1
 14 57 67 79 80  1
 14 57 67 77 78  1
 14 57 65 66 81  1
 14 57 65 66 79  1
 14 57 65 66 79 80  1
 14 57 65 66 77 78  1
 14 55 56 67 81  1
 14 55 56 67 79  1
 14 55 56 67 79 80  1
 14 55 56 67 77 78  1
 14 55 56 65 66 81  1
 14 55 56 65 66 79  1
 14 55 56 65 66 79 80  1
 14 55 56 65 66 77 78  1
 14 54  9
 14 54 57 67  1
 14 54 57 65 66  1
 14 54 55 56 67  1
 14 54 55 56 65 66  1
 14 52 57 67  1
 14 52 57 65 66  1
 14 52 55 56 67  1
 14 52 55 56 65 66  1
 14 40 57 81  1
 14 40 57 79  1
 14 40 57 79 80  1
 14 40 57 77 78  1
 14 40 55 56 81  1
 14 40 55 56 79  1
 14 40 55 56 79 80  1
 14 40 55 56 77 78  1
 14 40 54 57  1
 14 40 54 55 56  1
 14 40 52 57  1
 14 40 52 55 56  1
 14 30 67 81  1
 14 30 67 79  1
 14 30 67 79 80  1
 14 30 67 77 78  1
 14 30 65 66 81  1
 14 30 65 66 79  1
 14 30 65 66 79 80  1
 14 30 65 66 77 78  1
 14 30 54 67  1
 14 30 54 65 66  1
 14 30 52 67  1
 14 30 52 65 66  1
 14 30 40 81  1
 14 30 40 79  1
 14 30 40 79 80  1
 14 30 40 77 78  1
 14 30 40 54  1
 14 30 40 52  1
 10 43  13
 10 41 42  13
 10 16  13
 69 85  5
 69 83 84  5
 67 68 85  7
 67 68 83 84  7
 58 69  5
 58 67 68  7
 42 85  5
 42 83 84  5
 42 58  5
 89  7
 87 88  7
 62  7
 55 81  13
 55 79 80  13
 54 55  13
 53 54 81  7
 53 54 79 80  7
 28 81  7
 28 79 80  7
 28 54  7
 45 79  11
 45 77 78  11
 45 52  11
 83  7
 75  31
 73 74  31
 72 79  1
 72 77 78  1
 70 71 79  1
 70 71 77 78  1
 69 73  1
 69 71 72  1
 67 68 73  1
 67 68 71 72  1
 52 72  1
 52 70 71  1
 46 69  1
 46 67 68  1
 42 73  1
 42 71 72  1
 42 46  1
 41 79 85  1
 41 79 83 84  1
 41 77 78 85  1
 41 77 78 83 84  1
 41 58 79  1
 41 58 77 78  1
 41 52 85  1
 41 52 83 84  1
 41 52 58  1
 39 40 79 85  1
 39 40 79 83 84  1
 39 40 77 78 85  1
 39 40 77 78 83 84  1
 39 40 58 79  1
 39 40 58 77 78  1
 39 40 52 85  1
 39 40 52 83 84  1
 39 40 52 58  1
 37 79 87  5
 37 79 85  1
 37 79 85 86  5
 37 79 83 84  1
 37 77 78 87  5
 37 77 78 85  1
 37 77 78 85 86  5
 37 77 78 83 84  1
 37 74 79  1
 37 74 77 78  1
 37 73 79 87  1
 37 73 79 85 86  1
 37 73 77 78 87  1
 37 73 77 78 85 86  1
 37 72 73 79  1
 37 72 73 77 78  1
 37 71 72 79 87  1
 37 71 72 79 85 86  1
 37 71 72 77 78 87  1
 37 71 72 77 78 85 86  1
 37 60 79  5
 37 60 77 78  5
 37 60 73 79  1
 37 60 73 77 78  1
 37 60 71 72 79  1
 37 60 71 72 77 78  1
 37 58 79  1
 37 58 77 78  1
 37 52 87  5
 37 52 85  1
 37 52 85 86  5
 37 52 83 84  1
 37 52 74  1
 37 52 73 87  1
 37 52 73 85 86  1
 37 52 72 73  1
 37 52 71 72 87  1
 37 52 71 72 85 86  1
 37 52 60  5
 37 52 60 73  1
 37 52 60 71 72  1
 37 52 58  1
 37 47 79  1
 37 47 77 78  1
 37 47 52  1
 37 46 79 87  1
 37 46 79 85 86  1
 37 46 77 78 87  1
 37 46 77 78 85 86  1
 37 46 60 79  1
 37 46 60 77 78  1
 37 46 52 87  1
 37 46 52 85 86  1
 37 46 52 60  1
 37 43 79  3
 37 43 77 78  3
 37 43 52  3
 37 41 42 79  3
 37 41 42 77 78  3
 37 41 42 52  3
 35 36 79 87  5
 35 36 79 85  1
 35 36 79 85 86  5
 35 36 79 83 84  1
 35 36 77 78 87  5
 35 36 77 78 85  1
 35 36 77 78 85 86  5
 35 36 77 78 83 84  1
 35 36 74 79  1
 35 36 74 77 78  1
 35 36 73 79 87  1
 35 36 73 79 85 86  1
 35 36 73 77 78 87  1
 35 36 73 77 78 85 86  1
 35 36 72 73 79  1
 35 36 72 73 77 78  1
 35 36 71 72 79 87  1
 35 36 71 72 79 85 86  1
 35 36 71 72 77 78 87  1
 35 36 71 72 77 78 85 86  1
 35 36 60 79  5
 35 36 60 77 78  5
 35 36 60 73 79  1
 35 36 60 73 77 78  1
 35 36 60 71 72 79  1
 35 36 60 71 72 77 78  1
 35 36 58 79  1
 35 36 58 77 78  1
 35 36 52 87  5
 35 36 52 85  1
 35 36 52 85 86  5
 35 36 52 83 84  1
 35 36 52 74  1
 35 36 52 73 87  1
 35 36 52 73 85 86  1
 35 36 52 72 73  1
 35 36 52 71 72 87  1
 35 36 52 71 72 85 86  1
 35 36 52 60  5
 35 36 52 60 73  1
 35 36 52 60 71 72  1
 35 36 52 58  1
 35 36 47 79  1
 35 36 47 77 78  1
 35 36 47 52  1
 35 36 46 79 87  1
 35 36 46 79 85 86  1
 35 36 46 77 78 87  1
 35 36 46 77 78 85 86  1
 35 36 46 60 79  1
 35 36 46 60 77 78  1
 35 36 46 52 87  1
 35 36 46 52 85 86  1
 35 36 46 52 60  1
 35 36 43 79  3
 35 36 43 77 78  3
 35 36 43 52  3
 35 36 41 42 79  3
 35 36 41 42 77 78  3
 35 36 41 42 52  3
 31 81  1
 31 79 80  1
 31 54  1
 29 30 81  1
 29 30 79 80  1
 29 30 54  1
 16 37 79  3
 16 37 77 78  3
 16 37 52  3
 16 35 36 79  3
 16 35 36 77 78  3
 16 35 36 52  3
 14 79 85  1
 14 79 83 84  1
 14 77 78 85  1
 14 77 78 83 84  1
 14 58 79  1
 14 58 77 78  1
 14 52 85  1
 14 52 83 84  1
 14 52 58  1
 10 79 87  5
 10 79 85  1
 10 79 85 86  5
 10 79 83 84  1
 10 77 78 87  5
 10 77 78 85  1
 10 77 78 85 86  5
 10 77 78 83 84  1
 10 74 79  1
 10 74 77 78  1
 10 73 79 87  1
 10 73 79 85 86  1
 10 73 77 78 87  1
 10 73 77 78 85 86  1
 10 72 73 79  1
 10 72 73 77 78  1
 10 71 72 79 87  1
 10 71 72 79 85 86  1
 10 71 72 77 78 87  1
 10 71 72 77 78 85 86  1
 10 60 79  5
 10 60 77 78  5
 10 60 73 79  1
 10 60 73 77 78  1
 10 60 71 72 79  1
 10 60 71 72 77 78  1
 10 58 79  1
 10 58 77 78  1
 10 52 87  5
 10 52 85  1
 10 52 85 86  5
 10 52 83 84  1
 10 52 74  1
 10 52 73 87  1
 10 52 73 85 86  1
 10 52 72 73  1
 10 52 71 72 87  1
 10 52 71 72 85 86  1
 10 52 60  5
 10 52 60 73  1
 10 52 60 71 72  1
 10 52 58  1
 10 47 79  1
 10 47 77 78  1
 10 47 52  1
 10 46 79 87  1
 10 46 79 85 86  1
 10 46 77 78 87  1
 10 46 77 78 85 86  1
 10 46 60 79  1
 10 46 60 77 78  1
 10 46 52 87  1
 10 46 52 85 86  1
 10 46 52 60  1
 10 43 79  3
 10 43 77 78  3
 10 43 52  3
 10 41 42 79  3
 10 41 42 77 78  3
 10 41 42 52  3
 10 16 79  3
 10 16 77 78  3
 10 16 52  3
 4 81  1
 4 79 80  1
 4 54  1
 43 83  21
 43 81 82  21
 43 56  21
 41 42 83  21
 41 42 81 82  21
 41 42 56  21
 16 83  21
 16 81 82  21
 16 56  21
 28  11
 29 41 81  3
 29 41 79 80  3
 29 41 54  3
 29 39 40 81  3
 29 39 40 79 80  3
 29 39 40 54  3
 27 28 41 81  3
 27 28 41 79 80  3
 27 28 41 54  3
 27 28 39 40 81  3
 27 28 39 40 79 80  3
 27 28 39 40 54  3
 14 29 81  3
 14 29 79 80  3
 14 29 54  3
 14 27 28 81  3
 14 27 28 79 80  3
 14 27 28 54  3
 2 41 81  3
 2 41 79 80  3
 2 41 54  3
 2 39 40 81  3
 2 39 40 79 80  3
 2 39 40 54  3
 2 14 81  3
 2 14 79 80  3
 2 14 54  3
 27 28 43  3
 27 28 41 42  3
 16 27 28  3
 85  15
 83 84  15
 67 87  3
 67 85 86  3
 65 66 87  3
 65 66 85 86  3
 60 67  3
 60 65 66  3
 58  15
 57 81 87  1
 57 81 85 86  1
 57 79 80 87  1
 57 79 80 85 86  1
 57 60 81  1
 57 60 79 80  1
 55 56 81 87  1
 55 56 81 85 86  1
 55 56 79 80 87  1
 55 56 79 80 85 86  1
 55 56 60 81  1
 55 56 60 79 80  1
 54 57 87  1
 54 57 85 86  1
 54 57 60  1
 54 55 56 87  1
 54 55 56 85 86  1
 54 55 56 60  1
 40 87  3
 40 85 86  3
 40 60  3
 39 43 84 87  1
 39 43 84 85 86  1
 39 43 82 83 87  1
 39 43 82 83 85 86  1
 39 43 60 84  1
 39 43 60 82 83  1
 39 43 57 87  1
 39 43 57 85 86  1
 39 43 57 60  1
 39 41 42 84 87  1
 39 41 42 84 85 86  1
 39 41 42 82 83 87  1
 39 41 42 82 83 85 86  1
 39 41 42 60 84  1
 39 41 42 60 82 83  1
 39 41 42 57 87  1
 39 41 42 57 85 86  1
 39 41 42 57 60  1
 37 43 67 69  1
 37 43 67 68  1
 37 43 65 66 69  1
 37 43 65 66 67 68  1
 37 42 43 67  1
 37 42 43 65 66  1
 37 41 42 67  1
 37 41 42 67 69  1
 37 41 42 67 68  1
 37 41 42 65 66  1
 37 41 42 65 66 69  1
 37 41 42 65 66 67 68  1
 37 40 43 69  1
 37 40 43 67 68  1
 37 40 42 43  1
 37 40 41 42  1
 37 40 41 42 69  1
 37 40 41 42 67 68  1
 37 38 43 84 87  1
 37 38 43 84 85 86  1
 37 38 43 82 83 87  1
 37 38 43 82 83 85 86  1
 37 38 43 60 84  1
 37 38 43 60 82 83  1
 37 38 43 57 87  1
 37 38 43 57 85 86  1
 37 38 43 57 60  1
 37 38 41 42 84 87  1
 37 38 41 42 84 85 86  1
 37 38 41 42 82 83 87  1
 37 38 41 42 82 83 85 86  1
 37 38 41 42 60 84  1
 37 38 41 42 60 82 83  1
 37 38 41 42 57 87  1
 37 38 41 42 57 85 86  1
 37 38 41 42 57 60  1
 35 36 43 67 69  1
 35 36 43 67 68  1
 35 36 43 65 66 69  1
 35 36 43 65 66 67 68  1
 35 36 42 43 67  1
 35 36 42 43 65 66  1
 35 36 41 42 67  1
 35 36 41 42 67 69  1
 35 36 41 42 67 68  1
 35 36 41 42 65 66  1
 35 36 41 42 65 66 69  1
 35 36 41 42 65 66 67 68  1
 35 36 40 43 69  1
 35 36 40 43 67 68  1
 35 36 40 42 43  1
 35 36 40 41 42  1
 35 36 40 41 42 69  1
 35 36 40 41 42 67 68  1
 30 81 87  1
 30 81 85 86  1
 30 79 80 87  1
 30 79 80 85 86  1
 30 60 81  1
 30 60 79 80  1
 30 54 87  1
 30 54 85 86  1
 30 54 60  1
 16 39 84 87  1
 16 39 84 85 86  1
 16 39 82 83 87  1
 16 39 82 83 85 86  1
 16 39 60 84  1
 16 39 60 82 83  1
 16 39 57 87  1
 16 39 57 85 86  1
 16 39 57 60  1
 16 37 67 69  1
 16 37 67 68  1
 16 37 65 66 69  1
 16 37 65 66 67 68  1
 16 37 42 67  1
 16 37 42 65 66  1
 16 37 40 69  1
 16 37 40 67 68  1
 16 37 40 42  1
 16 37 38 84 87  1
 16 37 38 84 85 86  1
 16 37 38 82 83 87  1
 16 37 38 82 83 85 86  1
 16 37 38 60 84  1
 16 37 38 60 82 83  1
 16 37 38 57 87  1
 16 37 38 57 85 86  1
 16 37 38 57 60  1
 16 35 36 67 69  1
 16 35 36 67 68  1
 16 35 36 65 66 69  1
 16 35 36 65 66 67 68  1
 16 35 36 42 67  1
 16 35 36 42 65 66  1
 16 35 36 40 69  1
 16 35 36 40 67 68  1
 16 35 36 40 42  1
 12 43 84 87  1
 12 43 84 85 86  1
 12 43 82 83 87  1
 12 43 82 83 85 86  1
 12 43 60 84  1
 12 43 60 82 83  1
 12 43 57 87  1
 12 43 57 85 86  1
 12 43 57 60  1
 12 41 42 84 87  1
 12 41 42 84 85 86  1
 12 41 42 82 83 87  1
 12 41 42 82 83 85 86  1
 12 41 42 60 84  1
 12 41 42 60 82 83  1
 12 41 42 57 87  1
 12 41 42 57 85 86  1
 12 41 42 57 60  1
 12 16 84 87  1
 12 16 84 85 86  1
 12 16 82 83 87  1
 12 16 82 83 85 86  1
 12 16 60 84  1
 12 16 60 82 83  1
 12 16 57 87  1
 12 16 57 85 86  1
 12 16 57 60  1
 10 43 67 69  1
 10 43 67 68  1
 10 43 65 66 69  1
 10 43 65 66 67 68  1
 10 42 43 67  1
 10 42 43 65 66  1
 10 41 42 67  1
 10 41 42 67 69  1
 10 41 42 67 68  1
 10 41 42 65 66  1
 10 41 42 65 66 69  1
 10 41 42 65 66 67 68  1
 10 40 43 69  1
 10 40 43 67 68  1
 10 40 42 43  1
 10 40 41 42  1
 10 40 41 42 69  1
 10 40 41 42 67 68  1
 10 16 67 69  1
 10 16 67 68  1
 10 16 65 66 69  1
 10 16 65 66 67 68  1
 10 16 42 67  1
 10 16 42 65 66  1
 10 16 40 69  1
 10 16 40 67 68  1
 10 16 40 42  1
 67 85  9
 67 85 116  1
 67 83 84  13
 67 83 84 116  1
 65 66 85  9
 65 66 85 116  1
 65 66 83 84  13
 65 66 83 84 116  1
 58 67  9
 58 67 116  1
 58 65 66  9
 58 65 66 116  1
 57 126  1
 57 81 82 84  1
 57 81 82 83  1
 57 70  1
 57 68 69  1
 56 57 84  1
 56 57 82 83  1
 55 56 126  1
 55 56 83  7
 55 56 81 82  7
 55 56 81 82 84  1
 55 56 81 82 83  1
 55 56 70  1
 55 56 68 69  1
 55 56 67 85  1
 55 56 67 83 84  1
 55 56 65 66 85  1
 55 56 65 66 83 84  1
 55 56 58 67  1
 55 56 58 65 66  1
 55 56 57 83  1
 55 56 57 81 82  1
 53 85 116  1
 53 83 84 116  1
 53 58 116  1
 53 57 85  1
 53 57 83 84  1
 53 57 58  1
 51 52 85 116  1
 51 52 83 84 116  1
 51 52 58 116  1
 51 52 57 85  1
 51 52 57 83 84  1
 51 52 57 58  1
 47 67 85  1
 47 67 83 84  1
 47 65 66 85  1
 47 65 66 83 84  1
 47 58 67  1
 47 58 65 66  1
 47 53 85  1
 47 53 83 84  1
 47 53 58  1
 47 51 52 85  1
 47 51 52 83 84  1
 47 51 52 58  1
 43 57  3
 43 55 56  5
 40 85  9
 40 85 116  1
 40 83 84  13
 40 83 84 116  1
 40 58  9
 40 58 116  1
 40 55 56 85  1
 40 55 56 83 84  1
 40 55 56 58  1
 40 47 85  1
 40 47 83 84  1
 40 47 58  1
 30 126  1
 30 83  7
 30 81 82  7
 30 81 82 84  1
 30 81 82 83  1
 30 70  1
 30 68 69  1
 30 67 85  1
 30 67 83 84  1
 30 65 66 85  1
 30 65 66 83 84  1
 30 58 67  1
 30 58 65 66  1
 30 57 83  1
 30 57 81 82  1
 30 56  7
 30 56 84  1
 30 56 82 83  1
 30 56 57  1
 30 43  3
 30 40 85  1
 30 40 83 84  1
 30 40 58  1
 26 85 116  1
 26 83 84 116  1
 26 58 116  1
 26 57 85  1
 26 57 83 84  1
 26 57 58  1
 26 47 85  1
 26 47 83 84  1
 26 47 58  1
 69 81 87  1
 69 81 85 86  1
 69 79 80 87  1
 69 79 80 85 86  1
 67 68 81 87  1
 67 68 81 85 86  1
 67 68 79 80 87  1
 67 68 79 80 85 86  1
 60 69 81  1
 60 69 79 80  1
 60 67 68 81  1
 60 67 68 79 80  1
 55 67 83  3
 55 67 81 82  3
 55 65 66 83  3
 55 65 66 81 82  3
 54 69 87  1
 54 69 85 86  1
 54 67 68 87  1
 54 67 68 85 86  1
 54 60 69  1
 54 60 67 68  1
 43 67  7
 43 65 66  7
 42 81 87  1
 42 81 85 86  1
 42 79 80 87  1
 42 79 80 85 86  1
 42 60 81  1
 42 60 79 80  1
 42 54 87  1
 42 54 85 86  1
 42 54 60  1
 41 42 67  7
 41 42 65 66  7
 40 55 83  3
 40 55 81 82  3
 40 43  7
 40 41 42  7
 16 67  7
 16 65 66  7
 16 40  7
 43 75 81 85  1
 43 75 81 83 84  1
 43 75 79 80 85  1
 43 75 79 80 83 84  1
 43 73 74 81 85  1
 43 73 74 81 83 84  1
 43 73 74 79 80 85  1
 43 73 74 79 80 83 84  1
 43 58 75 81  1
 43 58 75 79 80  1
 43 58 73 74 81  1
 43 58 73 74 79 80  1
 43 54 75 85  1
 43 54 75 83 84  1
 43 54 73 74 85  1
 43 54 73 74 83 84  1
 43 54 58 75  1
 43 54 58 73 74  1
 43 48 81 85  1
 43 48 81 83 84  1
 43 48 79 80 85  1
 43 48 79 80 83 84  1
 43 48 58 81  1
 43 48 58 79 80  1
 43 48 54 85  1
 43 48 54 83 84  1
 43 48 54 58  1
 41 42 75 81 85  1
 41 42 75 81 83 84  1
 41 42 75 79 80 85  1
 41 42 75 79 80 83 84  1
 41 42 73 74 81 85  1
 41 42 73 74 81 83 84  1
 41 42 73 74 79 80 85  1
 41 42 73 74 79 80 83 84  1
 41 42 58 75 81  1
 41 42 58 75 79 80  1
 41 42 58 73 74 81  1
 41 42 58 73 74 79 80  1
 41 42 54 75 85  1
 41 42 54 75 83 84  1
 41 42 54 73 74 85  1
 41 42 54 73 74 83 84  1
 41 42 54 58 75  1
 41 42 54 58 73 74  1
 41 42 48 81 85  1
 41 42 48 81 83 84  1
 41 42 48 79 80 85  1
 41 42 48 79 80 83 84  1
 41 42 48 58 81  1
 41 42 48 58 79 80  1
 41 42 48 54 85  1
 41 42 48 54 83 84  1
 41 42 48 54 58  1
 16 75 81 85  1
 16 75 81 83 84  1
 16 75 79 80 85  1
 16 75 79 80 83 84  1
 16 73 74 81 85  1
 16 73 74 81 83 84  1
 16 73 74 79 80 85  1
 16 73 74 79 80 83 84  1
 16 58 75 81  1
 16 58 75 79 80  1
 16 58 73 74 81  1
 16 58 73 74 79 80  1
 16 54 75 85  1
 16 54 75 83 84  1
 16 54 73 74 85  1
 16 54 73 74 83 84  1
 16 54 58 75  1
 16 54 58 73 74  1
 16 48 81 85  1
 16 48 81 83 84  1
 16 48 79 80 85  1
 16 48 79 80 83 84  1
 16 48 58 81  1
 16 48 58 79 80  1
 16 48 54 85  1
 16 48 54 83 84  1
 16 48 54 58  1
 116  1
 57 69 85  1
 57 69 83 84  1
 57 67 68 85  1
 57 67 68 83 84  1
 57 58 69  1
 57 58 67 68  1
 55 56 69 85  1
 55 56 69 83 84  1
 55 56 67 68 85  1
 55 56 67 68 83 84  1
 55 56 58 69  1
 55 56 58 67 68  1
 47  1
 43 75  21
 43 75 86 100  1
 43 75 84 85 100  1
 43 74 75  1
 43 73 74 86 100  1
 43 73 74 84 85 100  1
 43 72 73 75  1
 43 72 73 74  1
 43 62  1
 43 61 75  1
 43 61 73 74  1
 43 60 61  1
 43 59 75 100  1
 43 59 73 74 100  1
 43 59 60 75  1
 43 59 60 73 74  1
 43 57 69 87  1
 43 57 69 85 86  1
 43 57 67 68 87  1
 43 57 67 68 85 86  1
 43 57 60 69  1
 43 57 60 67 68  1
 43 55 89  1
 43 55 87 88  1
 43 55 69  1
 43 55 67 68  1
 43 55 62  1
 43 55 56 69 87  1
 43 55 56 69 85 86  1
 43 55 56 67 68 87  1
 43 55 56 67 68 85 86  1
 43 55 56 60 69  1
 43 55 56 60 67 68  1
 43 53 54 89  1
 43 53 54 87 88  1
 43 53 54 69  1
 43 53 54 67 68  1
 43 53 54 62  1
 43 48  21
 43 48 86 100  1
 43 48 84 85 100  1
 43 48 74  1
 43 48 72 73  1
 43 48 61  1
 43 48 59 100  1
 43 48 59 60  1
 43 47 75  1
 43 47 73 74  1
 43 47 48  1
 42 57 85  1
 42 57 83 84  1
 42 57 58  1
 42 55 56 85  1
 42 55 56 83 84  1
 42 55 56 58  1
 42 43 57 87  1
 42 43 57 85 86  1
 42 43 57 60  1
 42 43 55  1
 42 43 55 56 87  1
 42 43 55 56 85 86  1
 42 43 55 56 60  1
 42 43 53 54  1
 41 75  1
 41 73 74  1
 41 57 87  1
 41 57 85 86  1
 41 57 60  1
 41 55 56 87  1
 41 55 56 85 86  1
 41 55 56 60  1
 41 48  1
 41 43 75 86  1
 41 43 75 84 85  1
 41 43 73 74 86  1
 41 43 73 74 84 85  1
 41 43 59 75  1
 41 43 59 73 74  1
 41 43 48 86  1
 41 43 48 84 85  1
 41 43 48 59  1
 41 42 75  23
 41 42 75 86  7
 41 42 75 86 100  1
 41 42 75 84 85  7
 41 42 75 84 85 100  1
 41 42 74 75  1
 41 42 73 74 86  7
 41 42 73 74 86 100  1
 41 42 73 74 84 85  7
 41 42 73 74 84 85 100  1
 41 42 72 73 75  1
 41 42 72 73 74  1
 41 42 62  1
 41 42 61 75  1
 41 42 61 73 74  1
 41 42 60 61  1
 41 42 59 75  7
 41 42 59 75 100  1
 41 42 59 73 74  7
 41 42 59 73 74 100  1
 41 42 59 60 75  1
 41 42 59 60 73 74  1
 41 42 57 87  1
 41 42 57 85 86  1
 41 42 57 69 87  1
 41 42 57 69 85 86  1
 41 42 57 67 68 87  1
 41 42 57 67 68 85 86  1
 41 42 57 60  1
 41 42 57 60 69  1
 41 42 57 60 67 68  1
 41 42 55 89  1
 41 42 55 87 88  1
 41 42 55 69  1
 41 42 55 67 68  1
 41 42 55 62  1
 41 42 55 56 87  1
 41 42 55 56 85 86  1
 41 42 55 56 69 87  1
 41 42 55 56 69 85 86  1
 41 42 55 56 67 68 87  1
 41 42 55 56 67 68 85 86  1
 41 42 55 56 60  1
 41 42 55 56 60 69  1
 41 42 55 56 60 67 68  1
 41 42 53 54 89  1
 41 42 53 54 87 88  1
 41 42 53 54 69  1
 41 42 53 54 67 68  1
 41 42 53 54 62  1
 41 42 48  23
 41 42 48 86  7
 41 42 48 86 100  1
 41 42 48 84 85  7
 41 42 48 84 85 100  1
 41 42 48 74  1
 41 42 48 72 73  1
 41 42 48 61  1
 41 42 48 59  7
 41 42 48 59 100  1
 41 42 48 59 60  1
 41 42 47 75  1
 41 42 47 73 74  1
 41 42 47 48  1
 39 40 75  1
 39 40 73 74  1
 39 40 57 87  1
 39 40 57 85 86  1
 39 40 57 60  1
 39 40 55 56 87  1
 39 40 55 56 85 86  1
 39 40 55 56 60  1
 39 40 48  1
 37 43 87  1
 37 43 85  1
 37 43 85 86  1
 37 43 83 84  1
 37 43 60  1
 37 43 58  1
 37 41 42 87  1
 37 41 42 85  1
 37 41 42 85 86  1
 37 41 42 83 84  1
 37 41 42 60  1
 37 41 42 58  1
 35 43  1
 35 41 42  1
 35 36 43 87  1
 35 36 43 85  1
 35 36 43 85 86  1
 35 36 43 83 84  1
 35 36 43 60  1
 35 36 43 58  1
 35 36 41 42 87  1
 35 36 41 42 85  1
 35 36 41 42 85 86  1
 35 36 41 42 83 84  1
 35 36 41 42 60  1
 35 36 41 42 58  1
 34 43 75  1
 34 43 73 74  1
 34 43 48  1
 34 41 42 75  1
 34 41 42 73 74  1
 34 41 42 48  1
 31 43  11
 31 43 75 86  1
 31 43 75 84 85  1
 31 43 73 74 86  1
 31 43 73 74 84 85  1
 31 43 59 75  1
 31 43 59 73 74  1
 31 43 48 86  1
 31 43 48 84 85  1
 31 43 48 59  1
 31 41 42  11
 31 41 42 75 86  1
 31 41 42 75 84 85  1
 31 41 42 73 74 86  1
 31 41 42 73 74 84 85  1
 31 41 42 59 75  1
 31 41 42 59 73 74  1
 31 41 42 48 86  1
 31 41 42 48 84 85  1
 31 41 42 48 59  1
 30 69 85  1
 30 69 83 84  1
 30 67 68 85  1
 30 67 68 83 84  1
 30 58 69  1
 30 58 67 68  1
 30 43 69 87  1
 30 43 69 85 86  1
 30 43 67 68 87  1
 30 43 67 68 85 86  1
 30 43 60 69  1
 30 43 60 67 68  1
 30 42 85  1
 30 42 83 84  1
 30 42 58  1
 30 42 43 87  1
 30 42 43 85 86  1
 30 42 43 60  1
 30 41 87  1
 30 41 85 86  1
 30 41 60  1
 30 41 42 87  1
 30 41 42 85 86  1
 30 41 42 69 87  1
 30 41 42 69 85 86  1
 30 41 42 67 68 87  1
 30 41 42 67 68 85 86  1
 30 41 42 60  1
 30 41 42 60 69  1
 30 41 42 60 67 68  1
 30 39 40 87  1
 30 39 40 85 86  1
 30 39 40 60  1
 28 43 89  1
 28 43 87 88  1
 28 43 69  1
 28 43 67 68  1
 28 43 62  1
 28 42 43  1
 28 41 42 89  1
 28 41 42 87 88  1
 28 41 42 69  1
 28 41 42 67 68  1
 28 41 42 62  1
 16 75  21
 16 75 86 100  1
 16 75 84 85 100  1
 16 74 75  1
 16 73 74 86 100  1
 16 73 74 84 85 100  1
 16 72 73 75  1
 16 72 73 74  1
 16 62  1
 16 61 75  1
 16 61 73 74  1
 16 60 61  1
 16 59 75 100  1
 16 59 73 74 100  1
 16 59 60 75  1
 16 59 60 73 74  1
 16 57 69 87  1
 16 57 69 85 86  1
 16 57 67 68 87  1
 16 57 67 68 85 86  1
 16 57 60 69  1
 16 57 60 67 68  1
 16 55 89  1
 16 55 87 88  1
 16 55 69  1
 16 55 67 68  1
 16 55 62  1
 16 55 56 69 87  1
 16 55 56 69 85 86  1
 16 55 56 67 68 87  1
 16 55 56 67 68 85 86  1
 16 55 56 60 69  1
 16 55 56 60 67 68  1
 16 53 54 89  1
 16 53 54 87 88  1
 16 53 54 69  1
 16 53 54 67 68  1
 16 53 54 62  1
 16 48  21
 16 48 86 100  1
 16 48 84 85 100  1
 16 48 74  1
 16 48 72 73  1
 16 48 61  1
 16 48 59 100  1
 16 48 59 60  1
 16 47 75  1
 16 47 73 74  1
 16 47 48  1
 16 42 57 87  1
 16 42 57 85 86  1
 16 42 57 60  1
 16 42 55  1
 16 42 55 56 87  1
 16 42 55 56 85 86  1
 16 42 55 56 60  1
 16 42 53 54  1
 16 41 75 86  1
 16 41 75 84 85  1
 16 41 73 74 86  1
 16 41 73 74 84 85  1
 16 41 59 75  1
 16 41 59 73 74  1
 16 41 48 86  1
 16 41 48 84 85  1
 16 41 48 59  1
 16 37 87  1
 16 37 85  1
 16 37 85 86  1
 16 37 83 84  1
 16 37 60  1
 16 37 58  1
 16 35  1
 16 35 36 87  1
 16 35 36 85  1
 16 35 36 85 86  1
 16 35 36 83 84  1
 16 35 36 60  1
 16 35 36 58  1
 16 34 75  1
 16 34 73 74  1
 16 34 48  1
 16 31  11
 16 31 75 86  1
 16 31 75 84 85  1
 16 31 73 74 86  1
 16 31 73 74 84 85  1
 16 31 59 75  1
 16 31 59 73 74  1
 16 31 48 86  1
 16 31 48 84 85  1
 16 31 48 59  1
 16 30 69 87  1
 16 30 69 85 86  1
 16 30 67 68 87  1
 16 30 67 68 85 86  1
 16 30 60 69  1
 16 30 60 67 68  1
 16 30 42 87  1
 16 30 42 85 86  1
 16 30 42 60  1
 16 28 89  1
 16 28 87 88  1
 16 28 69  1
 16 28 67 68  1
 16 28 62  1
 16 28 42  1
 14 75  1
 14 73 74  1
 14 57 87  1
 14 57 85 86  1
 14 57 60  1
 14 55 56 87  1
 14 55 56 85 86  1
 14 55 56 60  1
 14 48  1
 14 30 87  1
 14 30 85 86  1
 14 30 60  1
 10 43 87  1
 10 43 85  1
 10 43 85 86  1
 10 43 83 84  1
 10 43 60  1
 10 43 58  1
 10 41 42 87  1
 10 41 42 85  1
 10 41 42 85 86  1
 10 41 42 83 84  1
 10 41 42 60  1
 10 41 42 58  1
 10 16 87  1
 10 16 85  1
 10 16 85 86  1
 10 16 83 84  1
 10 16 60  1
 10 16 58  1
 43 81 87  1
 43 81 85 86  1
 43 79 80 87  1
 43 79 80 85 86  1
 43 60 81  1
 43 60 79 80  1
 43 54 87  1
 43 54 85 86  1
 43 54 60  1
 41 42 81 87  1
 41 42 81 85 86  1
 41 42 79 80 87  1
 41 42 79 80 85 86  1
 41 42 60 81  1
 41 42 60 79 80  1
 41 42 54 87  1
 41 42 54 85 86  1
 41 42 54 60  1
 31 43 87  1
 31 43 85 86  1
 31 43 60  1
 31 41 42 87  1
 31 41 42 85 86  1
 31 41 42 60  1
 29 30 43  5
 29 30 43 87  1
 29 30 43 85 86  1
 29 30 43 60  1
 29 30 41 42  5
 29 30 41 42 87  1
 29 30 41 42 85 86  1
 29 30 41 42 60  1
 16 81 87  1
 16 81 85 86  1
 16 79 80 87  1
 16 79 80 85 86  1
 16 60 81  1
 16 60 79 80  1
 16 54 87  1
 16 54 85 86  1
 16 54 60  1
 16 31 87  1
 16 31 85 86  1
 16 31 60  1
 16 29 30  5
 16 29 30 87  1
 16 29 30 85 86  1
 16 29 30 60  1
 4 43  5
 4 43 87  1
 4 43 85 86  1
 4 43 60  1
 4 41 42  5
 4 41 42 87  1
 4 41 42 85 86  1
 4 41 42 60  1
 4 16  5
 4 16 87  1
 4 16 85 86  1
 4 16 60  1
 31 85  1
 31 83  3
 31 83 84  1
 31 81 82  3
 31 58  1
 31 56  3
 29 43 55  1
 29 43 53 54  1
 29 41 42 55  1
 29 41 42 53 54  1
 29 30 85  1
 29 30 83  3
 29 30 83 84  1
 29 30 81 82  3
 29 30 58  1
 29 30 56  3
 28 29 43  1
 28 29 41 42  1
 27 28 43 55  1
 27 28 43 53 54  1
 27 28 41 42 55  1
 27 28 41 42 53 54  1
 16 29 55  1
 16 29 53 54  1
 16 28 29  1
 16 27 28 55  1
 16 27 28 53 54  1
 4 85  1
 4 83  3
 4 83 84  1
 4 81 82  3
 4 58  1
 4 56  3
 2 43 55  1
 2 43 53 54  1
 2 41 42 55  1
 2 41 42 53 54  1
 2 28 43  1
 2 28 41 42  1
 2 16 55  1
 2 16 53 54  1
 2 16 28  1
 55 57  3
 53 54 67 83  1
 53 54 67 81 82  1
 53 54 65 66 83  1
 53 54 65 66 81 82  1
 53 54 57  3
 53 54 56 67  1
 53 54 56 65 66  1
 53 54 55 56  3
 40 53 54 83  1
 40 53 54 81 82  1
 40 53 54 56  1
 30 55  3
 30 53 54  3
 28 67 83  1
 28 67 81 82  1
 28 65 66 83  1
 28 65 66 81 82  1
 28 57  3
 28 56 67  1
 28 56 65 66  1
 28 55 56  3
 28 40 83  1
 28 40 81 82  1
 28 40 56  1
 28 30  3
 43 75 87  1
 43 75 85 86  1
 43 73 74 87  1
 43 73 74 85 86  1
 43 60 75  1
 43 60 73 74  1
 43 48 87  1
 43 48 85 86  1
 43 48 60  1
 41 42 75 87  1
 41 42 75 85 86  1
 41 42 73 74 87  1
 41 42 73 74 85 86  1
 41 42 60 75  1
 41 42 60 73 74  1
 41 42 48 87  1
 41 42 48 85 86  1
 41 42 48 60  1
 16 75 87  1
 16 75 85 86  1
 16 73 74 87  1
 16 73 74 85 86  1
 16 60 75  1
 16 60 73 74  1
 16 48 87  1
 16 48 85 86  1
 16 48 60  1
