 42 50 58 73 84 92  1
 42 50 58 73 84 90 91  1
 42 50 58 73 82 83 92  1
 42 50 58 73 82 83 90 91  1
 42 50 58 65 73 84  1
 42 50 58 65 73 82 83  1
 42 50 57 58 73 92  1
 42 50 57 58 73 90 91  1
 42 50 57 58 65 73  1
 42 50 56 57 73 92  1
 42 50 56 57 73 90 91  1
 42 50 56 57 73 84 92  1
 42 50 56 57 73 84 90 91  1
 42 50 56 57 73 82 83 92  1
 42 50 56 57 73 82 83 90 91  1
 42 50 56 57 65 73  1
 42 50 56 57 65 73 84  1
 42 50 56 57 65 73 82 83  1
 42 48 49 58 73 84 92  1
 42 48 49 58 73 84 90 91  1
 42 48 49 58 73 82 83 92  1
 42 48 49 58 73 82 83 90 91  1
 42 48 49 58 65 73 84  1
 42 48 49 58 65 73 82 83  1
 42 48 49 57 58 73 92  1
 42 48 49 57 58 73 90 91  1
 42 48 49 57 58 65 73  1
 42 48 49 56 57 73 92  1
 42 48 49 56 57 73 90 91  1
 42 48 49 56 57 73 84 92  1
 42 48 49 56 57 73 84 90 91  1
 42 48 49 56 57 73 82 83 92  1
 42 48 49 56 57 73 82 83 90 91  1
 42 48 49 56 57 65 73  1
 42 48 49 56 57 65 73 84  1
 42 48 49 56 57 65 73 82 83  1
 40 41 50 58 73 84 92  1
 40 41 50 58 73 84 90 91  1
 40 41 50 58 73 82 83 92  1
 40 41 50 58 73 82 83 90 91  1
 40 41 50 58 65 73 84  1
 40 41 50 58 65 73 82 83  1
 40 41 50 57 58 73 92  1
 40 41 50 57 58 73 90 91  1
 40 41 50 57 58 65 73  1
 40 41 50 56 57 73 92  1
 40 41 50 56 57 73 90 91  1
 40 41 50 56 57 73 84 92  1
 40 41 50 56 57 73 84 90 91  1
 40 41 50 56 57 73 82 83 92  1
 40 41 50 56 57 73 82 83 90 91  1
 40 41 50 56 57 65 73  1
 40 41 50 56 57 65 73 84  1
 40 41 50 56 57 65 73 82 83  1
 40 41 48 49 58 73 84 92  1
 40 41 48 49 58 73 84 90 91  1
 40 41 48 49 58 73 82 83 92  1
 40 41 48 49 58 73 82 83 90 91  1
 40 41 48 49 58 65 73 84  1
 40 41 48 49 58 65 73 82 83  1
 40 41 48 49 57 58 73 92  1
 40 41 48 49 57 58 73 90 91  1
 40 41 48 49 57 58 65 73  1
 40 41 48 49 56 57 73 92  1
 40 41 48 49 56 57 73 90 91  1
 40 41 48 49 56 57 73 84 92  1
 40 41 48 49 56 57 73 84 90 91  1
 40 41 48 49 56 57 73 82 83 92  1
 40 41 48 49 56 57 73 82 83 90 91  1
 40 41 48 49 56 57 65 73  1
 40 41 48 49 56 57 65 73 84  1
 40 41 48 49 56 57 65 73 82 83  1
 31 42 50 73 84 92  1
 31 42 50 73 84 90 91  1
 31 42 50 73 82 83 92  1
 31 42 50 73 82 83 90 91  1
 31 42 50 65 73 84  1
 31 42 50 65 73 82 83  1
 31 42 50 57 73 92  1
 31 42 50 57 73 90 91  1
 31 42 50 57 65 73  1
 31 42 48 49 73 84 92  1
 31 42 48 49 73 84 90 91  1
 31 42 48 49 73 82 83 92  1
 31 42 48 49 73 82 83 90 91  1
 31 42 48 49 65 73 84  1
 31 42 48 49 65 73 82 83  1
 31 42 48 49 57 73 92  1
 31 42 48 49 57 73 90 91  1
 31 42 48 49 57 65 73  1
 31 40 41 50 73 84 92  1
 31 40 41 50 73 84 90 91  1
 31 40 41 50 73 82 83 92  1
 31 40 41 50 73 82 83 90 91  1
 31 40 41 50 65 73 84  1
 31 40 41 50 65 73 82 83  1
 31 40 41 50 57 73 92  1
 31 40 41 50 57 73 90 91  1
 31 40 41 50 57 65 73  1
 31 40 41 48 49 73 84 92  1
 31 40 41 48 49 73 84 90 91  1
 31 40 41 48 49 73 82 83 92  1
 31 40 41 48 49 73 82 83 90 91  1
 31 40 41 48 49 65 73 84  1
 31 40 41 48 49 65 73 82 83  1
 31 40 41 48 49 57 73 92  1
 31 40 41 48 49 57 73 90 91  1
 31 40 41 48 49 57 65 73  1
 23 42 58 73 84 92  1
 23 42 58 73 84 90 91  1
 23 42 58 73 82 83 92  1
 23 42 58 73 82 83 90 91  1
 23 42 58 65 73 84  1
 23 42 58 65 73 82 83  1
 23 42 57 58 73 92  1
 23 42 57 58 73 90 91  1
 23 42 57 58 65 73  1
 23 42 56 57 73 92  1
 23 42 56 57 73 90 91  1
 23 42 56 57 73 84 92  1
 23 42 56 57 73 84 90 91  1
 23 42 56 57 73 82 83 92  1
 23 42 56 57 73 82 83 90 91  1
 23 42 56 57 65 73  1
 23 42 56 57 65 73 84  1
 23 42 56 57 65 73 82 83  1
 23 40 41 58 73 84 92  1
 23 40 41 58 73 84 90 91  1
 23 40 41 58 73 82 83 92  1
 23 40 41 58 73 82 83 90 91  1
 23 40 41 58 65 73 84  1
 23 40 41 58 65 73 82 83  1
 23 40 41 57 58 73 92  1
 23 40 41 57 58 73 90 91  1
 23 40 41 57 58 65 73  1
 23 40 41 56 57 73 92  1
 23 40 41 56 57 73 90 91  1
 23 40 41 56 57 73 84 92  1
 23 40 41 56 57 73 84 90 91  1
 23 40 41 56 57 73 82 83 92  1
 23 40 41 56 57 73 82 83 90 91  1
 23 40 41 56 57 65 73  1
 23 40 41 56 57 65 73 84  1
 23 40 41 56 57 65 73 82 83  1
 23 31 42 73 84 92  1
 23 31 42 73 84 90 91  1
 23 31 42 73 82 83 92  1
 23 31 42 73 82 83 90 91  1
 23 31 42 65 73 84  1
 23 31 42 65 73 82 83  1
 23 31 42 57 73 92  1
 23 31 42 57 73 90 91  1
 23 31 42 57 65 73  1
 23 31 40 41 73 84 92  1
 23 31 40 41 73 84 90 91  1
 23 31 40 41 73 82 83 92  1
 23 31 40 41 73 82 83 90 91  1
 23 31 40 41 65 73 84  1
 23 31 40 41 65 73 82 83  1
 23 31 40 41 57 73 92  1
 23 31 40 41 57 73 90 91  1
 23 31 40 41 57 65 73  1
 15 50 58 73 84 92  1
 15 50 58 73 84 90 91  1
 15 50 58 73 82 83 92  1
 15 50 58 73 82 83 90 91  1
 15 50 58 65 73 84  1
 15 50 58 65 73 82 83  1
 15 50 57 58 73 92  1
 15 50 57 58 73 90 91  1
 15 50 57 58 65 73  1
 15 50 56 57 73 92  1
 15 50 56 57 73 90 91  1
 15 50 56 57 73 84 92  1
 15 50 56 57 73 84 90 91  1
 15 50 56 57 73 82 83 92  1
 15 50 56 57 73 82 83 90 91  1
 15 50 56 57 65 73  1
 15 50 56 57 65 73 84  1
 15 50 56 57 65 73 82 83  1
 15 48 49 58 73 84 92  1
 15 48 49 58 73 84 90 91  1
 15 48 49 58 73 82 83 92  1
 15 48 49 58 73 82 83 90 91  1
 15 48 49 58 65 73 84  1
 15 48 49 58 65 73 82 83  1
 15 48 49 57 58 73 92  1
 15 48 49 57 58 73 90 91  1
 15 48 49 57 58 65 73  1
 15 48 49 56 57 73 92  1
 15 48 49 56 57 73 90 91  1
 15 48 49 56 57 73 84 92  1
 15 48 49 56 57 73 84 90 91  1
 15 48 49 56 57 73 82 83 92  1
 15 48 49 56 57 73 82 83 90 91  1
 15 48 49 56 57 65 73  1
 15 48 49 56 57 65 73 84  1
 15 48 49 56 57 65 73 82 83  1
 15 31 50 73 84 92  1
 15 31 50 73 84 90 91  1
 15 31 50 73 82 83 92  1
 15 31 50 73 82 83 90 91  1
 15 31 50 65 73 84  1
 15 31 50 65 73 82 83  1
 15 31 50 57 73 92  1
 15 31 50 57 73 90 91  1
 15 31 50 57 65 73  1
 15 31 48 49 73 84 92  1
 15 31 48 49 73 84 90 91  1
 15 31 48 49 73 82 83 92  1
 15 31 48 49 73 82 83 90 91  1
 15 31 48 49 65 73 84  1
 15 31 48 49 65 73 82 83  1
 15 31 48 49 57 73 92  1
 15 31 48 49 57 73 90 91  1
 15 31 48 49 57 65 73  1
 15 23 58 73 84 92  1
 15 23 58 73 84 90 91  1
 15 23 58 73 82 83 92  1
 15 23 58 73 82 83 90 91  1
 15 23 58 65 73 84  1
 15 23 58 65 73 82 83  1
 15 23 57 58 73 92  1
 15 23 57 58 73 90 91  1
 15 23 57 58 65 73  1
 15 23 56 57 73 92  1
 15 23 56 57 73 90 91  1
 15 23 56 57 73 84 92  1
 15 23 56 57 73 84 90 91  1
 15 23 56 57 73 82 83 92  1
 15 23 56 57 73 82 83 90 91  1
 15 23 56 57 65 73  1
 15 23 56 57 65 73 84  1
 15 23 56 57 65 73 82 83  1
 15 23 31 73 84 92  1
 15 23 31 73 84 90 91  1
 15 23 31 73 82 83 92  1
 15 23 31 73 82 83 90 91  1
 15 23 31 65 73 84  1
 15 23 31 65 73 82 83  1
 15 23 31 57 73 92  1
 15 23 31 57 73 90 91  1
 15 23 31 57 65 73  1
 23 40 41 58 84 92 98  3
 23 40 41 58 84 92 98 99  1
 23 40 41 58 84 90 91 98  3
 23 40 41 58 84 90 91 98 99  1
 23 40 41 58 82 83 92 98  3
 23 40 41 58 82 83 92 98 99  1
 23 40 41 58 82 83 90 91 98  3
 23 40 41 58 82 83 90 91 98 99  1
 23 40 41 58 65 84 98  3
 23 40 41 58 65 84 98 99  1
 23 40 41 58 65 82 83 98  3
 23 40 41 58 65 82 83 98 99  1
 23 40 41 57 58 92 98  3
 23 40 41 57 58 92 98 99  1
 23 40 41 57 58 90 91 98  3
 23 40 41 57 58 90 91 98 99  1
 23 40 41 57 58 65 98  3
 23 40 41 57 58 65 98 99  1
 23 40 41 56 57 92 98  3
 23 40 41 56 57 92 98 99  1
 23 40 41 56 57 90 91 98  3
 23 40 41 56 57 90 91 98 99  1
 23 40 41 56 57 84 92 98  3
 23 40 41 56 57 84 92 98 99  1
 23 40 41 56 57 84 90 91 98  3
 23 40 41 56 57 84 90 91 98 99  1
 23 40 41 56 57 82 83 92 98  3
 23 40 41 56 57 82 83 92 98 99  1
 23 40 41 56 57 82 83 90 91 98  3
 23 40 41 56 57 82 83 90 91 98 99  1
 23 40 41 56 57 65 98  3
 23 40 41 56 57 65 98 99  1
 23 40 41 56 57 65 84 98  3
 23 40 41 56 57 65 84 98 99  1
 23 40 41 56 57 65 82 83 98  3
 23 40 41 56 57 65 82 83 98 99  1
 23 39 40 41 58 84 92  3
 23 39 40 41 58 84 92 99  1
 23 39 40 41 58 84 90 91  3
 23 39 40 41 58 84 90 91 99  1
 23 39 40 41 58 82 83 92  3
 23 39 40 41 58 82 83 92 99  1
 23 39 40 41 58 82 83 90 91  3
 23 39 40 41 58 82 83 90 91 99  1
 23 39 40 41 58 65 84  3
 23 39 40 41 58 65 84 99  1
 23 39 40 41 58 65 82 83  3
 23 39 40 41 58 65 82 83 99  1
 23 39 40 41 57 58 92  3
 23 39 40 41 57 58 92 99  1
 23 39 40 41 57 58 90 91  3
 23 39 40 41 57 58 90 91 99  1
 23 39 40 41 57 58 65  3
 23 39 40 41 57 58 65 99  1
 23 39 40 41 56 57 92  3
 23 39 40 41 56 57 92 99  1
 23 39 40 41 56 57 90 91  3
 23 39 40 41 56 57 90 91 99  1
 23 39 40 41 56 57 84 92  3
 23 39 40 41 56 57 84 92 99  1
 23 39 40 41 56 57 84 90 91  3
 23 39 40 41 56 57 84 90 91 99  1
 23 39 40 41 56 57 82 83 92  3
 23 39 40 41 56 57 82 83 92 99  1
 23 39 40 41 56 57 82 83 90 91  3
 23 39 40 41 56 57 82 83 90 91 99  1
 23 39 40 41 56 57 65  3
 23 39 40 41 56 57 65 99  1
 23 39 40 41 56 57 65 84  3
 23 39 40 41 56 57 65 84 99  1
 23 39 40 41 56 57 65 82 83  3
 23 39 40 41 56 57 65 82 83 99  1
 23 31 40 41 84 92 98  3
 23 31 40 41 84 92 98 99  1
 23 31 40 41 84 90 91 98  3
 23 31 40 41 84 90 91 98 99  1
 23 31 40 41 82 83 92 98  3
 23 31 40 41 82 83 92 98 99  1
 23 31 40 41 82 83 90 91 98  3
 23 31 40 41 82 83 90 91 98 99  1
 23 31 40 41 65 84 98  3
 23 31 40 41 65 84 98 99  1
 23 31 40 41 65 82 83 98  3
 23 31 40 41 65 82 83 98 99  1
 23 31 40 41 57 92 98  3
 23 31 40 41 57 92 98 99  1
 23 31 40 41 57 90 91 98  3
 23 31 40 41 57 90 91 98 99  1
 23 31 40 41 57 65 98  3
 23 31 40 41 57 65 98 99  1
 23 31 39 40 41 84 92  3
 23 31 39 40 41 84 92 99  1
 23 31 39 40 41 84 90 91  3
 23 31 39 40 41 84 90 91 99  1
 23 31 39 40 41 82 83 92  3
 23 31 39 40 41 82 83 92 99  1
 23 31 39 40 41 82 83 90 91  3
 23 31 39 40 41 82 83 90 91 99  1
 23 31 39 40 41 65 84  3
 23 31 39 40 41 65 84 99  1
 23 31 39 40 41 65 82 83  3
 23 31 39 40 41 65 82 83 99  1
 23 31 39 40 41 57 92  3
 23 31 39 40 41 57 92 99  1
 23 31 39 40 41 57 90 91  3
 23 31 39 40 41 57 90 91 99  1
 23 31 39 40 41 57 65  3
 23 31 39 40 41 57 65 99  1
 42 48 49 58 84 92  9
 42 48 49 58 84 92 98 99  1
 42 48 49 58 84 90 91  9
 42 48 49 58 84 90 91 98 99  1
 42 48 49 58 82 83 92  9
 42 48 49 58 82 83 92 98 99  1
 42 48 49 58 82 83 90 91  9
 42 48 49 58 82 83 90 91 98 99  1
 42 48 49 58 65 84  9
 42 48 49 58 65 84 98 99  1
 42 48 49 58 65 82 83  9
 42 48 49 58 65 82 83 98 99  1
 42 48 49 57 58 92  9
 42 48 49 57 58 92 98 99  1
 42 48 49 57 58 90 91  9
 42 48 49 57 58 90 91 98 99  1
 42 48 49 57 58 65  9
 42 48 49 57 58 65 98 99  1
 42 48 49 56 57 92  9
 42 48 49 56 57 92 98 99  1
 42 48 49 56 57 90 91  9
 42 48 49 56 57 90 91 98 99  1
 42 48 49 56 57 84 92  9
 42 48 49 56 57 84 92 98 99  1
 42 48 49 56 57 84 90 91  9
 42 48 49 56 57 84 90 91 98 99  1
 42 48 49 56 57 82 83 92  9
 42 48 49 56 57 82 83 92 98 99  1
 42 48 49 56 57 82 83 90 91  9
 42 48 49 56 57 82 83 90 91 98 99  1
 42 48 49 56 57 65  9
 42 48 49 56 57 65 98 99  1
 42 48 49 56 57 65 84  9
 42 48 49 56 57 65 84 98 99  1
 42 48 49 56 57 65 82 83  9
 42 48 49 56 57 65 82 83 98 99  1
 40 42 48 49 58 84 92 98  1
 40 42 48 49 58 84 90 91 98  1
 40 42 48 49 58 82 83 92 98  1
 40 42 48 49 58 82 83 90 91 98  1
 40 42 48 49 58 65 84 98  1
 40 42 48 49 58 65 82 83 98  1
 40 42 48 49 57 58 92 98  1
 40 42 48 49 57 58 90 91 98  1
 40 42 48 49 57 58 65 98  1
 40 42 48 49 56 57 92 98  1
 40 42 48 49 56 57 90 91 98  1
 40 42 48 49 56 57 84 92 98  1
 40 42 48 49 56 57 84 90 91 98  1
 40 42 48 49 56 57 82 83 92 98  1
 40 42 48 49 56 57 82 83 90 91 98  1
 40 42 48 49 56 57 65 98  1
 40 42 48 49 56 57 65 84 98  1
 40 42 48 49 56 57 65 82 83 98  1
 39 42 48 49 58 84 92 99  1
 39 42 48 49 58 84 90 91 99  1
 39 42 48 49 58 82 83 92 99  1
 39 42 48 49 58 82 83 90 91 99  1
 39 42 48 49 58 65 84 99  1
 39 42 48 49 58 65 82 83 99  1
 39 42 48 49 57 58 92 99  1
 39 42 48 49 57 58 90 91 99  1
 39 42 48 49 57 58 65 99  1
 39 42 48 49 56 57 92 99  1
 39 42 48 49 56 57 90 91 99  1
 39 42 48 49 56 57 84 92 99  1
 39 42 48 49 56 57 84 90 91 99  1
 39 42 48 49 56 57 82 83 92 99  1
 39 42 48 49 56 57 82 83 90 91 99  1
 39 42 48 49 56 57 65 99  1
 39 42 48 49 56 57 65 84 99  1
 39 42 48 49 56 57 65 82 83 99  1
 39 40 42 48 49 58 84 92  1
 39 40 42 48 49 58 84 90 91  1
 39 40 42 48 49 58 82 83 92  1
 39 40 42 48 49 58 82 83 90 91  1
 39 40 42 48 49 58 65 84  1
 39 40 42 48 49 58 65 82 83  1
 39 40 42 48 49 57 58 92  1
 39 40 42 48 49 57 58 90 91  1
 39 40 42 48 49 57 58 65  1
 39 40 42 48 49 56 57 92  1
 39 40 42 48 49 56 57 90 91  1
 39 40 42 48 49 56 57 84 92  1
 39 40 42 48 49 56 57 84 90 91  1
 39 40 42 48 49 56 57 82 83 92  1
 39 40 42 48 49 56 57 82 83 90 91  1
 39 40 42 48 49 56 57 65  1
 39 40 42 48 49 56 57 65 84  1
 39 40 42 48 49 56 57 65 82 83  1
 31 42 48 49 84 92  9
 31 42 48 49 84 92 98 99  1
 31 42 48 49 84 90 91  9
 31 42 48 49 84 90 91 98 99  1
 31 42 48 49 82 83 92  9
 31 42 48 49 82 83 92 98 99  1
 31 42 48 49 82 83 90 91  9
 31 42 48 49 82 83 90 91 98 99  1
 31 42 48 49 65 84  9
 31 42 48 49 65 84 98 99  1
 31 42 48 49 65 82 83  9
 31 42 48 49 65 82 83 98 99  1
 31 42 48 49 57 92  9
 31 42 48 49 57 92 98 99  1
 31 42 48 49 57 90 91  9
 31 42 48 49 57 90 91 98 99  1
 31 42 48 49 57 65  9
 31 42 48 49 57 65 98 99  1
 31 40 42 48 49 84 92 98  1
 31 40 42 48 49 84 90 91 98  1
 31 40 42 48 49 82 83 92 98  1
 31 40 42 48 49 82 83 90 91 98  1
 31 40 42 48 49 65 84 98  1
 31 40 42 48 49 65 82 83 98  1
 31 40 42 48 49 57 92 98  1
 31 40 42 48 49 57 90 91 98  1
 31 40 42 48 49 57 65 98  1
 31 39 42 48 49 84 92 99  1
 31 39 42 48 49 84 90 91 99  1
 31 39 42 48 49 82 83 92 99  1
 31 39 42 48 49 82 83 90 91 99  1
 31 39 42 48 49 65 84 99  1
 31 39 42 48 49 65 82 83 99  1
 31 39 42 48 49 57 92 99  1
 31 39 42 48 49 57 90 91 99  1
 31 39 42 48 49 57 65 99  1
 31 39 40 42 48 49 84 92  1
 31 39 40 42 48 49 84 90 91  1
 31 39 40 42 48 49 82 83 92  1
 31 39 40 42 48 49 82 83 90 91  1
 31 39 40 42 48 49 65 84  1
 31 39 40 42 48 49 65 82 83  1
 31 39 40 42 48 49 57 92  1
 31 39 40 42 48 49 57 90 91  1
 31 39 40 42 48 49 57 65  1
 40 41 50 58 84 92 98  3
 40 41 50 58 84 92 98 99  1
 40 41 50 58 84 90 91 98  3
 40 41 50 58 84 90 91 98 99  1
 40 41 50 58 82 83 92 98  3
 40 41 50 58 82 83 92 98 99  1
 40 41 50 58 82 83 90 91 98  3
 40 41 50 58 82 83 90 91 98 99  1
 40 41 50 58 65 84 98  3
 40 41 50 58 65 84 98 99  1
 40 41 50 58 65 82 83 98  3
 40 41 50 58 65 82 83 98 99  1
 40 41 50 57 58 92 98  3
 40 41 50 57 58 92 98 99  1
 40 41 50 57 58 90 91 98  3
 40 41 50 57 58 90 91 98 99  1
 40 41 50 57 58 65 98  3
 40 41 50 57 58 65 98 99  1
 40 41 50 56 57 92 98  3
 40 41 50 56 57 92 98 99  1
 40 41 50 56 57 90 91 98  3
 40 41 50 56 57 90 91 98 99  1
 40 41 50 56 57 84 92 98  3
 40 41 50 56 57 84 92 98 99  1
 40 41 50 56 57 84 90 91 98  3
 40 41 50 56 57 84 90 91 98 99  1
 40 41 50 56 57 82 83 92 98  3
 40 41 50 56 57 82 83 92 98 99  1
 40 41 50 56 57 82 83 90 91 98  3
 40 41 50 56 57 82 83 90 91 98 99  1
 40 41 50 56 57 65 98  3
 40 41 50 56 57 65 98 99  1
 40 41 50 56 57 65 84 98  3
 40 41 50 56 57 65 84 98 99  1
 40 41 50 56 57 65 82 83 98  3
 40 41 50 56 57 65 82 83 98 99  1
 39 40 41 50 58 84 92  3
 39 40 41 50 58 84 92 99  1
 39 40 41 50 58 84 90 91  3
 39 40 41 50 58 84 90 91 99  1
 39 40 41 50 58 82 83 92  3
 39 40 41 50 58 82 83 92 99  1
 39 40 41 50 58 82 83 90 91  3
 39 40 41 50 58 82 83 90 91 99  1
 39 40 41 50 58 65 84  3
 39 40 41 50 58 65 84 99  1
 39 40 41 50 58 65 82 83  3
 39 40 41 50 58 65 82 83 99  1
 39 40 41 50 57 58 92  3
 39 40 41 50 57 58 92 99  1
 39 40 41 50 57 58 90 91  3
 39 40 41 50 57 58 90 91 99  1
 39 40 41 50 57 58 65  3
 39 40 41 50 57 58 65 99  1
 39 40 41 50 56 57 92  3
 39 40 41 50 56 57 92 99  1
 39 40 41 50 56 57 90 91  3
 39 40 41 50 56 57 90 91 99  1
 39 40 41 50 56 57 84 92  3
 39 40 41 50 56 57 84 92 99  1
 39 40 41 50 56 57 84 90 91  3
 39 40 41 50 56 57 84 90 91 99  1
 39 40 41 50 56 57 82 83 92  3
 39 40 41 50 56 57 82 83 92 99  1
 39 40 41 50 56 57 82 83 90 91  3
 39 40 41 50 56 57 82 83 90 91 99  1
 39 40 41 50 56 57 65  3
 39 40 41 50 56 57 65 99  1
 39 40 41 50 56 57 65 84  3
 39 40 41 50 56 57 65 84 99  1
 39 40 41 50 56 57 65 82 83  3
 39 40 41 50 56 57 65 82 83 99  1
 31 40 41 50 84 92 98  3
 31 40 41 50 84 92 98 99  1
 31 40 41 50 84 90 91 98  3
 31 40 41 50 84 90 91 98 99  1
 31 40 41 50 82 83 92 98  3
 31 40 41 50 82 83 92 98 99  1
 31 40 41 50 82 83 90 91 98  3
 31 40 41 50 82 83 90 91 98 99  1
 31 40 41 50 65 84 98  3
 31 40 41 50 65 84 98 99  1
 31 40 41 50 65 82 83 98  3
 31 40 41 50 65 82 83 98 99  1
 31 40 41 50 57 92 98  3
 31 40 41 50 57 92 98 99  1
 31 40 41 50 57 90 91 98  3
 31 40 41 50 57 90 91 98 99  1
 31 40 41 50 57 65 98  3
 31 40 41 50 57 65 98 99  1
 31 39 40 41 50 84 92  3
 31 39 40 41 50 84 92 99  1
 31 39 40 41 50 84 90 91  3
 31 39 40 41 50 84 90 91 99  1
 31 39 40 41 50 82 83 92  3
 31 39 40 41 50 82 83 92 99  1
 31 39 40 41 50 82 83 90 91  3
 31 39 40 41 50 82 83 90 91 99  1
 31 39 40 41 50 65 84  3
 31 39 40 41 50 65 84 99  1
 31 39 40 41 50 65 82 83  3
 31 39 40 41 50 65 82 83 99  1
 31 39 40 41 50 57 92  3
 31 39 40 41 50 57 92 99  1
 31 39 40 41 50 57 90 91  3
 31 39 40 41 50 57 90 91 99  1
 31 39 40 41 50 57 65  3
 31 39 40 41 50 57 65 99  1
 15 23 58 84 92  9
 15 23 58 84 92 98 99  1
 15 23 58 84 90 91  9
 15 23 58 84 90 91 98 99  1
 15 23 58 82 83 92  9
 15 23 58 82 83 92 98 99  1
 15 23 58 82 83 90 91  9
 15 23 58 82 83 90 91 98 99  1
 15 23 58 65 84  9
 15 23 58 65 84 98 99  1
 15 23 58 65 82 83  9
 15 23 58 65 82 83 98 99  1
 15 23 57 58 92  9
 15 23 57 58 92 98 99  1
 15 23 57 58 90 91  9
 15 23 57 58 90 91 98 99  1
 15 23 57 58 65  9
 15 23 57 58 65 98 99  1
 15 23 56 57 92  9
 15 23 56 57 92 98 99  1
 15 23 56 57 90 91  9
 15 23 56 57 90 91 98 99  1
 15 23 56 57 84 92  9
 15 23 56 57 84 92 98 99  1
 15 23 56 57 84 90 91  9
 15 23 56 57 84 90 91 98 99  1
 15 23 56 57 82 83 92  9
 15 23 56 57 82 83 92 98 99  1
 15 23 56 57 82 83 90 91  9
 15 23 56 57 82 83 90 91 98 99  1
 15 23 56 57 65  9
 15 23 56 57 65 98 99  1
 15 23 56 57 65 84  9
 15 23 56 57 65 84 98 99  1
 15 23 56 57 65 82 83  9
 15 23 56 57 65 82 83 98 99  1
 15 23 40 58 84 92 98  1
 15 23 40 58 84 90 91 98  1
 15 23 40 58 82 83 92 98  1
 15 23 40 58 82 83 90 91 98  1
 15 23 40 58 65 84 98  1
 15 23 40 58 65 82 83 98  1
 15 23 40 57 58 92 98  1
 15 23 40 57 58 90 91 98  1
 15 23 40 57 58 65 98  1
 15 23 40 56 57 92 98  1
 15 23 40 56 57 90 91 98  1
 15 23 40 56 57 84 92 98  1
 15 23 40 56 57 84 90 91 98  1
 15 23 40 56 57 82 83 92 98  1
 15 23 40 56 57 82 83 90 91 98  1
 15 23 40 56 57 65 98  1
 15 23 40 56 57 65 84 98  1
 15 23 40 56 57 65 82 83 98  1
 15 23 39 58 84 92 99  1
 15 23 39 58 84 90 91 99  1
 15 23 39 58 82 83 92 99  1
 15 23 39 58 82 83 90 91 99  1
 15 23 39 58 65 84 99  1
 15 23 39 58 65 82 83 99  1
 15 23 39 57 58 92 99  1
 15 23 39 57 58 90 91 99  1
 15 23 39 57 58 65 99  1
 15 23 39 56 57 92 99  1
 15 23 39 56 57 90 91 99  1
 15 23 39 56 57 84 92 99  1
 15 23 39 56 57 84 90 91 99  1
 15 23 39 56 57 82 83 92 99  1
 15 23 39 56 57 82 83 90 91 99  1
 15 23 39 56 57 65 99  1
 15 23 39 56 57 65 84 99  1
 15 23 39 56 57 65 82 83 99  1
 15 23 39 40 58 84 92  1
 15 23 39 40 58 84 90 91  1
 15 23 39 40 58 82 83 92  1
 15 23 39 40 58 82 83 90 91  1
 15 23 39 40 58 65 84  1
 15 23 39 40 58 65 82 83  1
 15 23 39 40 57 58 92  1
 15 23 39 40 57 58 90 91  1
 15 23 39 40 57 58 65  1
 15 23 39 40 56 57 92  1
 15 23 39 40 56 57 90 91  1
 15 23 39 40 56 57 84 92  1
 15 23 39 40 56 57 84 90 91  1
 15 23 39 40 56 57 82 83 92  1
 15 23 39 40 56 57 82 83 90 91  1
 15 23 39 40 56 57 65  1
 15 23 39 40 56 57 65 84  1
 15 23 39 40 56 57 65 82 83  1
 15 23 31 84 92  9
 15 23 31 84 92 98 99  1
 15 23 31 84 90 91  9
 15 23 31 84 90 91 98 99  1
 15 23 31 82 83 92  9
 15 23 31 82 83 92 98 99  1
 15 23 31 82 83 90 91  9
 15 23 31 82 83 90 91 98 99  1
 15 23 31 65 84  9
 15 23 31 65 84 98 99  1
 15 23 31 65 82 83  9
 15 23 31 65 82 83 98 99  1
 15 23 31 57 92  9
 15 23 31 57 92 98 99  1
 15 23 31 57 90 91  9
 15 23 31 57 90 91 98 99  1
 15 23 31 57 65  9
 15 23 31 57 65 98 99  1
 15 23 31 40 84 92 98  1
 15 23 31 40 84 90 91 98  1
 15 23 31 40 82 83 92 98  1
 15 23 31 40 82 83 90 91 98  1
 15 23 31 40 65 84 98  1
 15 23 31 40 65 82 83 98  1
 15 23 31 40 57 92 98  1
 15 23 31 40 57 90 91 98  1
 15 23 31 40 57 65 98  1
 15 23 31 39 84 92 99  1
 15 23 31 39 84 90 91 99  1
 15 23 31 39 82 83 92 99  1
 15 23 31 39 82 83 90 91 99  1
 15 23 31 39 65 84 99  1
 15 23 31 39 65 82 83 99  1
 15 23 31 39 57 92 99  1
 15 23 31 39 57 90 91 99  1
 15 23 31 39 57 65 99  1
 15 23 31 39 40 84 92  1
 15 23 31 39 40 84 90 91  1
 15 23 31 39 40 82 83 92  1
 15 23 31 39 40 82 83 90 91  1
 15 23 31 39 40 65 84  1
 15 23 31 39 40 65 82 83  1
 15 23 31 39 40 57 92  1
 15 23 31 39 40 57 90 91  1
 15 23 31 39 40 57 65  1
 23 42 58 84 92  9
 23 42 58 84 92 98 99  1
 23 42 58 84 90 91  9
 23 42 58 84 90 91 98 99  1
 23 42 58 82 83 92  9
 23 42 58 82 83 92 98 99  1
 23 42 58 82 83 90 91  9
 23 42 58 82 83 90 91 98 99  1
 23 42 58 65 84  9
 23 42 58 65 84 98 99  1
 23 42 58 65 82 83  9
 23 42 58 65 82 83 98 99  1
 23 42 57 58 92  9
 23 42 57 58 92 98 99  1
 23 42 57 58 90 91  9
 23 42 57 58 90 91 98 99  1
 23 42 57 58 65  9
 23 42 57 58 65 98 99  1
 23 42 56 57 92  9
 23 42 56 57 92 98 99  1
 23 42 56 57 90 91  9
 23 42 56 57 90 91 98 99  1
 23 42 56 57 84 92  9
 23 42 56 57 84 92 98 99  1
 23 42 56 57 84 90 91  9
 23 42 56 57 84 90 91 98 99  1
 23 42 56 57 82 83 92  9
 23 42 56 57 82 83 92 98 99  1
 23 42 56 57 82 83 90 91  9
 23 42 56 57 82 83 90 91 98 99  1
 23 42 56 57 65  9
 23 42 56 57 65 98 99  1
 23 42 56 57 65 84  9
 23 42 56 57 65 84 98 99  1
 23 42 56 57 65 82 83  9
 23 42 56 57 65 82 83 98 99  1
 23 40 42 58 84 92 98  1
 23 40 42 58 84 90 91 98  1
 23 40 42 58 82 83 92 98  1
 23 40 42 58 82 83 90 91 98  1
 23 40 42 58 65 84 98  1
 23 40 42 58 65 82 83 98  1
 23 40 42 57 58 92 98  1
 23 40 42 57 58 90 91 98  1
 23 40 42 57 58 65 98  1
 23 40 42 56 57 92 98  1
 23 40 42 56 57 90 91 98  1
 23 40 42 56 57 84 92 98  1
 23 40 42 56 57 84 90 91 98  1
 23 40 42 56 57 82 83 92 98  1
 23 40 42 56 57 82 83 90 91 98  1
 23 40 42 56 57 65 98  1
 23 40 42 56 57 65 84 98  1
 23 40 42 56 57 65 82 83 98  1
 23 39 42 58 84 92 99  1
 23 39 42 58 84 90 91 99  1
 23 39 42 58 82 83 92 99  1
 23 39 42 58 82 83 90 91 99  1
 23 39 42 58 65 84 99  1
 23 39 42 58 65 82 83 99  1
 23 39 42 57 58 92 99  1
 23 39 42 57 58 90 91 99  1
 23 39 42 57 58 65 99  1
 23 39 42 56 57 92 99  1
 23 39 42 56 57 90 91 99  1
 23 39 42 56 57 84 92 99  1
 23 39 42 56 57 84 90 91 99  1
 23 39 42 56 57 82 83 92 99  1
 23 39 42 56 57 82 83 90 91 99  1
 23 39 42 56 57 65 99  1
 23 39 42 56 57 65 84 99  1
 23 39 42 56 57 65 82 83 99  1
 23 39 40 42 58 84 92  1
 23 39 40 42 58 84 90 91  1
 23 39 40 42 58 82 83 92  1
 23 39 40 42 58 82 83 90 91  1
 23 39 40 42 58 65 84  1
 23 39 40 42 58 65 82 83  1
 23 39 40 42 57 58 92  1
 23 39 40 42 57 58 90 91  1
 23 39 40 42 57 58 65  1
 23 39 40 42 56 57 92  1
 23 39 40 42 56 57 90 91  1
 23 39 40 42 56 57 84 92  1
 23 39 40 42 56 57 84 90 91  1
 23 39 40 42 56 57 82 83 92  1
 23 39 40 42 56 57 82 83 90 91  1
 23 39 40 42 56 57 65  1
 23 39 40 42 56 57 65 84  1
 23 39 40 42 56 57 65 82 83  1
 23 31 42 84 92  9
 23 31 42 84 92 98 99  1
 23 31 42 84 90 91  9
 23 31 42 84 90 91 98 99  1
 23 31 42 82 83 92  9
 23 31 42 82 83 92 98 99  1
 23 31 42 82 83 90 91  9
 23 31 42 82 83 90 91 98 99  1
 23 31 42 65 84  9
 23 31 42 65 84 98 99  1
 23 31 42 65 82 83  9
 23 31 42 65 82 83 98 99  1
 23 31 42 57 92  9
 23 31 42 57 92 98 99  1
 23 31 42 57 90 91  9
 23 31 42 57 90 91 98 99  1
 23 31 42 57 65  9
 23 31 42 57 65 98 99  1
 23 31 40 42 84 92 98  1
 23 31 40 42 84 90 91 98  1
 23 31 40 42 82 83 92 98  1
 23 31 40 42 82 83 90 91 98  1
 23 31 40 42 65 84 98  1
 23 31 40 42 65 82 83 98  1
 23 31 40 42 57 92 98  1
 23 31 40 42 57 90 91 98  1
 23 31 40 42 57 65 98  1
 23 31 39 42 84 92 99  1
 23 31 39 42 84 90 91 99  1
 23 31 39 42 82 83 92 99  1
 23 31 39 42 82 83 90 91 99  1
 23 31 39 42 65 84 99  1
 23 31 39 42 65 82 83 99  1
 23 31 39 42 57 92 99  1
 23 31 39 42 57 90 91 99  1
 23 31 39 42 57 65 99  1
 23 31 39 40 42 84 92  1
 23 31 39 40 42 84 90 91  1
 23 31 39 40 42 82 83 92  1
 23 31 39 40 42 82 83 90 91  1
 23 31 39 40 42 65 84  1
 23 31 39 40 42 65 82 83  1
 23 31 39 40 42 57 92  1
 23 31 39 40 42 57 90 91  1
 23 31 39 40 42 57 65  1
 42 50 58 84 92  9
 42 50 58 84 90 91  9
 42 50 58 82 83 92  9
 42 50 58 82 83 90 91  9
 42 50 58 65 84  9
 42 50 58 65 82 83  9
 42 50 57 58 92  9
 42 50 57 58 90 91  9
 42 50 57 58 65  9
 42 50 56 57 92  9
 42 50 56 57 90 91  9
 42 50 56 57 84 92  9
 42 50 56 57 84 90 91  9
 42 50 56 57 82 83 92  9
 42 50 56 57 82 83 90 91  9
 42 50 56 57 65  9
 42 50 56 57 65 84  9
 42 50 56 57 65 82 83  9
 31 42 50 84 92  9
 31 42 50 84 90 91  9
 31 42 50 82 83 92  9
 31 42 50 82 83 90 91  9
 31 42 50 65 84  9
 31 42 50 65 82 83  9
 31 42 50 57 92  9
 31 42 50 57 90 91  9
 31 42 50 57 65  9
 15 50 58 84 92  9
 15 50 58 84 90 91  9
 15 50 58 82 83 92  9
 15 50 58 82 83 90 91  9
 15 50 58 65 84  9
 15 50 58 65 82 83  9
 15 50 57 58 92  9
 15 50 57 58 90 91  9
 15 50 57 58 65  9
 15 50 56 57 92  9
 15 50 56 57 90 91  9
 15 50 56 57 84 92  9
 15 50 56 57 84 90 91  9
 15 50 56 57 82 83 92  9
 15 50 56 57 82 83 90 91  9
 15 50 56 57 65  9
 15 50 56 57 65 84  9
 15 50 56 57 65 82 83  9
 15 48 49 58 84 92  9
 15 48 49 58 84 90 91  9
 15 48 49 58 82 83 92  9
 15 48 49 58 82 83 90 91  9
 15 48 49 58 65 84  9
 15 48 49 58 65 82 83  9
 15 48 49 57 58 92  9
 15 48 49 57 58 90 91  9
 15 48 49 57 58 65  9
 15 48 49 56 57 92  9
 15 48 49 56 57 90 91  9
 15 48 49 56 57 84 92  9
 15 48 49 56 57 84 90 91  9
 15 48 49 56 57 82 83 92  9
 15 48 49 56 57 82 83 90 91  9
 15 48 49 56 57 65  9
 15 48 49 56 57 65 84  9
 15 48 49 56 57 65 82 83  9
 15 31 50 84 92  9
 15 31 50 84 90 91  9
 15 31 50 82 83 92  9
 15 31 50 82 83 90 91  9
 15 31 50 65 84  9
 15 31 50 65 82 83  9
 15 31 50 57 92  9
 15 31 50 57 90 91  9
 15 31 50 57 65  9
 15 31 48 49 84 92  9
 15 31 48 49 84 90 91  9
 15 31 48 49 82 83 92  9
 15 31 48 49 82 83 90 91  9
 15 31 48 49 65 84  9
 15 31 48 49 65 82 83  9
 15 31 48 49 57 92  9
 15 31 48 49 57 90 91  9
 15 31 48 49 57 65  9
 40 41 48 49 58 84 92 98  3
 40 41 48 49 58 84 92 98 99  1
 40 41 48 49 58 84 90 91 98  3
 40 41 48 49 58 84 90 91 98 99  1
 40 41 48 49 58 82 83 92 98  3
 40 41 48 49 58 82 83 92 98 99  1
 40 41 48 49 58 82 83 90 91 98  3
 40 41 48 49 58 82 83 90 91 98 99  1
 40 41 48 49 58 65 84 98  3
 40 41 48 49 58 65 84 98 99  1
 40 41 48 49 58 65 82 83 98  3
 40 41 48 49 58 65 82 83 98 99  1
 40 41 48 49 57 58 92 98  3
 40 41 48 49 57 58 92 98 99  1
 40 41 48 49 57 58 90 91 98  3
 40 41 48 49 57 58 90 91 98 99  1
 40 41 48 49 57 58 65 98  3
 40 41 48 49 57 58 65 98 99  1
 40 41 48 49 56 57 92 98  3
 40 41 48 49 56 57 92 98 99  1
 40 41 48 49 56 57 90 91 98  3
 40 41 48 49 56 57 90 91 98 99  1
 40 41 48 49 56 57 84 92 98  3
 40 41 48 49 56 57 84 92 98 99  1
 40 41 48 49 56 57 84 90 91 98  3
 40 41 48 49 56 57 84 90 91 98 99  1
 40 41 48 49 56 57 82 83 92 98  3
 40 41 48 49 56 57 82 83 92 98 99  1
 40 41 48 49 56 57 82 83 90 91 98  3
 40 41 48 49 56 57 82 83 90 91 98 99  1
 40 41 48 49 56 57 65 98  3
 40 41 48 49 56 57 65 98 99  1
 40 41 48 49 56 57 65 84 98  3
 40 41 48 49 56 57 65 84 98 99  1
 40 41 48 49 56 57 65 82 83 98  3
 40 41 48 49 56 57 65 82 83 98 99  1
 39 40 41 48 49 58 84 92  3
 39 40 41 48 49 58 84 92 99  1
 39 40 41 48 49 58 84 90 91  3
 39 40 41 48 49 58 84 90 91 99  1
 39 40 41 48 49 58 82 83 92  3
 39 40 41 48 49 58 82 83 92 99  1
 39 40 41 48 49 58 82 83 90 91  3
 39 40 41 48 49 58 82 83 90 91 99  1
 39 40 41 48 49 58 65 84  3
 39 40 41 48 49 58 65 84 99  1
 39 40 41 48 49 58 65 82 83  3
 39 40 41 48 49 58 65 82 83 99  1
 39 40 41 48 49 57 58 92  3
 39 40 41 48 49 57 58 92 99  1
 39 40 41 48 49 57 58 90 91  3
 39 40 41 48 49 57 58 90 91 99  1
 39 40 41 48 49 57 58 65  3
 39 40 41 48 49 57 58 65 99  1
 39 40 41 48 49 56 57 92  3
 39 40 41 48 49 56 57 92 99  1
 39 40 41 48 49 56 57 90 91  3
 39 40 41 48 49 56 57 90 91 99  1
 39 40 41 48 49 56 57 84 92  3
 39 40 41 48 49 56 57 84 92 99  1
 39 40 41 48 49 56 57 84 90 91  3
 39 40 41 48 49 56 57 84 90 91 99  1
 39 40 41 48 49 56 57 82 83 92  3
 39 40 41 48 49 56 57 82 83 92 99  1
 39 40 41 48 49 56 57 82 83 90 91  3
 39 40 41 48 49 56 57 82 83 90 91 99  1
 39 40 41 48 49 56 57 65  3
 39 40 41 48 49 56 57 65 99  1
 39 40 41 48 49 56 57 65 84  3
 39 40 41 48 49 56 57 65 84 99  1
 39 40 41 48 49 56 57 65 82 83  3
 39 40 41 48 49 56 57 65 82 83 99  1
 31 40 41 48 49 84 92 98  3
 31 40 41 48 49 84 92 98 99  1
 31 40 41 48 49 84 90 91 98  3
 31 40 41 48 49 84 90 91 98 99  1
 31 40 41 48 49 82 83 92 98  3
 31 40 41 48 49 82 83 92 98 99  1
 31 40 41 48 49 82 83 90 91 98  3
 31 40 41 48 49 82 83 90 91 98 99  1
 31 40 41 48 49 65 84 98  3
 31 40 41 48 49 65 84 98 99  1
 31 40 41 48 49 65 82 83 98  3
 31 40 41 48 49 65 82 83 98 99  1
 31 40 41 48 49 57 92 98  3
 31 40 41 48 49 57 92 98 99  1
 31 40 41 48 49 57 90 91 98  3
 31 40 41 48 49 57 90 91 98 99  1
 31 40 41 48 49 57 65 98  3
 31 40 41 48 49 57 65 98 99  1
 31 39 40 41 48 49 84 92  3
 31 39 40 41 48 49 84 92 99  1
 31 39 40 41 48 49 84 90 91  3
 31 39 40 41 48 49 84 90 91 99  1
 31 39 40 41 48 49 82 83 92  3
 31 39 40 41 48 49 82 83 92 99  1
 31 39 40 41 48 49 82 83 90 91  3
 31 39 40 41 48 49 82 83 90 91 99  1
 31 39 40 41 48 49 65 84  3
 31 39 40 41 48 49 65 84 99  1
 31 39 40 41 48 49 65 82 83  3
 31 39 40 41 48 49 65 82 83 99  1
 31 39 40 41 48 49 57 92  3
 31 39 40 41 48 49 57 92 99  1
 31 39 40 41 48 49 57 90 91  3
 31 39 40 41 48 49 57 90 91 99  1
 31 39 40 41 48 49 57 65  3
 31 39 40 41 48 49 57 65 99  1
 15 50 58 84 92 100  1
 15 50 58 84 90 91 100  1
 15 50 58 82 83 92 100  1
 15 50 58 82 83 90 91 100  1
 15 50 58 65 84 100  1
 15 50 58 65 82 83 100  1
 15 50 57 58 92 100  1
 15 50 57 58 90 91 100  1
 15 50 57 58 65 100  1
 15 50 56 57 92 100  1
 15 50 56 57 90 91 100  1
 15 50 56 57 84 92 100  1
 15 50 56 57 84 90 91 100  1
 15 50 56 57 82 83 92 100  1
 15 50 56 57 82 83 90 91 100  1
 15 50 56 57 65 100  1
 15 50 56 57 65 84 100  1
 15 50 56 57 65 82 83 100  1
 15 48 49 58 84 92 100  1
 15 48 49 58 84 90 91 100  1
 15 48 49 58 82 83 92 100  1
 15 48 49 58 82 83 90 91 100  1
 15 48 49 58 65 84 100  1
 15 48 49 58 65 82 83 100  1
 15 48 49 57 58 92 100  1
 15 48 49 57 58 90 91 100  1
 15 48 49 57 58 65 100  1
 15 48 49 56 57 92 100  1
 15 48 49 56 57 90 91 100  1
 15 48 49 56 57 84 92 100  1
 15 48 49 56 57 84 90 91 100  1
 15 48 49 56 57 82 83 92 100  1
 15 48 49 56 57 82 83 90 91 100  1
 15 48 49 56 57 65 100  1
 15 48 49 56 57 65 84 100  1
 15 48 49 56 57 65 82 83 100  1
 15 41 50 58 84 92  1
 15 41 50 58 84 90 91  1
 15 41 50 58 82 83 92  1
 15 41 50 58 82 83 90 91  1
 15 41 50 58 65 84  1
 15 41 50 58 65 82 83  1
 15 41 50 57 58 92  1
 15 41 50 57 58 90 91  1
 15 41 50 57 58 65  1
 15 41 50 56 57 92  1
 15 41 50 56 57 90 91  1
 15 41 50 56 57 84 92  1
 15 41 50 56 57 84 90 91  1
 15 41 50 56 57 82 83 92  1
 15 41 50 56 57 82 83 90 91  1
 15 41 50 56 57 65  1
 15 41 50 56 57 65 84  1
 15 41 50 56 57 65 82 83  1
 15 41 48 49 58 84 92  1
 15 41 48 49 58 84 90 91  1
 15 41 48 49 58 82 83 92  1
 15 41 48 49 58 82 83 90 91  1
 15 41 48 49 58 65 84  1
 15 41 48 49 58 65 82 83  1
 15 41 48 49 57 58 92  1
 15 41 48 49 57 58 90 91  1
 15 41 48 49 57 58 65  1
 15 41 48 49 56 57 92  1
 15 41 48 49 56 57 90 91  1
 15 41 48 49 56 57 84 92  1
 15 41 48 49 56 57 84 90 91  1
 15 41 48 49 56 57 82 83 92  1
 15 41 48 49 56 57 82 83 90 91  1
 15 41 48 49 56 57 65  1
 15 41 48 49 56 57 65 84  1
 15 41 48 49 56 57 65 82 83  1
 15 31 50 84 92 100  1
 15 31 50 84 90 91 100  1
 15 31 50 82 83 92 100  1
 15 31 50 82 83 90 91 100  1
 15 31 50 65 84 100  1
 15 31 50 65 82 83 100  1
 15 31 50 57 92 100  1
 15 31 50 57 90 91 100  1
 15 31 50 57 65 100  1
 15 31 48 49 84 92 100  1
 15 31 48 49 84 90 91 100  1
 15 31 48 49 82 83 92 100  1
 15 31 48 49 82 83 90 91 100  1
 15 31 48 49 65 84 100  1
 15 31 48 49 65 82 83 100  1
 15 31 48 49 57 92 100  1
 15 31 48 49 57 90 91 100  1
 15 31 48 49 57 65 100  1
 15 31 41 50 84 92  1
 15 31 41 50 84 90 91  1
 15 31 41 50 82 83 92  1
 15 31 41 50 82 83 90 91  1
 15 31 41 50 65 84  1
 15 31 41 50 65 82 83  1
 15 31 41 50 57 92  1
 15 31 41 50 57 90 91  1
 15 31 41 50 57 65  1
 15 31 41 48 49 84 92  1
 15 31 41 48 49 84 90 91  1
 15 31 41 48 49 82 83 92  1
 15 31 41 48 49 82 83 90 91  1
 15 31 41 48 49 65 84  1
 15 31 41 48 49 65 82 83  1
 15 31 41 48 49 57 92  1
 15 31 41 48 49 57 90 91  1
 15 31 41 48 49 57 65  1
 15 23 58 84 92 100  1
 15 23 58 84 90 91 100  1
 15 23 58 82 83 92 100  1
 15 23 58 82 83 90 91 100  1
 15 23 58 65 84 100  1
 15 23 58 65 82 83 100  1
 15 23 57 58 92 100  1
 15 23 57 58 90 91 100  1
 15 23 57 58 65 100  1
 15 23 56 57 92 100  1
 15 23 56 57 90 91 100  1
 15 23 56 57 84 92 100  1
 15 23 56 57 84 90 91 100  1
 15 23 56 57 82 83 92 100  1
 15 23 56 57 82 83 90 91 100  1
 15 23 56 57 65 100  1
 15 23 56 57 65 84 100  1
 15 23 56 57 65 82 83 100  1
 15 23 41 58 84 92  1
 15 23 41 58 84 90 91  1
 15 23 41 58 82 83 92  1
 15 23 41 58 82 83 90 91  1
 15 23 41 58 65 84  1
 15 23 41 58 65 82 83  1
 15 23 41 57 58 92  1
 15 23 41 57 58 90 91  1
 15 23 41 57 58 65  1
 15 23 41 56 57 92  1
 15 23 41 56 57 90 91  1
 15 23 41 56 57 84 92  1
 15 23 41 56 57 84 90 91  1
 15 23 41 56 57 82 83 92  1
 15 23 41 56 57 82 83 90 91  1
 15 23 41 56 57 65  1
 15 23 41 56 57 65 84  1
 15 23 41 56 57 65 82 83  1
 15 23 31 84 92 100  1
 15 23 31 84 90 91 100  1
 15 23 31 82 83 92 100  1
 15 23 31 82 83 90 91 100  1
 15 23 31 65 84 100  1
 15 23 31 65 82 83 100  1
 15 23 31 57 92 100  1
 15 23 31 57 90 91 100  1
 15 23 31 57 65 100  1
 15 23 31 41 84 92  1
 15 23 31 41 84 90 91  1
 15 23 31 41 82 83 92  1
 15 23 31 41 82 83 90 91  1
 15 23 31 41 65 84  1
 15 23 31 41 65 82 83  1
 15 23 31 41 57 92  1
 15 23 31 41 57 90 91  1
 15 23 31 41 57 65  1
 14 42 50 58 84 92  1
 14 42 50 58 84 90 91  1
 14 42 50 58 82 83 92  1
 14 42 50 58 82 83 90 91  1
 14 42 50 58 65 84  1
 14 42 50 58 65 82 83  1
 14 42 50 57 58 92  1
 14 42 50 57 58 90 91  1
 14 42 50 57 58 65  1
 14 42 50 56 57 92  1
 14 42 50 56 57 90 91  1
 14 42 50 56 57 84 92  1
 14 42 50 56 57 84 90 91  1
 14 42 50 56 57 82 83 92  1
 14 42 50 56 57 82 83 90 91  1
 14 42 50 56 57 65  1
 14 42 50 56 57 65 84  1
 14 42 50 56 57 65 82 83  1
 14 42 48 49 58 84 92  1
 14 42 48 49 58 84 90 91  1
 14 42 48 49 58 82 83 92  1
 14 42 48 49 58 82 83 90 91  1
 14 42 48 49 58 65 84  1
 14 42 48 49 58 65 82 83  1
 14 42 48 49 57 58 92  1
 14 42 48 49 57 58 90 91  1
 14 42 48 49 57 58 65  1
 14 42 48 49 56 57 92  1
 14 42 48 49 56 57 90 91  1
 14 42 48 49 56 57 84 92  1
 14 42 48 49 56 57 84 90 91  1
 14 42 48 49 56 57 82 83 92  1
 14 42 48 49 56 57 82 83 90 91  1
 14 42 48 49 56 57 65  1
 14 42 48 49 56 57 65 84  1
 14 42 48 49 56 57 65 82 83  1
 14 40 41 50 58 84 92  1
 14 40 41 50 58 84 90 91  1
 14 40 41 50 58 82 83 92  1
 14 40 41 50 58 82 83 90 91  1
 14 40 41 50 58 65 84  1
 14 40 41 50 58 65 82 83  1
 14 40 41 50 57 58 92  1
 14 40 41 50 57 58 90 91  1
 14 40 41 50 57 58 65  1
 14 40 41 50 56 57 92  1
 14 40 41 50 56 57 90 91  1
 14 40 41 50 56 57 84 92  1
 14 40 41 50 56 57 84 90 91  1
 14 40 41 50 56 57 82 83 92  1
 14 40 41 50 56 57 82 83 90 91  1
 14 40 41 50 56 57 65  1
 14 40 41 50 56 57 65 84  1
 14 40 41 50 56 57 65 82 83  1
 14 40 41 48 49 58 84 92  1
 14 40 41 48 49 58 84 90 91  1
 14 40 41 48 49 58 82 83 92  1
 14 40 41 48 49 58 82 83 90 91  1
 14 40 41 48 49 58 65 84  1
 14 40 41 48 49 58 65 82 83  1
 14 40 41 48 49 57 58 92  1
 14 40 41 48 49 57 58 90 91  1
 14 40 41 48 49 57 58 65  1
 14 40 41 48 49 56 57 92  1
 14 40 41 48 49 56 57 90 91  1
 14 40 41 48 49 56 57 84 92  1
 14 40 41 48 49 56 57 84 90 91  1
 14 40 41 48 49 56 57 82 83 92  1
 14 40 41 48 49 56 57 82 83 90 91  1
 14 40 41 48 49 56 57 65  1
 14 40 41 48 49 56 57 65 84  1
 14 40 41 48 49 56 57 65 82 83  1
 14 31 42 50 84 92  1
 14 31 42 50 84 90 91  1
 14 31 42 50 82 83 92  1
 14 31 42 50 82 83 90 91  1
 14 31 42 50 65 84  1
 14 31 42 50 65 82 83  1
 14 31 42 50 57 92  1
 14 31 42 50 57 90 91  1
 14 31 42 50 57 65  1
 14 31 42 48 49 84 92  1
 14 31 42 48 49 84 90 91  1
 14 31 42 48 49 82 83 92  1
 14 31 42 48 49 82 83 90 91  1
 14 31 42 48 49 65 84  1
 14 31 42 48 49 65 82 83  1
 14 31 42 48 49 57 92  1
 14 31 42 48 49 57 90 91  1
 14 31 42 48 49 57 65  1
 14 31 40 41 50 84 92  1
 14 31 40 41 50 84 90 91  1
 14 31 40 41 50 82 83 92  1
 14 31 40 41 50 82 83 90 91  1
 14 31 40 41 50 65 84  1
 14 31 40 41 50 65 82 83  1
 14 31 40 41 50 57 92  1
 14 31 40 41 50 57 90 91  1
 14 31 40 41 50 57 65  1
 14 31 40 41 48 49 84 92  1
 14 31 40 41 48 49 84 90 91  1
 14 31 40 41 48 49 82 83 92  1
 14 31 40 41 48 49 82 83 90 91  1
 14 31 40 41 48 49 65 84  1
 14 31 40 41 48 49 65 82 83  1
 14 31 40 41 48 49 57 92  1
 14 31 40 41 48 49 57 90 91  1
 14 31 40 41 48 49 57 65  1
 14 23 42 58 84 92  1
 14 23 42 58 84 90 91  1
 14 23 42 58 82 83 92  1
 14 23 42 58 82 83 90 91  1
 14 23 42 58 65 84  1
 14 23 42 58 65 82 83  1
 14 23 42 57 58 92  1
 14 23 42 57 58 90 91  1
 14 23 42 57 58 65  1
 14 23 42 56 57 92  1
 14 23 42 56 57 90 91  1
 14 23 42 56 57 84 92  1
 14 23 42 56 57 84 90 91  1
 14 23 42 56 57 82 83 92  1
 14 23 42 56 57 82 83 90 91  1
 14 23 42 56 57 65  1
 14 23 42 56 57 65 84  1
 14 23 42 56 57 65 82 83  1
 14 23 40 41 58 84 92  1
 14 23 40 41 58 84 90 91  1
 14 23 40 41 58 82 83 92  1
 14 23 40 41 58 82 83 90 91  1
 14 23 40 41 58 65 84  1
 14 23 40 41 58 65 82 83  1
 14 23 40 41 57 58 92  1
 14 23 40 41 57 58 90 91  1
 14 23 40 41 57 58 65  1
 14 23 40 41 56 57 92  1
 14 23 40 41 56 57 90 91  1
 14 23 40 41 56 57 84 92  1
 14 23 40 41 56 57 84 90 91  1
 14 23 40 41 56 57 82 83 92  1
 14 23 40 41 56 57 82 83 90 91  1
 14 23 40 41 56 57 65  1
 14 23 40 41 56 57 65 84  1
 14 23 40 41 56 57 65 82 83  1
 14 23 31 42 84 92  1
 14 23 31 42 84 90 91  1
 14 23 31 42 82 83 92  1
 14 23 31 42 82 83 90 91  1
 14 23 31 42 65 84  1
 14 23 31 42 65 82 83  1
 14 23 31 42 57 92  1
 14 23 31 42 57 90 91  1
 14 23 31 42 57 65  1
 14 23 31 40 41 84 92  1
 14 23 31 40 41 84 90 91  1
 14 23 31 40 41 82 83 92  1
 14 23 31 40 41 82 83 90 91  1
 14 23 31 40 41 65 84  1
 14 23 31 40 41 65 82 83  1
 14 23 31 40 41 57 92  1
 14 23 31 40 41 57 90 91  1
 14 23 31 40 41 57 65  1
 14 15 50 58 84 92  1
 14 15 50 58 84 90 91  1
 14 15 50 58 82 83 92  1
 14 15 50 58 82 83 90 91  1
 14 15 50 58 65 84  1
 14 15 50 58 65 82 83  1
 14 15 50 57 58 92  1
 14 15 50 57 58 90 91  1
 14 15 50 57 58 65  1
 14 15 50 56 57 92  1
 14 15 50 56 57 90 91  1
 14 15 50 56 57 84 92  1
 14 15 50 56 57 84 90 91  1
 14 15 50 56 57 82 83 92  1
 14 15 50 56 57 82 83 90 91  1
 14 15 50 56 57 65  1
 14 15 50 56 57 65 84  1
 14 15 50 56 57 65 82 83  1
 14 15 48 49 58 84 92  1
 14 15 48 49 58 84 90 91  1
 14 15 48 49 58 82 83 92  1
 14 15 48 49 58 82 83 90 91  1
 14 15 48 49 58 65 84  1
 14 15 48 49 58 65 82 83  1
 14 15 48 49 57 58 92  1
 14 15 48 49 57 58 90 91  1
 14 15 48 49 57 58 65  1
 14 15 48 49 56 57 92  1
 14 15 48 49 56 57 90 91  1
 14 15 48 49 56 57 84 92  1
 14 15 48 49 56 57 84 90 91  1
 14 15 48 49 56 57 82 83 92  1
 14 15 48 49 56 57 82 83 90 91  1
 14 15 48 49 56 57 65  1
 14 15 48 49 56 57 65 84  1
 14 15 48 49 56 57 65 82 83  1
 14 15 31 50 84 92  1
 14 15 31 50 84 90 91  1
 14 15 31 50 82 83 92  1
 14 15 31 50 82 83 90 91  1
 14 15 31 50 65 84  1
 14 15 31 50 65 82 83  1
 14 15 31 50 57 92  1
 14 15 31 50 57 90 91  1
 14 15 31 50 57 65  1
 14 15 31 48 49 84 92  1
 14 15 31 48 49 84 90 91  1
 14 15 31 48 49 82 83 92  1
 14 15 31 48 49 82 83 90 91  1
 14 15 31 48 49 65 84  1
 14 15 31 48 49 65 82 83  1
 14 15 31 48 49 57 92  1
 14 15 31 48 49 57 90 91  1
 14 15 31 48 49 57 65  1
 14 15 23 58 84 92  1
 14 15 23 58 84 90 91  1
 14 15 23 58 82 83 92  1
 14 15 23 58 82 83 90 91  1
 14 15 23 58 65 84  1
 14 15 23 58 65 82 83  1
 14 15 23 57 58 92  1
 14 15 23 57 58 90 91  1
 14 15 23 57 58 65  1
 14 15 23 56 57 92  1
 14 15 23 56 57 90 91  1
 14 15 23 56 57 84 92  1
 14 15 23 56 57 84 90 91  1
 14 15 23 56 57 82 83 92  1
 14 15 23 56 57 82 83 90 91  1
 14 15 23 56 57 65  1
 14 15 23 56 57 65 84  1
 14 15 23 56 57 65 82 83  1
 14 15 23 31 84 92  1
 14 15 23 31 84 90 91  1
 14 15 23 31 82 83 92  1
 14 15 23 31 82 83 90 91  1
 14 15 23 31 65 84  1
 14 15 23 31 65 82 83  1
 14 15 23 31 57 92  1
 14 15 23 31 57 90 91  1
 14 15 23 31 57 65  1
 40 41 50 58 84 92 100  1
 40 41 50 58 84 90 91 100  1
 40 41 50 58 82 83 92 100  1
 40 41 50 58 82 83 90 91 100  1
 40 41 50 58 65 84 100  1
 40 41 50 58 65 82 83 100  1
 40 41 50 57 58 92 100  1
 40 41 50 57 58 90 91 100  1
 40 41 50 57 58 65 100  1
 40 41 50 56 57 92 100  1
 40 41 50 56 57 90 91 100  1
 40 41 50 56 57 84 92 100  1
 40 41 50 56 57 84 90 91 100  1
 40 41 50 56 57 82 83 92 100  1
 40 41 50 56 57 82 83 90 91 100  1
 40 41 50 56 57 65 100  1
 40 41 50 56 57 65 84 100  1
 40 41 50 56 57 65 82 83 100  1
 40 41 48 49 58 84 92 100  1
 40 41 48 49 58 84 90 91 100  1
 40 41 48 49 58 82 83 92 100  1
 40 41 48 49 58 82 83 90 91 100  1
 40 41 48 49 58 65 84 100  1
 40 41 48 49 58 65 82 83 100  1
 40 41 48 49 57 58 92 100  1
 40 41 48 49 57 58 90 91 100  1
 40 41 48 49 57 58 65 100  1
 40 41 48 49 56 57 92 100  1
 40 41 48 49 56 57 90 91 100  1
 40 41 48 49 56 57 84 92 100  1
 40 41 48 49 56 57 84 90 91 100  1
 40 41 48 49 56 57 82 83 92 100  1
 40 41 48 49 56 57 82 83 90 91 100  1
 40 41 48 49 56 57 65 100  1
 40 41 48 49 56 57 65 84 100  1
 40 41 48 49 56 57 65 82 83 100  1
 31 40 41 50 84 92 100  1
 31 40 41 50 84 90 91 100  1
 31 40 41 50 82 83 92 100  1
 31 40 41 50 82 83 90 91 100  1
 31 40 41 50 65 84 100  1
 31 40 41 50 65 82 83 100  1
 31 40 41 50 57 92 100  1
 31 40 41 50 57 90 91 100  1
 31 40 41 50 57 65 100  1
 31 40 41 48 49 84 92 100  1
 31 40 41 48 49 84 90 91 100  1
 31 40 41 48 49 82 83 92 100  1
 31 40 41 48 49 82 83 90 91 100  1
 31 40 41 48 49 65 84 100  1
 31 40 41 48 49 65 82 83 100  1
 31 40 41 48 49 57 92 100  1
 31 40 41 48 49 57 90 91 100  1
 31 40 41 48 49 57 65 100  1
 23 40 41 58 84 92 100  1
 23 40 41 58 84 90 91 100  1
 23 40 41 58 82 83 92 100  1
 23 40 41 58 82 83 90 91 100  1
 23 40 41 58 65 84 100  1
 23 40 41 58 65 82 83 100  1
 23 40 41 57 58 92 100  1
 23 40 41 57 58 90 91 100  1
 23 40 41 57 58 65 100  1
 23 40 41 56 57 92 100  1
 23 40 41 56 57 90 91 100  1
 23 40 41 56 57 84 92 100  1
 23 40 41 56 57 84 90 91 100  1
 23 40 41 56 57 82 83 92 100  1
 23 40 41 56 57 82 83 90 91 100  1
 23 40 41 56 57 65 100  1
 23 40 41 56 57 65 84 100  1
 23 40 41 56 57 65 82 83 100  1
 23 31 40 41 84 92 100  1
 23 31 40 41 84 90 91 100  1
 23 31 40 41 82 83 92 100  1
 23 31 40 41 82 83 90 91 100  1
 23 31 40 41 65 84 100  1
 23 31 40 41 65 82 83 100  1
 23 31 40 41 57 92 100  1
 23 31 40 41 57 90 91 100  1
 23 31 40 41 57 65 100  1
 15 48 49 58 84 92 98 99  1
 15 48 49 58 84 90 91 98 99  1
 15 48 49 58 82 83 92 98 99  1
 15 48 49 58 82 83 90 91 98 99  1
 15 48 49 58 65 84 98 99  1
 15 48 49 58 65 82 83 98 99  1
 15 48 49 57 58 92 98 99  1
 15 48 49 57 58 90 91 98 99  1
 15 48 49 57 58 65 98 99  1
 15 48 49 56 57 92 98 99  1
 15 48 49 56 57 90 91 98 99  1
 15 48 49 56 57 84 92 98 99  1
 15 48 49 56 57 84 90 91 98 99  1
 15 48 49 56 57 82 83 92 98 99  1
 15 48 49 56 57 82 83 90 91 98 99  1
 15 48 49 56 57 65 98 99  1
 15 48 49 56 57 65 84 98 99  1
 15 48 49 56 57 65 82 83 98 99  1
 15 40 48 49 58 84 92 98  1
 15 40 48 49 58 84 90 91 98  1
 15 40 48 49 58 82 83 92 98  1
 15 40 48 49 58 82 83 90 91 98  1
 15 40 48 49 58 65 84 98  1
 15 40 48 49 58 65 82 83 98  1
 15 40 48 49 57 58 92 98  1
 15 40 48 49 57 58 90 91 98  1
 15 40 48 49 57 58 65 98  1
 15 40 48 49 56 57 92 98  1
 15 40 48 49 56 57 90 91 98  1
 15 40 48 49 56 57 84 92 98  1
 15 40 48 49 56 57 84 90 91 98  1
 15 40 48 49 56 57 82 83 92 98  1
 15 40 48 49 56 57 82 83 90 91 98  1
 15 40 48 49 56 57 65 98  1
 15 40 48 49 56 57 65 84 98  1
 15 40 48 49 56 57 65 82 83 98  1
 15 39 48 49 58 84 92 99  1
 15 39 48 49 58 84 90 91 99  1
 15 39 48 49 58 82 83 92 99  1
 15 39 48 49 58 82 83 90 91 99  1
 15 39 48 49 58 65 84 99  1
 15 39 48 49 58 65 82 83 99  1
 15 39 48 49 57 58 92 99  1
 15 39 48 49 57 58 90 91 99  1
 15 39 48 49 57 58 65 99  1
 15 39 48 49 56 57 92 99  1
 15 39 48 49 56 57 90 91 99  1
 15 39 48 49 56 57 84 92 99  1
 15 39 48 49 56 57 84 90 91 99  1
 15 39 48 49 56 57 82 83 92 99  1
 15 39 48 49 56 57 82 83 90 91 99  1
 15 39 48 49 56 57 65 99  1
 15 39 48 49 56 57 65 84 99  1
 15 39 48 49 56 57 65 82 83 99  1
 15 39 40 48 49 58 84 92  1
 15 39 40 48 49 58 84 90 91  1
 15 39 40 48 49 58 82 83 92  1
 15 39 40 48 49 58 82 83 90 91  1
 15 39 40 48 49 58 65 84  1
 15 39 40 48 49 58 65 82 83  1
 15 39 40 48 49 57 58 92  1
 15 39 40 48 49 57 58 90 91  1
 15 39 40 48 49 57 58 65  1
 15 39 40 48 49 56 57 92  1
 15 39 40 48 49 56 57 90 91  1
 15 39 40 48 49 56 57 84 92  1
 15 39 40 48 49 56 57 84 90 91  1
 15 39 40 48 49 56 57 82 83 92  1
 15 39 40 48 49 56 57 82 83 90 91  1
 15 39 40 48 49 56 57 65  1
 15 39 40 48 49 56 57 65 84  1
 15 39 40 48 49 56 57 65 82 83  1
 15 31 48 49 84 92 98 99  1
 15 31 48 49 84 90 91 98 99  1
 15 31 48 49 82 83 92 98 99  1
 15 31 48 49 82 83 90 91 98 99  1
 15 31 48 49 65 84 98 99  1
 15 31 48 49 65 82 83 98 99  1
 15 31 48 49 57 92 98 99  1
 15 31 48 49 57 90 91 98 99  1
 15 31 48 49 57 65 98 99  1
 15 31 40 48 49 84 92 98  1
 15 31 40 48 49 84 90 91 98  1
 15 31 40 48 49 82 83 92 98  1
 15 31 40 48 49 82 83 90 91 98  1
 15 31 40 48 49 65 84 98  1
 15 31 40 48 49 65 82 83 98  1
 15 31 40 48 49 57 92 98  1
 15 31 40 48 49 57 90 91 98  1
 15 31 40 48 49 57 65 98  1
 15 31 39 48 49 84 92 99  1
 15 31 39 48 49 84 90 91 99  1
 15 31 39 48 49 82 83 92 99  1
 15 31 39 48 49 82 83 90 91 99  1
 15 31 39 48 49 65 84 99  1
 15 31 39 48 49 65 82 83 99  1
 15 31 39 48 49 57 92 99  1
 15 31 39 48 49 57 90 91 99  1
 15 31 39 48 49 57 65 99  1
 15 31 39 40 48 49 84 92  1
 15 31 39 40 48 49 84 90 91  1
 15 31 39 40 48 49 82 83 92  1
 15 31 39 40 48 49 82 83 90 91  1
 15 31 39 40 48 49 65 84  1
 15 31 39 40 48 49 65 82 83  1
 15 31 39 40 48 49 57 92  1
 15 31 39 40 48 49 57 90 91  1
 15 31 39 40 48 49 57 65  1
 118  1
 117  3
 116  3
 116 117  1
 91  1
 68  1
 66 67  1
 59  1
 58  3
 58 116  1
 57  3
 57 117  1
 57 58  1
 41  1
 40 58 92  1
 40 58 90 91  1
 40 58 65  1
 40 56 57 92  1
 40 56 57 90 91  1
 40 56 57 65  1
 38 39 58 92  1
 38 39 58 90 91  1
 38 39 58 65  1
 38 39 56 57 92  1
 38 39 56 57 90 91  1
 38 39 56 57 65  1
 32  1
 31 40 92  1
 31 40 90 91  1
 31 40 65  1
 31 38 39 92  1
 31 38 39 90 91  1
 31 38 39 65  1
 13 58 92  1
 13 58 90 91  1
 13 58 65  1
 13 56 57 92  1
 13 56 57 90 91  1
 13 56 57 65  1
 13 31 92  1
 13 31 90 91  1
 13 31 65  1
 92  1
 90 91  1
 65  1
 15 50 58 84 92 98 99  1
 15 50 58 84 90 91 98 99  1
 15 50 58 82 83 92 98 99  1
 15 50 58 82 83 90 91 98 99  1
 15 50 58 65 84 98 99  1
 15 50 58 65 82 83 98 99  1
 15 50 57 58 92 98 99  1
 15 50 57 58 90 91 98 99  1
 15 50 57 58 65 98 99  1
 15 50 56 57 92 98 99  1
 15 50 56 57 90 91 98 99  1
 15 50 56 57 84 92 98 99  1
 15 50 56 57 84 90 91 98 99  1
 15 50 56 57 82 83 92 98 99  1
 15 50 56 57 82 83 90 91 98 99  1
 15 50 56 57 65 98 99  1
 15 50 56 57 65 84 98 99  1
 15 50 56 57 65 82 83 98 99  1
 15 40 50 58 84 92 98  1
 15 40 50 58 84 90 91 98  1
 15 40 50 58 82 83 92 98  1
 15 40 50 58 82 83 90 91 98  1
 15 40 50 58 65 84 98  1
 15 40 50 58 65 82 83 98  1
 15 40 50 57 58 92 98  1
 15 40 50 57 58 90 91 98  1
 15 40 50 57 58 65 98  1
 15 40 50 56 57 92 98  1
 15 40 50 56 57 90 91 98  1
 15 40 50 56 57 84 92 98  1
 15 40 50 56 57 84 90 91 98  1
 15 40 50 56 57 82 83 92 98  1
 15 40 50 56 57 82 83 90 91 98  1
 15 40 50 56 57 65 98  1
 15 40 50 56 57 65 84 98  1
 15 40 50 56 57 65 82 83 98  1
 15 39 50 58 84 92 99  1
 15 39 50 58 84 90 91 99  1
 15 39 50 58 82 83 92 99  1
 15 39 50 58 82 83 90 91 99  1
 15 39 50 58 65 84 99  1
 15 39 50 58 65 82 83 99  1
 15 39 50 57 58 92 99  1
 15 39 50 57 58 90 91 99  1
 15 39 50 57 58 65 99  1
 15 39 50 56 57 92 99  1
 15 39 50 56 57 90 91 99  1
 15 39 50 56 57 84 92 99  1
 15 39 50 56 57 84 90 91 99  1
 15 39 50 56 57 82 83 92 99  1
 15 39 50 56 57 82 83 90 91 99  1
 15 39 50 56 57 65 99  1
 15 39 50 56 57 65 84 99  1
 15 39 50 56 57 65 82 83 99  1
 15 39 40 50 58 84 92  1
 15 39 40 50 58 84 90 91  1
 15 39 40 50 58 82 83 92  1
 15 39 40 50 58 82 83 90 91  1
 15 39 40 50 58 65 84  1
 15 39 40 50 58 65 82 83  1
 15 39 40 50 57 58 92  1
 15 39 40 50 57 58 90 91  1
 15 39 40 50 57 58 65  1
 15 39 40 50 56 57 92  1
 15 39 40 50 56 57 90 91  1
 15 39 40 50 56 57 84 92  1
 15 39 40 50 56 57 84 90 91  1
 15 39 40 50 56 57 82 83 92  1
 15 39 40 50 56 57 82 83 90 91  1
 15 39 40 50 56 57 65  1
 15 39 40 50 56 57 65 84  1
 15 39 40 50 56 57 65 82 83  1
 15 31 50 84 92 98 99  1
 15 31 50 84 90 91 98 99  1
 15 31 50 82 83 92 98 99  1
 15 31 50 82 83 90 91 98 99  1
 15 31 50 65 84 98 99  1
 15 31 50 65 82 83 98 99  1
 15 31 50 57 92 98 99  1
 15 31 50 57 90 91 98 99  1
 15 31 50 57 65 98 99  1
 15 31 40 50 84 92 98  1
 15 31 40 50 84 90 91 98  1
 15 31 40 50 82 83 92 98  1
 15 31 40 50 82 83 90 91 98  1
 15 31 40 50 65 84 98  1
 15 31 40 50 65 82 83 98  1
 15 31 40 50 57 92 98  1
 15 31 40 50 57 90 91 98  1
 15 31 40 50 57 65 98  1
 15 31 39 50 84 92 99  1
 15 31 39 50 84 90 91 99  1
 15 31 39 50 82 83 92 99  1
 15 31 39 50 82 83 90 91 99  1
 15 31 39 50 65 84 99  1
 15 31 39 50 65 82 83 99  1
 15 31 39 50 57 92 99  1
 15 31 39 50 57 90 91 99  1
 15 31 39 50 57 65 99  1
 15 31 39 40 50 84 92  1
 15 31 39 40 50 84 90 91  1
 15 31 39 40 50 82 83 92  1
 15 31 39 40 50 82 83 90 91  1
 15 31 39 40 50 65 84  1
 15 31 39 40 50 65 82 83  1
 15 31 39 40 50 57 92  1
 15 31 39 40 50 57 90 91  1
 15 31 39 40 50 57 65  1
 42 50 58 84 92 100  1
 42 50 58 84 90 91 100  1
 42 50 58 82 83 92 100  1
 42 50 58 82 83 90 91 100  1
 42 50 58 65 84 100  1
 42 50 58 65 82 83 100  1
 42 50 57 58 92 100  1
 42 50 57 58 90 91 100  1
 42 50 57 58 65 100  1
 42 50 56 57 92 100  1
 42 50 56 57 90 91 100  1
 42 50 56 57 84 92 100  1
 42 50 56 57 84 90 91 100  1
 42 50 56 57 82 83 92 100  1
 42 50 56 57 82 83 90 91 100  1
 42 50 56 57 65 100  1
 42 50 56 57 65 84 100  1
 42 50 56 57 65 82 83 100  1
 42 48 49 58 84 92 100  1
 42 48 49 58 84 90 91 100  1
 42 48 49 58 82 83 92 100  1
 42 48 49 58 82 83 90 91 100  1
 42 48 49 58 65 84 100  1
 42 48 49 58 65 82 83 100  1
 42 48 49 57 58 92 100  1
 42 48 49 57 58 90 91 100  1
 42 48 49 57 58 65 100  1
 42 48 49 56 57 92 100  1
 42 48 49 56 57 90 91 100  1
 42 48 49 56 57 84 92 100  1
 42 48 49 56 57 84 90 91 100  1
 42 48 49 56 57 82 83 92 100  1
 42 48 49 56 57 82 83 90 91 100  1
 42 48 49 56 57 65 100  1
 42 48 49 56 57 65 84 100  1
 42 48 49 56 57 65 82 83 100  1
 41 42 50 58 84 92  1
 41 42 50 58 84 90 91  1
 41 42 50 58 82 83 92  1
 41 42 50 58 82 83 90 91  1
 41 42 50 58 65 84  1
 41 42 50 58 65 82 83  1
 41 42 50 57 58 92  1
 41 42 50 57 58 90 91  1
 41 42 50 57 58 65  1
 41 42 50 56 57 92  1
 41 42 50 56 57 90 91  1
 41 42 50 56 57 84 92  1
 41 42 50 56 57 84 90 91  1
 41 42 50 56 57 82 83 92  1
 41 42 50 56 57 82 83 90 91  1
 41 42 50 56 57 65  1
 41 42 50 56 57 65 84  1
 41 42 50 56 57 65 82 83  1
 41 42 48 49 58 84 92  1
 41 42 48 49 58 84 90 91  1
 41 42 48 49 58 82 83 92  1
 41 42 48 49 58 82 83 90 91  1
 41 42 48 49 58 65 84  1
 41 42 48 49 58 65 82 83  1
 41 42 48 49 57 58 92  1
 41 42 48 49 57 58 90 91  1
 41 42 48 49 57 58 65  1
 41 42 48 49 56 57 92  1
 41 42 48 49 56 57 90 91  1
 41 42 48 49 56 57 84 92  1
 41 42 48 49 56 57 84 90 91  1
 41 42 48 49 56 57 82 83 92  1
 41 42 48 49 56 57 82 83 90 91  1
 41 42 48 49 56 57 65  1
 41 42 48 49 56 57 65 84  1
 41 42 48 49 56 57 65 82 83  1
 31 42 50 84 92 100  1
 31 42 50 84 90 91 100  1
 31 42 50 82 83 92 100  1
 31 42 50 82 83 90 91 100  1
 31 42 50 65 84 100  1
 31 42 50 65 82 83 100  1
 31 42 50 57 92 100  1
 31 42 50 57 90 91 100  1
 31 42 50 57 65 100  1
 31 42 48 49 84 92 100  1
 31 42 48 49 84 90 91 100  1
 31 42 48 49 82 83 92 100  1
 31 42 48 49 82 83 90 91 100  1
 31 42 48 49 65 84 100  1
 31 42 48 49 65 82 83 100  1
 31 42 48 49 57 92 100  1
 31 42 48 49 57 90 91 100  1
 31 42 48 49 57 65 100  1
 31 41 42 50 84 92  1
 31 41 42 50 84 90 91  1
 31 41 42 50 82 83 92  1
 31 41 42 50 82 83 90 91  1
 31 41 42 50 65 84  1
 31 41 42 50 65 82 83  1
 31 41 42 50 57 92  1
 31 41 42 50 57 90 91  1
 31 41 42 50 57 65  1
 31 41 42 48 49 84 92  1
 31 41 42 48 49 84 90 91  1
 31 41 42 48 49 82 83 92  1
 31 41 42 48 49 82 83 90 91  1
 31 41 42 48 49 65 84  1
 31 41 42 48 49 65 82 83  1
 31 41 42 48 49 57 92  1
 31 41 42 48 49 57 90 91  1
 31 41 42 48 49 57 65  1
 23 42 58 84 92 100  1
 23 42 58 84 90 91 100  1
 23 42 58 82 83 92 100  1
 23 42 58 82 83 90 91 100  1
 23 42 58 65 84 100  1
 23 42 58 65 82 83 100  1
 23 42 57 58 92 100  1
 23 42 57 58 90 91 100  1
 23 42 57 58 65 100  1
 23 42 56 57 92 100  1
 23 42 56 57 90 91 100  1
 23 42 56 57 84 92 100  1
 23 42 56 57 84 90 91 100  1
 23 42 56 57 82 83 92 100  1
 23 42 56 57 82 83 90 91 100  1
 23 42 56 57 65 100  1
 23 42 56 57 65 84 100  1
 23 42 56 57 65 82 83 100  1
 23 41 42 58 84 92  1
 23 41 42 58 84 90 91  1
 23 41 42 58 82 83 92  1
 23 41 42 58 82 83 90 91  1
 23 41 42 58 65 84  1
 23 41 42 58 65 82 83  1
 23 41 42 57 58 92  1
 23 41 42 57 58 90 91  1
 23 41 42 57 58 65  1
 23 41 42 56 57 92  1
 23 41 42 56 57 90 91  1
 23 41 42 56 57 84 92  1
 23 41 42 56 57 84 90 91  1
 23 41 42 56 57 82 83 92  1
 23 41 42 56 57 82 83 90 91  1
 23 41 42 56 57 65  1
 23 41 42 56 57 65 84  1
 23 41 42 56 57 65 82 83  1
 23 31 42 84 92 100  1
 23 31 42 84 90 91 100  1
 23 31 42 82 83 92 100  1
 23 31 42 82 83 90 91 100  1
 23 31 42 65 84 100  1
 23 31 42 65 82 83 100  1
 23 31 42 57 92 100  1
 23 31 42 57 90 91 100  1
 23 31 42 57 65 100  1
 23 31 41 42 84 92  1
 23 31 41 42 84 90 91  1
 23 31 41 42 82 83 92  1
 23 31 41 42 82 83 90 91  1
 23 31 41 42 65 84  1
 23 31 41 42 65 82 83  1
 23 31 41 42 57 92  1
 23 31 41 42 57 90 91  1
 23 31 41 42 57 65  1
 42 50 58 84 92 98 99  1
 42 50 58 84 90 91 98 99  1
 42 50 58 82 83 92 98 99  1
 42 50 58 82 83 90 91 98 99  1
 42 50 58 65 84 98 99  1
 42 50 58 65 82 83 98 99  1
 42 50 57 58 92 98 99  1
 42 50 57 58 90 91 98 99  1
 42 50 57 58 65 98 99  1
 42 50 56 57 92 98 99  1
 42 50 56 57 90 91 98 99  1
 42 50 56 57 84 92 98 99  1
 42 50 56 57 84 90 91 98 99  1
 42 50 56 57 82 83 92 98 99  1
 42 50 56 57 82 83 90 91 98 99  1
 42 50 56 57 65 98 99  1
 42 50 56 57 65 84 98 99  1
 42 50 56 57 65 82 83 98 99  1
 40 42 50 58 84 92 98  1
 40 42 50 58 84 90 91 98  1
 40 42 50 58 82 83 92 98  1
 40 42 50 58 82 83 90 91 98  1
 40 42 50 58 65 84 98  1
 40 42 50 58 65 82 83 98  1
 40 42 50 57 58 92 98  1
 40 42 50 57 58 90 91 98  1
 40 42 50 57 58 65 98  1
 40 42 50 56 57 92 98  1
 40 42 50 56 57 90 91 98  1
 40 42 50 56 57 84 92 98  1
 40 42 50 56 57 84 90 91 98  1
 40 42 50 56 57 82 83 92 98  1
 40 42 50 56 57 82 83 90 91 98  1
 40 42 50 56 57 65 98  1
 40 42 50 56 57 65 84 98  1
 40 42 50 56 57 65 82 83 98  1
 39 42 50 58 84 92 99  1
 39 42 50 58 84 90 91 99  1
 39 42 50 58 82 83 92 99  1
 39 42 50 58 82 83 90 91 99  1
 39 42 50 58 65 84 99  1
 39 42 50 58 65 82 83 99  1
 39 42 50 57 58 92 99  1
 39 42 50 57 58 90 91 99  1
 39 42 50 57 58 65 99  1
 39 42 50 56 57 92 99  1
 39 42 50 56 57 90 91 99  1
 39 42 50 56 57 84 92 99  1
 39 42 50 56 57 84 90 91 99  1
 39 42 50 56 57 82 83 92 99  1
 39 42 50 56 57 82 83 90 91 99  1
 39 42 50 56 57 65 99  1
 39 42 50 56 57 65 84 99  1
 39 42 50 56 57 65 82 83 99  1
 39 40 42 50 58 84 92  1
 39 40 42 50 58 84 90 91  1
 39 40 42 50 58 82 83 92  1
 39 40 42 50 58 82 83 90 91  1
 39 40 42 50 58 65 84  1
 39 40 42 50 58 65 82 83  1
 39 40 42 50 57 58 92  1
 39 40 42 50 57 58 90 91  1
 39 40 42 50 57 58 65  1
 39 40 42 50 56 57 92  1
 39 40 42 50 56 57 90 91  1
 39 40 42 50 56 57 84 92  1
 39 40 42 50 56 57 84 90 91  1
 39 40 42 50 56 57 82 83 92  1
 39 40 42 50 56 57 82 83 90 91  1
 39 40 42 50 56 57 65  1
 39 40 42 50 56 57 65 84  1
 39 40 42 50 56 57 65 82 83  1
 31 42 50 84 92 98 99  1
 31 42 50 84 90 91 98 99  1
 31 42 50 82 83 92 98 99  1
 31 42 50 82 83 90 91 98 99  1
 31 42 50 65 84 98 99  1
 31 42 50 65 82 83 98 99  1
 31 42 50 57 92 98 99  1
 31 42 50 57 90 91 98 99  1
 31 42 50 57 65 98 99  1
 31 40 42 50 84 92 98  1
 31 40 42 50 84 90 91 98  1
 31 40 42 50 82 83 92 98  1
 31 40 42 50 82 83 90 91 98  1
 31 40 42 50 65 84 98  1
 31 40 42 50 65 82 83 98  1
 31 40 42 50 57 92 98  1
 31 40 42 50 57 90 91 98  1
 31 40 42 50 57 65 98  1
 31 39 42 50 84 92 99  1
 31 39 42 50 84 90 91 99  1
 31 39 42 50 82 83 92 99  1
 31 39 42 50 82 83 90 91 99  1
 31 39 42 50 65 84 99  1
 31 39 42 50 65 82 83 99  1
 31 39 42 50 57 92 99  1
 31 39 42 50 57 90 91 99  1
 31 39 42 50 57 65 99  1
 31 39 40 42 50 84 92  1
 31 39 40 42 50 84 90 91  1
 31 39 40 42 50 82 83 92  1
 31 39 40 42 50 82 83 90 91  1
 31 39 40 42 50 65 84  1
 31 39 40 42 50 65 82 83  1
 31 39 40 42 50 57 92  1
 31 39 40 42 50 57 90 91  1
 31 39 40 42 50 57 65  1
