 83  15
 81 82  15
 77  1
 75 76  1
 67  7
 67 75  1
 67 73 74  1
 65 85  1
 65 83 84  1
 65 66  7
 65 66 75  1
 65 66 73 74  1
 63 64 85  1
 63 64 83 84  1
 58 65  1
 58 63 64  1
 56  15
 50  1
 48 67  1
 48 65 66  1
 43  1
 43 67  1
 43 65 66  1
 41  7
 41 42  1
 41 42 67  1
 41 42 65 66  1
 40  7
 40 75  1
 40 73 74  1
 40 48  1
 40 43  1
 40 41 42  1
 39 40  7
 38 85  1
 38 83 84  1
 38 58  1
 31 67 81  3
 31 67 79 80  3
 31 65 66 81  3
 31 65 66 79 80  3
 31 54 67  3
 31 54 65 66  3
 31 40 81  3
 31 40 79 80  3
 31 40 54  3
 29 30 67 81  3
 29 30 67 79 80  3
 29 30 65 66 81  3
 29 30 65 66 79 80  3
 29 30 54 67  3
 29 30 54 65 66  3
 29 30 40 81  3
 29 30 40 79 80  3
 29 30 40 54  3
 16  1
 16 67  1
 16 65 66  1
 16 40  1
 14  7
 4 67 81  3
 4 67 79 80  3
 4 65 66 81  3
 4 65 66 79 80  3
 4 54 67  3
 4 54 65 66  3
 4 40 81  3
 4 40 79 80  3
 4 40 54  3
