 117  1
 58  1
 16  1
 14 15  1
 88  1
 86 92  3
 86 90 91  3
 86 87  1
 84 86 92  1
 84 86 90 91  1
 82 83 86 92  1
 82 83 86 90 91  1
 82 83 84 85 92  1
 82 83 84 85 90 91  1
 70 86  1
 70 84 85  1
 70 82 88  1
 70 82 86 87  1
 70 80 86 92  1
 70 80 86 90 91  1
 70 80 84 85 92  1
 70 80 84 85 90 91  1
 70 80 81 88  1
 70 80 81 86 87  1
 70 78 79 86 92  1
 70 78 79 86 90 91  1
 70 78 79 84 85 92  1
 70 78 79 84 85 90 91  1
 68 82  17
 68 80 81  19
 68 69 86  1
 68 69 84 85  1
 68 69 82 88  1
 68 69 82 86 87  1
 68 69 80 86 92  1
 68 69 80 86 90 91  1
 68 69 80 84 85 92  1
 68 69 80 84 85 90 91  1
 68 69 80 81 88  1
 68 69 80 81 86 87  1
 68 69 78 79 86 92  1
 68 69 78 79 86 90 91  1
 68 69 78 79 84 85 92  1
 68 69 78 79 84 85 90 91  1
 66 67 82  17
 66 67 80 81  19
 65 86  3
 65 84 86  1
 65 82 83 86  1
 65 82 83 84 85  1
 65 70 80 86  1
 65 70 80 84 85  1
 65 70 78 79 86  1
 65 70 78 79 84 85  1
 65 68 69 80 86  1
 65 68 69 80 84 85  1
 65 68 69 78 79 86  1
 65 68 69 78 79 84 85  1
 61  1
 61 70 82  1
 61 70 80 81  1
 61 68 69 82  1
 61 68 69 80 81  1
 59 92  3
 59 90 91  3
 59 84 92  1
 59 84 90 91  1
 59 82 83 92  1
 59 82 83 90 91  1
 59 70  1
 59 70 80 92  1
 59 70 80 90 91  1
 59 70 78 79 92  1
 59 70 78 79 90 91  1
 59 68 69  1
 59 68 69 80 92  1
 59 68 69 80 90 91  1
 59 68 69 78 79 92  1
 59 68 69 78 79 90 91  1
 59 65  3
 59 65 84  1
 59 65 82 83  1
 59 65 70 80  1
 59 65 70 78 79  1
 59 65 68 69 80  1
 59 65 68 69 78 79  1
 57 86 92  1
 57 86 90 91  1
 57 84 85 92  1
 57 84 85 90 91  1
 57 65 86  1
 57 65 84 85  1
 57 59 92  1
 57 59 90 91  1
 57 59 65  1
 55 70 88  1
 55 70 86 87  1
 55 68  17
 55 68 69 88  1
 55 68 69 86 87  1
 55 66 67  17
 55 61 70  1
 55 61 68 69  1
 53 70 86 92  1
 53 70 86 90 91  1
 53 70 84 85 92  1
 53 70 84 85 90 91  1
 53 68 69 86 92  1
 53 68 69 86 90 91  1
 53 68 69 84 85 92  1
 53 68 69 84 85 90 91  1
 53 65 70 86  1
 53 65 70 84 85  1
 53 65 68 69 86  1
 53 65 68 69 84 85  1
 53 59 70 92  1
 53 59 70 90 91  1
 53 59 68 69 92  1
 53 59 68 69 90 91  1
 53 59 65 70  1
 53 59 65 68 69  1
 43 86  1
 43 84 85  1
 43 82 88  1
 43 82 86 87  1
 43 80 86 92  1
 43 80 86 90 91  1
 43 80 84 85 92  1
 43 80 84 85 90 91  1
 43 80 81 88  1
 43 80 81 86 87  1
 43 78 79 86 92  1
 43 78 79 86 90 91  1
 43 78 79 84 85 92  1
 43 78 79 84 85 90 91  1
 43 65 80 86  1
 43 65 80 84 85  1
 43 65 78 79 86  1
 43 65 78 79 84 85  1
 43 61 82  1
 43 61 80 81  1
 43 59  1
 43 59 80 92  1
 43 59 80 90 91  1
 43 59 78 79 92  1
 43 59 78 79 90 91  1
 43 59 65 80  1
 43 59 65 78 79  1
 43 55 88  1
 43 55 86 87  1
 43 55 61  1
 43 53 86 92  1
 43 53 86 90 91  1
 43 53 84 85 92  1
 43 53 84 85 90 91  1
 43 53 65 86  1
 43 53 65 84 85  1
 43 53 59 92  1
 43 53 59 90 91  1
 43 53 59 65  1
 41 82  17
 41 80 81  19
 41 55  17
 38  1
 38 68  1
 38 66 67  1
 38 41  1
 36 37  1
 36 37 68  1
 36 37 66 67  1
 36 37 41  1
 11  1
 11 68  1
 11 66 67  1
 11 41  1
