 65 66  139
 79 80  295
 54  305
  863
 106  5
 100  17
 96  5
 87  223
 85 86  227
 84  5
 83  27
 82 83  7
 81 82  39
 80 81  5
 79 85  11
 79 83 84  11
 79 80 82  5
 79 80 81  5
 77 78 85  11
 77 78 83 84  11
 75 83 86  7
 75 83 84 85  7
 75 81 82 86  7
 75 81 82 84 85  7
 73 74 83 86  7
 73 74 83 84 85  7
 73 74 81  39
 73 74 81 82 86  7
 73 74 81 82 84 85  7
 73 74 79 80  39
 67 75 81  7
 67 75 79 80  7
 67 73 74 81  7
 67 73 74 79 80  7
 66 67  29
 65 66 75 81  7
 65 66 75 79 80  7
 65 66 73 74 81  7
 65 66 73 74 79 80  7
 64 65 67  1
 64 65 66  1
 60  229
 59 75 83  7
 59 75 81 82  7
 59 73 74 83  7
 59 73 74 81 82  7
 58 79  11
 58 77 78  11
 56  29
 56 75 86  7
 56 75 84 85  7
 56 73 74 86  7
 56 73 74 84 85  7
 56 59 75  7
 56 59 73 74  7
 55 83  11
 55 67  1
 55 65 81  1
 55 65 79 80  1
 55 65 66  1
 55 63 64 81  1
 55 63 64 79 80  1
 55 56  43
 54 82  5
 54 81 82  13
 54 80 81  5
 54 73 74  39
 54 67 75  7
 54 67 73 74  7
 54 65 66 75  7
 54 65 66 73 74  7
 54 55 65  1
 54 55 63 64  1
 53 54 83  11
 53 54 81 82  11
 53 54 65  7
 53 54 65 81  1
 53 54 65 79 80  1
 53 54 63 64  7
 53 54 63 64 81  1
 53 54 63 64 79 80  1
 53 54 56  11
 52 85  11
 52 83 84  11
 52 58  11
 48 83 86  7
 48 83 84 85  7
 48 81  37
 48 81 82 86  7
 48 81 82 84 85  7
 48 79 80  37
 48 67 81  7
 48 67 79 80  7
 48 65 66 81  7
 48 65 66 79 80  7
 48 59 83  7
 48 59 81 82  7
 48 56 86  7
 48 56 84 85  7
 48 56 59  7
 48 54  37
 48 54 67  7
 48 54 65 66  7
 47  5
 46  53
 41 67  25
 41 65 66  25
 40 75 81  7
 40 75 79 80  7
 40 73 74 81  7
 40 73 74 79 80  7
 40 66  1
 40 64 65  1
 40 55  1
 40 54 75  7
 40 54 73 74  7
 40 48 81  7
 40 48 79 80  7
 40 48 54  7
 40 41  25
 39  23
 39 67  3
 39 65 66  3
 39 40  9
 38 55 81  1
 38 55 79 80  1
 38 54 55  1
 38 53 54  7
 38 53 54 81  1
 38 53 54 79 80  1
 37  7
 31 81  9
 31 79 80  9
 31 54  9
 30  29
 29  7
 28 83  11
 28 81 82  11
 28 67  1
 28 65 81  1
 28 65 79 80  1
 28 65 66  1
 28 63 64 81  1
 28 63 64 79 80  1
 28 56  11
 28 54 65  1
 28 54 63 64  1
 28 40  1
 28 38 81  1
 28 38 79 80  1
 28 38 54  1
 73  47
 71  11
 71 72  51
 54 73  3
 54 71 72  3
 46 54  3
 14  5
 79 85 126  1
 79 83 84 126  1
 77 78 85 126  1
 77 78 83 84 126  1
 67 79 85  1
 67 79 83 84  1
 67 77 78 85  1
 67 77 78 83 84  1
 58 79 126  1
 58 77 78 126  1
 58 67 79  1
 58 67 77 78  1
 52 85 126  1
 52 83 84 126  1
 52 67 85  1
 52 67 83 84  1
 52 58 126  1
 52 58 67  1
 25 79 85  1
 25 79 83 84  1
 25 77 78 85  1
 25 77 78 83 84  1
 25 58 79  1
 25 58 77 78  1
 25 52 85  1
 25 52 83 84  1
 25 52 58  1
 23 24 79 85  1
 23 24 79 83 84  1
 23 24 77 78 85  1
 23 24 77 78 83 84  1
 23 24 58 79  1
 23 24 58 77 78  1
 23 24 52 85  1
 23 24 52 83 84  1
 23 24 52 58  1
 43 79  1
 43 77 78  1
 43 52  1
 41 42 79  1
 41 42 77 78  1
 41 42 52  1
 16 79  1
 16 77 78  1
 16 52  1
 81 108  1
 81 107  1
 81 98  1
 81 97  1
 81 90  1
 81 83 88  1
 81 83 87  1
 81 83 86 87  1
 81 83 85 86  1
 81 82 88  1
 81 82 86 87  1
 81 82 83  3
 80 81 83  1
 80 81 82  1
 79 80 108  1
 79 80 107  1
 79 80 98  1
 79 80 97  1
 79 80 90  1
 79 80 83 88  1
 79 80 83 87  1
 79 80 83 86 87  1
 79 80 83 85 86  1
 79 80 82 83  1
 79 80 81 83  1
 79 80 81 82 88  1
 79 80 81 82 87  1
 79 80 81 82 86 87  1
 79 80 81 82 85 86  1
 76 81  3
 76 79 80  3
 73 81  1
 73 81 83  1
 73 81 82  1
 73 79 80  1
 73 79 80 83  1
 73 79 80 81 82  1
 72 73 75 81  3
 72 73 75 79 80  3
 72 73 74 81  3
 72 73 74 79 80  3
 71 72 81  1
 71 72 81 83  1
 71 72 81 82  1
 71 72 79 80  1
 71 72 79 80 83  1
 71 72 79 80 81 82  1
 70 81  1
 70 79 80  1
 68 69 81  1
 68 69 79 80  1
 61 81  3
 61 81 83  1
 61 81 82  1
 61 79 80  3
 61 79 80 83  1
 61 79 80 81 82  1
 60 81 83  1
 60 79 80 83  1
 60 79 80 81 82  1
 59 60 81  3
 59 60 79 80  3
 56 81 88  1
 56 81 87  1
 56 81 86 87  1
 56 81 85 86  1
 56 81 82  1
 56 80 81  1
 56 79 80 88  1
 56 79 80 87  1
 56 79 80 86 87  1
 56 79 80 85 86  1
 56 79 80 82  1
 56 79 80 81  1
 56 73 81  1
 56 73 79 80  1
 56 71 72 81  1
 56 71 72 79 80  1
 56 61 81  1
 56 61 79 80  1
 56 60 81  1
 56 60 79 80  1
 55 81 83  1
 55 79 80 83  1
 55 79 80 81 82  1
 54 108  1
 54 107  1
 54 98  1
 54 97  1
 54 90  1
 54 83 88  1
 54 83 87  1
 54 83 86 87  1
 54 83 85 86  1
 54 82 83  1
 54 81 82 88  1
 54 81 82 87  1
 54 81 82 86 87  1
 54 81 82 85 86  1
 54 80 81 83  1
 54 80 81 82  1
 54 76  3
 54 73 83  1
 54 73 81 82  1
 54 72 73 75  3
 54 72 73 74  3
 54 71 72 83  1
 54 71 72 81 82  1
 54 70  1
 54 68 69  1
 54 61  3
 54 61 83  1
 54 61 81 82  1
 54 60 83  1
 54 60 81 82  1
 54 59 60  3
 54 56 88  1
 54 56 87  1
 54 56 86 87  1
 54 56 85 86  1
 54 56 82  1
 54 56 80 81  1
 54 56 73  1
 54 56 71 72  1
 54 56 61  1
 54 56 60  1
 54 55 83  1
 54 55 81 82  1
 53 54  13
 53 54 81  1
 53 54 79 80  1
 48 74 81  3
 48 74 79 80  3
 48 72 73 81  3
 48 72 73 79 80  3
 48 54 74  3
 48 54 72 73  3
 47 75 81  3
 47 75 79 80  3
 47 73 74 81  3
 47 73 74 79 80  3
 47 54 75  3
 47 54 73 74  3
 47 48 81  3
 47 48 79 80  3
 47 48 54  3
 46 81  1
 46 81 83  1
 46 81 82  1
 46 79 80  1
 46 79 80 83  1
 46 79 80 81 82  1
 46 56 81  1
 46 56 79 80  1
 46 54 83  1
 46 54 81 82  1
 46 54 56  1
 43 81  1
 43 79 80  1
 43 54  1
 39 81  1
 39 79 80  1
 39 54  1
 34 81  3
 34 79 80  3
 34 54  3
 28 81  1
 28 79 80  1
 28 54  1
 21 81  1
 21 79 80  1
 21 54  1
 39 40 67  3
 39 40 65 66  3
 14 67  3
 14 65 66  3
 14 40  3
 67 75 83  3
 67 75 81 82  3
 67 73 74 83  3
 67 73 74 81 82  3
 65 66 75 83  3
 65 66 75 81 82  3
 65 66 73 74 83  3
 65 66 73 74 81 82  3
 56 67 75  3
 56 67 73 74  3
 56 65 66 75  3
 56 65 66 73 74  3
 48 67 83  3
 48 67 81 82  3
 48 65 66 83  3
 48 65 66 81 82  3
 48 56 67  3
 48 56 65 66  3
 40 75 83  3
 40 75 81 82  3
 40 73 74 83  3
 40 73 74 81 82  3
 40 56 75  3
 40 56 73 74  3
 40 48 83  3
 40 48 81 82  3
 40 48 56  3
 57 81  1
 57 79 80  1
 54 57  1
 30 81  1
 30 79 80  1
 30 54  1
 87 100  3
 85 86 100  3
 83 87  3
 83 85 86  3
 73 100  3
 71 72 100  3
 60 100  3
 60 83  3
 56 87  3
 56 85 86  3
 56 60  3
 46 100  3
 41 87  3
 41 85 86  3
 41 73  3
 41 71 72  3
 41 60  3
 41 55  3
 41 53 54  3
 41 46  3
 37 38  15
 31 73  3
 31 71 72  3
 31 46  3
 28 41  3
 14 55  3
 14 53 54  3
 14 28  3
 55 67 83 84  1
 55 67 82 83  1
 55 67 81 82 84  1
 55 67 81 82 83  1
 55 65 66 83 84  1
 55 65 66 82 83  1
 55 65 66 81 82 84  1
 55 65 66 81 82 83  1
 55 57  1
 55 57 71  1
 55 57 69 70  1
 55 57 67 83  1
 55 57 67 81 82  1
 55 57 65 66 83  1
 55 57 65 66 81 82  1
 55 56 71  1
 55 56 69 70  1
 55 56 67 84  1
 55 56 67 82 83  1
 55 56 65 66 84  1
 55 56 65 66 82 83  1
 55 56 57 67  1
 55 56 57 65 66  1
 53 54 67 83 84  1
 53 54 67 82 83  1
 53 54 67 81 82 84  1
 53 54 67 81 82 83  1
 53 54 65 66 83 84  1
 53 54 65 66 82 83  1
 53 54 65 66 81 82 84  1
 53 54 65 66 81 82 83  1
 53 54 57  1
 53 54 57 71  1
 53 54 57 69 70  1
 53 54 57 67 83  1
 53 54 57 67 81 82  1
 53 54 57 65 66 83  1
 53 54 57 65 66 81 82  1
 53 54 56 67 84  1
 53 54 56 67 82 83  1
 53 54 56 65 66 84  1
 53 54 56 65 66 82 83  1
 53 54 56 57 67  1
 53 54 56 57 65 66  1
 53 54 55 56  1
 53 54 55 56 71  1
 53 54 55 56 69 70  1
 44 55 57  1
 44 55 56  1
 44 53 54 57  1
 44 53 54 55 56  1
 40 55 83 84  1
 40 55 82 83  1
 40 55 81 82 84  1
 40 55 81 82 83  1
 40 55 57 83  1
 40 55 57 81 82  1
 40 55 56 84  1
 40 55 56 82 83  1
 40 55 56 57  1
 40 53 54 83 84  1
 40 53 54 82 83  1
 40 53 54 81 82 84  1
 40 53 54 81 82 83  1
 40 53 54 57 83  1
 40 53 54 57 81 82  1
 40 53 54 56 84  1
 40 53 54 56 82 83  1
 40 53 54 56 57  1
 31 67 83  15
 31 67 81 82  15
 31 65 66 83  15
 31 65 66 81 82  15
 31 56 67  15
 31 56 65 66  15
 31 40 83  15
 31 40 81 82  15
 31 40 56  15
 30 55  1
 30 55 71  1
 30 55 69 70  1
 30 53 54  1
 30 53 54 71  1
 30 53 54 69 70  1
 30 44 55  1
 30 44 53 54  1
 29 81  1
 29 79 80  1
 29 57  1
 29 55 56  1
 29 54  1
 29 30 67 83  15
 29 30 67 81 82  15
 29 30 65 66 83  15
 29 30 65 66 81 82  15
 29 30 56 67  15
 29 30 56 65 66  15
 29 30 40 83  15
 29 30 40 81 82  15
 29 30 40 56  15
 28 67 83 84  1
 28 67 82 83  1
 28 67 81 82 84  1
 28 67 81 82 83  1
 28 65 66 83 84  1
 28 65 66 82 83  1
 28 65 66 81 82 84  1
 28 65 66 81 82 83  1
 28 57  1
 28 57 71  1
 28 57 69 70  1
 28 57 67 83  1
 28 57 67 81 82  1
 28 57 65 66 83  1
 28 57 65 66 81 82  1
 28 56 67 84  1
 28 56 67 82 83  1
 28 56 65 66 84  1
 28 56 65 66 82 83  1
 28 56 57 67  1
 28 56 57 65 66  1
 28 55 56  1
 28 55 56 71  1
 28 55 56 69 70  1
 28 44 57  1
 28 44 55 56  1
 28 40 83 84  1
 28 40 82 83  1
 28 40 81 82 84  1
 28 40 81 82 83  1
 28 40 57 83  1
 28 40 57 81 82  1
 28 40 56 84  1
 28 40 56 82 83  1
 28 40 56 57  1
 28 30  1
 28 30 71  1
 28 30 69 70  1
 28 30 44  1
 27 28 81  1
 27 28 79 80  1
 27 28 57  1
 27 28 55 56  1
 27 28 54  1
 27 28 30  1
 4 67 83  15
 4 67 81 82  15
 4 65 66 83  15
 4 65 66 81 82  15
 4 56 67  15
 4 56 65 66  15
 4 40 83  15
 4 40 81 82  15
 4 40 56  15
 2 81  1
 2 79 80  1
 2 57  1
 2 55 56  1
 2 54  1
 2 30  1
 55 67 75 85  1
 55 67 75 83 84  1
 55 67 73 74 85  1
 55 67 73 74 83 84  1
 55 65 66 75 85  1
 55 65 66 75 83 84  1
 55 65 66 73 74 85  1
 55 65 66 73 74 83 84  1
 55 58 67 75  1
 55 58 67 73 74  1
 55 58 65 66 75  1
 55 58 65 66 73 74  1
 53 54 67 75 85  1
 53 54 67 75 83 84  1
 53 54 67 73 74 85  1
 53 54 67 73 74 83 84  1
 53 54 65 66 75 85  1
 53 54 65 66 75 83 84  1
 53 54 65 66 73 74 85  1
 53 54 65 66 73 74 83 84  1
 53 54 58 67 75  1
 53 54 58 67 73 74  1
 53 54 58 65 66 75  1
 53 54 58 65 66 73 74  1
 48 55 67 85  1
 48 55 67 83 84  1
 48 55 65 66 85  1
 48 55 65 66 83 84  1
 48 55 58 67  1
 48 55 58 65 66  1
 48 53 54 67 85  1
 48 53 54 67 83 84  1
 48 53 54 65 66 85  1
 48 53 54 65 66 83 84  1
 48 53 54 58 67  1
 48 53 54 58 65 66  1
 41 67 85  1
 41 67 83 84  1
 41 65 66 85  1
 41 65 66 83 84  1
 41 58 67  1
 41 58 65 66  1
 41 55 67  1
 41 55 67 85  1
 41 55 67 83 84  1
 41 55 65 66  1
 41 55 65 66 85  1
 41 55 65 66 83 84  1
 41 55 58 67  1
 41 55 58 65 66  1
 41 53 54 67  1
 41 53 54 67 85  1
 41 53 54 67 83 84  1
 41 53 54 65 66  1
 41 53 54 65 66 85  1
 41 53 54 65 66 83 84  1
 41 53 54 58 67  1
 41 53 54 58 65 66  1
 40 55 75 85  1
 40 55 75 83 84  1
 40 55 73 74 85  1
 40 55 73 74 83 84  1
 40 55 58 75  1
 40 55 58 73 74  1
 40 53 54 75 85  1
 40 53 54 75 83 84  1
 40 53 54 73 74 85  1
 40 53 54 73 74 83 84  1
 40 53 54 58 75  1
 40 53 54 58 73 74  1
 40 48 55 85  1
 40 48 55 83 84  1
 40 48 55 58  1
 40 48 53 54 85  1
 40 48 53 54 83 84  1
 40 48 53 54 58  1
 40 41 85  1
 40 41 83 84  1
 40 41 58  1
 40 41 55  1
 40 41 55 85  1
 40 41 55 83 84  1
 40 41 55 58  1
 40 41 53 54  1
 40 41 53 54 85  1
 40 41 53 54 83 84  1
 40 41 53 54 58  1
 39 40 85  1
 39 40 83 84  1
 39 40 67 85  1
 39 40 67 83 84  1
 39 40 65 66 85  1
 39 40 65 66 83 84  1
 39 40 58  1
 39 40 58 67  1
 39 40 58 65 66  1
 39 40 55 85  1
 39 40 55 83 84  1
 39 40 55 67  1
 39 40 55 67 85  1
 39 40 55 67 83 84  1
 39 40 55 65 66  1
 39 40 55 65 66 85  1
 39 40 55 65 66 83 84  1
 39 40 55 58  1
 39 40 55 58 67  1
 39 40 55 58 65 66  1
 39 40 53 54 85  1
 39 40 53 54 83 84  1
 39 40 53 54 67  1
 39 40 53 54 67 85  1
 39 40 53 54 67 83 84  1
 39 40 53 54 65 66  1
 39 40 53 54 65 66 85  1
 39 40 53 54 65 66 83 84  1
 39 40 53 54 58  1
 39 40 53 54 58 67  1
 39 40 53 54 58 65 66  1
 28 67 75 85  1
 28 67 75 83 84  1
 28 67 73 74 85  1
 28 67 73 74 83 84  1
 28 65 66 75 85  1
 28 65 66 75 83 84  1
 28 65 66 73 74 85  1
 28 65 66 73 74 83 84  1
 28 58 67 75  1
 28 58 67 73 74  1
 28 58 65 66 75  1
 28 58 65 66 73 74  1
 28 48 67 85  1
 28 48 67 83 84  1
 28 48 65 66 85  1
 28 48 65 66 83 84  1
 28 48 58 67  1
 28 48 58 65 66  1
 28 41 67  1
 28 41 67 85  1
 28 41 67 83 84  1
 28 41 65 66  1
 28 41 65 66 85  1
 28 41 65 66 83 84  1
 28 41 58 67  1
 28 41 58 65 66  1
 28 40 75 85  1
 28 40 75 83 84  1
 28 40 73 74 85  1
 28 40 73 74 83 84  1
 28 40 58 75  1
 28 40 58 73 74  1
 28 40 48 85  1
 28 40 48 83 84  1
 28 40 48 58  1
 28 40 41  1
 28 40 41 85  1
 28 40 41 83 84  1
 28 40 41 58  1
 28 39 40 85  1
 28 39 40 83 84  1
 28 39 40 67  1
 28 39 40 67 85  1
 28 39 40 67 83 84  1
 28 39 40 65 66  1
 28 39 40 65 66 85  1
 28 39 40 65 66 83 84  1
 28 39 40 58  1
 28 39 40 58 67  1
 28 39 40 58 65 66  1
 14 67 85  1
 14 67 83 84  1
 14 65 66 85  1
 14 65 66 83 84  1
 14 58 67  1
 14 58 65 66  1
 14 55 67  1
 14 55 67 85  1
 14 55 67 83 84  1
 14 55 65 66  1
 14 55 65 66 85  1
 14 55 65 66 83 84  1
 14 55 58 67  1
 14 55 58 65 66  1
 14 53 54 67  1
 14 53 54 67 85  1
 14 53 54 67 83 84  1
 14 53 54 65 66  1
 14 53 54 65 66 85  1
 14 53 54 65 66 83 84  1
 14 53 54 58 67  1
 14 53 54 58 65 66  1
 14 40 85  1
 14 40 83 84  1
 14 40 58  1
 14 40 55  1
 14 40 55 85  1
 14 40 55 83 84  1
 14 40 55 58  1
 14 40 53 54  1
 14 40 53 54 85  1
 14 40 53 54 83 84  1
 14 40 53 54 58  1
 14 28 67  1
 14 28 67 85  1
 14 28 67 83 84  1
 14 28 65 66  1
 14 28 65 66 85  1
 14 28 65 66 83 84  1
 14 28 58 67  1
 14 28 58 65 66  1
 14 28 40  1
 14 28 40 85  1
 14 28 40 83 84  1
 14 28 40 58  1
 57 69  1
 57 67 68  1
 55 56 69  1
 55 56 67 68  1
 42 57  1
 42 55 56  1
 31 67 85  1
 31 67 83 84  1
 31 65 66 85  1
 31 65 66 83 84  1
 31 58 67  1
 31 58 65 66  1
 31 40 85  1
 31 40 83 84  1
 31 40 58  1
 30 69  1
 30 67 68  1
 30 42  1
 29 30 67 85  1
 29 30 67 83 84  1
 29 30 65 66 85  1
 29 30 65 66 83 84  1
 29 30 58 67  1
 29 30 58 65 66  1
 29 30 40 85  1
 29 30 40 83 84  1
 29 30 40 58  1
 4 67 85  1
 4 67 83 84  1
 4 65 66 85  1
 4 65 66 83 84  1
 4 58 67  1
 4 58 65 66  1
 4 40 85  1
 4 40 83 84  1
 4 40 58  1
 29 30 87  1
 29 30 85 86  1
 29 30 60  1
 4  33
 4 87  1
 4 85 86  1
 4 60  1
 65 81  1
 65 79 80  1
 65 69  1
 65 67 68  1
 63 64 81  1
 63 64 79 80  1
 63 64 69  1
 63 64 67 68  1
 54 65  1
 54 63 64  1
 53 67 81  1
 53 67 79 80  1
 53 65 66 81  1
 53 65 66 79 80  1
 51 52 67 81  1
 51 52 67 79 80  1
 51 52 65 66 81  1
 51 52 65 66 79 80  1
 51 52 54 67  1
 51 52 54 65 66  1
 42 65  1
 42 63 64  1
 40 53 81  1
 40 53 79 80  1
 40 51 52 81  1
 40 51 52 79 80  1
 40 51 52 54  1
 38 69  1
 38 67 68  1
 38 42  1
 26 67 81  1
 26 67 79 80  1
 26 65 66 81  1
 26 65 66 79 80  1
 26 54 67  1
 26 54 65 66  1
 26 40 81  1
 26 40 79 80  1
 26 40 54  1
 29 81 85  1
 29 81 83 84  1
 29 79 80 85  1
 29 79 80 83 84  1
 29 58 81  1
 29 58 79 80  1
 29 54 85  1
 29 54 83 84  1
 29 54 58  1
 27 28  1
 27 28 81 85  1
 27 28 81 83 84  1
 27 28 79 80 85  1
 27 28 79 80 83 84  1
 27 28 58 81  1
 27 28 58 79 80  1
 27 28 54 85  1
 27 28 54 83 84  1
 27 28 54 58  1
 2 81 85  1
 2 81 83 84  1
 2 79 80 85  1
 2 79 80 83 84  1
 2 58 81  1
 2 58 79 80  1
 2 54 85  1
 2 54 83 84  1
 2 54 58  1
 57 81 87  1
 57 81 85 86  1
 57 79 80 87  1
 57 79 80 85 86  1
 57 60 81  1
 57 60 79 80  1
 55 56 81 87  1
 55 56 81 85 86  1
 55 56 79 80 87  1
 55 56 79 80 85 86  1
 55 56 60 81  1
 55 56 60 79 80  1
 54 57 87  1
 54 57 85 86  1
 54 57 60  1
 54 55 56 87  1
 54 55 56 85 86  1
 54 55 56 60  1
 30 81 87  1
 30 81 85 86  1
 30 79 80 87  1
 30 79 80 85 86  1
 30 60 81  1
 30 60 79 80  1
 30 54 87  1
 30 54 85 86  1
 30 54 60  1
