  603
 92  13
 90 91  13
 82  13
 80 81  13
 65  13
 55  25
 68 92  1
 68 90 91  1
 66 67 92  1
 66 67 90 91  1
 65 68  1
 41 92  1
 41 90 91  1
 41 65  1
 86  31
 83 84 86  3
 83 84 85  3
 80 117  1
 80 92  3
 80 90 91  3
 80 86 92  1
 80 86 90 91  1
 80 84 85 92  1
 80 84 85 90 91  1
 78 79 117  1
 78 79 92  3
 78 79 90 91  3
 78 79 86 92  1
 78 79 86 90 91  1
 78 79 84 85 92  1
 78 79 84 85 90 91  1
 70 86  1
 70 80  11
 70 78 79  11
 68 86 92  1
 68 86 90 91  1
 68 84 85 92  1
 68 84 85 90 91  1
 68 69 86  1
 68 69 80  15
 68 69 78 79  15
 66 67 86 92  1
 66 67 86 90 91  1
 66 67 84 85 92  1
 66 67 84 85 90 91  1
 65 80  3
 65 80 86  1
 65 80 84 85  1
 65 78 79  3
 65 78 79 86  1
 65 78 79 84 85  1
 65 68 86  1
 65 68 84 85  1
 65 66 67 86  1
 65 66 67 84 85  1
 59  29
 59 85  3
 59 83 84  3
 59 80 92  1
 59 80 90 91  1
 59 78 79 92  1
 59 78 79 90 91  1
 59 70  1
 59 68 92  1
 59 68 90 91  1
 59 68 69  1
 59 66 67 92  1
 59 66 67 90 91  1
 59 65 80  1
 59 65 78 79  1
 59 65 68  1
 59 65 66 67  1
 58 86  3
 58 84 85  3
 58 80  1
 58 78 79  1
 58 59  3
 56 70 80  1
 56 70 78 79  1
 56 68 69 80  1
 56 68 69 78 79  1
 54 55 70 80  1
 54 55 70 78 79  1
 54 55 68 69 80  1
 54 55 68 69 78 79  1
 53 117  1
 53 92  3
 53 90 91  3
 53 86 92  1
 53 86 90 91  1
 53 84 85 92  1
 53 84 85 90 91  1
 53 70  11
 53 68 69  15
 53 65  3
 53 65 86  1
 53 65 84 85  1
 53 59 92  1
 53 59 90 91  1
 53 59 65  1
 53 58  1
 53 56 70  1
 53 56 68 69  1
 53 54 55 70  1
 53 54 55 68 69  1
 48 80  1
 48 78 79  1
 48 53  1
 46 80  5
 46 78 79  5
 46 53  5
 43 86  1
 43 80  11
 43 78 79  11
 43 59  1
 43 56 80  1
 43 56 78 79  1
 43 54 55 80  1
 43 54 55 78 79  1
 43 53  11
 43 53 56  1
 43 53 54 55  1
 42 80  9
 42 78 79  9
 42 53  9
 41 86 92  1
 41 86 90 91  1
 41 84 85 92  1
 41 84 85 90 91  1
 41 65 86  1
 41 65 84 85  1
 41 59 92  1
 41 59 90 91  1
 41 59 65  1
 40 41 80  9
 40 41 78 79  9
 40 41 53  9
 29 70 80  1
 29 70 78 79  1
 29 68 69 80  1
 29 68 69 78 79  1
 29 53 70  1
 29 53 68 69  1
 29 43 80  1
 29 43 78 79  1
 29 43 53  1
 15 80  9
 15 78 79  9
 15 53  9
 44 68 86  1
 44 68 84 85  1
 44 66 67 86  1
 44 66 67 84 85  1
 44 59 68  1
 44 59 66 67  1
 42 43 68 86  1
 42 43 68 84 85  1
 42 43 66 67 86  1
 42 43 66 67 84 85  1
 42 43 59 68  1
 42 43 59 66 67  1
 41 44 86  1
 41 44 84 85  1
 41 44 59  1
 41 42 43 86  1
 41 42 43 84 85  1
 41 42 43 59  1
 17 68 86  1
 17 68 84 85  1
 17 66 67 86  1
 17 66 67 84 85  1
 17 59 68  1
 17 59 66 67  1
 17 41 86  1
 17 41 84 85  1
 17 41 59  1
 110  9
 89  9
 87  1
 87 88  9
 80 85 86  1
 80 84 85  5
 80 83 84 86  1
 80 83 84 85  1
 78  1
 78 79 85 86  1
 78 79 84 85  5
 78 79 83 84 86  1
 78 79 83 84 85  1
 76 77  1
 73 80  1
 73 78 79  1
 72  9
 71 72 80  1
 71 72 78 79  1
 70  61
 70 85 86  1
 70 83 84 86  1
 70 83 84 85  1
 70 71  9
 69  9
 68  91
 68 80 86 92  1
 68 80 86 90 91  1
 68 80 84 85 92  1
 68 80 84 85 90 91  1
 68 78 79 86 92  1
 68 78 79 86 90 91  1
 68 78 79 84 85 92  1
 68 78 79 84 85 90 91  1
 68 69 85 86  1
 68 69 83 84 86  1
 68 69 83 84 85  1
 66 67  81
 66 67 80 86 92  1
 66 67 80 86 90 91  1
 66 67 80 84 85 92  1
 66 67 80 84 85 90 91  1
 66 67 78 79 86 92  1
 66 67 78 79 86 90 91  1
 66 67 78 79 84 85 92  1
 66 67 78 79 84 85 90 91  1
 66 67 68  11
 65 68 80 86  1
 65 68 80 84 85  1
 65 68 78 79 86  1
 65 68 78 79 84 85  1
 65 66 68  9
 65 66 67 80 86  1
 65 66 67 80 84 85  1
 65 66 67 78 79 86  1
 65 66 67 78 79 84 85  1
 62  15
 60  1
 59 80 85  1
 59 80 83 84  1
 59 78 79 85  1
 59 78 79 83 84  1
 59 70 85  1
 59 70 83 84  1
 59 68 80 92  1
 59 68 80 90 91  1
 59 68 78 79 92  1
 59 68 78 79 90 91  1
 59 68 69 85  1
 59 68 69 83 84  1
 59 66 67 80 92  1
 59 66 67 80 90 91  1
 59 66 67 78 79 92  1
 59 66 67 78 79 90 91  1
 59 65 68 80  1
 59 65 68 78 79  1
 59 65 66 67 80  1
 59 65 66 67 78 79  1
 58 80 86  1
 58 80 84 85  1
 58 78 79 86  1
 58 78 79 84 85  1
 58 70 86  1
 58 70 84 85  1
 58 68 69 86  1
 58 68 69 84 85  1
 58 59 80  1
 58 59 78 79  1
 58 59 70  1
 58 59 68 69  1
 56  11
 54  11
 54 85  1
 54 83 84  1
 54 58  1
 54 55  11
 53 85 86  1
 53 84 85  5
 53 83 84 86  1
 53 83 84 85  1
 53 73  1
 53 71 72  1
 53 68 86 92  1
 53 68 86 90 91  1
 53 68 84 85 92  1
 53 68 84 85 90 91  1
 53 66 67 86 92  1
 53 66 67 86 90 91  1
 53 66 67 84 85 92  1
 53 66 67 84 85 90 91  1
 53 65 68 86  1
 53 65 68 84 85  1
 53 65 66 67 86  1
 53 65 66 67 84 85  1
 53 59 85  1
 53 59 83 84  1
 53 59 68 92  1
 53 59 68 90 91  1
 53 59 66 67 92  1
 53 59 66 67 90 91  1
 53 59 65 68  1
 53 59 65 66 67  1
 53 58 86  1
 53 58 84 85  1
 53 58 59  1
 52 53  9
 52 53 85  1
 52 53 83 84  1
 52 53 58  1
 45  11
 44 74 80  1
 44 74 78 79  1
 44 72 73 80  1
 44 72 73 78 79  1
 44 53 74  1
 44 53 72 73  1
 44 47 80  1
 44 47 78 79  1
 44 47 53  1
 43 85 86  1
 43 83 84 86  1
 43 83 84 85  1
 43 59 85  1
 43 59 83 84  1
 43 58 86  1
 43 58 84 85  1
 43 58 59  1
 42 70  29
 42 68 69  29
 42 43  31
 42 43 74 80  1
 42 43 74 78 79  1
 42 43 72 73 80  1
 42 43 72 73 78 79  1
 42 43 53 74  1
 42 43 53 72 73  1
 42 43 47 80  1
 42 43 47 78 79  1
 42 43 47 53  1
 41  81
 41 80 86 92  1
 41 80 86 90 91  1
 41 80 84 85 92  1
 41 80 84 85 90 91  1
 41 78 79 86 92  1
 41 78 79 86 90 91  1
 41 78 79 84 85 92  1
 41 78 79 84 85 90 91  1
 41 67  9
 41 65 80 86  1
 41 65 80 84 85  1
 41 65 78 79 86  1
 41 65 78 79 84 85  1
 41 65 66  9
 41 59 80 92  1
 41 59 80 90 91  1
 41 59 78 79 92  1
 41 59 78 79 90 91  1
 41 59 65 80  1
 41 59 65 78 79  1
 41 53 86 92  1
 41 53 86 90 91  1
 41 53 84 85 92  1
 41 53 84 85 90 91  1
 41 53 65 86  1
 41 53 65 84 85  1
 41 53 59 92  1
 41 53 59 90 91  1
 41 53 59 65  1
 40 68  9
 40 66 67  9
 40 41 70  21
 40 41 68 69  21
 40 41 43  21
 29  11
 27  11
 27 85  1
 27 83 84  1
 27 58  1
 17 74 80  1
 17 74 78 79  1
 17 72 73 80  1
 17 72 73 78 79  1
 17 53 74  1
 17 53 72 73  1
 17 47 80  1
 17 47 78 79  1
 17 47 53  1
 15  59
 15 70  19
 15 68 69  19
 15 43  19
 11  1
 1  1
 68 127  1
 66 67 127  1
 41 127  1
 41 68  1
 26 68  1
 26 66 67  1
 26 41  1
 24 25 68  1
 24 25 66 67  1
 24 25 41  1
 42 85  1
 42 83 84  1
 42 72  1
 42 70 71  1
 42 58  1
 42 45  1
 40 41 85  1
 40 41 83 84  1
 40 41 72  1
 40 41 70 71  1
 40 41 58  1
 40 41 45  1
 15 85  1
 15 83 84  1
 15 72  1
 15 70 71  1
 15 58  1
 15 45  1
