  349
 94  1
 86  1
 84  3
 84 85  1
 83  61
 81  113
 81 82  79
 70  1
 69 70  3
 67  29
 67 68 70  1
 67 68 69  1
 65 66  31
 59  7
 57  5
 55  7
 55 56  7
 54 55  1
 53 54  7
 44  3
 43  163
 43 89  1
 43 83 86  1
 43 83 85  1
 43 83 84 85  1
 43 81  55
 43 81 82 86  1
 43 81 82 85  1
 43 81 82 84 85  1
 43 81 82 83 84  1
 43 71 83  1
 43 71 81 82  1
 43 69  1
 43 69 85  1
 43 69 83  1
 43 69 83 84  1
 43 69 81 82  3
 43 69 70 83  1
 43 69 70 81 82  1
 43 68  1
 43 67 98  1
 43 67 82 83  1
 43 67 81 82  3
 43 67 80 81 83  1
 43 67 80 81 82  1
 43 67 69  1
 43 67 68 85  1
 43 67 68 83  1
 43 67 68 83 84  1
 43 67 68 81 82  3
 43 65 66  73
 43 65 66 98  1
 43 65 66 82 83  1
 43 65 66 81 82  3
 43 65 66 80 81 83  1
 43 65 66 80 81 82  1
 43 65 66 69  1
 43 65 66 67 68  1
 43 64 65 67  1
 43 64 65 66  1
 43 59 83  1
 43 59 81 82  1
 43 58 83  1
 43 58 81 82  1
 43 58 69  1
 43 58 67 68  1
 43 57 58  5
 43 56 86  1
 43 56 85  1
 43 56 84 85  1
 43 56 83 84  1
 43 56 71  1
 43 56 69  1
 43 56 69 70  1
 43 56 67 82  1
 43 56 67 80 81  1
 43 56 67 68  1
 43 56 65 66 82  1
 43 56 65 66 80 81  1
 43 56 59  1
 43 56 58  1
 43 55 67 83  1
 43 55 67 81 82  1
 43 55 65 66 83  1
 43 55 65 66 81 82  1
 43 55 56 67  1
 43 55 56 65 66  1
 43 53  1
 43 51 52  1
 43 44 83  1
 43 44 81 82  1
 43 44 56  1
 42 70  1
 42 68 69  1
 42 43  3
 42 43 85  1
 42 43 83  1
 42 43 83 84  1
 42 43 81 82  3
 42 43 67  1
 42 43 65 66  1
 42 43 58  1
 42 43 56  1
 41  41
 41 83  3
 41 81 82  3
 41 56  3
 41 43  3
 41 42  167
 41 42 89  1
 41 42 83  21
 41 42 83 86  1
 41 42 83 85  1
 41 42 83 84  7
 41 42 83 84 85  1
 41 42 81 82  27
 41 42 81 82 86  1
 41 42 81 82 85  1
 41 42 81 82 84 85  1
 41 42 81 82 83 84  1
 41 42 71 83  1
 41 42 71 81 82  1
 41 42 69 85  1
 41 42 69 83  1
 41 42 69 83 84  1
 41 42 69 81 82  1
 41 42 69 70 83  1
 41 42 69 70 81 82  1
 41 42 68  1
 41 42 67  73
 41 42 67 98  1
 41 42 67 82 83  1
 41 42 67 81 82  3
 41 42 67 80 81 83  1
 41 42 67 80 81 82  1
 41 42 67 69  1
 41 42 67 68  1
 41 42 67 68 85  1
 41 42 67 68 83  1
 41 42 67 68 83 84  1
 41 42 67 68 81 82  1
 41 42 65 66 98  1
 41 42 65 66 82 83  1
 41 42 65 66 81 82  3
 41 42 65 66 80 81 83  1
 41 42 65 66 80 81 82  1
 41 42 65 66 69  1
 41 42 65 66 67 68  1
 41 42 64 65 67  1
 41 42 64 65 66  1
 41 42 59 83  1
 41 42 59 81 82  1
 41 42 58 83  1
 41 42 58 81 82  1
 41 42 58 69  1
 41 42 58 67 68  1
 41 42 57 58  5
 41 42 56  21
 41 42 56 86  1
 41 42 56 85  1
 41 42 56 84 85  1
 41 42 56 83 84  1
 41 42 56 71  1
 41 42 56 69  1
 41 42 56 69 70  1
 41 42 56 67 82  1
 41 42 56 67 80 81  1
 41 42 56 67 68  1
 41 42 56 65 66 82  1
 41 42 56 65 66 80 81  1
 41 42 56 59  1
 41 42 56 58  1
 41 42 55 67 83  1
 41 42 55 67 81 82  1
 41 42 55 65 66 83  1
 41 42 55 65 66 81 82  1
 41 42 55 56 67  1
 41 42 55 56 65 66  1
 41 42 53  1
 41 42 51 52  1
 41 42 44 83  1
 41 42 44 81 82  1
 41 42 44 56  1
 40  33
 40 43 98  1
 40 43 82 83  1
 40 43 81 82  3
 40 43 80 81 83  1
 40 43 80 81 82  1
 40 43 69  1
 40 43 67 68  1
 40 43 66  1
 40 43 64 65  1
 40 43 56 82  1
 40 43 56 80 81  1
 40 43 55 83  1
 40 43 55 81 82  1
 40 43 55 56  1
 40 42 43  1
 40 41 43  1
 40 41 42 98  1
 40 41 42 82 83  1
 40 41 42 81 82  3
 40 41 42 80 81 83  1
 40 41 42 80 81 82  1
 40 41 42 69  1
 40 41 42 67 68  1
 40 41 42 66  1
 40 41 42 64 65  1
 40 41 42 56 82  1
 40 41 42 56 80 81  1
 40 41 42 55 83  1
 40 41 42 55 81 82  1
 40 41 42 55 56  1
 39 43  7
 39 40 83  3
 39 40 81 82  3
 39 40 56  3
 37 43 83  1
 37 43 81 82  1
 37 43 56  1
 37 41 42 83  1
 37 41 42 81 82  1
 37 41 42 56  1
 37 38 43  7
 35  1
 35 36 43 83  1
 35 36 43 81 82  1
 35 36 43 56  1
 35 36 41 42 83  1
 35 36 41 42 81 82  1
 35 36 41 42 56  1
 31 43  3
 31 41 42  3
 30  5
 30 43  5
 30 41 42  5
 29 83  1
 29 81 82  3
 29 56  1
 29 43 67  1
 29 43 65 66  1
 29 41 42 67  1
 29 41 42 65 66  1
 29 40 43  1
 29 40 41 42  1
 29 30 43  1
 29 30 41 42  1
 27 28  1
 27 28 83  1
 27 28 81 82  1
 27 28 56  1
 26 43  1
 26 41 42  1
 25  1
 20 43  1
 20 41 42  1
 17  1
 16 89  1
 16 83 86  1
 16 83 85  1
 16 83 84 85  1
 16 81  55
 16 81 82 86  1
 16 81 82 85  1
 16 81 82 84 85  1
 16 81 82 83 84  1
 16 71 83  1
 16 71 81 82  1
 16 69 85  1
 16 69 83  1
 16 69 83 84  1
 16 69 81 82  1
 16 69 70 83  1
 16 69 70 81 82  1
 16 68  1
 16 67 98  1
 16 67 82 83  1
 16 67 81 82  3
 16 67 80 81 83  1
 16 67 80 81 82  1
 16 67 69  1
 16 67 68  1
 16 67 68 85  1
 16 67 68 83  1
 16 67 68 83 84  1
 16 67 68 81 82  1
 16 65 66  73
 16 65 66 98  1
 16 65 66 82 83  1
 16 65 66 81 82  3
 16 65 66 80 81 83  1
 16 65 66 80 81 82  1
 16 65 66 69  1
 16 65 66 67 68  1
 16 64 65 67  1
 16 64 65 66  1
 16 59 83  1
 16 59 81 82  1
 16 58 83  1
 16 58 81 82  1
 16 58 69  1
 16 58 67 68  1
 16 57 58  5
 16 56 86  1
 16 56 85  1
 16 56 84 85  1
 16 56 83 84  1
 16 56 71  1
 16 56 69  1
 16 56 69 70  1
 16 56 67 82  1
 16 56 67 80 81  1
 16 56 67 68  1
 16 56 65 66 82  1
 16 56 65 66 80 81  1
 16 56 59  1
 16 56 58  1
 16 55 67 83  1
 16 55 67 81 82  1
 16 55 65 66 83  1
 16 55 65 66 81 82  1
 16 55 56 67  1
 16 55 56 65 66  1
 16 53  1
 16 51 52  1
 16 44 83  1
 16 44 81 82  1
 16 44 56  1
 16 42  1
 16 42 85  1
 16 42 83  1
 16 42 83 84  1
 16 42 81 82  1
 16 42 67  1
 16 42 65 66  1
 16 42 58  1
 16 42 56  1
 16 41  3
 16 40 98  1
 16 40 82 83  1
 16 40 81 82  3
 16 40 80 81 83  1
 16 40 80 81 82  1
 16 40 69  1
 16 40 67 68  1
 16 40 66  1
 16 40 64 65  1
 16 40 56 82  1
 16 40 56 80 81  1
 16 40 55 83  1
 16 40 55 81 82  1
 16 40 55 56  1
 16 40 42  1
 16 40 41  1
 16 39  7
 16 37 83  1
 16 37 81 82  1
 16 37 56  1
 16 37 38  7
 16 35 36 83  1
 16 35 36 81 82  1
 16 35 36 56  1
 16 31  3
 16 30  5
 16 29 67  1
 16 29 65 66  1
 16 29 40  1
 16 29 30  1
 16 26  1
 16 20  1
 15 43  1
 15 41 42  1
 15 16  1
 14 83  3
 14 81 82  3
 14 56  3
 12 43  7
 12 16  7
 10 43 83  1
 10 43 81 82  1
 10 43 56  1
 10 41 42 83  1
 10 41 42 81 82  1
 10 41 42 56  1
 10 16 83  1
 10 16 81 82  1
 10 16 56  1
 4 43  1
 4 41 42  1
 4 16  1
 2  1
 2 83  1
 2 81 82  1
 2 56  1
 100  3
 43 87  57
 43 85  5
 43 85 86  57
 43 79  11
 43 79 80  57
 43 77 78  11
 43 75 83  1
 43 75 81 82  1
 43 73 74 83  1
 43 73 74 81 82  1
 43 72  1
 43 70 71  1
 43 60  57
 43 58  5
 43 56 75  1
 43 56 73 74  1
 43 52  11
 43 48 83  1
 43 48 81 82  1
 43 48 56  1
 43 45  1
 41 42 87  63
 41 42 85 86  63
 41 42 79  11
 41 42 77 78  11
 41 42 75 83  1
 41 42 75 81 82  1
 41 42 73 74 83  1
 41 42 73 74 81 82  1
 41 42 72  1
 41 42 70 71  1
 41 42 60  63
 41 42 56 75  1
 41 42 56 73 74  1
 41 42 54  57
 41 42 52  11
 41 42 48 83  1
 41 42 48 81 82  1
 41 42 48 56  1
 41 42 45  1
 31  11
 16 87  57
 16 85  5
 16 85 86  57
 16 79  11
 16 79 80  57
 16 77 78  11
 16 75 83  1
 16 75 81 82  1
 16 73 74 83  1
 16 73 74 81 82  1
 16 72  1
 16 70 71  1
 16 60  57
 16 58  5
 16 56 75  1
 16 56 73 74  1
 16 52  11
 16 48 83  1
 16 48 81 82  1
 16 48 56  1
 16 45  1
 123  1
 82  5
 81 86  5
 81 85 110  1
 81 84 85  5
 81 83 84 110  1
 79 80 86  5
 79 80 85 110  1
 79 80 84 85  5
 79 80 83 84 110  1
 78 79 81  5
 78 79 80  5
 71 81  5
 71 79 80  5
 69 70 81  5
 69 70 79 80  5
 64  1
 59 81  5
 59 79 80  5
 58 81 110  1
 58 79 80 110  1
 54 86  5
 54 85 110  1
 54 84 85  5
 54 83 84 110  1
 54 80  5
 54 78 79  5
 54 71  5
 54 69 70  5
 54 59  5
 54 58 110  1
 53 81  5
 53 79 80  5
 51 81 85  1
 51 81 83 84  1
 51 79 80 85  1
 51 79 80 83 84  1
 51 58 81  1
 51 58 79 80  1
 51 54 85  1
 51 54 83 84  1
 51 54 58  1
 44 81  5
 44 79 80  5
 44 54  5
 43 82  3
 43 81 106  1
 43 81 96  1
 43 81 86  3
 43 81 85  11
 43 81 85 110  1
 43 81 84 85  3
 43 81 83  3
 43 81 83 84  11
 43 81 83 84 110  1
 43 80 81  9
 43 79 80 106  1
 43 79 80 96  1
 43 79 80 86  3
 43 79 80 85  11
 43 79 80 85 110  1
 43 79 80 84 85  3
 43 79 80 83  3
 43 79 80 83 84  11
 43 79 80 83 84 110  1
 43 79 80 82  3
 43 79 80 81  3
 43 79 80 81 82  3
 43 78 79 81  3
 43 78 79 80  3
 43 71 81  3
 43 71 79 80  3
 43 69 70 81  3
 43 69 70 79 80  3
 43 68 81  3
 43 68 79 80  3
 43 66 67 81  3
 43 66 67 79 80  3
 43 59 87  1
 43 59 85  1
 43 59 85 86  1
 43 59 83 84  1
 43 59 81  3
 43 59 79 80  3
 43 59 72  1
 43 59 70 71  1
 43 59 60  1
 43 58 81  11
 43 58 81 110  1
 43 58 79 80  11
 43 58 79 80 110  1
 43 58 59  1
 43 57 58 87  1
 43 57 58 85  1
 43 57 58 85 86  1
 43 57 58 83 84  1
 43 57 58 72  1
 43 57 58 70 71  1
 43 57 58 60  1
 43 56 81  3
 43 56 79 80  3
 43 55  3
 43 55 81  3
 43 55 79 80  3
 43 54 106  1
 43 54 96  1
 43 54 86  3
 43 54 85  11
 43 54 85 110  1
 43 54 84 85  3
 43 54 83  3
 43 54 83 84  11
 43 54 83 84 110  1
 43 54 82  3
 43 54 81 82  3
 43 54 80  3
 43 54 80 81  3
 43 54 78 79  3
 43 54 71  3
 43 54 69 70  3
 43 54 68  3
 43 54 66 67  3
 43 54 59  3
 43 54 58  11
 43 54 58 110  1
 43 54 56  3
 43 54 55  3
 43 53 81  3
 43 53 79 80  3
 43 53 54  3
 43 51 81 85  1
 43 51 81 83 84  1
 43 51 79 80 85  1
 43 51 79 80 83 84  1
 43 51 58 81  1
 43 51 58 79 80  1
 43 51 54 85  1
 43 51 54 83 84  1
 43 51 54 58  1
 43 47 81  1
 43 47 79 80  1
 43 47 54  1
 43 45 59  1
 43 45 57 58  1
 43 44 81  3
 43 44 79 80  3
 43 44 54  3
 41 87  1
 41 85  1
 41 85 86  1
 41 83 84  1
 41 81 85  1
 41 81 83 84  1
 41 79 80 85  1
 41 79 80 83 84  1
 41 72  1
 41 70 71  1
 41 60  1
 41 59  1
 41 58  1
 41 58 81  1
 41 58 79 80  1
 41 57 58  1
 41 54 85  1
 41 54 83 84  1
 41 54 58  1
 41 45  1
 41 43 81  3
 41 43 81 85  1
 41 43 81 83 84  1
 41 43 79 80  3
 41 43 79 80 85  1
 41 43 79 80 83 84  1
 41 43 58 81  1
 41 43 58 79 80  1
 41 43 54  3
 41 43 54 85  1
 41 43 54 83 84  1
 41 43 54 58  1
 41 42 82  3
 41 42 81 106  1
 41 42 81 96  1
 41 42 81 86  3
 41 42 81 85 110  1
 41 42 81 84 85  3
 41 42 81 83  3
 41 42 81 83 84 110  1
 41 42 80 81  9
 41 42 79 80 106  1
 41 42 79 80 96  1
 41 42 79 80 86  3
 41 42 79 80 85 110  1
 41 42 79 80 84 85  3
 41 42 79 80 83  3
 41 42 79 80 83 84 110  1
 41 42 79 80 82  3
 41 42 79 80 81  3
 41 42 79 80 81 82  3
 41 42 78 79 81  3
 41 42 78 79 80  3
 41 42 71 81  3
 41 42 71 79 80  3
 41 42 69 70 81  3
 41 42 69 70 79 80  3
 41 42 68 81  3
 41 42 68 79 80  3
 41 42 66 67 81  3
 41 42 66 67 79 80  3
 41 42 59 87  1
 41 42 59 85  1
 41 42 59 85 86  1
 41 42 59 83 84  1
 41 42 59 81  3
 41 42 59 79 80  3
 41 42 59 72  1
 41 42 59 70 71  1
 41 42 59 60  1
 41 42 58 81 110  1
 41 42 58 79 80 110  1
 41 42 58 59  1
 41 42 57 58 87  1
 41 42 57 58 85  1
 41 42 57 58 85 86  1
 41 42 57 58 83 84  1
 41 42 57 58 72  1
 41 42 57 58 70 71  1
 41 42 57 58 60  1
 41 42 56 81  3
 41 42 56 79 80  3
 41 42 55  3
 41 42 55 81  3
 41 42 55 79 80  3
 41 42 54 106  1
 41 42 54 96  1
 41 42 54 86  3
 41 42 54 85 110  1
 41 42 54 84 85  3
 41 42 54 83  3
 41 42 54 83 84 110  1
 41 42 54 82  3
 41 42 54 81 82  3
 41 42 54 80  3
 41 42 54 80 81  3
 41 42 54 78 79  3
 41 42 54 71  3
 41 42 54 69 70  3
 41 42 54 68  3
 41 42 54 66 67  3
 41 42 54 59  3
 41 42 54 58 110  1
 41 42 54 56  3
 41 42 54 55  3
 41 42 53 81  3
 41 42 53 79 80  3
 41 42 53 54  3
 41 42 51 81 85  1
 41 42 51 81 83 84  1
 41 42 51 79 80 85  1
 41 42 51 79 80 83 84  1
 41 42 51 58 81  1
 41 42 51 58 79 80  1
 41 42 51 54 85  1
 41 42 51 54 83 84  1
 41 42 51 54 58  1
 41 42 47 81  1
 41 42 47 79 80  1
 41 42 47 54  1
 41 42 45 59  1
 41 42 45 57 58  1
 41 42 44 81  3
 41 42 44 79 80  3
 41 42 44 54  3
 39 40 87  1
 39 40 85  1
 39 40 85 86  1
 39 40 83 84  1
 39 40 72  1
 39 40 70 71  1
 39 40 60  1
 39 40 59  1
 39 40 58  1
 39 40 57 58  1
 39 40 45  1
 37 43 81  1
 37 43 79 80  1
 37 43 54  1
 37 41 42 81  1
 37 41 42 79 80  1
 37 41 42 54  1
 32 43 87  1
 32 43 85  1
 32 43 85 86  1
 32 43 83 84  1
 32 43 72  1
 32 43 70 71  1
 32 43 60  1
 32 43 58  1
 32 43 45  1
 32 41  1
 32 41 42 87  1
 32 41 42 85  1
 32 41 42 85 86  1
 32 41 42 83 84  1
 32 41 42 72  1
 32 41 42 70 71  1
 32 41 42 60  1
 32 41 42 58  1
 32 41 42 45  1
 32 39 40  1
 31 43 85  3
 31 43 83 84  3
 31 43 58  3
 31 41 42 85  3
 31 41 42 83 84  3
 31 41 42 58  3
 29 30 43 85  3
 29 30 43 83 84  3
 29 30 43 58  3
 29 30 41 42 85  3
 29 30 41 42 83 84  3
 29 30 41 42 58  3
 16 82  3
 16 81 106  1
 16 81 96  1
 16 81 86  3
 16 81 85  11
 16 81 85 110  1
 16 81 84 85  3
 16 81 83  3
 16 81 83 84  11
 16 81 83 84 110  1
 16 80 81  9
 16 79 80 106  1
 16 79 80 96  1
 16 79 80 86  3
 16 79 80 85  11
 16 79 80 85 110  1
 16 79 80 84 85  3
 16 79 80 83  3
 16 79 80 83 84  11
 16 79 80 83 84 110  1
 16 79 80 82  3
 16 79 80 81  3
 16 79 80 81 82  3
 16 78 79 81  3
 16 78 79 80  3
 16 71 81  3
 16 71 79 80  3
 16 69 70 81  3
 16 69 70 79 80  3
 16 68 81  3
 16 68 79 80  3
 16 66 67 81  3
 16 66 67 79 80  3
 16 59 87  1
 16 59 85  1
 16 59 85 86  1
 16 59 83 84  1
 16 59 81  3
 16 59 79 80  3
 16 59 72  1
 16 59 70 71  1
 16 59 60  1
 16 58 81  11
 16 58 81 110  1
 16 58 79 80  11
 16 58 79 80 110  1
 16 58 59  1
 16 57 58 87  1
 16 57 58 85  1
 16 57 58 85 86  1
 16 57 58 83 84  1
 16 57 58 72  1
 16 57 58 70 71  1
 16 57 58 60  1
 16 56 81  3
 16 56 79 80  3
 16 55  3
 16 55 81  3
 16 55 79 80  3
 16 54 106  1
 16 54 96  1
 16 54 86  3
 16 54 85  11
 16 54 85 110  1
 16 54 84 85  3
 16 54 83  3
 16 54 83 84  11
 16 54 83 84 110  1
 16 54 82  3
 16 54 81 82  3
 16 54 80  3
 16 54 80 81  3
 16 54 78 79  3
 16 54 71  3
 16 54 69 70  3
 16 54 68  3
 16 54 66 67  3
 16 54 59  3
 16 54 58  11
 16 54 58 110  1
 16 54 56  3
 16 54 55  3
 16 53 81  3
 16 53 79 80  3
 16 53 54  3
 16 51 81 85  1
 16 51 81 83 84  1
 16 51 79 80 85  1
 16 51 79 80 83 84  1
 16 51 58 81  1
 16 51 58 79 80  1
 16 51 54 85  1
 16 51 54 83 84  1
 16 51 54 58  1
 16 47 81  1
 16 47 79 80  1
 16 47 54  1
 16 45 59  1
 16 45 57 58  1
 16 44 81  3
 16 44 79 80  3
 16 44 54  3
 16 41 81  3
 16 41 81 85  1
 16 41 81 83 84  1
 16 41 79 80  3
 16 41 79 80 85  1
 16 41 79 80 83 84  1
 16 41 58 81  1
 16 41 58 79 80  1
 16 41 54  3
 16 41 54 85  1
 16 41 54 83 84  1
 16 41 54 58  1
 16 37 81  1
 16 37 79 80  1
 16 37 54  1
 16 32 87  1
 16 32 85  1
 16 32 85 86  1
 16 32 83 84  1
 16 32 72  1
 16 32 70 71  1
 16 32 60  1
 16 32 58  1
 16 32 45  1
 16 31 85  3
 16 31 83 84  3
 16 31 58  3
 16 29 30 85  3
 16 29 30 83 84  3
 16 29 30 58  3
 14 87  1
 14 85  1
 14 85 86  1
 14 83 84  1
 14 72  1
 14 70 71  1
 14 60  1
 14 59  1
 14 58  1
 14 57 58  1
 14 45  1
 14 32  1
 4 43 85  3
 4 43 83 84  3
 4 43 58  3
 4 41 42 85  3
 4 41 42 83 84  3
 4 41 42 58  3
 4 16 85  3
 4 16 83 84  3
 4 16 58  3
 43 81 87  11
 43 81 85 86  11
 43 79 80 87  11
 43 79 80 85 86  11
 43 67 81 87  1
 43 67 81 85 86  1
 43 67 79 80 87  1
 43 67 79 80 85 86  1
 43 65 66 81 87  1
 43 65 66 81 85 86  1
 43 65 66 79 80 87  1
 43 65 66 79 80 85 86  1
 43 60 81  11
 43 60 79 80  11
 43 60 67 81  1
 43 60 67 79 80  1
 43 60 65 66 81  1
 43 60 65 66 79 80  1
 43 54 87  11
 43 54 85 86  11
 43 54 67 87  1
 43 54 67 85 86  1
 43 54 65 66 87  1
 43 54 65 66 85 86  1
 43 54 60  11
 43 54 60 67  1
 43 54 60 65 66  1
 41 42 81 87  11
 41 42 81 85 86  11
 41 42 79 80 87  11
 41 42 79 80 85 86  11
 41 42 67 81 87  1
 41 42 67 81 85 86  1
 41 42 67 79 80 87  1
 41 42 67 79 80 85 86  1
 41 42 65 66 81 87  1
 41 42 65 66 81 85 86  1
 41 42 65 66 79 80 87  1
 41 42 65 66 79 80 85 86  1
 41 42 60 81  11
 41 42 60 79 80  11
 41 42 60 67 81  1
 41 42 60 67 79 80  1
 41 42 60 65 66 81  1
 41 42 60 65 66 79 80  1
 41 42 54 87  11
 41 42 54 85 86  11
 41 42 54 67 87  1
 41 42 54 67 85 86  1
 41 42 54 65 66 87  1
 41 42 54 65 66 85 86  1
 41 42 54 60  11
 41 42 54 60 67  1
 41 42 54 60 65 66  1
 40 43 81 87  1
 40 43 81 85 86  1
 40 43 79 80 87  1
 40 43 79 80 85 86  1
 40 43 60 81  1
 40 43 60 79 80  1
 40 43 54 87  1
 40 43 54 85 86  1
 40 43 54 60  1
 40 41 42 81 87  1
 40 41 42 81 85 86  1
 40 41 42 79 80 87  1
 40 41 42 79 80 85 86  1
 40 41 42 60 81  1
 40 41 42 60 79 80  1
 40 41 42 54 87  1
 40 41 42 54 85 86  1
 40 41 42 54 60  1
 16 81 87  11
 16 81 85 86  11
 16 79 80 87  11
 16 79 80 85 86  11
 16 67 81 87  1
 16 67 81 85 86  1
 16 67 79 80 87  1
 16 67 79 80 85 86  1
 16 65 66 81 87  1
 16 65 66 81 85 86  1
 16 65 66 79 80 87  1
 16 65 66 79 80 85 86  1
 16 60 81  11
 16 60 79 80  11
 16 60 67 81  1
 16 60 67 79 80  1
 16 60 65 66 81  1
 16 60 65 66 79 80  1
 16 54 87  11
 16 54 85 86  11
 16 54 67 87  1
 16 54 67 85 86  1
 16 54 65 66 87  1
 16 54 65 66 85 86  1
 16 54 60  11
 16 54 60 67  1
 16 54 60 65 66  1
 16 40 81 87  1
 16 40 81 85 86  1
 16 40 79 80 87  1
 16 40 79 80 85 86  1
 16 40 60 81  1
 16 40 60 79 80  1
 16 40 54 87  1
 16 40 54 85 86  1
 16 40 54 60  1
 39 43 87  1
 39 43 85 86  1
 39 43 69  3
 39 43 67 68  3
 39 43 60  1
 39 42 43  3
 39 41 42 87  1
 39 41 42 85 86  1
 39 41 42 69  3
 39 41 42 67 68  3
 39 41 42 60  1
 37 43 81 87  1
 37 43 81 85 86  1
 37 43 79 80 87  1
 37 43 79 80 85 86  1
 37 43 60 81  1
 37 43 60 79 80  1
 37 43 54 87  1
 37 43 54 85 86  1
 37 43 54 60  1
 37 41 42 81 87  1
 37 41 42 81 85 86  1
 37 41 42 79 80 87  1
 37 41 42 79 80 85 86  1
 37 41 42 60 81  1
 37 41 42 60 79 80  1
 37 41 42 54 87  1
 37 41 42 54 85 86  1
 37 41 42 54 60  1
 37 38 43 87  1
 37 38 43 85 86  1
 37 38 43 69  3
 37 38 43 67 68  3
 37 38 43 60  1
 37 38 42 43  3
 37 38 41 42 87  1
 37 38 41 42 85 86  1
 37 38 41 42 69  3
 37 38 41 42 67 68  3
 37 38 41 42 60  1
 35 36 43 81 87  1
 35 36 43 81 85 86  1
 35 36 43 79 80 87  1
 35 36 43 79 80 85 86  1
 35 36 43 60 81  1
 35 36 43 60 79 80  1
 35 36 43 54 87  1
 35 36 43 54 85 86  1
 35 36 43 54 60  1
 35 36 41 42 81 87  1
 35 36 41 42 81 85 86  1
 35 36 41 42 79 80 87  1
 35 36 41 42 79 80 85 86  1
 35 36 41 42 60 81  1
 35 36 41 42 60 79 80  1
 35 36 41 42 54 87  1
 35 36 41 42 54 85 86  1
 35 36 41 42 54 60  1
 16 39 87  1
 16 39 85 86  1
 16 39 69  3
 16 39 67 68  3
 16 39 60  1
 16 39 42  3
 16 37 81 87  1
 16 37 81 85 86  1
 16 37 79 80 87  1
 16 37 79 80 85 86  1
 16 37 60 81  1
 16 37 60 79 80  1
 16 37 54 87  1
 16 37 54 85 86  1
 16 37 54 60  1
 16 37 38 87  1
 16 37 38 85 86  1
 16 37 38 69  3
 16 37 38 67 68  3
 16 37 38 60  1
 16 37 38 42  3
 16 35 36 81 87  1
 16 35 36 81 85 86  1
 16 35 36 79 80 87  1
 16 35 36 79 80 85 86  1
 16 35 36 60 81  1
 16 35 36 60 79 80  1
 16 35 36 54 87  1
 16 35 36 54 85 86  1
 16 35 36 54 60  1
 12 43 87  1
 12 43 85 86  1
 12 43 69  3
 12 43 67 68  3
 12 43 60  1
 12 42 43  3
 12 41 42 87  1
 12 41 42 85 86  1
 12 41 42 69  3
 12 41 42 67 68  3
 12 41 42 60  1
 12 16 87  1
 12 16 85 86  1
 12 16 69  3
 12 16 67 68  3
 12 16 60  1
 12 16 42  3
 10 43 81 87  1
 10 43 81 85 86  1
 10 43 79 80 87  1
 10 43 79 80 85 86  1
 10 43 60 81  1
 10 43 60 79 80  1
 10 43 54 87  1
 10 43 54 85 86  1
 10 43 54 60  1
 10 41 42 81 87  1
 10 41 42 81 85 86  1
 10 41 42 79 80 87  1
 10 41 42 79 80 85 86  1
 10 41 42 60 81  1
 10 41 42 60 79 80  1
 10 41 42 54 87  1
 10 41 42 54 85 86  1
 10 41 42 54 60  1
 10 16 81 87  1
 10 16 81 85 86  1
 10 16 79 80 87  1
 10 16 79 80 85 86  1
 10 16 60 81  1
 10 16 60 79 80  1
 10 16 54 87  1
 10 16 54 85 86  1
 10 16 54 60  1
 67 85  5
 67 83 84  5
 65 66 85  5
 65 66 83 84  5
 58 67  5
 58 65 66  5
 40 85  5
 40 83 84  5
 40 58  5
 41 81 87  5
 41 81 85 86  5
 41 79 80 87  5
 41 79 80 85 86  5
 41 69  1
 41 67 68  1
 41 60 81  5
 41 60 79 80  5
 41 54 87  5
 41 54 85 86  5
 41 54 60  5
 39 40 81 87  5
 39 40 81 85 86  5
 39 40 79 80 87  5
 39 40 79 80 85 86  5
 39 40 69  1
 39 40 67 68  1
 39 40 60 81  5
 39 40 60 79 80  5
 39 40 54 87  5
 39 40 54 85 86  5
 39 40 54 60  5
 39 40 42  1
 14 81 87  5
 14 81 85 86  5
 14 79 80 87  5
 14 79 80 85 86  5
 14 69  1
 14 67 68  1
 14 60 81  5
 14 60 79 80  5
 14 54 87  5
 14 54 85 86  5
 14 54 60  5
 14 42  1
