 43 67 81  7
 43 67 81 84  1
 43 67 81 82 83  1
 43 67 79 80  7
 43 67 79 80 84  1
 43 67 79 80 82 83  1
 43 65 66 81  7
 43 65 66 81 84  1
 43 65 66 81 82 83  1
 43 65 66 79 80  7
 43 65 66 79 80 84  1
 43 65 66 79 80 82 83  1
 43 57 67 81  1
 43 57 67 79 80  1
 43 57 65 66 81  1
 43 57 65 66 79 80  1
 43 54 67  7
 43 54 67 84  1
 43 54 67 82 83  1
 43 54 65 66  7
 43 54 65 66 84  1
 43 54 65 66 82 83  1
 43 54 57 67  1
 43 54 57 65 66  1
 41 42 67 81  9
 41 42 67 81 84  1
 41 42 67 81 82 83  1
 41 42 67 79 80  9
 41 42 67 79 80 84  1
 41 42 67 79 80 82 83  1
 41 42 65 66 81  9
 41 42 65 66 81 84  1
 41 42 65 66 81 82 83  1
 41 42 65 66 79 80  9
 41 42 65 66 79 80 84  1
 41 42 65 66 79 80 82 83  1
 41 42 57 67 81  1
 41 42 57 67 79 80  1
 41 42 57 65 66 81  1
 41 42 57 65 66 79 80  1
 41 42 54 67  9
 41 42 54 67 84  1
 41 42 54 67 82 83  1
 41 42 54 65 66  9
 41 42 54 65 66 84  1
 41 42 54 65 66 82 83  1
 41 42 54 57 67  1
 41 42 54 57 65 66  1
 40 43 81  7
 40 43 81 84  1
 40 43 81 82 83  1
 40 43 79 80  7
 40 43 79 80 84  1
 40 43 79 80 82 83  1
 40 43 57 81  1
 40 43 57 79 80  1
 40 43 54  7
 40 43 54 84  1
 40 43 54 82 83  1
 40 43 54 57  1
 40 41 42 81  9
 40 41 42 81 84  1
 40 41 42 81 82 83  1
 40 41 42 79 80  9
 40 41 42 79 80 84  1
 40 41 42 79 80 82 83  1
 40 41 42 57 81  1
 40 41 42 57 79 80  1
 40 41 42 54  9
 40 41 42 54 84  1
 40 41 42 54 82 83  1
 40 41 42 54 57  1
 16 67 81  7
 16 67 81 84  1
 16 67 81 82 83  1
 16 67 79 80  7
 16 67 79 80 84  1
 16 67 79 80 82 83  1
 16 65 66 81  7
 16 65 66 81 84  1
 16 65 66 81 82 83  1
 16 65 66 79 80  7
 16 65 66 79 80 84  1
 16 65 66 79 80 82 83  1
 16 57 67 81  1
 16 57 67 79 80  1
 16 57 65 66 81  1
 16 57 65 66 79 80  1
 16 54 67  7
 16 54 67 84  1
 16 54 67 82 83  1
 16 54 65 66  7
 16 54 65 66 84  1
 16 54 65 66 82 83  1
 16 54 57 67  1
 16 54 57 65 66  1
 16 40 81  7
 16 40 81 84  1
 16 40 81 82 83  1
 16 40 79 80  7
 16 40 79 80 84  1
 16 40 79 80 82 83  1
 16 40 57 81  1
 16 40 57 79 80  1
 16 40 54  7
 16 40 54 84  1
 16 40 54 82 83  1
 16 40 54 57  1
 118  1
 83  9
 82 83 88  1
 82 83 86 87  1
 81 82  9
 81 82 88  3
 81 82 86 87  3
 80 81 83 88  1
 80 81 83 86 87  1
 80 81 82 88  1
 80 81 82 86 87  1
 71  1
 69 88  1
 69 86 87  1
 69 70  1
 67  43
 67 68 88  1
 67 68 86 87  1
 65 66  43
 61 82 83  1
 61 81 82  3
 61 80 81 83  1
 61 80 81 82  1
 61 69  1
 61 67 68  1
 59  5
 56  9
 56 82 88  1
 56 82 86 87  1
 56 80 81 88  1
 56 80 81 86 87  1
 56 61 82  1
 56 61 80 81  1
 55 83 88  1
 55 83 86 87  1
 55 81 82 88  1
 55 81 82 86 87  1
 55 61 83  1
 55 61 81 82  1
 55 56 88  1
 55 56 86 87  1
 55 56 61  1
 49  1
 44  1
 43 83  7
 43 83 116  1
 43 83 84  1
 43 82 83  1
 43 81 82  7
 43 81 82 116  1
 43 81 82 84  1
 43 81 82 83  1
 43 56  7
 43 56 116  1
 43 56 84  1
 43 56 82 83  1
 43 47 83  1
 43 47 81 82  1
 43 47 56  1
 42 88  1
 42 86 87  1
 42 61  1
 41 42 83  7
 41 42 83 116  1
 41 42 83 84  1
 41 42 82 83  1
 41 42 81 82  7
 41 42 81 82 116  1
 41 42 81 82 84  1
 41 42 81 82 83  1
 41 42 56  7
 41 42 56 116  1
 41 42 56 84  1
 41 42 56 82 83  1
 41 42 47 83  1
 41 42 47 81 82  1
 41 42 47 56  1
 40  45
 39 43 88  1
 39 43 86 87  1
 39 43 61  1
 39 41 42 88  1
 39 41 42 86 87  1
 39 41 42 61  1
 39 40  3
 37 38 43 88  1
 37 38 43 86 87  1
 37 38 43 61  1
 37 38 41 42 88  1
 37 38 41 42 86 87  1
 37 38 41 42 61  1
 16 83  7
 16 83 116  1
 16 83 84  1
 16 82 83  1
 16 81 82  7
 16 81 82 116  1
 16 81 82 84  1
 16 81 82 83  1
 16 56  7
 16 56 116  1
 16 56 84  1
 16 56 82 83  1
 16 47 83  1
 16 47 81 82  1
 16 47 56  1
 16 39 88  1
 16 39 86 87  1
 16 39 61  1
 16 37 38 88  1
 16 37 38 86 87  1
 16 37 38 61  1
 12 43 88  1
 12 43 86 87  1
 12 43 61  1
 12 41 42 88  1
 12 41 42 86 87  1
 12 41 42 61  1
 12 16 88  1
 12 16 86 87  1
 12 16 61  1
 39  1
 37 38  1
 12  1
 43 67 83  13
 43 65 66 83  13
 43 56 67  13
 43 56 65 66  13
 43 55 67 83  1
 43 55 67 81 82  1
 43 55 65 66 83  1
 43 55 65 66 81 82  1
 43 55 56 67  1
 43 55 56 65 66  1
 43 53 54 67 83  1
 43 53 54 67 81 82  1
 43 53 54 65 66 83  1
 43 53 54 65 66 81 82  1
 43 53 54 56 67  1
 43 53 54 56 65 66  1
 41 42 67 83  15
 41 42 65 66 83  15
 41 42 56 67  15
 41 42 56 65 66  15
 41 42 55 67 83  3
 41 42 55 67 81 82  3
 41 42 55 65 66 83  3
 41 42 55 65 66 81 82  3
 41 42 55 56 67  3
 41 42 55 56 65 66  3
 41 42 53 54 67 83  3
 41 42 53 54 67 81 82  3
 41 42 53 54 65 66 83  3
 41 42 53 54 65 66 81 82  3
 41 42 53 54 56 67  3
 41 42 53 54 56 65 66  3
 40 43 83  13
 40 43 56  13
 40 43 55 83  1
 40 43 55 81 82  1
 40 43 55 56  1
 40 43 53 54 83  1
 40 43 53 54 81 82  1
 40 43 53 54 56  1
 40 41 42 83  15
 40 41 42 56  15
 40 41 42 55 83  3
 40 41 42 55 81 82  3
 40 41 42 55 56  3
 40 41 42 53 54 83  3
 40 41 42 53 54 81 82  3
 40 41 42 53 54 56  3
 28 43 67 83  1
 28 43 67 81 82  1
 28 43 65 66 83  1
 28 43 65 66 81 82  1
 28 43 56 67  1
 28 43 56 65 66  1
 28 41 42 67 83  3
 28 41 42 67 81 82  3
 28 41 42 65 66 83  3
 28 41 42 65 66 81 82  3
 28 41 42 56 67  3
 28 41 42 56 65 66  3
 28 40 43 83  1
 28 40 43 81 82  1
 28 40 43 56  1
 28 40 41 42 83  3
 28 40 41 42 81 82  3
 28 40 41 42 56  3
 16 67 83  13
 16 65 66 83  13
 16 56 67  13
 16 56 65 66  13
 16 55 67 83  1
 16 55 67 81 82  1
 16 55 65 66 83  1
 16 55 65 66 81 82  1
 16 55 56 67  1
 16 55 56 65 66  1
 16 53 54 67 83  1
 16 53 54 67 81 82  1
 16 53 54 65 66 83  1
 16 53 54 65 66 81 82  1
 16 53 54 56 67  1
 16 53 54 56 65 66  1
 16 40 83  13
 16 40 56  13
 16 40 55 83  1
 16 40 55 81 82  1
 16 40 55 56  1
 16 40 53 54 83  1
 16 40 53 54 81 82  1
 16 40 53 54 56  1
 16 28 67 83  1
 16 28 67 81 82  1
 16 28 65 66 83  1
 16 28 65 66 81 82  1
 16 28 56 67  1
 16 28 56 65 66  1
 16 28 40 83  1
 16 28 40 81 82  1
 16 28 40 56  1
 43 67 83 100  1
 43 67 81 83  1
 43 67 81 82 100  1
 43 67 79 80 83  1
 43 67 79 80 81 82  1
 43 67 68 83  1
 43 67 68 81 82  1
 43 66 67 83  1
 43 66 67 81 82  1
 43 65 66 83 100  1
 43 65 66 81 83  1
 43 65 66 81 82 100  1
 43 65 66 79 80 83  1
 43 65 66 79 80 81 82  1
 43 65 66 68 83  1
 43 65 66 68 81 82  1
 43 65 66 67 83  1
 43 65 66 67 81 82  1
 43 56 67 100  1
 43 56 67 81  1
 43 56 67 79 80  1
 43 56 67 68  1
 43 56 66 67  1
 43 56 65 66 100  1
 43 56 65 66 81  1
 43 56 65 66 79 80  1
 43 56 65 66 68  1
 43 56 65 66 67  1
 43 54 67 83  1
 43 54 67 81 82  1
 43 54 65 66 83  1
 43 54 65 66 81 82  1
 43 54 56 67  1
 43 54 56 65 66  1
 41 42 67 83 100  1
 41 42 67 81 83  1
 41 42 67 81 82 100  1
 41 42 67 79 80 83  1
 41 42 67 79 80 81 82  1
 41 42 67 68 83  1
 41 42 67 68 81 82  1
 41 42 66 67 83  1
 41 42 66 67 81 82  1
 41 42 65 66 83 100  1
 41 42 65 66 81 83  1
 41 42 65 66 81 82 100  1
 41 42 65 66 79 80 83  1
 41 42 65 66 79 80 81 82  1
 41 42 65 66 68 83  1
 41 42 65 66 68 81 82  1
 41 42 65 66 67 83  1
 41 42 65 66 67 81 82  1
 41 42 56 67 100  1
 41 42 56 67 81  1
 41 42 56 67 79 80  1
 41 42 56 67 68  1
 41 42 56 66 67  1
 41 42 56 65 66 100  1
 41 42 56 65 66 81  1
 41 42 56 65 66 79 80  1
 41 42 56 65 66 68  1
 41 42 56 65 66 67  1
 41 42 54 67 83  1
 41 42 54 67 81 82  1
 41 42 54 65 66 83  1
 41 42 54 65 66 81 82  1
 41 42 54 56 67  1
 41 42 54 56 65 66  1
 40 43 83 100  1
 40 43 81 83  1
 40 43 81 82 100  1
 40 43 79 80 83  1
 40 43 79 80 81 82  1
 40 43 68 83  1
 40 43 68 81 82  1
 40 43 66 67 83  1
 40 43 66 67 81 82  1
 40 43 56 100  1
 40 43 56 81  1
 40 43 56 79 80  1
 40 43 56 68  1
 40 43 56 66 67  1
 40 43 54 83  1
 40 43 54 81 82  1
 40 43 54 56  1
 40 41 42 83 100  1
 40 41 42 81 83  1
 40 41 42 81 82 100  1
 40 41 42 79 80 83  1
 40 41 42 79 80 81 82  1
 40 41 42 68 83  1
 40 41 42 68 81 82  1
 40 41 42 66 67 83  1
 40 41 42 66 67 81 82  1
 40 41 42 56 100  1
 40 41 42 56 81  1
 40 41 42 56 79 80  1
 40 41 42 56 68  1
 40 41 42 56 66 67  1
 40 41 42 54 83  1
 40 41 42 54 81 82  1
 40 41 42 54 56  1
 31 43 67 83  1
 31 43 67 81 82  1
 31 43 65 66 83  1
 31 43 65 66 81 82  1
 31 43 56 67  1
 31 43 56 65 66  1
 31 41 42 67 83  1
 31 41 42 67 81 82  1
 31 41 42 65 66 83  1
 31 41 42 65 66 81 82  1
 31 41 42 56 67  1
 31 41 42 56 65 66  1
 31 40 43 83  1
 31 40 43 81 82  1
 31 40 43 56  1
 31 40 41 42 83  1
 31 40 41 42 81 82  1
 31 40 41 42 56  1
 16 67 83 100  1
 16 67 81 83  1
 16 67 81 82 100  1
 16 67 79 80 83  1
 16 67 79 80 81 82  1
 16 67 68 83  1
 16 67 68 81 82  1
 16 66 67 83  1
 16 66 67 81 82  1
 16 65 66 83 100  1
 16 65 66 81 83  1
 16 65 66 81 82 100  1
 16 65 66 79 80 83  1
 16 65 66 79 80 81 82  1
 16 65 66 68 83  1
 16 65 66 68 81 82  1
 16 65 66 67 83  1
 16 65 66 67 81 82  1
 16 56 67 100  1
 16 56 67 81  1
 16 56 67 79 80  1
 16 56 67 68  1
 16 56 66 67  1
 16 56 65 66 100  1
 16 56 65 66 81  1
 16 56 65 66 79 80  1
 16 56 65 66 68  1
 16 56 65 66 67  1
 16 54 67 83  1
 16 54 67 81 82  1
 16 54 65 66 83  1
 16 54 65 66 81 82  1
 16 54 56 67  1
 16 54 56 65 66  1
 16 40 83 100  1
 16 40 81 83  1
 16 40 81 82 100  1
 16 40 79 80 83  1
 16 40 79 80 81 82  1
 16 40 68 83  1
 16 40 68 81 82  1
 16 40 66 67 83  1
 16 40 66 67 81 82  1
 16 40 56 100  1
 16 40 56 81  1
 16 40 56 79 80  1
 16 40 56 68  1
 16 40 56 66 67  1
 16 40 54 83  1
 16 40 54 81 82  1
 16 40 54 56  1
 16 31 67 83  1
 16 31 67 81 82  1
 16 31 65 66 83  1
 16 31 65 66 81 82  1
 16 31 56 67  1
 16 31 56 65 66  1
 16 31 40 83  1
 16 31 40 81 82  1
 16 31 40 56  1
 81 87  1
 81 85 86  1
 79 80 87  1
 79 80 85 86  1
 60 81  1
 60 79 80  1
 54 87  1
 54 85 86  1
 54 60  1
 116  3
 84  3
 82 83  3
 47  3
 43 57  1
 43 55 56  1
 41 42 57  1
 41 42 55 56  1
 30 43  1
 30 41 42  1
 16 57  1
 16 55 56  1
 16 30  1
 75  1
 73 74  1
 48  1
 55  3
 53 54  3
 41  1
 28  3
 14  1
