 115  1
 114  1
 99  9
 92  11
 92 116  1
 90 91  11
 90 91 116  1
 87  1
 86  1
 85 86  1
 84 85  1
 82  35
 80 92 115  1
 80 90 91 115  1
 80 81  35
 78 79 92 115  1
 78 79 90 91 115  1
 72  1
 72 80  1
 72 78 79  1
 70  25
 70 86  1
 70 84 85  1
 70 71  1
 70 71 80  1
 70 71 78 79  1
 68 80  1
 68 80 92  1
 68 80 90 91  1
 68 78 79  1
 68 78 79 92  1
 68 78 79 90 91  1
 68 69  25
 68 69 86  1
 68 69 84 85  1
 66 67 80  1
 66 67 80 92  1
 66 67 80 90 91  1
 66 67 78 79  1
 66 67 78 79 92  1
 66 67 78 79 90 91  1
 65  11
 65 116  1
 65 80 115  1
 65 78 79 115  1
 65 68 80  1
 65 68 78 79  1
 65 66 67 80  1
 65 66 67 78 79  1
 60  1
 59  1
 59 70  1
 59 68 69  1
 57 92  1
 57 90 91  1
 57 65  1
 56  1
 56 80 92  1
 56 80 90 91  1
 56 78 79 92  1
 56 78 79 90 91  1
 56 65 80  1
 56 65 78 79  1
 53 92 115  1
 53 90 91 115  1
 53 72  1
 53 70 71  1
 53 68  1
 53 68 92  1
 53 68 90 91  1
 53 66 67  1
 53 66 67 92  1
 53 66 67 90 91  1
 53 65 115  1
 53 65 68  1
 53 65 66 67  1
 53 56 92  1
 53 56 90 91  1
 53 56 65  1
 47 92  1
 47 90 91  1
 47 65  1
 46  1
 46 80 92  1
 46 80 90 91  1
 46 78 79 92  1
 46 78 79 90 91  1
 46 65 80  1
 46 65 78 79  1
 46 53 92  1
 46 53 90 91  1
 46 53 65  1
 45 80  1
 45 78 79  1
 45 53  1
 43  25
 43 86  1
 43 84 85  1
 43 59  1
 41 80  1
 41 80 92  1
 41 80 90 91  1
 41 78 79  1
 41 78 79 92  1
 41 78 79 90 91  1
 41 65 80  1
 41 65 78 79  1
 41 53  1
 41 53 92  1
 41 53 90 91  1
 41 53 65  1
 40  9
 30  9
