 86  103
 85 86  1
 83 84 86  1
 83 84 85  1
 82 86  35
 82 85 86  1
 82 83 84 86  1
 82 83 84 85  1
 80 84 85  27
 80 81 86  35
 80 81 85 86  1
 80 81 83 84 86  1
 80 81 83 84 85  1
 78 79 84 85  27
 59  103
 59 85  1
 59 83 84  1
 59 82  35
 59 82 85  1
 59 82 83 84  1
 59 80 81  35
 59 80 81 85  1
 59 80 81 83 84  1
 58 86  1
 58 84 85  1
 58 82 86  1
 58 82 84 85  1
 58 80 81 86  1
 58 80 81 84 85  1
 58 59  1
 58 59 82  1
 58 59 80 81  1
 55 85 86  1
 55 84 85  39
 55 83 84 86  1
 55 83 84 85  1
 55 59 85  1
 55 59 83 84  1
 55 58 86  1
 55 58 84 85  1
 55 58 59  1
 53 84 85  27
 88 114  1
 86 114  3
 86 87  17
 86 87 114  1
 84 85 114  3
 80 86 117  1
 80 86 102  1
 80 85 86  1
 80 84 85 117  1
 80 84 85 102  1
 80 83 84 86  1
 80 83 84 85  1
 78 79 86 117  1
 78 79 86 102  1
 78 79 85 86  1
 78 79 84 85 117  1
 78 79 84 85 102  1
 78 79 83 84 86  1
 78 79 83 84 85  1
 70 82 86  3
 70 82 84 85  3
 70 80 86  1
 70 80 84 85  1
 70 80 81 86  3
 70 80 81 84 85  3
 70 78 79 86  1
 70 78 79 84 85  1
 68 69 82 86  3
 68 69 82 84 85  3
 68 69 80 86  1
 68 69 80 84 85  1
 68 69 80 81 86  3
 68 69 80 81 84 85  3
 68 69 78 79 86  1
 68 69 78 79 84 85  1
 61 114  1
 59 114  3
 59 80 117  1
 59 80 102  1
 59 80 85  1
 59 80 83 84  1
 59 78 79 117  1
 59 78 79 102  1
 59 78 79 85  1
 59 78 79 83 84  1
 59 70 82  3
 59 70 80  1
 59 70 80 81  3
 59 70 78 79  1
 59 68 69 82  3
 59 68 69 80  1
 59 68 69 80 81  3
 59 68 69 78 79  1
 55 88  5
 55 86 87  7
 55 70 86  3
 55 70 84 85  3
 55 68 69 86  3
 55 68 69 84 85  3
 55 61  5
 55 59 70  3
 55 59 68 69  3
 53 86 117  1
 53 86 102  1
 53 85 86  1
 53 84 85 117  1
 53 84 85 102  1
 53 83 84 86  1
 53 83 84 85  1
 53 70 86  1
 53 70 84 85  1
 53 68 69 86  1
 53 68 69 84 85  1
 53 59 117  1
 53 59 102  1
 53 59 85  1
 53 59 83 84  1
 53 59 70  1
 53 59 68 69  1
 48 80 86  1
 48 80 84 85  1
 48 78 79 86  1
 48 78 79 84 85  1
 48 59 80  1
 48 59 78 79  1
 48 53 86  1
 48 53 84 85  1
 48 53 59  1
 45 88  1
 45 86  7
 45 86 87  1
 45 84 85  7
 45 61  1
 45 59  7
 43 82 86  5
 43 82 84 85  5
 43 80 81 86  5
 43 80 81 84 85  5
 43 59 82  5
 43 59 80 81  5
 43 55 86  5
 43 55 84 85  5
 43 55 59  5
 33 80 86  1
 33 80 84 85  1
 33 78 79 86  1
 33 78 79 84 85  1
 33 59 80  1
 33 59 78 79  1
 33 53 86  1
 33 53 84 85  1
 33 53 59  1
 66  1
 64 65  1
 39  1
 86 105  3
 86 104  1
 86 102 105  1
 86 95  3
 86 95 102  1
 86 89  1
 86 88  3
 86 88 102  1
 86 87 102  1
 84 85 105  3
 84 85 104  1
 84 85 102 105  1
 84 85 95  3
 84 85 95 102  1
 84 85 89  1
 84 85 88  3
 84 85 88 102  1
 84 85 86 87  3
 84 85 86 87 102  1
 72 86  3
 72 84 85  3
 70 71 86  3
 70 71 84 85  3
 61 86  3
 61 86 102  1
 61 84 85  3
 61 84 85 102  1
 59 105  3
 59 104  1
 59 102 105  1
 59 95  3
 59 95 102  1
 59 89  1
 59 88  3
 59 88 102  1
 59 86 87  3
 59 86 87 102  1
 59 72  3
 59 70 71  3
 59 61  3
 59 61 102  1
 46 86  3
 46 86 102  1
 46 84 85  3
 46 84 85 102  1
 46 59  3
 46 59 102  1
 44 88  7
 44 86  7
 44 86 87  7
 44 84 85  7
 44 61  7
 44 59  7
 43 86 105  1
 43 86 95  1
 43 86 88  1
 43 86 87  1
 43 84 85 105  1
 43 84 85 95  1
 43 84 85 88  1
 43 84 85 86 87  1
 43 61 86  1
 43 61 84 85  1
 43 59 105  1
 43 59 95  1
 43 59 88  1
 43 59 86 87  1
 43 59 61  1
 43 46 86  1
 43 46 84 85  1
 43 46 59  1
 42 86  17
 42 86 102  1
 42 84 85  17
 42 84 85 102  1
 42 59  17
 42 59 102  1
 42 43 88  7
 42 43 86  9
 42 43 86 87  7
 42 43 84 85  9
 42 43 61  7
 42 43 59  9
 40 41 86  17
 40 41 86 102  1
 40 41 84 85  17
 40 41 84 85 102  1
 40 41 59  17
 40 41 59 102  1
 36 86  3
 36 86 102  1
 36 84 85  3
 36 84 85 102  1
 36 59  3
 36 59 102  1
 36 43 86  1
 36 43 84 85  1
 36 43 59  1
 35 86  1
 35 84 85  1
 35 59  1
 33 86 105  1
 33 86 95  1
 33 86 88  1
 33 86 87  1
 33 84 85 105  1
 33 84 85 95  1
 33 84 85 88  1
 33 84 85 86 87  1
 33 61 86  1
 33 61 84 85  1
 33 59 105  1
 33 59 95  1
 33 59 88  1
 33 59 86 87  1
 33 59 61  1
 33 46 86  1
 33 46 84 85  1
 33 46 59  1
 33 42 86  1
 33 42 84 85  1
 33 42 59  1
 33 40 41 86  1
 33 40 41 84 85  1
 33 40 41 59  1
 33 36 86  1
 33 36 84 85  1
 33 36 59  1
 30 86  1
 30 84 85  1
 30 59  1
 20 86  1
 20 84 85  1
 20 59  1
 17 88  7
 17 86  7
 17 86 87  7
 17 84 85  7
 17 61  7
 17 59  7
 15 86  17
 15 86 102  1
 15 84 85  17
 15 84 85 102  1
 15 59  17
 15 59 102  1
 15 33 86  1
 15 33 84 85  1
 15 33 59  1
 80 98  1
 78 79 98  1
 53 98  1
 39 80  1
 39 78 79  1
 39 53  1
 29 80  1
 29 78 79  1
 29 53  1
 80 111  3
 80 102 111  1
 78 79 111  3
 78 79 102 111  1
 70 80  9
 70 80 111  1
 70 78 79  9
 70 78 79 111  1
 68 69 80  9
 68 69 80 111  1
 68 69 78 79  9
 68 69 78 79 111  1
 58 82  1
 58 80 81  1
 58 68 82  1
 58 68 80 81  1
 58 66 67 82  1
 58 66 67 80 81  1
 56 57 82  1
 56 57 80 81  1
 56 57 68 82  1
 56 57 68 80 81  1
 56 57 66 67 82  1
 56 57 66 67 80 81  1
 55 58  1
 55 58 68  1
 55 58 66 67  1
 55 56 57  1
 55 56 57 68  1
 55 56 57 66 67  1
 53 111  3
 53 102 111  1
 53 70  9
 53 70 111  1
 53 68 69  9
 53 68 69 111  1
 52 80  3
 52 80 102  1
 52 78 79  3
 52 78 79 102  1
 52 70 80  1
 52 70 78 79  1
 52 68 69 80  1
 52 68 69 78 79  1
 52 53  3
 52 53 102  1
 52 53 70  1
 52 53 68 69  1
 44 83 88  1
 44 83 86 87  1
 44 80 111  1
 44 80 81 88  3
 44 80 81 86 87  3
 44 79 80 82 88  1
 44 79 80 82 86 87  1
 44 79 80 81 88  1
 44 79 80 81 86 87  1
 44 78 79 111  1
 44 75  1
 44 74 88  1
 44 74 86 87  1
 44 73 74  1
 44 72 73 88  1
 44 72 73 86 87  1
 44 70 80  1
 44 70 78 79  1
 44 68 88  1
 44 68 86 87  1
 44 68 69 80  1
 44 68 69 78 79  1
 44 66  1
 44 66 67 88  1
 44 66 67 86 87  1
 44 64 65  1
 44 61 83  1
 44 61 80 81  3
 44 61 79 80 82  1
 44 61 79 80 81  1
 44 61 74  1
 44 61 72 73  1
 44 61 68  1
 44 61 66 67  1
 44 56 88  1
 44 56 86 87  1
 44 56 61  1
 44 55 81 88  1
 44 55 81 86 87  1
 44 55 79 80 88  1
 44 55 79 80 86 87  1
 44 55 61 81  1
 44 55 61 79 80  1
 44 54 82 88  1
 44 54 82 86 87  1
 44 54 80 81 88  1
 44 54 80 81 86 87  1
 44 54 61 82  1
 44 54 61 80 81  1
 44 54 55 88  1
 44 54 55 86 87  1
 44 54 55 61  1
 44 53 111  1
 44 53 70  1
 44 53 68 69  1
 44 52 80  1
 44 52 78 79  1
 44 52 53  1
 44 48  1
 44 47 88  1
 44 47 86 87  1
 44 47 61  1
 43 80  15
 43 78 79  15
 43 53  15
 43 44 80  1
 43 44 78 79  1
 43 44 53  1
 42  3
 42 80  3
 42 80 102  1
 42 78 79  3
 42 78 79 102  1
 42 70 80  1
 42 70 78 79  1
 42 68 69 80  1
 42 68 69 78 79  1
 42 53  3
 42 53 102  1
 42 53 70  1
 42 53 68 69  1
 42 44 80  1
 42 44 78 79  1
 42 44 53  1
 42 43 83 88  1
 42 43 83 86 87  1
 42 43 80 111  1
 42 43 80 81 88  3
 42 43 80 81 86 87  3
 42 43 79 80 82 88  1
 42 43 79 80 82 86 87  1
 42 43 79 80 81 88  1
 42 43 79 80 81 86 87  1
 42 43 78 79 111  1
 42 43 75  1
 42 43 74 88  1
 42 43 74 86 87  1
 42 43 73 74  1
 42 43 72 73 88  1
 42 43 72 73 86 87  1
 42 43 70 80  1
 42 43 70 78 79  1
 42 43 68 88  1
 42 43 68 86 87  1
 42 43 68 69 80  1
 42 43 68 69 78 79  1
 42 43 66  1
 42 43 66 67 88  1
 42 43 66 67 86 87  1
 42 43 64 65  1
 42 43 61 83  1
 42 43 61 80 81  3
 42 43 61 79 80 82  1
 42 43 61 79 80 81  1
 42 43 61 74  1
 42 43 61 72 73  1
 42 43 61 68  1
 42 43 61 66 67  1
 42 43 56 88  1
 42 43 56 86 87  1
 42 43 56 61  1
 42 43 55 81 88  1
 42 43 55 81 86 87  1
 42 43 55 79 80 88  1
 42 43 55 79 80 86 87  1
 42 43 55 61 81  1
 42 43 55 61 79 80  1
 42 43 54 82 88  1
 42 43 54 82 86 87  1
 42 43 54 80 81 88  1
 42 43 54 80 81 86 87  1
 42 43 54 61 82  1
 42 43 54 61 80 81  1
 42 43 54 55 88  1
 42 43 54 55 86 87  1
 42 43 54 55 61  1
 42 43 53 111  1
 42 43 53 70  1
 42 43 53 68 69  1
 42 43 52 80  1
 42 43 52 78 79  1
 42 43 48  1
 42 43 47 88  1
 42 43 47 86 87  1
 42 43 47 61  1
 41 58 82  1
 41 58 80 81  1
 41 56 57 82  1
 41 56 57 80 81  1
 41 55 58  1
 41 55 56 57  1
 41 44 88  1
 41 44 86 87  1
 41 44 61  1
 41 42 43 88  1
 41 42 43 86 87  1
 41 42 43 61  1
 39 44  1
 39 42 43  1
 38  11
 38 44  3
 38 44 88  1
 38 44 86 87  1
 38 44 61  1
 38 42 43  3
 38 42 43 88  1
 38 42 43 86 87  1
 38 42 43 61  1
 36 37  11
 36 37 44  3
 36 37 44 88  1
 36 37 44 86 87  1
 36 37 44 61  1
 36 37 42 43  3
 36 37 42 43 88  1
 36 37 42 43 86 87  1
 36 37 42 43 61  1
 33 80 111  1
 33 78 79 111  1
 33 53 111  1
 33 52 80  1
 33 52 78 79  1
 33 52 53  1
 33 42 80  1
 33 42 78 79  1
 33 42 53  1
 31 82  1
 31 80 81  1
 31 68 82  1
 31 68 80 81  1
 31 66 67 82  1
 31 66 67 80 81  1
 31 55  1
 31 55 68  1
 31 55 66 67  1
 31 41 82  1
 31 41 80 81  1
 31 41 55  1
 17 83 88  1
 17 83 86 87  1
 17 80 111  1
 17 80 81 88  3
 17 80 81 86 87  3
 17 79 80 82 88  1
 17 79 80 82 86 87  1
 17 79 80 81 88  1
 17 79 80 81 86 87  1
 17 78 79 111  1
 17 75  1
 17 74 88  1
 17 74 86 87  1
 17 73 74  1
 17 72 73 88  1
 17 72 73 86 87  1
 17 70 80  1
 17 70 78 79  1
 17 68 88  1
 17 68 86 87  1
 17 68 69 80  1
 17 68 69 78 79  1
 17 66  1
 17 66 67 88  1
 17 66 67 86 87  1
 17 64 65  1
 17 61 83  1
 17 61 80 81  3
 17 61 79 80 82  1
 17 61 79 80 81  1
 17 61 74  1
 17 61 72 73  1
 17 61 68  1
 17 61 66 67  1
 17 56 88  1
 17 56 86 87  1
 17 56 61  1
 17 55 81 88  1
 17 55 81 86 87  1
 17 55 79 80 88  1
 17 55 79 80 86 87  1
 17 55 61 81  1
 17 55 61 79 80  1
 17 54 82 88  1
 17 54 82 86 87  1
 17 54 80 81 88  1
 17 54 80 81 86 87  1
 17 54 61 82  1
 17 54 61 80 81  1
 17 54 55 88  1
 17 54 55 86 87  1
 17 54 55 61  1
 17 53 111  1
 17 53 70  1
 17 53 68 69  1
 17 52 80  1
 17 52 78 79  1
 17 52 53  1
 17 48  1
 17 47 88  1
 17 47 86 87  1
 17 47 61  1
 17 43 80  1
 17 43 78 79  1
 17 43 53  1
 17 42 80  1
 17 42 78 79  1
 17 42 53  1
 17 41 88  1
 17 41 86 87  1
 17 41 61  1
 17 39  1
 17 38  3
 17 38 88  1
 17 38 86 87  1
 17 38 61  1
 17 36 37  3
 17 36 37 88  1
 17 36 37 86 87  1
 17 36 37 61  1
 15  3
 11 44  3
 11 44 88  1
 11 44 86 87  1
 11 44 61  1
 11 42 43  3
 11 42 43 88  1
 11 42 43 86 87  1
 11 42 43 61  1
 11 17  3
 11 17 88  1
 11 17 86 87  1
 11 17 61  1
 38 66  1
 38 64 65  1
 38 39  1
 36 37 66  1
 36 37 64 65  1
 36 37 39  1
 11 66  1
 11 64 65  1
 11 39  1
 85  1
 83 84  1
 73 80 86  1
 73 80 84 85  1
 73 78 79 86  1
 73 78 79 84 85  1
 72  1
 71 72 80 86  1
 71 72 80 84 85  1
 71 72 78 79 86  1
 71 72 78 79 84 85  1
 68 86  5
 68 84 85  5
 68 72  1
 68 70 71  1
 66 67 86  5
 66 67 84 85  5
 66 67 72  1
 66 67 70 71  1
 59 73 80  1
 59 73 78 79  1
 59 71 72 80  1
 59 71 72 78 79  1
 59 68  5
 59 66 67  5
 58  1
 56  1
 56 86  1
 56 84 85  1
 56 82 86  1
 56 82 84 85  1
 56 80 81 86  1
 56 80 81 84 85  1
 56 59  1
 56 59 82  1
 56 59 80 81  1
 55 56 86  1
 55 56 84 85  1
 55 56 59  1
 54 55  1
 54 55 82 86  1
 54 55 82 84 85  1
 54 55 80 81 86  1
 54 55 80 81 84 85  1
 54 55 59 82  1
 54 55 59 80 81  1
 53 73 86  1
 53 73 84 85  1
 53 71 72 86  1
 53 71 72 84 85  1
 53 59 73  1
 53 59 71 72  1
 46 80 86  1
 46 80 84 85  1
 46 78 79 86  1
 46 78 79 84 85  1
 46 59 80  1
 46 59 78 79  1
 46 53 86  1
 46 53 84 85  1
 46 53 59  1
 45 68  1
 45 66 67  1
 42 80 86  1
 42 80 84 85  1
 42 78 79 86  1
 42 78 79 84 85  1
 42 70 82 86  1
 42 70 82 84 85  1
 42 70 80 81 86  1
 42 70 80 81 84 85  1
 42 68  1
 42 68 69 82 86  1
 42 68 69 82 84 85  1
 42 68 69 80 81 86  1
 42 68 69 80 81 84 85  1
 42 66 67  1
 42 59 80  1
 42 59 78 79  1
 42 59 70 82  1
 42 59 70 80 81  1
 42 59 68 69 82  1
 42 59 68 69 80 81  1
 42 56  1
 42 55 70 86  1
 42 55 70 84 85  1
 42 55 68 69 86  1
 42 55 68 69 84 85  1
 42 55 59 70  1
 42 55 59 68 69  1
 42 54 70  1
 42 54 68 69  1
 42 54 55  1
 42 53 86  1
 42 53 84 85  1
 42 53 59  1
 42 52 53 70  1
 42 52 53 68 69  1
 42 43 82 86  7
 42 43 82 84 85  7
 42 43 80 81 86  7
 42 43 80 81 84 85  7
 42 43 59 82  7
 42 43 59 80 81  7
 42 43 55 86  7
 42 43 55 84 85  7
 42 43 55 59  7
 42 43 54  1
 41 86  5
 41 84 85  5
 41 72  1
 41 70 71  1
 41 59  5
 41 45  1
 41 42  1
 40 41 80 86  1
 40 41 80 84 85  1
 40 41 78 79 86  1
 40 41 78 79 84 85  1
 40 41 70 82 86  1
 40 41 70 82 84 85  1
 40 41 70 80 81 86  1
 40 41 70 80 81 84 85  1
 40 41 68  1
 40 41 68 69 82 86  1
 40 41 68 69 82 84 85  1
 40 41 68 69 80 81 86  1
 40 41 68 69 80 81 84 85  1
 40 41 66 67  1
 40 41 59 80  1
 40 41 59 78 79  1
 40 41 59 70 82  1
 40 41 59 70 80 81  1
 40 41 59 68 69 82  1
 40 41 59 68 69 80 81  1
 40 41 56  1
 40 41 55 70 86  1
 40 41 55 70 84 85  1
 40 41 55 68 69 86  1
 40 41 55 68 69 84 85  1
 40 41 55 59 70  1
 40 41 55 59 68 69  1
 40 41 54 70  1
 40 41 54 68 69  1
 40 41 54 55  1
 40 41 53 86  1
 40 41 53 84 85  1
 40 41 53 59  1
 40 41 52 53 70  1
 40 41 52 53 68 69  1
 40 41 43 82 86  1
 40 41 43 82 84 85  1
 40 41 43 80 81 86  1
 40 41 43 80 81 84 85  1
 40 41 43 59 82  1
 40 41 43 59 80 81  1
 40 41 43 55 86  1
 40 41 43 55 84 85  1
 40 41 43 55 59  1
 40 41 43 54  1
 40 41 43 52 53  1
 38 87  1
 38 85 86  1
 38 72  1
 38 70 71  1
 38 68  1
 38 68 69  1
 38 66 67  1
 38 60  1
 38 45  1
 38 43  1
 38 41  1
 36  3
 36 37 87  1
 36 37 85 86  1
 36 37 72  1
 36 37 70 71  1
 36 37 68  1
 36 37 68 69  1
 36 37 66 67  1
 36 37 60  1
 36 37 45  1
 36 37 43  1
 36 37 41  1
 34 35  1
 29  1
 29 86  1
 29 84 85  1
 29 82 86  1
 29 82 84 85  1
 29 80 81 86  1
 29 80 81 84 85  1
 29 59  1
 29 59 82  1
 29 59 80 81  1
 29 55 86  1
 29 55 84 85  1
 29 55 59  1
 29 42  1
 29 40 41  1
 27 42 70  1
 27 42 68 69  1
 27 42 43  1
 27 40 41 70  1
 27 40 41 68 69  1
 27 40 41 43  1
 15 80 86  1
 15 80 84 85  1
 15 78 79 86  1
 15 78 79 84 85  1
 15 70 82 86  1
 15 70 82 84 85  1
 15 70 80 81 86  1
 15 70 80 81 84 85  1
 15 68  1
 15 68 69 82 86  1
 15 68 69 82 84 85  1
 15 68 69 80 81 86  1
 15 68 69 80 81 84 85  1
 15 66 67  1
 15 59 80  1
 15 59 78 79  1
 15 59 70 82  1
 15 59 70 80 81  1
 15 59 68 69 82  1
 15 59 68 69 80 81  1
 15 56  1
 15 55 70 86  1
 15 55 70 84 85  1
 15 55 68 69 86  1
 15 55 68 69 84 85  1
 15 55 59 70  1
 15 55 59 68 69  1
 15 54 70  1
 15 54 68 69  1
 15 54 55  1
 15 53 86  1
 15 53 84 85  1
 15 53 59  1
 15 52 53 70  1
 15 52 53 68 69  1
 15 43 82 86  1
 15 43 82 84 85  1
 15 43 80 81 86  1
 15 43 80 81 84 85  1
 15 43 59 82  1
 15 43 59 80 81  1
 15 43 55 86  1
 15 43 55 84 85  1
 15 43 55 59  1
 15 43 54  1
 15 43 52 53  1
 15 41  1
 15 29  1
 15 27 70  1
 15 27 68 69  1
 15 27 43  1
 13  1
 11 87  1
 11 85 86  1
 11 72  1
 11 70 71  1
 11 68  1
 11 68 69  1
 11 66 67  1
 11 60  1
 11 45  1
 11 43  1
 11 41  1
 11 38  1
 11 36 37  1
 9  1
 3  1
 1 38  1
 1 36 37  1
 1 11  1
 56 68 82 86  1
 56 68 82 84 85  1
 56 68 80 81 86  1
 56 68 80 81 84 85  1
 56 66 68 82 86  1
 56 66 68 82 84 85  1
 56 66 68 80 81 86  1
 56 66 68 80 81 84 85  1
 56 64 65 68 82 86  1
 56 64 65 68 82 84 85  1
 56 64 65 68 80 81 86  1
 56 64 65 68 80 81 84 85  1
 56 64 65 66 67 82 86  1
 56 64 65 66 67 82 84 85  1
 56 64 65 66 67 80 81 86  1
 56 64 65 66 67 80 81 84 85  1
 56 59 68 82  1
 56 59 68 80 81  1
 56 59 66 68 82  1
 56 59 66 68 80 81  1
 56 59 64 65 68 82  1
 56 59 64 65 68 80 81  1
 56 59 64 65 66 67 82  1
 56 59 64 65 66 67 80 81  1
 55 56 68 86  1
 55 56 68 84 85  1
 55 56 66 68 86  1
 55 56 66 68 84 85  1
 55 56 64 65 68 86  1
 55 56 64 65 68 84 85  1
 55 56 64 65 66 67 86  1
 55 56 64 65 66 67 84 85  1
 55 56 59 68  1
 55 56 59 66 68  1
 55 56 59 64 65 68  1
 55 56 59 64 65 66 67  1
 54 55 68 86  1
 54 55 68 84 85  1
 54 55 68 82 86  1
 54 55 68 82 84 85  1
 54 55 68 80 81 86  1
 54 55 68 80 81 84 85  1
 54 55 66 68 86  1
 54 55 66 68 84 85  1
 54 55 66 68 82 86  1
 54 55 66 68 82 84 85  1
 54 55 66 68 80 81 86  1
 54 55 66 68 80 81 84 85  1
 54 55 64 65 68 86  1
 54 55 64 65 68 84 85  1
 54 55 64 65 68 82 86  1
 54 55 64 65 68 82 84 85  1
 54 55 64 65 68 80 81 86  1
 54 55 64 65 68 80 81 84 85  1
 54 55 64 65 66 67 86  1
 54 55 64 65 66 67 84 85  1
 54 55 64 65 66 67 82 86  1
 54 55 64 65 66 67 82 84 85  1
 54 55 64 65 66 67 80 81 86  1
 54 55 64 65 66 67 80 81 84 85  1
 54 55 59 68  1
 54 55 59 68 82  1
 54 55 59 68 80 81  1
 54 55 59 66 68  1
 54 55 59 66 68 82  1
 54 55 59 66 68 80 81  1
 54 55 59 64 65 68  1
 54 55 59 64 65 68 82  1
 54 55 59 64 65 68 80 81  1
 54 55 59 64 65 66 67  1
 54 55 59 64 65 66 67 82  1
 54 55 59 64 65 66 67 80 81  1
 42 82 88  1
 42 82 86 105  1
 42 82 86 95  1
 42 82 86 87  1
 42 82 84 85 105  1
 42 82 84 85 95  1
 42 80 81 88  1
 42 80 81 86 105  1
 42 80 81 86 95  1
 42 80 81 86 87  1
 42 80 81 84 85 105  1
 42 80 81 84 85 95  1
 42 70 86  1
 42 70 84 85  1
 42 68 69 86  1
 42 68 69 84 85  1
 42 61 82  1
 42 61 80 81  1
 42 59 82 105  1
 42 59 82 95  1
 42 59 80 81 105  1
 42 59 80 81 95  1
 42 59 70  1
 42 59 68 69  1
 42 56 70 86  1
 42 56 70 84 85  1
 42 56 68 69 86  1
 42 56 68 69 84 85  1
 42 56 59 70  1
 42 56 59 68 69  1
 42 55 88  1
 42 55 86 105  1
 42 55 86 95  1
 42 55 86 87  1
 42 55 84 85 105  1
 42 55 84 85 95  1
 42 55 61  1
 42 55 59 105  1
 42 55 59 95  1
 42 54 55 70 86  1
 42 54 55 70 84 85  1
 42 54 55 68 69 86  1
 42 54 55 68 69 84 85  1
 42 54 55 59 70  1
 42 54 55 59 68 69  1
 42 46 82 86  1
 42 46 82 84 85  1
 42 46 80 81 86  1
 42 46 80 81 84 85  1
 42 46 59 82  1
 42 46 59 80 81  1
 42 46 55 86  1
 42 46 55 84 85  1
 42 46 55 59  1
 42 43 56 86  1
 42 43 56 84 85  1
 42 43 56 59  1
 42 43 54 55 86  1
 42 43 54 55 84 85  1
 42 43 54 55 59  1
 41 56 82 86  1
 41 56 82 84 85  1
 41 56 80 81 86  1
 41 56 80 81 84 85  1
 41 56 66 82 86  1
 41 56 66 82 84 85  1
 41 56 66 80 81 86  1
 41 56 66 80 81 84 85  1
 41 56 64 65 82 86  1
 41 56 64 65 82 84 85  1
 41 56 64 65 80 81 86  1
 41 56 64 65 80 81 84 85  1
 41 56 59 82  1
 41 56 59 80 81  1
 41 56 59 66 82  1
 41 56 59 66 80 81  1
 41 56 59 64 65 82  1
 41 56 59 64 65 80 81  1
 41 55 56 86  1
 41 55 56 84 85  1
 41 55 56 66 86  1
 41 55 56 66 84 85  1
 41 55 56 64 65 86  1
 41 55 56 64 65 84 85  1
 41 55 56 59  1
 41 55 56 59 66  1
 41 55 56 59 64 65  1
 41 54 55 86  1
 41 54 55 84 85  1
 41 54 55 82 86  1
 41 54 55 82 84 85  1
 41 54 55 80 81 86  1
 41 54 55 80 81 84 85  1
 41 54 55 66 86  1
 41 54 55 66 84 85  1
 41 54 55 66 82 86  1
 41 54 55 66 82 84 85  1
 41 54 55 66 80 81 86  1
 41 54 55 66 80 81 84 85  1
 41 54 55 64 65 86  1
 41 54 55 64 65 84 85  1
 41 54 55 64 65 82 86  1
 41 54 55 64 65 82 84 85  1
 41 54 55 64 65 80 81 86  1
 41 54 55 64 65 80 81 84 85  1
 41 54 55 59  1
 41 54 55 59 82  1
 41 54 55 59 80 81  1
 41 54 55 59 66  1
 41 54 55 59 66 82  1
 41 54 55 59 66 80 81  1
 41 54 55 59 64 65  1
 41 54 55 59 64 65 82  1
 41 54 55 59 64 65 80 81  1
 40 41 82 88  1
 40 41 82 86 105  1
 40 41 82 86 95  1
 40 41 82 86 87  1
 40 41 82 84 85 105  1
 40 41 82 84 85 95  1
 40 41 80 81 88  1
 40 41 80 81 86 105  1
 40 41 80 81 86 95  1
 40 41 80 81 86 87  1
 40 41 80 81 84 85 105  1
 40 41 80 81 84 85 95  1
 40 41 70 86  1
 40 41 70 84 85  1
 40 41 68 69 86  1
 40 41 68 69 84 85  1
 40 41 61 82  1
 40 41 61 80 81  1
 40 41 59 82 105  1
 40 41 59 82 95  1
 40 41 59 80 81 105  1
 40 41 59 80 81 95  1
 40 41 59 70  1
 40 41 59 68 69  1
 40 41 56 70 86  1
 40 41 56 70 84 85  1
 40 41 56 68 69 86  1
 40 41 56 68 69 84 85  1
 40 41 56 59 70  1
 40 41 56 59 68 69  1
 40 41 55 88  1
 40 41 55 86 105  1
 40 41 55 86 95  1
 40 41 55 86 87  1
 40 41 55 84 85 105  1
 40 41 55 84 85 95  1
 40 41 55 61  1
 40 41 55 59 105  1
 40 41 55 59 95  1
 40 41 54 55 70 86  1
 40 41 54 55 70 84 85  1
 40 41 54 55 68 69 86  1
 40 41 54 55 68 69 84 85  1
 40 41 54 55 59 70  1
 40 41 54 55 59 68 69  1
 40 41 46 82 86  1
 40 41 46 82 84 85  1
 40 41 46 80 81 86  1
 40 41 46 80 81 84 85  1
 40 41 46 59 82  1
 40 41 46 59 80 81  1
 40 41 46 55 86  1
 40 41 46 55 84 85  1
 40 41 46 55 59  1
 40 41 43 56 86  1
 40 41 43 56 84 85  1
 40 41 43 56 59  1
 40 41 43 54 55 86  1
 40 41 43 54 55 84 85  1
 40 41 43 54 55 59  1
 39 56 68 82 86  1
 39 56 68 82 84 85  1
 39 56 68 80 81 86  1
 39 56 68 80 81 84 85  1
 39 56 66 67 82 86  1
 39 56 66 67 82 84 85  1
 39 56 66 67 80 81 86  1
 39 56 66 67 80 81 84 85  1
 39 56 59 68 82  1
 39 56 59 68 80 81  1
 39 56 59 66 67 82  1
 39 56 59 66 67 80 81  1
 39 55 56 68 86  1
 39 55 56 68 84 85  1
 39 55 56 66 67 86  1
 39 55 56 66 67 84 85  1
 39 55 56 59 68  1
 39 55 56 59 66 67  1
 39 54 55 68 86  1
 39 54 55 68 84 85  1
 39 54 55 68 82 86  1
 39 54 55 68 82 84 85  1
 39 54 55 68 80 81 86  1
 39 54 55 68 80 81 84 85  1
 39 54 55 66 67 86  1
 39 54 55 66 67 84 85  1
 39 54 55 66 67 82 86  1
 39 54 55 66 67 82 84 85  1
 39 54 55 66 67 80 81 86  1
 39 54 55 66 67 80 81 84 85  1
 39 54 55 59 68  1
 39 54 55 59 68 82  1
 39 54 55 59 68 80 81  1
 39 54 55 59 66 67  1
 39 54 55 59 66 67 82  1
 39 54 55 59 66 67 80 81  1
 39 41 56 82 86  1
 39 41 56 82 84 85  1
 39 41 56 80 81 86  1
 39 41 56 80 81 84 85  1
 39 41 56 59 82  1
 39 41 56 59 80 81  1
 39 41 55 56 86  1
 39 41 55 56 84 85  1
 39 41 55 56 59  1
 39 41 54 55 86  1
 39 41 54 55 84 85  1
 39 41 54 55 82 86  1
 39 41 54 55 82 84 85  1
 39 41 54 55 80 81 86  1
 39 41 54 55 80 81 84 85  1
 39 41 54 55 59  1
 39 41 54 55 59 82  1
 39 41 54 55 59 80 81  1
 36 42 82 86  1
 36 42 82 84 85  1
 36 42 80 81 86  1
 36 42 80 81 84 85  1
 36 42 59 82  1
 36 42 59 80 81  1
 36 42 55 86  1
 36 42 55 84 85  1
 36 42 55 59  1
 36 40 41 82 86  1
 36 40 41 82 84 85  1
 36 40 41 80 81 86  1
 36 40 41 80 81 84 85  1
 36 40 41 59 82  1
 36 40 41 59 80 81  1
 36 40 41 55 86  1
 36 40 41 55 84 85  1
 36 40 41 55 59  1
 29 68 82 86  1
 29 68 82 84 85  1
 29 68 80 81 86  1
 29 68 80 81 84 85  1
 29 66 68 82 86  1
 29 66 68 82 84 85  1
 29 66 68 80 81 86  1
 29 66 68 80 81 84 85  1
 29 64 65 68 82 86  1
 29 64 65 68 82 84 85  1
 29 64 65 68 80 81 86  1
 29 64 65 68 80 81 84 85  1
 29 64 65 66 67 82 86  1
 29 64 65 66 67 82 84 85  1
 29 64 65 66 67 80 81 86  1
 29 64 65 66 67 80 81 84 85  1
 29 59 68 82  1
 29 59 68 80 81  1
 29 59 66 68 82  1
 29 59 66 68 80 81  1
 29 59 64 65 68 82  1
 29 59 64 65 68 80 81  1
 29 59 64 65 66 67 82  1
 29 59 64 65 66 67 80 81  1
 29 55 68 86  1
 29 55 68 84 85  1
 29 55 66 68 86  1
 29 55 66 68 84 85  1
 29 55 64 65 68 86  1
 29 55 64 65 68 84 85  1
 29 55 64 65 66 67 86  1
 29 55 64 65 66 67 84 85  1
 29 55 59 68  1
 29 55 59 66 68  1
 29 55 59 64 65 68  1
 29 55 59 64 65 66 67  1
 29 42 70 86  1
 29 42 70 84 85  1
 29 42 68 69 86  1
 29 42 68 69 84 85  1
 29 42 59 70  1
 29 42 59 68 69  1
 29 42 43 86  1
 29 42 43 84 85  1
 29 42 43 59  1
 29 41 82 86  1
 29 41 82 84 85  1
 29 41 80 81 86  1
 29 41 80 81 84 85  1
 29 41 66 82 86  1
 29 41 66 82 84 85  1
 29 41 66 80 81 86  1
 29 41 66 80 81 84 85  1
 29 41 64 65 82 86  1
 29 41 64 65 82 84 85  1
 29 41 64 65 80 81 86  1
 29 41 64 65 80 81 84 85  1
 29 41 59 82  1
 29 41 59 80 81  1
 29 41 59 66 82  1
 29 41 59 66 80 81  1
 29 41 59 64 65 82  1
 29 41 59 64 65 80 81  1
 29 41 55 86  1
 29 41 55 84 85  1
 29 41 55 66 86  1
 29 41 55 66 84 85  1
 29 41 55 64 65 86  1
 29 41 55 64 65 84 85  1
 29 41 55 59  1
 29 41 55 59 66  1
 29 41 55 59 64 65  1
 29 40 41 70 86  1
 29 40 41 70 84 85  1
 29 40 41 68 69 86  1
 29 40 41 68 69 84 85  1
 29 40 41 59 70  1
 29 40 41 59 68 69  1
 29 40 41 43 86  1
 29 40 41 43 84 85  1
 29 40 41 43 59  1
 29 39 68 82 86  1
 29 39 68 82 84 85  1
 29 39 68 80 81 86  1
 29 39 68 80 81 84 85  1
 29 39 66 67 82 86  1
 29 39 66 67 82 84 85  1
 29 39 66 67 80 81 86  1
 29 39 66 67 80 81 84 85  1
 29 39 59 68 82  1
 29 39 59 68 80 81  1
 29 39 59 66 67 82  1
 29 39 59 66 67 80 81  1
 29 39 55 68 86  1
 29 39 55 68 84 85  1
 29 39 55 66 67 86  1
 29 39 55 66 67 84 85  1
 29 39 55 59 68  1
 29 39 55 59 66 67  1
 29 39 41 82 86  1
 29 39 41 82 84 85  1
 29 39 41 80 81 86  1
 29 39 41 80 81 84 85  1
 29 39 41 59 82  1
 29 39 41 59 80 81  1
 29 39 41 55 86  1
 29 39 41 55 84 85  1
 29 39 41 55 59  1
 15 82 88  1
 15 82 86 105  1
 15 82 86 95  1
 15 82 86 87  1
 15 82 84 85 105  1
 15 82 84 85 95  1
 15 80 81 88  1
 15 80 81 86 105  1
 15 80 81 86 95  1
 15 80 81 86 87  1
 15 80 81 84 85 105  1
 15 80 81 84 85 95  1
 15 70 86  1
 15 70 84 85  1
 15 68 69 86  1
 15 68 69 84 85  1
 15 61 82  1
 15 61 80 81  1
 15 59 82 105  1
 15 59 82 95  1
 15 59 80 81 105  1
 15 59 80 81 95  1
 15 59 70  1
 15 59 68 69  1
 15 56 70 86  1
 15 56 70 84 85  1
 15 56 68 69 86  1
 15 56 68 69 84 85  1
 15 56 59 70  1
 15 56 59 68 69  1
 15 55 88  1
 15 55 86 105  1
 15 55 86 95  1
 15 55 86 87  1
 15 55 84 85 105  1
 15 55 84 85 95  1
 15 55 61  1
 15 55 59 105  1
 15 55 59 95  1
 15 54 55 70 86  1
 15 54 55 70 84 85  1
 15 54 55 68 69 86  1
 15 54 55 68 69 84 85  1
 15 54 55 59 70  1
 15 54 55 59 68 69  1
 15 46 82 86  1
 15 46 82 84 85  1
 15 46 80 81 86  1
 15 46 80 81 84 85  1
 15 46 59 82  1
 15 46 59 80 81  1
 15 46 55 86  1
 15 46 55 84 85  1
 15 46 55 59  1
 15 43 56 86  1
 15 43 56 84 85  1
 15 43 56 59  1
 15 43 54 55 86  1
 15 43 54 55 84 85  1
 15 43 54 55 59  1
 15 36 82 86  1
 15 36 82 84 85  1
 15 36 80 81 86  1
 15 36 80 81 84 85  1
 15 36 59 82  1
 15 36 59 80 81  1
 15 36 55 86  1
 15 36 55 84 85  1
 15 36 55 59  1
 15 29 70 86  1
 15 29 70 84 85  1
 15 29 68 69 86  1
 15 29 68 69 84 85  1
 15 29 59 70  1
 15 29 59 68 69  1
 15 29 43 86  1
 15 29 43 84 85  1
 15 29 43 59  1
