 13 14 49 57 77 97 98  1
 13 14 49 57 75 76 97 98  1
 13 14 49 55 56 77 97 98  1
 13 14 49 55 56 75 76 97 98  1
 13 14 49 50 57 97 98  1
 13 14 49 50 55 56 97 98  1
 13 14 47 48 57 77 97 98  1
 13 14 47 48 57 75 76 97 98  1
 13 14 47 48 55 56 77 97 98  1
 13 14 47 48 55 56 75 76 97 98  1
 13 14 47 48 50 57 97 98  1
 13 14 47 48 50 55 56 97 98  1
 13 14 39 49 57 77 97  1
 13 14 39 49 57 75 76 97  1
 13 14 39 49 55 56 77 97  1
 13 14 39 49 55 56 75 76 97  1
 13 14 39 49 50 57 97  1
 13 14 39 49 50 55 56 97  1
 13 14 39 47 48 57 77 97  1
 13 14 39 47 48 57 75 76 97  1
 13 14 39 47 48 55 56 77 97  1
 13 14 39 47 48 55 56 75 76 97  1
 13 14 39 47 48 50 57 97  1
 13 14 39 47 48 50 55 56 97  1
 13 14 38 49 57 77 98  1
 13 14 38 49 57 75 76 98  1
 13 14 38 49 55 56 77 98  1
 13 14 38 49 55 56 75 76 98  1
 13 14 38 49 50 57 98  1
 13 14 38 49 50 55 56 98  1
 13 14 38 47 48 57 77 98  1
 13 14 38 47 48 57 75 76 98  1
 13 14 38 47 48 55 56 77 98  1
 13 14 38 47 48 55 56 75 76 98  1
 13 14 38 47 48 50 57 98  1
 13 14 38 47 48 50 55 56 98  1
 13 14 38 39 49 57 77  1
 13 14 38 39 49 57 75 76  1
 13 14 38 39 49 55 56 77  1
 13 14 38 39 49 55 56 75 76  1
 13 14 38 39 49 50 57  1
 13 14 38 39 49 50 55 56  1
 13 14 38 39 47 48 57 77  1
 13 14 38 39 47 48 57 75 76  1
 13 14 38 39 47 48 55 56 77  1
 13 14 38 39 47 48 55 56 75 76  1
 13 14 38 39 47 48 50 57  1
 13 14 38 39 47 48 50 55 56  1
 13 14 30 49 77 97 98  1
 13 14 30 49 75 76 97 98  1
 13 14 30 49 50 97 98  1
 13 14 30 47 48 77 97 98  1
 13 14 30 47 48 75 76 97 98  1
 13 14 30 47 48 50 97 98  1
 13 14 30 39 49 77 97  1
 13 14 30 39 49 75 76 97  1
 13 14 30 39 49 50 97  1
 13 14 30 39 47 48 77 97  1
 13 14 30 39 47 48 75 76 97  1
 13 14 30 39 47 48 50 97  1
 13 14 30 38 49 77 98  1
 13 14 30 38 49 75 76 98  1
 13 14 30 38 49 50 98  1
 13 14 30 38 47 48 77 98  1
 13 14 30 38 47 48 75 76 98  1
 13 14 30 38 47 48 50 98  1
 13 14 30 38 39 49 77  1
 13 14 30 38 39 49 75 76  1
 13 14 30 38 39 49 50  1
 13 14 30 38 39 47 48 77  1
 13 14 30 38 39 47 48 75 76  1
 13 14 30 38 39 47 48 50  1
 13 14 22 57 77 97 98  1
 13 14 22 57 75 76 97 98  1
 13 14 22 55 56 77 97 98  1
 13 14 22 55 56 75 76 97 98  1
 13 14 22 50 57 97 98  1
 13 14 22 50 55 56 97 98  1
 13 14 22 39 57 77 97  1
 13 14 22 39 57 75 76 97  1
 13 14 22 39 55 56 77 97  1
 13 14 22 39 55 56 75 76 97  1
 13 14 22 39 50 57 97  1
 13 14 22 39 50 55 56 97  1
 13 14 22 38 57 77 98  1
 13 14 22 38 57 75 76 98  1
 13 14 22 38 55 56 77 98  1
 13 14 22 38 55 56 75 76 98  1
 13 14 22 38 50 57 98  1
 13 14 22 38 50 55 56 98  1
 13 14 22 38 39 57 77  1
 13 14 22 38 39 57 75 76  1
 13 14 22 38 39 55 56 77  1
 13 14 22 38 39 55 56 75 76  1
 13 14 22 38 39 50 57  1
 13 14 22 38 39 50 55 56  1
 13 14 22 30 77 97 98  1
 13 14 22 30 75 76 97 98  1
 13 14 22 30 50 97 98  1
 13 14 22 30 39 77 97  1
 13 14 22 30 39 75 76 97  1
 13 14 22 30 39 50 97  1
 13 14 22 30 38 77 98  1
 13 14 22 30 38 75 76 98  1
 13 14 22 30 38 50 98  1
 13 14 22 30 38 39 77  1
 13 14 22 30 38 39 75 76  1
 13 14 22 30 38 39 50  1
 101  1
 99 100  1
 74  1
 51  1
 49 50  1
 42  1
 41 99  1
 40 100  1
 40 41  1
 24  1
 15  1
 22 57 77 116  9
 22 57 77 97 98 116  1
 22 57 75 76 116  9
 22 57 75 76 97 98 116  1
 22 55 56 77  27
 22 55 56 77 116  9
 22 55 56 77 97 98  3
 22 55 56 77 97 98 116  1
 22 55 56 75 76  27
 22 55 56 75 76 116  9
 22 55 56 75 76 97 98  3
 22 55 56 75 76 97 98 116  1
 22 55 56 57 77  9
 22 55 56 57 77 97 98  1
 22 55 56 57 75 76  9
 22 55 56 57 75 76 97 98  1
 22 50 57 116  9
 22 50 57 97 98 116  1
 22 50 55 56  27
 22 50 55 56 116  9
 22 50 55 56 97 98  3
 22 50 55 56 97 98 116  1
 22 50 55 56 57  9
 22 50 55 56 57 97 98  1
 22 39 57 77 97 116  1
 22 39 57 75 76 97 116  1
 22 39 55 56 77 97  3
 22 39 55 56 77 97 116  1
 22 39 55 56 75 76 97  3
 22 39 55 56 75 76 97 116  1
 22 39 55 56 57 77 97  1
 22 39 55 56 57 75 76 97  1
 22 39 50 57 97 116  1
 22 39 50 55 56 97  3
 22 39 50 55 56 97 116  1
 22 39 50 55 56 57 97  1
 22 38 57 77 98 116  1
 22 38 57 75 76 98 116  1
 22 38 55 56 77 98  3
 22 38 55 56 77 98 116  1
 22 38 55 56 75 76 98  3
 22 38 55 56 75 76 98 116  1
 22 38 55 56 57 77 98  1
 22 38 55 56 57 75 76 98  1
 22 38 50 57 98 116  1
 22 38 50 55 56 98  3
 22 38 50 55 56 98 116  1
 22 38 50 55 56 57 98  1
 22 38 39 57 77 116  1
 22 38 39 57 75 76 116  1
 22 38 39 55 56 77  3
 22 38 39 55 56 77 116  1
 22 38 39 55 56 75 76  3
 22 38 39 55 56 75 76 116  1
 22 38 39 55 56 57 77  1
 22 38 39 55 56 57 75 76  1
 22 38 39 50 57 116  1
 22 38 39 50 55 56  3
 22 38 39 50 55 56 116  1
 22 38 39 50 55 56 57  1
 22 30 77  27
 22 30 77 116  9
 22 30 77 97 98  3
 22 30 77 97 98 116  1
 22 30 75 76  27
 22 30 75 76 116  9
 22 30 75 76 97 98  3
 22 30 75 76 97 98 116  1
 22 30 57 77  9
 22 30 57 77 97 98  1
 22 30 57 75 76  9
 22 30 57 75 76 97 98  1
 22 30 50  27
 22 30 50 116  9
 22 30 50 97 98  3
 22 30 50 97 98 116  1
 22 30 50 57  9
 22 30 50 57 97 98  1
 22 30 39 77 97  3
 22 30 39 77 97 116  1
 22 30 39 75 76 97  3
 22 30 39 75 76 97 116  1
 22 30 39 57 77 97  1
 22 30 39 57 75 76 97  1
 22 30 39 50 97  3
 22 30 39 50 97 116  1
 22 30 39 50 57 97  1
 22 30 38 77 98  3
 22 30 38 77 98 116  1
 22 30 38 75 76 98  3
 22 30 38 75 76 98 116  1
 22 30 38 57 77 98  1
 22 30 38 57 75 76 98  1
 22 30 38 50 98  3
 22 30 38 50 98 116  1
 22 30 38 50 57 98  1
 22 30 38 39 77  3
 22 30 38 39 77 116  1
 22 30 38 39 75 76  3
 22 30 38 39 75 76 116  1
 22 30 38 39 57 77  1
 22 30 38 39 57 75 76  1
 22 30 38 39 50  3
 22 30 38 39 50 116  1
 22 30 38 39 50 57  1
 15 49 57 77  9
 15 49 57 77 97 98  1
 15 49 57 75 76  9
 15 49 57 75 76 97 98  1
 15 49 55 56 77  9
 15 49 55 56 77 97 98  1
 15 49 55 56 75 76  9
 15 49 55 56 75 76 97 98  1
 15 49 50 57  9
 15 49 50 57 97 98  1
 15 49 50 55 56  9
 15 49 50 55 56 97 98  1
 15 47 48 57 77  9
 15 47 48 57 77 97 98  1
 15 47 48 57 75 76  9
 15 47 48 57 75 76 97 98  1
 15 47 48 55 56 77  9
 15 47 48 55 56 77 97 98  1
 15 47 48 55 56 75 76  9
 15 47 48 55 56 75 76 97 98  1
 15 47 48 50 57  9
 15 47 48 50 57 97 98  1
 15 47 48 50 55 56  9
 15 47 48 50 55 56 97 98  1
 15 39 49 57 77 97  1
 15 39 49 57 75 76 97  1
 15 39 49 55 56 77 97  1
 15 39 49 55 56 75 76 97  1
 15 39 49 50 57 97  1
 15 39 49 50 55 56 97  1
 15 39 47 48 57 77 97  1
 15 39 47 48 57 75 76 97  1
 15 39 47 48 55 56 77 97  1
 15 39 47 48 55 56 75 76 97  1
 15 39 47 48 50 57 97  1
 15 39 47 48 50 55 56 97  1
 15 38 49 57 77 98  1
 15 38 49 57 75 76 98  1
 15 38 49 55 56 77 98  1
 15 38 49 55 56 75 76 98  1
 15 38 49 50 57 98  1
 15 38 49 50 55 56 98  1
 15 38 47 48 57 77 98  1
 15 38 47 48 57 75 76 98  1
 15 38 47 48 55 56 77 98  1
 15 38 47 48 55 56 75 76 98  1
 15 38 47 48 50 57 98  1
 15 38 47 48 50 55 56 98  1
 15 38 39 49 57 77  1
 15 38 39 49 57 75 76  1
 15 38 39 49 55 56 77  1
 15 38 39 49 55 56 75 76  1
 15 38 39 49 50 57  1
 15 38 39 49 50 55 56  1
 15 38 39 47 48 57 77  1
 15 38 39 47 48 57 75 76  1
 15 38 39 47 48 55 56 77  1
 15 38 39 47 48 55 56 75 76  1
 15 38 39 47 48 50 57  1
 15 38 39 47 48 50 55 56  1
 15 30 49 77  9
 15 30 49 77 97 98  1
 15 30 49 75 76  9
 15 30 49 75 76 97 98  1
 15 30 49 50  9
 15 30 49 50 97 98  1
 15 30 47 48 77  9
 15 30 47 48 77 97 98  1
 15 30 47 48 75 76  9
 15 30 47 48 75 76 97 98  1
 15 30 47 48 50  9
 15 30 47 48 50 97 98  1
 15 30 39 49 77 97  1
 15 30 39 49 75 76 97  1
 15 30 39 49 50 97  1
 15 30 39 47 48 77 97  1
 15 30 39 47 48 75 76 97  1
 15 30 39 47 48 50 97  1
 15 30 38 49 77 98  1
 15 30 38 49 75 76 98  1
 15 30 38 49 50 98  1
 15 30 38 47 48 77 98  1
 15 30 38 47 48 75 76 98  1
 15 30 38 47 48 50 98  1
 15 30 38 39 49 77  1
 15 30 38 39 49 75 76  1
 15 30 38 39 49 50  1
 15 30 38 39 47 48 77  1
 15 30 38 39 47 48 75 76  1
 15 30 38 39 47 48 50  1
 15 22 57 77  9
 15 22 57 77 97 98  1
 15 22 57 75 76  9
 15 22 57 75 76 97 98  1
 15 22 55 56 77  9
 15 22 55 56 77 97 98  1
 15 22 55 56 75 76  9
 15 22 55 56 75 76 97 98  1
 15 22 50 57  9
 15 22 50 57 97 98  1
 15 22 50 55 56  9
 15 22 50 55 56 97 98  1
 15 22 39 57 77 97  1
 15 22 39 57 75 76 97  1
 15 22 39 55 56 77 97  1
 15 22 39 55 56 75 76 97  1
 15 22 39 50 57 97  1
 15 22 39 50 55 56 97  1
 15 22 38 57 77 98  1
 15 22 38 57 75 76 98  1
 15 22 38 55 56 77 98  1
 15 22 38 55 56 75 76 98  1
 15 22 38 50 57 98  1
 15 22 38 50 55 56 98  1
 15 22 38 39 57 77  1
 15 22 38 39 57 75 76  1
 15 22 38 39 55 56 77  1
 15 22 38 39 55 56 75 76  1
 15 22 38 39 50 57  1
 15 22 38 39 50 55 56  1
 15 22 30 77  9
 15 22 30 77 97 98  1
 15 22 30 75 76  9
 15 22 30 75 76 97 98  1
 15 22 30 50  9
 15 22 30 50 97 98  1
 15 22 30 39 77 97  1
 15 22 30 39 75 76 97  1
 15 22 30 39 50 97  1
 15 22 30 38 77 98  1
 15 22 30 38 75 76 98  1
 15 22 30 38 50 98  1
 15 22 30 38 39 77  1
 15 22 30 38 39 75 76  1
 15 22 30 38 39 50  1
 49 57 77 116  9
 49 57 77 99 116  1
 49 57 75 76 116  9
 49 57 75 76 99 116  1
 49 55 56 77  27
 49 55 56 77 116  9
 49 55 56 77 99  3
 49 55 56 77 99 116  1
 49 55 56 75 76  27
 49 55 56 75 76 116  9
 49 55 56 75 76 99  3
 49 55 56 75 76 99 116  1
 49 55 56 57 77  9
 49 55 56 57 77 99  1
 49 55 56 57 75 76  9
 49 55 56 57 75 76 99  1
 49 50 57 116  9
 49 50 57 99 116  1
 49 50 55 56  27
 49 50 55 56 116  9
 49 50 55 56 99  3
 49 50 55 56 99 116  1
 49 50 55 56 57  9
 49 50 55 56 57 99  1
 47 48 57 77 116  9
 47 48 57 77 99 116  1
 47 48 57 75 76 116  9
 47 48 57 75 76 99 116  1
 47 48 55 56 77  27
 47 48 55 56 77 116  9
 47 48 55 56 77 99  3
 47 48 55 56 77 99 116  1
 47 48 55 56 75 76  27
 47 48 55 56 75 76 116  9
 47 48 55 56 75 76 99  3
 47 48 55 56 75 76 99 116  1
 47 48 55 56 57 77  9
 47 48 55 56 57 77 99  1
 47 48 55 56 57 75 76  9
 47 48 55 56 57 75 76 99  1
 47 48 50 57 116  9
 47 48 50 57 99 116  1
 47 48 50 55 56  27
 47 48 50 55 56 116  9
 47 48 50 55 56 99  3
 47 48 50 55 56 99 116  1
 47 48 50 55 56 57  9
 47 48 50 55 56 57 99  1
 40 49 57 77 116  1
 40 49 57 75 76 116  1
 40 49 55 56 77  3
 40 49 55 56 77 116  1
 40 49 55 56 75 76  3
 40 49 55 56 75 76 116  1
 40 49 55 56 57 77  1
 40 49 55 56 57 75 76  1
 40 49 50 57 116  1
 40 49 50 55 56  3
 40 49 50 55 56 116  1
 40 49 50 55 56 57  1
 40 47 48 57 77 116  1
 40 47 48 57 75 76 116  1
 40 47 48 55 56 77  3
 40 47 48 55 56 77 116  1
 40 47 48 55 56 75 76  3
 40 47 48 55 56 75 76 116  1
 40 47 48 55 56 57 77  1
 40 47 48 55 56 57 75 76  1
 40 47 48 50 57 116  1
 40 47 48 50 55 56  3
 40 47 48 50 55 56 116  1
 40 47 48 50 55 56 57  1
 30 49 77  27
 30 49 77 116  9
 30 49 77 99  3
 30 49 77 99 116  1
 30 49 75 76  27
 30 49 75 76 116  9
 30 49 75 76 99  3
 30 49 75 76 99 116  1
 30 49 57 77  9
 30 49 57 77 99  1
 30 49 57 75 76  9
 30 49 57 75 76 99  1
 30 49 50  27
 30 49 50 116  9
 30 49 50 99  3
 30 49 50 99 116  1
 30 49 50 57  9
 30 49 50 57 99  1
 30 47 48 77  27
 30 47 48 77 116  9
 30 47 48 77 99  3
 30 47 48 77 99 116  1
 30 47 48 75 76  27
 30 47 48 75 76 116  9
 30 47 48 75 76 99  3
 30 47 48 75 76 99 116  1
 30 47 48 57 77  9
 30 47 48 57 77 99  1
 30 47 48 57 75 76  9
 30 47 48 57 75 76 99  1
 30 47 48 50  27
 30 47 48 50 116  9
 30 47 48 50 99  3
 30 47 48 50 99 116  1
 30 47 48 50 57  9
 30 47 48 50 57 99  1
 30 40 49 77  3
 30 40 49 77 116  1
 30 40 49 75 76  3
 30 40 49 75 76 116  1
 30 40 49 57 77  1
 30 40 49 57 75 76  1
 30 40 49 50  3
 30 40 49 50 116  1
 30 40 49 50 57  1
 30 40 47 48 77  3
 30 40 47 48 77 116  1
 30 40 47 48 75 76  3
 30 40 47 48 75 76 116  1
 30 40 47 48 57 77  1
 30 40 47 48 57 75 76  1
 30 40 47 48 50  3
 30 40 47 48 50 116  1
 30 40 47 48 50 57  1
 22 57 77 99 116  1
 22 57 75 76 99 116  1
 22 55 56 77 99  3
 22 55 56 77 99 116  1
 22 55 56 75 76 99  3
 22 55 56 75 76 99 116  1
 22 55 56 57 77 99  1
 22 55 56 57 75 76 99  1
 22 50 57 99 116  1
 22 50 55 56 99  3
 22 50 55 56 99 116  1
 22 50 55 56 57 99  1
 22 40 57 77 116  1
 22 40 57 75 76 116  1
 22 40 55 56 77  3
 22 40 55 56 77 116  1
 22 40 55 56 75 76  3
 22 40 55 56 75 76 116  1
 22 40 55 56 57 77  1
 22 40 55 56 57 75 76  1
 22 40 50 57 116  1
 22 40 50 55 56  3
 22 40 50 55 56 116  1
 22 40 50 55 56 57  1
 22 30 77 99  3
 22 30 77 99 116  1
 22 30 75 76 99  3
 22 30 75 76 99 116  1
 22 30 57 77 99  1
 22 30 57 75 76 99  1
 22 30 50 99  3
 22 30 50 99 116  1
 22 30 50 57 99  1
 22 30 40 77  3
 22 30 40 77 116  1
 22 30 40 75 76  3
 22 30 40 75 76 116  1
 22 30 40 57 77  1
 22 30 40 57 75 76  1
 22 30 40 50  3
 22 30 40 50 116  1
 22 30 40 50 57  1
 15 49 57 77 99  1
 15 49 57 75 76 99  1
 15 49 55 56 77 99  1
 15 49 55 56 75 76 99  1
 15 49 50 57 99  1
 15 49 50 55 56 99  1
 15 47 48 57 77 99  1
 15 47 48 57 75 76 99  1
 15 47 48 55 56 77 99  1
 15 47 48 55 56 75 76 99  1
 15 47 48 50 57 99  1
 15 47 48 50 55 56 99  1
 15 40 49 57 77  1
 15 40 49 57 75 76  1
 15 40 49 55 56 77  1
 15 40 49 55 56 75 76  1
 15 40 49 50 57  1
 15 40 49 50 55 56  1
 15 40 47 48 57 77  1
 15 40 47 48 57 75 76  1
 15 40 47 48 55 56 77  1
 15 40 47 48 55 56 75 76  1
 15 40 47 48 50 57  1
 15 40 47 48 50 55 56  1
 15 30 49 77 99  1
 15 30 49 75 76 99  1
 15 30 49 50 99  1
 15 30 47 48 77 99  1
 15 30 47 48 75 76 99  1
 15 30 47 48 50 99  1
 15 30 40 49 77  1
 15 30 40 49 75 76  1
 15 30 40 49 50  1
 15 30 40 47 48 77  1
 15 30 40 47 48 75 76  1
 15 30 40 47 48 50  1
 15 22 57 77 99  1
 15 22 57 75 76 99  1
 15 22 55 56 77 99  1
 15 22 55 56 75 76 99  1
 15 22 50 57 99  1
 15 22 50 55 56 99  1
 15 22 40 57 77  1
 15 22 40 57 75 76  1
 15 22 40 55 56 77  1
 15 22 40 55 56 75 76  1
 15 22 40 50 57  1
 15 22 40 50 55 56  1
 15 22 30 77 99  1
 15 22 30 75 76 99  1
 15 22 30 50 99  1
 15 22 30 40 77  1
 15 22 30 40 75 76  1
 15 22 30 40 50  1
 13 14 49 57 77 99  1
 13 14 49 57 75 76 99  1
 13 14 49 55 56 77 99  1
 13 14 49 55 56 75 76 99  1
 13 14 49 50 57 99  1
 13 14 49 50 55 56 99  1
 13 14 47 48 57 77 99  1
 13 14 47 48 57 75 76 99  1
 13 14 47 48 55 56 77 99  1
 13 14 47 48 55 56 75 76 99  1
 13 14 47 48 50 57 99  1
 13 14 47 48 50 55 56 99  1
 13 14 40 49 57 77  1
 13 14 40 49 57 75 76  1
 13 14 40 49 55 56 77  1
 13 14 40 49 55 56 75 76  1
 13 14 40 49 50 57  1
 13 14 40 49 50 55 56  1
 13 14 40 47 48 57 77  1
 13 14 40 47 48 57 75 76  1
 13 14 40 47 48 55 56 77  1
 13 14 40 47 48 55 56 75 76  1
 13 14 40 47 48 50 57  1
 13 14 40 47 48 50 55 56  1
 13 14 30 49 77 99  1
 13 14 30 49 75 76 99  1
 13 14 30 49 50 99  1
 13 14 30 47 48 77 99  1
 13 14 30 47 48 75 76 99  1
 13 14 30 47 48 50 99  1
 13 14 30 40 49 77  1
 13 14 30 40 49 75 76  1
 13 14 30 40 49 50  1
 13 14 30 40 47 48 77  1
 13 14 30 40 47 48 75 76  1
 13 14 30 40 47 48 50  1
 13 14 22 57 77 99  1
 13 14 22 57 75 76 99  1
 13 14 22 55 56 77 99  1
 13 14 22 55 56 75 76 99  1
 13 14 22 50 57 99  1
 13 14 22 50 55 56 99  1
 13 14 22 40 57 77  1
 13 14 22 40 57 75 76  1
 13 14 22 40 55 56 77  1
 13 14 22 40 55 56 75 76  1
 13 14 22 40 50 57  1
 13 14 22 40 50 55 56  1
 13 14 22 30 77 99  1
 13 14 22 30 75 76 99  1
 13 14 22 30 50 99  1
 13 14 22 30 40 77  1
 13 14 22 30 40 75 76  1
 13 14 22 30 40 50  1
 47 48 57 77 97 98 116  1
 47 48 57 75 76 97 98 116  1
 47 48 55 56 77 97 98  3
 47 48 55 56 77 97 98 116  1
 47 48 55 56 75 76 97 98  3
 47 48 55 56 75 76 97 98 116  1
 47 48 55 56 57 77 97 98  1
 47 48 55 56 57 75 76 97 98  1
 47 48 50 57 97 98 116  1
 47 48 50 55 56 97 98  3
 47 48 50 55 56 97 98 116  1
 47 48 50 55 56 57 97 98  1
 39 47 48 57 77 97 116  1
 39 47 48 57 75 76 97 116  1
 39 47 48 55 56 77 97  3
 39 47 48 55 56 77 97 116  1
 39 47 48 55 56 75 76 97  3
 39 47 48 55 56 75 76 97 116  1
 39 47 48 55 56 57 77 97  1
 39 47 48 55 56 57 75 76 97  1
 39 47 48 50 57 97 116  1
 39 47 48 50 55 56 97  3
 39 47 48 50 55 56 97 116  1
 39 47 48 50 55 56 57 97  1
 38 47 48 57 77 98 116  1
 38 47 48 57 75 76 98 116  1
 38 47 48 55 56 77 98  3
 38 47 48 55 56 77 98 116  1
 38 47 48 55 56 75 76 98  3
 38 47 48 55 56 75 76 98 116  1
 38 47 48 55 56 57 77 98  1
 38 47 48 55 56 57 75 76 98  1
 38 47 48 50 57 98 116  1
 38 47 48 50 55 56 98  3
 38 47 48 50 55 56 98 116  1
 38 47 48 50 55 56 57 98  1
 38 39 47 48 57 77 116  1
 38 39 47 48 57 75 76 116  1
 38 39 47 48 55 56 77  3
 38 39 47 48 55 56 77 116  1
 38 39 47 48 55 56 75 76  3
 38 39 47 48 55 56 75 76 116  1
 38 39 47 48 55 56 57 77  1
 38 39 47 48 55 56 57 75 76  1
 38 39 47 48 50 57 116  1
 38 39 47 48 50 55 56  3
 38 39 47 48 50 55 56 116  1
 38 39 47 48 50 55 56 57  1
 30 47 48 77 97 98  3
 30 47 48 77 97 98 116  1
 30 47 48 75 76 97 98  3
 30 47 48 75 76 97 98 116  1
 30 47 48 57 77 97 98  1
 30 47 48 57 75 76 97 98  1
 30 47 48 50 97 98  3
 30 47 48 50 97 98 116  1
 30 47 48 50 57 97 98  1
 30 39 47 48 77 97  3
 30 39 47 48 77 97 116  1
 30 39 47 48 75 76 97  3
 30 39 47 48 75 76 97 116  1
 30 39 47 48 57 77 97  1
 30 39 47 48 57 75 76 97  1
 30 39 47 48 50 97  3
 30 39 47 48 50 97 116  1
 30 39 47 48 50 57 97  1
 30 38 47 48 77 98  3
 30 38 47 48 77 98 116  1
 30 38 47 48 75 76 98  3
 30 38 47 48 75 76 98 116  1
 30 38 47 48 57 77 98  1
 30 38 47 48 57 75 76 98  1
 30 38 47 48 50 98  3
 30 38 47 48 50 98 116  1
 30 38 47 48 50 57 98  1
 30 38 39 47 48 77  3
 30 38 39 47 48 77 116  1
 30 38 39 47 48 75 76  3
 30 38 39 47 48 75 76 116  1
 30 38 39 47 48 57 77  1
 30 38 39 47 48 57 75 76  1
 30 38 39 47 48 50  3
 30 38 39 47 48 50 116  1
 30 38 39 47 48 50 57  1
 49 57 77 97 98 116  1
 49 57 75 76 97 98 116  1
 49 55 56 77 97 98  3
 49 55 56 77 97 98 116  1
 49 55 56 75 76 97 98  3
 49 55 56 75 76 97 98 116  1
 49 55 56 57 77 97 98  1
 49 55 56 57 75 76 97 98  1
 49 50 57 97 98 116  1
 49 50 55 56 97 98  3
 49 50 55 56 97 98 116  1
 49 50 55 56 57 97 98  1
 39 49 57 77 97 116  1
 39 49 57 75 76 97 116  1
 39 49 55 56 77 97  3
 39 49 55 56 77 97 116  1
 39 49 55 56 75 76 97  3
 39 49 55 56 75 76 97 116  1
 39 49 55 56 57 77 97  1
 39 49 55 56 57 75 76 97  1
 39 49 50 57 97 116  1
 39 49 50 55 56 97  3
 39 49 50 55 56 97 116  1
 39 49 50 55 56 57 97  1
 38 49 57 77 98 116  1
 38 49 57 75 76 98 116  1
 38 49 55 56 77 98  3
 38 49 55 56 77 98 116  1
 38 49 55 56 75 76 98  3
 38 49 55 56 75 76 98 116  1
 38 49 55 56 57 77 98  1
 38 49 55 56 57 75 76 98  1
 38 49 50 57 98 116  1
 38 49 50 55 56 98  3
 38 49 50 55 56 98 116  1
 38 49 50 55 56 57 98  1
 38 39 49 57 77 116  1
 38 39 49 57 75 76 116  1
 38 39 49 55 56 77  3
 38 39 49 55 56 77 116  1
 38 39 49 55 56 75 76  3
 38 39 49 55 56 75 76 116  1
 38 39 49 55 56 57 77  1
 38 39 49 55 56 57 75 76  1
 38 39 49 50 57 116  1
 38 39 49 50 55 56  3
 38 39 49 50 55 56 116  1
 38 39 49 50 55 56 57  1
 30 49 77 97 98  3
 30 49 77 97 98 116  1
 30 49 75 76 97 98  3
 30 49 75 76 97 98 116  1
 30 49 57 77 97 98  1
 30 49 57 75 76 97 98  1
 30 49 50 97 98  3
 30 49 50 97 98 116  1
 30 49 50 57 97 98  1
 30 39 49 77 97  3
 30 39 49 77 97 116  1
 30 39 49 75 76 97  3
 30 39 49 75 76 97 116  1
 30 39 49 57 77 97  1
 30 39 49 57 75 76 97  1
 30 39 49 50 97  3
 30 39 49 50 97 116  1
 30 39 49 50 57 97  1
 30 38 49 77 98  3
 30 38 49 77 98 116  1
 30 38 49 75 76 98  3
 30 38 49 75 76 98 116  1
 30 38 49 57 77 98  1
 30 38 49 57 75 76 98  1
 30 38 49 50 98  3
 30 38 49 50 98 116  1
 30 38 49 50 57 98  1
 30 38 39 49 77  3
 30 38 39 49 77 116  1
 30 38 39 49 75 76  3
 30 38 39 49 75 76 116  1
 30 38 39 49 57 77  1
 30 38 39 49 57 75 76  1
 30 38 39 49 50  3
 30 38 39 49 50 116  1
 30 38 39 49 50 57  1
 49 57 72 77 116  1
 49 57 72 75 76 116  1
 49 55 56 72 77  3
 49 55 56 72 77 116  1
 49 55 56 72 75 76  3
 49 55 56 72 75 76 116  1
 49 55 56 57 72 77  1
 49 55 56 57 72 75 76  1
 49 50 57 72 116  1
 49 50 55 56 72  3
 49 50 55 56 72 116  1
 49 50 55 56 57 72  1
 47 48 57 72 77 116  1
 47 48 57 72 75 76 116  1
 47 48 55 56 72 77  3
 47 48 55 56 72 77 116  1
 47 48 55 56 72 75 76  3
 47 48 55 56 72 75 76 116  1
 47 48 55 56 57 72 77  1
 47 48 55 56 57 72 75 76  1
 47 48 50 57 72 116  1
 47 48 50 55 56 72  3
 47 48 50 55 56 72 116  1
 47 48 50 55 56 57 72  1
 30 49 72 77  3
 30 49 72 77 116  1
 30 49 72 75 76  3
 30 49 72 75 76 116  1
 30 49 57 72 77  1
 30 49 57 72 75 76  1
 30 49 50 72  3
 30 49 50 72 116  1
 30 49 50 57 72  1
 30 47 48 72 77  3
 30 47 48 72 77 116  1
 30 47 48 72 75 76  3
 30 47 48 72 75 76 116  1
 30 47 48 57 72 77  1
 30 47 48 57 72 75 76  1
 30 47 48 50 72  3
 30 47 48 50 72 116  1
 30 47 48 50 57 72  1
 22 57 72 77 116  1
 22 57 72 75 76 116  1
 22 55 56 72 77  3
 22 55 56 72 77 116  1
 22 55 56 72 75 76  3
 22 55 56 72 75 76 116  1
 22 55 56 57 72 77  1
 22 55 56 57 72 75 76  1
 22 50 57 72 116  1
 22 50 55 56 72  3
 22 50 55 56 72 116  1
 22 50 55 56 57 72  1
 22 30 72 77  3
 22 30 72 77 116  1
 22 30 72 75 76  3
 22 30 72 75 76 116  1
 22 30 57 72 77  1
 22 30 57 72 75 76  1
 22 30 50 72  3
 22 30 50 72 116  1
 22 30 50 57 72  1
 15 49 57 72 77  1
 15 49 57 72 75 76  1
 15 49 55 56 72 77  1
 15 49 55 56 72 75 76  1
 15 49 50 57 72  1
 15 49 50 55 56 72  1
 15 47 48 57 72 77  1
 15 47 48 57 72 75 76  1
 15 47 48 55 56 72 77  1
 15 47 48 55 56 72 75 76  1
 15 47 48 50 57 72  1
 15 47 48 50 55 56 72  1
 15 30 49 72 77  1
 15 30 49 72 75 76  1
 15 30 49 50 72  1
 15 30 47 48 72 77  1
 15 30 47 48 72 75 76  1
 15 30 47 48 50 72  1
 15 22 57 72 77  1
 15 22 57 72 75 76  1
 15 22 55 56 72 77  1
 15 22 55 56 72 75 76  1
 15 22 50 57 72  1
 15 22 50 55 56 72  1
 15 22 30 72 77  1
 15 22 30 72 75 76  1
 15 22 30 50 72  1
 13 49 57 77 116  1
 13 49 57 75 76 116  1
 13 49 55 56 77  3
 13 49 55 56 77 116  1
 13 49 55 56 75 76  3
 13 49 55 56 75 76 116  1
 13 49 55 56 57 77  1
 13 49 55 56 57 75 76  1
 13 49 50 57 116  1
 13 49 50 55 56  3
 13 49 50 55 56 116  1
 13 49 50 55 56 57  1
 13 47 48 57 77 116  1
 13 47 48 57 75 76 116  1
 13 47 48 55 56 77  3
 13 47 48 55 56 77 116  1
 13 47 48 55 56 75 76  3
 13 47 48 55 56 75 76 116  1
 13 47 48 55 56 57 77  1
 13 47 48 55 56 57 75 76  1
 13 47 48 50 57 116  1
 13 47 48 50 55 56  3
 13 47 48 50 55 56 116  1
 13 47 48 50 55 56 57  1
 13 30 49 77  3
 13 30 49 77 116  1
 13 30 49 75 76  3
 13 30 49 75 76 116  1
 13 30 49 57 77  1
 13 30 49 57 75 76  1
 13 30 49 50  3
 13 30 49 50 116  1
 13 30 49 50 57  1
 13 30 47 48 77  3
 13 30 47 48 77 116  1
 13 30 47 48 75 76  3
 13 30 47 48 75 76 116  1
 13 30 47 48 57 77  1
 13 30 47 48 57 75 76  1
 13 30 47 48 50  3
 13 30 47 48 50 116  1
 13 30 47 48 50 57  1
 13 22 57 77 116  1
 13 22 57 75 76 116  1
 13 22 55 56 77  3
 13 22 55 56 77 116  1
 13 22 55 56 75 76  3
 13 22 55 56 75 76 116  1
 13 22 55 56 57 77  1
 13 22 55 56 57 75 76  1
 13 22 50 57 116  1
 13 22 50 55 56  3
 13 22 50 55 56 116  1
 13 22 50 55 56 57  1
 13 22 30 77  3
 13 22 30 77 116  1
 13 22 30 75 76  3
 13 22 30 75 76 116  1
 13 22 30 57 77  1
 13 22 30 57 75 76  1
 13 22 30 50  3
 13 22 30 50 116  1
 13 22 30 50 57  1
 13 15 49 57 77  1
 13 15 49 57 75 76  1
 13 15 49 55 56 77  1
 13 15 49 55 56 75 76  1
 13 15 49 50 57  1
 13 15 49 50 55 56  1
 13 15 47 48 57 77  1
 13 15 47 48 57 75 76  1
 13 15 47 48 55 56 77  1
 13 15 47 48 55 56 75 76  1
 13 15 47 48 50 57  1
 13 15 47 48 50 55 56  1
 13 15 30 49 77  1
 13 15 30 49 75 76  1
 13 15 30 49 50  1
 13 15 30 47 48 77  1
 13 15 30 47 48 75 76  1
 13 15 30 47 48 50  1
 13 15 22 57 77  1
 13 15 22 57 75 76  1
 13 15 22 55 56 77  1
 13 15 22 55 56 75 76  1
 13 15 22 50 57  1
 13 15 22 50 55 56  1
 13 15 22 30 77  1
 13 15 22 30 75 76  1
 13 15 22 30 50  1
 13 14 49 57 72 77  1
 13 14 49 57 72 75 76  1
 13 14 49 55 56 72 77  1
 13 14 49 55 56 72 75 76  1
 13 14 49 50 57 72  1
 13 14 49 50 55 56 72  1
 13 14 47 48 57 72 77  1
 13 14 47 48 57 72 75 76  1
 13 14 47 48 55 56 72 77  1
 13 14 47 48 55 56 72 75 76  1
 13 14 47 48 50 57 72  1
 13 14 47 48 50 55 56 72  1
 13 14 30 49 72 77  1
 13 14 30 49 72 75 76  1
 13 14 30 49 50 72  1
 13 14 30 47 48 72 77  1
 13 14 30 47 48 72 75 76  1
 13 14 30 47 48 50 72  1
 13 14 22 57 72 77  1
 13 14 22 57 72 75 76  1
 13 14 22 55 56 72 77  1
 13 14 22 55 56 72 75 76  1
 13 14 22 50 57 72  1
 13 14 22 50 55 56 72  1
 13 14 22 30 72 77  1
 13 14 22 30 72 75 76  1
 13 14 22 30 50 72  1
