  183
 75 81  9
 75 79 80  9
 73 74 81  9
 73 74 79 80  9
 54  245
 54 75  9
 54 73 74  9
 48 81  9
 48 79 80  9
 48 54  9
 43 81  29
 43 79 80  31
 43 70 79  1
 43 70 77 78  1
 43 69 79 100  1
 43 69 77 78 100  1
 43 67 68 79  11
 43 67 68 79 100  1
 43 67 68 77 78  11
 43 67 68 77 78 100  1
 43 66 67 69 79  1
 43 66 67 69 77 78  1
 43 66 67 68 79  1
 43 66 67 68 77 78  1
 43 55 79  3
 43 55 77 78  3
 43 54  29
 43 53 81  1
 43 53 79 80  1
 43 53 54 79  1
 43 53 54 77 78  1
 43 52 70  1
 43 52 69 100  1
 43 52 67 68  11
 43 52 67 68 100  1
 43 52 66 67 69  1
 43 52 66 67 68  1
 43 52 55  3
 43 52 53 54  1
 43 51 52 81  1
 43 51 52 79 80  1
 43 51 52 54  1
 42 43 79 100  1
 42 43 77 78 100  1
 42 43 68 79  1
 42 43 68 77 78  1
 42 43 66 67 79  1
 42 43 66 67 77 78  1
 42 43 52 100  1
 42 43 52 68  1
 42 43 52 66 67  1
 41 42 79  31
 41 42 79 100  1
 41 42 77 78  31
 41 42 77 78 100  1
 41 42 70 79  1
 41 42 70 77 78  1
 41 42 69 79 100  1
 41 42 69 77 78 100  1
 41 42 68 79  1
 41 42 68 77 78  1
 41 42 67 68 79  13
 41 42 67 68 79 100  1
 41 42 67 68 77 78  13
 41 42 67 68 77 78 100  1
 41 42 66 67 79  1
 41 42 66 67 77 78  1
 41 42 66 67 69 79  1
 41 42 66 67 69 77 78  1
 41 42 66 67 68 79  1
 41 42 66 67 68 77 78  1
 41 42 55 79  3
 41 42 55 77 78  3
 41 42 53 81  1
 41 42 53 79 80  1
 41 42 53 54 79  1
 41 42 53 54 77 78  1
 41 42 52  31
 41 42 52 100  1
 41 42 52 70  1
 41 42 52 69 100  1
 41 42 52 68  1
 41 42 52 67 68  13
 41 42 52 67 68 100  1
 41 42 52 66 67  1
 41 42 52 66 67 69  1
 41 42 52 66 67 68  1
 41 42 52 55  3
 41 42 52 53 54  1
 41 42 51 52 81  1
 41 42 51 52 79 80  1
 41 42 51 52 54  1
 41 42 43 79  3
 41 42 43 77 78  3
 41 42 43 52  3
 39 41 42 81  5
 39 41 42 79 80  5
 39 41 42 54  5
 31 43 69 79  1
 31 43 69 77 78  1
 31 43 67 68 79  1
 31 43 67 68 77 78  1
 31 43 52 69  1
 31 43 52 67 68  1
 31 42 43 79  1
 31 42 43 77 78  1
 31 42 43 52  1
 31 41 42 79  1
 31 41 42 77 78  1
 31 41 42 69 79  1
 31 41 42 69 77 78  1
 31 41 42 67 68 79  1
 31 41 42 67 68 77 78  1
 31 41 42 52  1
 31 41 42 52 69  1
 31 41 42 52 67 68  1
 28 43 79  1
 28 43 77 78  1
 28 43 52  1
 28 41 42 79  1
 28 41 42 77 78  1
 28 41 42 52  1
 26 43 81  1
 26 43 79 80  1
 26 43 54  1
 26 41 42 81  1
 26 41 42 79 80  1
 26 41 42 54  1
 16 81  27
 16 79  19
 16 79 80  29
 16 77 78  19
 16 70 79  1
 16 70 77 78  1
 16 69 79 100  1
 16 69 77 78 100  1
 16 67 68 79  11
 16 67 68 79 100  1
 16 67 68 77 78  11
 16 67 68 77 78 100  1
 16 66 67 69 79  1
 16 66 67 69 77 78  1
 16 66 67 68 79  1
 16 66 67 68 77 78  1
 16 55 79  3
 16 55 77 78  3
 16 54  27
 16 53 81  1
 16 53 79 80  1
 16 53 54 79  1
 16 53 54 77 78  1
 16 52  19
 16 52 70  1
 16 52 69 100  1
 16 52 67 68  11
 16 52 67 68 100  1
 16 52 66 67 69  1
 16 52 66 67 68  1
 16 52 55  3
 16 52 53 54  1
 16 51 52 81  1
 16 51 52 79 80  1
 16 51 52 54  1
 16 43 79  1
 16 43 77 78  1
 16 43 52  1
 16 42 79 100  1
 16 42 77 78 100  1
 16 42 68 79  1
 16 42 68 77 78  1
 16 42 66 67 79  1
 16 42 66 67 77 78  1
 16 42 52 100  1
 16 42 52 68  1
 16 42 52 66 67  1
 16 31 69 79  1
 16 31 69 77 78  1
 16 31 67 68 79  1
 16 31 67 68 77 78  1
 16 31 52 69  1
 16 31 52 67 68  1
 16 31 42 79  1
 16 31 42 77 78  1
 16 31 42 52  1
 16 28 79  1
 16 28 77 78  1
 16 28 52  1
 16 26 81  1
 16 26 79 80  1
 16 26 54  1
 43 55  1
 41 42 55  1
 28 43  1
 28 41 42  1
 16 55  1
 16 28  1
 83 85 90  1
 83 84 90  1
 82 83 85  1
 82 83 84  1
 81 82  77
 81 82 85  21
 81 82 85 90  1
 81 82 83 84  21
 81 82 83 84 90  1
 79 80 83 85  5
 79 80 83 84  5
 79 80 81 82 85  5
 79 80 81 82 83 84  5
 78 79 81 83 85  1
 78 79 81 83 84  1
 78 79 81 82 85  1
 78 79 81 82 83 84  1
 78 79 80 83 85  1
 78 79 80 83 84  1
 78 79 80 81 82 85  1
 78 79 80 81 82 83 84  1
 72 81 83  1
 72 81 82  1
 72 79 80 83  1
 72 79 80 81 82  1
 71 81 83 85  1
 71 81 83 84  1
 71 81 82 85  1
 71 81 82 83 84  1
 71 79 80 83 85  1
 71 79 80 83 84  1
 71 79 80 81 82 85  1
 71 79 80 81 82 83 84  1
 70 71 81 83  1
 70 71 81 82  1
 70 71 79 80 83  1
 70 71 79 80 81 82  1
 69 85  3
 69 70 81 83 85  1
 69 70 81 83 84  1
 69 70 81 82 85  1
 69 70 81 82 83 84  1
 69 70 79 80 83 85  1
 69 70 79 80 83 84  1
 69 70 79 80 81 82 85  1
 69 70 79 80 81 82 83 84  1
 67 83 85  5
 67 83 84  11
 67 81 82 85  7
 67 81 82 83 84  7
 67 68 85  5
 65 66 83 85  5
 65 66 83 84  11
 65 66 81 82 85  7
 65 66 81 82 83 84  7
 58 83 90  1
 58 82 83  1
 58 81 82  21
 58 81 82 90  1
 58 79 80 83  5
 58 79 80 81 82  5
 58 78 79 81 83  1
 58 78 79 81 82  1
 58 78 79 80 83  1
 58 78 79 80 81 82  1
 58 71 81 83  1
 58 71 81 82  1
 58 71 79 80 83  1
 58 71 79 80 81 82  1
 58 69  3
 58 69 70 81 83  1
 58 69 70 81 82  1
 58 69 70 79 80 83  1
 58 69 70 79 80 81 82  1
 58 67 83  5
 58 67 81 82  7
 58 67 68  5
 58 65 66 83  5
 58 65 66 81 82  7
 57 69 85  1
 57 69 83 84  3
 57 67 68 85  1
 57 67 68 83 84  3
 57 58 69  1
 57 58 67 68  1
 56 85 90  1
 56 83 84 90  1
 56 82 85  1
 56 82 83 84  1
 56 79 80 85  5
 56 79 80 83 84  5
 56 78 79 81 85  1
 56 78 79 81 83 84  1
 56 78 79 80 85  1
 56 78 79 80 83 84  1
 56 72 81  1
 56 72 79 80  1
 56 71 81 85  1
 56 71 81 83 84  1
 56 71 79 80 85  1
 56 71 79 80 83 84  1
 56 70 71 81  1
 56 70 71 79 80  1
 56 69 70 81 85  1
 56 69 70 81 83 84  1
 56 69 70 79 80 85  1
 56 69 70 79 80 83 84  1
 56 67 85  5
 56 67 83 84  5
 56 65 66 85  5
 56 65 66 83 84  5
 56 58 90  1
 56 58 82  1
 56 58 79 80  5
 56 58 78 79 81  1
 56 58 78 79 80  1
 56 58 71 81  1
 56 58 71 79 80  1
 56 58 69 70 81  1
 56 58 69 70 79 80  1
 56 58 67  5
 56 58 65 66  5
 55 83 85  1
 55 58 83  1
 55 56 85  1
 55 56 83 84  1
 55 56 69 85  1
 55 56 69 83 84  1
 55 56 67 68 85  1
 55 56 67 68 83 84  1
 55 56 58  1
 55 56 58 69  1
 55 56 58 67 68  1
 54 80 83 85  1
 54 80 83 84  1
 54 80 81 82 85  1
 54 80 81 82 83 84  1
 54 78 79 83 85  1
 54 78 79 83 84  1
 54 78 79 81 82 85  1
 54 78 79 81 82 83 84  1
 54 72 83  1
 54 72 81 82  1
 54 71 83 85  1
 54 71 83 84  1
 54 71 81 82 85  1
 54 71 81 82 83 84  1
 54 70 71 83  1
 54 70 71 81 82  1
 54 69 70 83 85  1
 54 69 70 83 84  1
 54 69 70 81 82 85  1
 54 69 70 81 82 83 84  1
 54 58 80 83  1
 54 58 80 81 82  1
 54 58 78 79 83  1
 54 58 78 79 81 82  1
 54 58 71 83  1
 54 58 71 81 82  1
 54 58 69 70 83  1
 54 58 69 70 81 82  1
 54 56 80 85  1
 54 56 80 83 84  1
 54 56 78 79 85  1
 54 56 78 79 83 84  1
 54 56 72  1
 54 56 71 85  1
 54 56 71 83 84  1
 54 56 70 71  1
 54 56 69 70 85  1
 54 56 69 70 83 84  1
 54 56 58 80  1
 54 56 58 78 79  1
 54 56 58 71  1
 54 56 58 69 70  1
 53 81 83 85  1
 53 81 83 84  1
 53 81 82 85  1
 53 81 82 83 84  1
 53 79 80 83 85  1
 53 79 80 83 84  1
 53 79 80 81 82 85  1
 53 79 80 81 82 83 84  1
 53 58 81 83  1
 53 58 81 82  1
 53 58 79 80 83  1
 53 58 79 80 81 82  1
 53 56 81 85  1
 53 56 81 83 84  1
 53 56 79 80 85  1
 53 56 79 80 83 84  1
 53 56 58 81  1
 53 56 58 79 80  1
 53 54 83 84  3
 53 54 81 82 85  3
 53 54 81 82 83 84  3
 53 54 58 81 82  3
 45 81 83  1
 45 81 82  1
 45 79 80 83  1
 45 79 80 81 82  1
 45 56 81  1
 45 56 79 80  1
 45 54 83  1
 45 54 81 82  1
 45 54 56  1
 44 81 83 85  1
 44 81 83 84  1
 44 81 82 85  1
 44 81 82 83 84  1
 44 79 80 83 85  1
 44 79 80 83 84  1
 44 79 80 81 82 85  1
 44 79 80 81 82 83 84  1
 44 58 81 83  1
 44 58 81 82  1
 44 58 79 80 83  1
 44 58 79 80 81 82  1
 44 56 81 85  1
 44 56 81 83 84  1
 44 56 79 80 85  1
 44 56 79 80 83 84  1
 44 56 58 81  1
 44 56 58 79 80  1
 44 54 83 85  1
 44 54 83 84  1
 44 54 81 82 85  1
 44 54 81 82 83 84  1
 44 54 58 83  1
 44 54 58 81 82  1
 44 54 56 85  1
 44 54 56 83 84  1
 44 54 56 58  1
 43 69 83 85  1
 43 69 83 84  1
 43 69 81 82 85  1
 43 69 81 82 83 84  1
 43 67 68 83 85  1
 43 67 68 83 84  1
 43 67 68 81 82 85  1
 43 67 68 81 82 83 84  1
 43 58 69 83  1
 43 58 69 81 82  1
 43 58 67 68 83  1
 43 58 67 68 81 82  1
 43 56 69 85  1
 43 56 69 83 84  1
 43 56 67 68 85  1
 43 56 67 68 83 84  1
 43 56 58 69  1
 43 56 58 67 68  1
 43 53 55 69 83  1
 43 53 55 69 81 82  1
 43 53 55 67 68 83  1
 43 53 55 67 68 81 82  1
 43 53 55 56 69  1
 43 53 55 56 67 68  1
 43 53 54 69 83  1
 43 53 54 69 81 82  1
 43 53 54 67 68 83  1
 43 53 54 67 68 81 82  1
 43 53 54 56 69  1
 43 53 54 56 67 68  1
 43 51 52 55 69 83  1
 43 51 52 55 69 81 82  1
 43 51 52 55 67 68 83  1
 43 51 52 55 67 68 81 82  1
 43 51 52 55 56 69  1
 43 51 52 55 56 67 68  1
 43 51 52 53 54 69 83  1
 43 51 52 53 54 69 81 82  1
 43 51 52 53 54 67 68 83  1
 43 51 52 53 54 67 68 81 82  1
 43 51 52 53 54 56 69  1
 43 51 52 53 54 56 67 68  1
 42 85  3
 42 58  3
 42 57 85  1
 42 57 83 84  3
 42 57 58  1
 42 55 56 85  1
 42 55 56 83 84  1
 42 55 56 58  1
 42 43 83 85  1
 42 43 83 84  1
 42 43 81 82 85  1
 42 43 81 82 83 84  1
 42 43 58 83  1
 42 43 58 81 82  1
 42 43 56 85  1
 42 43 56 83 84  1
 42 43 56 58  1
 42 43 53 55 83  1
 42 43 53 55 81 82  1
 42 43 53 55 56  1
 42 43 53 54 83  1
 42 43 53 54 81 82  1
 42 43 53 54 56  1
 42 43 51 52 55 83  1
 42 43 51 52 55 81 82  1
 42 43 51 52 55 56  1
 42 43 51 52 53 54 83  1
 42 43 51 52 53 54 81 82  1
 42 43 51 52 53 54 56  1
 41 42 85  3
 41 42 83 85  1
 41 42 81 82  19
 41 42 81 82 85  1
 41 42 81 82 83 84  1
 41 42 69 83 85  1
 41 42 69 83 84  1
 41 42 69 81 82 85  1
 41 42 69 81 82 83 84  1
 41 42 67 68 83 85  1
 41 42 67 68 83 84  1
 41 42 67 68 81 82 85  1
 41 42 67 68 81 82 83 84  1
 41 42 58  3
 41 42 58 83  1
 41 42 58 81 82  1
 41 42 58 69 83  1
 41 42 58 69 81 82  1
 41 42 58 67 68 83  1
 41 42 58 67 68 81 82  1
 41 42 56 85  1
 41 42 56 83 84  1
 41 42 56 69 85  1
 41 42 56 69 83 84  1
 41 42 56 67 68 85  1
 41 42 56 67 68 83 84  1
 41 42 56 58  1
 41 42 56 58 69  1
 41 42 56 58 67 68  1
 41 42 53 55 83  1
 41 42 53 55 81 82  1
 41 42 53 55 69 83  1
 41 42 53 55 69 81 82  1
 41 42 53 55 67 68 83  1
 41 42 53 55 67 68 81 82  1
 41 42 53 55 56  1
 41 42 53 55 56 69  1
 41 42 53 55 56 67 68  1
 41 42 53 54 83  1
 41 42 53 54 81 82  1
 41 42 53 54 69 83  1
 41 42 53 54 69 81 82  1
 41 42 53 54 67 68 83  1
 41 42 53 54 67 68 81 82  1
 41 42 53 54 56  1
 41 42 53 54 56 69  1
 41 42 53 54 56 67 68  1
 41 42 51 52 55 83  1
 41 42 51 52 55 81 82  1
 41 42 51 52 55 69 83  1
 41 42 51 52 55 69 81 82  1
 41 42 51 52 55 67 68 83  1
 41 42 51 52 55 67 68 81 82  1
 41 42 51 52 55 56  1
 41 42 51 52 55 56 69  1
 41 42 51 52 55 56 67 68  1
 41 42 51 52 53 54 83  1
 41 42 51 52 53 54 81 82  1
 41 42 51 52 53 54 69 83  1
 41 42 51 52 53 54 69 81 82  1
 41 42 51 52 53 54 67 68 83  1
 41 42 51 52 53 54 67 68 81 82  1
 41 42 51 52 53 54 56  1
 41 42 51 52 53 54 56 69  1
 41 42 51 52 53 54 56 67 68  1
 40 83 85  5
 40 83 84  13
 40 81 82 85  7
 40 81 82 83 84  7
 40 58 83  5
 40 58 81 82  7
 40 56 85  5
 40 56 83 84  5
 40 56 58  5
 31 83 85  1
 31 83 84  1
 31 81 82 85  1
 31 81 82 83 84  1
 31 58 83  1
 31 58 81 82  1
 31 56 85  1
 31 56 83 84  1
 31 56 58  1
 30 69 85  1
 30 69 83 84  1
 30 67 68 85  1
 30 67 68 83 84  1
 30 58 69  1
 30 58 67 68  1
 30 42 85  1
 30 42 83 84  1
 30 42 58  1
 28 43 53 69 83  1
 28 43 53 69 81 82  1
 28 43 53 67 68 83  1
 28 43 53 67 68 81 82  1
 28 43 53 56 69  1
 28 43 53 56 67 68  1
 28 43 51 52 69 83  1
 28 43 51 52 69 81 82  1
 28 43 51 52 67 68 83  1
 28 43 51 52 67 68 81 82  1
 28 43 51 52 56 69  1
 28 43 51 52 56 67 68  1
 28 42 43 53 83  1
 28 42 43 53 81 82  1
 28 42 43 53 56  1
 28 42 43 51 52 83  1
 28 42 43 51 52 81 82  1
 28 42 43 51 52 56  1
 28 41 42 53 83  1
 28 41 42 53 81 82  1
 28 41 42 53 69 83  1
 28 41 42 53 69 81 82  1
 28 41 42 53 67 68 83  1
 28 41 42 53 67 68 81 82  1
 28 41 42 53 56  1
 28 41 42 53 56 69  1
 28 41 42 53 56 67 68  1
 28 41 42 51 52 83  1
 28 41 42 51 52 81 82  1
 28 41 42 51 52 69 83  1
 28 41 42 51 52 69 81 82  1
 28 41 42 51 52 67 68 83  1
 28 41 42 51 52 67 68 81 82  1
 28 41 42 51 52 56  1
 28 41 42 51 52 56 69  1
 28 41 42 51 52 56 67 68  1
 26 43 55 69 83  1
 26 43 55 69 81 82  1
 26 43 55 67 68 83  1
 26 43 55 67 68 81 82  1
 26 43 55 56 69  1
 26 43 55 56 67 68  1
 26 43 53 54 69 83  1
 26 43 53 54 69 81 82  1
 26 43 53 54 67 68 83  1
 26 43 53 54 67 68 81 82  1
 26 43 53 54 56 69  1
 26 43 53 54 56 67 68  1
 26 42 43 55 83  1
 26 42 43 55 81 82  1
 26 42 43 55 56  1
 26 42 43 53 54 83  1
 26 42 43 53 54 81 82  1
 26 42 43 53 54 56  1
 26 41 42 55 83  1
 26 41 42 55 81 82  1
 26 41 42 55 69 83  1
 26 41 42 55 69 81 82  1
 26 41 42 55 67 68 83  1
 26 41 42 55 67 68 81 82  1
 26 41 42 55 56  1
 26 41 42 55 56 69  1
 26 41 42 55 56 67 68  1
 26 41 42 53 54 83  1
 26 41 42 53 54 81 82  1
 26 41 42 53 54 69 83  1
 26 41 42 53 54 69 81 82  1
 26 41 42 53 54 67 68 83  1
 26 41 42 53 54 67 68 81 82  1
 26 41 42 53 54 56  1
 26 41 42 53 54 56 69  1
 26 41 42 53 54 56 67 68  1
 26 28 43 69 83  1
 26 28 43 69 81 82  1
 26 28 43 67 68 83  1
 26 28 43 67 68 81 82  1
 26 28 43 56 69  1
 26 28 43 56 67 68  1
 26 28 42 43 83  1
 26 28 42 43 81 82  1
 26 28 42 43 56  1
 26 28 41 42 83  1
 26 28 41 42 81 82  1
 26 28 41 42 69 83  1
 26 28 41 42 69 81 82  1
 26 28 41 42 67 68 83  1
 26 28 41 42 67 68 81 82  1
 26 28 41 42 56  1
 26 28 41 42 56 69  1
 26 28 41 42 56 67 68  1
 21 83 85  1
 21 83 84  1
 21 81 82 85  1
 21 81 82 83 84  1
 21 58 83  1
 21 58 81 82  1
 21 56 85  1
 21 56 83 84  1
 21 56 58  1
 16 69 83 85  1
 16 69 83 84  1
 16 69 81 82 85  1
 16 69 81 82 83 84  1
 16 67 68 83 85  1
 16 67 68 83 84  1
 16 67 68 81 82 85  1
 16 67 68 81 82 83 84  1
 16 58 69 83  1
 16 58 69 81 82  1
 16 58 67 68 83  1
 16 58 67 68 81 82  1
 16 56 69 85  1
 16 56 69 83 84  1
 16 56 67 68 85  1
 16 56 67 68 83 84  1
 16 56 58 69  1
 16 56 58 67 68  1
 16 53 55 69 83  1
 16 53 55 69 81 82  1
 16 53 55 67 68 83  1
 16 53 55 67 68 81 82  1
 16 53 55 56 69  1
 16 53 55 56 67 68  1
 16 53 54 69 83  1
 16 53 54 69 81 82  1
 16 53 54 67 68 83  1
 16 53 54 67 68 81 82  1
 16 53 54 56 69  1
 16 53 54 56 67 68  1
 16 51 52 55 69 83  1
 16 51 52 55 69 81 82  1
 16 51 52 55 67 68 83  1
 16 51 52 55 67 68 81 82  1
 16 51 52 55 56 69  1
 16 51 52 55 56 67 68  1
 16 51 52 53 54 69 83  1
 16 51 52 53 54 69 81 82  1
 16 51 52 53 54 67 68 83  1
 16 51 52 53 54 67 68 81 82  1
 16 51 52 53 54 56 69  1
 16 51 52 53 54 56 67 68  1
 16 42 83 85  1
 16 42 83 84  1
 16 42 81 82 85  1
 16 42 81 82 83 84  1
 16 42 58 83  1
 16 42 58 81 82  1
 16 42 56 85  1
 16 42 56 83 84  1
 16 42 56 58  1
 16 42 53 55 83  1
 16 42 53 55 81 82  1
 16 42 53 55 56  1
 16 42 53 54 83  1
 16 42 53 54 81 82  1
 16 42 53 54 56  1
 16 42 51 52 55 83  1
 16 42 51 52 55 81 82  1
 16 42 51 52 55 56  1
 16 42 51 52 53 54 83  1
 16 42 51 52 53 54 81 82  1
 16 42 51 52 53 54 56  1
 16 28 53 69 83  1
 16 28 53 69 81 82  1
 16 28 53 67 68 83  1
 16 28 53 67 68 81 82  1
 16 28 53 56 69  1
 16 28 53 56 67 68  1
 16 28 51 52 69 83  1
 16 28 51 52 69 81 82  1
 16 28 51 52 67 68 83  1
 16 28 51 52 67 68 81 82  1
 16 28 51 52 56 69  1
 16 28 51 52 56 67 68  1
 16 28 42 53 83  1
 16 28 42 53 81 82  1
 16 28 42 53 56  1
 16 28 42 51 52 83  1
 16 28 42 51 52 81 82  1
 16 28 42 51 52 56  1
 16 26 55 69 83  1
 16 26 55 69 81 82  1
 16 26 55 67 68 83  1
 16 26 55 67 68 81 82  1
 16 26 55 56 69  1
 16 26 55 56 67 68  1
 16 26 53 54 69 83  1
 16 26 53 54 69 81 82  1
 16 26 53 54 67 68 83  1
 16 26 53 54 67 68 81 82  1
 16 26 53 54 56 69  1
 16 26 53 54 56 67 68  1
 16 26 42 55 83  1
 16 26 42 55 81 82  1
 16 26 42 55 56  1
 16 26 42 53 54 83  1
 16 26 42 53 54 81 82  1
 16 26 42 53 54 56  1
 16 26 28 69 83  1
 16 26 28 69 81 82  1
 16 26 28 67 68 83  1
 16 26 28 67 68 81 82  1
 16 26 28 56 69  1
 16 26 28 56 67 68  1
 16 26 28 42 83  1
 16 26 28 42 81 82  1
 16 26 28 42 56  1
 83  43
 56  43
 65 66 81 82  19
 55 56 67 81  3
 55 56 67 79 80  3
 55 56 65 66 81  3
 55 56 65 66 79 80  3
 54 55 56 67  3
 54 55 56 65 66  3
 40 81 82  19
 40 55 56 81  3
 40 55 56 79 80  3
 40 54 55 56  3
 65 66 83  13
 56 65 66  13
 43 67 81 87  1
 43 67 81 85 86  1
 43 67 79 80 87  1
 43 67 79 80 85 86  1
 43 65 66 81 87  1
 43 65 66 81 85 86  1
 43 65 66 79 80 87  1
 43 65 66 79 80 85 86  1
 43 60 67 81  1
 43 60 67 79 80  1
 43 60 65 66 81  1
 43 60 65 66 79 80  1
 43 57 85  1
 43 57 83 84  1
 43 57 58  1
 43 55 56 85  1
 43 55 56 83 84  1
 43 55 56 58  1
 43 54 67 87  1
 43 54 67 85 86  1
 43 54 65 66 87  1
 43 54 65 66 85 86  1
 43 54 60 67  1
 43 54 60 65 66  1
 41 69 85  1
 41 69 83 84  1
 41 67 68 85  1
 41 67 68 83 84  1
 41 58 69  1
 41 58 67 68  1
 41 43 83  1
 41 43 81  1
 41 43 81 82  1
 41 43 79 80  1
 41 43 56  1
 41 43 54  1
 41 42 83  17
 41 42 67 81 87  1
 41 42 67 81 85 86  1
 41 42 67 79 80 87  1
 41 42 67 79 80 85 86  1
 41 42 65 66 81 87  1
 41 42 65 66 81 85 86  1
 41 42 65 66 79 80 87  1
 41 42 65 66 79 80 85 86  1
 41 42 60 67 81  1
 41 42 60 67 79 80  1
 41 42 60 65 66 81  1
 41 42 60 65 66 79 80  1
 41 42 57 85  1
 41 42 57 83 84  1
 41 42 57 58  1
 41 42 56  17
 41 42 55 56 85  1
 41 42 55 56 83 84  1
 41 42 55 56 58  1
 41 42 54 67 87  1
 41 42 54 67 85 86  1
 41 42 54 65 66 87  1
 41 42 54 65 66 85 86  1
 41 42 54 60 67  1
 41 42 54 60 65 66  1
 40 83  13
 40 56  13
 40 43 81 87  1
 40 43 81 85 86  1
 40 43 79 80 87  1
 40 43 79 80 85 86  1
 40 43 60 81  1
 40 43 60 79 80  1
 40 43 54 87  1
 40 43 54 85 86  1
 40 43 54 60  1
 40 41 42 81 87  1
 40 41 42 81 85 86  1
 40 41 42 79 80 87  1
 40 41 42 79 80 85 86  1
 40 41 42 60 81  1
 40 41 42 60 79 80  1
 40 41 42 54 87  1
 40 41 42 54 85 86  1
 40 41 42 54 60  1
 39 40 69 85  1
 39 40 69 83 84  1
 39 40 67 68 85  1
 39 40 67 68 83 84  1
 39 40 58 69  1
 39 40 58 67 68  1
 39 40 43 83  1
 39 40 43 81  1
 39 40 43 81 82  1
 39 40 43 79 80  1
 39 40 43 56  1
 39 40 43 54  1
 39 40 42 85  1
 39 40 42 83 84  1
 39 40 42 58  1
 39 40 41 42 83  1
 39 40 41 42 81  1
 39 40 41 42 81 82  1
 39 40 41 42 79 80  1
 39 40 41 42 56  1
 39 40 41 42 54  1
 30 43 85  1
 30 43 83 84  1
 30 43 58  1
 30 41 42 85  1
 30 41 42 83 84  1
 30 41 42 58  1
 16 67 81 87  1
 16 67 81 85 86  1
 16 67 79 80 87  1
 16 67 79 80 85 86  1
 16 65 66 81 87  1
 16 65 66 81 85 86  1
 16 65 66 79 80 87  1
 16 65 66 79 80 85 86  1
 16 60 67 81  1
 16 60 67 79 80  1
 16 60 65 66 81  1
 16 60 65 66 79 80  1
 16 57 85  1
 16 57 83 84  1
 16 57 58  1
 16 55 56 85  1
 16 55 56 83 84  1
 16 55 56 58  1
 16 54 67 87  1
 16 54 67 85 86  1
 16 54 65 66 87  1
 16 54 65 66 85 86  1
 16 54 60 67  1
 16 54 60 65 66  1
 16 41 83  1
 16 41 81  1
 16 41 81 82  1
 16 41 79 80  1
 16 41 56  1
 16 41 54  1
 16 40 81 87  1
 16 40 81 85 86  1
 16 40 79 80 87  1
 16 40 79 80 85 86  1
 16 40 60 81  1
 16 40 60 79 80  1
 16 40 54 87  1
 16 40 54 85 86  1
 16 40 54 60  1
 16 39 40 83  1
 16 39 40 81  1
 16 39 40 81 82  1
 16 39 40 79 80  1
 16 39 40 56  1
 16 39 40 54  1
 16 30 85  1
 16 30 83 84  1
 16 30 58  1
 14 69 85  1
 14 69 83 84  1
 14 67 68 85  1
 14 67 68 83 84  1
 14 58 69  1
 14 58 67 68  1
 14 43 83  1
 14 43 81  1
 14 43 81 82  1
 14 43 79 80  1
 14 43 56  1
 14 43 54  1
 14 42 85  1
 14 42 83 84  1
 14 42 58  1
 14 41 42 83  1
 14 41 42 81  1
 14 41 42 81 82  1
 14 41 42 79 80  1
 14 41 42 56  1
 14 41 42 54  1
 14 16 83  1
 14 16 81  1
 14 16 81 82  1
 14 16 79 80  1
 14 16 56  1
 14 16 54  1
 55 81 83 85  1
 55 81 83 84  1
 55 79 80 83 85  1
 55 79 80 83 84  1
 55 79 80 81 82 85  1
 55 79 80 81 82 83 84  1
 55 58 81 83  1
 55 58 79 80 83  1
 55 58 79 80 81 82  1
 55 56 81 85  1
 55 56 81 83 84  1
 55 56 79 80 85  1
 55 56 79 80 83 84  1
 55 56 58 81  1
 55 56 58 79 80  1
 54 55 83 85  1
 54 55 83 84  1
 54 55 81 82 85  1
 54 55 81 82 83 84  1
 54 55 58 83  1
 54 55 58 81 82  1
 54 55 56 85  1
 54 55 56 83 84  1
 54 55 56 58  1
 53 54 81 83 85  1
 53 54 81 83 84  1
 53 54 79 80 83 85  1
 53 54 79 80 83 84  1
 53 54 79 80 81 82 85  1
 53 54 79 80 81 82 83 84  1
 53 54 58 81 83  1
 53 54 58 79 80 83  1
 53 54 58 79 80 81 82  1
 53 54 56 81 85  1
 53 54 56 81 83 84  1
 53 54 56 79 80 85  1
 53 54 56 79 80 83 84  1
 53 54 56 58 81  1
 53 54 56 58 79 80  1
 28 81 83 85  1
 28 81 83 84  1
 28 81 82 85  1
 28 81 82 83 84  1
 28 79 80 83 85  1
 28 79 80 83 84  1
 28 79 80 81 82 85  1
 28 79 80 81 82 83 84  1
 28 58 81 83  1
 28 58 81 82  1
 28 58 79 80 83  1
 28 58 79 80 81 82  1
 28 56 81 85  1
 28 56 81 83 84  1
 28 56 79 80 85  1
 28 56 79 80 83 84  1
 28 56 58 81  1
 28 56 58 79 80  1
 28 54 83 85  1
 28 54 83 84  1
 28 54 81 82 85  1
 28 54 81 82 83 84  1
 28 54 58 83  1
 28 54 58 81 82  1
 28 54 56 85  1
 28 54 56 83 84  1
 28 54 56 58  1
 59 81  5
 59 79 80  5
 54 59  5
 41 81  23
 41 79 80  23
 41 57 67 81  1
 41 57 67 79 80  1
 41 57 65 66 81  1
 41 57 65 66 79 80  1
 41 55 56 67 81  1
 41 55 56 67 79 80  1
 41 55 56 65 66 81  1
 41 55 56 65 66 79 80  1
 41 54  23
 41 54 57 67  1
 41 54 57 65 66  1
 41 54 55 56 67  1
 41 54 55 56 65 66  1
 40 41 57 81  1
 40 41 57 79 80  1
 40 41 55 56 81  1
 40 41 55 56 79 80  1
 40 41 54 57  1
 40 41 54 55 56  1
 39 40 57 81  1
 39 40 57 79 80  1
 39 40 57 67 81  1
 39 40 57 67 79 80  1
 39 40 57 65 66 81  1
 39 40 57 65 66 79 80  1
 39 40 55 56 81  1
 39 40 55 56 79 80  1
 39 40 55 56 67 81  1
 39 40 55 56 67 79 80  1
 39 40 55 56 65 66 81  1
 39 40 55 56 65 66 79 80  1
 39 40 54 57  1
 39 40 54 57 67  1
 39 40 54 57 65 66  1
 39 40 54 55 56  1
 39 40 54 55 56 67  1
 39 40 54 55 56 65 66  1
 30 41 67 81  1
 30 41 67 79 80  1
 30 41 65 66 81  1
 30 41 65 66 79 80  1
 30 41 54 67  1
 30 41 54 65 66  1
 30 40 41 81  1
 30 40 41 79 80  1
 30 40 41 54  1
 30 39 40 81  1
 30 39 40 79 80  1
 30 39 40 67 81  1
 30 39 40 67 79 80  1
 30 39 40 65 66 81  1
 30 39 40 65 66 79 80  1
 30 39 40 54  1
 30 39 40 54 67  1
 30 39 40 54 65 66  1
 14 57 67 81  1
 14 57 67 79 80  1
 14 57 65 66 81  1
 14 57 65 66 79 80  1
 14 55 56 67 81  1
 14 55 56 67 79 80  1
 14 55 56 65 66 81  1
 14 55 56 65 66 79 80  1
 14 54 57 67  1
 14 54 57 65 66  1
 14 54 55 56 67  1
 14 54 55 56 65 66  1
 14 40 57 81  1
 14 40 57 79 80  1
 14 40 55 56 81  1
 14 40 55 56 79 80  1
 14 40 54 57  1
 14 40 54 55 56  1
 14 30 67 81  1
 14 30 67 79 80  1
 14 30 65 66 81  1
 14 30 65 66 79 80  1
 14 30 54 67  1
 14 30 54 65 66  1
 14 30 40 81  1
 14 30 40 79 80  1
 14 30 40 54  1
 43 57 83  3
 43 57 81 82  3
 43 56 57  3
 41 42 57 83  3
 41 42 57 81 82  3
 41 42 56 57  3
 16 57 83  3
 16 57 81 82  3
 16 56 57  3
 123  1
 87  5
 85 86  5
 81 100  7
 79 80 100  7
 69 81  57
 69 79 80  57
 67 68 81  63
 67 68 79 80  63
 64  1
 60  5
 57 67 81  1
 57 67 79 80  1
 57 65 66 81  1
 57 65 66 79 80  1
 57 58 81  1
 57 58 79 80  1
 54 100  7
 54 69  57
 54 67 68  63
 54 57 67  1
 54 57 65 66  1
 54 57 58  1
 43 81 89  5
 43 81 87 88  5
 43 79 80 89  5
 43 79 80 87 88  5
 43 62 81  5
 43 62 79 80  5
 43 54 89  5
 43 54 87 88  5
 43 54 62  5
 42 81  57
 42 79 80  57
 42 54  57
 41  1
 41 55 81  1
 41 55 79 80  1
 41 54 55  1
 41 53 54  1
 41 53 54 81  1
 41 53 54 79 80  1
 41 42 81 89  5
 41 42 81 87 88  5
 41 42 79 80 89  5
 41 42 79 80 87 88  5
 41 42 62 81  5
 41 42 62 79 80  5
 41 42 54 89  5
 41 42 54 87 88  5
 41 42 54 62  5
 40 57 81  1
 40 57 79 80  1
 40 54 57  1
 39 40  1
 39 40 55 81  1
 39 40 55 79 80  1
 39 40 54 55  1
 39 40 53 54  1
 39 40 53 54 81  1
 39 40 53 54 79 80  1
 37 67  1
 37 65 66  1
 37 43 81  5
 37 43 79 80  5
 37 43 55  1
 37 43 54  5
 37 43 53 54  1
 37 41 42 81  5
 37 41 42 79 80  5
 37 41 42 55  1
 37 41 42 54  5
 37 41 42 53 54  1
 37 40  1
 35 36 67  1
 35 36 65 66  1
 35 36 43 81  5
 35 36 43 79 80  5
 35 36 43 55  1
 35 36 43 54  5
 35 36 43 53 54  1
 35 36 41 42 81  5
 35 36 41 42 79 80  5
 35 36 41 42 55  1
 35 36 41 42 54  5
 35 36 41 42 53 54  1
 35 36 40  1
 32 81  1
 32 79 80  1
 32 54  1
 31 81  7
 31 79 80  7
 31 54  7
 31 43  1
 31 41  1
 31 41 42  1
 31 39 40  1
 30 67 81  1
 30 67 79 80  1
 30 65 66 81  1
 30 65 66 79 80  1
 30 54 67  1
 30 54 65 66  1
 30 40 81  1
 30 40 79 80  1
 30 40 54  1
 29 30 43  1
 29 30 41  1
 29 30 41 42  1
 29 30 39 40  1
 28 41 81  1
 28 41 79 80  1
 28 41 54  1
 28 39 40 81  1
 28 39 40 79 80  1
 28 39 40 54  1
 28 37 43  1
 28 37 41 42  1
 28 35 36 43  1
 28 35 36 41 42  1
 16 81 89  5
 16 81 87 88  5
 16 79 80 89  5
 16 79 80 87 88  5
 16 62 81  5
 16 62 79 80  5
 16 54 89  5
 16 54 87 88  5
 16 54 62  5
 16 37 81  5
 16 37 79 80  5
 16 37 55  1
 16 37 54  5
 16 37 53 54  1
 16 35 36 81  5
 16 35 36 79 80  5
 16 35 36 55  1
 16 35 36 54  5
 16 35 36 53 54  1
 16 31  1
 16 29 30  1
 16 28 37  1
 16 28 35 36  1
 14  1
 14 55 81  1
 14 55 79 80  1
 14 54 55  1
 14 53 54  1
 14 53 54 81  1
 14 53 54 79 80  1
 14 31  1
 14 29 30  1
 14 28 81  1
 14 28 79 80  1
 14 28 54  1
 10 67  1
 10 65 66  1
 10 43 81  5
 10 43 79 80  5
 10 43 55  1
 10 43 54  5
 10 43 53 54  1
 10 41 42 81  5
 10 41 42 79 80  5
 10 41 42 55  1
 10 41 42 54  5
 10 41 42 53 54  1
 10 40  1
 10 28 43  1
 10 28 41 42  1
 10 16 81  5
 10 16 79 80  5
 10 16 55  1
 10 16 54  5
 10 16 53 54  1
 10 16 28  1
 4 43  1
 4 41  1
 4 41 42  1
 4 39 40  1
 4 16  1
 4 14  1
 43 55 56  1
 43 55 56 83  1
 43 55 56 81 82  1
 41 42 55 56  1
 41 42 55 56 83  1
 41 42 55 56 81 82  1
 39 43 83  1
 39 43 81 82  1
 39 43 56  1
 39 41 42 83  1
 39 41 42 81 82  1
 39 41 42 56  1
 37 38 43 83  1
 37 38 43 81 82  1
 37 38 43 56  1
 37 38 41 42 83  1
 37 38 41 42 81 82  1
 37 38 41 42 56  1
 30 43 83  1
 30 43 81 82  1
 30 43 56  1
 30 41 42 83  1
 30 41 42 81 82  1
 30 41 42 56  1
 16 55 56  1
 16 55 56 83  1
 16 55 56 81 82  1
 16 39 83  1
 16 39 81 82  1
 16 39 56  1
 16 37 38 83  1
 16 37 38 81 82  1
 16 37 38 56  1
 16 30 83  1
 16 30 81 82  1
 16 30 56  1
 12 43 83  1
 12 43 81 82  1
 12 43 56  1
 12 41 42 83  1
 12 41 42 81 82  1
 12 41 42 56  1
 12 16 83  1
 12 16 81 82  1
 12 16 56  1
 39 43  1
 39 43 69 81  1
 39 43 69 79 80  1
 39 43 67 68 81  1
 39 43 67 68 79 80  1
 39 43 54 69  1
 39 43 54 67 68  1
 39 42 43 81  1
 39 42 43 79 80  1
 39 42 43 54  1
 39 41 42  1
 39 41 42 69 81  1
 39 41 42 69 79 80  1
 39 41 42 67 68 81  1
 39 41 42 67 68 79 80  1
 39 41 42 54 69  1
 39 41 42 54 67 68  1
 37 38 43  1
 37 38 43 69 81  1
 37 38 43 69 79 80  1
 37 38 43 67 68 81  1
 37 38 43 67 68 79 80  1
 37 38 43 54 69  1
 37 38 43 54 67 68  1
 37 38 42 43 81  1
 37 38 42 43 79 80  1
 37 38 42 43 54  1
 37 38 41 42  1
 37 38 41 42 81  1
 37 38 41 42 79 80  1
 37 38 41 42 69 81  1
 37 38 41 42 69 79 80  1
 37 38 41 42 67 68 81  1
 37 38 41 42 67 68 79 80  1
 37 38 41 42 54  1
 37 38 41 42 54 69  1
 37 38 41 42 54 67 68  1
 16 39  1
 16 39 69 81  1
 16 39 69 79 80  1
 16 39 67 68 81  1
 16 39 67 68 79 80  1
 16 39 54 69  1
 16 39 54 67 68  1
 16 39 42 81  1
 16 39 42 79 80  1
 16 39 42 54  1
 16 37 38  1
 16 37 38 69 81  1
 16 37 38 69 79 80  1
 16 37 38 67 68 81  1
 16 37 38 67 68 79 80  1
 16 37 38 54 69  1
 16 37 38 54 67 68  1
 16 37 38 42 81  1
 16 37 38 42 79 80  1
 16 37 38 42 54  1
 12 43  1
 12 43 69 81  1
 12 43 69 79 80  1
 12 43 67 68 81  1
 12 43 67 68 79 80  1
 12 43 54 69  1
 12 43 54 67 68  1
 12 42 43 81  1
 12 42 43 79 80  1
 12 42 43 54  1
 12 41 42  1
 12 41 42 81  1
 12 41 42 79 80  1
 12 41 42 69 81  1
 12 41 42 69 79 80  1
 12 41 42 67 68 81  1
 12 41 42 67 68 79 80  1
 12 41 42 54  1
 12 41 42 54 69  1
 12 41 42 54 67 68  1
 12 16  1
 12 16 69 81  1
 12 16 69 79 80  1
 12 16 67 68 81  1
 12 16 67 68 79 80  1
 12 16 54 69  1
 12 16 54 67 68  1
 12 16 42 81  1
 12 16 42 79 80  1
 12 16 42 54  1
 83 126  3
 81 82 126  3
 69 83 85 116  1
 69 83 84 116  1
 69 83 84 85  1
 69 82 83 85  1
 69 82 83 84  1
 69 81 82 85 116  1
 69 81 82 84 85  1
 69 81 82 83 85  1
 69 81 82 83 84 116  1
 67 68 83 85 116  1
 67 68 83 84 116  1
 67 68 83 84 85  1
 67 68 82 83 85  1
 67 68 82 83 84  1
 67 68 81 82 85 116  1
 67 68 81 82 84 85  1
 67 68 81 82 83 85  1
 67 68 81 82 83 84 116  1
 58 69 83 116  1
 58 69 83 84  1
 58 69 82 83  1
 58 69 81 82 116  1
 58 69 81 82 84  1
 58 69 81 82 83  1
 58 67 68 83 116  1
 58 67 68 83 84  1
 58 67 68 82 83  1
 58 67 68 81 82 116  1
 58 67 68 81 82 84  1
 58 67 68 81 82 83  1
 56 126  3
 56 69 85 116  1
 56 69 84 85  1
 56 69 83 84  7
 56 69 83 84 116  1
 56 69 82 83 85  1
 56 69 82 83 84  1
 56 67 68 85 116  1
 56 67 68 84 85  1
 56 67 68 83 84  7
 56 67 68 83 84 116  1
 56 67 68 82 83 85  1
 56 67 68 82 83 84  1
 56 58 69 116  1
 56 58 69 84  1
 56 58 69 82 83  1
 56 58 67 68 116  1
 56 58 67 68 84  1
 56 58 67 68 82 83  1
 55 85  1
 55 58  1
 53 54 85  1
 53 54 58  1
 47 69 83 85  1
 47 69 83 84  1
 47 69 81 82 85  1
 47 69 81 82 83 84  1
 47 67 68 83 85  1
 47 67 68 83 84  1
 47 67 68 81 82 85  1
 47 67 68 81 82 83 84  1
 47 58 69 83  1
 47 58 69 81 82  1
 47 58 67 68 83  1
 47 58 67 68 81 82  1
 47 56 69 85  1
 47 56 69 83 84  1
 47 56 67 68 85  1
 47 56 67 68 83 84  1
 47 56 58 69  1
 47 56 58 67 68  1
 42 83 85 116  1
 42 83 84 116  1
 42 83 84 85  1
 42 82 83 85  1
 42 82 83 84  1
 42 81 82 85 116  1
 42 81 82 84 85  1
 42 81 82 83 85  1
 42 81 82 83 84 116  1
 42 58 83 116  1
 42 58 83 84  1
 42 58 82 83  1
 42 58 81 82 116  1
 42 58 81 82 84  1
 42 58 81 82 83  1
 42 56 85 116  1
 42 56 84 85  1
 42 56 83 84  7
 42 56 83 84 116  1
 42 56 82 83 85  1
 42 56 82 83 84  1
 42 56 58 116  1
 42 56 58 84  1
 42 56 58 82 83  1
 42 47 83 85  1
 42 47 83 84  1
 42 47 81 82 85  1
 42 47 81 82 83 84  1
 42 47 58 83  1
 42 47 58 81 82  1
 42 47 56 85  1
 42 47 56 83 84  1
 42 47 56 58  1
 28 85  1
 28 83 84  1
 28 58  1
 25 83  3
 25 81 82  3
 25 56  3
 23 24 83  3
 23 24 81 82  3
 23 24 56  3
