 112  1
 97  1
 86  1
 84 85  1
 80  23
 80 92  5
 80 92 115  1
 80 90 91  5
 80 90 91 115  1
 80 86  3
 80 84 85  3
 78 79  23
 78 79 92  5
 78 79 92 115  1
 78 79 90 91  5
 78 79 90 91 115  1
 78 79 86  3
 78 79 84 85  3
 74  9
 72 80  1
 72 78 79  1
 72 73  9
 70  11
 70 86  1
 70 84 85  1
 70 80  1
 70 80 86  3
 70 80 84 85  3
 70 78 79  1
 70 78 79 86  3
 70 78 79 84 85  3
 70 71 80  1
 70 71 78 79  1
 68 80 92  1
 68 80 90 91  1
 68 78 79 92  1
 68 78 79 90 91  1
 68 70 80  1
 68 70 78 79  1
 68 69  13
 68 69 86  1
 68 69 84 85  1
 68 69 80 86  3
 68 69 80 84 85  3
 68 69 78 79 86  3
 68 69 78 79 84 85  3
 66 80  1
 66 78 79  1
 66 67 80 92  1
 66 67 80 90 91  1
 66 67 78 79 92  1
 66 67 78 79 90 91  1
 66 67 70 80  1
 66 67 70 78 79  1
 66 67 68 69 80  1
 66 67 68 69 78 79  1
 65 80  5
 65 80 115  1
 65 78 79  5
 65 78 79 115  1
 65 68 80  1
 65 68 78 79  1
 65 66 67 80  1
 65 66 67 78 79  1
 64 65 80  1
 64 65 78 79  1
 59  1
 59 80  3
 59 78 79  3
 59 70  1
 59 70 80  3
 59 70 78 79  3
 59 68 69  1
 59 68 69 80  3
 59 68 69 78 79  3
 58 70 74 82  1
 58 70 74 80 81  1
 58 70 72 73 82  1
 58 70 72 73 80 81  1
 58 68 69 74 82  1
 58 68 69 74 80 81  1
 58 68 69 72 73 82  1
 58 68 69 72 73 80 81  1
 56 80 92  1
 56 80 90 91  1
 56 78 79 92  1
 56 78 79 90 91  1
 56 65 80  1
 56 65 78 79  1
 56 57 70 74 82  1
 56 57 70 74 80 81  1
 56 57 70 72 73 82  1
 56 57 70 72 73 80 81  1
 56 57 68 69 74 82  1
 56 57 68 69 74 80 81  1
 56 57 68 69 72 73 82  1
 56 57 68 69 72 73 80 81  1
 55 58 70 74  1
 55 58 70 72 73  1
 55 58 68 69 74  1
 55 58 68 69 72 73  1
 55 56 57 70 74  1
 55 56 57 70 72 73  1
 55 56 57 68 69 74  1
 55 56 57 68 69 72 73  1
 53 92  5
 53 92 115  1
 53 90 91  5
 53 90 91 115  1
 53 86  3
 53 84 85  3
 53 72  1
 53 70  1
 53 70 86  3
 53 70 84 85  3
 53 70 71  1
 53 68 92  1
 53 68 90 91  1
 53 68 70  1
 53 68 69 86  3
 53 68 69 84 85  3
 53 66  1
 53 66 67 92  1
 53 66 67 90 91  1
 53 66 67 70  1
 53 66 67 68 69  1
 53 65  5
 53 65 115  1
 53 65 68  1
 53 65 66 67  1
 53 64 65  1
 53 59  3
 53 59 70  3
 53 59 68 69  3
 53 56 92  1
 53 56 90 91  1
 53 56 65  1
 47  9
 47 58 70 82  1
 47 58 70 80 81  1
 47 58 68 69 82  1
 47 58 68 69 80 81  1
 47 56 57 70 82  1
 47 56 57 70 80 81  1
 47 56 57 68 69 82  1
 47 56 57 68 69 80 81  1
 47 55 58 70  1
 47 55 58 68 69  1
 47 55 56 57 70  1
 47 55 56 57 68 69  1
 46 80 92  1
 46 80 90 91  1
 46 78 79 92  1
 46 78 79 90 91  1
 46 65 80  1
 46 65 78 79  1
 46 53 92  1
 46 53 90 91  1
 46 53 65  1
 45 80  1
 45 78 79  1
 45 53  1
 43 86  1
 43 84 85  1
 43 80  1
 43 80 86  3
 43 80 84 85  3
 43 78 79  1
 43 78 79 86  3
 43 78 79 84 85  3
 43 68 80  1
 43 68 78 79  1
 43 66 67 80  1
 43 66 67 78 79  1
 43 59  1
 43 59 80  3
 43 59 78 79  3
 43 58 74 82  1
 43 58 74 80 81  1
 43 58 72 73 82  1
 43 58 72 73 80 81  1
 43 56 57 74 82  1
 43 56 57 74 80 81  1
 43 56 57 72 73 82  1
 43 56 57 72 73 80 81  1
 43 55 58 74  1
 43 55 58 72 73  1
 43 55 56 57 74  1
 43 55 56 57 72 73  1
 43 53  1
 43 53 86  3
 43 53 84 85  3
 43 53 68  1
 43 53 66 67  1
 43 53 59  3
 43 47 58 82  1
 43 47 58 80 81  1
 43 47 56 57 82  1
 43 47 56 57 80 81  1
 43 47 55 58  1
 43 47 55 56 57  1
 41 80 92  1
 41 80 90 91  1
 41 78 79 92  1
 41 78 79 90 91  1
 41 70 80  1
 41 70 78 79  1
 41 68 69 80  1
 41 68 69 78 79  1
 41 65 80  1
 41 65 78 79  1
 41 53 92  1
 41 53 90 91  1
 41 53 70  1
 41 53 68 69  1
 41 53 65  1
 41 43 80  1
 41 43 78 79  1
 41 43 53  1
 39 80  1
 39 78 79  1
 39 53  1
 38  1
 31 70 74 82  1
 31 70 74 80 81  1
 31 70 72 73 82  1
 31 70 72 73 80 81  1
 31 68 69 74 82  1
 31 68 69 74 80 81  1
 31 68 69 72 73 82  1
 31 68 69 72 73 80 81  1
 31 55 70 74  1
 31 55 70 72 73  1
 31 55 68 69 74  1
 31 55 68 69 72 73  1
 31 47 70 82  1
 31 47 70 80 81  1
 31 47 68 69 82  1
 31 47 68 69 80 81  1
 31 47 55 70  1
 31 47 55 68 69  1
 31 43 74 82  1
 31 43 74 80 81  1
 31 43 72 73 82  1
 31 43 72 73 80 81  1
 31 43 55 74  1
 31 43 55 72 73  1
 31 43 47 82  1
 31 43 47 80 81  1
 31 43 47 55  1
 28  1
