  23
 93  1
 86  1
 84 85  1
 83  1
 70 84  1
 70 82 83  1
 68 80  1
 68 78 79  1
 67 68 84  1
 67 68 82 83  1
 66 67 80  1
 66 67 78 79  1
 66 67 69 84  1
 66 67 69 82 83  1
 66 67 68 84  1
 66 67 68 82 83  1
 59  1
 57 70  1
 57 67 68  1
 57 66 67 69  1
 57 66 67 68  1
 55 84  1
 55 82 83  1
 55 57  1
 53 68  1
 53 66 67  1
 53 54 84  1
 53 54 82 83  1
 53 54 57  1
 43 84  1
 43 82 83  1
 43 57  1
 42 68 84  1
 42 68 82  1
 42 68 82 83  1
 42 68 80 81  1
 42 66 67 84  1
 42 66 67 82  1
 42 66 67 82 83  1
 42 66 67 80 81  1
 42 57 68  1
 42 57 66 67  1
 42 55 68  1
 42 55 66 67  1
 41 80  1
 41 78 79  1
 41 69 84  1
 41 69 82 83  1
 41 67 68 84  1
 41 67 68 82 83  1
 41 57 69  1
 41 57 67 68  1
 41 53  1
 41 42 84  1
 41 42 82  1
 41 42 82 83  1
 41 42 80 81  1
 41 42 57  1
 41 42 55  1
 40 41 82  1
 40 41 80 81  1
 40 41 68 82  1
 40 41 68 80 81  1
 40 41 66 67 82  1
 40 41 66 67 80 81  1
 40 41 55  1
 40 41 55 68  1
 40 41 55 66 67  1
 34  1
 28 84  1
 28 82 83  1
 28 57  1
 24  1
 15 68 82  1
 15 68 80 81  1
 15 66 67 82  1
 15 66 67 80 81  1
 15 55 68  1
 15 55 66 67  1
 15 41 82  1
 15 41 80 81  1
 15 41 55  1
