 83 84  5
 67 87  1
 67 84 85  1
 67 83 87  1
 67 83 85 86  1
 67 83 84 86  1
 67 83 84 85  1
 67 81 82 87  1
 67 81 82 85 86  1
 67 72  1
 67 70 71  1
 65 66 87  1
 65 66 84 85  1
 65 66 83 87  1
 65 66 83 85 86  1
 65 66 83 84 86  1
 65 66 83 84 85  1
 65 66 81 82 87  1
 65 66 81 82 85 86  1
 65 66 72  1
 65 66 70 71  1
 60 67  1
 60 67 83  1
 60 67 81 82  1
 60 65 66  1
 60 65 66 83  1
 60 65 66 81 82  1
 59 67 85  1
 59 67 83 84  1
 59 65 66 85  1
 59 65 66 83 84  1
 58 67 86  1
 58 67 84 85  1
 58 65 66 86  1
 58 65 66 84 85  1
 58 59 67  1
 58 59 65 66  1
 56 67 87  1
 56 67 85 86  1
 56 65 66 87  1
 56 65 66 85 86  1
 56 60 67  1
 56 60 65 66  1
 45 67  1
 45 65 66  1
 43  27
 41 67  1
 41 65 66  1
 41 42  31
 40 87  1
 40 84 85  1
 40 83 87  1
 40 83 85 86  1
 40 83 84 86  1
 40 83 84 85  1
 40 81 82 87  1
 40 81 82 85 86  1
 40 72  1
 40 70 71  1
 40 60  1
 40 60 83  1
 40 60 81 82  1
 40 59 85  1
 40 59 83 84  1
 40 58 86  1
 40 58 84 85  1
 40 58 59  1
 40 56 87  1
 40 56 85 86  1
 40 56 60  1
 40 45  1
 40 41  1
 39 40 67  1
 39 40 65 66  1
 31 41 83 87  1
 31 41 83 85 86  1
 31 41 81 82 87  1
 31 41 81 82 85 86  1
 31 41 60 83  1
 31 41 60 81 82  1
 31 41 56 87  1
 31 41 56 85 86  1
 31 41 56 60  1
 31 39 40 83 87  1
 31 39 40 83 85 86  1
 31 39 40 81 82 87  1
 31 39 40 81 82 85 86  1
 31 39 40 60 83  1
 31 39 40 60 81 82  1
 31 39 40 56 87  1
 31 39 40 56 85 86  1
 31 39 40 56 60  1
 29 30 41 83 87  1
 29 30 41 83 85 86  1
 29 30 41 81 82 87  1
 29 30 41 81 82 85 86  1
 29 30 41 60 83  1
 29 30 41 60 81 82  1
 29 30 41 56 87  1
 29 30 41 56 85 86  1
 29 30 41 56 60  1
 29 30 39 40 83 87  1
 29 30 39 40 83 85 86  1
 29 30 39 40 81 82 87  1
 29 30 39 40 81 82 85 86  1
 29 30 39 40 60 83  1
 29 30 39 40 60 81 82  1
 29 30 39 40 56 87  1
 29 30 39 40 56 85 86  1
 29 30 39 40 56 60  1
 16  27
 14 67  1
 14 65 66  1
 14 40  1
 14 31 83 87  1
 14 31 83 85 86  1
 14 31 81 82 87  1
 14 31 81 82 85 86  1
 14 31 60 83  1
 14 31 60 81 82  1
 14 31 56 87  1
 14 31 56 85 86  1
 14 31 56 60  1
 14 29 30 83 87  1
 14 29 30 83 85 86  1
 14 29 30 81 82 87  1
 14 29 30 81 82 85 86  1
 14 29 30 60 83  1
 14 29 30 60 81 82  1
 14 29 30 56 87  1
 14 29 30 56 85 86  1
 14 29 30 56 60  1
 4 41 83 87  1
 4 41 83 85 86  1
 4 41 81 82 87  1
 4 41 81 82 85 86  1
 4 41 60 83  1
 4 41 60 81 82  1
 4 41 56 87  1
 4 41 56 85 86  1
 4 41 56 60  1
 4 39 40 83 87  1
 4 39 40 83 85 86  1
 4 39 40 81 82 87  1
 4 39 40 81 82 85 86  1
 4 39 40 60 83  1
 4 39 40 60 81 82  1
 4 39 40 56 87  1
 4 39 40 56 85 86  1
 4 39 40 56 60  1
 4 14 83 87  1
 4 14 83 85 86  1
 4 14 81 82 87  1
 4 14 81 82 85 86  1
 4 14 60 83  1
 4 14 60 81 82  1
 4 14 56 87  1
 4 14 56 85 86  1
 4 14 56 60  1
 85  1
 58  1
 100  1
 31  1
 14  5
