 126  1
 85 110  1
 83  75
 83 87  7
 83 85  5
 83 85 88  1
 83 85 86  7
 83 85 86 87  1
 83 84 110  1
 83 84 88  1
 83 84 86 87  1
 83 84 85  1
 82 83 85  1
 82 83 84  1
 81 82  75
 81 82 87  7
 81 82 85  5
 81 82 85 88  1
 81 82 85 86  7
 81 82 85 86 87  1
 81 82 84 85  1
 81 82 83 85  1
 81 82 83 84  7
 81 82 83 84 88  1
 81 82 83 84 86 87  1
 72 83  3
 72 83 84  1
 72 82 83  1
 72 81 82  3
 72 81 82 84  1
 72 81 82 83  1
 70 71 83  3
 70 71 83 84  1
 70 71 82 83  1
 70 71 81 82  3
 70 71 81 82 84  1
 70 71 81 82 83  1
 69 83  9
 69 83 85  1
 69 83 84  3
 69 81 82  9
 69 81 82 85  1
 69 81 82 83 84  1
 69 72 83  1
 69 72 81 82  1
 69 70 71 83  1
 69 70 71 81 82  1
 67  3
 67 83 85  1
 67 83 84  1
 67 81 82 85  1
 67 81 82 83 84  1
 67 68 83  9
 67 68 83 85  1
 67 68 83 84  3
 67 68 81 82  9
 67 68 81 82 85  1
 67 68 81 82 83 84  1
 67 68 72 83  1
 67 68 72 81 82  1
 67 68 70 71 83  1
 67 68 70 71 81 82  1
 65 66 83 85  1
 65 66 83 84  1
 65 66 81 82 85  1
 65 66 81 82 83 84  1
 61 83 85  1
 61 83 84  1
 61 81 82 85  1
 61 81 82 83 84  1
 60 83  7
 60 81 82  7
 58 110  1
 58 83  5
 58 83 88  1
 58 83 86 87  1
 58 83 84  1
 58 82 83  1
 58 81 82  5
 58 81 82 88  1
 58 81 82 86 87  1
 58 81 82 84  1
 58 81 82 83  1
 58 69 83  1
 58 69 81 82  1
 58 67 83  1
 58 67 81 82  1
 58 67 68 83  1
 58 67 68 81 82  1
 58 65 66 83  1
 58 65 66 81 82  1
 58 61 83  1
 58 61 81 82  1
 57  1
 57 83  5
 57 83 85  1
 57 83 84  1
 57 81 82  5
 57 81 82 85  1
 57 81 82 83 84  1
 57 72 83  1
 57 72 81 82  1
 57 70 71 83  1
 57 70 71 81 82  1
 57 58 83  1
 57 58 81 82  1
 56  75
 56 87  7
 56 85  5
 56 85 88  1
 56 85 86  7
 56 85 86 87  1
 56 84 85  1
 56 83 84 88  1
 56 83 84 86 87  1
 56 82 83 85  1
 56 82 83 84  1
 56 72  3
 56 72 84  1
 56 72 82 83  1
 56 70 71  3
 56 70 71 84  1
 56 70 71 82 83  1
 56 69  9
 56 69 85  1
 56 69 83 84  1
 56 69 72  1
 56 69 70 71  1
 56 67 85  1
 56 67 83 84  1
 56 67 68  9
 56 67 68 85  1
 56 67 68 83 84  1
 56 67 68 72  1
 56 67 68 70 71  1
 56 65 66 85  1
 56 65 66 83 84  1
 56 61 85  1
 56 61 83 84  1
 56 60  7
 56 58  5
 56 58 88  1
 56 58 86 87  1
 56 58 84  1
 56 58 82 83  1
 56 58 69  1
 56 58 67  1
 56 58 67 68  1
 56 58 65 66  1
 56 58 61  1
 56 57  5
 56 57 85  1
 56 57 83 84  1
 56 57 72  1
 56 57 70 71  1
 56 57 58  1
 55 56 83  1
 55 56 81 82  1
 51 85  1
 51 83 84  1
 51 58  1
 45 83  3
 45 83 84  1
 45 82 83  1
 45 81 82  3
 45 81 82 84  1
 45 81 82 83  1
 45 69 83  1
 45 69 81 82  1
 45 67 68 83  1
 45 67 68 81 82  1
 45 57 83  1
 45 57 81 82  1
 45 56  3
 45 56 84  1
 45 56 82 83  1
 45 56 69  1
 45 56 67 68  1
 45 56 57  1
 42 83  9
 42 83 85  1
 42 83 84  3
 42 81 82  9
 42 81 82 85  1
 42 81 82 83 84  1
 42 72 83  1
 42 72 81 82  1
 42 70 71 83  1
 42 70 71 81 82  1
 42 58 83  1
 42 58 81 82  1
 42 56  9
 42 56 85  1
 42 56 83 84  1
 42 56 72  1
 42 56 70 71  1
 42 56 58  1
 42 45 83  1
 42 45 81 82  1
 42 45 56  1
 41  5
 41 85  1
 41 83 84  1
 41 67  1
 41 67 85  1
 41 67 83 84  1
 41 65 66  1
 41 65 66 85  1
 41 65 66 83 84  1
 41 58  1
 41 58 67  1
 41 58 65 66  1
 40 83 85  1
 40 83 84  1
 40 81 82 85  1
 40 81 82 83 84  1
 40 58 83  1
 40 58 81 82  1
 40 56 85  1
 40 56 83 84  1
 40 56 58  1
 40 41  1
 40 41 85  1
 40 41 83 84  1
 40 41 58  1
 39 43 81  1
 39 43 79 80  1
 39 43 54  1
 39 41 42 81  1
 39 41 42 79 80  1
 39 41 42 54  1
 39 40 85  1
 39 40 83 84  1
 39 40 67  1
 39 40 67 85  1
 39 40 67 83 84  1
 39 40 65 66  1
 39 40 65 66 85  1
 39 40 65 66 83 84  1
 39 40 58  1
 39 40 58 67  1
 39 40 58 65 66  1
 37 38 43 81  1
 37 38 43 79 80  1
 37 38 43 54  1
 37 38 41 42 81  1
 37 38 41 42 79 80  1
 37 38 41 42 54  1
 30  1
 30 83  1
 30 81 82  1
 30 56  1
 25  1
 23 24  1
 16 39 81  1
 16 39 79 80  1
 16 39 54  1
 16 37 38 81  1
 16 37 38 79 80  1
 16 37 38 54  1
 14  5
 14 67  1
 14 67 85  1
 14 67 83 84  1
 14 65 66  1
 14 65 66 85  1
 14 65 66 83 84  1
 14 58 67  1
 14 58 65 66  1
 14 40  1
 14 40 85  1
 14 40 83 84  1
 14 40 58  1
 12 43 81  1
 12 43 79 80  1
 12 43 54  1
 12 41 42 81  1
 12 41 42 79 80  1
 12 41 42 54  1
 12 16 81  1
 12 16 79 80  1
 12 16 54  1
 81 87  9
 81 85 86  9
 79 80 87  9
 79 80 85 86  9
 60 81  9
 60 79 80  9
 54 87  9
 54 85 86  9
 54 60  9
 43 87  1
 43 85 86  1
 43 60  1
 41 42 87  1
 41 42 85 86  1
 41 42 60  1
 37 81 87  1
 37 81 85 86  1
 37 79 80 87  1
 37 79 80 85 86  1
 37 60 81  1
 37 60 79 80  1
 37 54 87  1
 37 54 85 86  1
 37 54 60  1
 35 36 81 87  1
 35 36 81 85 86  1
 35 36 79 80 87  1
 35 36 79 80 85 86  1
 35 36 60 81  1
 35 36 60 79 80  1
 35 36 54 87  1
 35 36 54 85 86  1
 35 36 54 60  1
 16 87  1
 16 85 86  1
 16 60  1
 10 81 87  1
 10 81 85 86  1
 10 79 80 87  1
 10 79 80 85 86  1
 10 60 81  1
 10 60 79 80  1
 10 54 87  1
 10 54 85 86  1
 10 54 60  1
