 69  1
 67 68  1
 55 83  1
 55 81 82  1
 55 67 81  1
 55 67 79 80  1
 55 65 66 81  1
 55 65 66 79 80  1
 55 56  1
 54 55 67  1
 54 55 65 66  1
 53 54 83  1
 53 54 81 82  1
 53 54 67  1
 53 54 67 81  1
 53 54 67 79 80  1
 53 54 65 66  1
 53 54 65 66 81  1
 53 54 65 66 79 80  1
 53 54 56  1
 42  1
 40 55 81  1
 40 55 79 80  1
 40 54 55  1
 40 53 54  1
 40 53 54 81  1
 40 53 54 79 80  1
 28 83  1
 28 81 82  1
 28 67 81  1
 28 67 79 80  1
 28 65 66 81  1
 28 65 66 79 80  1
 28 56  1
 28 54 67  1
 28 54 65 66  1
 28 40 81  1
 28 40 79 80  1
 28 40 54  1
